Determining if the pthread_create exist failed with the following output:
Change Dir: /home/nicolas/catkin_ws/build/aubo_i5_moveit_config/CMakeFiles/CMakeTmp

Run Build Command:"/usr/bin/make" "cmTC_87da9/fast"
/usr/bin/make -f CMakeFiles/cmTC_87da9.dir/build.make CMakeFiles/cmTC_87da9.dir/build
make[1]: Entering directory '/home/nicolas/catkin_ws/build/aubo_i5_moveit_config/CMakeFiles/CMakeTmp'
Building C object CMakeFiles/cmTC_87da9.dir/CheckSymbolExists.c.o
/usr/bin/cc     -o CMakeFiles/cmTC_87da9.dir/CheckSymbolExists.c.o   -c /home/nicolas/catkin_ws/build/aubo_i5_moveit_config/CMakeFiles/CMakeTmp/CheckSymbolExists.c
Linking C executable cmTC_87da9
/usr/bin/cmake -E cmake_link_script CMakeFiles/cmTC_87da9.dir/link.txt --verbose=1
/usr/bin/cc       CMakeFiles/cmTC_87da9.dir/CheckSymbolExists.c.o  -o cmTC_87da9 -rdynamic 
CMakeFiles/cmTC_87da9.dir/CheckSymbolExists.c.o: In function `main':
CheckSymbolExists.c:(.text+0xa): undefined reference to `pthread_create'
collect2: error: ld returned 1 exit status
CMakeFiles/cmTC_87da9.dir/build.make:97: recipe for target 'cmTC_87da9' failed
make[1]: *** [cmTC_87da9] Error 1
make[1]: Leaving directory '/home/nicolas/catkin_ws/build/aubo_i5_moveit_config/CMakeFiles/CMakeTmp'
Makefile:126: recipe for target 'cmTC_87da9/fast' failed
make: *** [cmTC_87da9/fast] Error 2

File /home/nicolas/catkin_ws/build/aubo_i5_moveit_config/CMakeFiles/CMakeTmp/CheckSymbolExists.c:
/* */
#include <pthread.h>

int main(int argc, char** argv)
{
  (void)argv;
#ifndef pthread_create
  return ((int*)(&pthread_create))[argc];
#else
  (void)argc;
  return 0;
#endif
}

Determining if the function pthread_create exists in the pthreads failed with the following output:
Change Dir: /home/nicolas/catkin_ws/build/aubo_i5_moveit_config/CMakeFiles/CMakeTmp

Run Build Command:"/usr/bin/make" "cmTC_a3bcc/fast"
/usr/bin/make -f CMakeFiles/cmTC_a3bcc.dir/build.make CMakeFiles/cmTC_a3bcc.dir/build
make[1]: Entering directory '/home/nicolas/catkin_ws/build/aubo_i5_moveit_config/CMakeFiles/CMakeTmp'
Building C object CMakeFiles/cmTC_a3bcc.dir/CheckFunctionExists.c.o
/usr/bin/cc    -DCHECK_FUNCTION_EXISTS=pthread_create   -o CMakeFiles/cmTC_a3bcc.dir/CheckFunctionExists.c.o   -c /usr/share/cmake-3.5/Modules/CheckFunctionExists.c
Linking C executable cmTC_a3bcc
/usr/bin/cmake -E cmake_link_script CMakeFiles/cmTC_a3bcc.dir/link.txt --verbose=1
/usr/bin/cc   -DCHECK_FUNCTION_EXISTS=pthread_create    CMakeFiles/cmTC_a3bcc.dir/CheckFunctionExists.c.o  -o cmTC_a3bcc -rdynamic -lpthreads 
/usr/bin/ld: cannot find -lpthreads
collect2: error: ld returned 1 exit status
CMakeFiles/cmTC_a3bcc.dir/build.make:97: recipe for target 'cmTC_a3bcc' failed
make[1]: *** [cmTC_a3bcc] Error 1
make[1]: Leaving directory '/home/nicolas/catkin_ws/build/aubo_i5_moveit_config/CMakeFiles/CMakeTmp'
Makefile:126: recipe for target 'cmTC_a3bcc/fast' failed
make: *** [cmTC_a3bcc/fast] Error 2


