[2058937731] 0.175791
[2058948645] 0.175742
[2058959431] 0.175694
[2058967183] 0.175646
[2058973505] 0.175598
[2058979850] 0.175550
[2058986165] 0.175502
[2059003823] 0.175455
[2059011213] 0.175407
[2059022833] 0.175360
[2059032383] 0.175313
[2059045667] 0.175266
[2059059559] 0.175219
[2059066832] 0.175172
[2059078677] 0.175126
[2059087875] 0.175079
[2059098538] 0.175033
[2059106988] 0.174986
[2059119915] 0.174940
[2059126969] 0.174894
[2059137024] 0.174848
[2059143071] 0.174802
[2059150991] 0.174756
[2059161428] 0.174711
[2059167957] 0.174665
[2059181925] 0.174620
[2059188793] 0.174575
[2059202443] 0.174530
[2059208838] 0.174485
[2059218988] 0.174440
[2059225547] 0.174395
[2059233055] 0.174350
[2059245206] 0.174306
[2059252208] 0.174261
[2059262527] 0.174217
[2059268254] 0.174173
[2059279028] 0.174129
[2059285020] 0.174085
[2059292473] 0.174041
[2059304561] 0.173997
[2059310503] 0.173954
[2059321096] 0.173910
[2059328834] 0.173867
[2059338922] 0.173824
[2059346182] 0.173780
[2059357516] 0.173737
[2059363901] 0.173694
[2059370636] 0.173652
[2059425493] 0.173609
[2059437217] 0.173566
[2059448193] 0.173524
[2059454881] 0.173481
[2059465312] 0.173439
[2059472674] 0.173397
[2059489218] 0.173355
[2059496257] 0.173313
[2059508612] 0.173271
[2059514827] 0.173230
[2059526485] 0.173188
[2059534185] 0.173146
[2059546700] 0.173105
[2059554462] 0.173064
[2059567209] 0.173023
[2059573603] 0.172982
[2059585325] 0.172941
[2059594053] 0.172901
[2059607545] 0.172860
[2059614179] 0.172819
[2059628275] 0.172779
[2059636121] 0.172738
[2059647128] 0.172698
[2059658158] 0.172658
[2059669032] 0.172618
[2059676038] 0.172578
[2059689389] 0.172538
[2059698159] 0.172498
[2059709357] 0.172458
[2059714647] 0.172418
[2059726423] 0.172379
[2059733343] 0.172339
[2059742347] 0.172300
[2059748090] 0.172261
[2059754899] 0.172222
[2059766630] 0.172183
[2059773059] 0.172144
[2059787656] 0.172105
[2059795883] 0.172066
[2059809632] 0.172027
[2059815506] 0.171989
[2059827727] 0.171950
[2059834563] 0.171912
[2059846881] 0.171874
[2059854529] 0.171835
[2059867281] 0.171797
[2059873529] 0.171759
[2059884931] 0.171721
[2059892055] 0.171684
[2059904631] 0.171646
[2059911192] 0.171608
[2059918000] 0.171571
[2059932113] 0.171533
[2059943261] 0.171496
[2059949486] 0.171458
[2059958533] 0.171421
[2059969283] 0.171384
[2059975846] 0.171347
[2059989477] 0.171310
[2059996196] 0.171273
[2060008824] 0.171237
[2060018838] 0.171200
[2060031451] 0.171164
[2060041988] 0.171127
[2060048686] 0.171091
[2060055524] 0.171054
[2060066246] 0.171018
[2060072270] 0.170982
[2060087065] 0.170946
[2060093334] 0.170910
[2060105625] 0.170874
[2060114832] 0.170838
[2060127427] 0.170803
[2060134378] 0.170767
[2060142185] 0.170732
[2060152931] 0.170696
[2060163862] 0.170661
[2060171427] 0.170625
[2060183412] 0.170590
[2060191648] 0.170555
[2060205160] 0.170520
[2060212090] 0.170486
[2060223570] 0.170451
[2060234472] 0.170416
[2060244858] 0.170381
[2060252984] 0.170347
[2060266726] 0.170312
[2060273278] 0.170278
[2060280516] 0.170244
[2060290468] 0.170209
[2060296727] 0.170175
[2060310578] 0.170141
[2060318106] 0.170107
[2060330271] 0.170073
[2060336069] 0.170039
[2060347524] 0.170005
[2060353250] 0.169972
[2060363956] 0.169938
[2060416902] 0.169905
[2060428678] 0.169871
[2060440225] 0.169838
[2060446112] 0.169805
[2060451681] 0.169771
[2060458712] 0.169738
[2060466803] 0.169705
[2060476840] 0.169672
[2060484844] 0.169640
[2060497667] 0.169607
[2060503739] 0.169574
[2060513806] 0.169541
[2060519430] 0.169509
[2060527213] 0.169476
[2060538270] 0.169444
[2060545563] 0.169412
[2060557327] 0.169379
[2060563534] 0.169347
[2060573568] 0.169315
[2060580382] 0.169283
[2060590504] 0.169251
[2060600945] 0.169219
[2060608331] 0.169187
[2060618658] 0.169156
[2060624662] 0.169124
[2060635709] 0.169092
[2060642186] 0.169061
[2060648957] 0.169029
[2060659715] 0.168998
[2060666097] 0.168967
[2060677289] 0.168936
[2060685633] 0.168904
[2060744983] 0.168873
[2060806273] 0.168842
[2060817279] 0.168811
[2060823460] 0.168781
[2060837013] 0.168750
[2060843031] 0.168719
[2060856573] 0.168689
[2060862953] 0.168658
[2060873554] 0.168628
[2060880533] 0.168598
[2060894618] 0.168567
[2060902102] 0.168537
[2060913648] 0.168507
[2060920413] 0.168477
[2060933190] 0.168447
[2060939814] 0.168417
[2060947267] 0.168387
[2060957722] 0.168357
[2060963702] 0.168327
[2060974181] 0.168297
[2060982103] 0.168268
[2060994791] 0.168238
[2061003772] 0.168208
[2061016632] 0.168179
[2061023367] 0.168149
[2061036848] 0.168120
[2061043276] 0.168091
[2061055958] 0.168062
[2061062223] 0.168032
[2061074123] 0.168003
[2061081131] 0.167974
[2061092578] 0.167945
[2061098533] 0.167917
[2061104849] 0.167888
[2061116615] 0.167859
[2061124055] 0.167830
[2061137160] 0.167802
[2061146686] 0.167773
[2061160778] 0.167744
[2061167307] 0.167716
[2061174132] 0.167688
[2061181317] 0.167659
[2061194759] 0.167631
[2061201653] 0.167603
[2061212757] 0.167575
[2061219534] 0.167546
[2061226771] 0.167519
[2061237663] 0.167491
[2061244464] 0.167462
[2061256156] 0.167434
[2061261814] 0.167406
[2061272643] 0.167379
[2061279452] 0.167351
[2061287008] 0.167323
[2061299616] 0.167296
[2061307961] 0.167268
[2061318164] 0.167241
[2061324897] 0.167213
[2061385067] 0.167186
[2061396387] 0.167159
[2061406103] 0.167131
[2061412088] 0.167104
[2061422637] 0.167077
[2061429171] 0.167050
[2061435901] 0.167023
[2061445582] 0.166996
[2061451378] 0.166969
[2061462721] 0.166943
[2061468497] 0.166916
[2061474177] 0.166889
[2061484819] 0.166863
[2061491799] 0.166836
[2061502629] 0.166809
[2061508195] 0.166783
[2061513967] 0.166757
[2061524868] 0.166730
[2061531381] 0.166704
[2061540936] 0.166678
[2061546715] 0.166652
[2061552619] 0.166626
[2061563040] 0.166600
[2061568820] 0.166573
[2061574799] 0.166548
[2061585431] 0.166522
[2061636955] 0.166496
[2061648783] 0.166470
[2061661764] 0.166444
[2061723386] 0.166419
[2061735613] 0.166393
[2061741595] 0.166368
[2061754658] 0.166342
[2061762084] 0.166317
[2061772947] 0.166291
[2061779557] 0.166266
[2061793831] 0.166241
[2061800412] 0.166216
[2061812274] 0.166191
[2061818217] 0.166165
[2061830819] 0.166140
[2061837068] 0.166115
[2061848309] 0.166090
[2061854468] 0.166066
[2061860669] 0.166041
[2061871996] 0.166016
[2061879360] 0.165991
[2061891974] 0.165966
[2061899611] 0.165941
[2061913299] 0.165917
[2061919674] 0.165892
[2061932043] 0.165868
[2061938537] 0.165843
[2061950287] 0.165819
[2061957344] 0.165794
[2061963524] 0.165770
[2061976135] 0.165746
[2061983228] 0.165721
[2061995640] 0.165697
[2062001931] 0.165673
[2062012205] 0.165649
[2062018175] 0.165625
[2062031916] 0.165601
[2062037840] 0.165577
[2062048572] 0.165553
[2062057655] 0.165529
[2062063419] 0.165505
[2062075097] 0.165482
[2062081949] 0.165458
[2062095940] 0.165434
[2062104957] 0.165410
[2062116269] 0.165387
[2062122216] 0.165363
[2062134382] 0.165340
[2062140787] 0.165316
[2062147318] 0.165293
[2062153121] 0.165270
[2062159040] 0.165246
[2062169146] 0.165223
[2062177029] 0.165200
[2062183444] 0.165176
[2062194844] 0.165153
[2062201830] 0.165130
[2062208186] 0.165107
[2062214227] 0.165084
[2062268991] 0.165061
[2062280181] 0.165038
[2062292663] 0.165015
[2062298918] 0.164992
[2062356919] 0.164969
[2062367958] 0.164946
[2062381278] 0.164924
[2062388747] 0.164901
[2062395224] 0.164879
[2062401298] 0.164856
[2062407928] 0.164834
[2062418459] 0.164811
[2062424343] 0.164789
[2062434689] 0.164766
[2062441775] 0.164744
[2062448957] 0.164722
[2062459622] 0.164699
[2062465437] 0.164677
[2062479737] 0.164655
[2062487747] 0.164633
[2062498967] 0.164611
[2062508537] 0.164589
[2062520057] 0.164567
[2062527948] 0.164545
[2062588737] 0.164523
[2062602089] 0.164501
[2062609200] 0.164479
[2062619585] 0.164457
[2062627636] 0.164436
[2062637291] 0.164414
[2062644486] 0.164392
[2062656975] 0.164370
[2062662723] 0.164349
[2062668303] 0.164327
[2062678580] 0.164306
[2062686833] 0.164285
[2062696915] 0.164263
[2062703278] 0.164242
[2062713143] 0.164221
[2062720076] 0.164200
[2062727249] 0.164178
[2062737241] 0.164157
[2062742944] 0.164136
[2062753759] 0.164115
[2062760217] 0.164094
[2062767054] 0.164072
[2062777156] 0.164051
[2062783218] 0.164030
[2062793996] 0.164009
[2062801455] 0.163989
[2062807779] 0.163968
[2062817361] 0.163947
[2062824120] 0.163926
[2062836979] 0.163905
[2062842572] 0.163885
[2062848783] 0.163864
[2062859949] 0.163843
[2062866588] 0.163822
[2062876412] 0.163802
[2062884107] 0.163781
[2062894114] 0.163761
[2062900449] 0.163740
[2062905990] 0.163720
[2062915846] 0.163699
[2062921429] 0.163679
[2062928579] 0.163659
[2062937697] 0.163638
[2062944389] 0.163618
[2062956609] 0.163598
[2062962550] 0.163578
[2062968140] 0.163557
[2062977004] 0.163537
[2062982834] 0.163517
[2062995978] 0.163497
[2063002601] 0.163477
[2063008784] 0.163457
[2063017919] 0.163437
[2063023411] 0.163417
[2063028903] 0.163397
[2063038706] 0.163377
[2063044204] 0.163358
[2063054887] 0.163338
[2063060610] 0.163318
[2063066348] 0.163298
[2063076731] 0.163279
[2063083471] 0.163259
[2063089771] 0.163239
[2063099402] 0.163220
[2063106380] 0.163200
[2063115780] 0.163181
[2063121274] 0.163161
[2063127949] 0.163142
[2063137183] 0.163122
[2063143812] 0.163103
[2063154162] 0.163083
[2063159639] 0.163064
[2063167207] 0.163045
[2063181399] 0.163025
[2063188439] 0.163006
[2063200202] 0.162987
[2063205590] 0.162968
[2063214736] 0.162949
[2063226293] 0.162930
[2063239085] 0.162910
[2063250678] 0.162891
[2063262606] 0.162872
[2063269271] 0.162853
[2063289382] 0.162834
[2063303293] 0.162816
[2063313420] 0.162797
[2063322388] 0.162778
[2063330075] 0.162759
[2063343001] 0.162740
[2063355052] 0.162721
[2063361074] 0.162702
[2063367079] 0.162684
[2063392205] 0.162665
[2063404101] 0.162646
[2063416107] 0.162628
[2063423197] 0.162609
[2063434315] 0.162590
[2063488960] 0.162572
[2063541326] 0.162553
[2063551155] 0.162535
[2063556915] 0.162516
[2063562862] 0.162498
[2063573071] 0.162479
[2063578954] 0.162461
[2063592051] 0.162443
[2063599011] 0.162424
[2063608681] 0.162406
[2063614299] 0.162388
[2063620475] 0.162370
[2063630712] 0.162352
[2063637079] 0.162333
[2063647348] 0.162315
[2063653860] 0.162297
[2063660602] 0.162279
[2063670825] 0.162261
[2063676659] 0.162243
[2063687281] 0.162225
[2063693028] 0.162207
[2063698991] 0.162189
[2063711342] 0.162171
[2063717947] 0.162153
[2063728044] 0.162135
[2063734103] 0.162118
[2063741035] 0.162100
[2063751004] 0.162082
[2063756671] 0.162064
[2063767204] 0.162047
[2063773730] 0.162029
[2063780511] 0.162011
[2063843567] 0.161994
[2063853715] 0.161976
[2063860616] 0.161958
[2063871012] 0.161941
[2063877542] 0.161923
[2063947587] 0.161906
[2063957806] 0.161888
[2063963581] 0.161871
[2063973269] 0.161854
[2063980871] 0.161836
[2063992489] 0.161819
[2063999001] 0.161802
[2064007098] 0.161784
[2064017040] 0.161767
[2064024446] 0.161750
[2064036696] 0.161733
[2064043056] 0.161716
[2064054777] 0.161698
[2064060696] 0.161681
[2064067504] 0.161664
[2064077501] 0.161647
[2064083501] 0.161630
[2064094642] 0.161613
[2064101404] 0.161596
[2064112673] 0.161579
[2064119210] 0.161562
[2064127498] 0.161545
[2064138238] 0.161528
[2064145562] 0.161511
[2064157492] 0.161494
[2064163296] 0.161477
[2064173415] 0.161460
[2064179830] 0.161443
[2064188936] 0.161427
[2064198942] 0.161410
[2064204763] 0.161393
[2064215858] 0.161376
[2064221825] 0.161360
[2064233699] 0.161343
[2064239439] 0.161326
[2064246286] 0.161310
[2064256814] 0.161293
[2064264252] 0.161276
[2064274231] 0.161260
[2064281984] 0.161243
[2064293219] 0.161227
[2064349363] 0.161210
[2064409171] 0.161194
[2064420895] 0.161177
[2064432614] 0.161161
[2064438447] 0.161144
[2064448145] 0.161128
[2064456060] 0.161111
[2064466727] 0.161095
[2064472528] 0.161079
[2064478439] 0.161063
[2064491877] 0.161046
[2064499267] 0.161030
[2064508903] 0.161014
[2064516441] 0.160997
[2064526670] 0.160981
[2064533938] 0.160965
[2064539810] 0.160949
[2064550913] 0.160933
[2064556752] 0.160917
[2064567344] 0.160901
[2064574695] 0.160885
[2064582312] 0.160869
[2064641121] 0.160853
[2064651604] 0.160837
[2064658037] 0.160821
[2064664597] 0.160805
[2064672548] 0.160789
[2064683136] 0.160773
[2064689947] 0.160757
[2064700952] 0.160741
[2064707556] 0.160725
[2064717521] 0.160710
[2064723074] 0.160694
[2064729915] 0.160678
[2064739800] 0.160662
[2064745563] 0.160647
[2064753532] 0.160631
[2064765901] 0.160615
[2064771865] 0.160600
[2064779232] 0.160584
[2064788166] 0.160569
[2064799538] 0.160553
[2064806337] 0.160538
[2064817158] 0.160522
[2064823758] 0.160506
[2064830541] 0.160491
[2064841751] 0.160475
[2064848174] 0.160460
[2064858203] 0.160444
[2064864071] 0.160429
[2064870170] 0.160413
[2064882593] 0.160398
[2064889247] 0.160383
[2064899970] 0.160367
[2064907583] 0.160352
[2064918186] 0.160337
[2064924603] 0.160321
[2064931344] 0.160306
[2064943091] 0.160291
[2064949278] 0.160275
[2064960745] 0.160260
[2064967603] 0.160245
[2064977423] 0.160230
[2064983986] 0.160214
[2064990690] 0.160199
[2065001338] 0.160184
[2065008121] 0.160169
[2065019106] 0.160154
[2065027465] 0.160139
[2065038926] 0.160124
[2065046395] 0.160109
[2065057835] 0.160093
[2065063807] 0.160078
[2065071606] 0.160063
[2065077945] 0.160048
[2065084556] 0.160034
[2065096859] 0.160019
[2065104074] 0.160004
[2065110739] 0.159989
[2065123031] 0.159974
[2065129740] 0.159959
[2065140369] 0.159944
[2065147726] 0.159929
[2065158338] 0.159914
[2065164163] 0.159899
[2065169934] 0.159885
[2065180862] 0.159870
[2065188929] 0.159855
[2065199695] 0.159840
[2065207864] 0.159826
[2065266102] 0.159811
[2065277163] 0.159796
[2065284687] 0.159781
[2065296198] 0.159767
[2065302128] 0.159752
[2065308451] 0.159737
[2065316951] 0.159723
[2065323034] 0.159708
[2065334155] 0.159693
[2065339900] 0.159679
[2065350698] 0.159664
[2065357503] 0.159650
[2065364037] 0.159635
[2065371415] 0.159621
[2065377341] 0.159606
[2065384365] 0.159592
[2065397100] 0.159577
[2065402805] 0.159563
[2065412535] 0.159548
[2065419469] 0.159534
[2065426050] 0.159519
[2065433517] 0.159505
[2065439291] 0.159491
[2065447865] 0.159476
[2065458305] 0.159462
[2065464402] 0.159447
[2065474221] 0.159433
[2065481436] 0.159419
[2065492930] 0.159405
[2065498831] 0.159390
[2065504608] 0.159376
[2065515365] 0.159362
[2065523491] 0.159348
[2065533395] 0.159334
[2065589126] 0.159319
[2065600929] 0.159305
[2065610937] 0.159291
[2065660906] 0.159277
[2065670713] 0.159263
[2065680859] 0.159249
[2065687664] 0.159235
[2065698254] 0.159221
[2065704529] 0.159207
[2065711005] 0.159193
[2065721618] 0.159179
[2065728076] 0.159165
[2065738173] 0.159151
[2065745752] 0.159137
[2065755621] 0.159123
[2065761382] 0.159109
[2065767380] 0.159095
[2065777251] 0.159081
[2065783314] 0.159067
[2065789217] 0.159053
[2065800092] 0.159039
[2065807167] 0.159026
[2065817272] 0.159012
[2065823556] 0.158998
[2065829731] 0.158984
[2065840360] 0.158970
[2065847019] 0.158956
[2065857755] 0.158943
[2065863600] 0.158929
[2065870379] 0.158915
[2065880398] 0.158901
[2065886747] 0.158888
[2065897766] 0.158874
[2065903706] 0.158860
[2065910325] 0.158847
[2065920325] 0.158833
[2065927127] 0.158819
[2065937272] 0.158806
[2065943802] 0.158792
[2065952319] 0.158778
[2065963543] 0.158765
[2065969374] 0.158751
[2065993170] 0.158738
[2066006815] 0.158724
[2066016997] 0.158710
[2066023507] 0.158697
[2066029608] 0.158683
[2066039900] 0.158670
[2066047059] 0.158656
[2066057069] 0.158643
[2066062651] 0.158629
[2066068439] 0.158616
[2066084681] 0.158602
[2066090954] 0.158589
[2066107282] 0.158575
[2066117076] 0.158562
[2066122677] 0.158549
[2066128200] 0.158535
[2066138028] 0.158522
[2066143979] 0.158508
[2066159796] 0.158495
[2066167193] 0.158482
[2066181418] 0.158468
[2066188635] 0.158455
[2066252964] 0.158442
[2066264460] 0.158428
[2066275076] 0.158415
[2066288230] 0.158402
[2066294380] 0.158388
[2066307444] 0.158375
[2066313736] 0.158362
[2066325651] 0.158349
[2066332989] 0.158335
[2066343281] 0.158322
[2066351345] 0.158309
[2066357017] 0.158296
[2066366779] 0.158283
[2066382448] 0.158269
[2066395214] 0.158256
[2066407208] 0.158243
[2066413364] 0.158230
[2066424147] 0.158217
[2066430880] 0.158204
[2066438583] 0.158191
[2066449505] 0.158178
[2066456287] 0.158165
[2066467797] 0.158152
[2066473950] 0.158139
[2066487828] 0.158126
[2066493870] 0.158113
[2066505888] 0.158100
[2066511737] 0.158087
[2066523125] 0.158073
[2066531563] 0.158061
[2066537713] 0.158048
[2066597214] 0.158035
[2066608722] 0.158022
[2066621328] 0.158009
[2066627782] 0.157996
[2066638679] 0.157983
[2066647264] 0.157970
[2066657758] 0.157957
[2066663931] 0.157944
[2066674490] 0.157931
[2066685150] 0.157919
[2066691844] 0.157906
[2066698889] 0.157893
[2066708376] 0.157880
[2066719723] 0.157868
[2066726987] 0.157855
[2066738612] 0.157842
[2066744528] 0.157829
[2066756338] 0.157817
[2066762944] 0.157804
[2066775612] 0.157791
[2066782138] 0.157778
[2066788543] 0.157766
[2066803586] 0.157753
[2066814499] 0.157740
[2066820568] 0.157728
[2066828527] 0.157715
[2066839277] 0.157702
[2066845897] 0.157690
[2066858936] 0.157677
[2066865278] 0.157664
[2066876444] 0.157652
[2066884257] 0.157639
[2066892321] 0.157626
[2066899089] 0.157614
[2066905730] 0.157601
[2066916554] 0.157589
[2066922397] 0.157576
[2066928129] 0.157563
[2066938319] 0.157551
[2066946895] 0.157538
[2066952661] 0.157526
[2066958566] 0.157513
[2066965595] 0.157501
[2066976726] 0.157488
[2066983209] 0.157476
[2066994314] 0.157463
[2067001826] 0.157451
[2067007980] 0.157438
[2067017549] 0.157426
[2067023560] 0.157413
[2067034790] 0.157401
[2067041791] 0.157389
[2067048626] 0.157376
[2067059996] 0.157364
[2067066895] 0.157351
[2067077749] 0.157339
[2067085053] 0.157326
[2067096346] 0.157314
[2067102554] 0.157302
[2067113477] 0.157289
[2067120697] 0.157277
[2067127771] 0.157265
[2067134397] 0.157252
[2067140665] 0.157240
[2067147201] 0.157228
[2067158582] 0.157215
[2067164295] 0.157203
[2067175166] 0.157191
[2067181323] 0.157179
[2067189239] 0.157166
[2067199291] 0.157154
[2067205638] 0.157142
[2067216799] 0.157130
[2067223201] 0.157117
[2067234647] 0.157105
[2067240968] 0.157093
[2067247876] 0.157080
[2067253653] 0.157068
[2067259512] 0.157056
[2067264987] 0.157044
[2067276203] 0.157032
[2067282922] 0.157019
[2067294084] 0.157007
[2067300214] 0.156995
[2067309732] 0.156983
[2067316402] 0.156971
[2067323329] 0.156959
[2067330005] 0.156947
[2067341774] 0.156934
[2067349703] 0.156922
[2067360734] 0.156910
[2067367512] 0.156898
[2067377520] 0.156886
[2067383772] 0.156874
[2067394706] 0.156862
[2067401540] 0.156850
[2067408178] 0.156838
[2067418882] 0.156826
[2067426744] 0.156814
[2067433214] 0.156802
[2067439165] 0.156790
[2067445093] 0.156778
[2067457702] 0.156766
[2067463379] 0.156754
[2067473186] 0.156742
[2067479751] 0.156730
[2067488200] 0.156718
[2067498302] 0.156706
[2067505597] 0.156694
[2067516482] 0.156682
[2067569175] 0.156670
[2067579696] 0.156658
[2067591302] 0.156646
[2067596833] 0.156634
[2067606451] 0.156622
[2067612115] 0.156610
[2067617507] 0.156598
[2067626882] 0.156586
[2067633983] 0.156574
[2067645223] 0.156563
[2067651095] 0.156551
[2067656528] 0.156539
[2067668676] 0.156527
[2067673731] 0.156515
[2067682568] 0.156503
[2067697141] 0.156491
[2067707370] 0.156480
[2067713190] 0.156468
[2067718626] 0.156456
[2067729646] 0.156444
[2067736625] 0.156432
[2067746593] 0.156421
[2067751965] 0.156409
[2067757907] 0.156397
[2067767178] 0.156385
[2067773481] 0.156374
[2067779343] 0.156362
[2067796512] 0.156350
[2067807123] 0.156338
[2067813418] 0.156327
[2067821327] 0.156315
[2067832386] 0.156303
[2067838601] 0.156291
[2067851745] 0.156280
[2067857900] 0.156268
[2067868307] 0.156256
[2067877758] 0.156245
[2067893257] 0.156233
[2067899650] 0.156221
[2067953747] 0.156210
[2067964869] 0.156198
[2067973387] 0.156186
[2067988945] 0.156175
[2067996984] 0.156163
[2068008305] 0.156152
[2068014553] 0.156140
[2068028445] 0.156128
[2068034524] 0.156117
[2068045349] 0.156105
[2068058996] 0.156093
[2068070986] 0.156082
[2068084885] 0.156070
[2068096161] 0.156059
[2068103920] 0.156047
[2068110934] 0.156036
[2068125778] 0.156024
[2068133108] 0.156013
[2068143194] 0.156001
[2068152646] 0.155989
[2068165848] 0.155978
[2068172391] 0.155966
[2068179179] 0.155955
[2068186264] 0.155943
[2068193751] 0.155932
[2068207673] 0.155920
[2068213666] 0.155909
[2068224815] 0.155897
[2068232853] 0.155886
[2068245540] 0.155874
[2068252897] 0.155863
[2068266871] 0.155851
[2068273126] 0.155840
[2068285968] 0.155828
[2068292171] 0.155817
[2068304749] 0.155805
[2068312468] 0.155794
[2068323876] 0.155783
[2068332814] 0.155771
[2068344178] 0.155760
[2068350249] 0.155748
[2068362729] 0.155737
[2068370117] 0.155726
[2068381845] 0.155714
[2068389958] 0.155703
[2068396078] 0.155691
[2068408505] 0.155680
[2068414679] 0.155668
[2068429173] 0.155657
[2068435672] 0.155646
[2068448860] 0.155634
[2068454736] 0.155623
[2068465648] 0.155612
[2068471879] 0.155600
[2068485093] 0.155589
[2068491607] 0.155578
[2068503942] 0.155566
[2068512319] 0.155555
[2068522546] 0.155544
[2068529365] 0.155532
[2068537242] 0.155521
[2068548457] 0.155510
[2068555768] 0.155498
[2068617006] 0.155487
[2068669014] 0.155476
[2068675850] 0.155464
[2068688989] 0.155453
[2068695691] 0.155442
[2068706383] 0.155431
[2068714126] 0.155419
[2068726388] 0.155408
[2068732711] 0.155397
[2068739765] 0.155386
[2068747043] 0.155374
[2068752873] 0.155363
[2068763040] 0.155352
[2068768926] 0.155341
[2068777078] 0.155330
[2068789341] 0.155318
[2068795503] 0.155307
[2068807942] 0.155296
[2068814526] 0.155285
[2068824906] 0.155274
[2068831516] 0.155262
[2068843928] 0.155251
[2068849884] 0.155240
[2068855821] 0.155229
[2068861654] 0.155218
[2068868750] 0.155207
[2068874675] 0.155196
[2068892556] 0.155184
[2068905859] 0.155173
[2068912136] 0.155162
[2068969006] 0.155151
[2069024518] 0.155140
[2069036309] 0.155129
[2069042568] 0.155118
[2069056462] 0.155107
[2069063295] 0.155095
[2069074142] 0.155084
[2069081958] 0.155073
[2069094769] 0.155062
[2069102458] 0.155051
[2069115992] 0.155040
[2069123656] 0.155029
[2069137966] 0.155018
[2069144062] 0.155007
[2069157038] 0.154996
[2069163052] 0.154985
[2069175701] 0.154974
[2069182892] 0.154963
[2069197081] 0.154952
[2069203247] 0.154941
[2069215334] 0.154930
[2069222295] 0.154919
[2069238036] 0.154908
[2069244284] 0.154897
[2069259115] 0.154885
[2069269402] 0.154874
[2069276072] 0.154863
[2069284409] 0.154852
[2069297229] 0.154841
[2069304404] 0.154830
[2069314554] 0.154819
[2069322997] 0.154808
[2069335567] 0.154798
[2069341685] 0.154786
[2069348788] 0.154776
[2069355209] 0.154765
[2069361764] 0.154754
[2069372189] 0.154743
[2069377919] 0.154732
[2069437016] 0.154721
[2069448084] 0.154710
[2069459438] 0.154699
[2069467274] 0.154688
[2069477776] 0.154677
[2069485575] 0.154666
[2069547250] 0.154655
[2069560460] 0.154644
[2069566749] 0.154633
[2069577944] 0.154622
[2069585267] 0.154611
[2069598756] 0.154601
[2069605531] 0.154590
[2069618119] 0.154579
[2069624218] 0.154568
[2069635773] 0.154557
[2069642204] 0.154546
[2069654563] 0.154535
[2069660601] 0.154524
[2069668316] 0.154514
[2069678933] 0.154503
[2069687045] 0.154492
[2069748910] 0.154481
[2069805378] 0.154470
[2069816417] 0.154459
[2069822744] 0.154449
[2069837068] 0.154438
[2069845488] 0.154427
[2069861294] 0.154416
[2069872580] 0.154405
[2069879289] 0.154394
[2069889079] 0.154384
[2069906752] 0.154373
[2069918442] 0.154362
[2069926635] 0.154351
[2069939083] 0.154340
[2069947658] 0.154330
[2069954292] 0.154319
[2069960232] 0.154308
[2069966220] 0.154297
[2069980778] 0.154286
[2069995858] 0.154276
[2070004572] 0.154265
[2070018974] 0.154254
[2070026698] 0.154243
[2070038745] 0.154233
[2070044913] 0.154222
[2070058769] 0.154211
[2070064603] 0.154200
[2070078406] 0.154190
[2070087504] 0.154179
[2070094050] 0.154168
[2070101596] 0.154157
[2070111847] 0.154147
[2070119506] 0.154136
[2070128968] 0.154125
[2070141258] 0.154114
[2070195103] 0.154104
[2070206322] 0.154093
[2070212270] 0.154082
[2070224145] 0.154071
[2070286366] 0.154061
[2070299286] 0.154050
[2070307148] 0.154039
[2070317731] 0.154028
[2070323981] 0.154018
[2070333953] 0.154007
[2070341364] 0.153996
[2070351988] 0.153986
[2070358246] 0.153975
[2070364189] 0.153964
[2070377134] 0.153954
[2070384593] 0.153943
[2070396782] 0.153932
[2070402837] 0.153921
[2070413208] 0.153911
[2070419950] 0.153900
[2070431982] 0.153890
[2070438352] 0.153879
[2070444352] 0.153868
[2070501144] 0.153858
[2070516232] 0.153847
[2070528970] 0.153836
[2070540182] 0.153826
[2070547927] 0.153815
[2070554491] 0.153804
[2070566617] 0.153794
[2070572032] 0.153783
[2070583514] 0.153773
[2070590505] 0.153762
[2070606643] 0.153751
[2070611868] 0.153741
[2070621212] 0.153730
[2070626662] 0.153720
[2070632563] 0.153709
[2070642797] 0.153698
[2070647184] 0.153688
[2070653309] 0.153677
[2070663090] 0.153667
[2070668936] 0.153656
[2070680106] 0.153646
[2070687663] 0.153635
[2070694811] 0.153625
[2070706753] 0.153614
[2070712861] 0.153603
[2070725062] 0.153593
[2070734285] 0.153582
[2070744636] 0.153572
[2070752407] 0.153561
[2070759282] 0.153551
[2070765785] 0.153540
[2070771825] 0.153529
[2070783467] 0.153519
[2070793025] 0.153508
[2070803495] 0.153498
[2070809120] 0.153487
[2070816441] 0.153477
[2070827562] 0.153466
[2070833720] 0.153456
[2070844120] 0.153445
[2070851936] 0.153434
[2070864534] 0.153424
[2070871456] 0.153413
[2070884805] 0.153403
[2070892785] 0.153392
[2070903733] 0.153382
[2070911699] 0.153371
[2070923394] 0.153361
[2070931069] 0.153350
[2070944534] 0.153340
[2070952666] 0.153329
[2070964442] 0.153319
[2070972495] 0.153308
[2070983861] 0.153298
[2070990664] 0.153287
[2071003642] 0.153277
[2071011247] 0.153266
[2071017350] 0.153256
[2071023602] 0.153245
[2071032084] 0.153235
[2071042527] 0.153224
[2071049429] 0.153214
[2071065925] 0.153203
[2071072327] 0.153193
[2071083295] 0.153183
[2071093499] 0.153172
[2071106243] 0.153162
[2071112111] 0.153151
[2071172983] 0.153141
[2071189056] 0.153130
[2071199687] 0.153120
[2071207763] 0.153109
[2071217797] 0.153099
[2071225075] 0.153088
[2071283565] 0.153078
[2071293910] 0.153068
[2071300473] 0.153057
[2071312383] 0.153047
[2071319080] 0.153036
[2071329723] 0.153026
[2071335589] 0.153016
[2071342168] 0.153005
[2071352185] 0.152995
[2071357994] 0.152984
[2071367615] 0.152974
[2071375773] 0.152964
[2071382549] 0.152953
[2071394597] 0.152943
[2071401212] 0.152932
[2071411851] 0.152922
[2071417806] 0.152912
[2071423301] 0.152901
[2071433182] 0.152891
[2071440843] 0.152880
[2071452457] 0.152870
[2071458967] 0.152860
[2071469012] 0.152849
[2071474723] 0.152839
[2071480923] 0.152828
[2071491683] 0.152818
[2071497178] 0.152808
[2071548818] 0.152797
[2071559199] 0.152787
[2071567804] 0.152776
[2071573413] 0.152766
[2071579431] 0.152756
[2071591698] 0.152745
[2071597742] 0.152735
[2071609851] 0.152724
[2071664992] 0.152714
[2071675508] 0.152704
[2071688623] 0.152693
[2071695183] 0.152683
[2071711345] 0.152673
[2071725367] 0.152663
[2071732690] 0.152652
[2071738484] 0.152642
[2071744546] 0.152632
[2071751494] 0.152621
[2071763251] 0.152611
[2071769099] 0.152601
[2071774652] 0.152590
[2071787134] 0.152580
[2071793520] 0.152570
[2071804974] 0.152559
[2071811890] 0.152549
[2071822403] 0.152539
[2071829580] 0.152528
[2071836754] 0.152518
[2071846685] 0.152508
[2071854395] 0.152498
[2071860782] 0.152487
[2071867447] 0.152477
[2071873065] 0.152467
[2071884715] 0.152456
[2071890947] 0.152446
[2071901735] 0.152436
[2071907450] 0.152425
[2071913346] 0.152415
[2071919303] 0.152405
[2071928363] 0.152395
[2071934592] 0.152384
[2071944593] 0.152374
[2071951792] 0.152364
[2071963385] 0.152353
[2071969232] 0.152343
[2071975050] 0.152333
[2071981208] 0.152323
[2071988214] 0.152312
[2071995006] 0.152302
[2072006370] 0.152292
[2072012137] 0.152282
[2072023167] 0.152271
[2072029567] 0.152261
[2072035172] 0.152251
[2072040092] 0.152241
[2072046454] 0.152230
[2072052144] 0.152220
[2072061554] 0.152210
[2072066947] 0.152200
[2072071998] 0.152189
[2072082083] 0.152179
[2072088399] 0.152169
[2072093809] 0.152159
[2072103544] 0.152148
[2072110259] 0.152138
[2072115504] 0.152128
[2072125239] 0.152118
[2072131837] 0.152107
[2072142119] 0.152097
[2072149664] 0.152087
[2072160601] 0.152077
[2072167042] 0.152066
[2072172092] 0.152056
[2072181975] 0.152046
[2072188209] 0.152036
[2072193753] 0.152025
[2072204330] 0.152015
[2072210192] 0.152005
[2072220449] 0.151995
[2072228938] 0.151985
[2072234894] 0.151974
[2072243764] 0.151964
[2072249758] 0.151954
[2072262350] 0.151944
[2072268979] 0.151934
[2072275529] 0.151923
[2072286325] 0.151913
[2072293507] 0.151903
[2072304632] 0.151893
[2072310113] 0.151883
[2072316718] 0.151872
[2072327847] 0.151862
[2072333677] 0.151852
[2072343049] 0.151842
[2072349325] 0.151832
[2072354398] 0.151821
[2072363828] 0.151811
[2072370597] 0.151801
[2072381455] 0.151791
[2072388080] 0.151781
[2072393639] 0.151771
[2072403433] 0.151760
[2072410233] 0.151750
[2072415328] 0.151740
[2072425091] 0.151730
[2072431891] 0.151720
[2072441368] 0.151709
[2072446595] 0.151699
[2072453435] 0.151689
[2072463388] 0.151679
[2072469448] 0.151669
[2072474623] 0.151659
[2072485653] 0.151649
[2072491461] 0.151638
[2072501055] 0.151628
[2072506322] 0.151618
[2072511467] 0.151608
[2072520814] 0.151598
[2072528999] 0.151588
[2072534744] 0.151578
[2072544193] 0.151568
[2072549959] 0.151557
[2072562267] 0.151547
[2072569183] 0.151537
[2072575005] 0.151527
[2072584895] 0.151517
[2072592357] 0.151507
[2072603231] 0.151497
[2072608721] 0.151486
[2072616418] 0.151476
[2072626105] 0.151466
[2072632410] 0.151456
[2072641428] 0.151446
[2072647568] 0.151436
[2072652470] 0.151426
[2072661670] 0.151415
[2072666754] 0.151405
[2072671717] 0.151395
[2072682139] 0.151385
[2072689039] 0.151375
[2072694663] 0.151365
[2072704700] 0.151355
[2072711431] 0.151345
[2072721416] 0.151335
[2072729318] 0.151324
[2072736452] 0.151314
[2072746321] 0.151304
[2072753837] 0.151294
[2072764078] 0.151284
[2072770570] 0.151274
[2072780217] 0.151264
[2072787706] 0.151254
[2072793745] 0.151244
[2072804565] 0.151233
[2072810301] 0.151223
[2072820112] 0.151213
[2072828329] 0.151203
[2072835043] 0.151193
[2072845437] 0.151183
[2072852299] 0.151173
[2072864474] 0.151163
[2072870989] 0.151153
[2072881470] 0.151143
[2072889059] 0.151133
[2072894900] 0.151123
[2072906379] 0.151112
[2072912555] 0.151102
[2072923874] 0.151092
[2072931471] 0.151082
[2072941513] 0.151072
[2072948879] 0.151062
[2072954525] 0.151052
[2072964628] 0.151042
[2072969708] 0.151032
[2072975828] 0.151022
[2072984714] 0.151012
[2072991642] 0.151002
[2073002508] 0.150992
[2073008324] 0.150982
[2073013587] 0.150972
[2073018625] 0.150961
[2073024385] 0.150951
[2073029939] 0.150941
[2073036076] 0.150931
[2073045721] 0.150921
[2073052455] 0.150911
[2073062769] 0.150901
[2073068814] 0.150891
[2073075680] 0.150881
[2073086540] 0.150871
[2073092049] 0.150861
[2073103110] 0.150851
[2073109558] 0.150841
[2073115831] 0.150831
[2073124109] 0.150821
[2073130602] 0.150811
[2073138612] 0.150800
[2073142302] 0.150790
[2073149200] 0.150780
[2073157335] 0.150770
[2073165139] 0.150760
[2073169013] 0.150750
[2073175482] 0.150740
[2073184367] 0.150730
[2073191073] 0.150720
[2073199798] 0.150710
[2073204773] 0.150700
[2073208797] 0.150690
[2073216283] 0.150680
[2073224744] 0.150670
[2073230237] 0.150660
[2073239686] 0.150650
[2073245803] 0.150640
[2073251442] 0.150630
[2073260458] 0.150620
[2073265461] 0.150610
[2073270560] 0.150600
[2073280400] 0.150590
[2073285932] 0.150580
[2073291607] 0.150570
[2073300758] 0.150560
[2073307327] 0.150550
[2073312354] 0.150540
[2073322267] 0.150530
[2073328902] 0.150520
[2073334505] 0.150510
[2073345383] 0.150500
[2073352419] 0.150490
[2073362946] 0.150480
[2073369291] 0.150470
[2073374638] 0.150460
[2073385907] 0.150450
[2073391818] 0.150440
[2073403988] 0.150430
[2073411089] 0.150420
[2073420762] 0.150410
[2073429498] 0.150400
[2073435558] 0.150390
[2073445309] 0.150380
[2073452508] 0.150370
[2073461377] 0.150360
[2073467614] 0.150350
[2073473576] 0.150340
[2073483974] 0.150330
[2073492493] 0.150320
[2073503855] 0.150310
[2073509556] 0.150300
[2073516309] 0.150290
[2073521990] 0.150280
[2073531189] 0.150270
[2073541129] 0.150260
[2073548102] 0.150250
[2073554702] 0.150240
[2073564676] 0.150230
[2073570768] 0.150220
[2073582310] 0.150210
[2073589254] 0.150200
[2073595364] 0.150190
[2073656903] 0.150180
[2073668232] 0.150170
[2073734982] 0.150160
[2073745671] 0.150150
[2073751458] 0.150140
[2073763918] 0.150130
[2073771775] 0.150120
[2073785421] 0.150110
[2073793300] 0.150100
[2073803628] 0.150090
[2073809768] 0.150080
[2073821414] 0.150071
[2073827849] 0.150061
[2073834767] 0.150051
[2073846432] 0.150041
[2073852325] 0.150031
[2073862686] 0.150021
[2073869092] 0.150011
[2073877342] 0.150001
[2073891524] 0.149991
[2073903046] 0.149981
[2073910911] 0.149971
[2073922178] 0.149961
[2073927842] 0.149951
[2073933350] 0.149941
[2073944869] 0.149931
[2073951807] 0.149921
[2073962016] 0.149911
[2073967853] 0.149901
[2073974153] 0.149891
[2074037865] 0.149882
[2074044780] 0.149872
[2074051206] 0.149862
[2074058212] 0.149852
[2074068634] 0.149842
[2074075142] 0.149832
[2074091064] 0.149822
[2074097049] 0.149812
[2074108177] 0.149802
[2074114197] 0.149792
[2074127429] 0.149782
[2074134248] 0.149772
[2074146556] 0.149762
[2074152666] 0.149753
[2074163461] 0.149743
[2074169666] 0.149733
[2074196181] 0.149723
[2074210020] 0.149713
[2074216966] 0.149703
[2074227687] 0.149693
[2074232964] 0.149683
[2074242564] 0.149673
[2074246491] 0.149664
[2074251489] 0.149654
[2074264964] 0.149644
[2074269410] 0.149634
[2074273478] 0.149624
[2074284479] 0.149614
[2074289037] 0.149604
[2074293461] 0.149594
[2074305756] 0.149584
[2074311324] 0.149574
[2074317964] 0.149565
[2074327772] 0.149555
[2074331860] 0.149545
[2074338467] 0.149535
[2074349063] 0.149525
[2074357499] 0.149515
[2074366886] 0.149505
[2074373988] 0.149495
[2074385042] 0.149485
[2074392889] 0.149475
[2074403689] 0.149465
[2074410304] 0.149456
[2074417456] 0.149446
[2074428345] 0.149436
[2074434080] 0.149426
[2074444094] 0.149416
[2074451540] 0.149406
[2074463106] 0.149396
[2074468663] 0.149386
[2074474286] 0.149376
[2074486195] 0.149367
[2074492672] 0.149357
[2074499283] 0.149347
[2074512758] 0.149337
[2074523084] 0.149327
[2074529148] 0.149317
[2074536065] 0.149307
[2074545163] 0.149297
[2074550404] 0.149287
[2074555730] 0.149277
[2074566551] 0.149268
[2074572025] 0.149258
[2074577336] 0.149248
[2074588849] 0.149238
[2074596886] 0.149228
[2074608454] 0.149218
[2074614330] 0.149208
[2074624217] 0.149198
[2074630755] 0.149189
[2074637619] 0.149179
[2074648521] 0.149169
[2074656084] 0.149159
[2074662634] 0.149149
[2074667112] 0.149139
[2074672560] 0.149129
[2074677643] 0.149119
[2074690750] 0.149109
[2074698551] 0.149100
[2074710038] 0.149090
[2074716304] 0.149080
[2074728662] 0.149070
[2074734127] 0.149060
[2074744035] 0.149050
[2074751518] 0.149040
[2074758319] 0.149030
[2074767981] 0.149021
[2074775142] 0.149011
[2074782279] 0.149001
[2074789711] 0.148991
[2074795420] 0.148981
[2074808553] 0.148971
[2074814570] 0.148961
[2074824848] 0.148951
[2074832361] 0.148942
[2074843864] 0.148932
[2074850677] 0.148922
[2074857491] 0.148912
[2074867659] 0.148902
[2074873877] 0.148892
[2074885881] 0.148883
[2074892082] 0.148873
[2074899493] 0.148863
[2074911587] 0.148853
[2074917250] 0.148843
[2074927975] 0.148833
[2074934064] 0.148823
[2074944386] 0.148814
[2074951500] 0.148804
[2074958079] 0.148794
[2074968146] 0.148784
[2075021024] 0.148774
[2075032386] 0.148764
[2075042904] 0.148754
[2075051516] 0.148745
[2075061665] 0.148735
[2075068280] 0.148725
[2075078496] 0.148715
[2075086361] 0.148705
[2075092760] 0.148695
[2075152807] 0.148686
[2075164530] 0.148676
[2075178222] 0.148666
[2075185858] 0.148656
[2075198379] 0.148646
[2075204243] 0.148636
[2075214431] 0.148627
[2075221113] 0.148617
[2075232959] 0.148607
[2075239860] 0.148597
[2075249798] 0.148587
[2075257571] 0.148578
[2075263738] 0.148568
[2075274792] 0.148558
[2075281424] 0.148548
[2075294764] 0.148538
[2075299040] 0.148528
[2075307078] 0.148519
[2075310883] 0.148509
[2075316774] 0.148499
[2075320878] 0.148489
[2075328731] 0.148479
[2075334012] 0.148469
[2075345377] 0.148460
[2075408473] 0.148450
[2075467172] 0.148440
[2075477849] 0.148430
[2075485440] 0.148420
[2075498288] 0.148410
[2075504153] 0.148401
[2075514584] 0.148391
[2075520479] 0.148381
[2075536950] 0.148371
[2075543245] 0.148362
[2075554990] 0.148352
[2075563297] 0.148342
[2075573825] 0.148332
[2075580673] 0.148322
[2075589247] 0.148313
[2075595884] 0.148303
[2075603621] 0.148293
[2075614595] 0.148283
[2075624052] 0.148273
[2075636051] 0.148263
[2075643668] 0.148253
[2075656400] 0.148244
[2075663680] 0.148234
[2075673538] 0.148224
[2075682777] 0.148214
[2075695092] 0.148204
[2075702541] 0.148195
[2075715076] 0.148185
[2075721930] 0.148175
[2075728538] 0.148165
[2075736718] 0.148155
[2075742784] 0.148146
[2075753184] 0.148136
[2075759900] 0.148126
[2075767147] 0.148116
[2075777624] 0.148106
[2075785361] 0.148097
[2075798066] 0.148087
[2075804226] 0.148077
[2075814379] 0.148067
[2075820607] 0.148057
[2075833250] 0.148047
[2075839725] 0.148038
[2075847989] 0.148028
[2075853819] 0.148018
[2075861984] 0.148008
[2075872670] 0.147998
[2075878377] 0.147989
[2075889325] 0.147979
[2075900496] 0.147969
[2075912889] 0.147959
[2075920677] 0.147949
[2075932521] 0.147940
[2075938738] 0.147930
[2075945131] 0.147920
[2075957046] 0.147910
[2075963776] 0.147900
[2075977224] 0.147891
[2075984359] 0.147881
[2075991425] 0.147871
[2075998954] 0.147861
[2076007722] 0.147851
[2076018292] 0.147842
[2076025665] 0.147832
[2076038743] 0.147822
[2076044609] 0.147812
[2076056609] 0.147802
[2076063102] 0.147793
[2076075449] 0.147783
[2076081678] 0.147773
[2076093316] 0.147763
[2076101120] 0.147753
[2076111305] 0.147744
[2076117001] 0.147734
[2076122927] 0.147724
[2076184962] 0.147714
[2076244811] 0.147704
[2076257634] 0.147695
[2076267884] 0.147685
[2076274439] 0.147675
[2076289218] 0.147665
[2076296590] 0.147655
[2076308785] 0.147646
[2076315154] 0.147636
[2076325004] 0.147626
[2076330803] 0.147616
[2076338602] 0.147606
[2076345273] 0.147596
[2076351554] 0.147587
[2076357440] 0.147577
[2076368844] 0.147567
[2076375850] 0.147557
[2076390349] 0.147548
[2076397859] 0.147538
[2076408404] 0.147528
[2076414181] 0.147518
[2076424471] 0.147508
[2076431761] 0.147499
[2076437645] 0.147489
[2076447952] 0.147479
[2076453633] 0.147469
[2076465725] 0.147459
[2076473740] 0.147450
[2076489774] 0.147440
[2076496878] 0.147430
[2076508094] 0.147420
[2076564817] 0.147410
[2076579478] 0.147401
[2076632874] 0.147391
[2076645915] 0.147381
[2076659706] 0.147371
[2076673714] 0.147362
[2076680681] 0.147352
[2076695858] 0.147342
[2076704462] 0.147332
[2076710564] 0.147323
[2076716372] 0.147313
[2076726069] 0.147303
[2076740757] 0.147293
[2076753682] 0.147284
[2076761396] 0.147274
[2076771735] 0.147264
[2076778049] 0.147254
[2076784925] 0.147245
[2076799541] 0.147235
[2076811731] 0.147225
[2076819073] 0.147215
[2076825685] 0.147205
[2076837410] 0.147196
[2076844069] 0.147186
[2076856536] 0.147176
[2076863530] 0.147166
[2076873557] 0.147157
[2076881624] 0.147147
[2076893376] 0.147137
[2076899437] 0.147127
[2076911684] 0.147117
[2076919263] 0.147108
[2076926265] 0.147098
[2076938649] 0.147088
[2076944553] 0.147078
[2076956780] 0.147069
[2076963012] 0.147059
[2076971249] 0.147049
[2076977519] 0.147039
[2076985566] 0.147030
[2076998268] 0.147020
[2077004390] 0.147010
[2077014909] 0.147000
[2077020684] 0.146991
[2077035777] 0.146981
[2077042407] 0.146971
[2077054128] 0.146961
[2077062208] 0.146952
[2077072574] 0.146942
[2077078467] 0.146932
[2077088527] 0.146922
[2077148882] 0.146912
[2077201203] 0.146903
[2077214260] 0.146893
[2077220218] 0.146883
[2077230998] 0.146873
[2077238577] 0.146864
[2077249078] 0.146854
[2077254762] 0.146844
[2077260521] 0.146834
[2077267890] 0.146825
[2077273770] 0.146815
[2077280323] 0.146805
[2077292221] 0.146795
[2077298816] 0.146786
[2077309640] 0.146776
[2077315195] 0.146766
[2077320903] 0.146756
[2077332819] 0.146747
[2077340286] 0.146737
[2077351965] 0.146727
[2077357836] 0.146717
[2077367944] 0.146708
[2077375618] 0.146698
[2077382521] 0.146688
[2077390033] 0.146678
[2077396242] 0.146669
[2077402205] 0.146659
[2077412204] 0.146649
[2077418171] 0.146639
[2077428240] 0.146630
[2077434922] 0.146620
[2077442224] 0.146610
[2077448253] 0.146600
[2077455741] 0.146590
[2077461761] 0.146581
[2077472643] 0.146571
[2077529754] 0.146561
[2077588823] 0.146552
[2077602783] 0.146542
[2077615261] 0.146532
[2077621611] 0.146522
[2077636660] 0.146513
[2077643198] 0.146503
[2077658731] 0.146493
[2077669577] 0.146484
[2077675939] 0.146474
[2077683130] 0.146464
[2077698982] 0.146454
[2077711609] 0.146445
[2077718272] 0.146435
[2077729970] 0.146425
[2077736477] 0.146416
[2077743464] 0.146406
[2077751531] 0.146396
[2077759794] 0.146386
[2077770443] 0.146377
[2077778262] 0.146367
[2077791770] 0.146357
[2077798474] 0.146347
[2077813634] 0.146338
[2077819861] 0.146328
[2077833333] 0.146318
[2077841504] 0.146308
[2077853948] 0.146299
[2077860811] 0.146289
[2077873356] 0.146279
[2077879755] 0.146270
[2077892727] 0.146260
[2077898485] 0.146250
[2077908827] 0.146240
[2077915377] 0.146231
[2077923201] 0.146221
[2077938110] 0.146211
[2077949642] 0.146201
[2077957665] 0.146192
[2077968504] 0.146182
[2077975330] 0.146172
[2077982476] 0.146162
[2077996733] 0.146153
[2078004103] 0.146143
[2078014759] 0.146133
[2078022551] 0.146123
[2078032810] 0.146114
[2078039481] 0.146104
[2078051456] 0.146094
[2078058665] 0.146085
[2078069919] 0.146075
[2078078980] 0.146065
[2078091024] 0.146055
[2078098392] 0.146046
[2078108290] 0.146036
[2078113582] 0.146026
[2078119009] 0.146016
[2078124882] 0.146007
[2078132440] 0.145997
[2078137977] 0.145987
[2078148243] 0.145978
[2078155663] 0.145968
[2078168624] 0.145958
[2078173931] 0.145948
[2078179512] 0.145939
[2078186845] 0.145929
[2078193014] 0.145919
[2078200306] 0.145909
[2078210102] 0.145900
[2078215212] 0.145890
[2078220466] 0.145880
[2078280982] 0.145870
[2078296888] 0.145861
[2078303129] 0.145851
[2078309404] 0.145841
[2078318925] 0.145831
[2078329484] 0.145822
[2078335346] 0.145812
[2078347457] 0.145802
[2078353133] 0.145793
[2078365447] 0.145783
[2078371317] 0.145773
[2078384673] 0.145763
[2078390966] 0.145754
[2078401376] 0.145744
[2078407581] 0.145734
[2078413647] 0.145725
[2078423688] 0.145715
[2078430442] 0.145705
[2078437781] 0.145695
[2078447834] 0.145686
[2078453486] 0.145676
[2078463714] 0.145666
[2078471921] 0.145656
[2078484059] 0.145647
[2078489889] 0.145637
[2078497303] 0.145627
[2078508078] 0.145617
[2078515570] 0.145608
[2078526398] 0.145598
[2078532580] 0.145588
[2078542844] 0.145578
[2078549397] 0.145569
[2078558707] 0.145559
[2078570781] 0.145549
[2078575608] 0.145540
[2078585192] 0.145530
[2078593243] 0.145520
[2078602008] 0.145510
[2078652638] 0.145501
[2078664925] 0.145491
[2078728898] 0.145481
[2078743689] 0.145472
[2078756492] 0.145462
[2078762325] 0.145452
[2078774967] 0.145442
[2078783499] 0.145433
[2078797103] 0.145423
[2078803055] 0.145413
[2078813862] 0.145404
[2078819649] 0.145394
[2078828725] 0.145384
[2078836148] 0.145375
[2078842763] 0.145365
[2078854728] 0.145355
[2078863184] 0.145346
[2078874202] 0.145336
[2078880476] 0.145326
[2078895350] 0.145316
[2078902799] 0.145307
[2078913671] 0.145297
[2078921014] 0.145287
[2078933629] 0.145277
[2078940854] 0.145268
[2078953541] 0.145258
[2078959319] 0.145248
[2078969545] 0.145239
[2078977958] 0.145229
[2078991045] 0.145219
[2078998358] 0.145210
[2079012286] 0.145200
[2079019004] 0.145190
[2079032278] 0.145180
[2079039972] 0.145171
[2079051578] 0.145161
[2079058307] 0.145151
[2079069157] 0.145142
[2079075290] 0.145132
[2079082471] 0.145122
[2079096547] 0.145112
[2079102559] 0.145103
[2079113414] 0.145093
[2079119288] 0.145083
[2079132374] 0.145074
[2079138520] 0.145064
[2079149460] 0.145054
[2079157145] 0.145045
[2079163394] 0.145035
[2079173454] 0.145025
[2079180615] 0.145015
[2079195663] 0.145006
[2079203539] 0.144996
[2079260889] 0.144986
[2079270830] 0.144976
[2079328867] 0.144967
[2079342229] 0.144957
[2079352646] 0.144947
[2079358745] 0.144937
[2079370584] 0.144928
[2079378515] 0.144918
[2079390936] 0.144908
[2079398452] 0.144899
[2079408742] 0.144889
[2079414527] 0.144879
[2079420352] 0.144869
[2079431984] 0.144860
[2079439484] 0.144850
[2079449584] 0.144840
[2079457263] 0.144831
[2079467587] 0.144821
[2079475311] 0.144811
[2079482384] 0.144801
[2079496401] 0.144792
[2079503922] 0.144782
[2079513873] 0.144772
[2079521512] 0.144763
[2079531721] 0.144753
[2079539233] 0.144743
[2079551515] 0.144733
[2079557616] 0.144724
[2079569009] 0.144714
[2079620931] 0.144704
[2079679946] 0.144695
[2079692486] 0.144685
[2079699015] 0.144675
[2079709873] 0.144665
[2079717689] 0.144656
[2079731020] 0.144646
[2079737089] 0.144636
[2079747988] 0.144627
[2079754920] 0.144617
[2079769085] 0.144607
[2079775117] 0.144598
[2079790388] 0.144588
[2079798355] 0.144578
[2079810343] 0.144569
[2079817975] 0.144559
[2079830922] 0.144549
[2079836921] 0.144540
[2079847661] 0.144530
[2079853970] 0.144520
[2079864615] 0.144511
[2079871297] 0.144501
[2079878748] 0.144491
[2079891754] 0.144481
[2079899568] 0.144472
[2079908812] 0.144462
[2079914784] 0.144452
[2079926416] 0.144443
[2079932731] 0.144433
[2079945118] 0.144423
[2079952530] 0.144413
[2079959358] 0.144404
[2079972677] 0.144394
[2079980569] 0.144384
[2079992861] 0.144375
[2079999474] 0.144365
[2080010429] 0.144355
[2080016210] 0.144346
[2080029535] 0.144336
[2080036274] 0.144326
[2080042340] 0.144316
[2080049581] 0.144307
[2080059048] 0.144297
[2080069560] 0.144287
[2080075661] 0.144277
[2080089484] 0.144268
[2080095405] 0.144258
[2080108401] 0.144248
[2080114809] 0.144239
[2080128813] 0.144229
[2080135296] 0.144219
[2080147181] 0.144209
[2080153294] 0.144200
[2080159118] 0.144190
[2080169374] 0.144180
[2080179121] 0.144170
[2080191676] 0.144161
[2080199072] 0.144151
[2080213603] 0.144141
[2080224558] 0.144132
[2080232072] 0.144122
[2080237801] 0.144112
[2080249369] 0.144102
[2080256254] 0.144093
[2080267522] 0.144083
[2080273464] 0.144073
[2080279976] 0.144064
[2080291484] 0.144054
[2080298786] 0.144044
[2080357442] 0.144034
[2080368828] 0.144025
[2080382492] 0.144015
[2080390152] 0.144005
[2080400528] 0.143996
[2080406393] 0.143986
[2080412552] 0.143976
[2080418885] 0.143967
[2080424666] 0.143957
[2080434698] 0.143947
[2080440237] 0.143937
[2080447914] 0.143928
[2080457755] 0.143918
[2080464482] 0.143908
[2080470440] 0.143899
[2080477602] 0.143889
[2080485458] 0.143879
[2080495582] 0.143870
[2080500966] 0.143860
[2080508293] 0.143850
[2080517931] 0.143840
[2080524950] 0.143831
[2080536682] 0.143821
[2080541807] 0.143811
[2080547149] 0.143802
[2080556686] 0.143792
[2080562012] 0.143782
[2080567655] 0.143773
[2080576738] 0.143763
[2080582788] 0.143753
[2080593977] 0.143744
[2080601333] 0.143734
[2080606806] 0.143724
[2080615963] 0.143714
[2080621013] 0.143705
[2080628262] 0.143695
[2080637854] 0.143685
[2080643035] 0.143676
[2080648976] 0.143666
[2080660689] 0.143656
[2080665940] 0.143647
[2080675632] 0.143637
[2080682783] 0.143627
[2080740745] 0.143617
[2080753455] 0.143608
[2080759194] 0.143598
[2080768832] 0.143588
[2080777449] 0.143579
[2080789099] 0.143569
[2080795933] 0.143559
[2080806847] 0.143550
[2080812660] 0.143540
[2080818461] 0.143530
[2080829628] 0.143520
[2080838098] 0.143511
[2080850495] 0.143501
[2080856339] 0.143491
[2080867830] 0.143482
[2080873542] 0.143472
[2080879780] 0.143463
[2080890984] 0.143453
[2080897813] 0.143443
[2080907188] 0.143434
[2080912844] 0.143424
[2080918787] 0.143414
[2080933280] 0.143405
[2080939577] 0.143395
[2080949544] 0.143385
[2080957450] 0.143376
[2080967269] 0.143366
[2080974045] 0.143356
[2080981154] 0.143347
[2080994824] 0.143337
[2081002125] 0.143327
[2081011796] 0.143317
[2081018199] 0.143308
[2081029454] 0.143298
[2081035885] 0.143289
[2081047395] 0.143279
[2081053341] 0.143269
[2081059418] 0.143259
[2081069241] 0.143250
[2081074808] 0.143240
[2081081999] 0.143230
[2081092997] 0.143221
[2081100230] 0.143211
[2081112290] 0.143201
[2081118027] 0.143192
[2081129012] 0.143182
[2081137391] 0.143172
[2081147211] 0.143163
[2081153431] 0.143153
[2081159560] 0.143143
[2081171251] 0.143134
[2081178093] 0.143124
[2081190154] 0.143114
[2081197021] 0.143105
[2081206763] 0.143095
[2081213566] 0.143085
[2081220088] 0.143076
[2081234672] 0.143066
[2081241208] 0.143056
[2081251873] 0.143046
[2081258115] 0.143037
[2081268570] 0.143027
[2081275585] 0.143017
[2081282371] 0.143008
[2081295312] 0.142998
[2081307440] 0.142988
[2081313310] 0.142979
[2081320810] 0.142969
[2081332064] 0.142959
[2081338619] 0.142950
[2081348208] 0.142940
[2081353872] 0.142930
[2081359473] 0.142921
[2081369326] 0.142911
[2081377122] 0.142901
[2081387486] 0.142892
[2081394294] 0.142882
[2081401440] 0.142872
[2081413103] 0.142863
[2081418628] 0.142853
[2081428986] 0.142843
[2081437739] 0.142834
[2081448236] 0.142824
[2081454672] 0.142814
[2081460301] 0.142804
[2081472590] 0.142795
[2081479509] 0.142785
[2081490579] 0.142775
[2081497561] 0.142766
[2081507653] 0.142756
[2081514455] 0.142746
[2081521036] 0.142737
[2081535060] 0.142727
[2081541768] 0.142717
[2081552042] 0.142708
[2081558234] 0.142698
[2081567922] 0.142688
[2081574013] 0.142679
[2081579834] 0.142669
[2081594358] 0.142659
[2081655844] 0.142649
[2081712912] 0.142640
[2081719650] 0.142630
[2081730025] 0.142620
[2081737477] 0.142611
[2081749056] 0.142601
[2081755206] 0.142591
[2081762416] 0.142582
[2081775226] 0.142572
[2081782090] 0.142562
[2081793587] 0.142553
[2081801349] 0.142543
[2081811623] 0.142533
[2081817942] 0.142524
[2081828069] 0.142514
[2081835484] 0.142504
[2081841785] 0.142495
[2081851902] 0.142485
[2081858324] 0.142475
[2081868117] 0.142466
[2081874835] 0.142456
[2081882662] 0.142446
[2081896883] 0.142437
[2081903325] 0.142427
[2081914411] 0.142417
[2081922390] 0.142408
[2081932087] 0.142398
[2081939336] 0.142388
[2081953966] 0.142378
[2081960388] 0.142369
[2081970798] 0.142359
[2082024894] 0.142350
[2082038627] 0.142340
[2082049326] 0.142330
[2082108968] 0.142321
[2082120396] 0.142311
[2082136077] 0.142301
[2082148385] 0.142291
[2082157635] 0.142282
[2082168899] 0.142272
[2082175714] 0.142263
[2082189087] 0.142253
[2082195470] 0.142243
[2082208480] 0.142234
[2082214305] 0.142224
[2082227687] 0.142214
[2082234271] 0.142205
[2082246449] 0.142195
[2082253544] 0.142185
[2082260188] 0.142175
[2082270594] 0.142166
[2082278077] 0.142156
[2082290924] 0.142146
[2082297329] 0.142137
[2082312389] 0.142127
[2082318811] 0.142117
[2082331412] 0.142108
[2082337888] 0.142098
[2082348234] 0.142088
[2082354985] 0.142079
[2082364753] 0.142069
[2082371423] 0.142059
[2082377284] 0.142050
[2082390685] 0.142040
[2082398004] 0.142030
[2082408585] 0.142021
[2082414461] 0.142011
[2082420265] 0.142001
[2082435115] 0.141992
[2082492903] 0.141982
[2082550594] 0.141972
[2082560268] 0.141962
[2082566190] 0.141953
[2082578118] 0.141943
[2082586334] 0.141933
[2082595808] 0.141924
[2082601720] 0.141914
[2082608254] 0.141904
[2082617806] 0.141895
[2082623298] 0.141885
[2082628917] 0.141875
[2082639154] 0.141866
[2082644895] 0.141856
[2082650729] 0.141846
[2082660524] 0.141837
[2082667746] 0.141827
[2082678413] 0.141817
[2082685646] 0.141808
[2082696863] 0.141798
[2082702960] 0.141788
[2082708641] 0.141778
[2082718182] 0.141769
[2082724053] 0.141759
[2082735495] 0.141749
[2082742233] 0.141740
[2082748906] 0.141730
[2082760639] 0.141720
[2082766586] 0.141711
[2082820820] 0.141701
[2082834705] 0.141691
[2082892875] 0.141682
[2082904251] 0.141672
[2082916856] 0.141662
[2082923881] 0.141653
[2082938851] 0.141643
[2082945864] 0.141633
[2082959314] 0.141624
[2082971899] 0.141614
[2082979008] 0.141605
[2082986889] 0.141595
[2082993556] 0.141585
[2083001176] 0.141576
[2083011264] 0.141566
[2083017358] 0.141556
[2083024509] 0.141547
[2083039052] 0.141537
[2083052440] 0.141527
[2083058730] 0.141518
[2083068989] 0.141508
[2083075762] 0.141498
[2083082596] 0.141489
[2083099826] 0.141479
[2083112052] 0.141469
[2083120118] 0.141460
[2083130931] 0.141450
[2083136994] 0.141440
[2083143163] 0.141431
[2083155562] 0.141421
[2083161733] 0.141411
[2083172112] 0.141402
[2083179052] 0.141392
[2083193232] 0.141382
[2083200766] 0.141373
[2083215293] 0.141363
[2083223714] 0.141353
[2083237248] 0.141344
[2083242936] 0.141334
[2083257350] 0.141324
[2083264759] 0.141315
[2083276874] 0.141305
[2083290997] 0.141295
[2083297656] 0.141286
[2083305039] 0.141276
[2083360882] 0.141266
[2083367515] 0.141256
[2083379801] 0.141247
[2083389089] 0.141237
[2083400609] 0.141227
[2083452930] 0.141218
[2083465186] 0.141208
[2083478308] 0.141198
[2083484906] 0.141189
[2083497926] 0.141179
[2083504542] 0.141169
[2083515539] 0.141160
[2083521443] 0.141150
[2083531326] 0.141140
[2083538310] 0.141130
[2083544680] 0.141121
[2083554743] 0.141111
[2083560614] 0.141101
[2083572741] 0.141092
[2083579541] 0.141082
[2083592636] 0.141073
[2083600866] 0.141063
[2083611644] 0.141053
[2083617116] 0.141043
[2083622809] 0.141034
[2083680933] 0.141024
[2083696975] 0.141014
[2083707311] 0.141005
[2083713279] 0.140995
[2083724723] 0.140985
[2083731233] 0.140976
[2083738068] 0.140966
[2083747963] 0.140956
[2083756116] 0.140947
[2083766960] 0.140937
[2083773634] 0.140927
[2083787730] 0.140918
[2083795735] 0.140908
[2083808935] 0.140898
[2083814853] 0.140889
[2083826384] 0.140879
[2083833468] 0.140870
[2083845533] 0.140860
[2083856247] 0.140850
[2083870182] 0.140841
[2083876463] 0.140831
[2083892297] 0.140821
[2083904399] 0.140812
[2083910753] 0.140802
[2083917361] 0.140792
[2083929601] 0.140783
[2083936286] 0.140773
[2083947437] 0.140763
[2083955445] 0.140754
[2083975131] 0.140744
[2083981128] 0.140734
[2083991242] 0.140724
[2083997546] 0.140715
[2084010040] 0.140705
[2084018852] 0.140695
[2084028934] 0.140686
[2084034778] 0.140676
[2084046586] 0.140666
[2084052646] 0.140657
[2084062789] 0.140647
[2084068422] 0.140638
[2084074574] 0.140628
[2084088425] 0.140618
[2084094412] 0.140609
[2084109396] 0.140599
[2084115533] 0.140589
[2084126991] 0.140580
[2084133961] 0.140570
[2084147360] 0.140560
[2084154235] 0.140551
[2084164695] 0.140541
[2084172217] 0.140531
[2084182775] 0.140521
[2084190201] 0.140512
[2084197725] 0.140502
[2084248984] 0.140492
[2084260573] 0.140483
[2084270157] 0.140473
[2084275820] 0.140463
[2084288239] 0.140454
[2084294518] 0.140444
[2084301261] 0.140434
[2084310859] 0.140425
[2084316842] 0.140415
[2084327410] 0.140405
[2084333327] 0.140396
[2084339349] 0.140386
[2084350724] 0.140376
[2084357246] 0.140367
[2084367056] 0.140357
[2084372724] 0.140347
[2084378763] 0.140338
[2084393026] 0.140328
[2084399101] 0.140318
[2084408797] 0.140309
[2084414680] 0.140299
[2084420626] 0.140289
[2084430964] 0.140280
[2084437105] 0.140270
[2084446694] 0.140260
[2084453481] 0.140250
[2084460227] 0.140241
[2084471930] 0.140231
[2084477871] 0.140221
[2084489489] 0.140212
[2084497425] 0.140202
[2084507173] 0.140193
[2084512767] 0.140183
[2084518721] 0.140173
[2084528596] 0.140164
[2084534592] 0.140154
[2084540359] 0.140144
[2084549887] 0.140134
[2084557415] 0.140125
[2084567808] 0.140115
[2084573697] 0.140105
[2084580519] 0.140096
[2084637243] 0.140086
[2084643927] 0.140076
[2084651892] 0.140067
[2084663845] 0.140057
[2084670322] 0.140047
[2084679197] 0.140038
[2084692260] 0.140028
[2084703002] 0.140018
[2084711233] 0.140009
[2084717002] 0.139999
[2084729633] 0.139989
[2084737432] 0.139980
[2084749379] 0.139970
[2084756863] 0.139960
[2084770075] 0.139951
[2084776124] 0.139941
[2084788062] 0.139932
[2084794284] 0.139922
[2084806387] 0.139912
[2084812829] 0.139903
[2084824082] 0.139893
[2084834766] 0.139883
[2084840895] 0.139874
[2084847372] 0.139864
[2084855137] 0.139854
[2084869087] 0.139845
[2084875704] 0.139835
[2084889589] 0.139825
[2084895522] 0.139816
[2084908322] 0.139806
[2084914212] 0.139796
[2084928904] 0.139787
[2084935391] 0.139777
[2084947932] 0.139767
[2084953655] 0.139758
[2084963980] 0.139748
[2084970745] 0.139738
[2084978800] 0.139729
[2084991987] 0.139719
[2085004431] 0.139709
[2085012863] 0.139700
[2085023586] 0.139690
[2085029683] 0.139680
[2085037631] 0.139671
[2085049754] 0.139661
[2085057244] 0.139651
[2085068123] 0.139642
[2085074216] 0.139632
[2085086861] 0.139622
[2085092737] 0.139613
[2085104895] 0.139603
[2085111092] 0.139593
[2085117145] 0.139584
[2085130031] 0.139574
[2085136078] 0.139564
[2085146270] 0.139555
[2085154792] 0.139545
[2085167017] 0.139535
[2085174654] 0.139526
[2085184794] 0.139516
[2085194965] 0.139506
[2085208179] 0.139497
[2085213910] 0.139487
[2085226936] 0.139477
[2085234607] 0.139468
[2085247191] 0.139458
[2085253515] 0.139448
[2085263743] 0.139439
[2085271433] 0.139429
[2085279138] 0.139419
[2085292283] 0.139410
[2085302596] 0.139400
[2085308687] 0.139390
[2085314824] 0.139381
[2085326969] 0.139371
[2085333157] 0.139361
[2085393336] 0.139352
[2085407328] 0.139342
[2085417387] 0.139332
[2085423511] 0.139323
[2085435738] 0.139313
[2085442494] 0.139303
[2085453120] 0.139294
[2085460514] 0.139284
[2085466490] 0.139274
[2085476663] 0.139265
[2085483509] 0.139255
[2085497928] 0.139245
[2085504221] 0.139236
[2085514371] 0.139226
[2085522256] 0.139216
[2085532397] 0.139207
[2085539778] 0.139197
[2085547413] 0.139187
[2085557766] 0.139177
[2085563816] 0.139168
[2085574929] 0.139158
[2085584855] 0.139148
[2085597039] 0.139139
[2085603175] 0.139129
[2085615482] 0.139119
[2085621661] 0.139110
[2085632173] 0.139100
[2085638312] 0.139091
[2085645736] 0.139081
[2085655615] 0.139071
[2085661373] 0.139061
[2085673613] 0.139052
[2085681963] 0.139042
[2085694115] 0.139033
[2085701701] 0.139023
[2085711779] 0.139013
[2085717901] 0.139003
[2085723966] 0.138994
[2085781748] 0.138984
[2085794903] 0.138975
[2085801727] 0.138965
[2085811546] 0.138955
[2085817723] 0.138946
[2085827369] 0.138936
[2085833093] 0.138926
[2085839207] 0.138917
[2085849108] 0.138907
[2085855469] 0.138897
[2085865225] 0.138888
[2085871533] 0.138878
[2085877849] 0.138868
[2085889439] 0.138858
[2085896215] 0.138849
[2085908659] 0.138839
[2085914702] 0.138830
[2085920359] 0.138820
[2085931703] 0.138810
[2085938952] 0.138801
[2085949115] 0.138791
[2085955479] 0.138782
[2085964770] 0.138772
[2085971463] 0.138762
[2085977434] 0.138753
[2085988362] 0.138743
[2085997152] 0.138733
[2086007141] 0.138724
[2086013210] 0.138714
[2086019068] 0.138704
[2086032945] 0.138695
[2086039936] 0.138685
[2086049736] 0.138675
[2086057793] 0.138666
[2086067316] 0.138656
[2086074483] 0.138646
[2086081198] 0.138636
[2086093794] 0.138627
[2086099634] 0.138617
[2086111020] 0.138608
[2086117790] 0.138598
[2086127189] 0.138588
[2086132775] 0.138579
[2086139012] 0.138569
[2086149062] 0.138559
[2086154788] 0.138550
[2086160549] 0.138540
[2086169936] 0.138530
[2086177689] 0.138521
[2086188833] 0.138511
[2086195245] 0.138501
[2086207595] 0.138492
[2086213663] 0.138482
[2086219306] 0.138472
[2086228657] 0.138463
[2086236947] 0.138453
[2086246945] 0.138443
[2086253528] 0.138434
[2086259500] 0.138424
[2086271137] 0.138414
[2086277745] 0.138405
[2086288765] 0.138395
[2086294692] 0.138385
[2086305239] 0.138375
[2086312204] 0.138366
[2086318689] 0.138356
[2086328282] 0.138347
[2086334100] 0.138337
[2086339601] 0.138327
[2086350006] 0.138317
[2086358191] 0.138308
[2086368275] 0.138298
[2086375165] 0.138288
[2086381820] 0.138279
[2086394676] 0.138269
[2086401188] 0.138260
[2086411248] 0.138250
[2086418376] 0.138240
[2086429587] 0.138231
[2086435191] 0.138221
[2086440558] 0.138211
[2086452483] 0.138201
[2086458971] 0.138192
[2086468313] 0.138182
[2086474098] 0.138172
[2086488838] 0.138163
[2086495011] 0.138153
[2086502615] 0.138143
[2086515475] 0.138134
[2086522190] 0.138124
[2086533225] 0.138114
[2086540660] 0.138105
[2086551048] 0.138095
[2086556984] 0.138085
[2086567415] 0.138076
[2086573019] 0.138066
[2086579105] 0.138056
[2086591095] 0.138047
[2086597624] 0.138037
[2086607481] 0.138027
[2086613143] 0.138018
[2086619007] 0.138008
[2086632463] 0.137998
[2086639006] 0.137989
[2086649021] 0.137979
[2086657333] 0.137969
[2086666976] 0.137960
[2086673523] 0.137950
[2086680772] 0.137940
[2086741727] 0.137931
[2086753895] 0.137921
[2086760769] 0.137911
[2086770704] 0.137901
[2086778418] 0.137892
[2086786622] 0.137882
[2086792667] 0.137872
[2086800619] 0.137863
[2086813135] 0.137853
[2086819762] 0.137843
[2086829956] 0.137834
[2086837876] 0.137824
[2086848184] 0.137814
[2086854559] 0.137805
[2086861182] 0.137795
[2086873596] 0.137785
[2086879741] 0.137776
[2086891608] 0.137766
[2086898825] 0.137756
[2086909254] 0.137747
[2086915164] 0.137737
[2086920997] 0.137727
[2086933197] 0.137718
[2086939816] 0.137708
[2086949943] 0.137698
[2086957450] 0.137689
[2086968242] 0.137679
[2086975220] 0.137669
[2086983024] 0.137660
[2086996885] 0.137650
[2087007301] 0.137640
[2087013077] 0.137631
[2087020833] 0.137621
[2087026717] 0.137611
[2087032531] 0.137602
[2087038713] 0.137592
[2087053758] 0.137582
[2087060206] 0.137573
[2087120971] 0.137563
[2087132938] 0.137553
[2087141170] 0.137544
[2087147416] 0.137534
[2087153426] 0.137524
[2087163873] 0.137515
[2087171835] 0.137505
[2087183678] 0.137496
[2087190401] 0.137486
[2087202767] 0.137476
[2087208850] 0.137467
[2087219117] 0.137457
[2087228851] 0.137447
[2087240951] 0.137438
[2087247911] 0.137428
[2087261266] 0.137418
[2087268797] 0.137409
[2087279283] 0.137399
[2087290172] 0.137390
[2087302192] 0.137380
[2087308849] 0.137370
[2087321703] 0.137361
[2087329777] 0.137351
[2087340591] 0.137341
[2087347801] 0.137332
[2087358370] 0.137322
[2087364655] 0.137312
[2087372873] 0.137303
[2087387231] 0.137293
[2087398754] 0.137283
[2087407706] 0.137274
[2087419276] 0.137264
[2087426666] 0.137254
[2087438243] 0.137245
[2087444692] 0.137235
[2087451034] 0.137225
[2087462513] 0.137216
[2087468992] 0.137206
[2087480030] 0.137196
[2087487566] 0.137187
[2087498053] 0.137177
[2087504457] 0.137167
[2087511107] 0.137158
[2087522477] 0.137148
[2087530951] 0.137138
[2087541174] 0.137129
[2087549476] 0.137119
[2087563721] 0.137109
[2087570176] 0.137100
[2087581696] 0.137090
[2087589522] 0.137080
[2087601344] 0.137071
[2087608239] 0.137061
[2087620478] 0.137051
[2087628797] 0.137042
[2087639787] 0.137032
[2087647571] 0.137022
[2087660901] 0.137013
[2087667372] 0.137003
[2087679058] 0.136993
[2087685594] 0.136984
[2087694542] 0.136974
[2087709948] 0.136964
[2087719850] 0.136955
[2087727358] 0.136945
[2087739721] 0.136935
[2087747836] 0.136926
[2087759257] 0.136916
[2087766654] 0.136906
[2087772414] 0.136896
[2087783570] 0.136887
[2087790189] 0.136877
[2087852891] 0.136867
[2087865319] 0.136858
[2087875691] 0.136848
[2087882231] 0.136838
[2087945107] 0.136829
[2087957091] 0.136819
[2087965423] 0.136809
[2087971124] 0.136800
[2087977761] 0.136790
[2087989055] 0.136780
[2087995702] 0.136771
[2088006881] 0.136761
[2088012680] 0.136751
[2088023259] 0.136742
[2088029286] 0.136732
[2088036471] 0.136722
[2088046725] 0.136713
[2088053887] 0.136703
[2088063700] 0.136693
[2088070832] 0.136684
[2088076684] 0.136674
[2088088298] 0.136664
[2088094311] 0.136655
[2088105959] 0.136645
[2088111749] 0.136635
[2088121697] 0.136626
[2088128380] 0.136616
[2088135503] 0.136606
[2088145330] 0.136597
[2088150994] 0.136587
[2088162364] 0.136578
[2088169283] 0.136568
[2088175330] 0.136558
[2088280891] 0.136548
[2088293740] 0.136539
[2088300216] 0.136529
[2088311910] 0.136519
[2088317839] 0.136510
[2088329419] 0.136500
[2088336682] 0.136491
[2088346964] 0.136481
[2088354455] 0.136471
[2088360528] 0.136462
[2088372293] 0.136452
[2088378722] 0.136442
[2088391624] 0.136433
[2088398240] 0.136423
[2088410694] 0.136414
[2088417309] 0.136404
[2088427908] 0.136394
[2088433608] 0.136385
[2088439711] 0.136375
[2088450852] 0.136365
[2088459549] 0.136356
[2088470235] 0.136346
[2088476409] 0.136336
[2088489352] 0.136327
[2088495664] 0.136317
[2088503111] 0.136307
[2088513993] 0.136298
[2088521791] 0.136288
[2088529760] 0.136278
[2088535893] 0.136269
[2088543356] 0.136259
[2088554592] 0.136249
[2088560639] 0.136240
[2088570748] 0.136230
[2088577517] 0.136220
[2088589635] 0.136211
[2088595536] 0.136201
[2088602568] 0.136191
[2088615785] 0.136182
[2088626793] 0.136172
[2088633238] 0.136163
[2088639935] 0.136153
[2088650305] 0.136143
[2088656836] 0.136134
[2088667057] 0.136124
[2088672773] 0.136114
[2088678461] 0.136104
[2088690355] 0.136095
[2088697047] 0.136085
[2088709320] 0.136075
[2088715190] 0.136066
[2088776893] 0.136056
[2088792590] 0.136046
[2088803225] 0.136037
[2088808953] 0.136027
[2088820618] 0.136017
[2088826936] 0.136008
[2088837106] 0.135998
[2088892850] 0.135988
[2088903597] 0.135979
[2088915302] 0.135969
[2088922315] 0.135959
[2088928479] 0.135950
[2088934120] 0.135940
[2088940975] 0.135930
[2088952770] 0.135921
[2088959047] 0.135911
[2088969924] 0.135901
[2088975699] 0.135892
[2088982572] 0.135882
[2088994535] 0.135872
[2089001537] 0.135863
[2089011446] 0.135853
[2089017088] 0.135843
[2089022837] 0.135834
[2089033793] 0.135824
[2089039781] 0.135814
[2089051140] 0.135805
[2089104994] 0.135795
[2089165380] 0.135785
[2089177092] 0.135776
[2089184392] 0.135766
[2089197238] 0.135756
[2089204624] 0.135747
[2089216395] 0.135737
[2089222631] 0.135727
[2089237152] 0.135718
[2089242962] 0.135708
[2089254382] 0.135699
[2089260612] 0.135689
[2089273112] 0.135679
[2089279034] 0.135670
[2089291356] 0.135660
[2089297217] 0.135650
[2089304788] 0.135641
[2089315895] 0.135631
[2089322599] 0.135621
[2089334521] 0.135612
[2089340916] 0.135602
[2089353284] 0.135592
[2089360688] 0.135583
[2089372170] 0.135573
[2089378337] 0.135563
[2089388242] 0.135554
[2089399444] 0.135544
[2089411472] 0.135534
[2089418124] 0.135525
[2089425218] 0.135515
[2089437791] 0.135505
[2089444572] 0.135496
[2089451873] 0.135486
[2089457716] 0.135476
[2089464414] 0.135467
[2089475533] 0.135457
[2089483136] 0.135447
[2089494948] 0.135438
[2089502542] 0.135428
[2089515506] 0.135418
[2089523079] 0.135409
[2089536258] 0.135399
[2089542384] 0.135389
[2089555577] 0.135380
[2089561124] 0.135370
[2089573005] 0.135360
[2089579990] 0.135351
[2089591773] 0.135341
[2089598343] 0.135331
[2089604441] 0.135322
[2089615059] 0.135312
[2089622752] 0.135302
[2089636458] 0.135293
[2089642816] 0.135283
[2089654957] 0.135273
[2089661883] 0.135264
[2089671981] 0.135254
[2089678625] 0.135244
[2089687812] 0.135235
[2089699538] 0.135225
[2089711081] 0.135215
[2089720400] 0.135206
[2089787051] 0.135196
[2089797918] 0.135186
[2089858932] 0.135177
[2089867050] 0.135167
[2089873390] 0.135157
[2089885028] 0.135148
[2089891006] 0.135138
[2089898523] 0.135128
[2089908556] 0.135119
[2089915168] 0.135109
[2089926835] 0.135099
[2089932900] 0.135090
[2089938585] 0.135080
[2089949024] 0.135070
[2089957539] 0.135061
[2089967549] 0.135051
[2089973033] 0.135041
[2089979712] 0.135032
[2089988172] 0.135022
[2089994117] 0.135012
[2090004224] 0.135003
[2090011514] 0.134993
[2090018859] 0.134983
[2090031045] 0.134974
[2090037688] 0.134964
[2090047892] 0.134954
[2090054174] 0.134945
[2090064391] 0.134935
[2090070334] 0.134925
[2090078678] 0.134916
[2090136912] 0.134906
[2090147501] 0.134896
[2090159140] 0.134887
[2090164773] 0.134877
[2090176359] 0.134867
[2090183405] 0.134858
[2090243268] 0.134848
[2090258591] 0.134838
[2090269737] 0.134829
[2090276033] 0.134819
[2090283252] 0.134810
[2090298561] 0.134800
[2090311458] 0.134790
[2090319137] 0.134781
[2090332184] 0.134771
[2090338444] 0.134761
[2090348836] 0.134752
[2090355028] 0.134742
[2090361244] 0.134732
[2090371989] 0.134723
[2090378758] 0.134713
[2090391462] 0.134703
[2090398430] 0.134694
[2090413343] 0.134684
[2090420230] 0.134674
[2090438635] 0.134665
[2090449022] 0.134655
[2090455011] 0.134645
[2090460445] 0.134636
[2090470994] 0.134626
[2090477873] 0.134616
[2090489206] 0.134606
[2090496458] 0.134597
[2090501077] 0.134587
[2090510839] 0.134577
[2090515902] 0.134568
[2090521129] 0.134558
[2090535993] 0.134549
[2090541825] 0.134539
[2090551859] 0.134529
[2090558848] 0.134519
[2090570158] 0.134510
[2090576124] 0.134500
[2090584190] 0.134490
[2090597683] 0.134481
[2090609568] 0.134471
[2090616623] 0.134461
[2090624465] 0.134452
[2090636282] 0.134442
[2090642801] 0.134432
[2090654592] 0.134423
[2090660159] 0.134413
[2090670089] 0.134403
[2090677680] 0.134394
[2090690360] 0.134384
[2090696141] 0.134374
[2090703605] 0.134364
[2090715490] 0.134355
[2090723241] 0.134345
[2090737461] 0.134335
[2090743040] 0.134326
[2090753292] 0.134316
[2090759237] 0.134306
[2090769740] 0.134297
[2090776951] 0.134287
[2090783837] 0.134277
[2090794635] 0.134268
[2090849456] 0.134258
[2090862195] 0.134248
[2090872557] 0.134239
[2090878367] 0.134229
[2090892774] 0.134219
[2090898802] 0.134210
[2090911683] 0.134200
[2090918866] 0.134190
[2090928936] 0.134181
[2090935920] 0.134171
[2090942206] 0.134161
[2090954485] 0.134152
[2090960223] 0.134142
[2090970522] 0.134132
[2090978065] 0.134123
[2090990156] 0.134113
[2090995753] 0.134103
[2091001804] 0.134094
[2091013721] 0.134084
[2091021254] 0.134074
[2091033330] 0.134065
[2091042636] 0.134055
[2091051666] 0.134045
[2091056579] 0.134036
[2091061671] 0.134026
[2091071961] 0.134016
[2091076103] 0.134007
[2091081487] 0.133997
[2091087967] 0.133987
[2091093709] 0.133978
[2091100984] 0.133968
[2091109493] 0.133958
[2091114795] 0.133949
[2091121173] 0.133939
[2091131604] 0.133929
[2091136669] 0.133920
[2091145735] 0.133910
[2091150768] 0.133900
[2091157999] 0.133891
[2091217042] 0.133881
[2091229498] 0.133871
[2091240278] 0.133862
[2091248189] 0.133852
[2091254580] 0.133842
[2091260662] 0.133833
[2091266629] 0.133823
[2091277909] 0.133813
[2091286906] 0.133804
[2091297444] 0.133794
[2091303954] 0.133785
[2091316629] 0.133775
[2091323634] 0.133765
[2091338232] 0.133756
[2091344106] 0.133746
[2091356507] 0.133736
[2091363099] 0.133727
[2091375453] 0.133717
[2091383213] 0.133708
[2091397600] 0.133698
[2091403669] 0.133688
[2091413800] 0.133679
[2091421436] 0.133669
[2091437339] 0.133659
[2091443874] 0.133650
[2091450762] 0.133640
[2091458672] 0.133630
[2091464380] 0.133621
[2091474968] 0.133611
[2091481471] 0.133601
[2091490242] 0.133592
[2091501754] 0.133582
[2091508245] 0.133572
[2091519177] 0.133563
[2091525986] 0.133553
[2091537465] 0.133543
[2091543960] 0.133534
[2091556205] 0.133524
[2091562502] 0.133514
[2091573593] 0.133505
[2091583086] 0.133495
[2091597592] 0.133485
[2091604818] 0.133476
[2091618149] 0.133466
[2091625141] 0.133457
[2091639015] 0.133447
[2091644774] 0.133437
[2091657437] 0.133427
[2091663655] 0.133418
[2091675913] 0.133408
[2091682840] 0.133398
[2091695329] 0.133389
[2091703910] 0.133379
[2091714790] 0.133370
[2091720961] 0.133360
[2091730349] 0.133350
[2091740661] 0.133340
[2091747696] 0.133331
[2091762523] 0.133321
[2091773148] 0.133312
[2091779066] 0.133302
[2091788771] 0.133292
[2091800504] 0.133283
[2091807222] 0.133273
[2091818720] 0.133263
[2091824357] 0.133254
[2091835385] 0.133244
[2091841522] 0.133234
[2091848758] 0.133225
[2091858823] 0.133215
[2091864763] 0.133205
[2091874739] 0.133196
[2091883460] 0.133186
[2091895723] 0.133176
[2091903715] 0.133167
[2091916466] 0.133157
[2091924719] 0.133147
[2091938503] 0.133138
[2091944290] 0.133128
[2091956735] 0.133118
[2091962647] 0.133109
[2091974865] 0.133099
[2091982371] 0.133089
[2091993489] 0.133080
[2092003022] 0.133070
[2092009700] 0.133060
[2092020734] 0.133051
[2092029573] 0.133041
[2092040722] 0.133031
[2092049322] 0.133022
[2092063600] 0.133012
[2092074177] 0.133002
[2092080753] 0.132993
[2092089001] 0.132983
[2092099458] 0.132973
[2092106645] 0.132964
[2092119413] 0.132954
[2092177967] 0.132944
[2092188835] 0.132935
[2092194548] 0.132925
[2092203889] 0.132915
[2092211631] 0.132906
[2092220926] 0.132896
[2092226565] 0.132886
[2092232180] 0.132877
[2092246118] 0.132867
[2092252691] 0.132857
[2092262188] 0.132848
[2092268324] 0.132838
[2092274106] 0.132828
[2092284972] 0.132819
[2092290968] 0.132809
[2092297668] 0.132799
[2092307598] 0.132790
[2092314406] 0.132780
[2092324116] 0.132770
[2092331608] 0.132761
[2092337337] 0.132751
[2092347402] 0.132741
[2092353456] 0.132732
[2092365281] 0.132722
[2092371732] 0.132712
[2092381869] 0.132703
[2092388861] 0.132693
[2092394644] 0.132683
[2092403989] 0.132674
[2092409692] 0.132664
[2092417414] 0.132654
[2092427450] 0.132645
[2092434056] 0.132635
[2092443758] 0.132625
[2092451672] 0.132615
[2092457487] 0.132606
[2092467297] 0.132596
[2092473071] 0.132586
[2092486266] 0.132577
[2092492611] 0.132567
[2092549101] 0.132557
[2092559325] 0.132548
[2092567407] 0.132538
[2092577827] 0.132528
[2092584546] 0.132519
[2092594392] 0.132509
[2092602254] 0.132500
[2092608075] 0.132490
[2092617980] 0.132480
[2092624746] 0.132471
[2092636628] 0.132461
[2092642745] 0.132451
[2092649385] 0.132442
[2092662377] 0.132432
[2092668874] 0.132422
[2092678364] 0.132413
[2092684888] 0.132403
[2092696446] 0.132393
[2092703480] 0.132384
[2092710135] 0.132374
[2092721786] 0.132365
[2092729014] 0.132355
[2092738570] 0.132345
[2092746788] 0.132336
[2092756458] 0.132326
[2092762527] 0.132316
[2092768165] 0.132307
[2092778689] 0.132297
[2092785596] 0.132287
[2092795712] 0.132278
[2092802737] 0.132268
[2092808623] 0.132258
[2092818104] 0.132249
[2092824239] 0.132239
[2092837160] 0.132229
[2092844455] 0.132220
[2092856376] 0.132210
[2092863045] 0.132200
[2092874462] 0.132191
[2092880523] 0.132181
[2092886698] 0.132171
[2092897698] 0.132162
[2092903439] 0.132152
[2092909806] 0.132142
[2092919506] 0.132133
[2092929345] 0.132123
[2092939622] 0.132113
[2092946403] 0.132104
[2092958473] 0.132094
[2092964460] 0.132085
[2092974288] 0.132075
[2092981162] 0.132065
[2092988704] 0.132056
[2092998598] 0.132046
[2093004323] 0.132036
[2093013566] 0.132027
[2093021003] 0.132017
[2093028292] 0.132007
[2093038447] 0.131998
[2093044118] 0.131988
[2093055271] 0.131978
[2093061978] 0.131969
[2093068858] 0.131959
[2093078743] 0.131949
[2093085817] 0.131940
[2093095908] 0.131930
[2093103191] 0.131920
[2093115217] 0.131911
[2093120773] 0.131901
[2093127618] 0.131891
[2093138258] 0.131882
[2093144322] 0.131872
[2093155553] 0.131862
[2093161243] 0.131853
[2093167612] 0.131843
[2093177268] 0.131833
[2093183524] 0.131824
[2093193824] 0.131814
[2093201712] 0.131804
[2093207442] 0.131795
[2093216992] 0.131785
[2093222952] 0.131775
[2093236579] 0.131766
[2093243331] 0.131756
[2093250326] 0.131746
[2093262344] 0.131737
[2093268932] 0.131727
[2093278871] 0.131717
[2093288699] 0.131708
[2093300786] 0.131698
[2093307043] 0.131688
[2093317699] 0.131679
[2093324200] 0.131669
[2093335032] 0.131659
[2093341667] 0.131650
[2093348418] 0.131640
[2093358240] 0.131630
[2093363819] 0.131621
[2093373667] 0.131611
[2093381789] 0.131601
[2093388184] 0.131592
[2093398506] 0.131582
[2093404931] 0.131572
[2093415393] 0.131563
[2093420982] 0.131553
[2093427665] 0.131543
[2093438209] 0.131534
[2093445031] 0.131524
[2093456736] 0.131514
[2093462442] 0.131505
[2093468669] 0.131495
[2093479962] 0.131485
[2093486579] 0.131476
[2093497104] 0.131466
[2093502809] 0.131456
[2093508572] 0.131447
[2093518538] 0.131437
[2093524750] 0.131427
[2093536584] 0.131418
[2093543498] 0.131408
[2093555169] 0.131399
[2093562344] 0.131389
[2093567875] 0.131379
[2093578125] 0.131370
[2093584948] 0.131360
[2093596037] 0.131350
[2093602731] 0.131341
[2093609024] 0.131331
[2093620940] 0.131321
[2093627711] 0.131312
[2093637508] 0.131302
[2093643544] 0.131292
[2093655124] 0.131283
[2093661684] 0.131273
[2093668457] 0.131263
[2093678824] 0.131254
[2093686025] 0.131244
[2093695558] 0.131234
[2093702518] 0.131225
[2093709003] 0.131215
[2093719069] 0.131205
[2093725333] 0.131196
[2093737249] 0.131186
[2093742956] 0.131176
[2093750275] 0.131167
[2093760583] 0.131157
[2093767863] 0.131147
[2093777720] 0.131138
[2093785165] 0.131128
[2093796922] 0.131118
[2093802587] 0.131109
[2093808204] 0.131099
[2093818133] 0.131089
[2093824970] 0.131080
[2093837695] 0.131070
[2093843172] 0.131061
[2093855173] 0.131051
[2093861375] 0.131041
[2093867489] 0.131031
[2093877273] 0.131022
[2093883718] 0.131012
[2093896057] 0.131002
[2093953015] 0.130993
[2093963611] 0.130983
[2093973054] 0.130973
[2093981143] 0.130964
[2093992338] 0.130954
[2093999036] 0.130944
[2094008675] 0.130935
[2094014166] 0.130925
[2094019932] 0.130915
[2094029808] 0.130906
[2094037724] 0.130896
[2094043411] 0.130887
[2094053161] 0.130877
[2094060221] 0.130867
[2094072098] 0.130857
[2094077881] 0.130848
[2094084533] 0.130838
[2094095819] 0.130828
[2094101821] 0.130819
[2094111324] 0.130809
[2094116756] 0.130799
[2094122718] 0.130790
[2094133648] 0.130780
[2094139341] 0.130770
[2094148566] 0.130761
[2094157354] 0.130751
[2094163225] 0.130741
[2094172577] 0.130732
[2094178193] 0.130722
[2094190554] 0.130712
[2094196385] 0.130703
[2094202830] 0.130693
[2094212420] 0.130683
[2094218354] 0.130674
[2094224218] 0.130664
[2094233745] 0.130655
[2094239370] 0.130645
[2094250688] 0.130635
[2094257424] 0.130625
[2094264087] 0.130616
[2094274169] 0.130606
[2094333080] 0.130597
[2094345711] 0.130587
[2094357344] 0.130577
[2094363160] 0.130568
[2094374507] 0.130558
[2094381813] 0.130548
[2094391600] 0.130539
[2094397851] 0.130529
[2094403715] 0.130519
[2094413371] 0.130510
[2094418953] 0.130500
[2094424857] 0.130490
[2094437029] 0.130481
[2094443534] 0.130471
[2094454665] 0.130461
[2094461689] 0.130452
[2094471495] 0.130442
[2094478546] 0.130433
[2094485091] 0.130423
[2094497217] 0.130413
[2094503863] 0.130404
[2094513360] 0.130394
[2094520795] 0.130384
[2094532453] 0.130375
[2094538248] 0.130365
[2094543973] 0.130356
[2094555221] 0.130346
[2094562110] 0.130336
[2094572139] 0.130326
[2094578211] 0.130317
[2094585608] 0.130307
[2094595532] 0.130297
[2094602705] 0.130288
[2094613915] 0.130278
[2094619531] 0.130268
[2094626257] 0.130259
[2094637044] 0.130249
[2094643280] 0.130240
[2094654978] 0.130230
[2094660814] 0.130220
[2094672568] 0.130210
[2094679135] 0.130201
[2094687038] 0.130191
[2094697698] 0.130181
[2094705265] 0.130172
[2094715777] 0.130162
[2094722235] 0.130152
[2094733959] 0.130143
[2094739745] 0.130133
[2094745465] 0.130123
[2094758945] 0.130114
[2094765283] 0.130104
[2094776074] 0.130094
[2094783440] 0.130085
[2094798432] 0.130075
[2094805975] 0.130065
[2094817475] 0.130056
[2094823752] 0.130046
[2094835049] 0.130036
[2094841830] 0.130027
[2094853233] 0.130017
[2094859035] 0.130007
[2094865061] 0.129998
[2094878923] 0.129988
[2094886148] 0.129978
[2094898964] 0.129969
[2094907786] 0.129959
[2094918209] 0.129949
[2094925199] 0.129940
[2094937258] 0.129930
[2094943034] 0.129920
[2094952817] 0.129911
[2094959883] 0.129901
[2094967450] 0.129891
[2094977329] 0.129882
[2094984188] 0.129872
[2094994499] 0.129862
[2095002006] 0.129853
[2095011867] 0.129843
[2095017599] 0.129833
[2095023764] 0.129824
[2095037006] 0.129814
[2095043687] 0.129804
[2095055337] 0.129795
[2095062981] 0.129785
[2095072609] 0.129775
[2095079234] 0.129766
[2095088367] 0.129756
[2095098199] 0.129746
[2095103699] 0.129737
[2095113133] 0.129727
[2095121218] 0.129717
[2095132132] 0.129708
[2095137728] 0.129698
[2095143285] 0.129688
[2095154988] 0.129679
[2095161417] 0.129669
[2095171391] 0.129659
[2095177307] 0.129650
[2095183565] 0.129640
[2095194979] 0.129630
[2095201566] 0.129621
[2095213477] 0.129611
[2095220115] 0.129601
[2095231430] 0.129592
[2095237626] 0.129582
[2095243254] 0.129572
[2095254254] 0.129563
[2095260708] 0.129553
[2095272492] 0.129543
[2095278191] 0.129534
[2095285205] 0.129524
[2095296964] 0.129514
[2095302838] 0.129505
[2095312344] 0.129495
[2095318220] 0.129485
[2095324398] 0.129476
[2095337191] 0.129466
[2095343752] 0.129456
[2095354135] 0.129447
[2095362070] 0.129437
[2095371528] 0.129427
[2095378313] 0.129418
[2095387621] 0.129408
[2095398563] 0.129398
[2095462849] 0.129389
[2095473005] 0.129379
[2095481026] 0.129369
[2095488370] 0.129360
[2095498656] 0.129350
[2095507409] 0.129340
[2095513283] 0.129331
[2095519039] 0.129321
[2095525500] 0.129312
[2095537792] 0.129302
[2095544327] 0.129292
[2095554489] 0.129282
[2095561871] 0.129273
[2095573847] 0.129263
[2095580235] 0.129254
[2095587062] 0.129244
[2095598955] 0.129234
[2095604792] 0.129224
[2095614875] 0.129215
[2095620602] 0.129205
[2095628209] 0.129196
[2095634128] 0.129186
[2095639976] 0.129176
[2095645684] 0.129167
[2095657295] 0.129157
[2095663551] 0.129147
[2095674517] 0.129138
[2095681120] 0.129128
[2095694897] 0.129118
[2095702421] 0.129109
[2095711975] 0.129099
[2095718247] 0.129089
[2095723422] 0.129079
[2095731881] 0.129070
[2095737352] 0.129060
[2095742617] 0.129051
[2095753759] 0.129041
[2095759087] 0.129031
[2095764185] 0.129022
[2095773973] 0.129012
[2095836955] 0.129002
[2095848843] 0.128993
[2095855463] 0.128983
[2095861794] 0.128973
[2095868909] 0.128964
[2095881567] 0.128954
[2095887788] 0.128944
[2095898418] 0.128935
[2095904644] 0.128925
[2095915517] 0.128915
[2095921370] 0.128906
[2095931915] 0.128896
[2095942686] 0.128886
[2095949988] 0.128877
[2095964380] 0.128867
[2095974904] 0.128857
[2095981894] 0.128848
[2095995666] 0.128838
[2096003080] 0.128829
[2096014493] 0.128819
[2096022533] 0.128809
[2096029376] 0.128800
[2096039667] 0.128790
[2096047996] 0.128780
[2096058609] 0.128771
[2096064782] 0.128761
[2096075891] 0.128751
[2096084381] 0.128742
[2096096126] 0.128732
[2096102843] 0.128722
[2096110807] 0.128713
[2096121497] 0.128703
[2096129118] 0.128694
[2096142940] 0.128684
[2096149937] 0.128674
[2096161849] 0.128665
[2096169012] 0.128655
[2096174869] 0.128645
[2096181592] 0.128636
[2096189267] 0.128626
[2096201056] 0.128616
[2096207186] 0.128607
[2096219606] 0.128597
[2096229267] 0.128587
[2096240204] 0.128578
[2096246982] 0.128568
[2096258921] 0.128558
[2096264687] 0.128549
[2096274972] 0.128539
[2096282120] 0.128529
[2096296559] 0.128520
[2096303986] 0.128510
[2096317502] 0.128500
[2096324533] 0.128491
[2096336486] 0.128481
[2096342645] 0.128471
[2096348836] 0.128462
[2096359566] 0.128452
[2096366041] 0.128442
[2096377329] 0.128433
[2096383430] 0.128423
[2096395665] 0.128413
[2096404204] 0.128404
[2096416438] 0.128394
[2096423880] 0.128384
[2096438143] 0.128375
[2096444295] 0.128365
[2096456859] 0.128355
[2096462743] 0.128346
[2096468636] 0.128336
[2096479595] 0.128326
[2096486344] 0.128317
[2096497343] 0.128307
[2096552840] 0.128297
[2096567526] 0.128288
[2096578034] 0.128278
[2096640893] 0.128268
[2096655053] 0.128259
[2096661551] 0.128249
[2096668082] 0.128239
[2096675182] 0.128230
[2096689082] 0.128220
[2096695399] 0.128210
[2096707350] 0.128201
[2096713228] 0.128191
[2096723485] 0.128181
[2096730217] 0.128172
[2096742049] 0.128162
[2096747739] 0.128152
[2096753411] 0.128143
[2096763670] 0.128133
[2096771459] 0.128123
[2096782346] 0.128114
[2096789300] 0.128104
[2096801167] 0.128095
[2096808672] 0.128085
[2096814767] 0.128075
[2096824691] 0.128066
[2096832662] 0.128056
[2096839490] 0.128046
[2096845492] 0.128037
[2096851255] 0.128027
[2096863506] 0.128017
[2096870356] 0.128008
[2096932894] 0.127998
[2096944852] 0.127988
[2096958440] 0.127979
[2096964763] 0.127969
[2097024894] 0.127959
[2097038212] 0.127950
[2097049784] 0.127940
[2097057103] 0.127931
[2097067731] 0.127921
[2097074661] 0.127911
[2097087180] 0.127902
[2097093148] 0.127892
[2097105268] 0.127882
[2097111808] 0.127873
[2097118433] 0.127863
[2097132346] 0.127853
[2097139890] 0.127844
[2097151177] 0.127834
[2097164744] 0.127825
[2097172174] 0.127815
[2097183674] 0.127805
[2097192830] 0.127796
[2097204431] 0.127786
[2097210492] 0.127776
[2097219128] 0.127767
[2097231649] 0.127757
[2097237244] 0.127747
[2097248765] 0.127738
[2097254724] 0.127728
[2097265063] 0.127718
[2097272450] 0.127709
[2097286640] 0.127699
[2097292985] 0.127689
[2097304170] 0.127680
[2097312611] 0.127670
[2097324478] 0.127660
[2097331540] 0.127651
[2097338867] 0.127641
[2097350455] 0.127631
[2097357561] 0.127622
[2097368398] 0.127612
[2097374246] 0.127602
[2097385587] 0.127593
[2097392539] 0.127583
[2097398755] 0.127573
[2097408820] 0.127564
[2097414608] 0.127554
[2097428924] 0.127544
[2097435263] 0.127535
[2097445917] 0.127525
[2097453733] 0.127515
[2097466426] 0.127506
[2097474165] 0.127496
[2097488347] 0.127486
[2097495029] 0.127477
[2097507167] 0.127467
[2097513402] 0.127457
[2097525675] 0.127447
[2097532482] 0.127438
[2097542793] 0.127428
[2097548700] 0.127418
[2097555103] 0.127409
[2097565280] 0.127399
[2097571288] 0.127389
[2097577740] 0.127380
[2097590551] 0.127370
[2097597358] 0.127361
[2097611310] 0.127351
[2097617647] 0.127341
[2097632037] 0.127332
[2097640274] 0.127322
[2097646551] 0.127312
[2097701085] 0.127303
[2097712545] 0.127293
[2097723091] 0.127283
[2097730878] 0.127274
[2097741126] 0.127264
[2097748725] 0.127254
[2097754883] 0.127245
[2097813594] 0.127235
[2097826241] 0.127225
[2097832117] 0.127216
[2097842868] 0.127206
[2097849470] 0.127196
[2097859446] 0.127187
[2097865731] 0.127177
[2097871757] 0.127167
[2097885663] 0.127158
[2097891593] 0.127148
[2097901903] 0.127138
[2097907879] 0.127129
[2097913897] 0.127119
[2097923930] 0.127109
[2097929624] 0.127100
[2097941711] 0.127090
[2097949124] 0.127080
[2097959259] 0.127071
[2097967145] 0.127061
[2097973134] 0.127051
[2097985622] 0.127042
[2097991357] 0.127032
[2098003453] 0.127022
[2098009373] 0.127013
[2098019614] 0.127003
[2098029070] 0.126993
[2098090777] 0.126984
[2098101050] 0.126974
[2098148930] 0.126964
[2098159555] 0.126955
[2098169386] 0.126945
[2098176556] 0.126935
[2098187612] 0.126926
[2098193460] 0.126916
[2098200622] 0.126906
[2098212339] 0.126897
[2098218123] 0.126887
[2098228906] 0.126878
[2098234764] 0.126868
[2098245660] 0.126858
[2098252403] 0.126849
[2098258392] 0.126839
[2098268213] 0.126829
[2098274006] 0.126820
[2098284622] 0.126810
[2098290462] 0.126801
[2098297264] 0.126791
[2098308159] 0.126781
[2098313907] 0.126772
[2098323724] 0.126762
[2098330364] 0.126752
[2098335932] 0.126743
[2098346052] 0.126733
[2098353111] 0.126723
[2098364636] 0.126714
[2098370488] 0.126704
[2098376292] 0.126694
[2098389067] 0.126685
[2098394896] 0.126675
[2098405679] 0.126665
[2098411509] 0.126656
[2098417335] 0.126646
[2098428419] 0.126636
[2098434265] 0.126627
[2098443914] 0.126617
[2098450804] 0.126607
[2098456327] 0.126598
[2098466316] 0.126588
[2098471935] 0.126578
[2098477813] 0.126569
[2098490315] 0.126559
[2098496056] 0.126550
[2098507583] 0.126540
[2098513454] 0.126530
[2098518972] 0.126521
[2098529969] 0.126511
[2098536282] 0.126501
[2098545855] 0.126491
[2098552728] 0.126482
[2098558628] 0.126472
[2098568127] 0.126463
[2098573752] 0.126453
[2098584554] 0.126443
[2098590963] 0.126434
[2098597253] 0.126424
[2098608313] 0.126414
[2098614310] 0.126405
[2098624472] 0.126395
[2098631102] 0.126385
[2098637843] 0.126376
[2098648127] 0.126366
[2098654750] 0.126356
[2098664875] 0.126347
[2098671608] 0.126337
[2098678270] 0.126327
[2098691001] 0.126318
[2098697270] 0.126308
[2098707725] 0.126298
[2098714322] 0.126289
[2098724759] 0.126279
[2098731151] 0.126269
[2098736932] 0.126260
[2098746797] 0.126250
[2098796880] 0.126240
[2098852970] 0.126231
[2098865020] 0.126221
[2098875497] 0.126211
[2098882090] 0.126202
[2098893685] 0.126192
[2098900982] 0.126182
[2098911250] 0.126172
[2098916663] 0.126163
[2098922636] 0.126153
[2098934359] 0.126143
[2098940122] 0.126134
[2098950459] 0.126124
[2098957007] 0.126115
[2098963768] 0.126105
[2098973644] 0.126095
[2098980081] 0.126085
[2098993443] 0.126076
[2099000054] 0.126066
[2099010540] 0.126056
[2099017121] 0.126047
[2099022873] 0.126037
[2099033311] 0.126027
[2099039318] 0.126018
[2099050296] 0.126008
[2099057708] 0.125998
[2099063736] 0.125989
[2099073863] 0.125979
[2099081049] 0.125969
[2099093065] 0.125960
[2099099463] 0.125950
[2099110888] 0.125940
[2099116640] 0.125931
[2099173023] 0.125921
[2099179635] 0.125911
[2099192247] 0.125902
[2099198935] 0.125892
[2099209436] 0.125882
[2099216236] 0.125873
[2099222900] 0.125863
[2099234261] 0.125853
[2099241351] 0.125844
[2099251794] 0.125834
[2099258181] 0.125824
[2099268116] 0.125815
[2099274304] 0.125805
[2099280822] 0.125795
[2099294690] 0.125786
[2099302217] 0.125776
[2099314220] 0.125766
[2099321032] 0.125757
[2099333348] 0.125747
[2099339506] 0.125738
[2099351208] 0.125728
[2099357173] 0.125718
[2099363074] 0.125709
[2099373701] 0.125699
[2099380964] 0.125690
[2099393973] 0.125680
[2099400838] 0.125670
[2099413803] 0.125660
[2099419748] 0.125651
[2099430063] 0.125641
[2099437007] 0.125631
[2099443290] 0.125622
[2099455946] 0.125612
[2099461727] 0.125602
