[11331985947] 1.570797
[11331996358] 1.570797
[11332001758] 1.570797
[11332011159] 1.570797
[11332017843] 1.570797
[11332025784] 1.570797
[11332032226] 1.570797
[11332040061] 1.570797
[11332047974] 1.570797
[11332058024] 1.570797
[11332062760] 1.570797
[11332070425] 1.570797
[11332078153] 1.570797
[11332086231] 1.570797
[11332094203] 1.570797
[11332102609] 1.570800
[11332110139] 1.570800
[11332116566] 1.570800
[11332124157] 1.570800
[11332131917] 1.570800
[11332139582] 1.570800
[11332147568] 1.570800
[11332155276] 1.570800
[11332162763] 1.570800
[11332170797] 1.570800
[11332178168] 1.570800
[11332185841] 1.570800
[11332193602] 1.570800
[11332202364] 1.570800
[11332209889] 1.570800
[11332216618] 1.570800
[11332224380] 1.570800
[11332232963] 1.570800
[11332239727] 1.570800
[11332247236] 1.570800
[11332255230] 1.570800
[11332263412] 1.570800
[11332271126] 1.570800
[11332278936] 1.570800
[11332285986] 1.570800
[11332294939] 1.570800
[11332301759] 1.570800
[11332309982] 1.570800
[11332316632] 1.570800
[11332325244] 1.570800
[11332331988] 1.570800
[11332340367] 1.570800
[11332348113] 1.570800
[11332356087] 1.570800
[11332363513] 1.570800
[11332371010] 1.570800
[11332427309] 1.570800
[11332431684] 1.570800
[11332439950] 1.570800
[11332446741] 1.570800
[11332454726] 1.570800
[11332462519] 1.570800
[11332470080] 1.570800
[11332529221] 1.570797
[11332535577] 1.565212
[11332542002] 1.565120
[11332549664] 1.565099
[11332556718] 1.565083
[11332565311] 1.565090
[11332572260] 1.565099
[11332580411] 1.565096
[11332587436] 1.565080
[11332596254] 1.565065
[11332602495] 1.565044
[11332611642] 1.565038
[11332618747] 1.565022
[11332625972] 1.565025
[11332633680] 1.565025
[11332641456] 1.565016
[11332650428] 1.565010
[11332656907] 1.564980
[11332664822] 1.564961
[11332673165] 1.564921
[11332680395] 1.564909
[11332687294] 1.564903
[11332695188] 1.564903
[11332703100] 1.564903
[11332711154] 1.564897
[11332718232] 1.564888
[11332726595] 1.564882
[11332733697] 1.564872
[11332742299] 1.564866
[11332749307] 1.564866
[11332756532] 1.564860
[11332764304] 1.564854
[11332773101] 1.564842
[11332779531] 1.564833
[11332787194] 1.564820
[11332794932] 1.564817
[11332803958] 1.564808
[11332810732] 1.564646
[11332818363] 1.563752
[11332827307] 1.562028
[11332834543] 1.561119
[11332840969] 1.559741
[11332850730] 1.559306
[11332857536] 1.559024
[11332865263] 1.558985
[11332872213] 1.558948
[11332879800] 1.558948
[11332887361] 1.558960
[11332896534] 1.558969
[11332902512] 1.558969
[11332911859] 1.558960
[11332917859] 1.558957
[11332926345] 1.558954
[11332933926] 1.558954
[11332941447] 1.558954
[11332950220] 1.558957
[11332956841] 1.558960
[11332964482] 1.558957
[11332973352] 1.558951
[11332980205] 1.558942
[11332987009] 1.558709
[11332994751] 1.558329
[11333002330] 1.556949
[11333011524] 1.555999
[11333018184] 1.554312
[11333026756] 1.553694
[11333033562] 1.553063
[11333042084] 1.553002
[11333049803] 1.552974
[11333056944] 1.552965
[11333064687] 1.552965
[11333072960] 1.552984
[11333079684] 1.552993
[11333087158] 1.552993
[11333094773] 1.552990
[11333103988] 1.552769
[11333111142] 1.552393
[11333118548] 1.551036
[11333126363] 1.550133
[11333134783] 1.548419
[11333141097] 1.547757
[11333149430] 1.547025
[11333156884] 1.546995
[11333165731] 1.547001
[11333172366] 1.546973
[11333180349] 1.546832
[11333187178] 1.545957
[11333196171] 1.544346
[11333202535] 1.543452
[11333211520] 1.542589
[11333217971] 1.541263
[11333226717] 1.540651
[11333233309] 1.540296
[11333240869] 1.539803
[11333249875] 1.538290
[11333258039] 1.536441
[11333263979] 1.535718
[11333272791] 1.534157
[11333280264] 1.533251
[11333287366] 1.532216
[11333295079] 1.530311
[11333302625] 1.528110
[11333311389] 1.527164
[11333317911] 1.526049
[11333326715] 1.524629
[11333333228] 1.524629
[11333340901] 1.522850
[11333351015] 1.520459
[11333356807] 1.518297
[11333364036] 1.517480
[11333372673] 1.515884
[11333379499] 1.514804
[11333387752] 1.512021
[11333395994] 1.510741
[11333403641] 1.508705
[11333411842] 1.507602
[11333418215] 1.504887
[11333427750] 1.502544
[11333435100] 1.501289
[11333441257] 1.499176
[11333451404] 1.498359
[11333456788] 1.496660
[11333466428] 1.494272
[11333473278] 1.492882
[11333480403] 1.491446
[11333487208] 1.488763
[11333496103] 1.486945
[11333503215] 1.486094
[11333511529] 1.485098
[11333518662] 1.483301
[11333526023] 1.482340
[11333533572] 1.481336
[11333541337] 1.478430
[11333550542] 1.477061
[11333557233] 1.474520
[11333563963] 1.473449
[11333572837] 1.471749
[11333580261] 1.470782
[11333587304] 1.469104
[11333594934] 1.468299
[11333602647] 1.466557
[11333614115] 1.465534
[11333618590] 1.462775
[11333626647] 1.462775
[11333633395] 1.459965
[11333642490] 1.458391
[11333650881] 1.457252
[11333657373] 1.455048
[11333663998] 1.454101
[11333672988] 1.452436
[11333679808] 1.451459
[11333687686] 1.448786
[11333695398] 1.447384
[11333705527] 1.446276
[11333712367] 1.444469
[11333718610] 1.442556
[11333727007] 1.441692
[11333736409] 1.439840
[11333741005] 1.439840
[11333750044] 1.438343
[11333757545] 1.436353
[11333766506] 1.434889
[11333772906] 1.434320
[11333780169] 1.433649
[11333787298] 1.431705
[11333797869] 1.429375
[11333802503] 1.428423
[11333812058] 1.426809
[11333818950] 1.425679
[11333827806] 1.423533
[11333833879] 1.422587
[11333841632] 1.420683
[11333851240] 1.420683
[11333858941] 1.418034
[11333864923] 1.416926
[11333872330] 1.415144
[11333880109] 1.414495
[11333887450] 1.412973
[11333895598] 1.411917
[11333903724] 1.410089
[11333911340] 1.409345
[11333918644] 1.407707
[11333926816] 1.406654
[11333933381] 1.403714
[11333943065] 1.401740
[11333951816] 1.400901
[11333957056] 1.399517
[11333964513] 1.398491
[11333973836] 1.396406
[11333979972] 1.395509
[11333987666] 1.393923
[11333996347] 1.393038
[11334004504] 1.391501
[11334013018] 1.390595
[11334019229] 1.389012
[11334028424] 1.387444
[11334035193] 1.386538
[11334041488] 1.385038
[11334052304] 1.384226
[11334056863] 1.382545
[11334066073] 1.380228
[11334072778] 1.378933
[11334081419] 1.377809
[11334087731] 1.376143
[11334097684] 1.374224
[11334102980] 1.373391
[11334111872] 1.372788
[11334119198] 1.371713
[11334126650] 1.370256
[11334133903] 1.369389
[11334142050] 1.367613
[11334150620] 1.366827
[11334157241] 1.365957
[11334164402] 1.364475
[11334173163] 1.361867
[11334182703] 1.360513
[11334187088] 1.358287
[11334196317] 1.357528
[11334204021] 1.356683
[11334215329] 1.353465
[11334220358] 1.352522
[11334227422] 1.352522
[11334234072] 1.350850
[11334242188] 1.349568
[11334250632] 1.348842
[11334257598] 1.347381
[11334264583] 1.346598
[11334273492] 1.345012
[11334279933] 1.344007
[11334287551] 1.341457
[11334295327] 1.340373
[11334304108] 1.339081
[11334312198] 1.338365
[11334319721] 1.336650
[11334327613] 1.334629
[11334334555] 1.333793
[11334340991] 1.333071
[11334350380] 1.331393
[11334357654] 1.330098
[11334365609] 1.327621
[11334373053] 1.325665
[11334380549] 1.325015
[11334387275] 1.323928
[11334397108] 1.323031
[11334403992] 1.321102
[11334412355] 1.319483
[11334418584] 1.318782
[11334425960] 1.317875
[11334433912] 1.315346
[11334441937] 1.312637
[11334450401] 1.311513
[11334457177] 1.309832
[11334465495] 1.308770
[11334473095] 1.306712
[11334480715] 1.305876
[11334487941] 1.304355
[11334496071] 1.303445
[11334504046] 1.301085
[11334514462] 1.299649
[11334520092] 1.297000
[11334528539] 1.295329
[11334533429] 1.294340
[11334542695] 1.292429
[11334550272] 1.291590
[11334556839] 1.290029
[11334564606] 1.289126
[11334573376] 1.286639
[11334579576] 1.285262
[11334587291] 1.282904
[11334595336] 1.281995
[11334604130] 1.280562
[11334611623] 1.279668
[11334618976] 1.277246
[11334627089] 1.277246
[11334634693] 1.274561
[11334640960] 1.274025
[11334650616] 1.272393
[11334657330] 1.270446
[11334664999] 1.269540
[11334672367] 1.267954
[11334680404] 1.266959
[11334687495] 1.264304
[11334696728] 1.262299
[11334703594] 1.261539
[11334711750] 1.260979
[11334718840] 1.259298
[11334726149] 1.257314
[11334733859] 1.256524
[11334741779] 1.255211
[11334750606] 1.254356
[11334757413] 1.253089
[11334764432] 1.250802
[11334772627] 1.248959
[11334781357] 1.248359
[11334787468] 1.247293
[11334795920] 1.246381
[11334802910] 1.244498
[11334811330] 1.243708
[11334819084] 1.242909
[11334827453] 1.240395
[11334834455] 1.238996
[11334840935] 1.237642
[11334850382] 1.235334
[11334857459] 1.233843
[11334864464] 1.233120
[11334873583] 1.231317
[11334879468] 1.230604
[11334887073] 1.228886
[11334895001] 1.227937
[11334905366] 1.226409
[11334911811] 1.225699
[11334918939] 1.224465
[11334926784] 1.223721
[11334934467] 1.222144
[11334941281] 1.220466
[11334951699] 1.219835
[11334956833] 1.218635
[11334966238] 1.217049
[11334973916] 1.216118
[11334979968] 1.215292
[11334988050] 1.213941
[11334995158] 1.213161
[11335002756] 1.212276
[11335012867] 1.209634
[11335018263] 1.208430
[11335025994] 1.207359
[11335033958] 1.205693
[11335041728] 1.204248
[11335050434] 1.203440
[11335057319] 1.201676
[11335064055] 1.200807
[11335072882] 1.199900
[11335080575] 1.198498
[11335087889] 1.196842
[11335095159] 1.196101
[11335104623] 1.195237
[11335114605] 1.194273
[11335118650] 1.193489
[11335127151] 1.192454
[11335133741] 1.190856
[11335144419] 1.189521
[11335150283] 1.188939
[11335157593] 1.187243
[11335164472] 1.186034
[11335174564] 1.183878
[11335179485] 1.183033
[11335186940] 1.181686
[11335194940] 1.180820
[11335205979] 1.179359
[11335211812] 1.177972
[11335218052] 1.177173
[11335227324] 1.175529
[11335235954] 1.174730
[11335241137] 1.174059
[11335251036] 1.172890
[11335256494] 1.171441
[11335267411] 1.169800
[11335272437] 1.169081
[11335279775] 1.168484
[11335287214] 1.167023
[11335298372] 1.165091
[11335302651] 1.164173
[11335311077] 1.164173
[11335318039] 1.162085
[11335328290] 1.160603
[11335333407] 1.159945
[11335341718] 1.159152
[11335350214] 1.158778
[11335357801] 1.157581
[11335364507] 1.156675
[11335373378] 1.154663
[11335379797] 1.154663
[11335388553] 1.152538
[11335394771] 1.151858
[11335402977] 1.150548
[11335414429] 1.150034
[11335418337] 1.149281
[11335427070] 1.148086
[11335433864] 1.147073
[11335444563] 1.144979
[11335450413] 1.144158
[11335457438] 1.142918
[11335464141] 1.142202
[11335474445] 1.140506
[11335479504] 1.139820
[11335487102] 1.138647
[11335494946] 1.138053
[11335506649] 1.136648
[11335512755] 1.135047
[11335517950] 1.134465
[11335527873] 1.133228
[11335537006] 1.131620
[11335541204] 1.130607
[11335550960] 1.129768
[11335557765] 1.128562
[11335567028] 1.127166
[11335572751] 1.126458
[11335580250] 1.125864
[11335587888] 1.124756
[11335596999] 1.123247
[11335602892] 1.122524
[11335611154] 1.121602
[11335618968] 1.120467
[11335627528] 1.118170
[11335633541] 1.117644
[11335641569] 1.116575
[11335654502] 1.115733
[11335658632] 1.114175
[11335664611] 1.113593
[11335672361] 1.111995
[11335680283] 1.111238
[11335687751] 1.109876
[11335694913] 1.109876
[11335702907] 1.107932
[11335711495] 1.107270
[11335718380] 1.105914
[11335726833] 1.105378
[11335733931] 1.104634
[11335744854] 1.103394
[11335751633] 1.102589
[11335757281] 1.101009
[11335764113] 1.100400
[11335774494] 1.098805
[11335780684] 1.098805
[11335787081] 1.096606
[11335794730] 1.095807
[11335804493] 1.094684
[11335812856] 1.094304
[11335818115] 1.093220
[11335827427] 1.091472
[11335836258] 1.090045
[11335840942] 1.089359
[11335851293] 1.088474
[11335856958] 1.087277
[11335867938] 1.084114
[11335872785] 1.083370
[11335880224] 1.082905
[11335887892] 1.081980
[11335898298] 1.080523
[11335903251] 1.079834
[11335911248] 1.079249
[11335917896] 1.077666
[11335930717] 1.076249
[11335934508] 1.076249
[11335941536] 1.075300
[11335951167] 1.074063
[11335958149] 1.072596
[11335964080] 1.071815
[11335972906] 1.070168
[11335980160] 1.069519
[11335987179] 1.068190
[11335994976] 1.067342
[11336002816] 1.066108
[11336014884] 1.063065
[11336018927] 1.062300
[11336026890] 1.061791
[11336033519] 1.060848
[11336043734] 1.059397
[11336050632] 1.058641
[11336057258] 1.057437
[11336064964] 1.056730
[11336074549] 1.055420
[11336079394] 1.054596
[11336087074] 1.053304
[11336094913] 1.052793
[11336105906] 1.051403
[11336111467] 1.050484
[11336117848] 1.048332
[11336127612] 1.046378
[11336135929] 1.045674
[11336141718] 1.044443
[11336150516] 1.043476
[11336157212] 1.041581
[11336167122] 1.040772
[11336172437] 1.039575
[11336179734] 1.038978
[11336187192] 1.037392
[11336197555] 1.035910
[11336202930] 1.035384
[11336210909] 1.035001
[11336218256] 1.033642
[11336226332] 1.031924
[11336234316] 1.031302
[11336241134] 1.030301
[11336250770] 1.029591
[11336257955] 1.027631
[11336264118] 1.026352
[11336272509] 1.024015
[11336279746] 1.023250
[11336288156] 1.022203
[11336294766] 1.021444
[11336302627] 1.019956
[11336313889] 1.019349
[11336318064] 1.018024
[11336327496] 1.016765
[11336333738] 1.015985
[11336343530] 1.014717
[11336351420] 1.014089
[11336356778] 1.012785
[11336364602] 1.011995
[11336374686] 1.010731
[11336379440] 1.010241
[11336387166] 1.009001
[11336395000] 1.008269
[11336405919] 1.006812
[11336411598] 1.006172
[11336418046] 1.005250
[11336428100] 1.004013
[11336436562] 1.002473
[11336440857] 1.002473
[11336450795] 1.001175
[11336457337] 1.000403
[11336467588] 0.998407
[11336472477] 0.997960
[11336479978] 0.997779
[11336487338] 0.997501
[11336497544] 0.996490
[11336502377] 0.995771
[11336512796] 0.994277
[11336518461] 0.993753
[11336526673] 0.992853
[11336533473] 0.992360
[11336540999] 0.990897
[11336550369] 0.990098
[11336557697] 0.988959
[11336563973] 0.988518
[11336572922] 0.987305
[11336580119] 0.986430
[11336587108] 0.984498
[11336595077] 0.983708
[11336602767] 0.982575
[11336614836] 0.981681
[11336618844] 0.981007
[11336626708] 0.980122
[11336633425] 0.978671
[11336643285] 0.977486
[11336651092] 0.976889
[11336657270] 0.975031
[11336664251] 0.973778
[11336674596] 0.971635
[11336680718] 0.970845
[11336687287] 0.969783
[11336694984] 0.969039
[11336706466] 0.967609
[11336711886] 0.966488
[11336717856] 0.965855
[11336727418] 0.964483
[11336735972] 0.964483
[11336741682] 0.962490
[11336751242] 0.961819
[11336756720] 0.960570
[11336766274] 0.960086
[11336772771] 0.959388
[11336780066] 0.958822
[11336787540] 0.957407
[11336798044] 0.956235
[11336802708] 0.955726
[11336811234] 0.955365
[11336818118] 0.954658
[11336830628] 0.953387
[11336835350] 0.952711
[11336841988] 0.951538
[11336850653] 0.951186
[11336857548] 0.950182
[11336864406] 0.949496
[11336872866] 0.948170
[11336883118] 0.947579
[11336887535] 0.946654
[11336896463] 0.945990
[11336903663] 0.944735
[11336915205] 0.943538
[11336919780] 0.942938
[11336928241] 0.942059
[11336933495] 0.941544
[11336942956] 0.940791
[11336950435] 0.939331
[11336958173] 0.937962
[11336965098] 0.937448
[11336973509] 0.937105
[11336979568] 0.936909
[11336987216] 0.936024
[11336995223] 0.935161
[11337005239] 0.933584
[11337012253] 0.932996
[11337018685] 0.931989
[11337028077] 0.930727
[11337034973] 0.929910
[11337041795] 0.928596
[11337050692] 0.928103
[11337057954] 0.927451
[11337065924] 0.926034
[11337072791] 0.923958
[11337081351] 0.922929
[11337087811] 0.921334
[11337097650] 0.920195
[11337103778] 0.919586
[11337112489] 0.917574
[11337118670] 0.916453
[11337126474] 0.915388
[11337133908] 0.914543
[11337142018] 0.912632
[11337150914] 0.911723
[11337157994] 0.910109
[11337164040] 0.909525
[11337172801] 0.908416
[11337180931] 0.907685
[11337187349] 0.906438
[11337195888] 0.905930
[11337203976] 0.905309
[11337215439] 0.903205
[11337220041] 0.902088
[11337227380] 0.900223
[11337233666] 0.899574
[11337242711] 0.898542
[11337251919] 0.897890
[11337257361] 0.896420
[11337264933] 0.895891
[11337274557] 0.895183
[11337280830] 0.894724
[11337287296] 0.893475
[11337306239] 0.892704
[11337312763] 0.890833
[11337319078] 0.890193
[11337328031] 0.888402
[11337334876] 0.887520
[11337341394] 0.886301
[11337350545] 0.886004
[11337357623] 0.885977
[11337365761] 0.886222
[11337373320] 0.887296
[11337380581] 0.888080
[11337387389] 0.889302
[11337396749] 0.889795
[11337403970] 0.889798
[11337411808] 0.889825
[11337419199] 0.889881
[11337426591] 0.889917
[11337433967] 0.889917
[11337442113] 0.889917
[11337450677] 0.889917
[11337457418] 0.889917
[11337464161] 0.889920
[11337473862] 0.889939
[11337482663] 0.889942
[11337531543] 0.889939
[11337536277] 0.889936
[11337544911] 0.889942
[11337550971] 0.889954
[11337558830] 0.889963
[11337566883] 0.889975
[11337576462] 0.889979
[11337582496] 0.889979
[11337590329] 0.889979
[11337597472] 0.889979
[11337610101] 0.889979
[11337614459] 0.889979
[11337620580] 0.889979
[11337628681] 0.889979
[11337636353] 0.889979
[11337643946] 0.889979
[11337651942] 0.889979
[11337658992] 0.889979
[11337667099] 0.889982
[11337674538] 0.889985
[11337682416] 0.889994
[11337690125] 0.889994
[11337698022] 0.889997
[11337706308] 0.889997
[11337714475] 0.889997
[11337720715] 0.889997
[11337728409] 0.889997
[11337736398] 0.889997
[11337744584] 0.889997
[11337799338] 0.889997
[11337804374] 0.890012
[11337815937] 0.890012
[11337820851] 0.890012
[11337829536] 0.890012
[11337834610] 0.890012
[11337843191] 0.890012
[11337850606] 0.890012
[11337857530] 0.889881
[11337866096] 0.889596
[11337873551] 0.888408
[11337880745] 0.887480
[11337888681] 0.885395
[11337896493] 0.883895
[11337906235] 0.883429
[11337913023] 0.883099
[11337919687] 0.883188
[11337927386] 0.883932
[11337935189] 0.884624
[11337942014] 0.885839
[11337951143] 0.886026
[11337957596] 0.886237
[11337966751] 0.886286
[11337973445] 0.886317
[11337980792] 0.886347
[11337988906] 0.886369
[11337996207] 0.886549
[11338003987] 0.886556
[11338013554] 0.886552
[11338019919] 0.886556
[11338027256] 0.886580
[11338034147] 0.886595
[11338042237] 0.886598
[11338050930] 0.886595
[11338057790] 0.886589
[11338065252] 0.886580
[11338073944] 0.886568
[11338082208] 0.886568
[11338088486] 0.886571
[11338096464] 0.886574
[11338104254] 0.886577
[11338114259] 0.886580
[11338119127] 0.886583
[11338129291] 0.886583
[11338135058] 0.886583
[11338143413] 0.886583
[11338150819] 0.886583
[11338157824] 0.886568
[11338166315] 0.886105
[11338175533] 0.885640
[11338180428] 0.884982
[11338188187] 0.883099
[11338201292] 0.882147
[11338207434] 0.880205
[11338213575] 0.879970
[11338220577] 0.879893
[11338229010] 0.880316
[11338235466] 0.880824
[11338242243] 0.882039
[11338252186] 0.882517
[11338257774] 0.882872
[11338266758] 0.882894
[11338274155] 0.882930
[11338281210] 0.883148
[11338288198] 0.883160
[11338295888] 0.883160
[11338304695] 0.883151
[11338312878] 0.883151
[11338320078] 0.883154
[11338326925] 0.883160
[11338334943] 0.883169
[11338342196] 0.883175
[11338350888] 0.883175
[11338357502] 0.883145
[11338366067] 0.882952
[11338373874] 0.881984
[11338382270] 0.881170
[11338388534] 0.879149
[11338396493] 0.877480
[11338403991] 0.876932
[11338414422] 0.876415
[11338419470] 0.876421
[11338427945] 0.876981
[11338434547] 0.877578
[11338444039] 0.878932
[11338451717] 0.879244
[11338458082] 0.879654
[11338464854] 0.879599
[11338474259] 0.879795
[11338480732] 0.879807
[11338488438] 0.879765
[11338496210] 0.879553
[11338504712] 0.878515
[11338512750] 0.876681
[11338518784] 0.875705
[11338528717] 0.874125
[11338535953] 0.873620
[11338541937] 0.873176
[11338551172] 0.873197
[11338557704] 0.873779
[11338565379] 0.874397
[11338574363] 0.875591
[11338582145] 0.875971
[11338588282] 0.875989
[11338597183] 0.876017
[11338603863] 0.875178
[11338613359] 0.873607
[11338619989] 0.872772
[11338626497] 0.871559
[11338634118] 0.871241
[11338641712] 0.871152
[11338650879] 0.871250
[11338658071] 0.871121
[11338665744] 0.870852
[11338674862] 0.869753
[11338683685] 0.869195
[11338688069] 0.868274
[11338695855] 0.867989
[11338703554] 0.867496
[11338716097] 0.866317
[11338720259] 0.865601
[11338727555] 0.864401
[11338734612] 0.864006
[11338744079] 0.863023
[11338752907] 0.862371
[11338758242] 0.861256
[11338765317] 0.860711
[11338774811] 0.859857
[11338780808] 0.859291
[11338788752] 0.858020
[11338796274] 0.857337
[11338805892] 0.856710
[11338814130] 0.855470
[11338820840] 0.854925
[11338828711] 0.853816
[11338836735] 0.853143
[11338843239] 0.852160
[11338851123] 0.851618
[11338858095] 0.850905
[11338865915] 0.849677
[11338873782] 0.847907
[11338881311] 0.847080
[11338888382] 0.845978
[11338896279] 0.845614
[11338904334] 0.844564
[11338912625] 0.842724
[11338920355] 0.841710
[11338926711] 0.840452
[11338934469] 0.840002
[11338942049] 0.838854
[11338954004] 0.838002
[11338958147] 0.836021
[11338965603] 0.835149
[11338974055] 0.834200
[11338982597] 0.833792
[11338988610] 0.832592
[11338996615] 0.830997
[11339004190] 0.830376
[11339015200] 0.829295
[11339020737] 0.828673
[11339029653] 0.827277
[11339034861] 0.826502
[11339043520] 0.825480
[11339051952] 0.825189
[11339057986] 0.824172
[11339065355] 0.823367
[11339074412] 0.822041
[11339080463] 0.822041
[11339088823] 0.820480
[11339095760] 0.819947
[11339105097] 0.818851
[11339112808] 0.818395
[11339119041] 0.818159
[11339128809] 0.817134
[11339136102] 0.816500
[11339142054] 0.815413
[11339151051] 0.815055
[11339157575] 0.814256
[11339166635] 0.813068
[11339173400] 0.812483
[11339180472] 0.811950
[11339188308] 0.811185
[11339195963] 0.810707
[11339204023] 0.809537
[11339211878] 0.808074
[11339219477] 0.807250
[11339226785] 0.805974
[11339234460] 0.805511
[11339242186] 0.804418
[11339251425] 0.803723
[11339257526] 0.802480
[11339265323] 0.802110
[11339273492] 0.801023
[11339282339] 0.800472
[11339288330] 0.799296
[11339296321] 0.798812
[11339304235] 0.798010
[11339313708] 0.796911
[11339318727] 0.796280
[11339328901] 0.795012
[11339335053] 0.795012
[11339343087] 0.793705
[11339350537] 0.793231
[11339357766] 0.792303
[11339365460] 0.792049
[11339373743] 0.791724
[11339380498] 0.791332
[11339388536] 0.790178
[11339396271] 0.789553
[11339405537] 0.788454
[11339413120] 0.787851
[11339419158] 0.787343
[11339428496] 0.786265
[11339435859] 0.785365
[11339442165] 0.783696
[11339452069] 0.783121
[11339457517] 0.782309
[11339466363] 0.781688
[11339473411] 0.779737
[11339481105] 0.778556
[11339488689] 0.776627
[11339496582] 0.775950
[11339504540] 0.775090
[11339512213] 0.773675
[11339518710] 0.773675
[11339526849] 0.771327
[11339534514] 0.770715
[11339542529] 0.769998
[11339553788] 0.769888
[11339558305] 0.769778
[11339565777] 0.769533
[11339575800] 0.769073
[11339580480] 0.767937
[11339587993] 0.767056
[11339595796] 0.766896
[11339603451] 0.766627
[11339615107] 0.765574
[11339619642] 0.764992
[11339627323] 0.763927
[11339634004] 0.763510
[11339643037] 0.763026
[11339649807] 0.763008
[11339657746] 0.763480
[11339665501] 0.763657
[11339674818] 0.763669
[11339680832] 0.763651
[11339688763] 0.763614
[11339696687] 0.763633
[11339704471] 0.763630
[11339712283] 0.763630
[11339718713] 0.763639
[11339779322] 0.763639
[11339783940] 0.763636
[11339835354] 0.763636
[11339839941] 0.763639
[11339848411] 0.763642
[11339855724] 0.763642
[11339862815] 0.763639
[11339870649] 0.763639
[11339878818] 0.763639
[11339886327] 0.763639
[11339893891] 0.763639
[11339901811] 0.763639
[11339909819] 0.763639
[11339916812] 0.763642
[11339924377] 0.763642
[11339932550] 0.763642
[11339939899] 0.763642
[11339947060] 0.763642
[11339955158] 0.763642
[11339962656] 0.763642
[11339970496] 0.763642
[11339977817] 0.763642
[11339985857] 0.763642
[11339993432] 0.763642
[11340002295] 0.763642
[11340010352] 0.763642
[11340016613] 0.763642
[11340024856] 0.763642
[11340033403] 0.763642
[11340039534] 0.763645
[11340047027] 0.763645
[11340105187] 0.763645
[11340109840] 0.763645
[11340117977] 0.763645
[11340127293] 0.763645
[11340132748] 0.763648
[11340140443] 0.763648
[11340150064] 0.763651
[11340156903] 0.763633
[11340163202] 0.763189
[11340172099] 0.762677
[11340179559] 0.761275
[11340186538] 0.760703
[11340194329] 0.760176
[11340201923] 0.760375
[11340213101] 0.760650
[11340217609] 0.760813
[11340226008] 0.760791
[11340233003] 0.760745
[11340240402] 0.760748
[11340249421] 0.760761
[11340255877] 0.760755
[11340263785] 0.760752
[11340272324] 0.760755
[11340278464] 0.760748
[11340286119] 0.760748
[11340294072] 0.760758
[11340302945] 0.760761
[11340310691] 0.760758
[11340317550] 0.760761
[11340326193] 0.760761
[11340333789] 0.760752
[11340340063] 0.760748
[11340350313] 0.760745
[11340355869] 0.760745
[11340364559] 0.760742
[11340371127] 0.760742
[11340379559] 0.760745
[11340386128] 0.760745
[11340394741] 0.760745
[11340401651] 0.760745
[11340411150] 0.760745
[11340417350] 0.760745
[11340427477] 0.760715
[11340432704] 0.760148
[11340440255] 0.759622
[11340450280] 0.758428
[11340456783] 0.757858
[11340463246] 0.757267
[11340471685] 0.757212
[11340479409] 0.757619
[11340486615] 0.757831
[11340494609] 0.757815
[11340501723] 0.757797
[11340513412] 0.757797
[11340517358] 0.757809
[11340526928] 0.757806
[11340533559] 0.757806
[11340540369] 0.757806
[11340549442] 0.757803
[11340556463] 0.757800
[11340563487] 0.757806
[11340572208] 0.757806
[11340578630] 0.757806
[11340586690] 0.757809
[11340594509] 0.757809
[11340602899] 0.757769
[11340610298] 0.757580
[11340617193] 0.756572
[11340625993] 0.755841
[11340633709] 0.754634
[11340640301] 0.754307
[11340649798] 0.754251
[11340656614] 0.754460
[11340664395] 0.754849
[11340671453] 0.754839
[11340679457] 0.754824
[11340686291] 0.754821
[11340694998] 0.754839
[11340702414] 0.754842
[11340710279] 0.754839
[11340716926] 0.754790
[11340725770] 0.754591
[11340732233] 0.753618
[11340739937] 0.752898
[11340748275] 0.751857
[11340756778] 0.751615
[11340763724] 0.751680
[11340772127] 0.751900
[11340779311] 0.751983
[11340786337] 0.751961
[11340793756] 0.751851
[11340801519] 0.751585
[11340810651] 0.750516
[11340817151] 0.749123
[11340825736] 0.748655
[11340832449] 0.748364
[11340840587] 0.748480
[11340848656] 0.748756
[11340855975] 0.748707
[11340863328] 0.748110
[11340871996] 0.747497
[11340878538] 0.746398
[11340886454] 0.745957
[11340893985] 0.745421
[11340902722] 0.743523
[11340910451] 0.742531
[11340917480] 0.740905
[11340926525] 0.740351
[11340933406] 0.739423
[11340939922] 0.738777
[11340948898] 0.736809
[11340955824] 0.736809
[11340964640] 0.734880
[11340971834] 0.734512
[11340979135] 0.733866
[11340986839] 0.733713
[11340995545] 0.733649
[11341001626] 0.733429
[11341010879] 0.732507
[11341017262] 0.731742
[11341025876] 0.730982
[11341032345] 0.730878
[11341040114] 0.730759
[11341048535] 0.729923
[11341056971] 0.728217
[11341063247] 0.727369
[11341071594] 0.726806
[11341079249] 0.726001
[11341087464] 0.724966
[11341093972] 0.724418
[11341101532] 0.723778
[11341110883] 0.722758
[11341117631] 0.721766
[11341125544] 0.721194
[11341132283] 0.719988
[11341140326] 0.719439
[11341149588] 0.718726
[11341156183] 0.718331
[11341163669] 0.717284
[11341173335] 0.716620
[11341179102] 0.715615
[11341186174] 0.715324
[11341193823] 0.714434
[11341203887] 0.713895
[11341211054] 0.712713
[11341217559] 0.711865
[11341226360] 0.711522
[11341234728] 0.710585
[11341241313] 0.709865
[11341250516] 0.708233
[11341255982] 0.708233
[11341265676] 0.706865
[11341274123] 0.706200
[11341280067] 0.705867
[11341286650] 0.705717
[11341296300] 0.705389
[11341303101] 0.704379
[11341310891] 0.703803
[11341317696] 0.702931
[11341326870] 0.702848
[11341332617] 0.702777
[11341340413] 0.702520
[11341349783] 0.701485
[11341359163] 0.700444
[11341373911] 0.700160
[11341378808] 0.699272
[11341384327] 0.698647
[11341388452] 0.697986
[11341394718] 0.697340
[11341402128] 0.696336
[11341411107] 0.696127
[11341417793] 0.696213
[11341426555] 0.696541
[11341433657] 0.697334
[11341440328] 0.697475
[11341450170] 0.697490
[11341456132] 0.697493
[11341463601] 0.697524
[11341473084] 0.697548
[11341478980] 0.697560
[11341486912] 0.697566
[11341505567] 0.697572
[11341609079] 0.697600
[11341614584] 0.697677
[11341623277] 0.697683
[11341629980] 0.697689
[11341636462] 0.697689
[11341644476] 0.697689
[11341653370] 0.697689
[11341659512] 0.697689
[11341667867] 0.697689
[11341675067] 0.697689
[11341684132] 0.697689
[11341690646] 0.697689
[11341699562] 0.697692
[11341707154] 0.697695
[11341716897] 0.697707
[11341720982] 0.697710
[11341728865] 0.697723
[11341736747] 0.697726
[11341746334] 0.697726
[11341752328] 0.697726
[11341760106] 0.697726
[11341767629] 0.697726
[11341776905] 0.697726
[11341782737] 0.697726
[11341790830] 0.697726
[11341811898] 0.697729
[11341864961] 0.697732
[11341870695] 0.697738
[11341924387] 0.697738
[11341929216] 0.696825
[11341937087] 0.696195
[11341946032] 0.694722
[11341957097] 0.693626
[11341961924] 0.693366
[11341967217] 0.693286
[11341977285] 0.693601
[11341984134] 0.694477
[11341990321] 0.694756
[11341999472] 0.694661
[11342007447] 0.694661
[11342017671] 0.694878
[11342023193] 0.694716
[11342030251] 0.694946
[11342036724] 0.694762
[11342046433] 0.694952
[11342053381] 0.694955
[11342059899] 0.694783
[11342067317] 0.694970
[11342076773] 0.694820
[11342083305] 0.695040
[11342089987] 0.695044
[11342099423] 0.694878
[11342108411] 0.695056
[11342114731] 0.694869
[11342124199] 0.694869
[11342130417] 0.695056
[11342136925] 0.694872
[11342148842] 0.695062
[11342154178] 0.694740
[11342159752] 0.694443
[11342168092] 0.693418
[11342176807] 0.692631
[11342182788] 0.691470
[11342190485] 0.691164
[11342198685] 0.691118
[11342205677] 0.691339
[11342215034] 0.692049
[11342222835] 0.692349
[11342228992] 0.692254
[11342237190] 0.692135
[11342243859] 0.692129
[11342254959] 0.692172
[11342259606] 0.692331
[11342267534] 0.692132
[11342276499] 0.692273
[11342284927] 0.692245
[11342290180] 0.692273
[11342298723] 0.692187
[11342306302] 0.691942
[11342318290] 0.690974
[11342325069] 0.690166
[11342330713] 0.688874
[11342336766] 0.688473
[11342346005] 0.688265
[11342353682] 0.688693
[11342359969] 0.689058
[11342367915] 0.689551
[11342375030] 0.689584
[11342382782] 0.689269
[11342390722] 0.689477
[11342398830] 0.689018
[11342407249] 0.688825
[11342415702] 0.687444
[11342421872] 0.686777
[11342429887] 0.685987
[11342437392] 0.685962
[11342444376] 0.686207
[11342453133] 0.686529
[11342459516] 0.687009
[11342468438] 0.686850
[11342476622] 0.686526
[11342482884] 0.685316
[11342490840] 0.684722
[11342498287] 0.684052
[11342507220] 0.683954
[11342514756] 0.683899
[11342522181] 0.683372
[11342528522] 0.682178
[11342536496] 0.681700
[11342544744] 0.680984
[11342555088] 0.679600
[11342559308] 0.678691
[11342567505] 0.677791
[11342577519] 0.676633
[11342583667] 0.675598
[11342590138] 0.675234
[11342598345] 0.675004
[11342607066] 0.674876
[11342616284] 0.674144
[11342621400] 0.673501
[11342629853] 0.672442
[11342636192] 0.672169
[11342645791] 0.671848
[11342654079] 0.670874
[11342660042] 0.670299
[11342667277] 0.669735
[11342676178] 0.669058
[11342682286] 0.668244
[11342690136] 0.667668
[11342698022] 0.666373
[11342706149] 0.666373
[11342714205] 0.665173
[11342721727] 0.664757
[11342729519] 0.663850
[11342736835] 0.663293
[11342744565] 0.661747
[11342753101] 0.660801
[11342759341] 0.659203
[11342767232] 0.658737
[11342777105] 0.658006
[11342783508] 0.656759
[11342790069] 0.656251
[11342798130] 0.655265
[11342806526] 0.655265
[11342814386] 0.653753
[11342822194] 0.653153
[11342829089] 0.652348
[11342836488] 0.652182
[11342845467] 0.651438
[11342855180] 0.649819
[11342859535] 0.648970
[11342867863] 0.648043
[11342876065] 0.647730
[11342883649] 0.646821
[11342890082] 0.646086
[11342897901] 0.644791
[11342906526] 0.644402
[11342915261] 0.643597
[11342921912] 0.642942
[11342929882] 0.641898
[11342936436] 0.640192
[11342946600] 0.639087
[11342952781] 0.638778
[11342959404] 0.638579
[11342967066] 0.637523
[11342975886] 0.636815
[11342982661] 0.636175
[11342990438] 0.635294
[11342998159] 0.633793
[11343006177] 0.633006
[11343013424] 0.631788
[11343021789] 0.631448
[11343029653] 0.630603
[11343036701] 0.629926
[11343044486] 0.628160
[11343052576] 0.627321
[11343059336] 0.626405
[11343066943] 0.625848
[11343076092] 0.625343
[11343082887] 0.623870
[11343092123] 0.623267
[11343098348] 0.622682
[11343106865] 0.622358
[11343114366] 0.621081
[11343120773] 0.620233
[11343128485] 0.618935
[11343136226] 0.618589
[11343144220] 0.617820
[11343154522] 0.616247
[11343159581] 0.615209
[11343167684] 0.613855
[11343177294] 0.613433
[11343183244] 0.612799
[11343190040] 0.612199
[11343198066] 0.610962
[11343206551] 0.610558
[11343215687] 0.609866
[11343222685] 0.609296
[11343230095] 0.608363
[11343236152] 0.606666
[11343245292] 0.605533
[11343252827] 0.605224
[11343259293] 0.605028
[11343266918] 0.604615
[11343275828] 0.603402
[11343282250] 0.602505
[11343290125] 0.602374
[11343297935] 0.602325
[11343305518] 0.602126
[11343314479] 0.601164
[11343321508] 0.600671
[11343329701] 0.599976
[11343336856] 0.599523
[11343344256] 0.598724
[11343352706] 0.597303
[11343359434] 0.596446
[11343367115] 0.596367
[11343376645] 0.596008
[11343382774] 0.594983
[11343390695] 0.594367
[11343398086] 0.593614
[11343406308] 0.593231
[11343413289] 0.592543
[11343422227] 0.591232
[11343428627] 0.590470
[11343436281] 0.590390
[11343444184] 0.590004
[11343455099] 0.588813
[11343459289] 0.588167
[11343466840] 0.587720
[11343475677] 0.587298
[11343482963] 0.586541
[11343490574] 0.585843
[11343498304] 0.584729
[11343506651] 0.584729
[11343515532] 0.583709
[11343522259] 0.583128
[11343529541] 0.582169
[11343536093] 0.580614
[11343545129] 0.579680
[11343552538] 0.579521
[11343559363] 0.579297
[11343566953] 0.578370
[11343575710] 0.577678
[11343582214] 0.577029
[11343589876] 0.576168
[11343597633] 0.574849
[11343607295] 0.574148
[11343614185] 0.573168
[11343621475] 0.572938
[11343629054] 0.572188
[11343636451] 0.571551
[11343644129] 0.570483
[11343653611] 0.569861
[11343659498] 0.569429
[11343666840] 0.569090
[11343675576] 0.567810
[11343682172] 0.566355
[11343690104] 0.565856
[11343698608] 0.565210
[11343706706] 0.564739
[11343714163] 0.563300
[11343722100] 0.562501
[11343728495] 0.561463
[11343736344] 0.561206
[11343744183] 0.560425
[11343755148] 0.559166
[11343759373] 0.558640
[11343766682] 0.558640
[11343776270] 0.557556
[11343783370] 0.556696
[11343790032] 0.556148
[11343797716] 0.555345
[11343805568] 0.555006
[11343815600] 0.554142
[11343821722] 0.553539
[11343829504] 0.552728
[11343836650] 0.551561
[11343845613] 0.551053
[11343852828] 0.550918
[11343859502] 0.550633
[11343867321] 0.549421
[11343875988] 0.548821
[11343882251] 0.548110
[11343889910] 0.547728
[11343897646] 0.546203
[11343906836] 0.546203
[11343914518] 0.544868
[11343921470] 0.544785
[11343929571] 0.544467
[11343936434] 0.544412
[11343944588] 0.544161
[11343952301] 0.543787
[11343959178] 0.543248
[11343967732] 0.542091
[11343975443] 0.541785
[11343982774] 0.541476
[11343991734] 0.541222
[11343997856] 0.540321
[11344006232] 0.539844
[11344013701] 0.538996
[11344022515] 0.538797
[11344028500] 0.538641
[11344036570] 0.538353
[11344044820] 0.536966
[11344054410] 0.535511
[11344059274] 0.535043
[11344066804] 0.534771
[11344075767] 0.534045
[11344083017] 0.532927
[11344090578] 0.532330
[11344098242] 0.531571
[11344106234] 0.531442
[11344114729] 0.530741
[11344121231] 0.530110
[11344129308] 0.529143
[11344136097] 0.528901
[11344145258] 0.528586
[11344152606] 0.527554
[11344159573] 0.525907
[11344167174] 0.524480
[11344175881] 0.524067
[11344182214] 0.523519
[11344190025] 0.523038
[11344197755] 0.521489
[11344207357] 0.520766
[11344214216] 0.519848
[11344221388] 0.519370
[11344229206] 0.517775
[11344236152] 0.516743
[11344243790] 0.515041
[11344253768] 0.514226
[11344259374] 0.514088
[11344267242] 0.513794
[11344277213] 0.512591
[11344282647] 0.511367
[11344290230] 0.511002
[11344297784] 0.510574
[11344306613] 0.510145
[11344313752] 0.508562
[11344322485] 0.508562
[11344329125] 0.507007
[11344336796] 0.506881
[11344345104] 0.506192
[11344354664] 0.505170
[11344359945] 0.504741
[11344367492] 0.504193
[11344376211] 0.503715
[11344383193] 0.502840
[11344390647] 0.502840
[11344398334] 0.501912
[11344407805] 0.501603
[11344414628] 0.500944
[11344421239] 0.500834
[11344429575] 0.500807
[11344436655] 0.500611
[11344446038] 0.500142
[11344452518] 0.499352
[11344459344] 0.499077
[11344467552] 0.498930
[11344476097] 0.498654
[11344482185] 0.497779
[11344489898] 0.497429
[11344497614] 0.497041
[11344506769] 0.497004
[11344514319] 0.496450
[11344521287] 0.495896
[11344529311] 0.494757
[11344536274] 0.494306
[11344544494] 0.493973
[11344552287] 0.493939
[11344560092] 0.493382
[11344566949] 0.492283
[11344576750] 0.491738
[11344582782] 0.491141
[11344590331] 0.491092
[11344597895] 0.490550
[11344605890] 0.489971
[11344614001] 0.488609
[11344622614] 0.488073
[11344628726] 0.487803
[11344636436] 0.487614
[11344643936] 0.486692
[11344655345] 0.485434
[11344659425] 0.485020
[11344667105] 0.484610
[11344676714] 0.484169
[11344683497] 0.483214
[11344690357] 0.483214
[11344698224] 0.482402
[11344706740] 0.482197
[11344715358] 0.481680
[11344722103] 0.481597
[11344729395] 0.481398
[11344736545] 0.481022
[11344745709] 0.480170
[11344753587] 0.479803
[11344759608] 0.479763
[11344767417] 0.479555
[11344776091] 0.479246
[11344782259] 0.478459
[11344789966] 0.478156
[11344797598] 0.477681
[11344806190] 0.477681
[11344814391] 0.477020
[11344821178] 0.476643
[11344829670] 0.475866
[11344836670] 0.475731
[11344844282] 0.475602
[11344853849] 0.474916
[11344859672] 0.474491
[11344866857] 0.474111
[11344876707] 0.473673
[11344883372] 0.473392
[11344890144] 0.473064
[11344898153] 0.472149
[11344906621] 0.471610
[11344914266] 0.470945
[11344920608] 0.470857
[11344929343] 0.470700
[11344936060] 0.470382
[11344944100] 0.469525
[11344954388] 0.469188
[11344959397] 0.469010
[11344967334] 0.468456
[11344976970] 0.468456
[11344984347] 0.467299
[11344990009] 0.467014
[11344998030] 0.466800
[11345005668] 0.466763
[11345016352] 0.466386
[11345021200] 0.465939
[11345029650] 0.465388
[11345036381] 0.464788
[11345045190] 0.464663
[11345053359] 0.464219
[11345059340] 0.463692
[11345067074] 0.462327
[11345075855] 0.461864
[11345082205] 0.461549
[11345089830] 0.461341
[11345097605] 0.460199
[11345110114] 0.459338
[11345114497] 0.459103
[11345121462] 0.459044
[11345129728] 0.458463
[11345138115] 0.457431
[11345144295] 0.457063
[11345153625] 0.456904
[11345159568] 0.456270
[11345167646] 0.455349
[11345176066] 0.455046
[11345182276] 0.455003
[11345189893] 0.454994
[11345198047] 0.454504
[11345206085] 0.454017
[11345213695] 0.453383
[11345223513] 0.453383
[11345229544] 0.452921
[11345236107] 0.452544
[11345243794] 0.451366
[11345255347] 0.450370
[11345259312] 0.450141
[11345266761] 0.450073
[11345276214] 0.449394
[11345284736] 0.448371
[11345290614] 0.447734
[11345298343] 0.446889
[11345307094] 0.446770
[11345316522] 0.446200
[11345321212] 0.445613
[11345329400] 0.444749
[11345336484] 0.443482
[11345346859] 0.442900
[11345352375] 0.442860
[11345359364] 0.442670
[11345366798] 0.441690
[11345376624] 0.441096
[11345382405] 0.440619
[11345390296] 0.439915
[11345397988] 0.438561
[11345406575] 0.437839
[11345414093] 0.436822
[11345422370] 0.436629
[11345429358] 0.436118
[11345437861] 0.434936
[11345444182] 0.434936
[11345452604] 0.434275
[11345459851] 0.434275
[11345468159] 0.434103
[11345475617] 0.433751
[11345482518] 0.433044
[11345490127] 0.432756
[11345498473] 0.432046
[11345507383] 0.432046
[11345514354] 0.430974
[11345523369] 0.430647
[11345529361] 0.430313
[11345536727] 0.430282
[11345544434] 0.429933
[11345556139] 0.428951
[11345560386] 0.428534
[11345566750] 0.428314
[11345576229] 0.427971
[11345584456] 0.427432
[11345590470] 0.427199
[11345597903] 0.426670
[11345605825] 0.426342
[11345615905] 0.425622
[11345622347] 0.425178
[11345630078] 0.424272
[11345636482] 0.423957
[11345646854] 0.423804
[11345652782] 0.423721
[11345659774] 0.423044
[11345667563] 0.421988
[11345677616] 0.421618
[11345682667] 0.421618
[11345690547] 0.421042
[11345698362] 0.419493
[11345707651] 0.418559
[11345714462] 0.417163
[11345721161] 0.416765
[11345729167] 0.416517
[11345737580] 0.415837
[11345744088] 0.415344
[11345753256] 0.414952
[11345759142] 0.414769
[11345767573] 0.414049
[11345775829] 0.413538
[11345782380] 0.412726
[11345790017] 0.412595
[11345798299] 0.412083
[11345806150] 0.411673
[11345813926] 0.411104
[11345824061] 0.411024
[11345828417] 0.410727
[11345836657] 0.410421
[11345844441] 0.409331
[11345855132] 0.408786
[11345859262] 0.408250
[11345867436] 0.408287
[11345875517] 0.408256
[11345884282] 0.407806
[11345890534] 0.407365
[11345898259] 0.406952
[11345906918] 0.406927
[11345916640] 0.406425
[11345921619] 0.405942
[11345929363] 0.404922
[11345936793] 0.404506
[11345947859] 0.404178
[11345953630] 0.404111
[11345959426] 0.403884
[11345968081] 0.402803
[11345975627] 0.402329
[11345982764] 0.402044
[11345990191] 0.402053
[11345997618] 0.401781
[11346006821] 0.401269
[11346014352] 0.400155
[11346021275] 0.399861
[11346029364] 0.399640
[11346037174] 0.399331
[11346044266] 0.398027
[11346054423] 0.396331
[11346059970] 0.395725
[11346067737] 0.395146
[11346076846] 0.394830
[11346083613] 0.394034
[11346090275] 0.393532
[11346098384] 0.393027
[11346106454] 0.392954
[11346115801] 0.392779
[11346123293] 0.392510
[11346129810] 0.391686
[11346136514] 0.391686
[11346144541] 0.391297
[11346154836] 0.390859
[11346159940] 0.390593
[11346167774] 0.390458
[11346176780] 0.390311
[11346183525] 0.389479
[11346190319] 0.389102
[11346200300] 0.388915
[11346207560] 0.388900
[11346216227] 0.388386
[11346222294] 0.387972
[11346230066] 0.387430
[11346236232] 0.387360
[11346246126] 0.386702
[11346253107] 0.385863
[11346259750] 0.385700
[11346267784] 0.385541
[11346275703] 0.385541
[11346282808] 0.384479
[11346290743] 0.384145
[11346307721] 0.383986
[11346314159] 0.383784
[11346318441] 0.383419
[11346323755] 0.382884
[11346329964] 0.382305
[11346336817] 0.381879
[11346344944] 0.381619
[11346353375] 0.382045
[11346359469] 0.382366
[11346367083] 0.382498
[11346377283] 0.382489
[11346382481] 0.382486
[11346390528] 0.382495
[11346398655] 0.382519
[11346406968] 0.382519
[11346414729] 0.382519
[11346422050] 0.382519
[11346475210] 0.382519
[11346482978] 0.382528
[11346532342] 0.382528
[11346537368] 0.382562
[11346546777] 0.382568
[11346553396] 0.382574
[11346559910] 0.382574
[11346568135] 0.382577
[11346576557] 0.382577
[11346583181] 0.382580
[11346590638] 0.382580
[11346598238] 0.382580
[11346607060] 0.382580
[11346614303] 0.382580
[11346621353] 0.382580
[11346629145] 0.382584
[11346637066] 0.382593
[11346644886] 0.382599
[11346652060] 0.382614
[11346660305] 0.382620
[11346668601] 0.382629
[11346675006] 0.382629
[11346683117] 0.382632
[11346692862] 0.382632
[11346698428] 0.382632
[11346706804] 0.382632
[11346713607] 0.382632
[11346723508] 0.382632
[11346729747] 0.382636
[11346736894] 0.382636
[11346744935] 0.382639
[11346800963] 0.382645
[11346809646] 0.382657
[11346820090] 0.382657
[11346825258] 0.382657
[11346830558] 0.382657
[11346836856] 0.382660
[11346850569] 0.382660
[11346855329] 0.382375
[11346859537] 0.382437
[11346867501] 0.381723
[11346875970] 0.381288
[11346881977] 0.380906
[11346890208] 0.380514
[11346904328] 0.380777
[11346910115] 0.381166
[11346914586] 0.381151
[11346921609] 0.381144
[11346929768] 0.381126
[11346937045] 0.381132
[11346943490] 0.381135
[11346954002] 0.381132
[11346959031] 0.381132
[11346967061] 0.381132
[11346976647] 0.381132
[11346983160] 0.381132
[11346989841] 0.381138
[11346997345] 0.381135
[11347005554] 0.381135
[11347013338] 0.381138
[11347022023] 0.381132
[11347028031] 0.381132
[11347035826] 0.381129
[11347043391] 0.381126
[11347054179] 0.381129
[11347059243] 0.381129
[11347067284] 0.381132
[11347074989] 0.381135
[11347082641] 0.381132
[11347090212] 0.381135
[11347097883] 0.381135
[11347106135] 0.381135
[11347113913] 0.381138
[11347120940] 0.381135
[11347129031] 0.381053
[11347136471] 0.381022
[11347145092] 0.380449
[11347152086] 0.379966
[11347159186] 0.379188
[11347167182] 0.379090
[11347175887] 0.379363
[11347181850] 0.379626
[11347189546] 0.379681
[11347197278] 0.379666
[11347206053] 0.379663
[11347213622] 0.379681
[11347221177] 0.379675
[11347228634] 0.379675
[11347235731] 0.379675
[11347243449] 0.379669
[11347253246] 0.379669
[11347259044] 0.379672
[11347266696] 0.379675
[11347275929] 0.379675
[11347282167] 0.379672
[11347289885] 0.379675
[11347297743] 0.379675
[11347305905] 0.379656
[11347313080] 0.379620
[11347321727] 0.379476
[11347328152] 0.378652
[11347336210] 0.378227
[11347343716] 0.377927
[11347354391] 0.378022
[11347358942] 0.378334
[11347366407] 0.378303
[11347375267] 0.378273
[11347382805] 0.378276
[11347390282] 0.378276
[11347397721] 0.378273
[11347405934] 0.378270
[11347415284] 0.378273
[11347421841] 0.378273
[11347429383] 0.378227
[11347435817] 0.378034
[11347444332] 0.377238
[11347452055] 0.376852
[11347458776] 0.376570
[11347466544] 0.376687
[11347475289] 0.376916
[11347482023] 0.376879
[11347489548] 0.376834
[11347497294] 0.376831
[11347505768] 0.376763
[11347513450] 0.376135
[11347521330] 0.375713
[11347528683] 0.375174
[11347535806] 0.375153
[11347543583] 0.375385
[11347553996] 0.375214
[11347558742] 0.374889
[11347567243] 0.374418
[11347574960] 0.373686
[11347582008] 0.373600
[11347589561] 0.373539
[11347597497] 0.373012
[11347605592] 0.372621
[11347613328] 0.372201
[11347622565] 0.372171
[11347630113] 0.371877
[11347635908] 0.371396
[11347643497] 0.370536
[11347654194] 0.370392
[11347658713] 0.370217
[11347666591] 0.369935
[11347675432] 0.368943
[11347682714] 0.368496
[11347690829] 0.368172
[11347697524] 0.368123
[11347706021] 0.367906
[11347715101] 0.366914
[11347721484] 0.366338
[11347728619] 0.365649
[11347736296] 0.365603
[11347745396] 0.365226
[11347752499] 0.364740
[11347758744] 0.363463
[11347766512] 0.363007
[11347775205] 0.362639
[11347782252] 0.362621
[11347790490] 0.362275
[11347797529] 0.361216
[11347806904] 0.360805
[11347814510] 0.360548
[11347820643] 0.360367
[11347830006] 0.359483
[11347837198] 0.359115
[11347843881] 0.358815
[11347852633] 0.358858
[11347859534] 0.358674
[11347868975] 0.357744
[11347877040] 0.357361
[11347882790] 0.357196
[11347890431] 0.357162
[11347897960] 0.356742
[11347906470] 0.356314
[11347915187] 0.355824
[11347922433] 0.355778
[11347929211] 0.355368
[11347935904] 0.354942
[11347943750] 0.354278
[11347955055] 0.354060
[11347959094] 0.353993
[11347967110] 0.353773
[11347976433] 0.353035
[11347984766] 0.352762
[11347990135] 0.352725
[11347998071] 0.352701
[11348006569] 0.352575
[11348015912] 0.351859
[11348021170] 0.351700
[11348029670] 0.351488
[11348035990] 0.351329
[11348046194] 0.350885
[11348052296] 0.350570
[11348059037] 0.350181
[11348067298] 0.349997
[11348076218] 0.349501
[11348082616] 0.349214
[11348089761] 0.349018
[11348097630] 0.348497
[11348109698] 0.347863
[11348114482] 0.347768
[11348121115] 0.347726
[11348129917] 0.347355
[11348136216] 0.346957
[11348149082] 0.346553
[11348153886] 0.345879
[11348159204] 0.345457
[11348167101] 0.345108
[11348177982] 0.344863
[11348181895] 0.344863
[11348189611] 0.344042
[11348200811] 0.343638
[11348206331] 0.343598
[11348213659] 0.343611
[11348220909] 0.343488
[11348229664] 0.342766
[11348235949] 0.342459
[11348244091] 0.342352
[11348254665] 0.341960
[11348259261] 0.341336
[11348267436] 0.340922
[11348275486] 0.340821
[11348283819] 0.340806
[11348290042] 0.340576
[11348306543] 0.340172
[11348311685] 0.339572
[11348318713] 0.339422
[11348323940] 0.339211
[11348329575] 0.339153
[11348336086] 0.339159
[11348346248] 0.339281
[11348354178] 0.339269
[11348359260] 0.339263
[11348367072] 0.339266
[11348375822] 0.339269
[11348382154] 0.339266
[11348390229] 0.339266
[11348397810] 0.339266
[11348456874] 0.339266
[11348462523] 0.339260
[11348469426] 0.339257
[11348476977] 0.339260
[11348532175] 0.339260
[11348536749] 0.339260
[11348544459] 0.339260
[11348553555] 0.339260
[11348559891] 0.339260
[11348567392] 0.339260
[11348575165] 0.339260
[11348583480] 0.339260
[11348590070] 0.339260
[11348597877] 0.339260
[11348607384] 0.339260
[11348614764] 0.339260
[11348621237] 0.339260
[11348628930] 0.339260
[11348636869] 0.339260
[11348645328] 0.339260
[11348651772] 0.339260
[11348659826] 0.339260
[11348667463] 0.339260
[11348676268] 0.339260
[11348682316] 0.339260
[11348690702] 0.339260
[11348698465] 0.339260
[11348707629] 0.339260
[11348713443] 0.339260
[11348720932] 0.339260
[11348729001] 0.339260
[11348740795] 0.339260
[11348795846] 0.339260
[11348801998] 0.339260
[11348810041] 0.339260
[11348816360] 0.339260
[11348825304] 0.339260
[11348831797] 0.339260
[11348838548] 0.339260
[11348847508] 0.339260
[11348859450] 0.338761
[11348863844] 0.338393
[11348870216] 0.338112
[11348879438] 0.338054
[11348887891] 0.338124
[11348892537] 0.338103
[11348900567] 0.338041
[11348909071] 0.338026
[11348920545] 0.338026
[11348926512] 0.338023
[11348931278] 0.338023
[11348939584] 0.338026
[11348948992] 0.338023
[11348955409] 0.338023
[11348961316] 0.338023
[11348969627] 0.338023
[11348978317] 0.338023
[11348984515] 0.338023
[11348992507] 0.338026
[11349002716] 0.338023
[11349008309] 0.338020
[11349016680] 0.338020
[11349024685] 0.338014
[11349033065] 0.338008
[11349039118] 0.338008
[11349047925] 0.338008
[11349055180] 0.338008
[11349062944] 0.338008
[11349069319] 0.338008
[11349078884] 0.338008
[11349085028] 0.338008
[11349093986] 0.338008
[11349100334] 0.338008
[11349110058] 0.338008
[11349115656] 0.338008
[11349125094] 0.337815
[11349131410] 0.337447
[11349139045] 0.336847
[11349147024] 0.336783
[11349156323] 0.336777
[11349161849] 0.336774
[11349169961] 0.336737
[11349178311] 0.336725
[11349185777] 0.336725
[11349192651] 0.336725
[11349200881] 0.336725
[11349209177] 0.336725
[11349217010] 0.336725
[11349224236] 0.336722
[11349231684] 0.336725
[11349238545] 0.336725
[11349246609] 0.336725
[11349254384] 0.336725
[11349262383] 0.336725
[11349269487] 0.336722
[11349277184] 0.336722
[11349285021] 0.336722
[11349292678] 0.336722
[11349300591] 0.336526
[11349308756] 0.335696
[11349316104] 0.335338
[11349325475] 0.335185
[11349332671] 0.335329
[11349338767] 0.335347
[11349347218] 0.335326
[11349354446] 0.335301
[11349362778] 0.335304
[11349369260] 0.335307
[11349378671] 0.335307
[11349384920] 0.335310
[11349393438] 0.335310
[11349399884] 0.335310
[11349409897] 0.335301
[11349416536] 0.335163
[11349424102] 0.334389
[11349431181] 0.334073
[11349439122] 0.333975
[11349447754] 0.334086
[11349456487] 0.334064
[11349461692] 0.334046
[11349470028] 0.334018
[11349477813] 0.334015
[11349485079] 0.333997
[11349492937] 0.333455
[11349499914] 0.333081
[11349509065] 0.332797
[11349517092] 0.332842
[11349524372] 0.332824
[11349531822] 0.332806
[11349538891] 0.332573
[11349546301] 0.332212
[11349553883] 0.331578
[11349561602] 0.331495
[11349569319] 0.331422
[11349578260] 0.331422
[11349584649] 0.330139
[11349592852] 0.329383
[11349601670] 0.329291
[11349609402] 0.329585
[11349615963] 0.329637
[11349625689] 0.329566
[11349632521] 0.329031
[11349638463] 0.328571
[11349646610] 0.328541
[11349654396] 0.328434
[11349662740] 0.328149
[11349669256] 0.327442
[11349678400] 0.327258
[11349684517] 0.327246
[11349692653] 0.327230
[11349700454] 0.326985
[11349708929] 0.326471
[11349715412] 0.326404
[11349724877] 0.326293
[11349730740] 0.326067
[11349738458] 0.325424
[11349746491] 0.325424
[11349755875] 0.324753
[11349761704] 0.324505
[11349769604] 0.324251
[11349778040] 0.324245
[11349785056] 0.324003
[11349792872] 0.323682
[11349800423] 0.323008
[11349809789] 0.322837
[11349815958] 0.322806
[11349824075] 0.322234
[11349831109] 0.321566
[11349838585] 0.320387
[11349846186] 0.320109
[11349853803] 0.320020
[11349861446] 0.319940
[11349869332] 0.319251
[11349878641] 0.318761
[11349884839] 0.318256
[11349892459] 0.318223
[11349900121] 0.318082
[11349909081] 0.316814
[11349915729] 0.316257
[11349924878] 0.315534
[11349932960] 0.315449
[11349938908] 0.315029
[11349947567] 0.314536
[11349954573] 0.313823
[11349962792] 0.312822
[11349969366] 0.312497
[11349978945] 0.312543
[11349984870] 0.312445
[11349993590] 0.312096
[11350000063] 0.311159
[11350008518] 0.310822
[11350015616] 0.310648
[11350024296] 0.310085
[11350030639] 0.310085
[11350038413] 0.308694
[11350046514] 0.308352
[11350055745] 0.308235
[11350061914] 0.308153
[11350069885] 0.307433
[11350077855] 0.306909
[11350084639] 0.306380
[11350092480] 0.306334
[11350100643] 0.306126
[11350108221] 0.305813
[11350117234] 0.305161
[11350124354] 0.304898
[11350131520] 0.304720
[11350138736] 0.304096
[11350146944] 0.303869
[11350154019] 0.303652
[11350161559] 0.303499
[11350169057] 0.302929
[11350177723] 0.302611
[11350184695] 0.302354
[11350192646] 0.302363
[11350200360] 0.302314
[11350209227] 0.301291
[11350215784] 0.300899
[11350225808] 0.300477
[11350232227] 0.300455
[11350238572] 0.300100
[11350246855] 0.299647
[11350254300] 0.298661
[11350262846] 0.298260
[11350269276] 0.297939
[11350278838] 0.297877
[11350285094] 0.297681
[11350293891] 0.296790
[11350300098] 0.296399
[11350309080] 0.296019
[11350315662] 0.296022
[11350324190] 0.295795
[11350331057] 0.295330
[11350338462] 0.294485
[11350347099] 0.294323
[11350355798] 0.294200
[11350361732] 0.293952
[11350369502] 0.292682
[11350378093] 0.292682
[11350385005] 0.291650
[11350392603] 0.291619
[11350400305] 0.291631
[11350409308] 0.291576
[11350417119] 0.291399
[11350423737] 0.291001
[11350431079] 0.290575
[11350438764] 0.290523
[11350446501] 0.290523
[11350454149] 0.290153
[11350461664] 0.289751
[11350469311] 0.289350
[11350477240] 0.289096
[11350484951] 0.288450
[11350492448] 0.288285
[11350501859] 0.288221
[11350508525] 0.287247
[11350515912] 0.286576
[11350524502] 0.285511
[11350532361] 0.285287
[11350538394] 0.285214
[11350547196] 0.285104
[11350554404] 0.284250
[11350562674] 0.283757
[11350569358] 0.283392
[11350578664] 0.283288
[11350584595] 0.283013
[11350592962] 0.282504
[11350599834] 0.281610
[11350609176] 0.281427
[11350615699] 0.281399
[11350624859] 0.280774
[11350630757] 0.280184
[11350638505] 0.278769
[11350646552] 0.278380
[11350656343] 0.278193
[11350661674] 0.278209
[11350669235] 0.277890
[11350678524] 0.277162
[11350685450] 0.277162
[11350692113] 0.276840
[11350699969] 0.276228
[11350709281] 0.275915
[11350716850] 0.275912
[11350723580] 0.275735
[11350731433] 0.275288
[11350738582] 0.274265
[11350746388] 0.274051
[11350754084] 0.274005
[11350761805] 0.273919
[11350769406] 0.273261
[11350778146] 0.272860
[11350784535] 0.272523
[11350792585] 0.272520
[11350800311] 0.272238
[11350808550] 0.271317
[11350816070] 0.270916
[11350825232] 0.270741
[11350832539] 0.270631
[11350838633] 0.270098
[11350846692] 0.269816
[11350854376] 0.269523
[11350863055] 0.269519
[11350869149] 0.269268
[11350878594] 0.268301
[11350884564] 0.267906
[11350892900] 0.267906
[11350900488] 0.267811
[11350908942] 0.267618
[11350915525] 0.267199
[11350924176] 0.266314
[11350930762] 0.266133
[11350938930] 0.266096
[11350947347] 0.265934
[11350955886] 0.265236
[11350961611] 0.264912
[11350970064] 0.264642
[11350977805] 0.264642
[11350984981] 0.264409
[11350993122] 0.263503
[11351000757] 0.263206
[11351008645] 0.263130
[11351017345] 0.263130
[11351023995] 0.262502
[11351031108] 0.261960
[11351038620] 0.261299
[11351046559] 0.261250
[11351054015] 0.261091
[11351061500] 0.260757
[11351069271] 0.259364
[11351077110] 0.259364
[11351085167] 0.258623
[11351092904] 0.258574
[11351100501] 0.258534
[11351109037] 0.258451
[11351115681] 0.258222
[11351124670] 0.257735
[11351132142] 0.257680
[11351138248] 0.257441
[11351146541] 0.257159
[11351154257] 0.256871
[11351162460] 0.256816
[11351169020] 0.256461
[11351178166] 0.256134
[11351184853] 0.255439
[11351193176] 0.255184
[11351199875] 0.255169
[11351209011] 0.255056
[11351215947] 0.254780
[11351224655] 0.253947
[11351230629] 0.253745
[11351238722] 0.253715
[11351246639] 0.253638
[11351255944] 0.253078
[11351261777] 0.252787
[11351269526] 0.252649
[11351277984] 0.252652
[11351284891] 0.252548
[11351293260] 0.251645
[11351300362] 0.251409
[11351308832] 0.251327
[11351317849] 0.251425
[11351325317] 0.251302
[11351330994] 0.250975
[11351338578] 0.250206
[11351346790] 0.250068
[11351353928] 0.250007
[11351361479] 0.249793
[11351369250] 0.248635
[11351377820] 0.247677
[11351384642] 0.247230
[11351392081] 0.246997
[11351399887] 0.246856
[11351410015] 0.246180
[11351415781] 0.245920
[11351425205] 0.245815
[11351432588] 0.245779
[11351438394] 0.245347
[11351446881] 0.245071
[11351454393] 0.244909
[11351462523] 0.244946
[11351469466] 0.244741
[11351478545] 0.243997
[11351484536] 0.243997
[11351493020] 0.243709
[11351500943] 0.243816
[11351509033] 0.243553
[11351515493] 0.243164
[11351524031] 0.242414
[11351530816] 0.242267
[11351538818] 0.242218
[11351547172] 0.242095
[11351556171] 0.241679
[11351562198] 0.240822
[11351570506] 0.240283
[11351578822] 0.240314
[11351585112] 0.240286
[11351592719] 0.240102
[11351600779] 0.239695
[11351609440] 0.238795
[11351616771] 0.238801
[11351624268] 0.238896
[11351631519] 0.238761
[11351638407] 0.238054
[11351646858] 0.237775
[11351654551] 0.237699
[11351662149] 0.237653
[11351669317] 0.237004
[11351677137] 0.236450
[11351685014] 0.235678
[11351692414] 0.235617
[11351700094] 0.235623
[11351709194] 0.235084
[11351715869] 0.234698
[11351724978] 0.234423
[11351732423] 0.234435
[11351738428] 0.234227
[11351747037] 0.233801
[11351754324] 0.233039
[11351762973] 0.232907
[11351769122] 0.232883
[11351779185] 0.232374
[11351785232] 0.232056
[11351794139] 0.231836
[11351800084] 0.231836
[11351808704] 0.231043
[11351815869] 0.230632
[11351824649] 0.230142
[11351831228] 0.230109
[11351838812] 0.229873
[11351847203] 0.229454
[11351856181] 0.228477
[11351862091] 0.228161
[11351869669] 0.228161
[11351878045] 0.228241
[11351885197] 0.228054
[11351893050] 0.227154
[11351900332] 0.226768
[11351909881] 0.226569
[11351916108] 0.226398
[11351923527] 0.225966
[11351931637] 0.225727
[11351939252] 0.225528
[11351946957] 0.225522
[11351954504] 0.225118
[11351962225] 0.224812
[11351969054] 0.224487
[11351976988] 0.224291
[11351984614] 0.224298
[11351992103] 0.224117
[11352000393] 0.223508
[11352008631] 0.223223
[11352016120] 0.223076
[11352025419] 0.223122
[11352032473] 0.222969
[11352038437] 0.222118
[11352046812] 0.221716
[11352054428] 0.221420
[11352062495] 0.221429
[11352069086] 0.221211
[11352078379] 0.220351
[11352084568] 0.220351
[11352093430] 0.219846
[11352099849] 0.219873
[11352108865] 0.219717
[11352115493] 0.219604
[11352127394] 0.219387
[11352131804] 0.219166
[11352138616] 0.218854
[11352147110] 0.218780
[11352156799] 0.218747
[11352161562] 0.218661
[11352169232] 0.218293
[11352178548] 0.218150
[11352186803] 0.218085
[11352192673] 0.217381
[11352200289] 0.217381
[11352209049] 0.216750
[11352217845] 0.216766
[11352225060] 0.216720
[11352231794] 0.216683
[11352238884] 0.216447
[11352248050] 0.216218
[11352254717] 0.216037
[11352262115] 0.215823
[11352269525] 0.215348
[11352277408] 0.215305
[11352284775] 0.215210
[11352292818] 0.215011
[11352300268] 0.214387
[11352309056] 0.214111
[11352315392] 0.214200
[11352324250] 0.214130
[11352333089] 0.213851
[11352338906] 0.212966
[11352347036] 0.212966
[11352354396] 0.212798
[11352364073] 0.212920
[11352369287] 0.212795
[11352378755] 0.212191
[11352384993] 0.212084
[11352395034] 0.211980
[11352400292] 0.211683
[11352409540] 0.211083
[11352415471] 0.210109
[11352425418] 0.209794
[11352431301] 0.209898
[11352439150] 0.209953
[11352447702] 0.209757
[11352456252] 0.208952
[11352461780] 0.208539
[11352469370] 0.208370
[11352478491] 0.208392
[11352486585] 0.208392
[11352492466] 0.207890
[11352500328] 0.207280
[11352509685] 0.207124
[11352516415] 0.207185
[11352524132] 0.207005
[11352531262] 0.206671
[11352539045] 0.206053
[11352547444] 0.206013
[11352554003] 0.205998
[11352561595] 0.205829
[11352569088] 0.205024
[11352579715] 0.204534
[11352584777] 0.204537
[11352592188] 0.204660
[11352599996] 0.204558
[11352609741] 0.204017
[11352616257] 0.203974
[11352624270] 0.203925
[11352633703] 0.203729
[11352639398] 0.203227
[11352647487] 0.203159
[11352654726] 0.203126
[11352663818] 0.202942
[11352670322] 0.202394
[11352677861] 0.202299
[11352684859] 0.202293
[11352694812] 0.202302
[11352700813] 0.202112
[11352708842] 0.201714
[11352715510] 0.201662
[11352726255] 0.201573
[11352731214] 0.201316
[11352739447] 0.200903
[11352747034] 0.200609
[11352757068] 0.200575
[11352761570] 0.200401
[11352769823] 0.199993
[11352778070] 0.199761
[11352786454] 0.199687
[11352792274] 0.199305
[11352800235] 0.198475
[11352808617] 0.197930
[11352818043] 0.198034
[11352825435] 0.198031
[11352831713] 0.197887
[11352838684] 0.196978
[11352847725] 0.196580
[11352854566] 0.196436
[11352861973] 0.196304
[11352869512] 0.195529
[11352876712] 0.194923
[11352884502] 0.194078
[11352892191] 0.193995
[11352899873] 0.194014
[11352909571] 0.193542
[11352916227] 0.193542
[11352923673] 0.192312
[11352933541] 0.192045
[11352938530] 0.191944
[11352946829] 0.191895
[11352954614] 0.191203
[11352964309] 0.191203
[11352969072] 0.190450
[11352978728] 0.190429
[11352984766] 0.190239
[11352994291] 0.189920
[11353000223] 0.189430
[11353008435] 0.189339
[11353015507] 0.189339
[11353025914] 0.188653
[11353031112] 0.188111
[11353039104] 0.187321
[11353047155] 0.187205
[11353057253] 0.187217
[11353061453] 0.187116
[11353069209] 0.186448
[11353078750] 0.186197
[11353087102] 0.186258
[11353092939] 0.186118
[11353100733] 0.185741
[11353109728] 0.184954
[11353118419] 0.184875
[11353123500] 0.184871
[11353131247] 0.184792
[11353138650] 0.184008
[11353147457] 0.183390
[11353154543] 0.182489
[11353161401] 0.182379
[11353169717] 0.182413
[11353177621] 0.182098
[11353185200] 0.181706
[11353192768] 0.181424
[11353203378] 0.181274
[11353208729] 0.180962
[11353215658] 0.180738
[11353224727] 0.180545
[11353233885] 0.180518
[11353238557] 0.180098
[11353247077] 0.179804
[11353254851] 0.179569
[11353263747] 0.179608
[11353269701] 0.179461
[11353277539] 0.179180
[11353284460] 0.178558
[11353294116] 0.178338
[11353300462] 0.178365
[11353309790] 0.178292
[11353316267] 0.178292
[11353326145] 0.177842
[11353331283] 0.177836
[11353339077] 0.177759
[11353347041] 0.177728
[11353357064] 0.177401
[11353361363] 0.177358
[11353369582] 0.177337
[11353377808] 0.177288
[11353386247] 0.177006
[11353392372] 0.176957
[11353400355] 0.176908
[11353409707] 0.176856
[11353418587] 0.176537
[11353423855] 0.176537
[11353431186] 0.176488
[11353439056] 0.176452
[11353447449] 0.176400
[11353454154] 0.176277
[11353461802] 0.176240
[11353469298] 0.176170
[11353480388] 0.176087
[11353485390] 0.176051
[11353493069] 0.176011
[11353500600] 0.175928
[11353511891] 0.175839
[11353516714] 0.175793
[11353526099] 0.175711
[11353532357] 0.175616
[11353538593] 0.175509
[11353546901] 0.175475
[11353555054] 0.175255
[11353563023] 0.175129
[11353569715] 0.175022
[11353578365] 0.175010
[11353584798] 0.174841
[11353593362] 0.174667
[11353601032] 0.174550
[11353609304] 0.174486
[11353616459] 0.174361
[11353624335] 0.174079
[11353631369] 0.174039
[11353639554] 0.173993
[11353647147] 0.173975
[11353657105] 0.173865
[11353663264] 0.173626
[11353669426] 0.173598
[11353678602] 0.173574
[11353685523] 0.173509
[11353692416] 0.173375
[11353701496] 0.173277
[11353710940] 0.173188
[11353717753] 0.173157
[11353725432] 0.173081
[11353731333] 0.172967
[11353739373] 0.172888
[11353747042] 0.172802
[11353754323] 0.172710
[11353762342] 0.172634
[11353770233] 0.172563
[11353778675] 0.172523
[11353785132] 0.172444
[11353794099] 0.172364
[11353802584] 0.172343
[11353808462] 0.172202
[11353817741] 0.172156
[11353824558] 0.172061
[11353834837] 0.172018
[11353839115] 0.171969
[11353847279] 0.171871
[11353854962] 0.171752
[11353863463] 0.171709
[11353869830] 0.171691
[11353878112] 0.171550
[11353884599] 0.171418
[11353893466] 0.171345
[11353900898] 0.171302
[11353909298] 0.171185
[11353917078] 0.171051
[11353924330] 0.170980
[11353931227] 0.170947
[11353939055] 0.170864
[11353946949] 0.170745
[11353956749] 0.170689
[11353961610] 0.170567
[11353970698] 0.170484
[11353978574] 0.170420
[11353985532] 0.170365
[11353992242] 0.170246
[11354001701] 0.170157
[11354011298] 0.170080
[11354017854] 0.170050
[11354026057] 0.169952
[11354031370] 0.169783
[11354038715] 0.169694
[11354047179] 0.169661
[11354055043] 0.169612
[11354061936] 0.169440
[11354070088] 0.169303
[11354077305] 0.169269
[11354085196] 0.169214
[11354092313] 0.169015
[11354103711] 0.168871
[11354109895] 0.168770
[11354116282] 0.168751
[11354124963] 0.168672
[11354132762] 0.168543
[11354139195] 0.168464
[11354147597] 0.168433
[11354155589] 0.168378
[11354162658] 0.168262
[11354169127] 0.168170
[11354177769] 0.168136
[11354185672] 0.168014
[11354193213] 0.167900
[11354200449] 0.167821
[11354209561] 0.167781
[11354216065] 0.167738
[11354225069] 0.167573
[11354231613] 0.167533
[11354238820] 0.167493
[11354247338] 0.167441
[11354257092] 0.167260
[11354261764] 0.167217
[11354270428] 0.167156
[11354278868] 0.167095
[11354286710] 0.167095
[11354292927] 0.166985
[11354300682] 0.166948
[11354310342] 0.166881
[11354317029] 0.166847
[11354325972] 0.166731
[11354331370] 0.166691
[11354339029] 0.166596
[11354347274] 0.166434
[11354354955] 0.166235
[11354361790] 0.166164
[11354369694] 0.166192
[11354376968] 0.166118
[11354384853] 0.165775
[11354392901] 0.165726
[11354401737] 0.165705
[11354409859] 0.165564
[11354416839] 0.165301
[11354423860] 0.165135
[11354432454] 0.165123
[11354438607] 0.165062
[11354447387] 0.164790
[11354454877] 0.164391
[11354462491] 0.164416
[11354469430] 0.164376
[11354477912] 0.164162
[11354485003] 0.163660
[11354493595] 0.162910
[11354500103] 0.162815
[11354509969] 0.162959
[11354515976] 0.162873
[11354524226] 0.162527
[11354531334] 0.161722
[11354539502] 0.161066
[11354548197] 0.161027
[11354557361] 0.161011
[11354561504] 0.160843
[11354570108] 0.159952
[11354577840] 0.159294
[11354586361] 0.158329
[11354592099] 0.158210
[11354600253] 0.158250
[11354610025] 0.158002
[11354616986] 0.157726
[11354624296] 0.157466
[11354631239] 0.157454
[11354638629] 0.157141
[11354647661] 0.156795
[11354654787] 0.156446
[11354661667] 0.156459
[11354669307] 0.156312
[11354677457] 0.155996
[11354684987] 0.155139
[11354692490] 0.155139
[11354700044] 0.155170
[11354710225] 0.155237
[11354715888] 0.155078
[11354725431] 0.154606
[11354734948] 0.154591
[11354739100] 0.154554
[11354748049] 0.154349
[11354754424] 0.153979
[11354764660] 0.153933
[11354769869] 0.153844
[11354778087] 0.153626
[11354784452] 0.152931
[11354794140] 0.152634
[11354800345] 0.152543
[11354809155] 0.152610
[11354816811] 0.152472
[11354825475] 0.152004
[11354831649] 0.151952
[11354838354] 0.152047
[11354846576] 0.152047
[11354857321] 0.151419
[11354861441] 0.151195
[11354869462] 0.151229
[11354878724] 0.151410
[11354887172] 0.151287
[11354892317] 0.150996
[11354900982] 0.150687
[11354909092] 0.150797
[11354917558] 0.151125
[11354924961] 0.150911
[11354931813] 0.150595
[11354938284] 0.150323
[11354947283] 0.150323
[11354954735] 0.150644
[11354961396] 0.150598
[11354969696] 0.149995
[11354977822] 0.149793
[11354984561] 0.149885
[11354992351] 0.149913
[11354999998] 0.149533
[11355010266] 0.149202
[11355015933] 0.149221
[11355025321] 0.149319
[11355033973] 0.149221
[11355038463] 0.148642
[11355046584] 0.148507
[11355054518] 0.148694
[11355063892] 0.148835
[11355069745] 0.148679
[11355077536] 0.148376
[11355084890] 0.148219
[11355094518] 0.148229
[11355100795] 0.148042
[11355108690] 0.147282
[11355117275] 0.147093
[11355125466] 0.147227
[11355131469] 0.147267
[11355138336] 0.146912
[11355146447] 0.146474
[11355157271] 0.146036
[11355161906] 0.146055
[11355170307] 0.146021
[11355178598] 0.145424
[11355186670] 0.145142
[11355193137] 0.144848
[11355200664] 0.144858
[11355211496] 0.144649
[11355218321] 0.143982
[11355225372] 0.143982
[11355231563] 0.143627
[11355238822] 0.143807
[11355248067] 0.143823
[11355254735] 0.143477
[11355261967] 0.142978
[11355269936] 0.142283
[11355277483] 0.142221
[11355285795] 0.142267
[11355292320] 0.142188
[11355302310] 0.141459
[11355310393] 0.140908
[11355315657] 0.140886
[11355326600] 0.140945
[11355332443] 0.140807
[11355338807] 0.139852
[11355347757] 0.139248
[11355355903] 0.138517
[11355363119] 0.138422
[11355369772] 0.138486
[11355378488] 0.138410
[11355384808] 0.137745
[11355393919] 0.137047
[11355400810] 0.136977
[11355409007] 0.137013
[11355417386] 0.136915
[11355424968] 0.136171
[11355431550] 0.135819
[11355439395] 0.135434
[11355447866] 0.135476
[11355457944] 0.135357
[11355462489] 0.135014
[11355469909] 0.134509
[11355477923] 0.134503
[11355485386] 0.134570
[11355493068] 0.134466
[11355500533] 0.133780
[11355509031] 0.133407
[11355518446] 0.133450
[11355528538] 0.133609
[11355532802] 0.133532
[11355538720] 0.132782
[11355547159] 0.132277
[11355554512] 0.131714
[11355562020] 0.131695
[11355569785] 0.131738
[11355577196] 0.131588
[11355585098] 0.131126
[11355592869] 0.129959
[11355601539] 0.129916
[11355608396] 0.130216
[11355616150] 0.130238
[11355624800] 0.129870
[11355632611] 0.129331
[11355638676] 0.128232
[11355647338] 0.127899
[11355654949] 0.127785
[11355663019] 0.127715
[11355669590] 0.127378
[11355677767] 0.126567
[11355684765] 0.125866
[11355693298] 0.125795
[11355700078] 0.125844
[11355709930] 0.125474
[11355716733] 0.125143
[11355724085] 0.124834
[11355730899] 0.124886
[11355739408] 0.124769
[11355746676] 0.124442
[11355756258] 0.123869
[11355762261] 0.123820
[11355770742] 0.123891
[11355778749] 0.123750
[11355786315] 0.123251
[11355792610] 0.123009
[11355800471] 0.123037
[11355809075] 0.123110
[11355818247] 0.122553
[11355823894] 0.122553
[11355831455] 0.121974
[11355838808] 0.121959
[11355846864] 0.121956
[11355854515] 0.121775
[11355861901] 0.121561
[11355869797] 0.121493
[11355877030] 0.121500
[11355884923] 0.121380
[11355892826] 0.121108
[11355901804] 0.121102
[11355909329] 0.121083
[11355916906] 0.121083
[11355923582] 0.120468
[11355932261] 0.120388
[11355938668] 0.120563
[11355947500] 0.120575
[11355954672] 0.120250
[11355962612] 0.119858
[11355969719] 0.119516
[11355978107] 0.119598
[11355984593] 0.119574
[11355994085] 0.118958
[11356000357] 0.118713
[11356008798] 0.118704
[11356015584] 0.118903
[11356025051] 0.118915
[11356031199] 0.118649
[11356039413] 0.118083
[11356047246] 0.118046
[11356056367] 0.118116
[11356063148] 0.118043
[11356069531] 0.117293
[11356077555] 0.116708
[11356085643] 0.115900
[11356092876] 0.115792
[11356100929] 0.115897
[11356108966] 0.115685
[11356117029] 0.115407
[11356124780] 0.115168
[11356131882] 0.115217
[11356138779] 0.115070
[11356147572] 0.114739
[11356154838] 0.114311
[11356161775] 0.114323
[11356170149] 0.114424
[11356177728] 0.114298
[11356185911] 0.113937
[11356192795] 0.113913
[11356201479] 0.113928
[11356208134] 0.113815
[11356216513] 0.113478
[11356225262] 0.113456
[11356233027] 0.113453
[11356238945] 0.113147
[11356247487] 0.113019
[11356255124] 0.112970
[11356262558] 0.112973
[11356269311] 0.112801
[11356278711] 0.112590
[11356284644] 0.112544
[11356293925] 0.112538
[11356300299] 0.112330
[11356310390] 0.112284
[11356316131] 0.112268
[11356324372] 0.112137
[11356330786] 0.111895
[11356338890] 0.111739
[11356347926] 0.111828
[11356355644] 0.111687
[11356362435] 0.111466
[11356370170] 0.111292
[11356378852] 0.111555
[11356386367] 0.111555
[11356392737] 0.111402
[11356400898] 0.110915
[11356408679] 0.110943
[11356416896] 0.110940
[11356424759] 0.110621
[11356432289] 0.110496
[11356438550] 0.110511
[11356446766] 0.110477
[11356454477] 0.110104
[11356461536] 0.109935
[11356469632] 0.109886
[11356477201] 0.110006
[11356484962] 0.109981
[11356493738] 0.109482
[11356499977] 0.109452
[11356508776] 0.109550
[11356516499] 0.109556
[11356524096] 0.109286
[11356533027] 0.109213
[11356538907] 0.109347
[11356547489] 0.109347
[11356554717] 0.108913
[11356562346] 0.108778
[11356569322] 0.108873
[11356578036] 0.108888
[11356584807] 0.108824
[11356593895] 0.108233
[11356599920] 0.108227
[11356609633] 0.108365
[11356615913] 0.108285
[11356624522] 0.107945
[11356630639] 0.107945
[11356639016] 0.108114
[11356646513] 0.108129
[11356655901] 0.107679
[11356662001] 0.107593
[11356671197] 0.107927
[11356678703] 0.107924
[11356685592] 0.107538
[11356692422] 0.107305
[11356700507] 0.107253
[11356709709] 0.107575
[11356716186] 0.107559
[11356723850] 0.106935
[11356731043] 0.106910
[11356738986] 0.106944
[11356747089] 0.107063
[11356755007] 0.106898
[11356762194] 0.106699
[11356769614] 0.106647
[11356777494] 0.106659
[11356784770] 0.106445
[11356793469] 0.105924
[11356800251] 0.105854
[11356808590] 0.105931
[11356816121] 0.105912
[11356824599] 0.105481
[11356832460] 0.105379
[11356839300] 0.105477
[11356846474] 0.105511
[11356854260] 0.105272
[11356863043] 0.105208
[11356869789] 0.105263
[11356878711] 0.105229
[11356884760] 0.105049
[11356902916] 0.104920
[11356908747] 0.104975
[11356913532] 0.104688
[11356917907] 0.104688
[11356924600] 0.104348
[11356930737] 0.104335
[11356938917] 0.104666
[11356947636] 0.104660
[11356955817] 0.104253
[11356962011] 0.104060
[11356970007] 0.104133
[11356978354] 0.104179
[11356985588] 0.103992
[11356992499] 0.103818
[11357001257] 0.103689
[11357009194] 0.103754
[11357017967] 0.103607
[11357024394] 0.103077
[11357031688] 0.103077
[11357038991] 0.103322
[11357046937] 0.103368
[11357054611] 0.103092
[11357061866] 0.102811
[11357069965] 0.102731
[11357077188] 0.102844
[11357085077] 0.102731
[11357092243] 0.102526
[11357100401] 0.102330
[11357108200] 0.102361
[11357115597] 0.102330
[11357125462] 0.101963
[11357132551] 0.101907
[11357138974] 0.102021
[11357147504] 0.101990
[11357154684] 0.101681
[11357162897] 0.101561
[11357169818] 0.101546
[11357178581] 0.101439
[11357184823] 0.100778
[11357193337] 0.100462
[11357199891] 0.100325
[11357209011] 0.100419
[11357215854] 0.100312
[11357224273] 0.099611
[11357231013] 0.099375
[11357239258] 0.099458
[11357246373] 0.099697
[11357255860] 0.099709
[11357261778] 0.099498
[11357269830] 0.099271
[11357277645] 0.099271
[11357285146] 0.099271
[11357292136] 0.099100
[11357300879] 0.098616
[11357308943] 0.098414
[11357318191] 0.098536
[11357324442] 0.098558
[11357331563] 0.098377
[11357338721] 0.097719
[11357346801] 0.097465
[11357354364] 0.097459
[11357362257] 0.097664
[11357369185] 0.097658
[11357376891] 0.097404
[11357384810] 0.096825
[11357392393] 0.096825
[11357400099] 0.097070
[11357409194] 0.097085
[11357415866] 0.096846
[11357425378] 0.096200
[11357432193] 0.096109
[11357438908] 0.096252
[11357447427] 0.096252
[11357454574] 0.095913
[11357462445] 0.095698
[11357469333] 0.095683
[11357477685] 0.095683
[11357484739] 0.095689
[11357493494] 0.095340
[11357500964] 0.095319
[11357509368] 0.095328
[11357515815] 0.095319
[11357523968] 0.095086
[11357530734] 0.095071
[11357539404] 0.095074
[11357546703] 0.095077
[11357555884] 0.094948
[11357562108] 0.094927
[11357570626] 0.094917
[11357578837] 0.094908
[11357584910] 0.094829
[11357593139] 0.094789
[11357600572] 0.094777
[11357609028] 0.094700
[11357616365] 0.094700
[11357624543] 0.094657
[11357645791] 0.094648
[11357650818] 0.094596
[11357657650] 0.094581
[11357665455] 0.094550
[11357674261] 0.094523
[11357680774] 0.094507
[11357688803] 0.094480
[11357696782] 0.094464
[11357705309] 0.094440
[11357759256] 0.094412
