[11331985998] -1.321121
[11331996377] -1.321121
[11332001778] -1.321121
[11332011176] -1.321121
[11332017862] -1.321121
[11332025800] -1.321121
[11332032242] -1.321121
[11332040076] -1.321121
[11332047997] -1.321121
[11332058039] -1.321121
[11332062775] -1.321121
[11332070441] -1.321121
[11332078170] -1.321121
[11332086246] -1.321121
[11332094220] -1.321121
[11332102626] -1.321123
[11332110178] -1.321123
[11332116582] -1.321123
[11332124171] -1.321123
[11332131932] -1.321123
[11332139597] -1.321123
[11332147583] -1.321123
[11332155292] -1.321123
[11332162779] -1.321123
[11332170812] -1.321123
[11332178183] -1.321123
[11332185856] -1.321123
[11332193618] -1.321123
[11332202380] -1.321123
[11332209904] -1.321123
[11332216634] -1.321123
[11332224395] -1.321123
[11332233007] -1.321123
[11332239741] -1.321123
[11332247251] -1.321123
[11332255246] -1.321123
[11332263427] -1.321123
[11332271141] -1.321123
[11332278952] -1.321123
[11332286003] -1.321123
[11332294955] -1.321123
[11332301774] -1.321123
[11332309997] -1.321123
[11332316647] -1.321123
[11332325260] -1.321123
[11332332031] -1.321123
[11332340384] -1.321123
[11332348129] -1.321123
[11332356103] -1.321123
[11332363528] -1.321123
[11332371025] -1.321123
[11332427325] -1.321123
[11332431700] -1.321123
[11332439967] -1.321123
[11332446756] -1.321123
[11332454743] -1.321123
[11332462536] -1.321123
[11332470096] -1.321123
[11332529239] -1.321121
[11332535593] -1.315536
[11332542018] -1.315444
[11332549680] -1.315423
[11332556734] -1.315407
[11332565326] -1.315413
[11332572303] -1.315423
[11332580427] -1.315419
[11332587453] -1.315404
[11332596271] -1.315389
[11332602510] -1.315367
[11332611659] -1.315361
[11332618764] -1.315346
[11332625988] -1.315349
[11332633695] -1.315349
[11332641471] -1.315340
[11332650443] -1.315334
[11332656922] -1.315303
[11332664838] -1.315285
[11332673181] -1.315245
[11332680411] -1.315233
[11332687310] -1.315227
[11332695205] -1.315227
[11332703117] -1.315227
[11332711170] -1.315220
[11332718249] -1.315211
[11332726612] -1.315205
[11332733713] -1.315196
[11332742314] -1.315190
[11332749321] -1.315190
[11332756549] -1.315184
[11332764321] -1.315178
[11332773117] -1.315165
[11332779546] -1.315156
[11332787209] -1.315144
[11332794948] -1.315141
[11332803974] -1.315132
[11332810746] -1.314969
[11332818378] -1.314075
[11332827324] -1.312352
[11332834562] -1.311442
[11332840984] -1.310064
[11332850747] -1.309630
[11332857553] -1.309348
[11332865279] -1.309308
[11332872229] -1.309271
[11332879815] -1.309271
[11332887378] -1.309284
[11332896550] -1.309293
[11332902528] -1.309293
[11332911874] -1.309284
[11332917876] -1.309281
[11332926360] -1.309278
[11332933941] -1.309278
[11332941464] -1.309278
[11332950236] -1.309281
[11332956857] -1.309284
[11332964498] -1.309281
[11332973370] -1.309275
[11332980220] -1.309265
[11332987026] -1.309033
[11332994766] -1.308653
[11333002345] -1.307272
[11333011542] -1.306323
[11333018201] -1.304636
[11333026774] -1.304018
[11333033579] -1.303387
[11333042101] -1.303326
[11333049821] -1.303298
[11333056962] -1.303289
[11333064750] -1.303289
[11333072976] -1.303307
[11333079701] -1.303316
[11333087173] -1.303316
[11333094788] -1.303313
[11333104034] -1.303093
[11333111157] -1.302716
[11333118565] -1.301360
[11333126378] -1.300457
[11333134799] -1.298742
[11333141112] -1.298081
[11333149445] -1.297349
[11333156901] -1.297318
[11333165747] -1.297325
[11333172382] -1.297297
[11333180365] -1.297156
[11333187194] -1.296281
[11333196187] -1.294670
[11333202550] -1.293776
[11333211537] -1.292913
[11333217988] -1.291587
[11333226732] -1.290974
[11333233324] -1.290619
[11333240884] -1.290126
[11333249892] -1.288614
[11333258056] -1.286765
[11333263994] -1.286042
[11333272807] -1.284481
[11333280280] -1.283574
[11333287382] -1.282539
[11333295094] -1.280635
[11333302641] -1.278434
[11333311403] -1.277488
[11333317926] -1.276373
[11333326730] -1.274952
[11333333242] -1.274952
[11333340917] -1.273174
[11333351029] -1.270782
[11333356823] -1.268621
[11333364053] -1.267803
[11333372689] -1.266208
[11333379514] -1.265127
[11333387769] -1.262344
[11333396044] -1.261064
[11333403656] -1.259028
[11333411859] -1.257926
[11333418232] -1.255210
[11333427767] -1.252868
[11333435116] -1.251613
[11333441273] -1.249500
[11333451421] -1.248683
[11333456804] -1.246983
[11333466445] -1.244595
[11333473292] -1.243205
[11333480419] -1.241769
[11333487223] -1.239087
[11333496118] -1.237268
[11333503231] -1.236417
[11333511545] -1.235422
[11333518678] -1.233625
[11333526037] -1.232664
[11333533588] -1.231659
[11333541352] -1.228754
[11333550570] -1.227385
[11333557249] -1.224844
[11333563980] -1.223772
[11333572852] -1.222073
[11333580277] -1.221106
[11333587319] -1.219428
[11333594951] -1.218622
[11333602663] -1.216880
[11333614131] -1.215858
[11333618607] -1.213099
[11333626664] -1.213099
[11333633411] -1.210289
[11333642505] -1.208715
[11333650896] -1.207576
[11333657387] -1.205371
[11333664040] -1.204425
[11333673003] -1.202760
[11333679824] -1.201783
[11333687701] -1.199110
[11333695414] -1.197708
[11333705544] -1.196599
[11333712383] -1.194793
[11333718626] -1.192879
[11333727023] -1.192016
[11333736425] -1.190164
[11333741020] -1.190164
[11333750061] -1.188666
[11333757561] -1.186676
[11333766522] -1.185213
[11333772921] -1.184643
[11333780184] -1.183973
[11333787314] -1.182028
[11333797885] -1.179698
[11333802519] -1.178746
[11333812075] -1.177133
[11333818967] -1.176003
[11333827822] -1.173857
[11333833896] -1.172911
[11333841648] -1.171006
[11333851257] -1.171006
[11333858957] -1.168358
[11333864938] -1.167250
[11333872346] -1.165468
[11333880125] -1.164818
[11333887465] -1.163297
[11333895615] -1.162241
[11333903741] -1.160413
[11333911356] -1.159669
[11333918661] -1.158031
[11333926832] -1.156977
[11333933396] -1.154038
[11333943081] -1.152063
[11333951831] -1.151224
[11333957072] -1.149840
[11333964529] -1.148815
[11333973852] -1.146730
[11333979988] -1.145833
[11333987682] -1.144247
[11333996363] -1.143362
[11334004519] -1.141825
[11334013034] -1.140918
[11334019246] -1.139336
[11334028441] -1.137768
[11334035209] -1.136862
[11334041504] -1.135362
[11334052395] -1.134550
[11334056878] -1.132869
[11334066088] -1.130551
[11334072795] -1.129256
[11334081437] -1.128133
[11334087748] -1.126467
[11334097700] -1.124547
[11334102995] -1.123715
[11334111888] -1.123111
[11334119215] -1.122037
[11334126667] -1.120579
[11334133920] -1.119713
[11334142066] -1.117937
[11334150637] -1.117150
[11334157257] -1.116281
[11334164418] -1.114799
[11334173179] -1.112190
[11334182718] -1.110837
[11334187103] -1.108611
[11334196334] -1.107852
[11334204038] -1.107007
[11334215346] -1.103789
[11334220374] -1.102846
[11334227439] -1.102846
[11334234089] -1.101174
[11334242203] -1.099891
[11334250648] -1.099166
[11334257615] -1.097705
[11334264599] -1.096921
[11334273508] -1.095335
[11334279949] -1.094331
[11334287566] -1.091781
[11334295342] -1.090697
[11334304123] -1.089405
[11334312226] -1.088688
[11334319739] -1.086974
[11334327630] -1.084953
[11334334571] -1.084117
[11334341007] -1.083395
[11334350396] -1.081717
[11334357671] -1.080422
[11334365625] -1.077945
[11334373069] -1.075988
[11334380564] -1.075339
[11334387290] -1.074252
[11334397123] -1.073355
[11334404036] -1.071426
[11334412372] -1.069806
[11334418601] -1.069105
[11334425976] -1.068199
[11334433926] -1.065670
[11334441954] -1.062960
[11334450418] -1.061837
[11334457193] -1.060156
[11334465512] -1.059093
[11334473111] -1.057036
[11334480730] -1.056200
[11334487955] -1.054678
[11334496085] -1.053769
[11334504063] -1.051409
[11334514478] -1.049973
[11334520110] -1.047324
[11334528554] -1.045652
[11334533443] -1.044663
[11334542711] -1.042753
[11334550286] -1.041914
[11334556854] -1.040352
[11334564622] -1.039449
[11334573392] -1.036963
[11334579590] -1.035585
[11334587307] -1.033228
[11334595353] -1.032319
[11334604147] -1.030886
[11334611640] -1.029992
[11334618992] -1.027570
[11334627106] -1.027570
[11334634710] -1.024885
[11334640976] -1.024349
[11334650631] -1.022717
[11334657346] -1.020770
[11334665013] -1.019863
[11334672382] -1.018277
[11334680421] -1.017282
[11334687512] -1.014628
[11334696744] -1.012622
[11334703611] -1.011863
[11334711766] -1.011303
[11334718856] -1.009622
[11334726164] -1.007638
[11334733875] -1.006848
[11334741794] -1.005534
[11334750622] -1.004680
[11334757429] -1.003413
[11334764461] -1.001125
[11334772645] -0.999282
[11334781374] -0.998682
[11334787485] -0.997617
[11334795938] -0.996704
[11334802925] -0.994821
[11334811346] -0.994031
[11334819100] -0.993232
[11334827469] -0.990719
[11334834472] -0.989319
[11334840951] -0.987966
[11334850399] -0.985658
[11334857477] -0.984166
[11334864481] -0.983444
[11334873601] -0.981641
[11334879485] -0.980927
[11334887089] -0.979209
[11334895019] -0.978260
[11334905382] -0.976733
[11334911826] -0.976022
[11334918954] -0.974788
[11334926802] -0.974044
[11334934485] -0.972468
[11334941298] -0.970790
[11334951717] -0.970159
[11334956850] -0.968959
[11334966255] -0.967373
[11334973945] -0.966442
[11334979985] -0.965615
[11334988068] -0.964265
[11334995174] -0.963484
[11335002774] -0.962600
[11335012883] -0.959957
[11335018280] -0.958754
[11335026012] -0.957682
[11335033975] -0.956017
[11335041746] -0.954572
[11335050451] -0.953763
[11335057344] -0.952000
[11335064088] -0.951130
[11335072899] -0.950224
[11335080591] -0.948822
[11335087906] -0.947165
[11335095175] -0.946424
[11335104641] -0.945561
[11335114621] -0.944597
[11335118667] -0.943813
[11335127169] -0.942778
[11335133777] -0.941180
[11335144437] -0.939845
[11335150299] -0.939263
[11335157610] -0.937567
[11335164487] -0.936357
[11335174580] -0.934202
[11335179501] -0.933357
[11335186957] -0.932010
[11335194957] -0.931143
[11335205996] -0.929683
[11335211830] -0.928296
[11335218069] -0.927497
[11335227341] -0.925853
[11335235970] -0.925053
[11335241163] -0.924383
[11335251054] -0.923213
[11335256511] -0.921765
[11335267429] -0.920124
[11335272454] -0.919405
[11335279791] -0.918808
[11335287230] -0.917347
[11335298388] -0.915415
[11335302671] -0.914497
[11335311092] -0.914497
[11335318055] -0.912408
[11335328306] -0.910927
[11335333423] -0.910268
[11335341735] -0.909475
[11335350231] -0.909102
[11335357819] -0.907905
[11335364524] -0.906998
[11335373396] -0.904987
[11335379812] -0.904987
[11335388570] -0.902862
[11335394787] -0.902182
[11335402993] -0.900872
[11335414445] -0.900357
[11335418353] -0.899604
[11335427086] -0.898410
[11335433879] -0.897397
[11335444579] -0.895302
[11335450429] -0.894482
[11335457454] -0.893242
[11335464156] -0.892525
[11335474461] -0.890829
[11335479519] -0.890143
[11335487118] -0.888971
[11335494963] -0.888377
[11335506665] -0.886971
[11335512770] -0.885370
[11335517965] -0.884788
[11335527888] -0.883551
[11335537022] -0.881944
[11335541220] -0.880931
[11335550976] -0.880092
[11335557782] -0.878885
[11335567043] -0.877489
[11335572769] -0.876782
[11335580266] -0.876188
[11335587904] -0.875080
[11335597016] -0.873570
[11335602908] -0.872848
[11335611170] -0.871926
[11335618983] -0.870790
[11335627543] -0.868494
[11335633556] -0.867967
[11335641587] -0.866899
[11335654518] -0.866057
[11335658648] -0.864498
[11335664626] -0.863917
[11335672376] -0.862318
[11335680300] -0.861562
[11335687769] -0.860200
[11335694930] -0.860200
[11335702924] -0.858255
[11335711513] -0.857594
[11335718395] -0.856238
[11335726851] -0.855702
[11335733948] -0.854958
[11335744872] -0.853718
[11335751650] -0.852913
[11335757299] -0.851333
[11335764129] -0.850724
[11335774511] -0.849128
[11335780701] -0.849128
[11335787097] -0.846930
[11335794746] -0.846131
[11335804510] -0.845007
[11335812873] -0.844628
[11335818131] -0.843544
[11335827443] -0.841795
[11335836274] -0.840369
[11335840957] -0.839683
[11335851311] -0.838798
[11335856976] -0.837601
[11335867955] -0.834438
[11335872800] -0.833694
[11335880240] -0.833229
[11335887907] -0.832304
[11335898315] -0.830847
[11335903269] -0.830158
[11335911264] -0.829573
[11335917912] -0.827990
[11335930734] -0.826572
[11335934524] -0.826572
[11335941553] -0.825623
[11335951183] -0.824386
[11335958166] -0.822920
[11335964096] -0.822139
[11335972924] -0.820492
[11335980177] -0.819843
[11335987197] -0.818514
[11335994993] -0.817666
[11336002833] -0.816432
[11336014900] -0.813389
[11336019075] -0.812623
[11336026907] -0.812115
[11336033534] -0.811172
[11336043752] -0.809721
[11336050649] -0.808964
[11336057276] -0.807761
[11336064980] -0.807054
[11336074565] -0.805743
[11336079410] -0.804920
[11336087090] -0.803628
[11336094930] -0.803116
[11336105923] -0.801726
[11336111482] -0.800808
[11336117863] -0.798656
[11336127629] -0.796702
[11336135945] -0.795998
[11336141733] -0.794767
[11336150534] -0.793800
[11336157229] -0.791904
[11336167138] -0.791096
[11336172453] -0.789899
[11336179751] -0.789302
[11336187209] -0.787716
[11336197573] -0.786234
[11336202945] -0.785707
[11336210925] -0.785325
[11336218273] -0.783965
[11336226348] -0.782248
[11336234334] -0.781626
[11336241149] -0.780625
[11336250787] -0.779915
[11336257972] -0.777955
[11336264135] -0.776675
[11336272525] -0.774339
[11336279780] -0.773574
[11336288173] -0.772527
[11336294782] -0.771767
[11336302643] -0.770279
[11336313905] -0.769673
[11336318082] -0.768347
[11336327512] -0.767089
[11336333755] -0.766308
[11336343546] -0.765041
[11336351437] -0.764413
[11336356796] -0.763109
[11336364619] -0.762319
[11336374704] -0.761054
[11336379457] -0.760564
[11336387181] -0.759324
[11336395017] -0.758593
[11336405937] -0.757135
[11336411616] -0.756495
[11336418064] -0.755574
[11336428118] -0.754337
[11336436580] -0.752797
[11336440872] -0.752797
[11336450812] -0.751499
[11336457354] -0.750727
[11336467605] -0.748731
[11336472492] -0.748284
[11336479993] -0.748103
[11336487355] -0.747824
[11336497560] -0.746814
[11336502392] -0.746095
[11336512813] -0.744600
[11336518479] -0.744077
[11336526690] -0.743177
[11336533488] -0.742684
[11336541014] -0.741220
[11336550383] -0.740421
[11336557713] -0.739282
[11336563988] -0.738841
[11336572939] -0.737629
[11336580135] -0.736753
[11336587123] -0.734821
[11336595094] -0.734031
[11336602782] -0.732898
[11336614851] -0.732004
[11336618860] -0.731331
[11336626723] -0.730446
[11336633441] -0.728995
[11336643300] -0.727810
[11336651107] -0.727213
[11336657286] -0.725354
[11336664268] -0.724102
[11336674613] -0.721959
[11336680735] -0.721169
[11336687304] -0.720106
[11336694999] -0.719362
[11336706482] -0.717933
[11336711902] -0.716812
[11336717871] -0.716178
[11336727433] -0.714807
[11336735988] -0.714807
[11336741697] -0.712813
[11336751259] -0.712143
[11336756736] -0.710894
[11336766291] -0.710410
[11336772786] -0.709712
[11336780083] -0.709145
[11336787554] -0.707731
[11336798060] -0.706558
[11336802725] -0.706050
[11336811251] -0.705689
[11336818135] -0.704982
[11336830645] -0.703711
[11336835367] -0.703034
[11336842003] -0.701862
[11336850668] -0.701509
[11336857563] -0.700505
[11336864421] -0.699819
[11336872881] -0.698494
[11336883135] -0.697903
[11336887551] -0.696978
[11336896481] -0.696314
[11336903679] -0.695058
[11336915221] -0.693861
[11336919796] -0.693261
[11336928258] -0.692382
[11336933524] -0.691868
[11336942972] -0.691115
[11336950452] -0.689654
[11336958191] -0.688286
[11336965115] -0.687771
[11336973525] -0.687429
[11336979584] -0.687233
[11336987232] -0.686348
[11336995239] -0.685484
[11337005256] -0.683908
[11337012269] -0.683320
[11337018702] -0.682312
[11337028094] -0.681051
[11337034989] -0.680233
[11337041812] -0.678920
[11337050709] -0.678427
[11337057971] -0.677775
[11337065939] -0.676357
[11337072808] -0.674281
[11337081367] -0.673253
[11337087826] -0.671658
[11337097666] -0.670519
[11337103795] -0.669909
[11337112505] -0.667898
[11337118686] -0.666777
[11337126490] -0.665712
[11337133925] -0.664867
[11337142034] -0.662956
[11337150930] -0.662047
[11337158013] -0.660433
[11337164056] -0.659848
[11337172817] -0.658740
[11337180947] -0.658008
[11337187364] -0.656762
[11337195904] -0.656254
[11337203992] -0.655632
[11337215456] -0.653529
[11337220058] -0.652411
[11337227395] -0.650547
[11337233683] -0.649898
[11337242727] -0.648866
[11337251936] -0.648214
[11337257377] -0.646744
[11337264949] -0.646214
[11337274573] -0.645507
[11337280847] -0.645048
[11337287311] -0.643799
[11337306255] -0.643027
[11337312780] -0.641156
[11337319095] -0.640517
[11337328049] -0.638725
[11337334893] -0.637844
[11337341411] -0.636625
[11337350562] -0.636328
[11337357640] -0.636301
[11337365777] -0.636545
[11337373335] -0.637620
[11337380597] -0.638404
[11337387404] -0.639625
[11337396764] -0.640118
[11337403987] -0.640122
[11337411824] -0.640149
[11337419216] -0.640204
[11337426608] -0.640241
[11337433983] -0.640241
[11337442131] -0.640241
[11337450694] -0.640241
[11337457434] -0.640241
[11337464176] -0.640244
[11337473879] -0.640262
[11337482680] -0.640265
[11337531560] -0.640262
[11337536294] -0.640259
[11337544928] -0.640265
[11337550986] -0.640278
[11337558845] -0.640287
[11337566899] -0.640299
[11337576479] -0.640302
[11337582512] -0.640302
[11337590344] -0.640302
[11337597487] -0.640302
[11337610116] -0.640302
[11337614474] -0.640302
[11337620595] -0.640302
[11337628696] -0.640302
[11337636370] -0.640302
[11337643975] -0.640302
[11337651959] -0.640302
[11337659009] -0.640302
[11337667116] -0.640305
[11337674555] -0.640308
[11337682431] -0.640317
[11337690139] -0.640317
[11337698038] -0.640321
[11337706324] -0.640321
[11337714492] -0.640321
[11337720732] -0.640321
[11337728424] -0.640321
[11337736414] -0.640321
[11337744601] -0.640321
[11337799355] -0.640321
[11337804391] -0.640336
[11337815954] -0.640336
[11337820868] -0.640336
[11337829553] -0.640336
[11337834626] -0.640336
[11337843206] -0.640336
[11337850621] -0.640336
[11337857545] -0.640204
[11337866112] -0.639919
[11337873567] -0.638731
[11337880763] -0.637804
[11337888696] -0.635719
[11337896509] -0.634219
[11337906252] -0.633753
[11337913040] -0.633422
[11337919703] -0.633511
[11337927402] -0.634255
[11337935206] -0.634947
[11337942031] -0.636163
[11337951158] -0.636349
[11337957611] -0.636561
[11337966767] -0.636610
[11337973460] -0.636640
[11337980809] -0.636671
[11337988922] -0.636692
[11337996222] -0.636873
[11338004029] -0.636879
[11338013570] -0.636876
[11338019936] -0.636879
[11338027272] -0.636904
[11338034161] -0.636919
[11338042252] -0.636922
[11338050945] -0.636919
[11338057805] -0.636913
[11338065269] -0.636904
[11338073958] -0.636891
[11338082223] -0.636891
[11338088500] -0.636894
[11338096480] -0.636898
[11338104271] -0.636901
[11338114276] -0.636904
[11338119142] -0.636907
[11338129306] -0.636907
[11338135073] -0.636907
[11338143431] -0.636907
[11338150834] -0.636907
[11338157841] -0.636891
[11338166330] -0.636429
[11338175550] -0.635964
[11338180444] -0.635305
[11338188204] -0.633422
[11338201308] -0.632470
[11338207451] -0.630529
[11338213592] -0.630293
[11338220594] -0.630217
[11338229028] -0.630639
[11338235483] -0.631148
[11338242260] -0.632363
[11338252203] -0.632841
[11338257791] -0.633196
[11338266774] -0.633217
[11338274171] -0.633254
[11338281226] -0.633471
[11338288213] -0.633484
[11338295903] -0.633484
[11338304712] -0.633474
[11338312894] -0.633474
[11338320095] -0.633478
[11338326940] -0.633484
[11338334958] -0.633493
[11338342228] -0.633499
[11338350903] -0.633499
[11338357516] -0.633468
[11338366083] -0.633275
[11338373891] -0.632308
[11338382287] -0.631494
[11338388550] -0.629473
[11338396508] -0.627804
[11338404030] -0.627256
[11338414439] -0.626739
[11338419486] -0.626745
[11338427962] -0.627305
[11338434563] -0.627902
[11338444055] -0.629255
[11338451732] -0.629568
[11338458096] -0.629978
[11338464870] -0.629923
[11338474273] -0.630119
[11338480748] -0.630131
[11338488453] -0.630088
[11338496226] -0.629877
[11338504729] -0.628839
[11338512767] -0.627005
[11338518798] -0.626028
[11338528731] -0.624448
[11338535968] -0.623943
[11338541952] -0.623499
[11338551187] -0.623521
[11338557719] -0.624102
[11338565396] -0.624721
[11338574380] -0.625915
[11338582162] -0.626295
[11338588299] -0.626313
[11338597198] -0.626341
[11338603880] -0.625502
[11338613374] -0.623931
[11338620029] -0.623095
[11338626513] -0.621883
[11338634133] -0.621564
[11338641727] -0.621476
[11338650894] -0.621574
[11338658088] -0.621445
[11338665759] -0.621175
[11338674876] -0.620076
[11338683701] -0.619519
[11338688084] -0.618598
[11338695871] -0.618313
[11338703569] -0.617820
[11338716114] -0.616641
[11338720275] -0.615925
[11338727570] -0.614724
[11338734628] -0.614329
[11338744094] -0.613347
[11338752923] -0.612694
[11338758259] -0.611580
[11338765332] -0.611035
[11338774826] -0.610181
[11338780823] -0.609614
[11338788769] -0.608344
[11338796290] -0.607661
[11338805909] -0.607033
[11338814147] -0.605793
[11338820854] -0.605248
[11338828726] -0.604140
[11338836752] -0.603466
[11338843255] -0.602484
[11338851140] -0.601942
[11338858111] -0.601228
[11338865933] -0.600001
[11338873799] -0.598231
[11338881328] -0.597404
[11338888398] -0.596302
[11338896296] -0.595938
[11338904350] -0.594887
[11338912641] -0.593047
[11338920372] -0.592034
[11338926727] -0.590775
[11338934484] -0.590325
[11338942066] -0.589177
[11338954021] -0.588326
[11338958164] -0.586345
[11338965620] -0.585473
[11338974072] -0.584523
[11338982613] -0.584116
[11338988626] -0.582916
[11338996643] -0.581321
[11339004204] -0.580699
[11339015217] -0.579618
[11339020754] -0.578997
[11339029670] -0.577601
[11339034877] -0.576826
[11339043535] -0.575804
[11339051969] -0.575513
[11339058003] -0.574496
[11339065371] -0.573691
[11339074428] -0.572365
[11339080478] -0.572365
[11339088840] -0.570804
[11339095776] -0.570271
[11339105114] -0.569175
[11339112825] -0.568719
[11339119056] -0.568483
[11339128827] -0.567457
[11339136119] -0.566823
[11339142071] -0.565737
[11339151067] -0.565378
[11339157591] -0.564579
[11339166652] -0.563391
[11339173417] -0.562806
[11339180487] -0.562274
[11339188324] -0.561508
[11339195979] -0.561031
[11339204041] -0.559861
[11339211895] -0.558398
[11339219492] -0.557574
[11339226801] -0.556297
[11339234476] -0.555835
[11339242201] -0.554742
[11339251441] -0.554047
[11339257542] -0.552804
[11339265338] -0.552433
[11339273509] -0.551346
[11339282356] -0.550795
[11339288347] -0.549619
[11339296336] -0.549136
[11339304250] -0.548334
[11339313723] -0.547234
[11339318743] -0.546604
[11339328920] -0.545336
[11339335070] -0.545336
[11339343104] -0.544029
[11339350553] -0.543554
[11339357783] -0.542627
[11339365475] -0.542372
[11339373760] -0.542048
[11339380515] -0.541656
[11339388553] -0.540502
[11339396287] -0.539877
[11339405552] -0.538778
[11339413135] -0.538175
[11339419173] -0.537666
[11339428512] -0.536589
[11339435876] -0.535689
[11339442181] -0.534020
[11339452085] -0.533444
[11339457533] -0.532633
[11339466380] -0.532011
[11339473426] -0.530061
[11339481121] -0.528879
[11339488706] -0.526950
[11339496598] -0.526274
[11339504555] -0.525413
[11339512228] -0.523999
[11339518725] -0.523999
[11339526866] -0.521650
[11339534531] -0.521038
[11339542545] -0.520322
[11339553804] -0.520211
[11339558321] -0.520101
[11339565794] -0.519856
[11339575817] -0.519397
[11339580494] -0.518261
[11339588041] -0.517379
[11339595811] -0.517220
[11339603467] -0.516951
[11339615123] -0.515897
[11339619657] -0.515316
[11339627337] -0.514250
[11339634020] -0.513834
[11339643054] -0.513350
[11339649824] -0.513332
[11339657763] -0.513803
[11339665517] -0.513981
[11339674833] -0.513993
[11339680847] -0.513975
[11339688778] -0.513938
[11339696702] -0.513956
[11339704486] -0.513953
[11339712297] -0.513953
[11339718728] -0.513962
[11339779338] -0.513962
[11339783957] -0.513959
[11339835370] -0.513959
[11339839958] -0.513962
[11339848428] -0.513966
[11339855741] -0.513966
[11339862832] -0.513962
[11339870666] -0.513962
[11339878835] -0.513962
[11339886343] -0.513962
[11339893908] -0.513962
[11339901828] -0.513962
[11339909833] -0.513962
[11339916828] -0.513966
[11339924394] -0.513966
[11339932567] -0.513966
[11339939916] -0.513966
[11339947076] -0.513966
[11339955174] -0.513966
[11339962671] -0.513966
[11339970511] -0.513966
[11339977832] -0.513966
[11339985874] -0.513966
[11339993448] -0.513966
[11340002312] -0.513966
[11340010368] -0.513966
[11340016629] -0.513966
[11340024873] -0.513966
[11340033419] -0.513966
[11340039551] -0.513969
[11340047042] -0.513969
[11340105206] -0.513969
[11340109856] -0.513969
[11340117994] -0.513969
[11340127310] -0.513969
[11340132764] -0.513972
[11340140459] -0.513972
[11340150081] -0.513975
[11340156919] -0.513956
[11340163218] -0.513512
[11340172116] -0.513001
[11340179574] -0.511599
[11340186774] -0.511026
[11340194347] -0.510500
[11340201939] -0.510699
[11340213118] -0.510974
[11340217626] -0.511136
[11340226026] -0.511115
[11340233021] -0.511069
[11340240419] -0.511072
[11340249438] -0.511084
[11340255894] -0.511078
[11340263802] -0.511075
[11340272341] -0.511078
[11340278480] -0.511072
[11340286135] -0.511072
[11340294090] -0.511081
[11340302962] -0.511084
[11340310706] -0.511081
[11340317568] -0.511084
[11340326211] -0.511084
[11340333806] -0.511075
[11340340079] -0.511072
[11340350330] -0.511069
[11340355887] -0.511069
[11340364575] -0.511066
[11340371143] -0.511066
[11340379577] -0.511069
[11340386145] -0.511069
[11340394759] -0.511069
[11340401669] -0.511069
[11340411168] -0.511069
[11340417367] -0.511069
[11340427495] -0.511038
[11340432722] -0.510472
[11340440273] -0.509945
[11340450311] -0.508751
[11340456800] -0.508182
[11340463264] -0.507591
[11340471703] -0.507536
[11340479427] -0.507943
[11340486633] -0.508154
[11340494627] -0.508139
[11340501742] -0.508121
[11340513430] -0.508121
[11340517375] -0.508133
[11340526946] -0.508130
[11340533577] -0.508130
[11340540387] -0.508130
[11340549460] -0.508127
[11340556482] -0.508124
[11340563505] -0.508130
[11340572225] -0.508130
[11340578648] -0.508130
[11340586709] -0.508133
[11340594527] -0.508133
[11340602916] -0.508093
[11340610314] -0.507903
[11340617211] -0.506896
[11340626011] -0.506164
[11340633726] -0.504958
[11340640319] -0.504630
[11340649816] -0.504575
[11340656633] -0.504783
[11340664412] -0.505172
[11340671471] -0.505163
[11340679475] -0.505148
[11340686308] -0.505145
[11340695016] -0.505163
[11340702431] -0.505166
[11340710296] -0.505163
[11340716942] -0.505114
[11340725788] -0.504915
[11340732249] -0.503941
[11340739953] -0.503222
[11340748293] -0.502181
[11340756794] -0.501939
[11340763742] -0.502003
[11340772145] -0.502224
[11340779328] -0.502306
[11340786355] -0.502285
[11340793774] -0.502175
[11340801536] -0.501908
[11340810667] -0.500840
[11340817170] -0.499447
[11340825754] -0.498978
[11340832466] -0.498687
[11340840605] -0.498804
[11340848675] -0.499079
[11340855993] -0.499030
[11340863345] -0.498433
[11340872043] -0.497821
[11340878554] -0.496722
[11340886472] -0.496281
[11340894002] -0.495745
[11340902740] -0.493847
[11340910468] -0.492855
[11340917498] -0.491229
[11340926543] -0.490675
[11340933422] -0.489747
[11340939938] -0.489101
[11340948916] -0.487132
[11340955842] -0.487132
[11340964658] -0.485204
[11340971852] -0.484836
[11340979152] -0.484190
[11340986856] -0.484037
[11340995563] -0.483973
[11341001642] -0.483752
[11341010897] -0.482831
[11341017280] -0.482065
[11341025894] -0.481306
[11341032362] -0.481202
[11341040131] -0.481082
[11341048552] -0.480247
[11341056988] -0.478541
[11341063265] -0.477693
[11341071612] -0.477130
[11341079266] -0.476324
[11341087482] -0.475290
[11341093987] -0.474742
[11341101566] -0.474102
[11341110901] -0.473082
[11341117649] -0.472090
[11341125560] -0.471518
[11341132299] -0.470311
[11341140343] -0.469763
[11341149605] -0.469050
[11341156200] -0.468655
[11341163685] -0.467608
[11341173351] -0.466943
[11341179119] -0.465939
[11341186190] -0.465648
[11341193841] -0.464757
[11341203904] -0.464218
[11341211070] -0.463037
[11341217577] -0.462188
[11341226377] -0.461845
[11341234745] -0.460909
[11341241330] -0.460189
[11341250532] -0.458557
[11341255998] -0.458557
[11341265694] -0.457189
[11341274141] -0.456524
[11341280083] -0.456190
[11341286668] -0.456040
[11341296316] -0.455713
[11341303117] -0.454702
[11341310909] -0.454127
[11341317713] -0.453254
[11341326886] -0.453172
[11341332633] -0.453101
[11341340431] -0.452844
[11341349801] -0.451809
[11341359181] -0.450768
[11341373928] -0.450483
[11341378825] -0.449595
[11341384344] -0.448971
[11341388468] -0.448310
[11341394736] -0.447663
[11341402145] -0.446659
[11341411125] -0.446451
[11341417810] -0.446537
[11341426573] -0.446864
[11341433674] -0.447657
[11341440345] -0.447798
[11341450189] -0.447814
[11341456151] -0.447817
[11341463619] -0.447847
[11341473101] -0.447872
[11341478997] -0.447884
[11341486928] -0.447890
[11341505585] -0.447896
[11341609097] -0.447924
[11341614601] -0.448000
[11341623295] -0.448006
[11341629998] -0.448013
[11341636479] -0.448013
[11341644492] -0.448013
[11341653388] -0.448013
[11341659529] -0.448013
[11341667885] -0.448013
[11341675085] -0.448013
[11341684150] -0.448013
[11341690663] -0.448013
[11341699580] -0.448016
[11341707172] -0.448019
[11341716915] -0.448031
[11341720998] -0.448034
[11341728881] -0.448046
[11341736764] -0.448049
[11341746352] -0.448049
[11341752345] -0.448049
[11341760123] -0.448049
[11341767646] -0.448049
[11341776921] -0.448049
[11341782753] -0.448049
[11341790846] -0.448049
[11341811916] -0.448052
[11341864979] -0.448055
[11341870713] -0.448061
[11341924404] -0.448061
[11341929235] -0.447149
[11341937105] -0.446518
[11341946051] -0.445046
[11341957114] -0.443950
[11341961955] -0.443689
[11341967235] -0.443610
[11341977303] -0.443925
[11341984153] -0.444801
[11341990338] -0.445079
[11341999489] -0.444984
[11342007465] -0.444984
[11342017691] -0.445202
[11342023212] -0.445040
[11342030269] -0.445269
[11342036741] -0.445085
[11342046449] -0.445275
[11342053399] -0.445278
[11342059916] -0.445107
[11342067334] -0.445294
[11342076790] -0.445144
[11342083321] -0.445364
[11342090003] -0.445367
[11342099441] -0.445202
[11342108429] -0.445379
[11342114749] -0.445193
[11342124217] -0.445193
[11342130434] -0.445379
[11342136943] -0.445196
[11342148859] -0.445386
[11342154195] -0.445064
[11342159769] -0.444767
[11342168110] -0.443741
[11342176826] -0.442955
[11342182805] -0.441794
[11342190503] -0.441488
[11342198703] -0.441442
[11342205693] -0.441662
[11342215050] -0.442373
[11342222851] -0.442673
[11342229008] -0.442578
[11342237206] -0.442459
[11342243875] -0.442452
[11342254977] -0.442495
[11342259623] -0.442654
[11342267552] -0.442455
[11342276515] -0.442596
[11342284945] -0.442569
[11342290197] -0.442596
[11342298741] -0.442511
[11342306320] -0.442266
[11342318307] -0.441298
[11342325087] -0.440490
[11342330731] -0.439198
[11342336784] -0.438797
[11342346021] -0.438588
[11342353699] -0.439017
[11342359985] -0.439381
[11342367931] -0.439874
[11342375046] -0.439908
[11342382798] -0.439593
[11342390738] -0.439801
[11342398848] -0.439342
[11342407266] -0.439149
[11342415720] -0.437768
[11342421890] -0.437100
[11342429905] -0.436311
[11342437410] -0.436286
[11342444394] -0.436531
[11342453150] -0.436852
[11342459534] -0.437333
[11342468456] -0.437174
[11342476640] -0.436849
[11342482902] -0.435640
[11342490858] -0.435046
[11342498305] -0.434376
[11342507237] -0.434278
[11342514773] -0.434222
[11342522199] -0.433696
[11342528538] -0.432502
[11342536512] -0.432024
[11342544761] -0.431308
[11342555106] -0.429924
[11342559325] -0.429014
[11342567522] -0.428114
[11342577537] -0.426957
[11342583685] -0.425922
[11342590155] -0.425558
[11342598362] -0.425328
[11342607084] -0.425199
[11342616301] -0.424468
[11342621429] -0.423825
[11342629871] -0.422765
[11342636208] -0.422493
[11342645807] -0.422171
[11342654095] -0.421198
[11342660060] -0.420622
[11342667295] -0.420059
[11342676194] -0.419382
[11342682303] -0.418568
[11342690152] -0.417992
[11342698040] -0.416697
[11342706166] -0.416697
[11342714222] -0.415497
[11342721744] -0.415080
[11342729537] -0.414174
[11342736853] -0.413617
[11342744582] -0.412071
[11342753119] -0.411125
[11342759357] -0.409526
[11342767249] -0.409061
[11342777121] -0.408329
[11342783525] -0.407083
[11342790087] -0.406575
[11342798147] -0.405589
[11342806544] -0.405589
[11342814403] -0.404077
[11342822211] -0.403476
[11342829107] -0.402671
[11342836506] -0.402506
[11342845486] -0.401762
[11342855197] -0.400142
[11342859553] -0.399294
[11342867881] -0.398366
[11342876083] -0.398054
[11342883667] -0.397145
[11342890098] -0.396410
[11342897919] -0.395115
[11342906544] -0.394726
[11342915278] -0.393921
[11342921928] -0.393266
[11342929900] -0.392221
[11342936453] -0.390516
[11342946619] -0.389411
[11342952801] -0.389102
[11342959422] -0.388903
[11342967083] -0.387846
[11342975902] -0.387139
[11342982679] -0.386499
[11342990456] -0.385617
[11342998175] -0.384117
[11343006194] -0.383330
[11343013440] -0.382112
[11343021806] -0.381772
[11343029671] -0.380927
[11343036719] -0.380250
[11343044501] -0.378483
[11343052592] -0.377645
[11343059354] -0.376729
[11343066958] -0.376172
[11343076109] -0.375667
[11343082905] -0.374194
[11343092141] -0.373591
[11343098366] -0.373006
[11343106881] -0.372681
[11343114382] -0.371405
[11343120789] -0.370557
[11343128501] -0.369258
[11343136242] -0.368912
[11343144238] -0.368144
[11343154540] -0.366570
[11343159599] -0.365532
[11343167701] -0.364179
[11343177311] -0.363756
[11343183261] -0.363123
[11343190057] -0.362523
[11343198083] -0.361286
[11343206568] -0.360881
[11343215705] -0.360189
[11343222703] -0.359620
[11343230112] -0.358686
[11343236168] -0.356990
[11343245308] -0.355857
[11343252845] -0.355548
[11343259309] -0.355352
[11343266934] -0.354939
[11343275863] -0.353726
[11343282266] -0.352829
[11343290141] -0.352697
[11343297951] -0.352648
[11343305535] -0.352449
[11343314496] -0.351488
[11343321526] -0.350995
[11343329719] -0.350300
[11343336872] -0.349847
[11343344274] -0.349048
[11343352724] -0.347627
[11343359451] -0.346770
[11343367133] -0.346690
[11343376662] -0.346332
[11343382789] -0.345306
[11343390711] -0.344691
[11343398104] -0.343938
[11343406326] -0.343555
[11343413305] -0.342866
[11343422244] -0.341556
[11343428645] -0.340793
[11343436297] -0.340714
[11343444202] -0.340328
[11343455117] -0.339137
[11343459305] -0.338491
[11343466856] -0.338044
[11343475693] -0.337621
[11343482979] -0.336865
[11343490591] -0.336167
[11343498319] -0.335053
[11343506668] -0.335053
[11343515551] -0.334033
[11343522277] -0.333451
[11343529557] -0.332493
[11343536108] -0.330938
[11343545147] -0.330004
[11343552556] -0.329845
[11343559380] -0.329621
[11343566971] -0.328693
[11343575726] -0.328001
[11343582229] -0.327352
[11343589892] -0.326492
[11343597649] -0.325172
[11343607313] -0.324471
[11343614200] -0.323491
[11343621492] -0.323262
[11343629072] -0.322512
[11343636469] -0.321875
[11343644147] -0.320806
[11343653630] -0.320185
[11343659515] -0.319753
[11343666855] -0.319413
[11343675592] -0.318133
[11343682188] -0.316679
[11343690122] -0.316180
[11343698624] -0.315534
[11343706723] -0.315062
[11343714181] -0.313623
[11343722117] -0.312824
[11343728511] -0.311786
[11343736362] -0.311529
[11343744200] -0.310748
[11343755165] -0.309490
[11343759390] -0.308964
[11343766698] -0.308964
[11343776288] -0.307880
[11343783387] -0.307019
[11343790048] -0.306471
[11343797733] -0.305669
[11343805585] -0.305329
[11343815616] -0.304466
[11343821738] -0.303863
[11343829522] -0.303051
[11343836669] -0.301885
[11343845631] -0.301376
[11343852846] -0.301242
[11343859520] -0.300957
[11343867339] -0.299745
[11343876043] -0.299145
[11343882267] -0.298434
[11343889926] -0.298051
[11343897662] -0.296527
[11343906853] -0.296527
[11343914536] -0.295192
[11343921487] -0.295109
[11343929604] -0.294791
[11343936452] -0.294736
[11343944605] -0.294484
[11343952316] -0.294111
[11343959195] -0.293572
[11343967750] -0.292415
[11343975462] -0.292109
[11343982792] -0.291799
[11343991751] -0.291545
[11343997874] -0.290645
[11344006250] -0.290167
[11344013718] -0.289319
[11344022532] -0.289120
[11344028519] -0.288964
[11344036588] -0.288676
[11344044837] -0.287289
[11344054429] -0.285835
[11344059290] -0.285367
[11344066820] -0.285094
[11344075785] -0.284369
[11344083033] -0.283251
[11344090596] -0.282654
[11344098260] -0.281895
[11344106250] -0.281766
[11344114745] -0.281065
[11344121247] -0.280434
[11344129326] -0.279467
[11344136112] -0.279225
[11344145276] -0.278909
[11344152624] -0.277878
[11344159592] -0.276230
[11344167189] -0.274804
[11344175898] -0.274390
[11344182230] -0.273842
[11344190042] -0.273362
[11344197773] -0.271812
[11344207376] -0.271090
[11344214232] -0.270171
[11344221405] -0.269694
[11344229222] -0.268098
[11344236168] -0.267067
[11344243806] -0.265364
[11344253786] -0.264550
[11344259391] -0.264412
[11344267260] -0.264118
[11344277231] -0.262915
[11344282665] -0.261690
[11344290246] -0.261326
[11344297800] -0.260897
[11344306631] -0.260469
[11344313770] -0.258886
[11344322504] -0.258886
[11344329143] -0.257330
[11344336811] -0.257205
[11344345120] -0.256516
[11344354682] -0.255493
[11344359963] -0.255065
[11344367509] -0.254517
[11344376230] -0.254039
[11344383211] -0.253163
[11344390664] -0.253163
[11344398351] -0.252236
[11344407823] -0.251926
[11344414645] -0.251268
[11344421255] -0.251158
[11344429593] -0.251130
[11344436672] -0.250934
[11344446056] -0.250466
[11344452536] -0.249676
[11344459361] -0.249400
[11344467570] -0.249253
[11344476113] -0.248978
[11344482201] -0.248102
[11344489914] -0.247753
[11344497630] -0.247364
[11344506785] -0.247328
[11344514334] -0.246773
[11344521303] -0.246219
[11344529327] -0.245080
[11344536291] -0.244630
[11344544512] -0.244296
[11344552303] -0.244263
[11344560109] -0.243706
[11344566964] -0.242606
[11344576768] -0.242061
[11344582798] -0.241464
[11344590359] -0.241415
[11344597911] -0.240873
[11344605908] -0.240295
[11344614019] -0.238932
[11344622630] -0.238396
[11344628742] -0.238127
[11344636451] -0.237937
[11344643952] -0.237016
[11344655365] -0.235757
[11344659442] -0.235344
[11344667121] -0.234934
[11344676730] -0.234493
[11344683513] -0.233537
[11344690375] -0.233537
[11344698241] -0.232726
[11344706758] -0.232521
[11344715374] -0.232004
[11344722122] -0.231921
[11344729411] -0.231722
[11344736563] -0.231345
[11344745726] -0.230494
[11344753605] -0.230127
[11344759626] -0.230087
[11344767433] -0.229879
[11344776107] -0.229569
[11344782275] -0.228783
[11344789982] -0.228479
[11344797614] -0.228005
[11344806207] -0.228005
[11344814408] -0.227344
[11344821194] -0.226967
[11344829688] -0.226189
[11344836689] -0.226055
[11344844300] -0.225926
[11344853865] -0.225240
[11344859690] -0.224815
[11344866873] -0.224435
[11344876724] -0.223997
[11344883390] -0.223715
[11344890162] -0.223388
[11344898171] -0.222472
[11344906639] -0.221933
[11344914284] -0.221269
[11344920624] -0.221180
[11344929359] -0.221024
[11344936077] -0.220706
[11344944117] -0.219848
[11344954406] -0.219512
[11344959414] -0.219334
[11344967352] -0.218780
[11344976987] -0.218780
[11344984365] -0.217623
[11344990025] -0.217338
[11344998048] -0.217123
[11345005684] -0.217087
[11345016370] -0.216710
[11345021215] -0.216263
[11345029668] -0.215712
[11345036399] -0.215112
[11345045207] -0.214986
[11345053375] -0.214542
[11345059356] -0.214016
[11345067090] -0.212650
[11345075871] -0.212188
[11345082220] -0.211873
[11345089846] -0.211664
[11345097621] -0.210522
[11345110132] -0.209662
[11345114515] -0.209426
[11345121480] -0.209368
[11345129746] -0.208786
[11345138132] -0.207755
[11345144311] -0.207387
[11345153641] -0.207228
[11345159584] -0.206594
[11345167663] -0.205673
[11345176082] -0.205369
[11345182291] -0.205327
[11345189909] -0.205317
[11345198064] -0.204828
[11345206102] -0.204341
[11345213713] -0.203707
[11345223529] -0.203707
[11345229562] -0.203245
[11345236123] -0.202868
[11345243828] -0.201689
[11345255363] -0.200694
[11345259329] -0.200465
[11345266777] -0.200397
[11345276232] -0.199717
[11345284754] -0.198695
[11345290630] -0.198058
[11345298361] -0.197213
[11345307112] -0.197094
[11345316540] -0.196524
[11345321228] -0.195936
[11345329418] -0.195073
[11345336502] -0.193805
[11345346876] -0.193224
[11345352390] -0.193184
[11345359380] -0.192994
[11345366814] -0.192014
[11345376640] -0.191420
[11345382421] -0.190943
[11345390313] -0.190238
[11345398004] -0.188885
[11345406591] -0.188162
[11345414111] -0.187146
[11345422387] -0.186953
[11345429376] -0.186442
[11345437879] -0.185260
[11345444200] -0.185260
[11345452623] -0.184599
[11345459869] -0.184599
[11345468176] -0.184427
[11345475636] -0.184075
[11345482536] -0.183368
[11345490146] -0.183080
[11345498491] -0.182370
[11345507400] -0.182370
[11345514372] -0.181298
[11345523386] -0.180970
[11345529377] -0.180637
[11345536742] -0.180606
[11345544450] -0.180257
[11345556156] -0.179274
[11345560402] -0.178858
[11345566765] -0.178637
[11345576246] -0.178294
[11345584471] -0.177756
[11345590489] -0.177523
[11345597920] -0.176993
[11345605841] -0.176666
[11345615923] -0.175946
[11345622365] -0.175502
[11345630096] -0.174596
[11345636499] -0.174281
[11345646872] -0.174127
[11345652801] -0.174045
[11345659792] -0.173368
[11345667582] -0.172312
[11345677634] -0.171941
[11345682685] -0.171941
[11345690566] -0.171366
[11345698380] -0.169816
[11345707670] -0.168883
[11345714480] -0.167487
[11345721179] -0.167088
[11345729185] -0.166840
[11345737599] -0.166161
[11345744106] -0.165668
[11345753273] -0.165276
[11345759159] -0.165092
[11345767591] -0.164373
[11345775847] -0.163861
[11345782398] -0.163050
[11345790033] -0.162918
[11345798318] -0.162407
[11345806168] -0.161997
[11345813943] -0.161427
[11345824079] -0.161348
[11345828433] -0.161051
[11345836674] -0.160745
[11345844459] -0.159655
[11345855150] -0.159110
[11345859278] -0.158574
[11345867454] -0.158611
[11345875535] -0.158580
[11345884298] -0.158130
[11345890551] -0.157689
[11345898292] -0.157276
[11345906936] -0.157251
[11345916657] -0.156749
[11345921637] -0.156265
[11345929381] -0.155246
[11345936811] -0.154829
[11345947877] -0.154502
[11345953648] -0.154434
[11345959443] -0.154208
[11345968099] -0.153127
[11345975644] -0.152652
[11345982782] -0.152368
[11345990206] -0.152377
[11345997634] -0.152104
[11346006839] -0.151593
[11346014370] -0.150479
[11346021292] -0.150185
[11346029383] -0.149964
[11346037193] -0.149655
[11346044284] -0.148351
[11346054439] -0.146654
[11346059988] -0.146048
[11346067755] -0.145470
[11346076864] -0.145154
[11346083631] -0.144358
[11346090290] -0.143856
[11346098403] -0.143351
[11346106472] -0.143277
[11346115819] -0.143103
[11346123311] -0.142833
[11346129828] -0.142010
[11346136531] -0.142010
[11346144557] -0.141621
[11346154851] -0.141183
[11346159957] -0.140917
[11346167792] -0.140782
[11346176797] -0.140635
[11346183541] -0.139802
[11346190337] -0.139426
[11346200319] -0.139239
[11346207578] -0.139224
[11346216245] -0.138709
[11346222311] -0.138296
[11346230083] -0.137754
[11346236248] -0.137683
[11346246144] -0.137025
[11346253125] -0.136186
[11346259768] -0.136024
[11346267800] -0.135865
[11346275721] -0.135865
[11346282826] -0.134802
[11346290760] -0.134469
[11346307739] -0.134309
[11346314177] -0.134107
[11346318458] -0.133743
[11346323773] -0.133207
[11346329982] -0.132629
[11346336835] -0.132203
[11346344960] -0.131943
[11346353393] -0.132368
[11346359487] -0.132690
[11346367101] -0.132821
[11346377300] -0.132812
[11346382496] -0.132809
[11346390546] -0.132818
[11346398674] -0.132843
[11346406986] -0.132843
[11346414747] -0.132843
[11346422067] -0.132843
[11346475229] -0.132843
[11346482996] -0.132852
[11346532359] -0.132852
[11346537386] -0.132886
[11346546795] -0.132892
[11346553414] -0.132898
[11346559928] -0.132898
[11346568153] -0.132901
[11346576575] -0.132901
[11346583199] -0.132904
[11346590656] -0.132904
[11346598255] -0.132904
[11346607078] -0.132904
[11346614321] -0.132904
[11346621370] -0.132904
[11346629162] -0.132907
[11346637083] -0.132916
[11346644919] -0.132922
[11346652078] -0.132938
[11346660323] -0.132944
[11346668617] -0.132953
[11346675023] -0.132953
[11346683135] -0.132956
[11346692878] -0.132956
[11346698446] -0.132956
[11346706820] -0.132956
[11346713624] -0.132956
[11346723525] -0.132956
[11346729765] -0.132959
[11346736912] -0.132959
[11346744953] -0.132962
[11346800980] -0.132968
[11346809664] -0.132981
[11346820107] -0.132981
[11346825275] -0.132981
[11346830575] -0.132981
[11346836872] -0.132984
[11346850587] -0.132984
[11346855347] -0.132699
[11346859555] -0.132760
[11346867517] -0.132047
[11346875986] -0.131612
[11346881993] -0.131229
[11346890226] -0.130837
[11346904346] -0.131101
[11346910133] -0.131490
[11346914603] -0.131474
[11346921627] -0.131468
[11346929786] -0.131450
[11346937064] -0.131456
[11346943506] -0.131459
[11346954020] -0.131456
[11346959064] -0.131456
[11346967080] -0.131456
[11346976666] -0.131456
[11346983178] -0.131456
[11346989859] -0.131462
[11346997361] -0.131459
[11347005571] -0.131459
[11347013355] -0.131462
[11347022041] -0.131456
[11347028049] -0.131456
[11347035843] -0.131453
[11347043408] -0.131450
[11347054195] -0.131453
[11347059261] -0.131453
[11347067301] -0.131456
[11347075004] -0.131459
[11347082658] -0.131456
[11347090228] -0.131459
[11347097899] -0.131459
[11347106152] -0.131459
[11347113930] -0.131462
[11347120956] -0.131459
[11347129047] -0.131376
[11347136487] -0.131346
[11347145108] -0.130773
[11347152102] -0.130289
[11347159204] -0.129512
[11347167200] -0.129414
[11347175903] -0.129686
[11347181866] -0.129950
[11347189562] -0.130005
[11347197294] -0.129989
[11347206068] -0.129986
[11347213640] -0.130005
[11347221195] -0.129999
[11347228651] -0.129999
[11347235747] -0.129999
[11347243465] -0.129992
[11347253262] -0.129992
[11347259060] -0.129995
[11347266714] -0.129999
[11347275948] -0.129999
[11347282183] -0.129995
[11347289904] -0.129999
[11347297761] -0.129999
[11347305921] -0.129980
[11347313098] -0.129943
[11347321746] -0.129800
[11347328169] -0.128976
[11347336228] -0.128550
[11347343750] -0.128250
[11347354408] -0.128345
[11347358958] -0.128657
[11347366424] -0.128627
[11347375283] -0.128596
[11347382821] -0.128599
[11347390298] -0.128599
[11347397737] -0.128596
[11347405951] -0.128593
[11347415302] -0.128596
[11347421859] -0.128596
[11347429401] -0.128550
[11347435833] -0.128357
[11347444348] -0.127561
[11347452072] -0.127176
[11347458793] -0.126894
[11347466560] -0.127010
[11347475307] -0.127240
[11347482041] -0.127203
[11347489564] -0.127157
[11347497310] -0.127154
[11347505785] -0.127087
[11347513466] -0.126459
[11347521348] -0.126037
[11347528700] -0.125498
[11347535822] -0.125476
[11347543601] -0.125709
[11347554014] -0.125538
[11347558757] -0.125213
[11347567259] -0.124742
[11347574976] -0.124010
[11347582024] -0.123924
[11347589577] -0.123863
[11347597515] -0.123336
[11347605608] -0.122944
[11347613344] -0.122525
[11347622581] -0.122494
[11347630131] -0.122200
[11347635924] -0.121720
[11347643514] -0.120859
[11347654211] -0.120715
[11347658729] -0.120541
[11347666608] -0.120259
[11347675448] -0.119267
[11347682730] -0.118820
[11347690847] -0.118496
[11347697542] -0.118447
[11347706039] -0.118229
[11347715118] -0.117237
[11347721500] -0.116662
[11347728636] -0.115973
[11347736313] -0.115927
[11347745414] -0.115550
[11347752514] -0.115063
[11347758761] -0.113787
[11347766529] -0.113330
[11347775220] -0.112963
[11347782270] -0.112945
[11347790507] -0.112599
[11347797546] -0.111539
[11347806921] -0.111129
[11347814527] -0.110872
[11347820660] -0.110691
[11347830023] -0.109806
[11347837214] -0.109439
[11347843899] -0.109139
[11347852650] -0.109182
[11347859551] -0.108998
[11347868992] -0.108067
[11347877057] -0.107685
[11347882807] -0.107519
[11347890448] -0.107486
[11347897975] -0.107066
[11347906488] -0.106637
[11347915204] -0.106148
[11347922450] -0.106102
[11347929228] -0.105691
[11347935921] -0.105266
[11347943766] -0.104601
[11347955070] -0.104384
[11347959109] -0.104317
[11347967125] -0.104096
[11347976448] -0.103358
[11347984784] -0.103086
[11347990153] -0.103049
[11347998088] -0.103025
[11348006586] -0.102899
[11348015930] -0.102183
[11348021187] -0.102023
[11348029688] -0.101812
[11348036037] -0.101653
[11348046210] -0.101209
[11348052313] -0.100894
[11348059053] -0.100505
[11348067314] -0.100321
[11348076235] -0.099825
[11348082633] -0.099537
[11348089776] -0.099341
[11348097646] -0.098821
[11348109715] -0.098187
[11348114499] -0.098092
[11348121130] -0.098049
[11348129933] -0.097679
[11348136232] -0.097281
[11348149099] -0.096877
[11348153904] -0.096203
[11348159222] -0.095780
[11348167119] -0.095431
[11348178000] -0.095187
[11348181912] -0.095187
[11348189626] -0.094366
[11348200829] -0.093962
[11348206349] -0.093922
[11348213676] -0.093934
[11348220926] -0.093812
[11348229681] -0.093089
[11348235965] -0.092783
[11348244106] -0.092676
[11348254682] -0.092284
[11348259278] -0.091659
[11348267452] -0.091246
[11348275501] -0.091145
[11348283835] -0.091130
[11348290057] -0.090900
[11348306560] -0.090496
[11348311701] -0.089896
[11348318728] -0.089746
[11348323956] -0.089535
[11348329591] -0.089476
[11348336102] -0.089482
[11348346265] -0.089605
[11348354196] -0.089593
[11348359277] -0.089587
[11348367088] -0.089590
[11348375839] -0.089593
[11348382172] -0.089590
[11348390246] -0.089590
[11348398266] -0.089590
[11348456892] -0.089590
[11348462542] -0.089584
[11348469445] -0.089580
[11348476996] -0.089584
[11348532193] -0.089584
[11348536768] -0.089584
[11348544477] -0.089584
[11348553573] -0.089584
[11348559908] -0.089584
[11348567410] -0.089584
[11348575181] -0.089584
[11348583497] -0.089584
[11348590086] -0.089584
[11348597895] -0.089584
[11348607402] -0.089584
[11348614783] -0.089584
[11348621255] -0.089584
[11348628947] -0.089584
[11348636887] -0.089584
[11348645344] -0.089584
[11348651789] -0.089584
[11348659844] -0.089584
[11348667481] -0.089584
[11348676284] -0.089584
[11348682333] -0.089584
[11348690720] -0.089584
[11348698482] -0.089584
[11348707647] -0.089584
[11348713459] -0.089584
[11348720948] -0.089584
[11348729020] -0.089584
[11348740813] -0.089584
[11348795865] -0.089584
[11348802016] -0.089584
[11348810059] -0.089584
[11348816379] -0.089584
[11348825322] -0.089584
[11348831815] -0.089584
[11348838566] -0.089584
[11348847525] -0.089584
[11348859468] -0.089084
[11348863862] -0.088717
[11348870234] -0.088435
[11348879456] -0.088377
[11348887908] -0.088448
[11348892553] -0.088426
[11348900584] -0.088365
[11348909089] -0.088350
[11348920563] -0.088350
[11348926530] -0.088347
[11348931295] -0.088347
[11348939603] -0.088350
[11348949010] -0.088347
[11348955427] -0.088347
[11348961332] -0.088347
[11348969644] -0.088347
[11348978335] -0.088347
[11348984531] -0.088347
[11348992524] -0.088350
[11349002733] -0.088347
[11349008327] -0.088344
[11349016698] -0.088344
[11349024703] -0.088337
[11349033083] -0.088331
[11349039136] -0.088331
[11349047943] -0.088331
[11349055198] -0.088331
[11349062963] -0.088331
[11349069336] -0.088331
[11349078900] -0.088331
[11349085045] -0.088331
[11349094002] -0.088331
[11349100351] -0.088331
[11349110076] -0.088331
[11349115674] -0.088331
[11349125112] -0.088138
[11349131428] -0.087771
[11349139063] -0.087171
[11349147044] -0.087107
[11349156341] -0.087100
[11349161867] -0.087097
[11349169979] -0.087061
[11349178329] -0.087048
[11349185795] -0.087048
[11349192689] -0.087048
[11349200900] -0.087048
[11349209195] -0.087048
[11349217028] -0.087048
[11349224254] -0.087045
[11349231703] -0.087048
[11349238562] -0.087048
[11349246625] -0.087048
[11349254400] -0.087048
[11349262399] -0.087048
[11349269505] -0.087045
[11349277202] -0.087045
[11349285037] -0.087045
[11349292694] -0.087045
[11349300607] -0.086849
[11349308775] -0.086020
[11349316120] -0.085661
[11349325494] -0.085508
[11349332689] -0.085652
[11349338785] -0.085671
[11349347235] -0.085649
[11349354464] -0.085625
[11349362796] -0.085628
[11349369276] -0.085631
[11349378689] -0.085631
[11349384938] -0.085634
[11349393454] -0.085634
[11349399901] -0.085634
[11349409915] -0.085625
[11349416554] -0.085487
[11349424118] -0.084712
[11349431199] -0.084397
[11349439140] -0.084299
[11349447773] -0.084409
[11349456503] -0.084388
[11349461710] -0.084369
[11349470046] -0.084342
[11349477830] -0.084339
[11349485096] -0.084320
[11349492953] -0.083778
[11349499931] -0.083405
[11349509081] -0.083120
[11349517110] -0.083166
[11349524391] -0.083148
[11349531839] -0.083129
[11349538909] -0.082897
[11349546319] -0.082535
[11349553899] -0.081902
[11349561618] -0.081819
[11349569335] -0.081745
[11349578279] -0.081745
[11349584667] -0.080463
[11349592869] -0.079706
[11349601686] -0.079614
[11349609419] -0.079908
[11349615981] -0.079960
[11349625707] -0.079890
[11349632538] -0.079354
[11349638481] -0.078895
[11349646626] -0.078864
[11349654413] -0.078757
[11349662758] -0.078472
[11349669273] -0.077765
[11349678417] -0.077581
[11349684535] -0.077569
[11349692670] -0.077554
[11349700470] -0.077309
[11349708947] -0.076795
[11349715428] -0.076727
[11349724895] -0.076617
[11349730757] -0.076390
[11349738474] -0.075748
[11349746507] -0.075748
[11349755892] -0.075077
[11349761719] -0.074829
[11349769621] -0.074575
[11349778058] -0.074569
[11349785074] -0.074327
[11349792890] -0.074005
[11349800440] -0.073332
[11349809807] -0.073160
[11349815976] -0.073130
[11349824093] -0.072557
[11349831127] -0.071890
[11349838603] -0.070711
[11349846204] -0.070432
[11349853819] -0.070344
[11349861462] -0.070264
[11349869350] -0.069575
[11349878660] -0.069085
[11349884857] -0.068580
[11349892475] -0.068546
[11349900138] -0.068405
[11349909099] -0.067138
[11349915745] -0.066581
[11349924896] -0.065858
[11349932978] -0.065772
[11349938924] -0.065353
[11349947585] -0.064860
[11349954590] -0.064147
[11349962808] -0.063145
[11349969384] -0.062821
[11349978962] -0.062867
[11349984887] -0.062769
[11349993608] -0.062420
[11350000080] -0.061483
[11350008537] -0.061146
[11350015634] -0.060972
[11350024313] -0.060408
[11350030655] -0.060408
[11350038429] -0.059018
[11350046532] -0.058675
[11350055761] -0.058559
[11350061933] -0.058476
[11350069903] -0.057757
[11350077873] -0.057233
[11350084655] -0.056703
[11350092498] -0.056658
[11350100660] -0.056449
[11350108239] -0.056137
[11350117253] -0.055485
[11350124372] -0.055222
[11350131538] -0.055044
[11350138754] -0.054419
[11350146962] -0.054193
[11350154037] -0.053975
[11350161577] -0.053822
[11350169074] -0.053253
[11350177740] -0.052934
[11350184712] -0.052677
[11350192664] -0.052686
[11350200376] -0.052637
[11350209245] -0.051615
[11350215803] -0.051223
[11350225826] -0.050800
[11350232245] -0.050779
[11350238590] -0.050424
[11350246873] -0.049971
[11350254316] -0.048985
[11350262864] -0.048584
[11350269294] -0.048262
[11350278856] -0.048201
[11350285112] -0.048005
[11350293910] -0.047114
[11350300116] -0.046722
[11350309098] -0.046343
[11350315680] -0.046346
[11350324206] -0.046119
[11350331075] -0.045654
[11350338479] -0.044809
[11350347117] -0.044646
[11350355815] -0.044524
[11350361748] -0.044276
[11350369521] -0.043005
[11350378110] -0.043005
[11350385023] -0.041973
[11350392619] -0.041943
[11350400321] -0.041955
[11350409325] -0.041900
[11350417136] -0.041722
[11350423753] -0.041324
[11350431095] -0.040899
[11350438782] -0.040847
[11350446518] -0.040847
[11350454167] -0.040476
[11350461680] -0.040075
[11350469329] -0.039674
[11350477258] -0.039420
[11350484968] -0.038774
[11350492464] -0.038609
[11350501877] -0.038544
[11350508553] -0.037571
[11350515931] -0.036900
[11350524519] -0.035835
[11350532379] -0.035611
[11350538410] -0.035538
[11350547213] -0.035427
[11350554420] -0.034573
[11350562690] -0.034080
[11350569376] -0.033716
[11350578682] -0.033612
[11350584611] -0.033336
[11350592980] -0.032828
[11350599851] -0.031934
[11350609194] -0.031750
[11350615717] -0.031723
[11350624876] -0.031098
[11350630774] -0.030507
[11350638524] -0.029093
[11350646569] -0.028704
[11350656360] -0.028517
[11350661691] -0.028532
[11350669252] -0.028214
[11350678540] -0.027485
[11350685466] -0.027485
[11350692130] -0.027164
[11350699985] -0.026551
[11350709299] -0.026239
[11350716866] -0.026236
[11350723596] -0.026058
[11350731451] -0.025611
[11350738600] -0.024589
[11350746406] -0.024375
[11350754100] -0.024329
[11350761822] -0.024243
[11350769423] -0.023585
[11350778163] -0.023184
[11350784551] -0.022847
[11350792603] -0.022844
[11350800329] -0.022562
[11350808568] -0.021640
[11350816088] -0.021239
[11350825249] -0.021065
[11350832555] -0.020955
[11350838650] -0.020422
[11350846710] -0.020140
[11350854393] -0.019846
[11350863073] -0.019843
[11350869166] -0.019592
[11350878610] -0.018625
[11350884581] -0.018230
[11350892917] -0.018230
[11350900504] -0.018135
[11350908960] -0.017942
[11350915542] -0.017522
[11350924193] -0.016638
[11350930780] -0.016457
[11350938948] -0.016420
[11350947365] -0.016258
[11350955903] -0.015560
[11350961627] -0.015235
[11350970082] -0.014966
[11350977823] -0.014966
[11350984999] -0.014733
[11350993140] -0.013827
[11351000773] -0.013530
[11351008664] -0.013453
[11351017362] -0.013453
[11351024041] -0.012826
[11351031126] -0.012284
[11351038636] -0.011622
[11351046576] -0.011573
[11351054032] -0.011414
[11351061516] -0.011080
[11351069287] -0.009687
[11351077128] -0.009687
[11351085185] -0.008946
[11351092921] -0.008897
[11351100517] -0.008858
[11351109056] -0.008775
[11351115699] -0.008545
[11351124687] -0.008059
[11351132158] -0.008003
[11351138265] -0.007765
[11351146557] -0.007483
[11351154273] -0.007195
[11351162493] -0.007140
[11351169037] -0.006785
[11351178185] -0.006457
[11351184870] -0.005762
[11351193193] -0.005508
[11351199891] -0.005493
[11351209029] -0.005379
[11351215966] -0.005104
[11351224671] -0.004271
[11351230645] -0.004069
[11351238740] -0.004038
[11351246657] -0.003962
[11351255962] -0.003402
[11351261793] -0.003111
[11351269545] -0.002973
[11351278003] -0.002976
[11351284909] -0.002872
[11351293278] -0.001969
[11351300380] -0.001733
[11351308850] -0.001650
[11351317868] -0.001748
[11351325335] -0.001626
[11351331010] -0.001298
[11351338594] -0.000530
[11351346806] -0.000392
[11351353944] -0.000331
[11351361494] -0.000116
[11351369269] 0.001041
[11351377837] 0.001999
[11351384659] 0.002446
[11351392097] 0.002679
[11351399903] 0.002820
[11351410033] 0.003497
[11351415799] 0.003757
[11351425222] 0.003861
[11351432606] 0.003898
[11351438411] 0.004329
[11351446900] 0.004605
[11351454411] 0.004767
[11351462539] 0.004730
[11351469483] 0.004936
[11351478562] 0.005680
[11351484555] 0.005680
[11351493037] 0.005967
[11351500959] 0.005860
[11351509049] 0.006123
[11351515509] 0.006512
[11351524048] 0.007262
[11351530832] 0.007409
[11351538836] 0.007458
[11351547189] 0.007581
[11351556187] 0.007997
[11351562214] 0.008855
[11351570525] 0.009393
[11351578840] 0.009363
[11351585130] 0.009390
[11351592737] 0.009574
[11351600798] 0.009981
[11351609458] 0.010881
[11351616788] 0.010875
[11351624284] 0.010780
[11351631538] 0.010915
[11351638423] 0.011622
[11351646876] 0.011901
[11351654569] 0.011978
[11351662167] 0.012023
[11351669335] 0.012673
[11351677155] 0.013227
[11351685032] 0.013998
[11351692431] 0.014060
[11351700110] 0.014053
[11351709212] 0.014592
[11351715887] 0.014978
[11351724994] 0.015254
[11351732441] 0.015241
[11351738445] 0.015450
[11351747055] 0.015875
[11351754342] 0.016638
[11351762991] 0.016769
[11351769138] 0.016794
[11351779203] 0.017302
[11351785250] 0.017620
[11351794158] 0.017841
[11351800103] 0.017841
[11351808722] 0.018634
[11351815886] 0.019044
[11351824666] 0.019534
[11351831246] 0.019568
[11351838829] 0.019803
[11351847222] 0.020223
[11351856199] 0.021200
[11351862107] 0.021515
[11351869686] 0.021515
[11351878062] 0.021435
[11351885214] 0.021622
[11351893069] 0.022522
[11351900350] 0.022908
[11351909899] 0.023107
[11351916125] 0.023278
[11351923544] 0.023710
[11351931655] 0.023949
[11351939268] 0.024148
[11351946976] 0.024154
[11351954522] 0.024558
[11351962241] 0.024864
[11351969071] 0.025189
[11351977007] 0.025385
[11351984632] 0.025379
[11351992120] 0.025559
[11352000411] 0.026169
[11352008649] 0.026453
[11352016138] 0.026600
[11352025438] 0.026554
[11352032491] 0.026708
[11352038455] 0.027559
[11352046831] 0.027960
[11352054446] 0.028257
[11352062512] 0.028248
[11352069102] 0.028465
[11352078396] 0.029325
[11352084585] 0.029325
[11352093447] 0.029831
[11352099865] 0.029803
[11352108883] 0.029959
[11352115511] 0.030072
[11352127412] 0.030290
[11352131822] 0.030510
[11352138633] 0.030823
[11352147127] 0.030896
[11352156817] 0.030930
[11352161580] 0.031015
[11352169248] 0.031383
[11352178566] 0.031527
[11352186821] 0.031591
[11352192688] 0.032295
[11352200304] 0.032295
[11352209065] 0.032926
[11352217861] 0.032911
[11352225077] 0.032957
[11352231812] 0.032993
[11352238902] 0.033229
[11352248069] 0.033459
[11352254734] 0.033639
[11352262131] 0.033854
[11352269540] 0.034328
[11352277424] 0.034371
[11352284791] 0.034466
[11352292836] 0.034665
[11352300284] 0.035290
[11352309073] 0.035565
[11352315408] 0.035476
[11352324268] 0.035547
[11352333105] 0.035825
[11352338922] 0.036710
[11352347053] 0.036710
[11352354413] 0.036879
[11352364090] 0.036756
[11352369307] 0.036882
[11352378774] 0.037485
[11352385010] 0.037592
[11352395052] 0.037696
[11352400310] 0.037993
[11352409557] 0.038593
[11352415489] 0.039567
[11352425435] 0.039882
[11352431319] 0.039778
[11352439168] 0.039723
[11352447720] 0.039919
[11352456269] 0.040724
[11352461796] 0.041138
[11352469387] 0.041306
[11352478519] 0.041285
[11352486602] 0.041285
[11352492482] 0.041787
[11352500345] 0.042396
[11352509703] 0.042552
[11352516433] 0.042491
[11352524151] 0.042672
[11352531280] 0.043005
[11352539061] 0.043624
[11352547462] 0.043664
[11352554021] 0.043679
[11352561613] 0.043847
[11352569104] 0.044652
[11352579733] 0.045142
[11352584794] 0.045139
[11352592206] 0.045017
[11352600033] 0.045118
[11352609759] 0.045660
[11352616274] 0.045703
[11352624288] 0.045752
[11352633721] 0.045948
[11352639416] 0.046450
[11352647505] 0.046517
[11352654744] 0.046551
[11352663835] 0.046734
[11352670339] 0.047282
[11352677879] 0.047377
[11352684877] 0.047384
[11352694830] 0.047374
[11352700828] 0.047564
[11352708860] 0.047962
[11352715527] 0.048014
[11352726272] 0.048103
[11352731233] 0.048360
[11352739465] 0.048774
[11352747051] 0.049067
[11352757087] 0.049101
[11352761588] 0.049276
[11352769841] 0.049683
[11352778088] 0.049916
[11352786472] 0.049989
[11352792291] 0.050372
[11352800252] 0.051202
[11352808633] 0.051747
[11352818060] 0.051642
[11352825454] 0.051645
[11352831731] 0.051789
[11352838703] 0.052699
[11352847744] 0.053097
[11352854584] 0.053241
[11352861990] 0.053372
[11352869529] 0.054147
[11352876728] 0.054753
[11352884519] 0.055598
[11352892208] 0.055681
[11352899888] 0.055662
[11352909588] 0.056134
[11352916245] 0.056134
[11352923692] 0.057365
[11352933559] 0.057631
[11352938546] 0.057732
[11352946846] 0.057781
[11352954632] 0.058473
[11352964327] 0.058473
[11352969088] 0.059226
[11352978746] 0.059248
[11352984783] 0.059438
[11352994309] 0.059756
[11353000239] 0.060246
[11353008452] 0.060338
[11353015523] 0.060338
[11353025931] 0.061024
[11353031130] 0.061566
[11353039121] 0.062355
[11353047173] 0.062472
[11353057271] 0.062460
[11353061471] 0.062561
[11353069226] 0.063228
[11353078768] 0.063479
[11353087120] 0.063418
[11353092957] 0.063559
[11353100750] 0.063935
[11353109747] 0.064722
[11353118437] 0.064802
[11353123516] 0.064805
[11353131283] 0.064884
[11353138667] 0.065668
[11353147473] 0.066287
[11353154562] 0.067187
[11353161417] 0.067297
[11353169735] 0.067263
[11353177638] 0.067579
[11353185215] 0.067971
[11353192784] 0.068252
[11353203396] 0.068402
[11353208745] 0.068715
[11353215676] 0.068938
[11353224743] 0.069131
[11353233903] 0.069159
[11353238574] 0.069578
[11353247095] 0.069872
[11353254871] 0.070108
[11353263765] 0.070068
[11353269717] 0.070215
[11353277556] 0.070497
[11353284476] 0.071118
[11353294132] 0.071339
[11353300480] 0.071311
[11353309808] 0.071385
[11353316285] 0.071385
[11353326161] 0.071835
[11353331301] 0.071841
[11353339094] 0.071917
[11353347059] 0.071948
[11353357081] 0.072275
[11353361379] 0.072318
[11353369600] 0.072340
[11353377825] 0.072389
[11353386265] 0.072670
[11353392390] 0.072719
[11353400373] 0.072768
[11353409725] 0.072820
[11353418605] 0.073139
[11353423872] 0.073139
[11353431204] 0.073188
[11353439074] 0.073225
[11353447467] 0.073277
[11353454172] 0.073399
[11353461820] 0.073436
[11353469314] 0.073506
[11353480406] 0.073589
[11353485407] 0.073626
[11353493087] 0.073666
[11353500616] 0.073748
[11353511910] 0.073837
[11353516732] 0.073883
[11353526117] 0.073966
[11353532374] 0.074060
[11353538609] 0.074168
[11353546917] 0.074201
[11353555070] 0.074422
[11353563039] 0.074547
[11353569732] 0.074654
[11353578382] 0.074667
[11353584816] 0.074835
[11353593378] 0.075010
[11353601050] 0.075126
[11353609322] 0.075190
[11353616477] 0.075316
[11353624351] 0.075597
[11353631387] 0.075637
[11353639573] 0.075683
[11353647165] 0.075702
[11353657122] 0.075812
[11353663282] 0.076051
[11353669442] 0.076078
[11353678619] 0.076103
[11353685541] 0.076167
[11353692432] 0.076302
[11353701512] 0.076400
[11353710958] 0.076488
[11353717771] 0.076519
[11353725451] 0.076596
[11353731351] 0.076709
[11353739391] 0.076788
[11353747061] 0.076874
[11353754342] 0.076966
[11353762360] 0.077043
[11353770251] 0.077113
[11353778693] 0.077153
[11353785149] 0.077232
[11353794117] 0.077312
[11353802601] 0.077333
[11353808480] 0.077474
[11353817759] 0.077520
[11353824575] 0.077615
[11353834855] 0.077658
[11353839133] 0.077707
[11353847296] 0.077805
[11353854980] 0.077924
[11353863481] 0.077967
[11353869849] 0.077986
[11353878130] 0.078126
[11353884616] 0.078258
[11353893483] 0.078332
[11353900916] 0.078374
[11353909316] 0.078491
[11353917095] 0.078626
[11353924348] 0.078696
[11353931245] 0.078730
[11353939071] 0.078812
[11353946965] 0.078932
[11353956765] 0.078987
[11353961626] 0.079109
[11353970716] 0.079192
[11353978590] 0.079256
[11353985549] 0.079311
[11353992258] 0.079431
[11354001720] 0.079520
[11354011316] 0.079596
[11354017873] 0.079627
[11354026075] 0.079725
[11354031388] 0.079893
[11354038733] 0.079982
[11354047196] 0.080016
[11354055062] 0.080065
[11354061954] 0.080236
[11354070106] 0.080374
[11354077322] 0.080407
[11354085214] 0.080463
[11354092330] 0.080662
[11354103730] 0.080806
[11354109913] 0.080907
[11354116299] 0.080925
[11354124980] 0.081005
[11354132779] 0.081133
[11354139214] 0.081213
[11354147616] 0.081243
[11354155608] 0.081298
[11354162676] 0.081415
[11354169143] 0.081507
[11354177786] 0.081540
[11354185688] 0.081663
[11354193229] 0.081776
[11354200465] 0.081856
[11354209579] 0.081895
[11354216084] 0.081938
[11354225088] 0.082104
[11354231631] 0.082143
[11354238838] 0.082183
[11354247354] 0.082235
[11354257109] 0.082416
[11354261781] 0.082459
[11354270444] 0.082520
[11354278885] 0.082581
[11354286726] 0.082581
[11354292944] 0.082692
[11354300698] 0.082728
[11354310358] 0.082796
[11354317045] 0.082829
[11354325988] 0.082946
[11354331386] 0.082985
[11354339045] 0.083080
[11354347291] 0.083243
[11354354973] 0.083442
[11354361808] 0.083512
[11354369711] 0.083485
[11354376985] 0.083558
[11354384869] 0.083901
[11354392918] 0.083950
[11354401752] 0.083971
[11354409876] 0.084112
[11354416855] 0.084376
[11354423876] 0.084541
[11354432472] 0.084553
[11354438625] 0.084614
[11354447415] 0.084887
[11354454895] 0.085285
[11354462508] 0.085260
[11354469446] 0.085300
[11354477928] 0.085514
[11354485021] 0.086017
[11354493612] 0.086767
[11354500121] 0.086862
[11354509987] 0.086718
[11354515994] 0.086803
[11354524242] 0.087149
[11354531352] 0.087955
[11354539520] 0.088610
[11354548214] 0.088650
[11354557379] 0.088665
[11354561521] 0.088833
[11354570125] 0.089724
[11354577857] 0.090383
[11354586376] 0.091347
[11354592115] 0.091466
[11354600271] 0.091427
[11354610043] 0.091675
[11354617003] 0.091950
[11354624313] 0.092210
[11354631255] 0.092223
[11354638645] 0.092535
[11354647678] 0.092881
[11354654805] 0.093230
[11354661685] 0.093218
[11354669324] 0.093365
[11354677474] 0.093680
[11354685003] 0.094537
[11354692507] 0.094537
[11354700063] 0.094507
[11354710242] 0.094439
[11354715906] 0.094599
[11354725450] 0.095070
[11354734965] 0.095085
[11354739117] 0.095122
[11354748068] 0.095327
[11354754442] 0.095698
[11354764678] 0.095744
[11354769887] 0.095833
[11354778105] 0.096050
[11354784468] 0.096745
[11354794157] 0.097042
[11354800363] 0.097134
[11354809173] 0.097066
[11354816829] 0.097204
[11354825494] 0.097673
[11354831667] 0.097725
[11354838371] 0.097630
[11354846592] 0.097630
[11354857339] 0.098257
[11354861458] 0.098481
[11354869480] 0.098447
[11354878741] 0.098267
[11354887190] 0.098389
[11354892333] 0.098680
[11354900999] 0.098989
[11354909108] 0.098879
[11354917592] 0.098551
[11354924979] 0.098766
[11354931828] 0.099081
[11354938300] 0.099354
[11354947300] 0.099354
[11354954752] 0.099032
[11354961414] 0.099078
[11354969714] 0.099681
[11354977838] 0.099883
[11354984579] 0.099791
[11354992368] 0.099764
[11355000040] 0.100143
[11355010284] 0.100474
[11355015951] 0.100456
[11355025339] 0.100358
[11355033989] 0.100456
[11355038481] 0.101034
[11355046600] 0.101169
[11355054536] 0.100982
[11355063910] 0.100842
[11355069763] 0.100998
[11355077553] 0.101301
[11355084908] 0.101457
[11355094534] 0.101448
[11355100831] 0.101635
[11355108708] 0.102394
[11355117293] 0.102584
[11355125482] 0.102449
[11355131487] 0.102409
[11355138351] 0.102764
[11355146464] 0.103202
[11355157289] 0.103640
[11355161924] 0.103622
[11355170324] 0.103655
[11355178615] 0.104252
[11355186688] 0.104534
[11355193153] 0.104828
[11355200680] 0.104819
[11355211514] 0.105027
[11355218338] 0.105694
[11355225388] 0.105694
[11355231581] 0.106050
[11355238840] 0.105869
[11355248085] 0.105854
[11355254753] 0.106200
[11355261985] 0.106699
[11355269953] 0.107394
[11355277501] 0.107455
[11355285813] 0.107409
[11355292336] 0.107489
[11355302328] 0.108217
[11355310410] 0.108768
[11355315673] 0.108790
[11355326618] 0.108732
[11355332460] 0.108869
[11355338823] 0.109825
[11355347774] 0.110428
[11355355921] 0.111160
[11355363135] 0.111255
[11355369790] 0.111190
[11355378506] 0.111267
[11355384825] 0.111931
[11355393935] 0.112629
[11355400826] 0.112700
[11355409023] 0.112663
[11355417404] 0.112761
[11355424984] 0.113505
[11355431566] 0.113857
[11355439411] 0.114243
[11355447883] 0.114200
[11355457961] 0.114319
[11355462507] 0.114662
[11355469926] 0.115167
[11355477940] 0.115174
[11355485401] 0.115106
[11355493086] 0.115210
[11355500549] 0.115896
[11355509049] 0.116270
[11355518463] 0.116227
[11355528554] 0.116068
[11355532818] 0.116144
[11355538735] 0.116894
[11355547174] 0.117399
[11355554530] 0.117963
[11355562037] 0.117981
[11355569802] 0.117938
[11355577212] 0.118088
[11355585114] 0.118551
[11355592885] 0.119717
[11355601555] 0.119760
[11355608412] 0.119460
[11355616168] 0.119439
[11355624818] 0.119806
[11355632629] 0.120345
[11355638691] 0.121444
[11355647354] 0.121778
[11355654967] 0.121891
[11355663037] 0.121961
[11355669607] 0.122298
[11355677783] 0.123110
[11355684781] 0.123811
[11355693315] 0.123881
[11355700093] 0.123832
[11355709946] 0.124203
[11355716750] 0.124533
[11355724101] 0.124843
[11355730915] 0.124790
[11355739424] 0.124907
[11355746692] 0.125234
[11355756274] 0.125807
[11355762277] 0.125856
[11355770759] 0.125786
[11355778765] 0.125926
[11355786333] 0.126425
[11355792627] 0.126667
[11355800488] 0.126640
[11355809093] 0.126566
[11355818265] 0.127124
[11355823910] 0.127124
[11355831472] 0.127702
[11355838826] 0.127718
[11355846882] 0.127721
[11355854533] 0.127901
[11355861918] 0.128116
[11355869815] 0.128183
[11355877046] 0.128177
[11355884940] 0.128296
[11355892845] 0.128569
[11355901821] 0.128575
[11355909347] 0.128593
[11355916924] 0.128593
[11355923598] 0.129209
[11355932278] 0.129288
[11355938685] 0.129114
[11355947518] 0.129101
[11355954690] 0.129426
[11355962628] 0.129818
[11355969737] 0.130161
[11355978125] 0.130078
[11355984609] 0.130103
[11355994101] 0.130718
[11356000374] 0.130963
[11356008815] 0.130972
[11356015600] 0.130773
[11356025067] 0.130761
[11356031217] 0.131027
[11356039429] 0.131594
[11356047265] 0.131630
[11356056385] 0.131560
[11356063165] 0.131633
[11356069548] 0.132384
[11356077571] 0.132968
[11356085660] 0.133777
[11356092895] 0.133884
[11356100946] 0.133780
[11356108984] 0.133991
[11356117047] 0.134270
[11356124797] 0.134508
[11356131900] 0.134459
[11356138796] 0.134606
[11356147589] 0.134937
[11356154855] 0.135366
[11356161790] 0.135354
[11356170167] 0.135252
[11356177745] 0.135378
[11356185928] 0.135739
[11356192813] 0.135764
[11356201495] 0.135748
[11356208150] 0.135862
[11356216530] 0.136199
[11356225280] 0.136220
[11356233044] 0.136223
[11356238960] 0.136529
[11356247503] 0.136658
[11356255142] 0.136707
[11356262576] 0.136704
[11356269329] 0.136875
[11356278727] 0.137086
[11356284659] 0.137132
[11356293942] 0.137139
[11356300317] 0.137347
[11356310407] 0.137393
[11356316149] 0.137408
[11356324390] 0.137540
[11356330803] 0.137781
[11356338906] 0.137938
[11356347944] 0.137849
[11356355662] 0.137990
[11356362453] 0.138210
[11356370188] 0.138385
[11356378869] 0.138121
[11356386384] 0.138121
[11356392755] 0.138274
[11356400916] 0.138761
[11356408696] 0.138734
[11356416928] 0.138737
[11356424774] 0.139055
[11356432307] 0.139181
[11356438567] 0.139165
[11356446783] 0.139199
[11356454492] 0.139573
[11356461552] 0.139741
[11356469649] 0.139790
[11356477217] 0.139671
[11356484977] 0.139695
[11356493753] 0.140194
[11356499992] 0.140225
[11356508793] 0.140127
[11356516516] 0.140121
[11356524112] 0.140390
[11356533042] 0.140464
[11356538921] 0.140329
[11356547504] 0.140329
[11356554733] 0.140764
[11356562361] 0.140898
[11356569338] 0.140803
[11356578053] 0.140788
[11356584822] 0.140852
[11356593911] 0.141443
[11356599935] 0.141449
[11356609649] 0.141312
[11356615930] 0.141391
[11356624538] 0.141731
[11356630654] 0.141731
[11356639031] 0.141563
[11356646528] 0.141547
[11356655918] 0.141997
[11356662018] 0.142083
[11356671214] 0.141750
[11356678718] 0.141753
[11356685608] 0.142138
[11356692438] 0.142371
[11356700523] 0.142423
[11356709724] 0.142102
[11356716203] 0.142117
[11356723865] 0.142741
[11356731059] 0.142766
[11356739001] 0.142732
[11356747105] 0.142613
[11356755024] 0.142778
[11356762210] 0.142977
[11356769631] 0.143029
[11356777512] 0.143017
[11356784786] 0.143231
[11356793486] 0.143752
[11356800267] 0.143822
[11356808607] 0.143746
[11356816138] 0.143764
[11356824616] 0.144196
[11356832475] 0.144297
[11356839317] 0.144199
[11356846489] 0.144165
[11356854277] 0.144404
[11356863060] 0.144468
[11356869806] 0.144413
[11356878728] 0.144447
[11356884778] 0.144628
[11356902933] 0.144756
[11356908764] 0.144701
[11356913549] 0.144989
[11356917924] 0.144989
[11356924615] 0.145329
[11356930754] 0.145341
[11356938933] 0.145010
[11356947653] 0.145016
[11356955834] 0.145424
[11356962027] 0.145616
[11356970024] 0.145543
[11356978371] 0.145497
[11356985603] 0.145684
[11356992516] 0.145858
[11357001273] 0.145987
[11357009210] 0.145923
[11357017985] 0.146070
[11357024411] 0.146599
[11357031705] 0.146599
[11357039008] 0.146354
[11357046953] 0.146308
[11357054628] 0.146584
[11357061883] 0.146866
[11357069997] 0.146945
[11357077204] 0.146832
[11357085093] 0.146945
[11357092258] 0.147150
[11357100417] 0.147346
[11357108215] 0.147316
[11357115613] 0.147346
[11357125479] 0.147714
[11357132568] 0.147769
[11357138991] 0.147656
[11357147520] 0.147686
[11357154700] 0.147995
[11357162914] 0.148115
[11357169834] 0.148130
[11357178599] 0.148237
[11357184840] 0.148899
[11357193351] 0.149214
[11357199906] 0.149352
[11357209026] 0.149257
[11357215871] 0.149364
[11357224289] 0.150065
[11357231029] 0.150301
[11357239273] 0.150218
[11357246388] 0.149979
[11357255875] 0.149967
[11357261794] 0.150178
[11357269846] 0.150405
[11357277661] 0.150405
[11357285162] 0.150405
[11357292151] 0.150576
[11357300896] 0.151060
[11357308960] 0.151262
[11357318209] 0.151140
[11357324468] 0.151118
[11357331580] 0.151299
[11357338738] 0.151957
[11357346818] 0.152211
[11357354381] 0.152218
[11357362272] 0.152012
[11357369200] 0.152019
[11357376907] 0.152273
[11357384826] 0.152851
[11357392409] 0.152851
[11357400115] 0.152606
[11357409208] 0.152591
[11357415881] 0.152830
[11357425394] 0.153476
[11357432210] 0.153568
[11357438925] 0.153424
[11357447444] 0.153424
[11357454589] 0.153764
[11357462461] 0.153978
[11357469348] 0.153993
[11357477701] 0.153993
[11357484755] 0.153987
[11357493509] 0.154336
[11357500982] 0.154358
[11357509385] 0.154349
[11357515832] 0.154358
[11357523984] 0.154590
[11357530750] 0.154606
[11357539420] 0.154603
[11357546719] 0.154600
[11357555899] 0.154728
[11357562123] 0.154750
[11357570643] 0.154759
[11357578855] 0.154768
[11357584925] 0.154848
[11357593155] 0.154887
[11357600589] 0.154900
[11357609045] 0.154976
[11357616381] 0.154976
[11357624560] 0.155019
[11357645811] 0.155028
[11357650835] 0.155080
[11357657666] 0.155096
[11357665471] 0.155126
[11357674278] 0.155154
[11357680790] 0.155169
[11357688819] 0.155197
[11357696799] 0.155212
[11357705324] 0.155236
[11357759273] 0.155264
