Linked: (/home/nicolas/catkin_ws/devel/.private/netft_utils/share/gennodejs/ros/netft_utils/_index.js, /home/nicolas/catkin_ws/devel/share/gennodejs/ros/netft_utils/_index.js)
Linked: (/home/nicolas/catkin_ws/devel/.private/netft_utils/share/gennodejs/ros/netft_utils/msg/Cancel.js, /home/nicolas/catkin_ws/devel/share/gennodejs/ros/netft_utils/msg/Cancel.js)
Linked: (/home/nicolas/catkin_ws/devel/.private/netft_utils/share/gennodejs/ros/netft_utils/msg/_index.js, /home/nicolas/catkin_ws/devel/share/gennodejs/ros/netft_utils/msg/_index.js)
Linked: (/home/nicolas/catkin_ws/devel/.private/netft_utils/share/gennodejs/ros/netft_utils/srv/StopSim.js, /home/nicolas/catkin_ws/devel/share/gennodejs/ros/netft_utils/srv/StopSim.js)
Linked: (/home/nicolas/catkin_ws/devel/.private/netft_utils/share/gennodejs/ros/netft_utils/srv/SetBias.js, /home/nicolas/catkin_ws/devel/share/gennodejs/ros/netft_utils/srv/SetBias.js)
Linked: (/home/nicolas/catkin_ws/devel/.private/netft_utils/share/gennodejs/ros/netft_utils/srv/SetThreshold.js, /home/nicolas/catkin_ws/devel/share/gennodejs/ros/netft_utils/srv/SetThreshold.js)
Linked: (/home/nicolas/catkin_ws/devel/.private/netft_utils/share/gennodejs/ros/netft_utils/srv/GetDouble.js, /home/nicolas/catkin_ws/devel/share/gennodejs/ros/netft_utils/srv/GetDouble.js)
Linked: (/home/nicolas/catkin_ws/devel/.private/netft_utils/share/gennodejs/ros/netft_utils/srv/_index.js, /home/nicolas/catkin_ws/devel/share/gennodejs/ros/netft_utils/srv/_index.js)
Linked: (/home/nicolas/catkin_ws/devel/.private/netft_utils/share/gennodejs/ros/netft_utils/srv/SetMax.js, /home/nicolas/catkin_ws/devel/share/gennodejs/ros/netft_utils/srv/SetMax.js)
Linked: (/home/nicolas/catkin_ws/devel/.private/netft_utils/share/gennodejs/ros/netft_utils/srv/SetToolData.js, /home/nicolas/catkin_ws/devel/share/gennodejs/ros/netft_utils/srv/SetToolData.js)
Linked: (/home/nicolas/catkin_ws/devel/.private/netft_utils/share/gennodejs/ros/netft_utils/srv/SetFilter.js, /home/nicolas/catkin_ws/devel/share/gennodejs/ros/netft_utils/srv/SetFilter.js)
Linked: (/home/nicolas/catkin_ws/devel/.private/netft_utils/share/gennodejs/ros/netft_utils/srv/StartSim.js, /home/nicolas/catkin_ws/devel/share/gennodejs/ros/netft_utils/srv/StartSim.js)
Linked: (/home/nicolas/catkin_ws/devel/.private/netft_utils/share/roseus/ros/netft_utils/manifest.l, /home/nicolas/catkin_ws/devel/share/roseus/ros/netft_utils/manifest.l)
Linked: (/home/nicolas/catkin_ws/devel/.private/netft_utils/share/roseus/ros/netft_utils/msg/Cancel.l, /home/nicolas/catkin_ws/devel/share/roseus/ros/netft_utils/msg/Cancel.l)
Linked: (/home/nicolas/catkin_ws/devel/.private/netft_utils/share/roseus/ros/netft_utils/srv/SetMax.l, /home/nicolas/catkin_ws/devel/share/roseus/ros/netft_utils/srv/SetMax.l)
Linked: (/home/nicolas/catkin_ws/devel/.private/netft_utils/share/roseus/ros/netft_utils/srv/SetThreshold.l, /home/nicolas/catkin_ws/devel/share/roseus/ros/netft_utils/srv/SetThreshold.l)
Linked: (/home/nicolas/catkin_ws/devel/.private/netft_utils/share/roseus/ros/netft_utils/srv/SetFilter.l, /home/nicolas/catkin_ws/devel/share/roseus/ros/netft_utils/srv/SetFilter.l)
Linked: (/home/nicolas/catkin_ws/devel/.private/netft_utils/share/roseus/ros/netft_utils/srv/GetDouble.l, /home/nicolas/catkin_ws/devel/share/roseus/ros/netft_utils/srv/GetDouble.l)
Linked: (/home/nicolas/catkin_ws/devel/.private/netft_utils/share/roseus/ros/netft_utils/srv/StartSim.l, /home/nicolas/catkin_ws/devel/share/roseus/ros/netft_utils/srv/StartSim.l)
Linked: (/home/nicolas/catkin_ws/devel/.private/netft_utils/share/roseus/ros/netft_utils/srv/StopSim.l, /home/nicolas/catkin_ws/devel/share/roseus/ros/netft_utils/srv/StopSim.l)
Linked: (/home/nicolas/catkin_ws/devel/.private/netft_utils/share/roseus/ros/netft_utils/srv/SetBias.l, /home/nicolas/catkin_ws/devel/share/roseus/ros/netft_utils/srv/SetBias.l)
Linked: (/home/nicolas/catkin_ws/devel/.private/netft_utils/share/roseus/ros/netft_utils/srv/SetToolData.l, /home/nicolas/catkin_ws/devel/share/roseus/ros/netft_utils/srv/SetToolData.l)
Linked: (/home/nicolas/catkin_ws/devel/.private/netft_utils/share/common-lisp/ros/netft_utils/msg/_package_Cancel.lisp, /home/nicolas/catkin_ws/devel/share/common-lisp/ros/netft_utils/msg/_package_Cancel.lisp)
Linked: (/home/nicolas/catkin_ws/devel/.private/netft_utils/share/common-lisp/ros/netft_utils/msg/netft_utils-msg.asd, /home/nicolas/catkin_ws/devel/share/common-lisp/ros/netft_utils/msg/netft_utils-msg.asd)
Linked: (/home/nicolas/catkin_ws/devel/.private/netft_utils/share/common-lisp/ros/netft_utils/msg/Cancel.lisp, /home/nicolas/catkin_ws/devel/share/common-lisp/ros/netft_utils/msg/Cancel.lisp)
Linked: (/home/nicolas/catkin_ws/devel/.private/netft_utils/share/common-lisp/ros/netft_utils/msg/_package.lisp, /home/nicolas/catkin_ws/devel/share/common-lisp/ros/netft_utils/msg/_package.lisp)
Linked: (/home/nicolas/catkin_ws/devel/.private/netft_utils/share/common-lisp/ros/netft_utils/srv/StartSim.lisp, /home/nicolas/catkin_ws/devel/share/common-lisp/ros/netft_utils/srv/StartSim.lisp)
Linked: (/home/nicolas/catkin_ws/devel/.private/netft_utils/share/common-lisp/ros/netft_utils/srv/StopSim.lisp, /home/nicolas/catkin_ws/devel/share/common-lisp/ros/netft_utils/srv/StopSim.lisp)
Linked: (/home/nicolas/catkin_ws/devel/.private/netft_utils/share/common-lisp/ros/netft_utils/srv/GetDouble.lisp, /home/nicolas/catkin_ws/devel/share/common-lisp/ros/netft_utils/srv/GetDouble.lisp)
Linked: (/home/nicolas/catkin_ws/devel/.private/netft_utils/share/common-lisp/ros/netft_utils/srv/SetToolData.lisp, /home/nicolas/catkin_ws/devel/share/common-lisp/ros/netft_utils/srv/SetToolData.lisp)
Linked: (/home/nicolas/catkin_ws/devel/.private/netft_utils/share/common-lisp/ros/netft_utils/srv/SetMax.lisp, /home/nicolas/catkin_ws/devel/share/common-lisp/ros/netft_utils/srv/SetMax.lisp)
Linked: (/home/nicolas/catkin_ws/devel/.private/netft_utils/share/common-lisp/ros/netft_utils/srv/netft_utils-srv.asd, /home/nicolas/catkin_ws/devel/share/common-lisp/ros/netft_utils/srv/netft_utils-srv.asd)
Linked: (/home/nicolas/catkin_ws/devel/.private/netft_utils/share/common-lisp/ros/netft_utils/srv/SetFilter.lisp, /home/nicolas/catkin_ws/devel/share/common-lisp/ros/netft_utils/srv/SetFilter.lisp)
Linked: (/home/nicolas/catkin_ws/devel/.private/netft_utils/share/common-lisp/ros/netft_utils/srv/_package_SetMax.lisp, /home/nicolas/catkin_ws/devel/share/common-lisp/ros/netft_utils/srv/_package_SetMax.lisp)
Linked: (/home/nicolas/catkin_ws/devel/.private/netft_utils/share/common-lisp/ros/netft_utils/srv/_package_SetToolData.lisp, /home/nicolas/catkin_ws/devel/share/common-lisp/ros/netft_utils/srv/_package_SetToolData.lisp)
Linked: (/home/nicolas/catkin_ws/devel/.private/netft_utils/share/common-lisp/ros/netft_utils/srv/_package_StopSim.lisp, /home/nicolas/catkin_ws/devel/share/common-lisp/ros/netft_utils/srv/_package_StopSim.lisp)
Linked: (/home/nicolas/catkin_ws/devel/.private/netft_utils/share/common-lisp/ros/netft_utils/srv/SetThreshold.lisp, /home/nicolas/catkin_ws/devel/share/common-lisp/ros/netft_utils/srv/SetThreshold.lisp)
Linked: (/home/nicolas/catkin_ws/devel/.private/netft_utils/share/common-lisp/ros/netft_utils/srv/_package_StartSim.lisp, /home/nicolas/catkin_ws/devel/share/common-lisp/ros/netft_utils/srv/_package_StartSim.lisp)
Linked: (/home/nicolas/catkin_ws/devel/.private/netft_utils/share/common-lisp/ros/netft_utils/srv/_package_SetThreshold.lisp, /home/nicolas/catkin_ws/devel/share/common-lisp/ros/netft_utils/srv/_package_SetThreshold.lisp)
Linked: (/home/nicolas/catkin_ws/devel/.private/netft_utils/share/common-lisp/ros/netft_utils/srv/_package_GetDouble.lisp, /home/nicolas/catkin_ws/devel/share/common-lisp/ros/netft_utils/srv/_package_GetDouble.lisp)
Linked: (/home/nicolas/catkin_ws/devel/.private/netft_utils/share/common-lisp/ros/netft_utils/srv/_package_SetBias.lisp, /home/nicolas/catkin_ws/devel/share/common-lisp/ros/netft_utils/srv/_package_SetBias.lisp)
Linked: (/home/nicolas/catkin_ws/devel/.private/netft_utils/share/common-lisp/ros/netft_utils/srv/SetBias.lisp, /home/nicolas/catkin_ws/devel/share/common-lisp/ros/netft_utils/srv/SetBias.lisp)
Linked: (/home/nicolas/catkin_ws/devel/.private/netft_utils/share/common-lisp/ros/netft_utils/srv/_package_SetFilter.lisp, /home/nicolas/catkin_ws/devel/share/common-lisp/ros/netft_utils/srv/_package_SetFilter.lisp)
Linked: (/home/nicolas/catkin_ws/devel/.private/netft_utils/share/common-lisp/ros/netft_utils/srv/_package.lisp, /home/nicolas/catkin_ws/devel/share/common-lisp/ros/netft_utils/srv/_package.lisp)
Linked: (/home/nicolas/catkin_ws/devel/.private/netft_utils/share/netft_utils/cmake/netft_utils-msg-paths.cmake, /home/nicolas/catkin_ws/devel/share/netft_utils/cmake/netft_utils-msg-paths.cmake)
Linked: (/home/nicolas/catkin_ws/devel/.private/netft_utils/share/netft_utils/cmake/netft_utilsConfig-version.cmake, /home/nicolas/catkin_ws/devel/share/netft_utils/cmake/netft_utilsConfig-version.cmake)
Linked: (/home/nicolas/catkin_ws/devel/.private/netft_utils/share/netft_utils/cmake/netft_utils-msg-extras.cmake, /home/nicolas/catkin_ws/devel/share/netft_utils/cmake/netft_utils-msg-extras.cmake)
Linked: (/home/nicolas/catkin_ws/devel/.private/netft_utils/share/netft_utils/cmake/netft_utilsConfig.cmake, /home/nicolas/catkin_ws/devel/share/netft_utils/cmake/netft_utilsConfig.cmake)
Linked: (/home/nicolas/catkin_ws/devel/.private/netft_utils/lib/liblpfilter.so, /home/nicolas/catkin_ws/devel/lib/liblpfilter.so)
Linked: (/home/nicolas/catkin_ws/devel/.private/netft_utils/lib/libnetft_rdt_driver.so, /home/nicolas/catkin_ws/devel/lib/libnetft_rdt_driver.so)
Linked: (/home/nicolas/catkin_ws/devel/.private/netft_utils/lib/libnetft_utils_lean.so, /home/nicolas/catkin_ws/devel/lib/libnetft_utils_lean.so)
Linked: (/home/nicolas/catkin_ws/devel/.private/netft_utils/lib/python2.7/dist-packages/netft_utils/__init__.py, /home/nicolas/catkin_ws/devel/lib/python2.7/dist-packages/netft_utils/__init__.py)
Linked: (/home/nicolas/catkin_ws/devel/.private/netft_utils/lib/python2.7/dist-packages/netft_utils/msg/__init__.py, /home/nicolas/catkin_ws/devel/lib/python2.7/dist-packages/netft_utils/msg/__init__.py)
Linked: (/home/nicolas/catkin_ws/devel/.private/netft_utils/lib/python2.7/dist-packages/netft_utils/msg/_Cancel.py, /home/nicolas/catkin_ws/devel/lib/python2.7/dist-packages/netft_utils/msg/_Cancel.py)
Linked: (/home/nicolas/catkin_ws/devel/.private/netft_utils/lib/python2.7/dist-packages/netft_utils/srv/_StopSim.py, /home/nicolas/catkin_ws/devel/lib/python2.7/dist-packages/netft_utils/srv/_StopSim.py)
Linked: (/home/nicolas/catkin_ws/devel/.private/netft_utils/lib/python2.7/dist-packages/netft_utils/srv/_SetFilter.py, /home/nicolas/catkin_ws/devel/lib/python2.7/dist-packages/netft_utils/srv/_SetFilter.py)
Linked: (/home/nicolas/catkin_ws/devel/.private/netft_utils/lib/python2.7/dist-packages/netft_utils/srv/_SetBias.py, /home/nicolas/catkin_ws/devel/lib/python2.7/dist-packages/netft_utils/srv/_SetBias.py)
Linked: (/home/nicolas/catkin_ws/devel/.private/netft_utils/lib/python2.7/dist-packages/netft_utils/srv/_SetToolData.py, /home/nicolas/catkin_ws/devel/lib/python2.7/dist-packages/netft_utils/srv/_SetToolData.py)
Linked: (/home/nicolas/catkin_ws/devel/.private/netft_utils/lib/python2.7/dist-packages/netft_utils/srv/_SetMax.py, /home/nicolas/catkin_ws/devel/lib/python2.7/dist-packages/netft_utils/srv/_SetMax.py)
Linked: (/home/nicolas/catkin_ws/devel/.private/netft_utils/lib/python2.7/dist-packages/netft_utils/srv/__init__.py, /home/nicolas/catkin_ws/devel/lib/python2.7/dist-packages/netft_utils/srv/__init__.py)
Linked: (/home/nicolas/catkin_ws/devel/.private/netft_utils/lib/python2.7/dist-packages/netft_utils/srv/_SetThreshold.py, /home/nicolas/catkin_ws/devel/lib/python2.7/dist-packages/netft_utils/srv/_SetThreshold.py)
Linked: (/home/nicolas/catkin_ws/devel/.private/netft_utils/lib/python2.7/dist-packages/netft_utils/srv/_StartSim.py, /home/nicolas/catkin_ws/devel/lib/python2.7/dist-packages/netft_utils/srv/_StartSim.py)
Linked: (/home/nicolas/catkin_ws/devel/.private/netft_utils/lib/python2.7/dist-packages/netft_utils/srv/_GetDouble.py, /home/nicolas/catkin_ws/devel/lib/python2.7/dist-packages/netft_utils/srv/_GetDouble.py)
Linked: (/home/nicolas/catkin_ws/devel/.private/netft_utils/lib/pkgconfig/netft_utils.pc, /home/nicolas/catkin_ws/devel/lib/pkgconfig/netft_utils.pc)
Linked: (/home/nicolas/catkin_ws/devel/.private/netft_utils/lib/netft_utils/netft_utils_sim, /home/nicolas/catkin_ws/devel/lib/netft_utils/netft_utils_sim)
Linked: (/home/nicolas/catkin_ws/devel/.private/netft_utils/lib/netft_utils/netft_utils_cpp_test, /home/nicolas/catkin_ws/devel/lib/netft_utils/netft_utils_cpp_test)
Linked: (/home/nicolas/catkin_ws/devel/.private/netft_utils/lib/netft_utils/netft_node, /home/nicolas/catkin_ws/devel/lib/netft_utils/netft_node)
Linked: (/home/nicolas/catkin_ws/devel/.private/netft_utils/lib/netft_utils/netft_utils, /home/nicolas/catkin_ws/devel/lib/netft_utils/netft_utils)
Linked: (/home/nicolas/catkin_ws/devel/.private/netft_utils/include/netft_utils/StopSim.h, /home/nicolas/catkin_ws/devel/include/netft_utils/StopSim.h)
Linked: (/home/nicolas/catkin_ws/devel/.private/netft_utils/include/netft_utils/SetToolData.h, /home/nicolas/catkin_ws/devel/include/netft_utils/SetToolData.h)
Linked: (/home/nicolas/catkin_ws/devel/.private/netft_utils/include/netft_utils/SetMaxRequest.h, /home/nicolas/catkin_ws/devel/include/netft_utils/SetMaxRequest.h)
Linked: (/home/nicolas/catkin_ws/devel/.private/netft_utils/include/netft_utils/SetToolDataRequest.h, /home/nicolas/catkin_ws/devel/include/netft_utils/SetToolDataRequest.h)
Linked: (/home/nicolas/catkin_ws/devel/.private/netft_utils/include/netft_utils/Cancel.h, /home/nicolas/catkin_ws/devel/include/netft_utils/Cancel.h)
Linked: (/home/nicolas/catkin_ws/devel/.private/netft_utils/include/netft_utils/SetBiasResponse.h, /home/nicolas/catkin_ws/devel/include/netft_utils/SetBiasResponse.h)
Linked: (/home/nicolas/catkin_ws/devel/.private/netft_utils/include/netft_utils/SetFilterRequest.h, /home/nicolas/catkin_ws/devel/include/netft_utils/SetFilterRequest.h)
Linked: (/home/nicolas/catkin_ws/devel/.private/netft_utils/include/netft_utils/StartSimResponse.h, /home/nicolas/catkin_ws/devel/include/netft_utils/StartSimResponse.h)
Linked: (/home/nicolas/catkin_ws/devel/.private/netft_utils/include/netft_utils/SetMaxResponse.h, /home/nicolas/catkin_ws/devel/include/netft_utils/SetMaxResponse.h)
Linked: (/home/nicolas/catkin_ws/devel/.private/netft_utils/include/netft_utils/GetDoubleResponse.h, /home/nicolas/catkin_ws/devel/include/netft_utils/GetDoubleResponse.h)
Linked: (/home/nicolas/catkin_ws/devel/.private/netft_utils/include/netft_utils/StartSimRequest.h, /home/nicolas/catkin_ws/devel/include/netft_utils/StartSimRequest.h)
Linked: (/home/nicolas/catkin_ws/devel/.private/netft_utils/include/netft_utils/SetThreshold.h, /home/nicolas/catkin_ws/devel/include/netft_utils/SetThreshold.h)
Linked: (/home/nicolas/catkin_ws/devel/.private/netft_utils/include/netft_utils/StartSim.h, /home/nicolas/catkin_ws/devel/include/netft_utils/StartSim.h)
Linked: (/home/nicolas/catkin_ws/devel/.private/netft_utils/include/netft_utils/SetFilter.h, /home/nicolas/catkin_ws/devel/include/netft_utils/SetFilter.h)
Linked: (/home/nicolas/catkin_ws/devel/.private/netft_utils/include/netft_utils/SetToolDataResponse.h, /home/nicolas/catkin_ws/devel/include/netft_utils/SetToolDataResponse.h)
Linked: (/home/nicolas/catkin_ws/devel/.private/netft_utils/include/netft_utils/SetFilterResponse.h, /home/nicolas/catkin_ws/devel/include/netft_utils/SetFilterResponse.h)
Linked: (/home/nicolas/catkin_ws/devel/.private/netft_utils/include/netft_utils/SetBias.h, /home/nicolas/catkin_ws/devel/include/netft_utils/SetBias.h)
Linked: (/home/nicolas/catkin_ws/devel/.private/netft_utils/include/netft_utils/SetMax.h, /home/nicolas/catkin_ws/devel/include/netft_utils/SetMax.h)
Linked: (/home/nicolas/catkin_ws/devel/.private/netft_utils/include/netft_utils/GetDoubleRequest.h, /home/nicolas/catkin_ws/devel/include/netft_utils/GetDoubleRequest.h)
Linked: (/home/nicolas/catkin_ws/devel/.private/netft_utils/include/netft_utils/SetThresholdResponse.h, /home/nicolas/catkin_ws/devel/include/netft_utils/SetThresholdResponse.h)
Linked: (/home/nicolas/catkin_ws/devel/.private/netft_utils/include/netft_utils/SetThresholdRequest.h, /home/nicolas/catkin_ws/devel/include/netft_utils/SetThresholdRequest.h)
Linked: (/home/nicolas/catkin_ws/devel/.private/netft_utils/include/netft_utils/StopSimRequest.h, /home/nicolas/catkin_ws/devel/include/netft_utils/StopSimRequest.h)
Linked: (/home/nicolas/catkin_ws/devel/.private/netft_utils/include/netft_utils/GetDouble.h, /home/nicolas/catkin_ws/devel/include/netft_utils/GetDouble.h)
Linked: (/home/nicolas/catkin_ws/devel/.private/netft_utils/include/netft_utils/StopSimResponse.h, /home/nicolas/catkin_ws/devel/include/netft_utils/StopSimResponse.h)
Linked: (/home/nicolas/catkin_ws/devel/.private/netft_utils/include/netft_utils/SetBiasRequest.h, /home/nicolas/catkin_ws/devel/include/netft_utils/SetBiasRequest.h)
