[  3%] Built target netft_rdt_driver
[  6%] Built target lpfilter
[  6%] Built target std_msgs_generate_messages_cpp
[  6%] Built target _netft_utils_generate_messages_check_deps_StopSim
[  6%] Built target _netft_utils_generate_messages_check_deps_SetFilter
[  6%] Built target _netft_utils_generate_messages_check_deps_SetBias
[  6%] Built target _netft_utils_generate_messages_check_deps_SetToolData
[  6%] Built target _netft_utils_generate_messages_check_deps_SetThreshold
[  6%] Built target _netft_utils_generate_messages_check_deps_SetMax
[  6%] Built target _netft_utils_generate_messages_check_deps_Cancel
[  6%] Built target _netft_utils_generate_messages_check_deps_StartSim
[  6%] Built target geometry_msgs_generate_messages_cpp
[  6%] Built target _netft_utils_generate_messages_check_deps_GetDouble
[  6%] Built target geometry_msgs_generate_messages_py
[  6%] Built target std_msgs_generate_messages_py
[  6%] Built target geometry_msgs_generate_messages_nodejs
[  6%] Built target geometry_msgs_generate_messages_eus
[  6%] Built target std_msgs_generate_messages_eus
[  6%] Built target std_msgs_generate_messages_nodejs
[  6%] Built target geometry_msgs_generate_messages_lisp
[  6%] Built target std_msgs_generate_messages_lisp
[  6%] Built target actionlib_generate_messages_py
[  6%] Built target tf2_msgs_generate_messages_nodejs
[  6%] Built target tf2_msgs_generate_messages_py
[  6%] Built target tf2_msgs_generate_messages_lisp
[  6%] Built target tf2_msgs_generate_messages_cpp
[  6%] Built target tf2_msgs_generate_messages_eus
[  6%] Built target actionlib_msgs_generate_messages_py
[  6%] Built target actionlib_msgs_generate_messages_eus
[  6%] Built target actionlib_msgs_generate_messages_cpp
[  6%] Built target tf_generate_messages_nodejs
[  6%] Built target tf_generate_messages_eus
[  6%] Built target rosgraph_msgs_generate_messages_nodejs
[  6%] Built target rosgraph_msgs_generate_messages_lisp
[  6%] Built target rosgraph_msgs_generate_messages_eus
[  6%] Built target roscpp_generate_messages_nodejs
[  6%] Built target rosgraph_msgs_generate_messages_cpp
[  6%] Built target roscpp_generate_messages_cpp
[  6%] Built target rosgraph_msgs_generate_messages_py
[  6%] Built target roscpp_generate_messages_py
[  6%] Built target sensor_msgs_generate_messages_nodejs
[  6%] Built target roscpp_generate_messages_eus
[  6%] Built target sensor_msgs_generate_messages_lisp
[  6%] Built target roscpp_generate_messages_lisp
[  6%] Built target tf_generate_messages_lisp
[  6%] Built target actionlib_msgs_generate_messages_nodejs
[  6%] Built target actionlib_msgs_generate_messages_lisp
[  6%] Built target _catkin_empty_exported_target
[  6%] Built target actionlib_generate_messages_cpp
[  6%] Built target tf_generate_messages_cpp
[  6%] Built target tf_generate_messages_py
[  6%] Built target sensor_msgs_generate_messages_cpp
[  6%] Built target actionlib_generate_messages_eus
[  6%] Built target sensor_msgs_generate_messages_eus
[  6%] Built target sensor_msgs_generate_messages_py
[  6%] Built target actionlib_generate_messages_nodejs
[  6%] Built target actionlib_generate_messages_lisp
[  9%] Built target netft_node
[ 41%] Built target netft_utils_generate_messages_cpp
[ 41%] Built target netft_utils_generate_messages_py
[ 70%] Built target netft_utils_generate_messages_nodejs
[ 70%] Built target netft_utils_generate_messages_lisp
[ 87%] Built target netft_utils_generate_messages_eus
[ 90%] Built target netft_utils_sim
[ 93%] Built target netft_utils_lean
[ 96%] Built target netft_utils
[ 96%] Built target netft_utils_generate_messages
[100%] Built target netft_utils_cpp_test
