[2172989447] 1.570797
[2172995437] 1.570797
[2173003052] 1.570797
[2173010952] 1.570797
[2173020491] 1.570797
[2173026571] 1.570797
[2173034037] 1.570797
[2173041667] 1.570797
[2173051230] 1.570797
[2173056913] 1.570797
[2173064535] 1.570797
[2173073553] 1.570797
[2173082051] 1.570797
[2173087662] 1.570797
[2173095484] 1.570797
[2173103038] 1.570797
[2173112951] 1.570797
[2173118894] 1.570797
[2173126618] 1.570797
[2173134212] 1.570797
[2173143988] 1.570797
[2173149744] 1.570797
[2173157237] 1.570797
[2173164647] 1.570797
[2173173865] 1.570797
[2173180142] 1.570797
[2173188212] 1.570797
[2173195686] 1.570797
[2173203407] 1.570797
[2173210999] 1.570797
[2173218715] 1.570797
[2173226224] 1.570797
[2173234085] 1.570797
[2173241605] 1.570797
[2173249362] 1.570797
[2173256989] 1.570797
[2173264709] 1.570797
[2173272312] 1.570797
[2173280257] 1.570797
[2173289403] 1.570797
[2173295420] 1.570797
[2173302999] 1.570797
[2173310718] 1.570797
[2173320627] 1.570797
[2173326203] 1.570797
[2173333986] 1.570797
[2173341584] 1.570797
[2173351146] 1.570797
[2173356934] 1.570797
[2173364725] 1.570797
[2173372280] 1.570797
[2173382489] 1.570797
[2173485203] 1.570797
[2173491141] 1.570371
[2173497556] 1.569887
[2173506986] 1.568304
[2173515566] 1.566611
[2173520479] 1.565971
[2173530067] 1.565261
[2173537206] 1.565154
[2173546314] 1.565041
[2173552147] 1.565010
[2173561116] 1.564989
[2173566194] 1.564992
[2173574103] 1.564998
[2173582154] 1.564998
[2173593211] 1.564986
[2173597328] 1.564970
[2173605159] 1.564949
[2173615042] 1.564943
[2173622777] 1.564943
[2173628641] 1.564943
[2173637406] 1.564946
[2173644202] 1.564943
[2173653452] 1.564931
[2173661907] 1.564900
[2173667363] 1.564885
[2173675041] 1.564860
[2173682984] 1.564854
[2173691282] 1.564857
[2173697127] 1.564857
[2173705314] 1.564854
[2173712681] 1.564854
[2173720529] 1.564848
[2173728455] 1.564845
[2173736228] 1.564836
[2173746437] 1.564836
[2173751214] 1.564836
[2173761911] 1.564833
[2173767444] 1.564826
[2173775299] 1.564814
[2173783097] 1.564799
[2173791769] 1.564266
[2173799259] 1.563715
[2173805060] 1.561994
[2173815352] 1.560218
[2173820381] 1.559566
[2173830294] 1.558868
[2173839846] 1.558844
[2173844471] 1.558804
[2173851121] 1.558798
[2173860628] 1.558804
[2173866451] 1.558813
[2173874617] 1.558835
[2173884057] 1.558841
[2173893609] 1.558835
[2173897799] 1.558825
[2173905741] 1.558819
[2173914361] 1.558822
[2173922730] 1.558825
[2173928452] 1.558825
[2173938772] 1.558835
[2173943551] 1.558835
[2173952975] 1.558828
[2173961384] 1.558819
[2173967263] 1.558816
[2173974023] 1.558816
[2173984147] 1.558617
[2173992620] 1.557711
[2173997370] 1.556936
[2174005011] 1.555010
[2174012811] 1.554165
[2174020666] 1.552959
[2174028400] 1.552665
[2174041380] 1.552772
[2174046458] 1.552757
[2174051166] 1.552760
[2174060542] 1.552781
[2174069877] 1.552785
[2174074170] 1.552788
[2174082813] 1.552794
[2174091552] 1.552788
[2174097498] 1.552775
[2174105529] 1.552582
[2174115444] 1.551725
[2174120438] 1.551012
[2174130166] 1.549110
[2174135984] 1.548213
[2174144240] 1.546881
[2174151812] 1.546468
[2174163546] 1.546208
[2174169470] 1.546578
[2174174308] 1.546667
[2174182991] 1.546667
[2174194016] 1.546263
[2174198169] 1.545773
[2174206066] 1.544138
[2174214440] 1.543143
[2174222844] 1.541474
[2174228451] 1.540847
[2174237885] 1.540192
[2174243981] 1.540072
[2174253535] 1.539576
[2174261584] 1.538397
[2174267153] 1.537534
[2174274761] 1.535847
[2174283555] 1.534867
[2174289744] 1.534028
[2174297606] 1.532617
[2174305919] 1.530881
[2174317590] 1.529111
[2174322132] 1.528125
[2174328142] 1.527243
[2174337839] 1.526493
[2174344425] 1.523894
[2174351217] 1.522966
[2174361183] 1.521454
[2174367451] 1.520550
[2174374011] 1.520550
[2174382614] 1.518263
[2174390752] 1.516745
[2174397403] 1.515967
[2174404844] 1.514715
[2174415335] 1.513754
[2174420684] 1.513058
[2174430061] 1.511335
[2174435690] 1.510187
[2174443345] 1.509204
[2174451144] 1.507587
[2174463222] 1.506424
[2174468720] 1.505732
[2174474691] 1.503791
[2174483465] 1.502851
[2174494354] 1.501099
[2174498430] 1.501099
[2174505420] 1.498818
[2174514575] 1.496145
[2174522566] 1.494896
[2174528277] 1.493794
[2174538479] 1.492113
[2174544120] 1.491351
[2174553629] 1.489250
[2174560061] 1.487413
[2174567550] 1.486681
[2174574258] 1.485625
[2174584400] 1.484982
[2174591150] 1.483292
[2174597298] 1.482291
[2174604884] 1.480295
[2174612676] 1.479548
[2174620125] 1.478905
[2174628480] 1.477444
[2174637715] 1.475834
[2174644595] 1.474095
[2174651062] 1.473338
[2174661465] 1.471985
[2174667149] 1.471085
[2174675023] 1.469263
[2174682389] 1.468189
[2174691644] 1.467273
[2174697380] 1.466018
[2174705118] 1.464502
[2174714418] 1.463749
[2174720516] 1.461894
[2174730666] 1.460277
[2174736361] 1.459554
[2174743937] 1.458758
[2174751921] 1.457209
[2174764187] 1.454925
[2174768943] 1.453753
[2174774792] 1.451796
[2174784133] 1.451009
[2174793559] 1.449341
[2174797812] 1.448407
[2174805782] 1.446288
[2174814250] 1.445406
[2174822177] 1.443976
[2174827723] 1.443339
[2174838501] 1.441484
[2174844978] 1.439727
[2174853188] 1.439154
[2174861195] 1.438110
[2174868509] 1.437403
[2174875007] 1.435679
[2174883384] 1.434761
[2174891315] 1.433125
[2174897509] 1.432495
[2174904846] 1.431285
[2174913452] 1.430502
[2174920268] 1.428150
[2174927917] 1.426922
[2174941239] 1.424831
[2174945591] 1.423212
[2174951254] 1.422357
[2174961835] 1.420787
[2174967109] 1.420202
[2174975407] 1.418806
[2174983150] 1.417985
[2174990939] 1.416316
[2174997149] 1.415475
[2175004950] 1.413898
[2175015037] 1.413022
[2175021028] 1.412547
[2175030584] 1.410833
[2175038579] 1.409942
[2175044138] 1.409235
[2175051090] 1.407637
[2175060903] 1.406262
[2175066378] 1.405573
[2175074173] 1.403956
[2175082927] 1.403221
[2175093740] 1.401755
[2175098047] 1.401051
[2175106137] 1.398981
[2175114331] 1.398127
[2175122297] 1.396069
[2175127903] 1.395145
[2175137536] 1.393482
[2175144103] 1.392937
[2175154135] 1.391869
[2175159970] 1.390368
[2175167665] 1.389183
[2175175327] 1.386930
[2175183199] 1.385920
[2175189519] 1.384425
[2175197115] 1.383883
[2175204792] 1.382083
[2175216520] 1.380017
[2175220999] 1.379272
[2175227961] 1.378636
[2175241090] 1.377616
[2175245414] 1.376508
[2175251069] 1.375706
[2175261584] 1.374117
[2175267317] 1.373238
[2175275058] 1.371636
[2175285884] 1.369848
[2175291407] 1.369848
[2175297334] 1.368465
[2175304918] 1.367029
[2175315229] 1.365568
[2175321402] 1.364953
[2175330182] 1.363967
[2175337867] 1.363281
[2175344872] 1.361652
[2175351253] 1.360755
[2175361034] 1.358973
[2175366734] 1.358364
[2175374502] 1.357277
[2175383443] 1.356582
[2175393583] 1.354322
[2175397702] 1.353043
[2175405407] 1.350832
[2175413585] 1.350832
[2175422560] 1.348324
[2175428301] 1.347525
[2175437504] 1.346270
[2175444067] 1.345734
[2175453907] 1.344840
[2175461117] 1.343459
[2175467201] 1.342302
[2175474911] 1.340303
[2175482819] 1.339427
[2175490424] 1.338037
[2175498252] 1.337409
[2175504857] 1.335389
[2175514537] 1.334195
[2175521277] 1.332177
[2175527984] 1.331463
[2175540813] 1.329648
[2175545922] 1.328742
[2175551609] 1.327486
[2175562180] 1.324752
[2175567205] 1.324752
[2175574962] 1.322505
[2175584171] 1.322088
[2175591385] 1.320729
[2175597164] 1.319899
[2175605100] 1.318240
[2175615059] 1.316733
[2175620346] 1.316167
[2175629916] 1.314734
[2175638698] 1.314039
[2175644049] 1.313375
[2175652313] 1.311850
[2175660637] 1.310301
[2175666480] 1.309520
[2175674111] 1.308650
[2175683148] 1.307334
[2175693785] 1.306299
[2175697843] 1.305625
[2175711005] 1.303004
[2175716145] 1.302199
[2175722732] 1.302199
[2175728247] 1.301002
[2175737599] 1.299633
[2175744327] 1.298087
[2175754180] 1.297420
[2175761314] 1.296452
[2175767081] 1.295825
[2175774716] 1.294254
[2175784305] 1.292656
[2175789901] 1.291847
[2175797527] 1.291232
[2175805102] 1.290099
[2175815184] 1.288480
[2175821848] 1.287610
[2175827956] 1.286780
[2175842213] 1.284705
[2175846504] 1.284205
[2175851009] 1.283642
[2175861821] 1.281973
[2175867405] 1.281973
[2175875126] 1.279711
[2175882641] 1.279141
[2175890684] 1.278189
[2175897401] 1.277754
[2175905038] 1.276318
[2175915142] 1.274099
[2175921461] 1.273085
[2175929554] 1.272222
[2175935639] 1.270979
[2175944190] 1.270179
[2175951492] 1.268716
[2175960879] 1.267075
[2175966401] 1.266328
[2175974343] 1.265786
[2175982846] 1.264583
[2175993513] 1.262874
[2175997757] 1.262124
[2176004800] 1.260841
[2176015101] 1.259993
[2176022362] 1.259433
[2176028199] 1.258784
[2176038338] 1.256729
[2176045150] 1.255137
[2176052510] 1.254479
[2176060120] 1.253521
[2176067731] 1.252945
[2176074310] 1.251374
[2176084381] 1.250468
[2176092406] 1.248717
[2176098480] 1.248107
[2176105298] 1.247042
[2176113063] 1.246301
[2176121341] 1.244681
[2176129083] 1.243842
[2176137526] 1.242269
[2176144844] 1.241375
[2176151098] 1.240848
[2176160388] 1.239363
[2176167855] 1.238138
[2176174112] 1.238138
[2176183790] 1.234973
[2176191202] 1.233647
[2176197053] 1.233240
[2176204920] 1.232796
[2176215686] 1.232998
[2176220779] 1.233047
[2176231101] 1.232897
[2176236555] 1.232563
[2176244240] 1.232070
[2176251883] 1.230453
[2176265337] 1.228595
[2176269811] 1.228081
[2176274257] 1.228081
[2176282940] 1.227135
[2176293586] 1.225426
[2176297693] 1.224560
[2176305412] 1.223136
[2176314805] 1.223136
[2176322496] 1.221051
[2176328497] 1.220313
[2176337384] 1.218179
[2176344180] 1.217098
[2176352697] 1.215485
[2176360148] 1.214141
[2176368168] 1.213433
[2176374406] 1.212202
[2176384921] 1.211079
[2176389625] 1.210384
[2176396952] 1.209640
[2176404746] 1.207898
[2176415333] 1.205745
[2176421866] 1.204747
[2176427865] 1.203902
[2176440742] 1.201933
[2176445303] 1.201101
[2176451690] 1.200164
[2176461856] 1.199260
[2176467366] 1.197613
[2176475086] 1.195856
[2176484147] 1.195286
[2176491831] 1.193951
[2176499471] 1.193284
[2176505637] 1.192108
[2176514382] 1.190688
[2176521290] 1.190005
[2176529467] 1.189383
[2176537178] 1.187583
[2176545517] 1.185850
[2176551298] 1.185213
[2176560904] 1.184154
[2176566510] 1.183373
[2176574274] 1.182519
[2176583119] 1.180666
[2176593609] 1.179430
[2176598065] 1.178967
[2176606545] 1.177617
[2176614795] 1.176331
[2176622823] 1.175710
[2176629188] 1.175198
[2176637510] 1.174050
[2176643860] 1.173340
[2176653330] 1.171656
[2176659235] 1.170988
[2176667943] 1.169972
[2176674376] 1.168995
[2176684623] 1.168263
[2176691317] 1.166628
[2176697504] 1.165587
[2176704979] 1.164014
[2176713329] 1.163493
[2176720725] 1.162547
[2176728281] 1.161919
[2176741394] 1.158729
[2176746027] 1.157679
[2176751885] 1.156803
[2176761625] 1.155315
[2176767138] 1.154121
[2176775075] 1.151990
[2176782693] 1.150897
[2176791116] 1.149207
[2176797199] 1.148687
[2176805228] 1.147156
[2176814384] 1.145977
[2176820618] 1.143714
[2176830061] 1.142085
[2176840088] 1.141142
[2176844689] 1.140625
[2176851223] 1.139890
[2176860734] 1.138124
[2176866364] 1.137398
[2176874073] 1.136844
[2176882728] 1.135806
[2176893679] 1.134385
[2176897918] 1.133571
[2176906571] 1.131905
[2176914613] 1.130889
[2176922795] 1.130402
[2176928383] 1.129698
[2176937351] 1.128268
[2176944268] 1.127576
[2176952823] 1.126250
[2176961881] 1.125276
[2176966909] 1.124707
[2176974598] 1.123188
[2176982720] 1.122196
[2176990810] 1.119934
[2176997232] 1.118994
[2177004973] 1.117702
[2177012527] 1.117273
[2177020402] 1.116125
[2177027924] 1.115258
[2177038016] 1.113290
[2177045870] 1.111927
[2177051866] 1.111529
[2177062366] 1.110390
[2177067141] 1.109793
[2177075111] 1.108351
[2177084104] 1.107644
[2177090541] 1.106404
[2177097270] 1.105788
[2177105079] 1.104224
[2177114848] 1.102935
[2177120840] 1.102329
[2177129589] 1.101827
[2177137622] 1.100287
[2177143830] 1.099114
[2177151536] 1.096842
[2177161201] 1.095195
[2177167092] 1.094690
[2177174958] 1.093814
[2177184519] 1.093049
[2177194068] 1.091401
[2177198198] 1.090636
[2177205178] 1.089626
[2177214272] 1.089237
[2177222407] 1.088670
[2177228032] 1.088324
[2177237500] 1.086974
[2177244342] 1.085682
[2177253726] 1.085076
[2177262233] 1.083891
[2177267420] 1.082929
[2177275164] 1.081062
[2177283643] 1.080296
[2177291483] 1.079255
[2177297804] 1.078756
[2177305525] 1.077033
[2177312922] 1.075967
[2177320977] 1.074222
[2177328770] 1.073649
[2177337587] 1.072755
[2177344706] 1.071350
[2177351260] 1.070199
[2177362084] 1.067933
[2177367312] 1.067113
[2177374914] 1.065860
[2177387294] 1.064832
[2177391996] 1.063968
[2177400454] 1.062189
[2177405299] 1.061461
[2177413991] 1.061461
[2177420592] 1.059483
[2177429618] 1.059483
[2177435681] 1.057535
[2177443412] 1.056990
[2177451528] 1.056452
[2177464473] 1.055839
[2177469398] 1.054685
[2177474273] 1.054685
[2177482979] 1.053231
[2177493392] 1.051752
[2177497588] 1.050861
[2177505424] 1.048862
[2177514327] 1.047328
[2177522389] 1.046859
[2177527886] 1.046516
[2177539530] 1.045313
[2177544322] 1.043641
[2177553752] 1.042882
[2177562881] 1.041838
[2177567572] 1.041063
[2177574382] 1.039245
[2177584882] 1.037824
[2177591409] 1.037380
[2177597387] 1.036961
[2177604900] 1.035623
[2177612726] 1.034833
[2177620531] 1.033219
[2177628063] 1.032692
[2177638035] 1.031771
[2177645163] 1.030415
[2177651090] 1.029312
[2177663899] 1.028075
[2177670875] 1.025672
[2177675077] 1.025240
[2177684998] 1.024493
[2177691549] 1.023768
[2177697399] 1.022956
[2177705502] 1.021609
[2177715115] 1.020308
[2177720918] 1.019888
[2177730010] 1.018651
[2177738665] 1.018008
[2177744090] 1.017430
[2177752139] 1.016805
[2177760455] 1.014855
[2177766657] 1.014276
[2177774456] 1.013214
[2177783322] 1.012742
[2177794048] 1.011836
[2177798481] 1.011205
[2177805621] 1.009362
[2177814516] 1.008410
[2177822947] 1.007118
[2177828583] 1.006732
[2177837460] 1.006113
[2177843728] 1.005645
[2177853431] 1.003946
[2177864325] 1.001971
[2177868549] 1.001270
[2177874404] 1.000284
[2177884240] 1.000112
[2177890173] 1.000232
[2177897728] 1.000198
[2177905526] 0.999782
[2177917266] 0.998683
[2177921403] 0.997936
[2177927807] 0.997329
[2177940466] 0.996640
[2177944634] 0.996625
[2177951378] 0.996595
[2177961333] 0.996512
[2177967123] 0.996454
[2177974793] 0.996414
[2177984075] 0.996417
[2177991675] 0.996417
[2177997353] 0.996417
[2178004892] 0.996417
[2178015282] 0.996405
[2178020306] 0.996389
[2178032663] 0.996377
[2178079385] 0.996380
[2178083927] 0.996380
[2178136203] 0.996374
[2178141131] 0.996374
[2178151066] 0.996371
[2178156873] 0.996371
[2178163577] 0.996371
[2178171192] 0.996371
[2178180998] 0.996374
[2178186794] 0.996374
[2178194353] 0.996374
[2178201972] 0.996371
[2178211508] 0.996371
[2178217355] 0.996371
[2178225007] 0.996371
[2178232685] 0.996371
[2178242236] 0.996371
[2178248140] 0.996371
[2178255947] 0.996371
[2178263468] 0.996371
[2178272773] 0.996371
[2178278929] 0.996371
[2178286494] 0.996371
[2178294228] 0.996371
[2178303436] 0.996371
[2178309859] 0.996371
[2178317414] 0.996371
[2178324980] 0.996371
[2178332768] 0.996371
[2178340534] 0.996368
[2178348154] 0.996368
[2178355839] 0.996368
[2178408975] 0.996371
[2178413779] 0.996368
[2178428997] 0.996368
[2178485195] 0.996368
[2178490915] 0.993196
[2178497203] 0.992758
[2178505581] 0.992452
[2178513233] 0.992547
[2178520102] 0.992532
[2178528251] 0.992510
[2178543505] 0.992498
[2178547719] 0.992501
[2178552338] 0.992507
[2178560565] 0.992507
[2178569964] 0.992507
[2178574043] 0.992507
[2178583102] 0.992504
[2178591621] 0.992504
[2178597295] 0.992507
[2178606199] 0.992510
[2178615228] 0.992513
[2178621195] 0.992513
[2178631200] 0.992510
[2178638250] 0.992510
[2178644310] 0.992507
[2178651062] 0.992504
[2178660987] 0.992504
[2178666746] 0.992504
[2178674279] 0.992507
[2178683961] 0.992510
[2178693751] 0.992510
[2178697935] 0.992510
[2178706162] 0.992510
[2178714930] 0.992510
[2178722362] 0.992510
[2178727955] 0.992501
[2178737933] 0.992029
[2178744056] 0.991509
[2178754123] 0.990064
[2178761178] 0.989148
[2178768418] 0.989001
[2178774173] 0.988949
[2178784421] 0.988891
[2178792552] 0.988812
[2178797179] 0.988790
[2178804945] 0.988796
[2178812960] 0.988796
[2178820732] 0.988796
[2178827998] 0.988796
[2178838074] 0.988793
[2178844616] 0.988787
[2178851083] 0.988781
[2178860307] 0.988781
[2178870275] 0.988781
[2178880030] 0.988787
[2178886586] 0.988760
[2178891961] 0.988573
[2178899566] 0.988199
[2178905327] 0.986855
[2178913720] 0.986182
[2178920379] 0.985361
[2178929772] 0.985223
[2178935601] 0.985144
[2178943426] 0.985110
[2178950980] 0.985033
[2178963582] 0.985027
[2178968528] 0.985027
[2178974841] 0.985027
[2178982805] 0.985027
[2178993750] 0.984785
[2178998151] 0.984400
[2179004788] 0.983135
[2179015506] 0.981825
[2179023230] 0.981445
[2179027891] 0.981277
[2179037790] 0.981365
[2179044512] 0.981344
[2179053594] 0.981277
[2179061411] 0.980710
[2179067967] 0.980156
[2179074208] 0.979452
[2179083730] 0.978221
[2179089673] 0.977857
[2179097126] 0.977673
[2179104919] 0.977250
[2179115181] 0.976032
[2179120323] 0.975367
[2179128100] 0.974767
[2179137556] 0.973907
[2179144809] 0.973289
[2179150921] 0.972691
[2179159833] 0.971384
[2179167012] 0.970683
[2179174508] 0.970095
[2179182408] 0.968772
[2179190821] 0.968139
[2179197146] 0.967113
[2179204717] 0.966121
[2179214787] 0.965600
[2179220762] 0.964213
[2179229882] 0.963087
[2179236200] 0.962563
[2179243741] 0.962037
[2179251852] 0.960598
[2179264291] 0.958482
[2179269145] 0.957468
[2179274998] 0.955974
[2179282205] 0.955457
[2179292633] 0.954171
[2179297180] 0.953295
[2179304713] 0.951722
[2179314107] 0.951722
[2179322461] 0.950136
[2179327974] 0.949603
[2179337197] 0.947852
[2179343450] 0.946820
[2179352854] 0.945203
[2179360067] 0.944058
[2179367397] 0.943097
[2179374738] 0.942105
[2179384194] 0.940748
[2179389882] 0.939658
[2179397531] 0.939208
[2179404999] 0.937965
[2179415145] 0.936811
[2179421210] 0.936208
[2179428735] 0.935663
[2179437321] 0.934257
[2179444125] 0.933302
[2179451032] 0.931232
[2179459994] 0.929744
[2179467158] 0.929273
[2179474577] 0.928967
[2179482873] 0.927898
[2179490851] 0.926389
[2179497108] 0.925678
[2179505136] 0.924527
[2179514837] 0.923930
[2179520864] 0.922568
[2179529963] 0.921885
[2179536919] 0.920850
[2179544629] 0.920455
[2179551063] 0.919031
[2179563200] 0.917280
[2179568441] 0.916677
[2179574481] 0.916147
[2179582804] 0.915556
[2179592975] 0.914304
[2179596968] 0.913428
[2179604849] 0.912005
[2179614282] 0.911536
[2179622103] 0.910446
[2179627812] 0.909635
[2179637798] 0.908337
[2179644280] 0.907798
[2179653752] 0.906876
[2179660673] 0.905615
[2179667774] 0.904601
[2179674100] 0.903616
[2179683451] 0.902112
[2179689440] 0.901665
[2179697360] 0.900477
[2179704857] 0.898879
[2179714930] 0.897694
[2179720800] 0.897354
[2179728301] 0.896993
[2179737636] 0.895621
[2179744538] 0.894706
[2179751024] 0.893184
[2179759972] 0.892425
[2179767160] 0.892039
[2179774563] 0.891558
[2179782930] 0.889881
[2179790610] 0.887456
[2179799669] 0.886399
[2179805401] 0.884884
[2179815050] 0.884458
[2179820759] 0.883169
[2179830261] 0.882327
[2179836304] 0.880919
[2179843630] 0.880919
[2179851348] 0.879367
[2179863387] 0.878448
[2179868221] 0.878096
[2179874207] 0.877716
[2179882431] 0.877018
[2179892624] 0.875769
[2179897152] 0.875071
[2179904689] 0.874477
[2179914250] 0.874033
[2179922104] 0.872364
[2179927971] 0.871700
[2179937525] 0.870855
[2179943957] 0.870757
[2179953555] 0.870540
[2179960402] 0.869704
[2179967446] 0.868840
[2179975224] 0.867067
[2179982965] 0.866403
[2179989514] 0.865929
[2179997080] 0.865405
[2180004996] 0.864300
[2180015388] 0.862815
[2180020300] 0.862251
[2180027892] 0.861829
[2180036569] 0.860751
[2180045181] 0.858951
[2180051096] 0.857757
[2180059619] 0.856557
[2180067060] 0.855105
[2180074324] 0.854689
[2180082612] 0.853535
[2180091787] 0.852141
[2180097424] 0.851502
[2180104984] 0.850592
[2180114680] 0.849909
[2180120452] 0.848106
[2180129392] 0.847316
[2180135627] 0.846349
[2180143392] 0.846168
[2180151116] 0.845271
[2180163108] 0.843908
[2180168182] 0.843336
[2180173996] 0.842867
[2180182347] 0.842102
[2180192596] 0.840736
[2180196985] 0.839787
[2180204836] 0.838214
[2180214056] 0.837711
[2180222082] 0.836723
[2180227986] 0.835936
[2180237461] 0.835152
[2180244315] 0.834243
[2180252699] 0.833575
[2180259942] 0.832500
[2180267135] 0.831720
[2180274673] 0.831022
[2180283758] 0.830063
[2180289668] 0.829595
[2180297025] 0.828303
[2180304807] 0.826821
[2180314740] 0.826251
[2180320679] 0.825734
[2180328277] 0.825688
[2180337161] 0.825266
[2180344214] 0.824840
[2180351093] 0.823266
[2180359875] 0.822495
[2180367397] 0.821650
[2180374574] 0.821506
[2180382537] 0.821347
[2180390512] 0.820495
[2180397098] 0.819846
[2180404645] 0.818634
[2180413938] 0.818193
[2180420153] 0.817299
[2180429795] 0.816717
[2180435534] 0.815413
[2180443336] 0.814975
[2180450996] 0.814243
[2180463111] 0.813101
[2180467974] 0.812103
[2180474153] 0.811025
[2180483170] 0.810128
[2180493869] 0.808784
[2180497993] 0.808490
[2180505476] 0.807373
[2180514970] 0.806638
[2180522623] 0.805432
[2180528335] 0.805006
[2180537049] 0.803567
[2180544192] 0.803567
[2180553749] 0.801653
[2180561086] 0.801246
[2180567620] 0.801069
[2180574148] 0.800903
[2180583340] 0.800750
[2180589623] 0.800548
[2180597110] 0.799617
[2180604721] 0.798500
[2180614780] 0.798059
[2180620637] 0.797572
[2180628452] 0.797532
[2180637463] 0.796911
[2180644452] 0.796372
[2180651029] 0.794844
[2180659476] 0.794213
[2180667372] 0.793543
[2180674699] 0.793341
[2180682603] 0.792324
[2180690551] 0.790950
[2180697071] 0.790346
[2180704721] 0.789547
[2180714083] 0.789048
[2180720363] 0.787989
[2180729752] 0.787331
[2180735539] 0.786039
[2180743270] 0.785640
[2180750984] 0.784979
[2180762989] 0.783770
[2180768245] 0.782857
[2180774310] 0.781731
[2180782209] 0.779823
[2180793951] 0.778651
[2180797932] 0.778353
[2180806363] 0.777824
[2180813860] 0.777162
[2180822087] 0.775757
[2180827976] 0.774839
[2180837347] 0.773387
[2180844039] 0.772959
[2180853311] 0.771740
[2180860176] 0.770320
[2180867091] 0.769820
[2180873883] 0.769542
[2180882972] 0.769181
[2180889588] 0.768792
[2180897125] 0.767371
[2180904735] 0.766088
[2180916434] 0.765727
[2180920641] 0.765626
[2180928233] 0.765338
[2180937915] 0.764141
[2180944638] 0.763562
[2180950969] 0.762913
[2180959774] 0.762677
[2180967116] 0.762276
[2180974393] 0.761753
[2180982104] 0.760219
[2180991411] 0.758957
[2180997302] 0.758957
[2181004747] 0.758480
[2181014215] 0.758238
[2181020259] 0.757108
[2181029361] 0.756330
[2181035701] 0.755152
[2181043216] 0.754790
[2181051118] 0.753826
[2181062962] 0.752381
[2181067849] 0.751670
[2181074208] 0.751153
[2181082070] 0.750538
[2181092489] 0.749512
[2181097150] 0.748777
[2181104754] 0.748070
[2181114221] 0.747262
[2181121907] 0.746649
[2181127872] 0.746141
[2181137269] 0.744843
[2181143618] 0.744383
[2181153077] 0.743695
[2181159816] 0.743321
[2181167417] 0.741858
[2181174638] 0.741858
[2181183585] 0.739457
[2181189464] 0.739004
[2181197032] 0.738480
[2181204861] 0.737412
[2181215155] 0.736313
[2181220344] 0.735924
[2181228240] 0.735618
[2181237593] 0.734669
[2181244661] 0.733995
[2181251056] 0.732195
[2181260227] 0.730924
[2181267125] 0.730584
[2181275105] 0.730177
[2181282185] 0.729687
[2181290322] 0.729032
[2181297379] 0.727673
[2181304740] 0.726941
[2181314285] 0.726785
[2181320159] 0.725897
[2181329431] 0.725327
[2181335638] 0.724277
[2181343297] 0.723821
[2181351238] 0.722908
[2181362717] 0.721736
[2181367571] 0.721160
[2181374276] 0.720759
[2181381914] 0.720073
[2181393619] 0.718989
[2181397706] 0.718337
[2181405077] 0.717315
[2181414140] 0.716953
[2181422043] 0.716053
[2181428048] 0.715465
[2181437159] 0.714192
[2181444450] 0.713748
[2181453853] 0.713157
[2181461065] 0.712217
[2181467813] 0.711350
[2181473969] 0.710407
[2181483153] 0.708760
[2181489497] 0.708760
[2181497187] 0.707805
[2181504845] 0.706654
[2181515465] 0.705622
[2181520330] 0.705248
[2181528110] 0.704872
[2181537519] 0.703711
[2181544691] 0.702820
[2181550948] 0.701289
[2181559795] 0.700503
[2181567234] 0.700392
[2181575602] 0.699768
[2181582221] 0.699097
[2181591816] 0.697612
[2181597568] 0.697612
[2181605022] 0.696486
[2181614328] 0.696274
[2181620097] 0.695304
[2181629869] 0.694006
[2181635659] 0.693528
[2181643208] 0.693130
[2181650980] 0.692071
[2181662569] 0.690191
[2181667139] 0.689413
[2181674874] 0.688228
[2181683178] 0.687934
[2181693344] 0.687037
[2181697524] 0.686397
[2181704927] 0.684958
[2181714886] 0.684428
[2181722620] 0.683942
[2181728399] 0.683730
[2181737898] 0.682628
[2181744338] 0.681973
[2181753723] 0.680531
[2181759767] 0.680032
[2181767259] 0.679539
[2181774926] 0.678786
[2181783159] 0.678042
[2181790397] 0.677169
[2181797176] 0.676003
[2181804759] 0.675681
[2181814300] 0.675464
[2181820219] 0.674570
[2181827905] 0.673865
[2181837361] 0.672803
[2181844523] 0.672509
[2181851775] 0.671682
[2181860981] 0.670406
[2181867225] 0.669750
[2181875215] 0.669003
[2181882988] 0.668804
[2181890537] 0.668008
[2181899763] 0.667463
[2181905623] 0.666131
[2181913824] 0.665479
[2181920538] 0.664708
[2181929749] 0.664594
[2181935499] 0.663970
[2181943631] 0.663370
[2181951651] 0.661817
[2181963636] 0.660835
[2181968462] 0.660709
[2181974413] 0.660679
[2181982830] 0.660118
[2181992918] 0.658884
[2181996973] 0.658884
[2182005183] 0.657902
[2182014739] 0.657810
[2182022136] 0.657206
[2182027904] 0.656913
[2182037123] 0.656658
[2182044128] 0.656410
[2182053384] 0.655495
[2182060586] 0.654586
[2182067794] 0.654163
[2182074174] 0.653915
[2182083530] 0.653462
[2182089559] 0.653462
[2182097287] 0.651864
[2182104821] 0.650792
[2182116531] 0.650391
[2182121028] 0.650363
[2182128554] 0.650296
[2182137297] 0.649506
[2182144549] 0.648943
[2182151078] 0.647831
[2182160632] 0.647412
[2182167515] 0.647146
[2182174970] 0.646123
[2182182801] 0.645217
[2182190450] 0.644261
[2182197174] 0.643009
[2182204696] 0.642458
[2182214098] 0.642375
[2182221087] 0.641677
[2182229923] 0.641142
[2182235881] 0.640128
[2182243354] 0.639724
[2182251143] 0.638839
[2182262442] 0.637789
[2182267410] 0.637265
[2182274363] 0.636910
[2182282412] 0.636359
[2182292445] 0.635336
[2182297102] 0.634703
[2182304905] 0.633793
[2182314030] 0.633518
[2182322020] 0.632713
[2182327905] 0.632131
[2182336848] 0.630863
[2182344189] 0.630422
[2182353623] 0.629985
[2182359641] 0.629636
[2182367528] 0.628230
[2182374349] 0.627342
[2182383142] 0.625870
[2182389545] 0.625870
[2182397389] 0.624865
[2182404823] 0.624329
[2182414953] 0.623552
[2182420771] 0.623233
[2182428239] 0.622832
[2182437620] 0.621651
[2182444523] 0.621124
[2182450973] 0.620603
[2182459783] 0.620554
[2182467182] 0.620306
[2182474791] 0.619948
[2182482710] 0.618549
[2182490364] 0.617839
[2182499799] 0.617116
[2182504553] 0.617036
[2182514149] 0.616923
[2182520279] 0.616158
[2182529417] 0.615555
[2182536648] 0.614572
[2182543814] 0.614250
[2182551300] 0.613439
[2182563045] 0.612303
[2182568150] 0.611779
[2182574105] 0.611415
[2182582277] 0.611020
[2182592618] 0.610050
[2182597215] 0.609379
[2182604746] 0.608764
[2182614210] 0.608164
[2182621876] 0.607971
[2182627867] 0.607677
[2182636486] 0.606437
[2182643711] 0.605794
[2182653162] 0.605050
[2182660085] 0.604744
[2182667503] 0.604349
[2182674866] 0.602922
[2182682499] 0.602248
[2182689415] 0.601761
[2182697365] 0.601391
[2182704698] 0.601091
[2182716638] 0.599664
[2182720854] 0.599061
[2182728569] 0.598562
[2182736910] 0.598051
[2182743983] 0.597781
[2182751489] 0.596706
[2182760425] 0.595984
[2182767116] 0.595840
[2182774271] 0.595791
[2182781912] 0.595243
[2182791323] 0.594245
[2182797338] 0.593807
[2182804795] 0.593577
[2182813851] 0.593216
[2182820235] 0.592322
[2182829799] 0.591863
[2182835577] 0.591309
[2182843177] 0.591257
[2182850876] 0.590996
[2182863071] 0.589971
[2182867987] 0.589208
[2182873976] 0.588519
[2182882096] 0.588033
[2182893053] 0.587148
[2182897081] 0.586863
[2182904906] 0.585776
[2182914287] 0.585213
[2182922120] 0.584530
[2182927913] 0.584401
[2182936849] 0.583709
[2182944070] 0.583324
[2182953391] 0.582573
[2182960547] 0.582283
[2182967438] 0.582068
[2182974948] 0.581695
[2182983081] 0.580308
[2182990549] 0.579558
[2182997261] 0.578633
[2183004755] 0.578489
[2183014166] 0.578382
[2183020557] 0.577607
[2183027801] 0.576986
[2183036652] 0.576070
[2183045769] 0.575522
[2183051371] 0.575048
[2183060071] 0.574389
[2183067534] 0.573440
[2183075336] 0.572966
[2183081968] 0.572803
[2183091442] 0.571879
[2183097253] 0.571328
[2183105126] 0.570669
[2183114532] 0.570599
[2183120526] 0.570443
[2183129953] 0.570121
[2183135755] 0.568814
[2183143264] 0.568226
[2183150916] 0.567638
[2183162927] 0.567504
[2183168213] 0.567164
[2183174038] 0.566622
[2183182157] 0.565921
[2183193541] 0.564953
[2183197653] 0.564922
[2183205152] 0.564537
[2183214329] 0.564105
[2183222141] 0.563171
[2183227935] 0.562816
[2183237169] 0.562093
[2183243781] 0.562093
[2183253286] 0.561521
[2183260171] 0.560881
[2183267358] 0.560373
[2183274821] 0.559990
[2183282489] 0.558977
[2183290310] 0.558184
[2183298005] 0.558184
[2183305603] 0.557672
[2183315576] 0.556631
[2183320199] 0.555844
[2183327852] 0.555131
[2183337230] 0.554265
[2183343962] 0.554032
[2183352142] 0.553104
[2183359783] 0.552409
[2183367108] 0.551292
[2183374481] 0.550995
[2183382195] 0.550832
[2183390442] 0.550101
[2183397417] 0.549271
[2183404824] 0.547697
[2183414787] 0.547085
[2183420502] 0.546479
[2183430122] 0.546411
[2183435993] 0.545891
[2183443259] 0.545410
[2183451104] 0.544418
[2183462860] 0.543766
[2183467944] 0.543389
[2183474061] 0.542878
[2183482056] 0.542403
[2183493604] 0.541335
[2183497851] 0.541065
[2183505312] 0.540306
[2183514734] 0.539939
[2183522167] 0.539336
[2183528052] 0.539069
[2183537120] 0.538010
[2183544341] 0.538010
[2183553562] 0.536467
[2183561286] 0.536234
[2183567458] 0.536213
[2183574019] 0.536185
[2183583354] 0.536096
[2183589632] 0.535906
[2183597199] 0.535040
[2183604778] 0.534590
[2183617526] 0.533806
[2183621705] 0.533607
[2183627990] 0.533380
[2183636835] 0.532636
[2183645483] 0.531678
[2183651012] 0.531384
[2183659705] 0.531305
[2183667444] 0.531268
[2183674845] 0.531268
[2183683112] 0.530202
[2183690703] 0.529406
[2183697109] 0.529327
[2183704827] 0.529336
[2183714163] 0.529180
[2183720307] 0.528362
[2183729633] 0.527805
[2183735596] 0.527269
[2183743253] 0.527134
[2183751036] 0.526510
[2183762987] 0.525285
[2183767905] 0.524710
[2183774090] 0.524312
[2183782216] 0.524070
[2183793713] 0.523604
[2183797892] 0.522998
[2183805124] 0.521853
[2183814724] 0.521498
[2183822240] 0.521357
[2183827915] 0.521323
[2183837221] 0.520604
[2183843378] 0.520089
[2183852854] 0.519431
[2183859595] 0.519367
[2183867443] 0.518856
[2183874629] 0.518222
[2183884041] 0.516859
[2183889898] 0.516394
[2183897442] 0.516115
[2183905082] 0.515962
[2183914833] 0.515573
[2183920746] 0.514327
[2183929050] 0.513510
[2183936433] 0.512313
[2183945352] 0.511792
[2183951093] 0.511348
[2183959609] 0.510818
[2183967418] 0.509998
[2183974614] 0.509673
[2183982493] 0.509119
[2183991786] 0.508305
[2183997493] 0.507904
[2184005003] 0.507585
[2184014331] 0.507337
[2184020351] 0.506489
[2184029915] 0.505880
[2184035596] 0.505396
[2184043499] 0.505099
[2184051074] 0.505041
[2184062424] 0.504444
[2184067156] 0.503798
[2184074068] 0.503222
[2184082019] 0.502515
[2184093527] 0.502028
[2184097641] 0.501547
[2184105229] 0.500387
[2184114907] 0.499995
[2184122992] 0.499750
[2184127898] 0.499707
[2184137352] 0.499003
[2184144129] 0.499003
[2184152766] 0.497172
[2184159893] 0.496636
[2184167019] 0.496159
[2184174638] 0.496110
[2184183953] 0.495666
[2184189720] 0.495259
[2184197343] 0.493789
[2184204870] 0.492687
[2184215285] 0.492350
[2184221320] 0.492127
[2184227940] 0.491643
[2184237745] 0.490354
[2184244730] 0.490354
[2184250870] 0.489699
[2184259968] 0.489699
[2184267399] 0.489377
[2184274094] 0.488979
[2184281990] 0.488201
[2184291113] 0.487837
[2184297423] 0.487200
[2184304728] 0.486836
[2184314562] 0.486061
[2184320262] 0.485844
[2184329706] 0.485691
[2184335823] 0.484885
[2184343206] 0.484506
[2184351005] 0.484129
[2184362726] 0.483988
[2184367981] 0.483318
[2184374109] 0.482813
[2184383193] 0.481842
[2184392892] 0.481564
[2184396999] 0.481469
[2184404947] 0.481236
[2184414371] 0.480076
[2184422200] 0.478483
[2184428076] 0.478483
[2184437063] 0.477672
[2184443834] 0.477629
[2184453551] 0.477234
[2184460449] 0.476294
[2184467415] 0.475804
[2184474860] 0.475495
[2184482629] 0.474975
[2184491055] 0.474488
[2184497289] 0.474200
[2184504718] 0.473928
[2184516585] 0.472877
[2184520785] 0.472345
[2184527659] 0.471891
[2184536678] 0.471533
[2184546086] 0.470930
[2184551582] 0.470468
[2184560727] 0.469485
[2184567581] 0.469041
[2184574268] 0.468769
[2184582130] 0.468603
[2184590283] 0.468101
[2184599847] 0.467516
[2184606060] 0.466895
[2184613722] 0.466264
[2184620143] 0.466243
[2184629714] 0.466218
[2184635843] 0.465541
[2184643176] 0.464966
[2184651280] 0.464133
[2184663431] 0.463723
[2184668328] 0.463242
[2184674297] 0.463242
[2184682463] 0.462094
[2184693775] 0.461932
[2184697978] 0.461763
[2184705649] 0.461650
[2184713637] 0.461604
[2184722166] 0.461059
[2184727915] 0.460575
[2184736878] 0.460092
[2184743978] 0.460027
[2184753467] 0.459945
[2184760304] 0.459243
[2184767279] 0.458750
[2184774715] 0.458420
[2184784349] 0.458190
[2184790024] 0.458049
[2184797315] 0.458049
[2184804808] 0.457305
[2184815027] 0.456552
[2184821016] 0.456378
[2184828667] 0.456301
[2184837826] 0.456059
[2184844516] 0.455716
[2184850924] 0.454841
[2184859882] 0.454495
[2184867146] 0.454201
[2184874206] 0.454213
[2184882297] 0.453959
[2184891623] 0.453487
[2184897227] 0.452679
[2184904708] 0.452465
[2184914412] 0.452462
[2184920298] 0.452281
[2184929417] 0.451914
[2184935690] 0.451056
[2184943148] 0.450814
[2184951151] 0.450775
[2184962801] 0.450251
[2184967796] 0.449801
[2184974150] 0.449357
[2184981933] 0.448693
[2184993489] 0.448460
[2184997638] 0.448191
[2185005235] 0.447336
[2185014913] 0.446966
[2185022937] 0.446504
[2185027742] 0.446451
[2185036985] 0.446335
[2185043745] 0.446075
[2185053466] 0.444945
[2185061231] 0.443975
[2185068301] 0.443803
[2185074104] 0.443766
[2185083532] 0.443726
[2185089518] 0.443494
[2185097283] 0.442456
[2185104855] 0.441602
[2185115096] 0.441415
[2185120871] 0.441295
[2185128450] 0.440983
[2185141147] 0.439186
[2185145351] 0.438815
[2185150985] 0.438659
[2185159999] 0.438711
[2185167359] 0.438675
[2185174504] 0.438518
[2185182887] 0.437765
[2185190512] 0.436926
[2185197227] 0.436838
[2185204998] 0.436740
[2185214509] 0.436571
[2185220217] 0.435790
[2185229577] 0.435448
[2185235591] 0.434988
[2185243272] 0.434814
[2185251078] 0.434465
[2185263013] 0.433800
[2185267638] 0.433411
[2185274303] 0.433127
[2185282090] 0.432419
[2185293633] 0.431887
[2185297718] 0.431666
[2185305030] 0.431385
[2185314331] 0.430785
[2185322127] 0.430099
[2185327860] 0.429780
[2185337238] 0.429639
[2185344106] 0.429483
[2185353342] 0.428739
[2185360297] 0.428188
[2185367547] 0.427986
[2185374890] 0.427888
[2185383047] 0.427738
[2185390320] 0.426976
[2185398006] 0.426608
[2185405486] 0.426302
[2185413103] 0.426299
[2185420444] 0.426020
[2185428459] 0.425647
[2185440413] 0.424658
[2185444892] 0.424275
[2185450917] 0.424061
[2185459794] 0.424055
[2185467118] 0.423795
[2185474485] 0.423436
[2185482607] 0.422444
[2185490340] 0.422114
[2185499973] 0.421951
[2185504690] 0.421912
[2185514231] 0.421434
[2185520337] 0.420439
[2185529784] 0.420019
[2185536870] 0.419738
[2185543918] 0.419738
[2185551460] 0.419184
[2185564146] 0.418381
[2185568997] 0.418124
[2185574751] 0.418045
[2185582698] 0.417983
[2185592453] 0.417362
[2185597085] 0.416854
[2185604741] 0.416333
[2185614137] 0.415739
[2185621933] 0.415647
[2185627892] 0.415393
[2185636581] 0.414468
[2185643469] 0.413887
[2185652690] 0.412705
[2185659653] 0.412301
[2185667204] 0.412068
[2185674437] 0.412041
[2185683447] 0.411566
[2185689356] 0.411018
[2185697010] 0.410020
[2185704768] 0.409756
[2185716754] 0.409625
[2185720693] 0.409328
[2185728456] 0.408911
[2185737719] 0.408223
[2185744586] 0.408091
[2185750825] 0.407607
[2185759518] 0.407436
[2185767241] 0.407013
[2185774677] 0.406817
[2185782317] 0.406376
[2185790735] 0.405746
[2185797214] 0.405341
[2185804914] 0.405078
[2185814848] 0.405103
[2185820672] 0.404867
[2185829873] 0.404463
[2185835603] 0.403648
[2185843163] 0.403462
[2185850972] 0.403507
[2185862155] 0.403305
[2185867481] 0.402929
[2185874842] 0.402479
[2185882756] 0.401900
[2185894142] 0.401869
[2185898357] 0.401869
[2185904818] 0.401459
[2185914148] 0.400623
[2185921996] 0.399864
[2185927970] 0.399726
[2185937334] 0.399720
[2185943464] 0.399644
[2185952695] 0.398988
[2185959761] 0.398581
[2185967266] 0.398149
[2185974769] 0.398134
[2185983841] 0.397987
[2185989710] 0.397681
[2185997290] 0.396591
[2186004734] 0.396092
[2186016417] 0.395173
[2186020498] 0.395170
[2186027951] 0.395143
[2186036570] 0.394521
[2186046080] 0.393566
[2186051554] 0.393140
[2186060257] 0.392929
[2186067031] 0.392840
[2186074684] 0.392592
[2186082328] 0.391487
[2186091695] 0.390630
[2186097485] 0.390483
[2186105088] 0.390679
[2186114787] 0.390688
[2186120446] 0.390360
[2186129589] 0.389922
[2186135534] 0.388924
[2186143234] 0.388578
[2186151150] 0.388425
[2186162260] 0.388177
[2186167836] 0.387706
[2186174012] 0.387127
[2186181873] 0.386356
[2186193548] 0.386279
[2186197765] 0.385890
[2186205171] 0.384877
[2186214608] 0.384304
[2186222433] 0.383661
[2186228246] 0.383609
[2186237383] 0.383150
[2186243741] 0.382740
[2186253121] 0.382035
[2186259824] 0.382035
[2186267266] 0.381445
[2186274907] 0.381037
[2186283385] 0.380434
[2186289696] 0.380345
[2186297226] 0.380235
[2186304791] 0.380006
[2186315544] 0.378294
[2186320111] 0.377810
[2186327926] 0.377810
[2186337041] 0.377519
[2186344492] 0.377470
[2186351941] 0.376883
[2186360708] 0.375961
[2186367406] 0.375719
[2186374753] 0.375652
[2186382523] 0.375052
[2186390805] 0.374176
[2186397142] 0.374001
[2186404779] 0.374001
[2186414763] 0.373637
[2186420472] 0.372584
[2186429650] 0.372094
[2186435577] 0.371742
[2186443113] 0.371736
[2186450908] 0.371442
[2186462139] 0.370490
[2186467820] 0.370089
[2186474019] 0.369874
[2186482242] 0.369736
[2186493241] 0.368940
[2186497514] 0.368294
[2186504901] 0.367728
[2186514743] 0.367171
[2186521768] 0.366846
[2186527982] 0.366488
[2186536687] 0.366016
[2186544260] 0.365719
[2186553549] 0.365138
[2186560388] 0.364391
[2186567105] 0.364391
[2186574620] 0.364204
[2186584081] 0.363919
[2186589863] 0.363484
[2186597123] 0.362128
[2186605267] 0.361277
[2186615145] 0.361176
[2186621055] 0.361093
[2186627905] 0.360787
[2186637160] 0.359770
[2186644483] 0.359363
[2186651007] 0.358981
[2186659706] 0.359060
[2186667270] 0.359109
[2186674498] 0.358938
[2186681862] 0.358096
[2186691245] 0.357480
[2186697079] 0.357428
[2186704696] 0.357551
[2186714430] 0.357560
[2186720537] 0.356951
[2186730029] 0.356504
[2186735974] 0.356115
[2186743377] 0.356164
[2186750845] 0.356124
[2186762577] 0.355487
[2186767823] 0.354887
[2186774108] 0.354385
[2186781950] 0.353889
[2186793678] 0.353812
[2186797841] 0.353273
[2186804650] 0.352814
[2186814221] 0.351853
[2186821996] 0.351559
[2186827990] 0.351593
[2186836779] 0.351363
[2186843530] 0.350983
[2186852873] 0.350206
[2186859852] 0.350049
[2186867415] 0.349725
[2186874971] 0.349553
[2186882663] 0.349339
[2186890382] 0.348785
[2186898062] 0.348525
[2186905781] 0.348136
[2186916066] 0.347977
[2186920176] 0.347808
[2186927892] 0.347456
[2186937055] 0.346856
[2186944418] 0.346645
[2186951446] 0.346467
[2186959789] 0.346467
[2186967455] 0.345570
[2186975229] 0.345034
[2186982072] 0.345016
[2186991416] 0.345151
[2186997145] 0.345086
[2187004833] 0.344841
[2187014572] 0.343758
[2187020478] 0.342937
[2187029568] 0.342842
[2187035584] 0.342802
[2187043215] 0.342643
[2187051223] 0.341663
[2187063267] 0.340760
[2187068333] 0.340622
[2187074228] 0.340604
[2187082057] 0.340218
[2187093085] 0.339272
[2187097282] 0.339272
[2187104875] 0.338788
[2187114744] 0.338843
[2187122367] 0.338595
[2187128196] 0.338210
[2187136956] 0.337365
[2187143417] 0.337172
[2187152772] 0.337016
[2187159578] 0.336866
[2187167374] 0.336520
[2187174789] 0.336161
[2187183958] 0.335809
[2187189816] 0.335641
[2187197402] 0.335402
[2187205031] 0.335387
[2187217038] 0.334679
[2187221307] 0.334318
[2187227929] 0.334006
[2187236963] 0.333522
[2187244446] 0.333495
[2187251215] 0.333844
[2187260147] 0.334046
[2187266968] 0.334009
[2187274323] 0.333984
[2187281886] 0.333966
[2187291094] 0.334000
[2187297391] 0.334006
[2187304774] 0.334006
[2187314457] 0.334012
[2187320052] 0.334012
[2187329418] 0.334009
[2187335617] 0.334009
[2187343162] 0.334012
[2187350851] 0.334012
[2187362682] 0.334012
[2187367548] 0.334012
[2187419551] 0.334015
[2187423674] 0.334018
[2187431660] 0.334024
[2187439475] 0.334027
[2187447239] 0.334033
[2187454955] 0.334033
[2187462661] 0.334033
[2187470258] 0.334033
[2187477625] 0.334030
[2187485252] 0.334033
[2187493201] 0.334033
[2187501309] 0.334033
[2187510657] 0.334033
[2187516086] 0.334033
[2187523770] 0.334033
[2187531666] 0.334033
[2187542940] 0.334040
[2187546943] 0.334046
[2187555009] 0.334049
[2187562782] 0.334052
[2187572309] 0.334055
[2187578108] 0.334052
[2187585789] 0.334052
[2187593417] 0.334055
[2187603072] 0.334052
[2187608590] 0.334055
[2187616204] 0.334055
[2187623631] 0.334055
[2187633247] 0.334055
[2187639183] 0.334058
[2187646697] 0.334061
[2187700074] 0.334070
[2187705009] 0.334070
[2187713367] 0.334070
[2187721874] 0.334073
[2187727811] 0.334073
[2187735454] 0.334076
[2187791171] 0.332350
[2187795664] 0.332558
[2187803538] 0.332821
[2187815971] 0.332849
[2187820580] 0.332830
[2187826742] 0.332827
[2187835653] 0.332830
[2187845244] 0.332833
[2187849587] 0.332833
[2187857701] 0.332836
[2187865802] 0.332830
[2187873718] 0.332830
[2187880044] 0.332833
[2187889642] 0.332833
[2187895538] 0.332836
[2187903420] 0.332836
[2187913075] 0.332836
[2187919150] 0.332836
[2187926483] 0.332830
[2187934219] 0.332827
[2187941533] 0.332821
[2187949130] 0.332818
[2187957424] 0.332818
[2187966620] 0.332818
[2187972774] 0.332818
[2187980137] 0.332818
[2187992585] 0.332818
[2187996650] 0.332818
[2188003336] 0.332818
[2188012532] 0.332818
[2188020677] 0.332818
[2188026729] 0.332818
[2188035284] 0.332818
[2188042242] 0.332818
[2188051457] 0.332637
[2188057134] 0.332285
[2188065055] 0.331961
[2188072681] 0.331743
[2188081990] 0.331734
[2188087757] 0.331734
[2188095569] 0.331700
[2188103450] 0.331694
[2188114500] 0.331694
[2188119108] 0.331688
[2188127167] 0.331685
[2188135669] 0.331679
[2188144923] 0.331676
[2188149351] 0.331676
[2188157333] 0.331670
[2188166091] 0.331667
[2188174049] 0.331664
[2188179968] 0.331664
[2188189456] 0.331664
[2188195499] 0.331651
[2188203334] 0.331645
[2188212797] 0.331627
[2188219109] 0.331605
[2188226633] 0.331057
[2188234567] 0.330736
[2188241969] 0.330467
[2188249788] 0.330479
[2188258076] 0.330467
[2188265986] 0.330442
[2188272318] 0.330439
[2188280148] 0.330436
[2188292668] 0.330427
[2188296961] 0.330427
[2188303470] 0.330427
[2188312773] 0.330424
[2188320864] 0.330421
[2188326525] 0.330418
[2188335475] 0.330390
[2188342596] 0.329802
[2188351995] 0.329214
[2188358942] 0.329174
[2188366072] 0.329217
[2188372336] 0.329211
[2188381765] 0.329165
[2188387750] 0.329147
[2188395453] 0.329147
[2188403169] 0.329141
[2188414977] 0.328881
[2188419309] 0.328507
[2188426129] 0.328088
[2188435203] 0.328045
[2188444571] 0.328026
[2188450045] 0.328023
[2188458498] 0.327760
[2188466016] 0.327004
[2188474132] 0.326783
[2188480034] 0.326734
[2188489607] 0.326673
[2188495546] 0.325957
[2188503377] 0.325381
[2188513239] 0.324643
[2188519492] 0.324530
[2188525911] 0.324524
[2188535194] 0.324395
[2188542444] 0.323483
[2188549148] 0.322821
[2188557683] 0.322203
[2188565894] 0.321636
[2188572230] 0.321689
[2188580369] 0.321658
[2188592950] 0.320632
[2188597140] 0.320133
[2188603152] 0.319720
[2188612187] 0.319417
[2188620643] 0.318976
[2188626565] 0.318495
[2188635541] 0.318063
[2188643133] 0.317696
[2188651127] 0.317518
[2188657287] 0.317258
[2188665766] 0.316609
[2188672453] 0.316220
[2188681963] 0.315887
[2188687819] 0.315709
[2188695456] 0.315642
[2188703124] 0.315446
[2188715134] 0.314555
[2188719637] 0.314178
[2188726180] 0.313970
[2188735415] 0.314108
[2188744813] 0.314132
[2188749206] 0.313961
[2188757661] 0.313002
[2188765299] 0.312534
[2188773159] 0.312258
[2188780603] 0.312549
[2188788849] 0.312586
[2188795629] 0.312289
[2188803275] 0.311790
[2188812838] 0.310758
[2188819566] 0.310486
[2188826704] 0.310430
[2188834373] 0.310430
[2188842079] 0.310075
[2188850001] 0.309503
[2188860666] 0.308281
[2188866181] 0.307773
[2188872346] 0.307804
[2188880214] 0.308015
[2188892127] 0.308094
[2188896387] 0.307767
[2188903716] 0.307314
[2188912967] 0.306842
[2188921464] 0.306937
[2188926534] 0.306894
[2188935083] 0.306894
[2188942048] 0.305868
[2188951255] 0.305226
[2188957755] 0.305186
[2188965550] 0.305339
[2188972535] 0.305593
[2188981800] 0.305317
[2188987680] 0.304962
[2188995717] 0.304396
[2189003230] 0.304390
[2189015467] 0.304411
[2189019589] 0.304276
[2189027496] 0.303217
[2189035262] 0.302565
[2189044996] 0.301894
[2189049469] 0.301796
[2189057655] 0.301787
[2189065537] 0.301677
[2189073488] 0.300850
[2189079985] 0.300164
[2189090042] 0.298903
[2189096030] 0.298477
[2189103286] 0.298523
[2189112976] 0.298526
[2189119485] 0.298334
[2189126282] 0.297360
[2189134265] 0.296876
[2189142146] 0.296463
[2189149730] 0.296463
[2189158199] 0.296227
[2189166474] 0.295636
[2189172590] 0.295382
[2189180812] 0.295287
[2189191100] 0.295033
[2189195572] 0.294629
[2189203527] 0.294237
[2189212925] 0.293603
[2189221641] 0.293524
[2189226805] 0.293484
[2189235285] 0.293257
[2189242347] 0.292672
[2189251523] 0.292336
[2189257985] 0.292302
[2189266062] 0.292222
[2189272475] 0.291953
[2189281941] 0.291527
[2189287802] 0.291224
[2189295506] 0.291120
[2189303185] 0.291086
[2189315460] 0.290701
[2189319913] 0.290425
[2189326441] 0.290272
[2189335686] 0.290183
[2189345091] 0.290021
[2189349154] 0.290021
[2189357292] 0.289289
[2189365867] 0.288992
[2189373403] 0.289004
[2189379986] 0.289044
[2189388899] 0.288802
[2189395479] 0.288224
[2189403319] 0.288101
[2189412693] 0.288061
[2189418748] 0.288052
[2189426616] 0.287575
[2189434461] 0.287275
[2189441787] 0.287128
[2189449335] 0.287118
[2189457755] 0.287079
[2189466269] 0.286549
[2189472446] 0.286292
[2189480459] 0.286178
[2189493331] 0.286093
[2189497616] 0.285881
[2189503165] 0.285465
[2189513267] 0.284981
[2189521752] 0.284896
[2189526311] 0.284666
[2189534907] 0.284479
[2189543348] 0.284182
[2189550945] 0.283907
[2189557445] 0.283754
[2189567244] 0.283236
[2189573128] 0.282902
[2189582990] 0.282553
[2189589650] 0.282563
[2189596286] 0.282455
[2189603325] 0.282223
[2189612135] 0.281313
[2189618571] 0.280909
[2189626301] 0.280707
[2189635773] 0.281022
[2189645311] 0.281022
[2189649810] 0.280946
[2189658805] 0.280211
[2189666943] 0.279360
[2189674015] 0.279222
[2189680168] 0.279222
[2189690372] 0.278974
[2189695784] 0.278034
[2189703795] 0.277593
[2189712650] 0.277253
[2189719690] 0.277324
[2189726114] 0.277544
[2189734477] 0.277474
[2189742821] 0.276718
[2189749238] 0.276163
[2189757856] 0.275520
[2189765205] 0.275472
[2189772944] 0.275530
[2189782974] 0.275067
[2189791726] 0.274317
[2189796108] 0.274219
[2189804191] 0.274201
[2189813081] 0.273833
[2189821673] 0.272609
[2189826743] 0.271905
[2189836774] 0.270974
[2189842298] 0.270824
[2189852067] 0.270756
[2189857733] 0.270622
[2189866109] 0.269758
[2189872525] 0.269409
[2189882130] 0.269299
[2189888561] 0.269431
[2189896163] 0.269308
[2189904069] 0.269039
[2189913612] 0.268344
[2189919658] 0.268246
[2189926941] 0.268224
[2189936883] 0.267771
[2189944976] 0.267165
[2189949353] 0.266592
[2189957878] 0.265656
[2189966513] 0.265521
[2189974164] 0.265625
[2189980164] 0.265597
[2189989207] 0.265181
[2189995590] 0.264400
[2190003789] 0.264220
[2190013109] 0.264339
[2190019346] 0.264446
[2190026817] 0.264232
[2190034867] 0.263904
[2190043986] 0.263442
[2190049996] 0.263485
[2190057789] 0.263690
[2190065070] 0.263592
[2190073227] 0.262811
[2190083713] 0.261890
[2190091841] 0.261688
[2190096053] 0.261871
[2190103815] 0.262083
[2190113240] 0.262015
[2190121558] 0.261443
[2190126120] 0.261192
[2190135953] 0.261173
[2190143215] 0.261155
[2190151643] 0.260907
[2190158838] 0.260561
[2190166212] 0.260196
[2190172599] 0.260007
[2190182218] 0.259520
[2190190244] 0.259312
[2190196478] 0.259241
[2190203325] 0.259195
[2190212656] 0.258632
[2190218515] 0.258307
[2190226186] 0.257836
[2190237314] 0.257778
[2190244344] 0.257741
[2190249148] 0.257557
[2190258308] 0.256807
[2190266108] 0.256562
[2190274475] 0.256679
[2190280192] 0.256694
[2190289928] 0.256354
[2190295967] 0.255702
[2190303497] 0.255579
[2190312703] 0.255757
[2190319827] 0.255781
[2190326368] 0.255533
[2190334488] 0.255233
[2190342431] 0.254897
[2190349962] 0.254973
[2190358199] 0.255169
[2190367433] 0.254832
[2190372340] 0.254486
[2190380233] 0.254168
[2190393325] 0.254159
[2190397510] 0.254162
[2190403608] 0.254024
[2190412976] 0.253311
[2190421354] 0.253020
[2190426692] 0.252992
[2190437687] 0.252655
[2190442623] 0.252655
[2190451139] 0.251820
[2190457740] 0.251755
[2190465819] 0.251737
[2190473545] 0.251774
[2190483020] 0.251510
[2190489044] 0.251134
[2190496163] 0.250598
[2190504327] 0.250558
[2190512838] 0.250555
[2190518498] 0.250411
[2190526612] 0.249444
[2190536626] 0.248807
[2190545930] 0.248568
[2190550056] 0.248568
[2190559717] 0.248299
[2190566446] 0.247300
[2190574455] 0.246887
[2190580362] 0.246676
[2190589844] 0.246636
[2190596368] 0.246370
[2190604143] 0.245840
[2190612627] 0.245068
[2190619314] 0.244937
[2190627044] 0.245047
[2190633982] 0.245041
[2190641940] 0.244606
[2190649949] 0.244153
[2190665371] 0.243470
[2190670006] 0.243516
[2190674360] 0.243516
[2190680569] 0.243430
[2190692913] 0.242585
[2190696985] 0.242585
[2190703075] 0.242331
[2190714435] 0.242460
[2190720924] 0.242282
[2190726841] 0.241976
[2190738118] 0.241541
[2190743101] 0.241517
[2190751128] 0.241517
[2190757484] 0.241327
[2190766270] 0.240996
[2190772613] 0.240687
[2190782509] 0.240693
[2190789859] 0.240681
[2190796585] 0.240185
[2190803152] 0.239870
[2190813244] 0.239695
[2190819069] 0.239753
[2190826019] 0.239726
[2190835903] 0.239193
[2190844841] 0.238920
[2190849191] 0.238829
[2190858235] 0.238801
[2190867397] 0.238449
[2190873193] 0.238066
[2190881004] 0.237708
[2190889415] 0.237677
[2190895588] 0.237328
[2190903627] 0.236875
[2190914168] 0.236257
[2190918907] 0.236186
[2190926704] 0.236272
[2190934380] 0.236226
[2190942243] 0.235522
[2190949150] 0.234965
[2190957612] 0.234264
[2190967695] 0.234162
[2190972584] 0.234153
[2190980455] 0.234074
[2190993228] 0.233391
[2190997324] 0.233369
[2191003232] 0.233366
[2191013669] 0.233198
[2191021077] 0.233048
[2191026705] 0.232693
[2191034691] 0.232659
[2191043123] 0.232445
[2191051379] 0.231921
[2191057718] 0.231526
[2191066835] 0.231064
[2191073443] 0.231064
[2191083050] 0.230911
[2191087655] 0.230697
[2191095449] 0.230292
[2191103125] 0.229420
[2191117156] 0.229190
[2191121457] 0.229239
[2191126340] 0.229187
[2191135538] 0.228930
[2191144873] 0.228275
[2191149264] 0.228042
[2191161767] 0.227999
[2191166830] 0.227852
[2191172735] 0.227445
[2191180978] 0.226548
[2191189363] 0.226370
[2191195549] 0.226352
[2191203654] 0.226303
[2191212985] 0.225580
[2191219315] 0.225069
[2191227088] 0.224558
[2191236666] 0.224533
[2191242395] 0.224380
[2191250266] 0.224025
[2191256928] 0.222941
[2191264811] 0.222586
[2191272897] 0.222412
[2191281387] 0.222488
[2191291212] 0.222344
[2191296081] 0.221622
[2191304170] 0.221239
[2191312428] 0.221119
[2191320865] 0.221205
[2191326045] 0.221086
[2191335527] 0.220789
[2191343382] 0.219723
[2191351368] 0.219206
[2191358464] 0.219197
[2191366226] 0.219233
[2191372567] 0.219096
[2191382212] 0.218306
[2191387992] 0.217978
[2191395692] 0.217801
[2191403523] 0.217889
[2191416143] 0.217384
[2191420328] 0.217384
[2191426211] 0.216603
[2191441911] 0.216386
[2191446052] 0.216466
[2191450315] 0.216466
[2191459829] 0.216432
[2191465626] 0.216196
[2191473574] 0.215599
[2191480194] 0.215547
[2191490376] 0.215541
[2191495745] 0.215495
[2191503282] 0.215357
[2191513783] 0.214919
[2191519187] 0.214919
[2191525997] 0.214874
[2191535276] 0.214788
[2191544643] 0.214010
[2191549291] 0.213606
[2191557219] 0.213309
[2191564572] 0.213309
[2191572465] 0.213190
[2191580389] 0.212932
[2191592284] 0.212485
[2191596316] 0.212544
[2191603317] 0.212510
[2191613446] 0.212026
[2191621593] 0.211444
[2191626080] 0.211377
[2191635880] 0.211686
[2191643703] 0.211769
[2191651210] 0.211490
[2191657912] 0.211144
[2191666645] 0.210878
[2191673185] 0.210988
[2191683791] 0.211135
[2191690311] 0.211013
[2191696396] 0.210321
[2191704540] 0.210097
[2191712767] 0.210109
[2191718522] 0.210321
[2191726309] 0.210339
[2191737391] 0.209763
[2191743793] 0.209506
[2191749318] 0.209448
[2191758811] 0.209730
[2191767073] 0.209718
[2191774672] 0.209479
[2191780562] 0.209154
[2191789851] 0.208848
[2191795851] 0.208970
[2191803623] 0.209200
[2191813725] 0.208793
[2191818602] 0.208422
[2191826565] 0.207994
[2191834875] 0.208058
[2191843233] 0.208257
[2191849273] 0.208159
[2191857378] 0.207608
[2191864928] 0.207430
[2191873385] 0.207446
[2191879999] 0.207433
[2191892921] 0.206717
[2191897295] 0.206435
[2191903118] 0.206319
[2191913799] 0.206383
[2191921107] 0.206350
[2191927048] 0.205909
[2191936175] 0.205370
[2191942714] 0.205229
[2191952178] 0.205260
[2191959638] 0.205244
[2191967286] 0.204892
[2191973003] 0.204522
[2191983360] 0.204209
[2191989136] 0.204209
[2191995966] 0.204007
[2192003666] 0.203790
[2192013550] 0.203162
[2192019215] 0.202871
[2192026697] 0.202798
[2192037670] 0.202850
[2192045551] 0.202330
[2192049659] 0.202330
[2192058859] 0.201693
[2192067141] 0.201595
[2192072937] 0.201579
[2192080809] 0.201564
[2192089998] 0.201530
[2192095311] 0.201334
[2192103508] 0.200918
[2192114152] 0.200891
[2192119120] 0.200863
[2192126079] 0.200468
[2192135222] 0.200321
[2192143653] 0.200214
[2192149325] 0.200214
[2192157133] 0.199700
[2192164888] 0.199531
[2192172574] 0.199415
[2192180221] 0.199381
[2192192429] 0.199023
[2192196544] 0.198784
[2192203720] 0.198720
[2192214902] 0.198686
[2192221343] 0.198429
[2192226260] 0.198429
[2192237077] 0.198031
[2192242806] 0.198016
[2192252093] 0.197526
[2192257211] 0.197244
[2192267321] 0.197112
[2192273133] 0.197201
[2192282001] 0.197094
[2192290551] 0.196733
[2192296611] 0.195979
[2192303184] 0.195845
[2192312684] 0.195961
[2192318475] 0.195952
[2192326331] 0.195471
[2192335844] 0.194678
[2192344786] 0.194678
[2192349370] 0.194559
[2192358206] 0.194642
[2192367141] 0.194262
[2192373234] 0.194020
[2192382860] 0.193934
[2192389408] 0.193934
[2192395406] 0.193956
[2192403217] 0.193542
[2192414447] 0.193178
[2192418601] 0.193160
[2192426411] 0.193270
[2192434559] 0.193206
[2192442426] 0.192728
[2192449872] 0.192587
[2192457964] 0.192501
[2192467498] 0.192465
[2192473321] 0.192244
[2192481004] 0.191975
[2192491784] 0.191898
[2192496140] 0.191886
[2192504092] 0.191837
[2192513045] 0.191445
[2192520951] 0.191310
[2192527089] 0.191286
[2192535116] 0.191267
[2192543908] 0.190970
[2192551335] 0.190793
[2192558315] 0.190765
[2192566970] 0.190726
[2192572892] 0.190692
[2192582515] 0.190230
[2192590685] 0.190144
[2192595561] 0.190098
[2192604080] 0.190092
[2192612742] 0.190040
[2192618606] 0.189835
[2192626232] 0.189651
[2192635512] 0.189614
[2192645473] 0.189342
[2192649699] 0.189115
[2192661094] 0.188693
[2192667008] 0.188732
[2192674765] 0.188714
[2192680624] 0.188273
[2192690060] 0.187802
[2192695803] 0.186843
[2192704343] 0.186595
[2192713354] 0.186663
[2192718564] 0.186764
[2192726500] 0.186589
[2192739564] 0.185695
[2192744620] 0.185315
[2192749447] 0.185074
[2192757194] 0.185061
[2192765154] 0.185037
[2192772338] 0.184382
[2192780201] 0.184382
[2192792472] 0.183684
[2192796522] 0.183870
[2192803516] 0.183904
[2192812995] 0.183656
[2192821578] 0.183295
[2192826252] 0.183255
[2192836551] 0.183172
[2192842910] 0.182921
[2192851454] 0.182447
[2192858045] 0.182303
[2192866500] 0.182327
[2192872454] 0.182306
[2192882435] 0.181834
[2192890459] 0.181528
[2192896917] 0.181314
[2192903440] 0.181430
[2192913052] 0.181488
[2192918756] 0.181338
[2192926310] 0.180521
[2192935851] 0.180092
[2192945801] 0.180215
[2192949835] 0.180215
[2192958592] 0.180117
[2192966991] 0.179406
[2192975703] 0.178999
[2192980613] 0.178837
[2192989232] 0.178877
[2192995644] 0.178717
[2193003444] 0.178325
[2193014475] 0.177465
[2193019250] 0.177465
[2193026837] 0.177526
[2193035586] 0.177566
[2193043905] 0.177248
[2193051081] 0.176491
[2193057131] 0.176231
[2193064559] 0.176173
[2193072424] 0.176155
[2193080360] 0.175980
[2193092584] 0.174556
[2193096544] 0.174321
[2193104038] 0.174263
[2193114030] 0.174627
[2193120641] 0.174765
[2193126430] 0.174648
[2193136798] 0.173953
[2193142800] 0.173620
[2193151175] 0.173589
[2193157629] 0.173794
[2193166539] 0.173901
[2193172440] 0.173705
[2193182244] 0.173369
[2193190660] 0.173191
[2193195614] 0.173439
[2193203390] 0.173445
[2193213630] 0.173157
[2193219423] 0.172851
[2193226243] 0.172572
[2193237997] 0.172860
[2193245155] 0.172925
[2193249317] 0.172866
[2193257607] 0.172294
[2193266771] 0.172055
[2193274345] 0.172165
[2193280465] 0.172352
[2193290961] 0.172076
[2193295551] 0.172076
[2193303280] 0.171482
[2193314205] 0.171406
[2193318788] 0.171164
[2193326758] 0.170922
[2193335309] 0.170775
[2193341948] 0.170607
[2193349611] 0.170604
[2193357849] 0.170166
[2193368090] 0.169808
[2193372543] 0.169814
[2193380416] 0.169829
[2193393274] 0.169587
[2193397372] 0.169137
[2193403425] 0.168709
[2193412929] 0.168314
[2193421211] 0.168326
[2193427021] 0.168258
[2193440670] 0.167784
[2193444982] 0.167612
[2193451217] 0.167625
[2193459108] 0.167591
[2193467389] 0.167386
[2193473344] 0.166976
[2193482140] 0.166951
[2193490468] 0.166939
[2193496511] 0.166669
[2193503866] 0.166339
[2193513281] 0.166097
[2193518974] 0.166235
[2193526643] 0.166262
[2193535323] 0.165999
[2193546105] 0.165469
[2193550323] 0.165469
[2193557878] 0.165644
[2193566886] 0.165506
[2193573848] 0.165172
[2193582113] 0.164906
[2193590900] 0.164854
[2193595716] 0.164829
[2193603530] 0.164759
[2193613210] 0.164269
[2193619585] 0.164269
[2193626282] 0.164196
[2193634933] 0.164180
[2193642524] 0.164128
[2193650222] 0.163954
[2193664100] 0.163718
[2193668922] 0.163678
[2193673495] 0.163672
[2193680100] 0.163669
[2193693265] 0.163439
[2193697337] 0.163393
[2193703108] 0.163366
[2193713997] 0.163302
[2193720403] 0.163173
[2193726275] 0.163041
[2193736804] 0.163001
[2193742582] 0.162937
[2193751356] 0.162815
[2193758217] 0.162726
[2193766907] 0.162668
[2193773065] 0.162640
[2193783001] 0.162573
[2193787793] 0.162573
[2193795480] 0.162463
[2193803169] 0.162404
[2193817255] 0.162187
[2193821309] 0.162163
[2193826293] 0.162095
[2193841243] 0.161878
[2193845490] 0.161878
[2193849684] 0.161878
[2193858378] 0.161783
[2193866928] 0.161572
[2193874048] 0.161526
[2193880135] 0.161495
[2193890877] 0.161373
[2193895484] 0.161373
[2193904092] 0.161189
[2193913044] 0.161051
[2193918832] 0.161021
[2193926758] 0.160975
[2193934482] 0.160941
[2193942370] 0.160619
[2193949980] 0.160583
[2193960639] 0.160525
[2193966984] 0.160491
[2193972976] 0.160439
[2193981167] 0.160273
[2193991972] 0.160209
[2193996140] 0.160185
[2194003382] 0.160154
[2194014631] 0.160081
[2194020879] 0.160019
[2194026739] 0.159986
[2194036546] 0.159934
[2194044338] 0.159860
[2194050791] 0.159823
[2194058658] 0.159735
[2194067086] 0.159686
[2194073116] 0.159615
[2194082880] 0.159493
[2194087710] 0.159441
[2194095500] 0.159401
[2194103333] 0.159358
[2194117284] 0.159205
[2194121341] 0.159171
[2194127180] 0.159144
[2194141930] 0.159085
[2194146084] 0.159055
[2194150189] 0.159055
[2194159263] 0.159027
[2194166435] 0.159000
[2194265188] 0.158902
[2194269699] 0.158856
[2194278085] 0.158847
[2194286256] 0.158841
[2194294774] 0.158837
[2194300398] 0.158837
[2194307934] 0.158831
[2194315726] 0.158828
[2194323477] 0.158822
[2194331160] 0.158819
[2194338648] 0.158816
[2194346307] 0.158813
[2194354326] 0.158810
[2194361914] 0.158807
[2194369281] 0.158807
[2194377444] 0.158804
[2194385440] 0.158804
[2194392754] 0.158804
[2194400264] 0.158804
[2194410032] 0.158801
[2194415621] 0.158801
[2194423395] 0.158798
[2194431151] 0.158798
[2194440204] 0.158798
[2194446492] 0.158795
[2194454211] 0.158795
[2194461915] 0.158792
[2194471378] 0.158789
[2194477004] 0.158789
[2194484850] 0.158789
[2194492535] 0.158789
[2194502046] 0.158789
[2194507826] 0.158789
[2194515505] 0.158789
[2194523293] 0.158789
[2194533030] 0.158785
[2194541650] 0.158785
[2194546529] 0.158785
[2194600099] 0.158782
[2194604280] 0.158782
[2194663122] 0.158703
[2194667514] 0.158678
[2194675199] 0.158485
[2194689976] 0.158452
[2194694087] 0.158626
[2194698218] 0.158583
[2194706076] 0.158488
[2194714367] 0.158467
[2194721634] 0.158436
[2194729512] 0.158424
[2194741233] 0.158397
[2194745469] 0.158384
[2194752821] 0.158366
[2194761757] 0.158348
[2194770071] 0.158338
[2194775405] 0.158332
[2194784428] 0.158320
[2194793057] 0.158308
[2194800829] 0.158302
[2194806292] 0.158299
[2194815977] 0.158286
[2194822118] 0.158277
[2194831246] 0.158268
[2194837164] 0.158262
[2194844762] 0.158262
[2194852722] 0.158247
[2194866736] 0.158234
[2194870724] 0.158234
[2194875057] 0.158231
[2194883577] 0.158041
[2194894435] 0.158222
[2194898542] 0.158210
[2194906656] 0.157977
[2194915842] 0.158075
[2194923630] 0.158045
[2194929820] 0.158014
[2194938862] 0.157910
[2194944811] 0.157894
[2194955391] 0.157873
[2194961726] 0.157870
[2194968732] 0.157858
[2194975216] 0.157849
[2194983215] 0.157836
[2194990898] 0.157833
[2194998704] 0.157821
[2195006880] 0.157812
[2195017265] 0.157800
[2195021759] 0.157793
[2195029472] 0.157787
[2195042373] 0.157760
[2195047187] 0.157671
[2195051844] 0.157646
[2195062449] 0.157616
[2195069790] 0.157597
[2195075757] 0.157579
[2195083988] 0.157463
[2195093010] 0.157414
[2195100367] 0.157402
[2195106956] 0.157386
[2195115464] 0.157377
[2195121854] 0.157359
[2195131240] 0.157343
[2195136989] 0.157334
[2195144241] 0.157328
[2195151975] 0.157252
[2195165890] 0.157209
[2195170048] 0.157190
[2195175607] 0.157147
[2195185894] 0.157013
[2195193848] 0.156967
[2195198153] 0.156951
[2195206387] 0.156924
[2195216682] 0.156881
[2195223091] 0.156820
[2195229085] 0.156795
[2195239730] 0.156722
[2195244432] 0.156605
[2195254206] 0.156547
[2195262621] 0.156501
[2195267977] 0.156483
[2195275784] 0.156455
[2195284353] 0.156226
[2195293238] 0.156158
[2195299002] 0.156158
[2195306556] 0.156070
[2195314232] 0.155926
[2195321772] 0.155800
[2195329406] 0.155764
[2195338351] 0.155705
[2195344990] 0.155552
[2195352652] 0.155228
[2195362185] 0.155188
[2195371044] 0.155173
[2195375108] 0.155173
[2195383883] 0.154557
[2195392079] 0.154306
[2195400041] 0.154422
[2195406082] 0.154481
[2195415147] 0.154211
[2195421347] 0.153636
[2195431362] 0.153611
[2195438739] 0.153819
[2195445013] 0.153877
[2195452529] 0.153611
[2195462115] 0.153103
[2195467917] 0.153069
[2195475171] 0.153195
[2195485139] 0.153317
[2195494852] 0.152864
[2195498980] 0.152610
[2195506880] 0.152570
[2195515428] 0.152754
[2195523098] 0.152714
[2195529195] 0.152481
[2195540993] 0.152010
[2195545706] 0.152010
[2195553408] 0.152111
[2195562602] 0.151835
[2195568637] 0.151498
[2195575398] 0.151217
[2195582664] 0.151202
[2195590441] 0.151404
[2195598169] 0.151404
[2195605770] 0.151113
[2195616884] 0.150733
[2195621224] 0.150920
[2195629008] 0.151223
[2195642103] 0.151079
[2195646444] 0.150788
[2195651978] 0.150540
[2195660914] 0.150540
[2195669873] 0.150954
[2195674988] 0.150972
[2195683660] 0.150497
[2195692051] 0.150179
[2195699826] 0.150099
[2195706109] 0.150375
[2195714926] 0.150366
[2195721388] 0.149885
[2195730919] 0.149652
[2195736593] 0.149640
[2195744509] 0.149710
[2195752193] 0.149677
[2195764487] 0.148957
[2195768984] 0.148856
[2195775177] 0.148853
[2195783345] 0.149187
[2195794101] 0.149034
[2195798303] 0.148752
[2195805749] 0.148458
[2195815627] 0.148391
[2195823059] 0.148302
[2195828800] 0.148189
[2195838904] 0.148152
[2195845033] 0.147984
[2195854473] 0.147904
[2195861618] 0.147775
[2195868616] 0.147760
[2195875038] 0.147742
[2195882799] 0.147647
[2195890348] 0.147561
[2195898335] 0.147494
[2195906487] 0.147414
[2195917011] 0.147350
[2195921510] 0.147307
[2195928862] 0.147282
[2195941082] 0.147243
[2195945464] 0.147237
[2195952913] 0.147200
[2195961656] 0.147148
[2195969524] 0.147123
[2195975585] 0.147099
[2195983540] 0.147028
[2195991967] 0.146946
[2195999831] 0.146946
[2196005967] 0.146875
[2196015769] 0.146805
[2196021505] 0.146713
[2196031235] 0.146636
[2196036948] 0.146609
[2196044601] 0.146505
[2196052164] 0.146437
[2196063669] 0.146395
[2196068843] 0.146376
[2196075093] 0.146370
[2196083390] 0.146269
[2196093500] 0.146196
[2196098287] 0.146159
[2196105967] 0.146122
[2196116160] 0.145957
[2196122629] 0.145902
[2196128811] 0.145865
[2196139329] 0.145644
[2196145192] 0.145433
[2196152796] 0.145130
[2196160616] 0.145118
[2196168153] 0.145200
[2196176165] 0.144750
[2196183604] 0.144420
[2196190695] 0.144208
[2196198250] 0.144303
[2196206273] 0.144548
[2196216416] 0.144261
[2196221474] 0.143951
[2196229289] 0.143798
[2196241301] 0.143912
[2196245575] 0.143912
[2196252043] 0.143538
[2196260766] 0.143305
[2196268134] 0.143143
[2196275428] 0.143226
[2196283569] 0.143290
[2196291116] 0.142724
[2196300389] 0.142515
[2196306257] 0.142570
[2196315653] 0.142711
[2196321992] 0.142604
[2196330985] 0.142344
[2196336606] 0.142053
[2196344276] 0.142142
[2196351839] 0.142411
[2196364110] 0.142163
[2196368734] 0.141854
[2196375276] 0.141609
[2196383688] 0.141661
[2196393890] 0.141869
[2196398238] 0.141805
[2196406086] 0.141119
[2196415563] 0.140715
[2196423254] 0.140501
[2196429047] 0.140626
[2196438360] 0.140942
[2196444738] 0.140914
[2196454016] 0.140305
[2196462174] 0.139585
[2196468845] 0.139500
[2196474947] 0.139524
[2196484567] 0.139423
[2196490430] 0.139129
[2196498909] 0.137914
[2196506317] 0.136977
[2196516501] 0.136787
[2196521199] 0.136967
[2196529732] 0.137258
[2196541861] 0.137271
[2196546479] 0.137271
[2196551967] 0.136845
[2196561036] 0.136808
[2196569851] 0.137215
[2196575452] 0.137347
[2196583512] 0.136992
[2196591925] 0.136839
[2196599984] 0.136655
[2196605895] 0.136784
[2196615989] 0.137200
[2196621522] 0.136912
[2196631281] 0.136389
[2196637002] 0.136300
[2196644492] 0.136539
[2196652562] 0.136735
[2196664505] 0.136447
[2196668773] 0.136208
[2196675290] 0.136168
[2196683633] 0.136569
[2196694070] 0.136487
[2196698116] 0.136337
[2196705772] 0.135936
[2196715812] 0.135675
[2196723399] 0.135776
[2196729455] 0.135767
[2196738353] 0.135434
[2196744647] 0.135121
[2196753768] 0.134885
[2196760837] 0.134950
[2196768093] 0.134809
[2196775520] 0.134576
[2196782979] 0.134393
[2196790591] 0.134393
[2196798114] 0.134246
[2196806130] 0.134151
[2196816532] 0.134062
[2196821257] 0.134040
[2196828927] 0.133927
[2196841234] 0.133728
[2196845379] 0.133688
[2196852075] 0.133694
[2196861216] 0.133670
[2196869558] 0.133419
[2196875591] 0.133352
[2196883715] 0.133290
[2196892047] 0.133251
[2196898048] 0.133251
[2196905808] 0.133006
[2196915888] 0.132926
[2196921401] 0.132877
[2196931155] 0.132874
[2196936708] 0.132791
[2196944207] 0.132657
[2196951830] 0.132604
[2196963993] 0.132559
[2196968854] 0.132552
[2196975202] 0.132513
[2196983426] 0.132338
[2196993726] 0.132271
[2196998212] 0.132240
[2197005911] 0.132206
[2197016308] 0.132053
[2197023682] 0.131983
[2197029716] 0.131949
[2197038514] 0.131851
[2197045662] 0.131821
[2197053424] 0.131772
[2197060802] 0.131747
[2197067649] 0.131686
[2197075339] 0.131665
[2197082791] 0.131631
[2197091330] 0.131594
[2197098842] 0.131573
[2197106293] 0.131518
[2197116838] 0.131456
[2197121387] 0.131453
[2197129614] 0.131453
[2197141720] 0.131407
[2197145906] 0.131374
[2197151882] 0.131263
[2197161044] 0.131205
[2197169795] 0.131156
[2197174841] 0.131135
[2197183489] 0.131009
[2197191577] 0.130951
[2197200988] 0.130893
[2197205947] 0.130868
[2197215708] 0.130819
[2197221246] 0.130789
[2197230808] 0.130780
[2197236696] 0.130752
[2197244271] 0.130737
[2197251934] 0.130703
[2197263987] 0.130645
[2197268761] 0.130617
[2197275358] 0.130587
[2197283783] 0.130529
[2197294008] 0.130431
[2197298320] 0.130400
[2197305991] 0.130369
[2197315590] 0.130293
[2197323079] 0.130134
[2197328843] 0.130094
[2197338402] 0.130106
[2197344539] 0.130051
[2197353968] 0.129883
[2197360867] 0.129864
[2197367925] 0.129843
[2197375388] 0.129834
[2197382755] 0.129610
[2197390792] 0.129555
[2197398277] 0.129497
[2197405998] 0.129497
[2197417278] 0.129276
[2197421463] 0.129234
[2197428980] 0.129206
[2197441177] 0.129154
[2197445430] 0.129139
[2197452503] 0.128979
[2197461368] 0.128946
[2197470632] 0.128909
[2197475955] 0.128897
[2197484554] 0.128842
[2197492139] 0.128765
[2197500129] 0.128738
[2197506094] 0.128707
[2197516031] 0.128630
[2197521552] 0.128566
[2197531451] 0.128511
[2197537435] 0.128450
[2197544646] 0.128416
[2197552077] 0.128355
[2197564316] 0.128306
[2197568902] 0.128287
[2197575031] 0.128260
[2197583442] 0.128211
[2197593894] 0.128147
[2197598095] 0.128113
[2197605804] 0.128082
[2197614999] 0.128027
[2197622855] 0.127935
[2197628800] 0.127905
[2197638723] 0.127843
[2197644748] 0.127819
[2197654062] 0.127758
[2197661047] 0.127644
[2197668114] 0.127595
[2197675261] 0.127577
[2197683793] 0.127534
[2197690595] 0.127485
[2197698567] 0.127357
[2197706502] 0.127305
[2197717336] 0.127253
[2197721654] 0.127231
[2197729421] 0.127090
[2197741471] 0.126931
[2197745663] 0.126907
[2197751787] 0.126885
[2197761243] 0.126864
[2197767887] 0.126631
[2197775224] 0.126591
[2197783630] 0.126564
[2197791647] 0.126554
[2197799699] 0.126322
[2197805983] 0.126092
[2197815880] 0.126049
[2197821260] 0.126077
[2197830815] 0.126065
[2197836555] 0.125654
[2197844319] 0.125556
[2197851947] 0.125569
[2197863844] 0.125538
[2197868589] 0.125538
[2197875099] 0.125168
[2197883306] 0.125060
[2197893902] 0.125051
[2197898057] 0.125048
[2197905896] 0.125039
[2197916051] 0.124632
[2197922582] 0.124580
[2197929075] 0.124574
[2197938703] 0.124570
[2197945050] 0.124561
[2197954263] 0.124224
[2197961416] 0.124182
[2197968651] 0.124172
[2197975149] 0.124176
[2197984411] 0.124154
[2197990458] 0.123998
[2197998217] 0.123830
[2198006167] 0.123802
[2198016371] 0.123765
[2198021210] 0.123646
[2198028965] 0.123646
[2198038559] 0.123441
[2198045702] 0.123416
[2198051930] 0.123138
[2198061819] 0.123021
[2198070377] 0.123000
[2198075023] 0.122981
[2198083695] 0.122436
[2198091407] 0.122057
[2198100146] 0.122075
[2198106001] 0.122259
[2198115377] 0.122391
[2198121381] 0.121947
[2198131192] 0.121686
[2198136915] 0.121803
[2198144481] 0.121919
[2198152270] 0.121797
[2198163970] 0.120991
[2198168907] 0.120621
[2198175129] 0.120400
[2198183444] 0.120428
[2198193559] 0.120318
[2198198271] 0.119978
[2198206046] 0.119574
[2198215241] 0.119298
[2198223015] 0.119485
[2198228931] 0.119552
[2198238547] 0.119274
[2198245193] 0.118992
[2198254274] 0.118670
[2198261326] 0.118695
[2198268674] 0.118603
[2198275072] 0.118306
[2198284475] 0.117890
[2198290489] 0.117893
[2198298220] 0.118086
[2198305914] 0.118043
[2198315581] 0.117366
[2198321452] 0.116512
[2198329004] 0.116368
[2198338227] 0.116530
[2198344898] 0.116589
[2198352205] 0.116383
[2198361112] 0.115970
[2198370065] 0.115076
[2198375246] 0.114874
[2198383979] 0.114957
[2198391158] 0.115159
[2198401065] 0.115085
[2198405866] 0.114843
[2198415302] 0.114072
[2198421297] 0.113879
[2198430847] 0.114038
[2198436689] 0.114173
[2198444193] 0.114035
[2198452133] 0.113254
[2198464300] 0.112917
[2198469245] 0.112829
[2198475016] 0.112994
[2198483296] 0.113211
[2198493800] 0.112780
[2198498288] 0.112513
[2198505814] 0.112333
[2198515432] 0.112455
[2198523519] 0.112379
[2198529396] 0.112140
[2198539160] 0.111864
[2198546127] 0.111892
[2198554254] 0.111904
[2198561777] 0.111521
[2198568302] 0.111252
[2198575871] 0.111154
[2198583211] 0.111359
[2198591390] 0.111325
[2198598961] 0.111053
[2198606962] 0.110309
[2198615880] 0.110309
[2198621499] 0.110493
[2198629002] 0.110566
[2198640954] 0.110327
[2198645474] 0.109969
[2198652317] 0.109396
[2198661498] 0.109375
[2198670434] 0.109461
[2198676138] 0.109390
[2198683316] 0.108689
[2198691484] 0.108368
[2198699922] 0.108429
[2198705959] 0.108582
[2198715107] 0.108582
[2198721153] 0.108310
[2198730712] 0.107719
[2198736662] 0.107752
[2198744403] 0.107948
[2198751993] 0.107976
[2198764076] 0.107403
[2198768952] 0.107195
[2198775141] 0.107143
[2198783441] 0.107419
[2198793873] 0.107385
[2198798339] 0.107094
[2198806436] 0.106411
[2198815366] 0.106322
[2198823155] 0.106503
[2198829065] 0.106561
[2198838553] 0.106292
[2198845139] 0.106013
[2198853619] 0.105860
[2198860939] 0.105931
[2198867988] 0.105817
[2198875319] 0.105600
[2198882827] 0.105318
[2198890382] 0.105340
[2198898715] 0.105462
[2198906292] 0.105040
[2198916611] 0.104571
[2198921359] 0.104553
[2198929301] 0.104706
[2198938240] 0.105003
[2198944897] 0.104942
[2198952587] 0.104335
[2198980135] 0.104394
[2198986923] 0.103931
[2198993529] 0.103325
[2199002723] 0.102180
[2199007929] 0.101849
[2199015781] 0.101708
[2199023377] 0.101907
[2199032513] 0.102780
[2199038415] 0.103178
[2199045775] 0.103402
[2199053514] 0.103466
[2199065124] 0.103497
[2199069437] 0.103524
