[2172989496] -1.321121
[2172995455] -1.321121
[2173003070] -1.321121
[2173010968] -1.321121
[2173020508] -1.321121
[2173026587] -1.321121
[2173034052] -1.321121
[2173041684] -1.321121
[2173051252] -1.321121
[2173056926] -1.321121
[2173064549] -1.321121
[2173073573] -1.321121
[2173082067] -1.321121
[2173087685] -1.321121
[2173095498] -1.321121
[2173103051] -1.321121
[2173112990] -1.321121
[2173118908] -1.321121
[2173126635] -1.321121
[2173134227] -1.321121
[2173144049] -1.321121
[2173149760] -1.321121
[2173157251] -1.321121
[2173164661] -1.321121
[2173173881] -1.321121
[2173180166] -1.321121
[2173188228] -1.321121
[2173195701] -1.321121
[2173203423] -1.321121
[2173211015] -1.321121
[2173218730] -1.321121
[2173226238] -1.321121
[2173234131] -1.321121
[2173241621] -1.321121
[2173249378] -1.321121
[2173257002] -1.321121
[2173264723] -1.321121
[2173272327] -1.321121
[2173280273] -1.321121
[2173289417] -1.321121
[2173295434] -1.321121
[2173303013] -1.321121
[2173310734] -1.321121
[2173320643] -1.321121
[2173326217] -1.321121
[2173334000] -1.321121
[2173341601] -1.321121
[2173351162] -1.321121
[2173356948] -1.321121
[2173364739] -1.321121
[2173372296] -1.321121
[2173382505] -1.321121
[2173485221] -1.321121
[2173491157] -1.320695
[2173497572] -1.320211
[2173507004] -1.318628
[2173515582] -1.316935
[2173520495] -1.316295
[2173530083] -1.315585
[2173537222] -1.315478
[2173546330] -1.315364
[2173552164] -1.315334
[2173561132] -1.315312
[2173566209] -1.315315
[2173574152] -1.315321
[2173582168] -1.315321
[2173593228] -1.315309
[2173597342] -1.315294
[2173605174] -1.315273
[2173615058] -1.315266
[2173622793] -1.315266
[2173628657] -1.315266
[2173637422] -1.315269
[2173644217] -1.315266
[2173653468] -1.315254
[2173661923] -1.315224
[2173667380] -1.315208
[2173675055] -1.315184
[2173682998] -1.315178
[2173691298] -1.315181
[2173697140] -1.315181
[2173705329] -1.315178
[2173712694] -1.315178
[2173720545] -1.315171
[2173728471] -1.315168
[2173736243] -1.315159
[2173746451] -1.315159
[2173751231] -1.315159
[2173761927] -1.315156
[2173767458] -1.315150
[2173775315] -1.315138
[2173783112] -1.315122
[2173791785] -1.314590
[2173799276] -1.314039
[2173805074] -1.312318
[2173815367] -1.310542
[2173820397] -1.309890
[2173830311] -1.309192
[2173839862] -1.309167
[2173844485] -1.309128
[2173851137] -1.309121
[2173860644] -1.309128
[2173866467] -1.309137
[2173874633] -1.309158
[2173884074] -1.309164
[2173893626] -1.309158
[2173897813] -1.309149
[2173905755] -1.309143
[2173914376] -1.309146
[2173922746] -1.309149
[2173928465] -1.309149
[2173938786] -1.309158
[2173943568] -1.309158
[2173952991] -1.309152
[2173961400] -1.309143
[2173967277] -1.309140
[2173974041] -1.309140
[2173984163] -1.308941
[2173992636] -1.308034
[2173997384] -1.307260
[2174005027] -1.305334
[2174012827] -1.304489
[2174020689] -1.303283
[2174028416] -1.302989
[2174041396] -1.303096
[2174046472] -1.303081
[2174051183] -1.303084
[2174060558] -1.303105
[2174069940] -1.303108
[2174074184] -1.303111
[2174082830] -1.303117
[2174091568] -1.303111
[2174097514] -1.303099
[2174105544] -1.302906
[2174115462] -1.302049
[2174120455] -1.301335
[2174130182] -1.299434
[2174135999] -1.298537
[2174144256] -1.297205
[2174151828] -1.296792
[2174163562] -1.296532
[2174169485] -1.296902
[2174174322] -1.296991
[2174183007] -1.296991
[2174194033] -1.296587
[2174198184] -1.296097
[2174206082] -1.294462
[2174214456] -1.293467
[2174222859] -1.291798
[2174228467] -1.291170
[2174237900] -1.290515
[2174243997] -1.290396
[2174253553] -1.289900
[2174261600] -1.288721
[2174267167] -1.287858
[2174274777] -1.286171
[2174283572] -1.285191
[2174289761] -1.284352
[2174297619] -1.282940
[2174305933] -1.281204
[2174317605] -1.279435
[2174322157] -1.278449
[2174328158] -1.277567
[2174337854] -1.276817
[2174344456] -1.274217
[2174351233] -1.273290
[2174361199] -1.271777
[2174367465] -1.270874
[2174374025] -1.270874
[2174382630] -1.268587
[2174390768] -1.267068
[2174397416] -1.266291
[2174404858] -1.265038
[2174415352] -1.264077
[2174420702] -1.263382
[2174430078] -1.261658
[2174435704] -1.260510
[2174443362] -1.259527
[2174451161] -1.257911
[2174463238] -1.256747
[2174468736] -1.256055
[2174474706] -1.254114
[2174483480] -1.253174
[2174494370] -1.251423
[2174498444] -1.251423
[2174505436] -1.249142
[2174514591] -1.246469
[2174522582] -1.245220
[2174528290] -1.244117
[2174538493] -1.242437
[2174544136] -1.241674
[2174553645] -1.239574
[2174560078] -1.237737
[2174567565] -1.237005
[2174574272] -1.235949
[2174584416] -1.235306
[2174591166] -1.233616
[2174597311] -1.232615
[2174604898] -1.230618
[2174612691] -1.229871
[2174620142] -1.229228
[2174628497] -1.227768
[2174637729] -1.226157
[2174644611] -1.224418
[2174651078] -1.223662
[2174661480] -1.222309
[2174667163] -1.221409
[2174675036] -1.219587
[2174682405] -1.218512
[2174691660] -1.217597
[2174697393] -1.216341
[2174705132] -1.214826
[2174714433] -1.214073
[2174720532] -1.212217
[2174730681] -1.210601
[2174736376] -1.209878
[2174743950] -1.209082
[2174751939] -1.207533
[2174764202] -1.205249
[2174768958] -1.204076
[2174774805] -1.202120
[2174784149] -1.201333
[2174793586] -1.199664
[2174797826] -1.198730
[2174805797] -1.196612
[2174814266] -1.195730
[2174822193] -1.194300
[2174827736] -1.193663
[2174838518] -1.191808
[2174844995] -1.190050
[2174853209] -1.189478
[2174861211] -1.188434
[2174868525] -1.187726
[2174875024] -1.186003
[2174883400] -1.185084
[2174891331] -1.183449
[2174897523] -1.182819
[2174904861] -1.181609
[2174913468] -1.180825
[2174920286] -1.178474
[2174927932] -1.177246
[2174941255] -1.175155
[2174945608] -1.173535
[2174951270] -1.172681
[2174961861] -1.171110
[2174967123] -1.170526
[2174975423] -1.169129
[2174983166] -1.168309
[2174990955] -1.166640
[2174997164] -1.165798
[2175004965] -1.164221
[2175015053] -1.163346
[2175021044] -1.162871
[2175030598] -1.161157
[2175038593] -1.160266
[2175044154] -1.159558
[2175051225] -1.157960
[2175060919] -1.156585
[2175066392] -1.155897
[2175074188] -1.154280
[2175082944] -1.153545
[2175093757] -1.152079
[2175098061] -1.151374
[2175106153] -1.149305
[2175114348] -1.148450
[2175122313] -1.146393
[2175127917] -1.145468
[2175137554] -1.143806
[2175144119] -1.143261
[2175154155] -1.142192
[2175159986] -1.140692
[2175167679] -1.139507
[2175175341] -1.137254
[2175183217] -1.136243
[2175189536] -1.134749
[2175197130] -1.134207
[2175204807] -1.132407
[2175216537] -1.130340
[2175221016] -1.129596
[2175227975] -1.128959
[2175241106] -1.127940
[2175245429] -1.126831
[2175251086] -1.126029
[2175261599] -1.124440
[2175267331] -1.123561
[2175275074] -1.121960
[2175285900] -1.120172
[2175291423] -1.120172
[2175297347] -1.118788
[2175304934] -1.117352
[2175315244] -1.115892
[2175321418] -1.115276
[2175330195] -1.114290
[2175337882] -1.113605
[2175344886] -1.111976
[2175351269] -1.111079
[2175361050] -1.109297
[2175366747] -1.108688
[2175374516] -1.107601
[2175383459] -1.106906
[2175393599] -1.104646
[2175397716] -1.103366
[2175405421] -1.101156
[2175413601] -1.101156
[2175422576] -1.098648
[2175428315] -1.097849
[2175437519] -1.096594
[2175444083] -1.096058
[2175453929] -1.095164
[2175461133] -1.093783
[2175467214] -1.092626
[2175474925] -1.090626
[2175482836] -1.089751
[2175490440] -1.088361
[2175498268] -1.087733
[2175504871] -1.085712
[2175514553] -1.084518
[2175521293] -1.082500
[2175527999] -1.081787
[2175540827] -1.079971
[2175545936] -1.079065
[2175551625] -1.077810
[2175562197] -1.075076
[2175567220] -1.075076
[2175574978] -1.072828
[2175584188] -1.072412
[2175591401] -1.071053
[2175597177] -1.070223
[2175605114] -1.068563
[2175615075] -1.067057
[2175620362] -1.066491
[2175629930] -1.065058
[2175638713] -1.064363
[2175644064] -1.063698
[2175652360] -1.062174
[2175660666] -1.060624
[2175666496] -1.059844
[2175674126] -1.058974
[2175683165] -1.057657
[2175693801] -1.056623
[2175697857] -1.055949
[2175711021] -1.053328
[2175716161] -1.052523
[2175722748] -1.052523
[2175728261] -1.051326
[2175737614] -1.049957
[2175744343] -1.048411
[2175754196] -1.047744
[2175761327] -1.046776
[2175767094] -1.046148
[2175774730] -1.044578
[2175784322] -1.042979
[2175789917] -1.042171
[2175797540] -1.041556
[2175805116] -1.040423
[2175815199] -1.038803
[2175821864] -1.037934
[2175827972] -1.037104
[2175842229] -1.035028
[2175846520] -1.034529
[2175851026] -1.033966
[2175861837] -1.032297
[2175867420] -1.032297
[2175875141] -1.030034
[2175882657] -1.029465
[2175890701] -1.028513
[2175897415] -1.028078
[2175905052] -1.026642
[2175915159] -1.024422
[2175921477] -1.023409
[2175929568] -1.022545
[2175935653] -1.021302
[2175944203] -1.020503
[2175951516] -1.019040
[2175960895] -1.017399
[2175966415] -1.016652
[2175974357] -1.016110
[2175982862] -1.014906
[2175993529] -1.013198
[2175997772] -1.012448
[2176004816] -1.011165
[2176015118] -1.010317
[2176022378] -1.009756
[2176028213] -1.009107
[2176038352] -1.007053
[2176045166] -1.005461
[2176052529] -1.004803
[2176060135] -1.003844
[2176067748] -1.003269
[2176074325] -1.001698
[2176084397] -1.000792
[2176092423] -0.999040
[2176098495] -0.998431
[2176105313] -0.997366
[2176113081] -0.996625
[2176121358] -0.995005
[2176129099] -0.994166
[2176137543] -0.992592
[2176144859] -0.991698
[2176151115] -0.991172
[2176160405] -0.989687
[2176167869] -0.988462
[2176174128] -0.988462
[2176183807] -0.985296
[2176191219] -0.983971
[2176197068] -0.983563
[2176204935] -0.983119
[2176215702] -0.983321
[2176220795] -0.983370
[2176231118] -0.983220
[2176236570] -0.982887
[2176244255] -0.982394
[2176251910] -0.980777
[2176265353] -0.978919
[2176269826] -0.978404
[2176274271] -0.978404
[2176282956] -0.977458
[2176293604] -0.975750
[2176297707] -0.974883
[2176305439] -0.973460
[2176314822] -0.973460
[2176322513] -0.971375
[2176328514] -0.970637
[2176337399] -0.968503
[2176344195] -0.967422
[2176352714] -0.965808
[2176360165] -0.964464
[2176368186] -0.963757
[2176374423] -0.962526
[2176384938] -0.961402
[2176389642] -0.960707
[2176396966] -0.959963
[2176404761] -0.958221
[2176415350] -0.956069
[2176421884] -0.955071
[2176427880] -0.954226
[2176440757] -0.952257
[2176445317] -0.951424
[2176451707] -0.950487
[2176461872] -0.949584
[2176467380] -0.947937
[2176475103] -0.946179
[2176484165] -0.945610
[2176491848] -0.944275
[2176499488] -0.943608
[2176505652] -0.942432
[2176514398] -0.941011
[2176521307] -0.940328
[2176529481] -0.939707
[2176537193] -0.937907
[2176545532] -0.936174
[2176551315] -0.935537
[2176560920] -0.934477
[2176566527] -0.933697
[2176574291] -0.932842
[2176583135] -0.930990
[2176593626] -0.929753
[2176598083] -0.929291
[2176606562] -0.927941
[2176614813] -0.926655
[2176622840] -0.926033
[2176629218] -0.925522
[2176637525] -0.924374
[2176643875] -0.923663
[2176653347] -0.921979
[2176659249] -0.921312
[2176667957] -0.920295
[2176674391] -0.919319
[2176684640] -0.918587
[2176691334] -0.916952
[2176697518] -0.915911
[2176704993] -0.914337
[2176713346] -0.913817
[2176720742] -0.912871
[2176728296] -0.912243
[2176741412] -0.909053
[2176746044] -0.908003
[2176751904] -0.907127
[2176761642] -0.905639
[2176767152] -0.904445
[2176775090] -0.902314
[2176782711] -0.901221
[2176791133] -0.899531
[2176797213] -0.899010
[2176805243] -0.897479
[2176814401] -0.896301
[2176820636] -0.894038
[2176830077] -0.892409
[2176840103] -0.891466
[2176844706] -0.890949
[2176851241] -0.890214
[2176860751] -0.888447
[2176866378] -0.887722
[2176874087] -0.887167
[2176882744] -0.886129
[2176893696] -0.884709
[2176897935] -0.883894
[2176906586] -0.882229
[2176914630] -0.881212
[2176922812] -0.880726
[2176928397] -0.880021
[2176937366] -0.878591
[2176944285] -0.877900
[2176952841] -0.876574
[2176961896] -0.875600
[2176966923] -0.875031
[2176974613] -0.873512
[2176982737] -0.872520
[2176990827] -0.870257
[2176997248] -0.869317
[2177004988] -0.868025
[2177012543] -0.867597
[2177020574] -0.866449
[2177027938] -0.865582
[2177038033] -0.863613
[2177045887] -0.862251
[2177051884] -0.861853
[2177062384] -0.860714
[2177067155] -0.860117
[2177075126] -0.858675
[2177084121] -0.857968
[2177090557] -0.856728
[2177097285] -0.856112
[2177105094] -0.854548
[2177114865] -0.853259
[2177120856] -0.852652
[2177129607] -0.852150
[2177137639] -0.850610
[2177143848] -0.849438
[2177151553] -0.847166
[2177161217] -0.845519
[2177167109] -0.845013
[2177174972] -0.844138
[2177184537] -0.843372
[2177194083] -0.841725
[2177198213] -0.840960
[2177205194] -0.839949
[2177214289] -0.839560
[2177222424] -0.838994
[2177228048] -0.838648
[2177237518] -0.837298
[2177244359] -0.836006
[2177253743] -0.835400
[2177262250] -0.834215
[2177267434] -0.833253
[2177275179] -0.831386
[2177283661] -0.830620
[2177291499] -0.829579
[2177297819] -0.829080
[2177305540] -0.827356
[2177312940] -0.826291
[2177320995] -0.824546
[2177328785] -0.823973
[2177337603] -0.823079
[2177344725] -0.821674
[2177351278] -0.820522
[2177362101] -0.818257
[2177367326] -0.817436
[2177374929] -0.816184
[2177387311] -0.815155
[2177392041] -0.814292
[2177400471] -0.812513
[2177405313] -0.811784
[2177414008] -0.811784
[2177420610] -0.809806
[2177429636] -0.809806
[2177435698] -0.807859
[2177443429] -0.807314
[2177451545] -0.806775
[2177464490] -0.806163
[2177469413] -0.805009
[2177474288] -0.805009
[2177483001] -0.803554
[2177493409] -0.802076
[2177497602] -0.801185
[2177505439] -0.799185
[2177514343] -0.797651
[2177522406] -0.797183
[2177527901] -0.796840
[2177539546] -0.795637
[2177544339] -0.793965
[2177553769] -0.793206
[2177562898] -0.792162
[2177567588] -0.791387
[2177574396] -0.789568
[2177584899] -0.788148
[2177591424] -0.787704
[2177597401] -0.787284
[2177604915] -0.785946
[2177612743] -0.785156
[2177620561] -0.783543
[2177628078] -0.783016
[2177638053] -0.782095
[2177645180] -0.780738
[2177651108] -0.779636
[2177663916] -0.778399
[2177670892] -0.775996
[2177675094] -0.775564
[2177685015] -0.774817
[2177691564] -0.774091
[2177697413] -0.773280
[2177705517] -0.771933
[2177715132] -0.770631
[2177720935] -0.770212
[2177730025] -0.768975
[2177738680] -0.768332
[2177744107] -0.767753
[2177752156] -0.767129
[2177760472] -0.765178
[2177766673] -0.764600
[2177774473] -0.763537
[2177783339] -0.763066
[2177794063] -0.762160
[2177798498] -0.761529
[2177805636] -0.759686
[2177814532] -0.758733
[2177822964] -0.757441
[2177828598] -0.757056
[2177837475] -0.756437
[2177843744] -0.755969
[2177853448] -0.754269
[2177864343] -0.752295
[2177868563] -0.751593
[2177874419] -0.750608
[2177884257] -0.750436
[2177890188] -0.750556
[2177897743] -0.750522
[2177905541] -0.750106
[2177917282] -0.749006
[2177921418] -0.748259
[2177927821] -0.747653
[2177940481] -0.746964
[2177944650] -0.746949
[2177951394] -0.746918
[2177961348] -0.746836
[2177967137] -0.746777
[2177974807] -0.746738
[2177984092] -0.746741
[2177991690] -0.746741
[2177997368] -0.746741
[2178004906] -0.746741
[2178015298] -0.746728
[2178020322] -0.746713
[2178032678] -0.746701
[2178079401] -0.746704
[2178083943] -0.746704
[2178136220] -0.746698
[2178141148] -0.746698
[2178151083] -0.746695
[2178156887] -0.746695
[2178163591] -0.746695
[2178171208] -0.746695
[2178181014] -0.746698
[2178186808] -0.746698
[2178194367] -0.746698
[2178201987] -0.746695
[2178211524] -0.746695
[2178217370] -0.746695
[2178225021] -0.746695
[2178232699] -0.746695
[2178242252] -0.746695
[2178248157] -0.746695
[2178255964] -0.746695
[2178263485] -0.746695
[2178272789] -0.746695
[2178278946] -0.746695
[2178286508] -0.746695
[2178294243] -0.746695
[2178303450] -0.746695
[2178309875] -0.746695
[2178317430] -0.746695
[2178324994] -0.746695
[2178332782] -0.746695
[2178340551] -0.746692
[2178348170] -0.746692
[2178355868] -0.746692
[2178408991] -0.746695
[2178413795] -0.746692
[2178429012] -0.746692
[2178485211] -0.746692
[2178490930] -0.743520
[2178497219] -0.743082
[2178505598] -0.742776
[2178513247] -0.742871
[2178520118] -0.742855
[2178528266] -0.742834
[2178543521] -0.742822
[2178547735] -0.742825
[2178552353] -0.742831
[2178560580] -0.742831
[2178569979] -0.742831
[2178574058] -0.742831
[2178583119] -0.742828
[2178591635] -0.742828
[2178597311] -0.742831
[2178606214] -0.742834
[2178615244] -0.742837
[2178621211] -0.742837
[2178631216] -0.742834
[2178638265] -0.742834
[2178644325] -0.742831
[2178651077] -0.742828
[2178661002] -0.742828
[2178666761] -0.742828
[2178674294] -0.742831
[2178683977] -0.742834
[2178693767] -0.742834
[2178697950] -0.742834
[2178706176] -0.742834
[2178714944] -0.742834
[2178722377] -0.742834
[2178727970] -0.742825
[2178737949] -0.742353
[2178744069] -0.741833
[2178754138] -0.740387
[2178761193] -0.739472
[2178768434] -0.739325
[2178774186] -0.739273
[2178784436] -0.739215
[2178792568] -0.739135
[2178797193] -0.739114
[2178804962] -0.739120
[2178812974] -0.739120
[2178820748] -0.739120
[2178828043] -0.739120
[2178838090] -0.739117
[2178844632] -0.739111
[2178851099] -0.739105
[2178860323] -0.739105
[2178870291] -0.739105
[2178880049] -0.739111
[2178886602] -0.739083
[2178891977] -0.738896
[2178899582] -0.738523
[2178905340] -0.737179
[2178913737] -0.736505
[2178920395] -0.735685
[2178929788] -0.735547
[2178935616] -0.735467
[2178943439] -0.735434
[2178950997] -0.735357
[2178963599] -0.735351
[2178968545] -0.735351
[2178974855] -0.735351
[2178982821] -0.735351
[2178993766] -0.735109
[2178998166] -0.734723
[2179004801] -0.733459
[2179015522] -0.732148
[2179023246] -0.731769
[2179027905] -0.731600
[2179037807] -0.731689
[2179044527] -0.731668
[2179053615] -0.731600
[2179061426] -0.731034
[2179067983] -0.730480
[2179074224] -0.729775
[2179083746] -0.728545
[2179089689] -0.728180
[2179097141] -0.727997
[2179104944] -0.727574
[2179115197] -0.726356
[2179120341] -0.725691
[2179128116] -0.725091
[2179137572] -0.724231
[2179144824] -0.723612
[2179150937] -0.723015
[2179159849] -0.721708
[2179167025] -0.721007
[2179174522] -0.720419
[2179182424] -0.719096
[2179190838] -0.718462
[2179197161] -0.717437
[2179204730] -0.716445
[2179214802] -0.715924
[2179220782] -0.714537
[2179229897] -0.713410
[2179236216] -0.712887
[2179243754] -0.712360
[2179251868] -0.710921
[2179264308] -0.708806
[2179269161] -0.707792
[2179275012] -0.706298
[2179282221] -0.705781
[2179292649] -0.704495
[2179297194] -0.703619
[2179304726] -0.702045
[2179314122] -0.702045
[2179322477] -0.700459
[2179327988] -0.699927
[2179337211] -0.698175
[2179343464] -0.697143
[2179352870] -0.695527
[2179360083] -0.694382
[2179367410] -0.693420
[2179374753] -0.692428
[2179384211] -0.691072
[2179389898] -0.689982
[2179397545] -0.689532
[2179405012] -0.688289
[2179415161] -0.687135
[2179421226] -0.686531
[2179428749] -0.685986
[2179437335] -0.684581
[2179444139] -0.683626
[2179451048] -0.681556
[2179460043] -0.680068
[2179467174] -0.679597
[2179474593] -0.679290
[2179482889] -0.678222
[2179490867] -0.676712
[2179497122] -0.676002
[2179505152] -0.674851
[2179514854] -0.674254
[2179520880] -0.672891
[2179529977] -0.672209
[2179536936] -0.671174
[2179544645] -0.670779
[2179551080] -0.669355
[2179563217] -0.667604
[2179568458] -0.667001
[2179574497] -0.666471
[2179582820] -0.665880
[2179592992] -0.664628
[2179596982] -0.663752
[2179604863] -0.662328
[2179614297] -0.661860
[2179622119] -0.660770
[2179627826] -0.659959
[2179637814] -0.658660
[2179644297] -0.658122
[2179653769] -0.657200
[2179660687] -0.655939
[2179667789] -0.654925
[2179674115] -0.653939
[2179683468] -0.652436
[2179689455] -0.651989
[2179697375] -0.650801
[2179704873] -0.649203
[2179714947] -0.648018
[2179720816] -0.647678
[2179728316] -0.647317
[2179737653] -0.645945
[2179744554] -0.645030
[2179751040] -0.643508
[2179759988] -0.642749
[2179767186] -0.642363
[2179774577] -0.641882
[2179782946] -0.640204
[2179790626] -0.637779
[2179799683] -0.636723
[2179805415] -0.635207
[2179815066] -0.634782
[2179820775] -0.633493
[2179830276] -0.632651
[2179836320] -0.631242
[2179843644] -0.631242
[2179851364] -0.629690
[2179863403] -0.628772
[2179868237] -0.628420
[2179874222] -0.628040
[2179882448] -0.627342
[2179892641] -0.626093
[2179897166] -0.625395
[2179904703] -0.624801
[2179914266] -0.624357
[2179922120] -0.622688
[2179927985] -0.622024
[2179937542] -0.621179
[2179943973] -0.621081
[2179953571] -0.620863
[2179960417] -0.620027
[2179967459] -0.619164
[2179975241] -0.617391
[2179982982] -0.616727
[2179989530] -0.616252
[2179997094] -0.615729
[2180005022] -0.614623
[2180015404] -0.613138
[2180020315] -0.612575
[2180027907] -0.612153
[2180036583] -0.611075
[2180045195] -0.609274
[2180051112] -0.608080
[2180059636] -0.606880
[2180067074] -0.605429
[2180074340] -0.605013
[2180082629] -0.603858
[2180091803] -0.602465
[2180097438] -0.601825
[2180104998] -0.600916
[2180114696] -0.600233
[2180120468] -0.598430
[2180129407] -0.597640
[2180135640] -0.596672
[2180143406] -0.596492
[2180151131] -0.595595
[2180163123] -0.594232
[2180168195] -0.593660
[2180174010] -0.593191
[2180182380] -0.592426
[2180192613] -0.591060
[2180197000] -0.590111
[2180204849] -0.588537
[2180214072] -0.588035
[2180222098] -0.587046
[2180227999] -0.586259
[2180237477] -0.585476
[2180244332] -0.584566
[2180252715] -0.583899
[2180259959] -0.582824
[2180267149] -0.582043
[2180274689] -0.581345
[2180283788] -0.580387
[2180289684] -0.579919
[2180297040] -0.578626
[2180304823] -0.577145
[2180314757] -0.576575
[2180320698] -0.576058
[2180328293] -0.576012
[2180337178] -0.575589
[2180344229] -0.575164
[2180351109] -0.573590
[2180359891] -0.572818
[2180367412] -0.571973
[2180374588] -0.571829
[2180382553] -0.571670
[2180390527] -0.570819
[2180397112] -0.570170
[2180404658] -0.568957
[2180413953] -0.568517
[2180420186] -0.567623
[2180429811] -0.567041
[2180435548] -0.565737
[2180443351] -0.565299
[2180451012] -0.564567
[2180463127] -0.563425
[2180467987] -0.562427
[2180474169] -0.561349
[2180483186] -0.560452
[2180493885] -0.559108
[2180498008] -0.558814
[2180505490] -0.557696
[2180514985] -0.556962
[2180522639] -0.555755
[2180528349] -0.555330
[2180537063] -0.553891
[2180544206] -0.553891
[2180553766] -0.551977
[2180561102] -0.551570
[2180567634] -0.551392
[2180574162] -0.551227
[2180583356] -0.551074
[2180589639] -0.550872
[2180597125] -0.549941
[2180604734] -0.548823
[2180614794] -0.548383
[2180620653] -0.547896
[2180628468] -0.547856
[2180637480] -0.547234
[2180644466] -0.546696
[2180651045] -0.545168
[2180659492] -0.544537
[2180667386] -0.543867
[2180674715] -0.543664
[2180682618] -0.542648
[2180690567] -0.541273
[2180697086] -0.540670
[2180704735] -0.539871
[2180714103] -0.539372
[2180720378] -0.538312
[2180729768] -0.537654
[2180735553] -0.536362
[2180743284] -0.535964
[2180750999] -0.535303
[2180763006] -0.534093
[2180768261] -0.533181
[2180774326] -0.532054
[2180782223] -0.530147
[2180793968] -0.528974
[2180797946] -0.528677
[2180806379] -0.528147
[2180813874] -0.527486
[2180822109] -0.526081
[2180827992] -0.525162
[2180837363] -0.523711
[2180844056] -0.523282
[2180853328] -0.522064
[2180860192] -0.520643
[2180867106] -0.520144
[2180873898] -0.519866
[2180882989] -0.519504
[2180889604] -0.519115
[2180897140] -0.517695
[2180904749] -0.516412
[2180916451] -0.516051
[2180920657] -0.515949
[2180928249] -0.515662
[2180937932] -0.514465
[2180944655] -0.513886
[2180950985] -0.513237
[2180959790] -0.513001
[2180967131] -0.512600
[2180974406] -0.512076
[2180982119] -0.510543
[2180991428] -0.509281
[2180997316] -0.509281
[2181004762] -0.508803
[2181014229] -0.508562
[2181020275] -0.507432
[2181029377] -0.506654
[2181035715] -0.505475
[2181043230] -0.505114
[2181051135] -0.504150
[2181062979] -0.502704
[2181067862] -0.501994
[2181074223] -0.501477
[2181082085] -0.500861
[2181092505] -0.499836
[2181097165] -0.499101
[2181104767] -0.498393
[2181114235] -0.497585
[2181121924] -0.496973
[2181127888] -0.496465
[2181137557] -0.495166
[2181143631] -0.494707
[2181153093] -0.494018
[2181159844] -0.493645
[2181167431] -0.492181
[2181174651] -0.492181
[2181183601] -0.489781
[2181189481] -0.489328
[2181197049] -0.488804
[2181204876] -0.487736
[2181215170] -0.486636
[2181220360] -0.486248
[2181228256] -0.485941
[2181237610] -0.484992
[2181244677] -0.484319
[2181251073] -0.482518
[2181260243] -0.481248
[2181267139] -0.480908
[2181275122] -0.480501
[2181282201] -0.480011
[2181290338] -0.479356
[2181297394] -0.477996
[2181304755] -0.477264
[2181314300] -0.477108
[2181320176] -0.476220
[2181329447] -0.475651
[2181335652] -0.474601
[2181343311] -0.474145
[2181351258] -0.473232
[2181362733] -0.472059
[2181367586] -0.471484
[2181374290] -0.471083
[2181381929] -0.470397
[2181393640] -0.469313
[2181397721] -0.468661
[2181405091] -0.467638
[2181414154] -0.467277
[2181422059] -0.466377
[2181428064] -0.465789
[2181437175] -0.464515
[2181444467] -0.464071
[2181453870] -0.463480
[2181461081] -0.462540
[2181467827] -0.461674
[2181473983] -0.460731
[2181483169] -0.459084
[2181489513] -0.459084
[2181497203] -0.458129
[2181504861] -0.456977
[2181515480] -0.455945
[2181520346] -0.455572
[2181528127] -0.455195
[2181537536] -0.454035
[2181544707] -0.453144
[2181550964] -0.451613
[2181559811] -0.450826
[2181567251] -0.450716
[2181575619] -0.450091
[2181582237] -0.449421
[2181591833] -0.447936
[2181597582] -0.447936
[2181605036] -0.446809
[2181614343] -0.446598
[2181620113] -0.445627
[2181629885] -0.444329
[2181635674] -0.443852
[2181643222] -0.443454
[2181650996] -0.442394
[2181662586] -0.440514
[2181667153] -0.439737
[2181674888] -0.438552
[2181683196] -0.438258
[2181693360] -0.437361
[2181697539] -0.436721
[2181704941] -0.435282
[2181714903] -0.434752
[2181722637] -0.434265
[2181728426] -0.434054
[2181737915] -0.432952
[2181744352] -0.432297
[2181753739] -0.430855
[2181759783] -0.430355
[2181767273] -0.429862
[2181774940] -0.429109
[2181783177] -0.428365
[2181790413] -0.427493
[2181797190] -0.426326
[2181804773] -0.426005
[2181814315] -0.425787
[2181820236] -0.424893
[2181827922] -0.424189
[2181837376] -0.423127
[2181844539] -0.422833
[2181851791] -0.422006
[2181860998] -0.420729
[2181867242] -0.420074
[2181875231] -0.419327
[2181883004] -0.419128
[2181890554] -0.418332
[2181899777] -0.417787
[2181905637] -0.416455
[2181913839] -0.415803
[2181920558] -0.415031
[2181929764] -0.414918
[2181935514] -0.414294
[2181943648] -0.413693
[2181951668] -0.412141
[2181963653] -0.411158
[2181968476] -0.411033
[2181974429] -0.411002
[2181982846] -0.410442
[2181992934] -0.409208
[2181996988] -0.409208
[2182005200] -0.408225
[2182014756] -0.408133
[2182022153] -0.407530
[2182027918] -0.407236
[2182037138] -0.406982
[2182044141] -0.406734
[2182053407] -0.405819
[2182060602] -0.404909
[2182067811] -0.404487
[2182074188] -0.404239
[2182083547] -0.403786
[2182089575] -0.403786
[2182097302] -0.402187
[2182104835] -0.401116
[2182116548] -0.400715
[2182121044] -0.400687
[2182128569] -0.400620
[2182137314] -0.399830
[2182144566] -0.399267
[2182151094] -0.398155
[2182160648] -0.397736
[2182167529] -0.397469
[2182174984] -0.396447
[2182182817] -0.395540
[2182190466] -0.394585
[2182197188] -0.393333
[2182204711] -0.392782
[2182214113] -0.392699
[2182221104] -0.392001
[2182229938] -0.391465
[2182235896] -0.390452
[2182243368] -0.390048
[2182251160] -0.389163
[2182262459] -0.388113
[2182267424] -0.387589
[2182274380] -0.387234
[2182282429] -0.386683
[2182292462] -0.385660
[2182297116] -0.385026
[2182304920] -0.384117
[2182314045] -0.383841
[2182322036] -0.383036
[2182327920] -0.382455
[2182336864] -0.381187
[2182344211] -0.380746
[2182353643] -0.380308
[2182359656] -0.379959
[2182367544] -0.378554
[2182374366] -0.377666
[2182383159] -0.376193
[2182389575] -0.376193
[2182397404] -0.375189
[2182404837] -0.374653
[2182414970] -0.373875
[2182420793] -0.373557
[2182428255] -0.373156
[2182437635] -0.371974
[2182444538] -0.371448
[2182450990] -0.370927
[2182459799] -0.370878
[2182467197] -0.370630
[2182474807] -0.370272
[2182482727] -0.368873
[2182490380] -0.368162
[2182499814] -0.367440
[2182504567] -0.367360
[2182514164] -0.367247
[2182520295] -0.366481
[2182529433] -0.365878
[2182536662] -0.364895
[2182543828] -0.364574
[2182551316] -0.363763
[2182563062] -0.362627
[2182568164] -0.362103
[2182574121] -0.361739
[2182582292] -0.361344
[2182592635] -0.360373
[2182597229] -0.359703
[2182604760] -0.359087
[2182614224] -0.358487
[2182621892] -0.358294
[2182627884] -0.358000
[2182636500] -0.356760
[2182643725] -0.356117
[2182653179] -0.355373
[2182660101] -0.355067
[2182667518] -0.354672
[2182674882] -0.353245
[2182682516] -0.352572
[2182689432] -0.352085
[2182697382] -0.351715
[2182704713] -0.351415
[2182716654] -0.349988
[2182720871] -0.349385
[2182728586] -0.348886
[2182736925] -0.348374
[2182743997] -0.348105
[2182751505] -0.347030
[2182760442] -0.346308
[2182767131] -0.346164
[2182774285] -0.346115
[2182781927] -0.345567
[2182791339] -0.344568
[2182797352] -0.344131
[2182804810] -0.343901
[2182813868] -0.343540
[2182820252] -0.342646
[2182829815] -0.342186
[2182835591] -0.341632
[2182843191] -0.341580
[2182850892] -0.341320
[2182863087] -0.340294
[2182868028] -0.339532
[2182873990] -0.338843
[2182882111] -0.338356
[2182893069] -0.337471
[2182897095] -0.337187
[2182904921] -0.336100
[2182914302] -0.335536
[2182922136] -0.334854
[2182927929] -0.334725
[2182936864] -0.334033
[2182944092] -0.333647
[2182953407] -0.332897
[2182960564] -0.332606
[2182967453] -0.332392
[2182974962] -0.332018
[2182983096] -0.330631
[2182990567] -0.329881
[2182997277] -0.328957
[2183004771] -0.328813
[2183014180] -0.328706
[2183020574] -0.327931
[2183027817] -0.327309
[2183036667] -0.326394
[2183045807] -0.325846
[2183051387] -0.325371
[2183060088] -0.324713
[2183067549] -0.323764
[2183075352] -0.323289
[2183081982] -0.323127
[2183091463] -0.322202
[2183097269] -0.321651
[2183105142] -0.320993
[2183114549] -0.320923
[2183120544] -0.320767
[2183129970] -0.320445
[2183135769] -0.319138
[2183143279] -0.318550
[2183150930] -0.317962
[2183162943] -0.317827
[2183168228] -0.317487
[2183174052] -0.316945
[2183182171] -0.316244
[2183193558] -0.315277
[2183197666] -0.315246
[2183205167] -0.314860
[2183214343] -0.314429
[2183222158] -0.313495
[2183227952] -0.313140
[2183237183] -0.312417
[2183243795] -0.312417
[2183253302] -0.311845
[2183260189] -0.311205
[2183267373] -0.310696
[2183274837] -0.310314
[2183282505] -0.309300
[2183290326] -0.308507
[2183298021] -0.308507
[2183305618] -0.307996
[2183315590] -0.306955
[2183320215] -0.306168
[2183327869] -0.305455
[2183337244] -0.304588
[2183343976] -0.304356
[2183352159] -0.303428
[2183359799] -0.302733
[2183367122] -0.301615
[2183374495] -0.301318
[2183382209] -0.301156
[2183390459] -0.300424
[2183397434] -0.299595
[2183404839] -0.298021
[2183414802] -0.297408
[2183420518] -0.296802
[2183430138] -0.296735
[2183436036] -0.296214
[2183443273] -0.295734
[2183451118] -0.294742
[2183462876] -0.294090
[2183467958] -0.293713
[2183474075] -0.293202
[2183482070] -0.292727
[2183493622] -0.291659
[2183497866] -0.291389
[2183505327] -0.290630
[2183514750] -0.290262
[2183522184] -0.289659
[2183528069] -0.289393
[2183537135] -0.288333
[2183544355] -0.288333
[2183553576] -0.286790
[2183561303] -0.286558
[2183567473] -0.286536
[2183574033] -0.286509
[2183583369] -0.286420
[2183589649] -0.286230
[2183597216] -0.285364
[2183604793] -0.284914
[2183617540] -0.284130
[2183621722] -0.283931
[2183628043] -0.283704
[2183636851] -0.282960
[2183645497] -0.282002
[2183651027] -0.281708
[2183659722] -0.281628
[2183667460] -0.281592
[2183674859] -0.281592
[2183683127] -0.280526
[2183690720] -0.279730
[2183697138] -0.279650
[2183704841] -0.279660
[2183714177] -0.279503
[2183720322] -0.278686
[2183729649] -0.278129
[2183735611] -0.277593
[2183743269] -0.277458
[2183751052] -0.276834
[2183763004] -0.275609
[2183767919] -0.275033
[2183774104] -0.274635
[2183782233] -0.274393
[2183793730] -0.273928
[2183797909] -0.273322
[2183805139] -0.272177
[2183814738] -0.271821
[2183822257] -0.271681
[2183827932] -0.271647
[2183837237] -0.270927
[2183843391] -0.270413
[2183852869] -0.269755
[2183859612] -0.269691
[2183867460] -0.269179
[2183874643] -0.268545
[2183884056] -0.267183
[2183889916] -0.266718
[2183897459] -0.266439
[2183905096] -0.266286
[2183914849] -0.265897
[2183920762] -0.264651
[2183929067] -0.263833
[2183936447] -0.262636
[2183945367] -0.262116
[2183951107] -0.261672
[2183959626] -0.261142
[2183967435] -0.260322
[2183974629] -0.259997
[2183982507] -0.259443
[2183991802] -0.258628
[2183997509] -0.258227
[2184005020] -0.257909
[2184014348] -0.257661
[2184020368] -0.256813
[2184029931] -0.256204
[2184035611] -0.255720
[2184043516] -0.255423
[2184051089] -0.255365
[2184062441] -0.254768
[2184067170] -0.254122
[2184074082] -0.253546
[2184082033] -0.252839
[2184093543] -0.252352
[2184097657] -0.251871
[2184105244] -0.250711
[2184114922] -0.250319
[2184123008] -0.250074
[2184127915] -0.250031
[2184137367] -0.249327
[2184144143] -0.249327
[2184152784] -0.247496
[2184159908] -0.246960
[2184167035] -0.246483
[2184174652] -0.246434
[2184183969] -0.245990
[2184189736] -0.245582
[2184197359] -0.244113
[2184204885] -0.243011
[2184215302] -0.242674
[2184221337] -0.242450
[2184227957] -0.241966
[2184237760] -0.240677
[2184244745] -0.240677
[2184250884] -0.240022
[2184259986] -0.240022
[2184267414] -0.239701
[2184274108] -0.239303
[2184282004] -0.238525
[2184291131] -0.238161
[2184297439] -0.237524
[2184304743] -0.237160
[2184314577] -0.236385
[2184320278] -0.236167
[2184329722] -0.236014
[2184335837] -0.235209
[2184343220] -0.234830
[2184351020] -0.234453
[2184362756] -0.234312
[2184367997] -0.233642
[2184374122] -0.233136
[2184383209] -0.232166
[2184392908] -0.231887
[2184397016] -0.231792
[2184404962] -0.231560
[2184414387] -0.230399
[2184422215] -0.228807
[2184428093] -0.228807
[2184437078] -0.227996
[2184443848] -0.227953
[2184453566] -0.227558
[2184460470] -0.226618
[2184467431] -0.226128
[2184474875] -0.225819
[2184482645] -0.225298
[2184491072] -0.224811
[2184497306] -0.224524
[2184504733] -0.224251
[2184516602] -0.223201
[2184520800] -0.222668
[2184527676] -0.222215
[2184536695] -0.221857
[2184546100] -0.221254
[2184551596] -0.220791
[2184560743] -0.219809
[2184567598] -0.219365
[2184574283] -0.219092
[2184582144] -0.218927
[2184590299] -0.218425
[2184599881] -0.217840
[2184606076] -0.217218
[2184613736] -0.216588
[2184620157] -0.216566
[2184629731] -0.216542
[2184635859] -0.215865
[2184643192] -0.215289
[2184651297] -0.214457
[2184663447] -0.214046
[2184668343] -0.213566
[2184674311] -0.213566
[2184682477] -0.212418
[2184693791] -0.212255
[2184697995] -0.212087
[2184705664] -0.211974
[2184713654] -0.211928
[2184722183] -0.211383
[2184727938] -0.210899
[2184736895] -0.210415
[2184743993] -0.210351
[2184753483] -0.210268
[2184760321] -0.209567
[2184767295] -0.209074
[2184774731] -0.208743
[2184784363] -0.208514
[2184790040] -0.208373
[2184797332] -0.208373
[2184804825] -0.207629
[2184815044] -0.206876
[2184821030] -0.206701
[2184828684] -0.206625
[2184837841] -0.206383
[2184844530] -0.206040
[2184850938] -0.205164
[2184859899] -0.204818
[2184867162] -0.204524
[2184874221] -0.204537
[2184882311] -0.204283
[2184891640] -0.203811
[2184897244] -0.203003
[2184904722] -0.202788
[2184914427] -0.202785
[2184920312] -0.202605
[2184929434] -0.202237
[2184935704] -0.201380
[2184943163] -0.201138
[2184951165] -0.201098
[2184962818] -0.200575
[2184967812] -0.200125
[2184974164] -0.199681
[2184981947] -0.199016
[2184993505] -0.198784
[2184997655] -0.198514
[2185005250] -0.197660
[2185014945] -0.197289
[2185022953] -0.196827
[2185027758] -0.196775
[2185037001] -0.196659
[2185043759] -0.196399
[2185053481] -0.195269
[2185061247] -0.194298
[2185068317] -0.194127
[2185074119] -0.194090
[2185083549] -0.194050
[2185089535] -0.193817
[2185097300] -0.192780
[2185104869] -0.191925
[2185115109] -0.191739
[2185120885] -0.191619
[2185128471] -0.191307
[2185141164] -0.189510
[2185145367] -0.189139
[2185150999] -0.188983
[2185160050] -0.189035
[2185167376] -0.188998
[2185174519] -0.188842
[2185182904] -0.188089
[2185190529] -0.187250
[2185197244] -0.187161
[2185205012] -0.187063
[2185214523] -0.186895
[2185220232] -0.186114
[2185229593] -0.185771
[2185235607] -0.185312
[2185243288] -0.185137
[2185251095] -0.184788
[2185263029] -0.184124
[2185267652] -0.183735
[2185274317] -0.183450
[2185282103] -0.182743
[2185293650] -0.182210
[2185297734] -0.181990
[2185305045] -0.181708
[2185314348] -0.181108
[2185322185] -0.180422
[2185327883] -0.180104
[2185337255] -0.179963
[2185344121] -0.179807
[2185353356] -0.179063
[2185360314] -0.178512
[2185367564] -0.178310
[2185374904] -0.178212
[2185383061] -0.178062
[2185390336] -0.177299
[2185398023] -0.176932
[2185405500] -0.176626
[2185413117] -0.176623
[2185420458] -0.176344
[2185428476] -0.175971
[2185440428] -0.174982
[2185444909] -0.174599
[2185450930] -0.174385
[2185459811] -0.174378
[2185467134] -0.174118
[2185474500] -0.173760
[2185482624] -0.172768
[2185490356] -0.172437
[2185499989] -0.172275
[2185504705] -0.172235
[2185514246] -0.171758
[2185520351] -0.170763
[2185529800] -0.170343
[2185536886] -0.170061
[2185543933] -0.170061
[2185551474] -0.169507
[2185564163] -0.168705
[2185569014] -0.168448
[2185574765] -0.168368
[2185582714] -0.168307
[2185592469] -0.167686
[2185597101] -0.167177
[2185604755] -0.166657
[2185614151] -0.166063
[2185621950] -0.165971
[2185627914] -0.165717
[2185636598] -0.164792
[2185643483] -0.164210
[2185652705] -0.163029
[2185659670] -0.162624
[2185667234] -0.162392
[2185674452] -0.162364
[2185683461] -0.161890
[2185689372] -0.161342
[2185697026] -0.160343
[2185704785] -0.160080
[2185716769] -0.159948
[2185720707] -0.159652
[2185728472] -0.159235
[2185737734] -0.158546
[2185744600] -0.158415
[2185750843] -0.157931
[2185759535] -0.157759
[2185767258] -0.157337
[2185774691] -0.157141
[2185782331] -0.156700
[2185790751] -0.156069
[2185797230] -0.155665
[2185804928] -0.155402
[2185814862] -0.155426
[2185820687] -0.155191
[2185829889] -0.154786
[2185835619] -0.153972
[2185843178] -0.153785
[2185850986] -0.153831
[2185862172] -0.153629
[2185867495] -0.153252
[2185874857] -0.152802
[2185882770] -0.152224
[2185894161] -0.152193
[2185898373] -0.152193
[2185904835] -0.151783
[2185914163] -0.150947
[2185922013] -0.150188
[2185927986] -0.150050
[2185937348] -0.150044
[2185943478] -0.149967
[2185952710] -0.149312
[2185959782] -0.148905
[2185967282] -0.148473
[2185974783] -0.148458
[2185983855] -0.148311
[2185989727] -0.148005
[2185997307] -0.146915
[2186004749] -0.146416
[2186016432] -0.145497
[2186020514] -0.145494
[2186027967] -0.145466
[2186036584] -0.144845
[2186046094] -0.143890
[2186051568] -0.143464
[2186060274] -0.143253
[2186067045] -0.143164
[2186074699] -0.142916
[2186082342] -0.141811
[2186091711] -0.140953
[2186097501] -0.140806
[2186105104] -0.141002
[2186114802] -0.141012
[2186120462] -0.140684
[2186129606] -0.140246
[2186135548] -0.139248
[2186143250] -0.138902
[2186151166] -0.138749
[2186162277] -0.138501
[2186167853] -0.138029
[2186174026] -0.137451
[2186181887] -0.136679
[2186193568] -0.136603
[2186197780] -0.136214
[2186205186] -0.135200
[2186214622] -0.134628
[2186222450] -0.133985
[2186228262] -0.133933
[2186237397] -0.133474
[2186243756] -0.133063
[2186253137] -0.132359
[2186259840] -0.132359
[2186267281] -0.131768
[2186274921] -0.131361
[2186283399] -0.130758
[2186289712] -0.130669
[2186297242] -0.130559
[2186304808] -0.130329
[2186315561] -0.128618
[2186320127] -0.128134
[2186327957] -0.128134
[2186337056] -0.127843
[2186344506] -0.127794
[2186351955] -0.127206
[2186360725] -0.126285
[2186367424] -0.126043
[2186374768] -0.125975
[2186382537] -0.125375
[2186390822] -0.124500
[2186397159] -0.124325
[2186404793] -0.124325
[2186414778] -0.123961
[2186420489] -0.122908
[2186429667] -0.122418
[2186435591] -0.122066
[2186443128] -0.122059
[2186450927] -0.121765
[2186462156] -0.120813
[2186467834] -0.120412
[2186474035] -0.120198
[2186482257] -0.120060
[2186493262] -0.119264
[2186497529] -0.118618
[2186504917] -0.118052
[2186514757] -0.117494
[2186521785] -0.117170
[2186528038] -0.116812
[2186536705] -0.116340
[2186544275] -0.116043
[2186553567] -0.115461
[2186560405] -0.114714
[2186567119] -0.114714
[2186574636] -0.114528
[2186584094] -0.114243
[2186589881] -0.113808
[2186597140] -0.112452
[2186605284] -0.111601
[2186615159] -0.111499
[2186621071] -0.111417
[2186627922] -0.111111
[2186637174] -0.110094
[2186644497] -0.109687
[2186651023] -0.109304
[2186659724] -0.109384
[2186667287] -0.109433
[2186674512] -0.109261
[2186681876] -0.108419
[2186691263] -0.107804
[2186697097] -0.107752
[2186704713] -0.107874
[2186714446] -0.107884
[2186720555] -0.107274
[2186730046] -0.106827
[2186735989] -0.106438
[2186743391] -0.106487
[2186750860] -0.106448
[2186762594] -0.105811
[2186767837] -0.105211
[2186774125] -0.104709
[2186781965] -0.104213
[2186793695] -0.104136
[2186797858] -0.103597
[2186804665] -0.103138
[2186814235] -0.102176
[2186822014] -0.101883
[2186828035] -0.101916
[2186836794] -0.101687
[2186843545] -0.101307
[2186852887] -0.100529
[2186859869] -0.100373
[2186867432] -0.100049
[2186874988] -0.099877
[2186882680] -0.099663
[2186890399] -0.099109
[2186898079] -0.098848
[2186905797] -0.098460
[2186916082] -0.098300
[2186920193] -0.098132
[2186927908] -0.097780
[2186937070] -0.097180
[2186944433] -0.096968
[2186951463] -0.096791
[2186959806] -0.096791
[2186967473] -0.095894
[2186975245] -0.095358
[2186982104] -0.095340
[2186991433] -0.095474
[2186997162] -0.095410
[2187004848] -0.095165
[2187014589] -0.094081
[2187020492] -0.093261
[2187029585] -0.093166
[2187035598] -0.093126
[2187043231] -0.092967
[2187051241] -0.091987
[2187063285] -0.091084
[2187068350] -0.090946
[2187074242] -0.090928
[2187082072] -0.090542
[2187093102] -0.089596
[2187097299] -0.089596
[2187104890] -0.089112
[2187114762] -0.089167
[2187122383] -0.088919
[2187128213] -0.088533
[2187136973] -0.087688
[2187143431] -0.087495
[2187152789] -0.087339
[2187159595] -0.087189
[2187167391] -0.086843
[2187174803] -0.086485
[2187183973] -0.086133
[2187189833] -0.085965
[2187197419] -0.085726
[2187205049] -0.085710
[2187217054] -0.085003
[2187221366] -0.084642
[2187227947] -0.084330
[2187236979] -0.083846
[2187244463] -0.083818
[2187251234] -0.084167
[2187260168] -0.084369
[2187266984] -0.084333
[2187274338] -0.084308
[2187281901] -0.084290
[2187291110] -0.084323
[2187297408] -0.084330
[2187304789] -0.084330
[2187314474] -0.084336
[2187320067] -0.084336
[2187329435] -0.084333
[2187335631] -0.084333
[2187343177] -0.084336
[2187350866] -0.084336
[2187362700] -0.084336
[2187367562] -0.084336
[2187419569] -0.084339
[2187423691] -0.084342
[2187431677] -0.084348
[2187439490] -0.084351
[2187447255] -0.084357
[2187454971] -0.084357
[2187462678] -0.084357
[2187470275] -0.084357
[2187477640] -0.084354
[2187485266] -0.084357
[2187493218] -0.084357
[2187501326] -0.084357
[2187510674] -0.084357
[2187516102] -0.084357
[2187523787] -0.084357
[2187531683] -0.084357
[2187542956] -0.084363
[2187546957] -0.084369
[2187555027] -0.084372
[2187562800] -0.084376
[2187572326] -0.084379
[2187578125] -0.084376
[2187585804] -0.084376
[2187593433] -0.084379
[2187603090] -0.084376
[2187608604] -0.084379
[2187616219] -0.084379
[2187623647] -0.084379
[2187633265] -0.084379
[2187639198] -0.084382
[2187646713] -0.084385
[2187700091] -0.084394
[2187705027] -0.084394
[2187713384] -0.084394
[2187721905] -0.084397
[2187727828] -0.084397
[2187735476] -0.084400
[2187791189] -0.082673
[2187795682] -0.082881
[2187803566] -0.083145
[2187815989] -0.083172
[2187820596] -0.083154
[2187826760] -0.083151
[2187835676] -0.083154
[2187845259] -0.083157
[2187849603] -0.083157
[2187857718] -0.083160
[2187865819] -0.083154
[2187873733] -0.083154
[2187880059] -0.083157
[2187889656] -0.083157
[2187895555] -0.083160
[2187903437] -0.083160
[2187913093] -0.083160
[2187919170] -0.083160
[2187926501] -0.083154
[2187934236] -0.083151
[2187941548] -0.083145
[2187949145] -0.083142
[2187957440] -0.083142
[2187966636] -0.083142
[2187972789] -0.083142
[2187980151] -0.083142
[2187992602] -0.083142
[2187996667] -0.083142
[2188003353] -0.083142
[2188012548] -0.083142
[2188020692] -0.083142
[2188026747] -0.083142
[2188035301] -0.083142
[2188042257] -0.083142
[2188051481] -0.082961
[2188057151] -0.082609
[2188065072] -0.082284
[2188072696] -0.082067
[2188082007] -0.082058
[2188087775] -0.082058
[2188095586] -0.082024
[2188103467] -0.082018
[2188114517] -0.082018
[2188119124] -0.082012
[2188127184] -0.082009
[2188135686] -0.082003
[2188144938] -0.082000
[2188149365] -0.082000
[2188157348] -0.081993
[2188166108] -0.081990
[2188174064] -0.081987
[2188179983] -0.081987
[2188189470] -0.081987
[2188195516] -0.081975
[2188203350] -0.081969
[2188212812] -0.081951
[2188219123] -0.081929
[2188226650] -0.081381
[2188234584] -0.081060
[2188241984] -0.080790
[2188249803] -0.080802
[2188258093] -0.080790
[2188266016] -0.080766
[2188272335] -0.080763
[2188280163] -0.080760
[2188292685] -0.080750
[2188296978] -0.080750
[2188303487] -0.080750
[2188312790] -0.080747
[2188320879] -0.080744
[2188326541] -0.080741
[2188335492] -0.080714
[2188342611] -0.080126
[2188352041] -0.079538
[2188358959] -0.079498
[2188366089] -0.079541
[2188372350] -0.079535
[2188381780] -0.079489
[2188387764] -0.079471
[2188395469] -0.079471
[2188403186] -0.079464
[2188414993] -0.079204
[2188419323] -0.078831
[2188426158] -0.078411
[2188435219] -0.078368
[2188444586] -0.078350
[2188450059] -0.078347
[2188458514] -0.078084
[2188466033] -0.077327
[2188474146] -0.077107
[2188480050] -0.077058
[2188489622] -0.076997
[2188495564] -0.076280
[2188503394] -0.075705
[2188513256] -0.074967
[2188519506] -0.074853
[2188525927] -0.074847
[2188535211] -0.074719
[2188542458] -0.073806
[2188549162] -0.073145
[2188557698] -0.072527
[2188565911] -0.071960
[2188572245] -0.072012
[2188580385] -0.071982
[2188592967] -0.070956
[2188597156] -0.070457
[2188603169] -0.070043
[2188612202] -0.069740
[2188620658] -0.069299
[2188626580] -0.068819
[2188635558] -0.068387
[2188643148] -0.068020
[2188651141] -0.067842
[2188657302] -0.067582
[2188665787] -0.066933
[2188672470] -0.066544
[2188681977] -0.066210
[2188687833] -0.066033
[2188695472] -0.065965
[2188703141] -0.065769
[2188715150] -0.064878
[2188719651] -0.064502
[2188726195] -0.064294
[2188735432] -0.064431
[2188744828] -0.064456
[2188749220] -0.064284
[2188757675] -0.063326
[2188765315] -0.062858
[2188773191] -0.062582
[2188780618] -0.062873
[2188788865] -0.062910
[2188795646] -0.062613
[2188803292] -0.062114
[2188812856] -0.061082
[2188819582] -0.060809
[2188826719] -0.060754
[2188834390] -0.060754
[2188842093] -0.060399
[2188850016] -0.059826
[2188860681] -0.058605
[2188866198] -0.058097
[2188872362] -0.058127
[2188880229] -0.058338
[2188892142] -0.058418
[2188896403] -0.058090
[2188903733] -0.057637
[2188912984] -0.057166
[2188921481] -0.057261
[2188926551] -0.057218
[2188935100] -0.057218
[2188942062] -0.056192
[2188951269] -0.055549
[2188957773] -0.055509
[2188965566] -0.055662
[2188972552] -0.055917
[2188981815] -0.055641
[2188987694] -0.055286
[2188995734] -0.054719
[2189003247] -0.054713
[2189015484] -0.054735
[2189019604] -0.054600
[2189027513] -0.053541
[2189035278] -0.052889
[2189045010] -0.052218
[2189049483] -0.052120
[2189057669] -0.052111
[2189065554] -0.052001
[2189073504] -0.051174
[2189080017] -0.050488
[2189090056] -0.049227
[2189096047] -0.048801
[2189103303] -0.048847
[2189112992] -0.048850
[2189119501] -0.048657
[2189126297] -0.047684
[2189134282] -0.047200
[2189142608] -0.046786
[2189149745] -0.046786
[2189158216] -0.046551
[2189166504] -0.045960
[2189172605] -0.045706
[2189180828] -0.045611
[2189191115] -0.045357
[2189195590] -0.044953
[2189203544] -0.044561
[2189212940] -0.043927
[2189221655] -0.043847
[2189226841] -0.043807
[2189235302] -0.043581
[2189242361] -0.042996
[2189251538] -0.042659
[2189258002] -0.042626
[2189266080] -0.042546
[2189272490] -0.042277
[2189281956] -0.041851
[2189287816] -0.041548
[2189295523] -0.041444
[2189303202] -0.041410
[2189315478] -0.041024
[2189319929] -0.040749
[2189326458] -0.040596
[2189335703] -0.040507
[2189345106] -0.040345
[2189349169] -0.040345
[2189357307] -0.039613
[2189365885] -0.039316
[2189373417] -0.039328
[2189380030] -0.039368
[2189388914] -0.039126
[2189395496] -0.038547
[2189403336] -0.038425
[2189412708] -0.038385
[2189418763] -0.038376
[2189426633] -0.037898
[2189434477] -0.037598
[2189441802] -0.037451
[2189449349] -0.037442
[2189457770] -0.037402
[2189466286] -0.036873
[2189472461] -0.036615
[2189480474] -0.036502
[2189493349] -0.036416
[2189497632] -0.036205
[2189503181] -0.035789
[2189513283] -0.035305
[2189521770] -0.035219
[2189526328] -0.034990
[2189534923] -0.034803
[2189543362] -0.034506
[2189550960] -0.034230
[2189557462] -0.034077
[2189567275] -0.033560
[2189573142] -0.033226
[2189583005] -0.032877
[2189589667] -0.032886
[2189596302] -0.032779
[2189603342] -0.032546
[2189612150] -0.031637
[2189618585] -0.031233
[2189626317] -0.031031
[2189635789] -0.031346
[2189645325] -0.031346
[2189649824] -0.031270
[2189658820] -0.030535
[2189666962] -0.029684
[2189674032] -0.029546
[2189680182] -0.029546
[2189690386] -0.029298
[2189695802] -0.028358
[2189703812] -0.027917
[2189712665] -0.027577
[2189719707] -0.027648
[2189726129] -0.027868
[2189734494] -0.027798
[2189742836] -0.027041
[2189749252] -0.026487
[2189757872] -0.025844
[2189765223] -0.025795
[2189772961] -0.025853
[2189782991] -0.025391
[2189791743] -0.024641
[2189796145] -0.024543
[2189804208] -0.024525
[2189813095] -0.024157
[2189821690] -0.022932
[2189826761] -0.022228
[2189836791] -0.021297
[2189842312] -0.021147
[2189852082] -0.021080
[2189857748] -0.020945
[2189866128] -0.020082
[2189872541] -0.019733
[2189882147] -0.019623
[2189888574] -0.019754
[2189896181] -0.019632
[2189904086] -0.019362
[2189913628] -0.018667
[2189919675] -0.018569
[2189926959] -0.018548
[2189936900] -0.018095
[2189944990] -0.017489
[2189949368] -0.016916
[2189957895] -0.015979
[2189966530] -0.015845
[2189974181] -0.015949
[2189980178] -0.015921
[2189989222] -0.015505
[2189995607] -0.014724
[2190003806] -0.014543
[2190013125] -0.014663
[2190019360] -0.014770
[2190026833] -0.014556
[2190034884] -0.014228
[2190044029] -0.013766
[2190050011] -0.013808
[2190057803] -0.014014
[2190065087] -0.013916
[2190073244] -0.013135
[2190083728] -0.012213
[2190091858] -0.012011
[2190096070] -0.012195
[2190103833] -0.012406
[2190113254] -0.012339
[2190121574] -0.011766
[2190126134] -0.011515
[2190135970] -0.011497
[2190143230] -0.011478
[2190151657] -0.011230
[2190158854] -0.010884
[2190166229] -0.010520
[2190172616] -0.010330
[2190182233] -0.009844
[2190190264] -0.009635
[2190196493] -0.009565
[2190203342] -0.009519
[2190212674] -0.008956
[2190218535] -0.008631
[2190226201] -0.008160
[2190237331] -0.008101
[2190244359] -0.008065
[2190249163] -0.007881
[2190258323] -0.007131
[2190266125] -0.006886
[2190274492] -0.007002
[2190280207] -0.007018
[2190289942] -0.006678
[2190295983] -0.006026
[2190303514] -0.005903
[2190312717] -0.006081
[2190319843] -0.006105
[2190326384] -0.005857
[2190334504] -0.005557
[2190342447] -0.005220
[2190349977] -0.005297
[2190358216] -0.005493
[2190367450] -0.005156
[2190372357] -0.004810
[2190380248] -0.004492
[2190393340] -0.004482
[2190397527] -0.004485
[2190403626] -0.004348
[2190412991] -0.003634
[2190421372] -0.003343
[2190426709] -0.003316
[2190437705] -0.002979
[2190442638] -0.002979
[2190451154] -0.002143
[2190457754] -0.002079
[2190465837] -0.002061
[2190473563] -0.002097
[2190483035] -0.001834
[2190489058] -0.001457
[2190496180] -0.000922
[2190504345] -0.000882
[2190512853] -0.000879
[2190518514] -0.000735
[2190526629] 0.000233
[2190536647] 0.000870
[2190545947] 0.001108
[2190550071] 0.001108
[2190559732] 0.001378
[2190566464] 0.002376
[2190574472] 0.002789
[2190580377] 0.003001
[2190589859] 0.003040
[2190596383] 0.003307
[2190604163] 0.003836
[2190612644] 0.004608
[2190619333] 0.004740
[2190627058] 0.004629
[2190634000] 0.004635
[2190641956] 0.005070
[2190649965] 0.005523
[2190665388] 0.006206
[2190670027] 0.006160
[2190674377] 0.006160
[2190680584] 0.006246
[2190692927] 0.007091
[2190697001] 0.007091
[2190703092] 0.007345
[2190714452] 0.007217
[2190720940] 0.007394
[2190726857] 0.007700
[2190738137] 0.008135
[2190743116] 0.008160
[2190751143] 0.008160
[2190757498] 0.008349
[2190766289] 0.008680
[2190772630] 0.008989
[2190782524] 0.008983
[2190789876] 0.008995
[2190796602] 0.009491
[2190803170] 0.009807
[2190813260] 0.009981
[2190819086] 0.009923
[2190826033] 0.009951
[2190835920] 0.010483
[2190844858] 0.010756
[2190849206] 0.010848
[2190858253] 0.010875
[2190867414] 0.011227
[2190873209] 0.011610
[2190881019] 0.011968
[2190889431] 0.011999
[2190895603] 0.012348
[2190903644] 0.012801
[2190914185] 0.013420
[2190918923] 0.013490
[2190926720] 0.013404
[2190934414] 0.013450
[2190942259] 0.014154
[2190949165] 0.014712
[2190957626] 0.015413
[2190967712] 0.015514
[2190972601] 0.015523
[2190980472] 0.015603
[2190993242] 0.016285
[2190997338] 0.016307
[2191003249] 0.016310
[2191013686] 0.016478
[2191021091] 0.016628
[2191026719] 0.016983
[2191034708] 0.017017
[2191043139] 0.017231
[2191051394] 0.017755
[2191057732] 0.018150
[2191066851] 0.018612
[2191073461] 0.018612
[2191083065] 0.018765
[2191087669] 0.018980
[2191095464] 0.019384
[2191103142] 0.020256
[2191117186] 0.020486
[2191121474] 0.020437
[2191126356] 0.020489
[2191135555] 0.020746
[2191144891] 0.021402
[2191149279] 0.021634
[2191161781] 0.021677
[2191166847] 0.021824
[2191172752] 0.022231
[2191180993] 0.023128
[2191189378] 0.023306
[2191195564] 0.023324
[2191203671] 0.023373
[2191213002] 0.024096
[2191219329] 0.024607
[2191227105] 0.025119
[2191236684] 0.025143
[2191242412] 0.025296
[2191250281] 0.025651
[2191256942] 0.026735
[2191264826] 0.027090
[2191272913] 0.027265
[2191281403] 0.027188
[2191291226] 0.027332
[2191296096] 0.028055
[2191304187] 0.028437
[2191312445] 0.028557
[2191320881] 0.028471
[2191326062] 0.028591
[2191335544] 0.028888
[2191343399] 0.029953
[2191351383] 0.030470
[2191358480] 0.030480
[2191366243] 0.030443
[2191372585] 0.030581
[2191382228] 0.031371
[2191388031] 0.031698
[2191395707] 0.031876
[2191403540] 0.031787
[2191416160] 0.032292
[2191420342] 0.032292
[2191426226] 0.033073
[2191441928] 0.033290
[2191446067] 0.033211
[2191450330] 0.033211
[2191459843] 0.033244
[2191465642] 0.033480
[2191473591] 0.034077
[2191480209] 0.034129
[2191490393] 0.034135
[2191495759] 0.034181
[2191503298] 0.034319
[2191513800] 0.034757
[2191519202] 0.034757
[2191526014] 0.034803
[2191535293] 0.034889
[2191544660] 0.035666
[2191549306] 0.036070
[2191557233] 0.036367
[2191564590] 0.036367
[2191572483] 0.036487
[2191580404] 0.036744
[2191592299] 0.037191
[2191596330] 0.037133
[2191603333] 0.037166
[2191613463] 0.037650
[2191621608] 0.038232
[2191626094] 0.038299
[2191635897] 0.037990
[2191643721] 0.037907
[2191651225] 0.038186
[2191657929] 0.038532
[2191666662] 0.038798
[2191673219] 0.038688
[2191683807] 0.038541
[2191690325] 0.038664
[2191696410] 0.039356
[2191704557] 0.039579
[2191712784] 0.039567
[2191718537] 0.039356
[2191726326] 0.039337
[2191737408] 0.039913
[2191743810] 0.040170
[2191749333] 0.040228
[2191758828] 0.039947
[2191767107] 0.039959
[2191774689] 0.040198
[2191780577] 0.040522
[2191789865] 0.040828
[2191795865] 0.040706
[2191803641] 0.040476
[2191813741] 0.040883
[2191818617] 0.041254
[2191826580] 0.041683
[2191834892] 0.041618
[2191843250] 0.041419
[2191849288] 0.041517
[2191857395] 0.042068
[2191864944] 0.042246
[2191873402] 0.042231
[2191880046] 0.042243
[2191892936] 0.042959
[2191897310] 0.043241
[2191903135] 0.043357
[2191913816] 0.043293
[2191921123] 0.043327
[2191927064] 0.043768
[2191936193] 0.044306
[2191942730] 0.044447
[2191952193] 0.044417
[2191959653] 0.044432
[2191967303] 0.044784
[2191973020] 0.045155
[2191983375] 0.045467
[2191989151] 0.045467
[2191995980] 0.045669
[2192003683] 0.045886
[2192013567] 0.046514
[2192019230] 0.046805
[2192026711] 0.046878
[2192037687] 0.046826
[2192045567] 0.047347
[2192049674] 0.047347
[2192058876] 0.047984
[2192067158] 0.048082
[2192072954] 0.048097
[2192080824] 0.048112
[2192090012] 0.048146
[2192095326] 0.048342
[2192103525] 0.048758
[2192114169] 0.048786
[2192119134] 0.048813
[2192126103] 0.049208
[2192135240] 0.049355
[2192143670] 0.049462
[2192149339] 0.049462
[2192157149] 0.049977
[2192164905] 0.050145
[2192172591] 0.050262
[2192180236] 0.050295
[2192192444] 0.050653
[2192196557] 0.050892
[2192203737] 0.050957
[2192214920] 0.050990
[2192221361] 0.051247
[2192226276] 0.051247
[2192237093] 0.051645
[2192242823] 0.051661
[2192252108] 0.052151
[2192257225] 0.052432
[2192267339] 0.052564
[2192273150] 0.052475
[2192282017] 0.052582
[2192290568] 0.052944
[2192296628] 0.053697
[2192303201] 0.053832
[2192312700] 0.053715
[2192318489] 0.053724
[2192326349] 0.054205
[2192335861] 0.054998
[2192344803] 0.054998
[2192349385] 0.055117
[2192358224] 0.055035
[2192367158] 0.055414
[2192373251] 0.055656
[2192382875] 0.055742
[2192389430] 0.055742
[2192395420] 0.055721
[2192403234] 0.056134
[2192414463] 0.056498
[2192418615] 0.056517
[2192426426] 0.056406
[2192434576] 0.056471
[2192442443] 0.056948
[2192449886] 0.057089
[2192457979] 0.057175
[2192467515] 0.057212
[2192473337] 0.057432
[2192481018] 0.057702
[2192491799] 0.057778
[2192496155] 0.057790
[2192504112] 0.057839
[2192513062] 0.058231
[2192520969] 0.058366
[2192527106] 0.058390
[2192535133] 0.058409
[2192543925] 0.058706
[2192551350] 0.058883
[2192558332] 0.058911
[2192566988] 0.058951
[2192572908] 0.058984
[2192582529] 0.059447
[2192590703] 0.059533
[2192595578] 0.059578
[2192604096] 0.059585
[2192612759] 0.059637
[2192618620] 0.059842
[2192626246] 0.060025
[2192635529] 0.060062
[2192645490] 0.060335
[2192649714] 0.060561
[2192661112] 0.060984
[2192667065] 0.060944
[2192674781] 0.060962
[2192680638] 0.061403
[2192690077] 0.061875
[2192695819] 0.062833
[2192704360] 0.063081
[2192713371] 0.063014
[2192718581] 0.062913
[2192726516] 0.063087
[2192739581] 0.063981
[2192744635] 0.064361
[2192749462] 0.064603
[2192757209] 0.064615
[2192765171] 0.064640
[2192772355] 0.065295
[2192780216] 0.065295
[2192792487] 0.065993
[2192796536] 0.065806
[2192803533] 0.065772
[2192813012] 0.066020
[2192821595] 0.066382
[2192826266] 0.066421
[2192836568] 0.066504
[2192842927] 0.066755
[2192851471] 0.067230
[2192858061] 0.067374
[2192866515] 0.067349
[2192872471] 0.067371
[2192882452] 0.067842
[2192890475] 0.068148
[2192896933] 0.068363
[2192903457] 0.068246
[2192913069] 0.068188
[2192918771] 0.068338
[2192926326] 0.069156
[2192935868] 0.069584
[2192945819] 0.069462
[2192949849] 0.069462
[2192958607] 0.069560
[2192967006] 0.070270
[2192975722] 0.070677
[2192980629] 0.070840
[2192989247] 0.070800
[2192995658] 0.070959
[2193003461] 0.071351
[2193014492] 0.072211
[2193019266] 0.072211
[2193026851] 0.072150
[2193035603] 0.072110
[2193043922] 0.072429
[2193051098] 0.073185
[2193057146] 0.073445
[2193064573] 0.073503
[2193072440] 0.073522
[2193080391] 0.073696
[2193092600] 0.075120
[2193096558] 0.075356
[2193104055] 0.075414
[2193114047] 0.075049
[2193120656] 0.074912
[2193126445] 0.075028
[2193136815] 0.075723
[2193142817] 0.076057
[2193151189] 0.076087
[2193157644] 0.075882
[2193166554] 0.075775
[2193172457] 0.075971
[2193182262] 0.076308
[2193190674] 0.076485
[2193195630] 0.076237
[2193203406] 0.076231
[2193213646] 0.076519
[2193219438] 0.076825
[2193226260] 0.077104
[2193238014] 0.076816
[2193245172] 0.076752
[2193249331] 0.076810
[2193257622] 0.077382
[2193266791] 0.077621
[2193274362] 0.077511
[2193280479] 0.077324
[2193290977] 0.077600
[2193295566] 0.077600
[2193303297] 0.078194
[2193314222] 0.078270
[2193318802] 0.078512
[2193326772] 0.078754
[2193335326] 0.078901
[2193341964] 0.079069
[2193349626] 0.079073
[2193357864] 0.079510
[2193368108] 0.079869
[2193372560] 0.079862
[2193380433] 0.079847
[2193393290] 0.080089
[2193397386] 0.080539
[2193403444] 0.080968
[2193412946] 0.081363
[2193421228] 0.081350
[2193427035] 0.081418
[2193440687] 0.081892
[2193444997] 0.082064
[2193451232] 0.082052
[2193459123] 0.082085
[2193467407] 0.082290
[2193473361] 0.082701
[2193482156] 0.082725
[2193490483] 0.082737
[2193496525] 0.083007
[2193503884] 0.083338
[2193513299] 0.083579
[2193518991] 0.083442
[2193526658] 0.083414
[2193535339] 0.083677
[2193546122] 0.084207
[2193550338] 0.084207
[2193557892] 0.084033
[2193566903] 0.084170
[2193573865] 0.084504
[2193582128] 0.084770
[2193590916] 0.084823
[2193595731] 0.084847
[2193603547] 0.084917
[2193613227] 0.085407
[2193619602] 0.085407
[2193626299] 0.085481
[2193634950] 0.085496
[2193642541] 0.085548
[2193650237] 0.085723
[2193664117] 0.085958
[2193668941] 0.085998
[2193673516] 0.086004
[2193680117] 0.086007
[2193693280] 0.086237
[2193697351] 0.086283
[2193703126] 0.086311
[2193714014] 0.086375
[2193720418] 0.086503
[2193726290] 0.086635
[2193736836] 0.086675
[2193742598] 0.086739
[2193751370] 0.086862
[2193758232] 0.086950
[2193766921] 0.087009
[2193773082] 0.087036
[2193783018] 0.087104
[2193787808] 0.087104
[2193795495] 0.087214
[2193803185] 0.087272
[2193817272] 0.087489
[2193821324] 0.087514
[2193826307] 0.087581
[2193841260] 0.087799
[2193845506] 0.087799
[2193849698] 0.087799
[2193858395] 0.087893
[2193866947] 0.088105
[2193874065] 0.088151
[2193880149] 0.088181
[2193890893] 0.088304
[2193895499] 0.088304
[2193904109] 0.088487
[2193913061] 0.088625
[2193918847] 0.088656
[2193926775] 0.088702
[2193934499] 0.088735
[2193942387] 0.089057
[2193949995] 0.089094
[2193960657] 0.089152
[2193967001] 0.089185
[2193972994] 0.089238
[2193981183] 0.089403
[2193991987] 0.089467
[2193996154] 0.089492
[2194003400] 0.089522
[2194014648] 0.089596
[2194020894] 0.089657
[2194026754] 0.089691
[2194036563] 0.089743
[2194044356] 0.089816
[2194050805] 0.089853
[2194058675] 0.089942
[2194067103] 0.089991
[2194073134] 0.090061
[2194082897] 0.090184
[2194087728] 0.090236
[2194095515] 0.090275
[2194103350] 0.090318
[2194117302] 0.090471
[2194121356] 0.090505
[2194127195] 0.090533
[2194141948] 0.090591
[2194146099] 0.090621
[2194150203] 0.090621
[2194159278] 0.090649
[2194166449] 0.090677
[2194265205] 0.090775
[2194269716] 0.090820
[2194278102] 0.090830
[2194286274] 0.090836
[2194294790] 0.090839
[2194300413] 0.090839
[2194307949] 0.090845
[2194315742] 0.090848
[2194323494] 0.090854
[2194331174] 0.090857
[2194338664] 0.090860
[2194346323] 0.090863
[2194354342] 0.090866
[2194361930] 0.090869
[2194369296] 0.090869
[2194377461] 0.090873
[2194385458] 0.090873
[2194392772] 0.090873
[2194400279] 0.090873
[2194410047] 0.090876
[2194415638] 0.090876
[2194423412] 0.090879
[2194431165] 0.090879
[2194440219] 0.090879
[2194446509] 0.090882
[2194454227] 0.090882
[2194461933] 0.090885
[2194471393] 0.090888
[2194477018] 0.090888
[2194484868] 0.090888
[2194492552] 0.090888
[2194502061] 0.090888
[2194507840] 0.090888
[2194515522] 0.090888
[2194523310] 0.090888
[2194533047] 0.090891
[2194541667] 0.090891
[2194546546] 0.090891
[2194600116] 0.090894
[2194604294] 0.090894
[2194663139] 0.090974
[2194667530] 0.090998
[2194675216] 0.091191
[2194689994] 0.091225
[2194694103] 0.091050
[2194698236] 0.091093
[2194706090] 0.091188
[2194714381] 0.091209
[2194721650] 0.091240
[2194729529] 0.091252
[2194741249] 0.091280
[2194745483] 0.091292
[2194752835] 0.091310
[2194761775] 0.091329
[2194770087] 0.091338
[2194775421] 0.091344
[2194784445] 0.091356
[2194793074] 0.091369
[2194800845] 0.091375
[2194806307] 0.091378
[2194815994] 0.091390
[2194822135] 0.091399
[2194831263] 0.091408
[2194837180] 0.091414
[2194844777] 0.091414
[2194852739] 0.091430
[2194866753] 0.091442
[2194870740] 0.091442
[2194875071] 0.091445
[2194883591] 0.091635
[2194894453] 0.091454
[2194898557] 0.091466
[2194906670] 0.091699
[2194915856] 0.091601
[2194923647] 0.091632
[2194929836] 0.091662
[2194938879] 0.091767
[2194944827] 0.091782
[2194955409] 0.091803
[2194961743] 0.091806
[2194968747] 0.091819
[2194975243] 0.091828
[2194983230] 0.091840
[2194990916] 0.091843
[2194998720] 0.091855
[2195006894] 0.091865
[2195017282] 0.091877
[2195021776] 0.091883
[2195029489] 0.091889
[2195042389] 0.091917
[2195047203] 0.092005
[2195051859] 0.092030
[2195062466] 0.092060
[2195069805] 0.092079
[2195075772] 0.092097
[2195084039] 0.092214
[2195093026] 0.092263
[2195100384] 0.092275
[2195106980] 0.092290
[2195115481] 0.092299
[2195121872] 0.092318
[2195131257] 0.092333
[2195137006] 0.092342
[2195144256] 0.092348
[2195151989] 0.092425
[2195165907] 0.092468
[2195170063] 0.092486
[2195175626] 0.092529
[2195185912] 0.092664
[2195193868] 0.092710
[2195198169] 0.092725
[2195206403] 0.092752
[2195216699] 0.092795
[2195223108] 0.092857
[2195229116] 0.092881
[2195239746] 0.092955
[2195244447] 0.093071
[2195254224] 0.093129
[2195262638] 0.093175
[2195267991] 0.093193
[2195275800] 0.093221
[2195284371] 0.093451
[2195293264] 0.093518
[2195299019] 0.093518
[2195306571] 0.093607
[2195314250] 0.093751
[2195321789] 0.093876
[2195329422] 0.093913
[2195338368] 0.093971
[2195345006] 0.094124
[2195352668] 0.094449
[2195362202] 0.094488
[2195371058] 0.094504
[2195375124] 0.094504
[2195383898] 0.095119
[2195392096] 0.095370
[2195400059] 0.095254
[2195406097] 0.095196
[2195415162] 0.095465
[2195421364] 0.096041
[2195431379] 0.096065
[2195438756] 0.095857
[2195445031] 0.095799
[2195452546] 0.096065
[2195462132] 0.096573
[2195467931] 0.096607
[2195475186] 0.096482
[2195485156] 0.096359
[2195494869] 0.096812
[2195498995] 0.097066
[2195506894] 0.097106
[2195515443] 0.096923
[2195523116] 0.096962
[2195529212] 0.097195
[2195541012] 0.097667
[2195545720] 0.097667
[2195553425] 0.097565
[2195562619] 0.097841
[2195568654] 0.098178
[2195575414] 0.098460
[2195582679] 0.098475
[2195590459] 0.098273
[2195598186] 0.098273
[2195605785] 0.098564
[2195616901] 0.098943
[2195621242] 0.098757
[2195629025] 0.098453
[2195642120] 0.098597
[2195646460] 0.098888
[2195651992] 0.099136
[2195660931] 0.099136
[2195669888] 0.098723
[2195675003] 0.098704
[2195683677] 0.099179
[2195692071] 0.099497
[2195699843] 0.099577
[2195706124] 0.099301
[2195714941] 0.099311
[2195721405] 0.099791
[2195730936] 0.100024
[2195736609] 0.100036
[2195744526] 0.099966
[2195752208] 0.100000
[2195764504] 0.100719
[2195769000] 0.100820
[2195775191] 0.100823
[2195783360] 0.100489
[2195794118] 0.100643
[2195798319] 0.100924
[2195805765] 0.101218
[2195815641] 0.101286
[2195823075] 0.101374
[2195828816] 0.101488
[2195838919] 0.101524
[2195845047] 0.101693
[2195854490] 0.101772
[2195861635] 0.101901
[2195868630] 0.101916
[2195875053] 0.101935
[2195882831] 0.102030
[2195890365] 0.102115
[2195898352] 0.102183
[2195906504] 0.102262
[2195917028] 0.102326
[2195921525] 0.102369
[2195928879] 0.102394
[2195941098] 0.102434
[2195945480] 0.102440
[2195952929] 0.102477
[2195961673] 0.102529
[2195969538] 0.102553
[2195975600] 0.102578
[2195983554] 0.102648
[2195992041] 0.102731
[2195999848] 0.102731
[2196005981] 0.102801
[2196015785] 0.102871
[2196021521] 0.102963
[2196031253] 0.103040
[2196036964] 0.103067
[2196044616] 0.103172
[2196052180] 0.103239
[2196063687] 0.103282
[2196068860] 0.103300
[2196075108] 0.103306
[2196083405] 0.103407
[2196093516] 0.103481
[2196098304] 0.103518
[2196105984] 0.103554
[2196116175] 0.103720
[2196122645] 0.103775
[2196128827] 0.103811
[2196139346] 0.104032
[2196145208] 0.104243
[2196152812] 0.104546
[2196160632] 0.104558
[2196168170] 0.104476
[2196176183] 0.104926
[2196183619] 0.105257
[2196190713] 0.105468
[2196198266] 0.105373
[2196206288] 0.105128
[2196216433] 0.105416
[2196221491] 0.105725
[2196229306] 0.105878
[2196241317] 0.105765
[2196245590] 0.105765
[2196252058] 0.106138
[2196260782] 0.106371
[2196268150] 0.106533
[2196275444] 0.106451
[2196283583] 0.106386
[2196291133] 0.106953
[2196300406] 0.107161
[2196306274] 0.107106
[2196315668] 0.106965
[2196322009] 0.107072
[2196331001] 0.107332
[2196336620] 0.107623
[2196344293] 0.107535
[2196351853] 0.107265
[2196364126] 0.107513
[2196368752] 0.107822
[2196375290] 0.108067
[2196383703] 0.108015
[2196393906] 0.107807
[2196398255] 0.107871
[2196406101] 0.108557
[2196415578] 0.108961
[2196423270] 0.109176
[2196429064] 0.109050
[2196438375] 0.108735
[2196444752] 0.108762
[2196454032] 0.109372
[2196462191] 0.110091
[2196468862] 0.110177
[2196474962] 0.110152
[2196484594] 0.110253
[2196490446] 0.110547
[2196498926] 0.111763
[2196506332] 0.112700
[2196516516] 0.112889
[2196521215] 0.112709
[2196529749] 0.112418
[2196541877] 0.112406
[2196546495] 0.112406
[2196551981] 0.112831
[2196561057] 0.112868
[2196569868] 0.112461
[2196575466] 0.112329
[2196583525] 0.112684
[2196591942] 0.112837
[2196600029] 0.113021
[2196605910] 0.112893
[2196616032] 0.112476
[2196621538] 0.112764
[2196631298] 0.113288
[2196637016] 0.113376
[2196644507] 0.113138
[2196652578] 0.112942
[2196664522] 0.113229
[2196668787] 0.113468
[2196675305] 0.113508
[2196683649] 0.113107
[2196694085] 0.113190
[2196698130] 0.113340
[2196705787] 0.113741
[2196715827] 0.114001
[2196723415] 0.113900
[2196729472] 0.113909
[2196738371] 0.114243
[2196744663] 0.114555
[2196753785] 0.114791
[2196760854] 0.114727
[2196768107] 0.114867
[2196775534] 0.115100
[2196782993] 0.115284
[2196790608] 0.115284
[2196798131] 0.115431
[2196806148] 0.115526
[2196816547] 0.115614
[2196821273] 0.115636
[2196828943] 0.115749
[2196841249] 0.115948
[2196845393] 0.115988
[2196852092] 0.115982
[2196861231] 0.116006
[2196869573] 0.116257
[2196875607] 0.116325
[2196883729] 0.116386
[2196892064] 0.116426
[2196898065] 0.116426
[2196905823] 0.116671
[2196915903] 0.116750
[2196921416] 0.116799
[2196931172] 0.116802
[2196936722] 0.116885
[2196944224] 0.117020
[2196951843] 0.117072
[2196964038] 0.117118
[2196968876] 0.117124
[2196975217] 0.117164
[2196983443] 0.117338
[2196993754] 0.117406
[2196998227] 0.117436
[2197005925] 0.117470
[2197016324] 0.117623
[2197023697] 0.117693
[2197029733] 0.117727
[2197038528] 0.117825
[2197045677] 0.117856
[2197053441] 0.117905
[2197060818] 0.117929
[2197067665] 0.117990
[2197075353] 0.118012
[2197082804] 0.118045
[2197091345] 0.118082
[2197098858] 0.118104
[2197106313] 0.118159
[2197116855] 0.118220
[2197121403] 0.118223
[2197129630] 0.118223
[2197141734] 0.118269
[2197145922] 0.118303
[2197151897] 0.118413
[2197161060] 0.118471
[2197169810] 0.118520
[2197174855] 0.118541
[2197183506] 0.118667
[2197191592] 0.118725
[2197201018] 0.118783
[2197205962] 0.118808
[2197215723] 0.118857
[2197221261] 0.118887
[2197230824] 0.118897
[2197236710] 0.118924
[2197244285] 0.118940
[2197251947] 0.118973
[2197264036] 0.119031
[2197268774] 0.119059
[2197275375] 0.119090
[2197283800] 0.119148
[2197294023] 0.119246
[2197298336] 0.119276
[2197306006] 0.119307
[2197315604] 0.119383
[2197323094] 0.119543
[2197328858] 0.119582
[2197338416] 0.119570
[2197344555] 0.119625
[2197353984] 0.119794
[2197360884] 0.119812
[2197367941] 0.119834
[2197375402] 0.119843
[2197382770] 0.120066
[2197390808] 0.120121
[2197398294] 0.120180
[2197406015] 0.120180
[2197417295] 0.120400
[2197421479] 0.120443
[2197428996] 0.120470
[2197441192] 0.120522
[2197445444] 0.120538
[2197452520] 0.120697
[2197461385] 0.120731
[2197470649] 0.120767
[2197475969] 0.120780
[2197484568] 0.120835
[2197492155] 0.120911
[2197500146] 0.120939
[2197506110] 0.120969
[2197516046] 0.121046
[2197521566] 0.121110
[2197531467] 0.121165
[2197537449] 0.121227
[2197544660] 0.121260
[2197552093] 0.121322
[2197564333] 0.121371
[2197568918] 0.121389
[2197575045] 0.121416
[2197583456] 0.121465
[2197593910] 0.121530
[2197598111] 0.121563
[2197605820] 0.121594
[2197615016] 0.121649
[2197622872] 0.121741
[2197628821] 0.121772
[2197638740] 0.121833
[2197644763] 0.121857
[2197654076] 0.121919
[2197661064] 0.122032
[2197668131] 0.122081
[2197675276] 0.122099
[2197683810] 0.122142
[2197690612] 0.122191
[2197698583] 0.122320
[2197706516] 0.122372
[2197717353] 0.122424
[2197721670] 0.122445
[2197729436] 0.122586
[2197741488] 0.122745
[2197745677] 0.122770
[2197751803] 0.122791
[2197761259] 0.122813
[2197767904] 0.123045
[2197775239] 0.123085
[2197783644] 0.123113
[2197791662] 0.123122
[2197799715] 0.123355
[2197805999] 0.123584
[2197815894] 0.123627
[2197821274] 0.123599
[2197830831] 0.123612
[2197836569] 0.124022
[2197844334] 0.124120
[2197851979] 0.124108
[2197863861] 0.124138
[2197868603] 0.124138
[2197875114] 0.124509
[2197883322] 0.124616
[2197893918] 0.124625
[2197898073] 0.124628
[2197905910] 0.124637
[2197916068] 0.125045
[2197922599] 0.125097
[2197929090] 0.125103
[2197938717] 0.125106
[2197945063] 0.125115
[2197954280] 0.125452
[2197961432] 0.125495
[2197968667] 0.125504
[2197975164] 0.125501
[2197984426] 0.125522
[2197990473] 0.125678
[2197998232] 0.125847
[2198006180] 0.125874
[2198016386] 0.125911
[2198021223] 0.126031
[2198028981] 0.126031
[2198038575] 0.126236
[2198045716] 0.126260
[2198051945] 0.126539
[2198061834] 0.126655
[2198070393] 0.126677
[2198075037] 0.126695
[2198083712] 0.127240
[2198091425] 0.127620
[2198100162] 0.127601
[2198106015] 0.127417
[2198115394] 0.127286
[2198121397] 0.127730
[2198131226] 0.127990
[2198136929] 0.127874
[2198144495] 0.127757
[2198152286] 0.127880
[2198163985] 0.128685
[2198168923] 0.129056
[2198175144] 0.129276
[2198183458] 0.129248
[2198193574] 0.129359
[2198198288] 0.129698
[2198206059] 0.130103
[2198215255] 0.130378
[2198223029] 0.130191
[2198228947] 0.130124
[2198238563] 0.130403
[2198245208] 0.130684
[2198254288] 0.131006
[2198261343] 0.130981
[2198268690] 0.131073
[2198275086] 0.131370
[2198284489] 0.131787
[2198290504] 0.131784
[2198298235] 0.131591
[2198305927] 0.131633
[2198315595] 0.132310
[2198321465] 0.133164
[2198329020] 0.133308
[2198338243] 0.133146
[2198344914] 0.133088
[2198352221] 0.133293
[2198361128] 0.133706
[2198370082] 0.134600
[2198375263] 0.134802
[2198383995] 0.134720
[2198391172] 0.134518
[2198401082] 0.134591
[2198405879] 0.134833
[2198415316] 0.135605
[2198421313] 0.135797
[2198430864] 0.135638
[2198436705] 0.135504
[2198444207] 0.135641
[2198452148] 0.136422
[2198464322] 0.136759
[2198469261] 0.136848
[2198475030] 0.136682
[2198483310] 0.136465
[2198493816] 0.136897
[2198498305] 0.137163
[2198505828] 0.137344
[2198515448] 0.137221
[2198523535] 0.137298
[2198529412] 0.137537
[2198539177] 0.137812
[2198546144] 0.137785
[2198554270] 0.137772
[2198561793] 0.138155
[2198568318] 0.138424
[2198575886] 0.138522
[2198583227] 0.138317
[2198591407] 0.138351
[2198598980] 0.138623
[2198606976] 0.139367
[2198615894] 0.139367
[2198621513] 0.139184
[2198629018] 0.139110
[2198640970] 0.139349
[2198645488] 0.139707
[2198652334] 0.140280
[2198661514] 0.140301
[2198670450] 0.140216
[2198676154] 0.140286
[2198683332] 0.140987
[2198691501] 0.141309
[2198699939] 0.141247
[2198705973] 0.141094
[2198715121] 0.141094
[2198721167] 0.141367
[2198730728] 0.141958
[2198736679] 0.141924
[2198744418] 0.141728
[2198752048] 0.141700
[2198764096] 0.142273
[2198768968] 0.142481
[2198775156] 0.142533
[2198783456] 0.142258
[2198793933] 0.142291
[2198798355] 0.142582
[2198806452] 0.143265
[2198815380] 0.143354
[2198823169] 0.143173
[2198829081] 0.143115
[2198838569] 0.143384
[2198845153] 0.143663
[2198853635] 0.143816
[2198860956] 0.143746
[2198868030] 0.143859
[2198875333] 0.144076
[2198882846] 0.144358
[2198890396] 0.144337
[2198898735] 0.144214
[2198906307] 0.144637
[2198916625] 0.145105
[2198921382] 0.145124
[2198929317] 0.144970
[2198938256] 0.144673
[2198944911] 0.144735
[2198952603] 0.145341
[2198980153] 0.145283
[2198986940] 0.145745
[2198993546] 0.146351
[2199002739] 0.147496
[2199007944] 0.147827
[2199015797] 0.147968
[2199023391] 0.147769
[2199032529] 0.146896
[2199038431] 0.146498
[2199045789] 0.146275
[2199053529] 0.146210
[2199065141] 0.146180
[2199069452] 0.146152
