[01m[K/home/nicolas/catkin_ws/src/aubo_robot/aubo_driver/src/aubo_control.cpp:38:23:[m[K [01;31m[Kerror: [m[KISO C++ forbids in-class initialization of non-const static member ‘[01m[KAuboControl::nJoints[m[K’
  static int nJoints = 6;
[01;32m[K                       ^[m[K
[01m[K/home/nicolas/catkin_ws/src/aubo_robot/aubo_driver/src/aubo_control.cpp:128:33:[m[K [01;31m[Kerror: [m[Karray bound is not an integer constant before ‘[01m[K][m[K’ token
     double zero_position[nJoints] = {0};
[01;32m[K                                 ^[m[K
[01m[K/home/nicolas/catkin_ws/src/aubo_robot/aubo_driver/src/aubo_control.cpp:130:36:[m[K [01;31m[Kerror: [m[Karray bound is not an integer constant before ‘[01m[K][m[K’ token
     double initial_position[nJoints] = {0.0/180.0*pi,  -7.2917/180.0*pi,  -75.6946/180.0*pi, 21.5967/180.0*pi, -90.0/180.0*pi, 0.0/180.0*pi};
[01;32m[K                                    ^[m[K
[01m[K/home/nicolas/catkin_ws/src/aubo_robot/aubo_driver/src/aubo_control.cpp:132:34:[m[K [01;31m[Kerror: [m[Karray bound is not an integer constant before ‘[01m[K][m[K’ token
  double initial_position2[nJoints] = {0.0/180.0*pi,  -7.2917/180.0*pi,  -75.6946/180.0*pi, 21.5967/180.0*pi, 90.0/180.0*pi, 0.0/180.0*pi};
[01;32m[K                                  ^[m[K
[01m[K/home/nicolas/catkin_ws/src/aubo_robot/aubo_driver/src/aubo_control.cpp:134:37:[m[K [01;31m[Kerror: [m[Karray bound is not an integer constant before ‘[01m[K][m[K’ token
     double initial_position3[nJoints] = {90.0/180.0*pi,  -7.2917/180.0*pi,  -75.6946/180.0*pi, 21.5967/180.0*pi, -90.0/180.0*pi, 0.0/180.0*pi};
[01;32m[K                                     ^[m[K
[01m[K/home/nicolas/catkin_ws/src/aubo_robot/aubo_driver/src/aubo_control.cpp:136:46:[m[K [01;31m[Kerror: [m[Karray bound is not an integer constant before ‘[01m[K][m[K’ token
     double initial_position_bluechair[nJoints] = {0.0/180.0*pi,  14.8137/180.0*pi,  -134.2134/180.0*pi, -59.0270/180.0*pi, -90.0/180.0*pi, 0.0/180.0*pi};
[01;32m[K                                              ^[m[K
[01m[K/home/nicolas/catkin_ws/src/aubo_robot/aubo_driver/src/aubo_control.cpp:138:43:[m[K [01;31m[Kerror: [m[Karray bound is not an integer constant before ‘[01m[K][m[K’ token
     double initial_position_stairs[nJoints] = {0.0/180.0*pi,  0.7939/180.0*pi,  -128.2163/180.0*pi, -39.0101/180.0*pi, -90.0/180.0*pi, 0.0/180.0*pi};
[01;32m[K                                           ^[m[K
make[2]: *** [CMakeFiles/aubo_control.dir/src/aubo_control.cpp.o] Error 1
make[1]: *** [CMakeFiles/aubo_control.dir/all] Error 2
make: *** [all] Error 2
