[  0%] Built target roscpp_generate_messages_cpp
[  0%] Built target topic_tools_generate_messages_py
[  0%] Built target geometry_msgs_generate_messages_cpp
[ 16%] Built target aubo_gazebo_driver
[ 16%] Built target std_msgs_generate_messages_nodejs
[ 16%] Built target std_srvs_generate_messages_eus
[ 16%] Built target std_msgs_generate_messages_lisp
[ 16%] Built target std_srvs_generate_messages_nodejs
[ 16%] Built target std_msgs_generate_messages_eus
[ 16%] Built target geometry_msgs_generate_messages_py
[ 16%] Built target std_msgs_generate_messages_py
[ 16%] Built target roscpp_generate_messages_eus
[ 16%] Built target sensor_msgs_generate_messages_eus
[ 16%] Built target geometry_msgs_generate_messages_nodejs
[ 16%] Built target aubo_msgs_generate_messages_nodejs
[ 16%] Built target aubo_msgs_generate_messages_lisp
[ 16%] Built target std_srvs_generate_messages_lisp
[ 16%] Built target geometry_msgs_generate_messages_lisp
[ 16%] Built target std_msgs_generate_messages_cpp
[ 16%] Built target sensor_msgs_generate_messages_cpp
[ 16%] Built target sensor_msgs_generate_messages_py
[ 16%] Built target geometry_msgs_generate_messages_eus
[ 16%] Built target std_srvs_generate_messages_cpp
[ 16%] Built target sensor_msgs_generate_messages_lisp
[ 16%] Built target roscpp_generate_messages_lisp
[ 16%] Built target rosgraph_msgs_generate_messages_eus
[ 16%] Built target topic_tools_generate_messages_cpp
[ 16%] Built target roscpp_generate_messages_py
[ 16%] Built target roscpp_generate_messages_nodejs
[ 16%] Built target rosgraph_msgs_generate_messages_cpp
[ 16%] Built target topic_tools_generate_messages_nodejs
[ 16%] Built target aubo_msgs_generate_messages_eus
[ 16%] Built target rosgraph_msgs_generate_messages_lisp
[ 16%] Built target rosgraph_msgs_generate_messages_nodejs
[ 16%] Built target rosgraph_msgs_generate_messages_py
[ 16%] Built target std_srvs_generate_messages_py
[ 16%] Built target aubo_msgs_generate_messages_cpp
[ 16%] Built target aubo_msgs_generate_messages_py
[ 16%] Built target sensor_msgs_generate_messages_nodejs
[ 16%] Built target topic_tools_generate_messages_eus
[ 16%] Built target topic_tools_generate_messages_lisp
[35m[1mScanning dependencies of target aubo_control[0m
[ 33%] Built target sendJointPos
[ 50%] Built target testAuboAPI
[ 66%] Built target testIO
[ 83%] Built target aubo_driver
[ 91%] [32mBuilding CXX object CMakeFiles/aubo_control.dir/src/aubo_control.cpp.o[0m
[100%] [32m[1mLinking CXX executable /home/nicolas/catkin_ws/devel/.private/aubo_driver/lib/aubo_driver/aubo_control[0m
[100%] Built target aubo_control
