[01m[K/home/nicolas/catkin_ws/src/aubo_robot/aubo_driver/src/force_control_topic.cpp:574:35:[m[K [01;35m[Kwarning: [m[Kcharacter constant too long for its type
   ROS_DEBUG('Force = %d', force(2));
[01;32m[K                                   ^[m[K
In file included from [01m[K/opt/ros/kinetic/include/ros/ros.h:40:0[m[K,
                 from [01m[K/home/nicolas/catkin_ws/src/aubo_robot/aubo_driver/src/force_control_topic.cpp:1[m[K:
[01m[K/home/nicolas/catkin_ws/src/aubo_robot/aubo_driver/src/force_control_topic.cpp:[m[K In member function ‘[01m[Kvoid JointControl::execute()[m[K’:
[01m[K/opt/ros/kinetic/include/ros/console.h:346:176:[m[K [01;31m[Kerror: [m[Kinvalid conversion from ‘[01m[Kint[m[K’ to ‘[01m[Kconst char*[m[K’ [-fpermissive]
     ::ros::console::print(filter, __rosconsole_define_location__loc.logger_, __rosconsole_define_location__loc.level_, __FILE__, __LINE__, __ROSCONSOLE_FUNCTION__, __VA_ARGS__)
[01;32m[K                                                                                                                                                                                ^[m[K
[01m[K/opt/ros/kinetic/include/ros/console.h:349:5:[m[K [01;36m[Knote: [m[Kin expansion of macro ‘[01m[KROSCONSOLE_PRINT_AT_LOCATION_WITH_FILTER[m[K’
     ROSCONSOLE_PRINT_AT_LOCATION_WITH_FILTER(0, __VA_ARGS__)
[01;32m[K     ^[m[K
[01m[K/opt/ros/kinetic/include/ros/console.h:379:7:[m[K [01;36m[Knote: [m[Kin expansion of macro ‘[01m[KROSCONSOLE_PRINT_AT_LOCATION[m[K’
       ROSCONSOLE_PRINT_AT_LOCATION(__VA_ARGS__); \
[01;32m[K       ^[m[K
[01m[K/opt/ros/kinetic/include/ros/console.h:561:35:[m[K [01;36m[Knote: [m[Kin expansion of macro ‘[01m[KROS_LOG_COND[m[K’
 #define ROS_LOG(level, name, ...) ROS_LOG_COND(true, level, name, __VA_ARGS__)
[01;32m[K                                   ^[m[K
[01m[K/opt/ros/kinetic/include/rosconsole/macros_generated.h:58:24:[m[K [01;36m[Knote: [m[Kin expansion of macro ‘[01m[KROS_LOG[m[K’
 #define ROS_DEBUG(...) ROS_LOG(::ros::console::levels::Debug, ROSCONSOLE_DEFAULT_NAME, __VA_ARGS__)
[01;32m[K                        ^[m[K
[01m[K/home/nicolas/catkin_ws/src/aubo_robot/aubo_driver/src/force_control_topic.cpp:574:3:[m[K [01;36m[Knote: [m[Kin expansion of macro ‘[01m[KROS_DEBUG[m[K’
   ROS_DEBUG('Force = %d', force(2));
[01;32m[K   ^[m[K
[01m[K/opt/ros/kinetic/include/ros/console.h:156:22:[m[K [01;36m[Knote: [m[K  initializing argument 7 of ‘[01m[Kvoid ros::console::print(ros::console::FilterBase*, void*, ros::console::Level, const char*, int, const char*, const char*, ...)[m[K’
 ROSCONSOLE_DECL void print(FilterBase* filter, void* logger, Level level,
[01;32m[K                      ^[m[K
make[2]: *** [CMakeFiles/force_control_topic.dir/src/force_control_topic.cpp.o] Error 1
make[1]: *** [CMakeFiles/force_control_topic.dir/all] Error 2
make: *** [all] Error 2
