[01m[K/home/nicolas/catkin_ws/src/aubo_robot/aubo_driver/src/force_control_topic.cpp:54:26:[m[K [01;31m[Kerror: [m[K‘[01m[KARM_DOF[m[K’ was not declared in this scope
     double zero_position[ARM_DOF] = {0};
[01;32m[K                          ^[m[K
[01m[K/home/nicolas/catkin_ws/src/aubo_robot/aubo_driver/src/force_control_topic.cpp:56:29:[m[K [01;31m[Kerror: [m[K‘[01m[KARM_DOF[m[K’ was not declared in this scope
     double initial_position[ARM_DOF] = {0.0/180.0*pi,  -7.2917/180.0*pi,  -75.6946/180.0*pi, 21.5967/180.0*pi, -90.0/180.0*pi, 0.0/180.0*pi};
[01;32m[K                             ^[m[K
[01m[K/home/nicolas/catkin_ws/src/aubo_robot/aubo_driver/src/force_control_topic.cpp:58:27:[m[K [01;31m[Kerror: [m[K‘[01m[KARM_DOF[m[K’ was not declared in this scope
  double initial_position2[ARM_DOF] = {0.0/180.0*pi,  -7.2917/180.0*pi,  -75.6946/180.0*pi, 21.5967/180.0*pi, 90.0/180.0*pi, 0.0/180.0*pi};
[01;32m[K                           ^[m[K
[01m[K/home/nicolas/catkin_ws/src/aubo_robot/aubo_driver/src/force_control_topic.cpp:60:30:[m[K [01;31m[Kerror: [m[K‘[01m[KARM_DOF[m[K’ was not declared in this scope
     double initial_position3[ARM_DOF] = {90.0/180.0*pi,  -7.2917/180.0*pi,  -75.6946/180.0*pi, 21.5967/180.0*pi, -90.0/180.0*pi, 0.0/180.0*pi};
[01;32m[K                              ^[m[K
[01m[K/home/nicolas/catkin_ws/src/aubo_robot/aubo_driver/src/force_control_topic.cpp:62:39:[m[K [01;31m[Kerror: [m[K‘[01m[KARM_DOF[m[K’ was not declared in this scope
     double initial_position_bluechair[ARM_DOF] = {0.0/180.0*pi,  14.8137/180.0*pi,  -134.2134/180.0*pi, -59.0270/180.0*pi, -90.0/180.0*pi, 0.0/180.0*pi};
[01;32m[K                                       ^[m[K
[01m[K/home/nicolas/catkin_ws/src/aubo_robot/aubo_driver/src/force_control_topic.cpp:64:36:[m[K [01;31m[Kerror: [m[K‘[01m[KARM_DOF[m[K’ was not declared in this scope
     double initial_position_stairs[ARM_DOF] = {0.0/180.0*pi,  0.7939/180.0*pi,  -128.2163/180.0*pi, -39.0101/180.0*pi, -90.0/180.0*pi, 0.0/180.0*pi};
[01;32m[K                                    ^[m[K
[01m[K/home/nicolas/catkin_ws/src/aubo_robot/aubo_driver/src/force_control_topic.cpp:338:32:[m[K [01;31m[Kerror: [m[K‘[01m[Ksensor_msgs[m[K’ does not name a type
  void JointStateCallback(const sensor_msgs::JointState::ConstPtr& msg)
[01;32m[K                                ^[m[K
[01m[K/home/nicolas/catkin_ws/src/aubo_robot/aubo_driver/src/force_control_topic.cpp:338:55:[m[K [01;31m[Kerror: [m[Kexpected unqualified-id before ‘[01m[K::[m[K’ token
  void JointStateCallback(const sensor_msgs::JointState::ConstPtr& msg)
[01;32m[K                                                       ^[m[K
[01m[K/home/nicolas/catkin_ws/src/aubo_robot/aubo_driver/src/force_control_topic.cpp:338:55:[m[K [01;31m[Kerror: [m[Kexpected ‘[01m[K)[m[K’ before ‘[01m[K::[m[K’ token
[01m[K/home/nicolas/catkin_ws/src/aubo_robot/aubo_driver/src/force_control_topic.cpp:338:45:[m[K [01;31m[Kerror: [m[Kexpected ‘[01m[K;[m[K’ at end of member declaration
  void JointStateCallback(const sensor_msgs::JointState::ConstPtr& msg)
[01;32m[K                                             ^[m[K
[01m[K/home/nicolas/catkin_ws/src/aubo_robot/aubo_driver/src/force_control_topic.cpp:338:57:[m[K [01;31m[Kerror: [m[K‘[01m[KConstPtr[m[K’ in namespace ‘[01m[K::[m[K’ does not name a type
  void JointStateCallback(const sensor_msgs::JointState::ConstPtr& msg)
[01;32m[K                                                         ^[m[K
[01m[K/home/nicolas/catkin_ws/src/aubo_robot/aubo_driver/src/cartesian_control_topic.cpp:46:26:[m[K [01;31m[Kerror: [m[K‘[01m[KARM_DOF[m[K’ was not declared in this scope
     double zero_position[ARM_DOF] = {0};
[01;32m[K                          ^[m[K
[01m[K/home/nicolas/catkin_ws/src/aubo_robot/aubo_driver/src/cartesian_control_topic.cpp:48:29:[m[K [01;31m[Kerror: [m[K‘[01m[KARM_DOF[m[K’ was not declared in this scope
     double initial_position[ARM_DOF] = {0.0/180.0*pi,  -7.2917/180.0*pi,  -75.6946/180.0*pi, 21.5967/180.0*pi, -90.0/180.0*pi, 0.0/180.0*pi};
[01;32m[K                             ^[m[K
[01m[K/home/nicolas/catkin_ws/src/aubo_robot/aubo_driver/src/cartesian_control_topic.cpp:50:27:[m[K [01;31m[Kerror: [m[K‘[01m[KARM_DOF[m[K’ was not declared in this scope
  double initial_position2[ARM_DOF] = {0.0/180.0*pi,  -7.2917/180.0*pi,  -75.6946/180.0*pi, 21.5967/180.0*pi, 90.0/180.0*pi, 0.0/180.0*pi};
[01;32m[K                           ^[m[K
[01m[K/home/nicolas/catkin_ws/src/aubo_robot/aubo_driver/src/cartesian_control_topic.cpp:52:30:[m[K [01;31m[Kerror: [m[K‘[01m[KARM_DOF[m[K’ was not declared in this scope
     double initial_position3[ARM_DOF] = {90.0/180.0*pi,  -7.2917/180.0*pi,  -75.6946/180.0*pi, 21.5967/180.0*pi, -90.0/180.0*pi, 0.0/180.0*pi};
[01;32m[K                              ^[m[K
[01m[K/home/nicolas/catkin_ws/src/aubo_robot/aubo_driver/src/cartesian_control_topic.cpp:54:39:[m[K [01;31m[Kerror: [m[K‘[01m[KARM_DOF[m[K’ was not declared in this scope
     double initial_position_bluechair[ARM_DOF] = {0.0/180.0*pi,  14.8137/180.0*pi,  -134.2134/180.0*pi, -59.0270/180.0*pi, -90.0/180.0*pi, 0.0/180.0*pi};
[01;32m[K                                       ^[m[K
[01m[K/home/nicolas/catkin_ws/src/aubo_robot/aubo_driver/src/cartesian_control_topic.cpp:56:36:[m[K [01;31m[Kerror: [m[K‘[01m[KARM_DOF[m[K’ was not declared in this scope
     double initial_position_stairs[ARM_DOF] = {0.0/180.0*pi,  0.7939/180.0*pi,  -128.2163/180.0*pi, -39.0101/180.0*pi, -90.0/180.0*pi, 0.0/180.0*pi};
[01;32m[K                                    ^[m[K
[01m[K/home/nicolas/catkin_ws/src/aubo_robot/aubo_driver/src/cartesian_control_topic.cpp:314:32:[m[K [01;31m[Kerror: [m[K‘[01m[Ksensor_msgs[m[K’ does not name a type
  void JointStateCallback(const sensor_msgs::JointState::ConstPtr& msg)
[01;32m[K                                ^[m[K
[01m[K/home/nicolas/catkin_ws/src/aubo_robot/aubo_driver/src/cartesian_control_topic.cpp:314:55:[m[K [01;31m[Kerror: [m[Kexpected unqualified-id before ‘[01m[K::[m[K’ token
  void JointStateCallback(const sensor_msgs::JointState::ConstPtr& msg)
[01;32m[K                                                       ^[m[K
[01m[K/home/nicolas/catkin_ws/src/aubo_robot/aubo_driver/src/cartesian_control_topic.cpp:314:55:[m[K [01;31m[Kerror: [m[Kexpected ‘[01m[K)[m[K’ before ‘[01m[K::[m[K’ token
[01m[K/home/nicolas/catkin_ws/src/aubo_robot/aubo_driver/src/cartesian_control_topic.cpp:314:45:[m[K [01;31m[Kerror: [m[Kexpected ‘[01m[K;[m[K’ at end of member declaration
  void JointStateCallback(const sensor_msgs::JointState::ConstPtr& msg)
[01;32m[K                                             ^[m[K
[01m[K/home/nicolas/catkin_ws/src/aubo_robot/aubo_driver/src/cartesian_control_topic.cpp:314:57:[m[K [01;31m[Kerror: [m[K‘[01m[KConstPtr[m[K’ in namespace ‘[01m[K::[m[K’ does not name a type
  void JointStateCallback(const sensor_msgs::JointState::ConstPtr& msg)
[01;32m[K                                                         ^[m[K
[01m[K/home/nicolas/catkin_ws/src/aubo_robot/aubo_driver/src/force_control_topic.cpp:[m[K In constructor ‘[01m[KJointControl::JointControl(int, char**)[m[K’:
[01m[K/home/nicolas/catkin_ws/src/aubo_robot/aubo_driver/src/force_control_topic.cpp:228:35:[m[K [01;31m[Kerror: [m[K‘[01m[Ksensor_msgs[m[K’ was not declared in this scope
   joint_states_Sub = nh.subscribe<sensor_msgs::JointState>("/joint_states", 1, &JointControl::JointStateCallback, this);
[01;32m[K                                   ^[m[K
[01m[K/home/nicolas/catkin_ws/src/aubo_robot/aubo_driver/src/force_control_topic.cpp:228:25:[m[K [01;31m[Kerror: [m[Kparse error in template argument list
   joint_states_Sub = nh.subscribe<sensor_msgs::JointState>("/joint_states", 1, &JointControl::JointStateCallback, this);
[01;32m[K                         ^[m[K
[01m[K/home/nicolas/catkin_ws/src/aubo_robot/aubo_driver/src/force_control_topic.cpp:228:119:[m[K [01;31m[Kerror: [m[Kno matching function for call to ‘[01m[Kros::NodeHandle::subscribe(const char [14], int, void (JointControl::*)(...), JointControl*)[m[K’
   joint_states_Sub = nh.subscribe<sensor_msgs::JointState>("/joint_states", 1, &JointControl::JointStateCallback, this);
[01;32m[K                                                                                                                       ^[m[K
In file included from [01m[K/opt/ros/kinetic/include/ros/ros.h:45:0[m[K,
                 from [01m[K/home/nicolas/catkin_ws/src/aubo_robot/aubo_driver/src/force_control_topic.cpp:1[m[K:
[01m[K/opt/ros/kinetic/include/ros/node_handle.h:402:14:[m[K [01;36m[Knote: [m[Kcandidate: template<class M, class T> ros::Subscriber ros::NodeHandle::subscribe(const string&, uint32_t, void (T::*)(M), T*, const ros::TransportHints&)
   Subscriber subscribe(const std::string& topic, uint32_t queue_size, void(T::*fp)(M), T* obj, 
[01;32m[K              ^[m[K
[01m[K/opt/ros/kinetic/include/ros/node_handle.h:402:14:[m[K [01;36m[Knote: [m[K  template argument deduction/substitution failed:
[01m[K/home/nicolas/catkin_ws/src/aubo_robot/aubo_driver/src/force_control_topic.cpp:228:119:[m[K [01;31m[Kerror: [m[Ktemplate argument 1 is invalid
   joint_states_Sub = nh.subscribe<sensor_msgs::JointState>("/joint_states", 1, &JointControl::JointStateCallback, this);
[01;32m[K                                                                                                                       ^[m[K
In file included from [01m[K/opt/ros/kinetic/include/ros/ros.h:45:0[m[K,
                 from [01m[K/home/nicolas/catkin_ws/src/aubo_robot/aubo_driver/src/force_control_topic.cpp:1[m[K:
[01m[K/opt/ros/kinetic/include/ros/node_handle.h:413:14:[m[K [01;36m[Knote: [m[Kcandidate: template<class M, class T> ros::Subscriber ros::NodeHandle::subscribe(const string&, uint32_t, void (T::*)(M) const, T*, const ros::TransportHints&)
   Subscriber subscribe(const std::string& topic, uint32_t queue_size, void(T::*fp)(M) const, T* obj, 
[01;32m[K              ^[m[K
[01m[K/opt/ros/kinetic/include/ros/node_handle.h:413:14:[m[K [01;36m[Knote: [m[K  template argument deduction/substitution failed:
[01m[K/home/nicolas/catkin_ws/src/aubo_robot/aubo_driver/src/force_control_topic.cpp:228:119:[m[K [01;31m[Kerror: [m[Ktemplate argument 1 is invalid
   joint_states_Sub = nh.subscribe<sensor_msgs::JointState>("/joint_states", 1, &JointControl::JointStateCallback, this);
[01;32m[K                                                                                                                       ^[m[K
In file included from [01m[K/opt/ros/kinetic/include/ros/ros.h:45:0[m[K,
                 from [01m[K/home/nicolas/catkin_ws/src/aubo_robot/aubo_driver/src/force_control_topic.cpp:1[m[K:
[01m[K/opt/ros/kinetic/include/ros/node_handle.h:465:14:[m[K [01;36m[Knote: [m[Kcandidate: template<class M, class T> ros::Subscriber ros::NodeHandle::subscribe(const string&, uint32_t, void (T::*)(const boost::shared_ptr<const M>&), T*, const ros::TransportHints&)
   Subscriber subscribe(const std::string& topic, uint32_t queue_size, 
[01;32m[K              ^[m[K
[01m[K/opt/ros/kinetic/include/ros/node_handle.h:465:14:[m[K [01;36m[Knote: [m[K  template argument deduction/substitution failed:
[01m[K/home/nicolas/catkin_ws/src/aubo_robot/aubo_driver/src/force_control_topic.cpp:228:119:[m[K [01;31m[Kerror: [m[Ktemplate argument 1 is invalid
   joint_states_Sub = nh.subscribe<sensor_msgs::JointState>("/joint_states", 1, &JointControl::JointStateCallback, this);
[01;32m[K                                                                                                                       ^[m[K
In file included from [01m[K/opt/ros/kinetic/include/ros/ros.h:45:0[m[K,
                 from [01m[K/home/nicolas/catkin_ws/src/aubo_robot/aubo_driver/src/force_control_topic.cpp:1[m[K:
[01m[K/opt/ros/kinetic/include/ros/node_handle.h:475:14:[m[K [01;36m[Knote: [m[Kcandidate: template<class M, class T> ros::Subscriber ros::NodeHandle::subscribe(const string&, uint32_t, void (T::*)(const boost::shared_ptr<const M>&) const, T*, const ros::TransportHints&)
   Subscriber subscribe(const std::string& topic, uint32_t queue_size, 
[01;32m[K              ^[m[K
[01m[K/opt/ros/kinetic/include/ros/node_handle.h:475:14:[m[K [01;36m[Knote: [m[K  template argument deduction/substitution failed:
[01m[K/home/nicolas/catkin_ws/src/aubo_robot/aubo_driver/src/force_control_topic.cpp:228:119:[m[K [01;31m[Kerror: [m[Ktemplate argument 1 is invalid
   joint_states_Sub = nh.subscribe<sensor_msgs::JointState>("/joint_states", 1, &JointControl::JointStateCallback, this);
[01;32m[K                                                                                                                       ^[m[K
In file included from [01m[K/opt/ros/kinetic/include/ros/ros.h:45:0[m[K,
                 from [01m[K/home/nicolas/catkin_ws/src/aubo_robot/aubo_driver/src/force_control_topic.cpp:1[m[K:
[01m[K/opt/ros/kinetic/include/ros/node_handle.h:529:14:[m[K [01;36m[Knote: [m[Kcandidate: template<class M, class T> ros::Subscriber ros::NodeHandle::subscribe(const string&, uint32_t, void (T::*)(M), const boost::shared_ptr<U>&, const ros::TransportHints&)
   Subscriber subscribe(const std::string& topic, uint32_t queue_size, void(T::*fp)(M), 
[01;32m[K              ^[m[K
[01m[K/opt/ros/kinetic/include/ros/node_handle.h:529:14:[m[K [01;36m[Knote: [m[K  template argument deduction/substitution failed:
[01m[K/home/nicolas/catkin_ws/src/aubo_robot/aubo_driver/src/force_control_topic.cpp:228:119:[m[K [01;31m[Kerror: [m[Ktemplate argument 1 is invalid
   joint_states_Sub = nh.subscribe<sensor_msgs::JointState>("/joint_states", 1, &JointControl::JointStateCallback, this);
[01;32m[K                                                                                                                       ^[m[K
In file included from [01m[K/opt/ros/kinetic/include/ros/ros.h:45:0[m[K,
                 from [01m[K/home/nicolas/catkin_ws/src/aubo_robot/aubo_driver/src/force_control_topic.cpp:1[m[K:
[01m[K/opt/ros/kinetic/include/ros/node_handle.h:540:14:[m[K [01;36m[Knote: [m[Kcandidate: template<class M, class T> ros::Subscriber ros::NodeHandle::subscribe(const string&, uint32_t, void (T::*)(M) const, const boost::shared_ptr<U>&, const ros::TransportHints&)
   Subscriber subscribe(const std::string& topic, uint32_t queue_size, void(T::*fp)(M) const, 
[01;32m[K              ^[m[K
[01m[K/opt/ros/kinetic/include/ros/node_handle.h:540:14:[m[K [01;36m[Knote: [m[K  template argument deduction/substitution failed:
[01m[K/home/nicolas/catkin_ws/src/aubo_robot/aubo_driver/src/force_control_topic.cpp:228:119:[m[K [01;31m[Kerror: [m[Ktemplate argument 1 is invalid
   joint_states_Sub = nh.subscribe<sensor_msgs::JointState>("/joint_states", 1, &JointControl::JointStateCallback, this);
[01;32m[K                                                                                                                       ^[m[K
In file included from [01m[K/opt/ros/kinetic/include/ros/ros.h:45:0[m[K,
                 from [01m[K/home/nicolas/catkin_ws/src/aubo_robot/aubo_driver/src/force_control_topic.cpp:1[m[K:
[01m[K/opt/ros/kinetic/include/ros/node_handle.h:594:14:[m[K [01;36m[Knote: [m[Kcandidate: template<class M, class T> ros::Subscriber ros::NodeHandle::subscribe(const string&, uint32_t, void (T::*)(const boost::shared_ptr<const M>&), const boost::shared_ptr<U>&, const ros::TransportHints&)
   Subscriber subscribe(const std::string& topic, uint32_t queue_size, 
[01;32m[K              ^[m[K
[01m[K/opt/ros/kinetic/include/ros/node_handle.h:594:14:[m[K [01;36m[Knote: [m[K  template argument deduction/substitution failed:
[01m[K/home/nicolas/catkin_ws/src/aubo_robot/aubo_driver/src/force_control_topic.cpp:228:119:[m[K [01;31m[Kerror: [m[Ktemplate argument 1 is invalid
   joint_states_Sub = nh.subscribe<sensor_msgs::JointState>("/joint_states", 1, &JointControl::JointStateCallback, this);
[01;32m[K                                                                                                                       ^[m[K
In file included from [01m[K/opt/ros/kinetic/include/ros/ros.h:45:0[m[K,
                 from [01m[K/home/nicolas/catkin_ws/src/aubo_robot/aubo_driver/src/force_control_topic.cpp:1[m[K:
[01m[K/opt/ros/kinetic/include/ros/node_handle.h:605:14:[m[K [01;36m[Knote: [m[Kcandidate: template<class M, class T> ros::Subscriber ros::NodeHandle::subscribe(const string&, uint32_t, void (T::*)(const boost::shared_ptr<const M>&) const, const boost::shared_ptr<U>&, const ros::TransportHints&)
   Subscriber subscribe(const std::string& topic, uint32_t queue_size, 
[01;32m[K              ^[m[K
[01m[K/opt/ros/kinetic/include/ros/node_handle.h:605:14:[m[K [01;36m[Knote: [m[K  template argument deduction/substitution failed:
[01m[K/home/nicolas/catkin_ws/src/aubo_robot/aubo_driver/src/force_control_topic.cpp:228:119:[m[K [01;31m[Kerror: [m[Ktemplate argument 1 is invalid
   joint_states_Sub = nh.subscribe<sensor_msgs::JointState>("/joint_states", 1, &JointControl::JointStateCallback, this);
[01;32m[K                                                                                                                       ^[m[K
In file included from [01m[K/opt/ros/kinetic/include/ros/ros.h:45:0[m[K,
                 from [01m[K/home/nicolas/catkin_ws/src/aubo_robot/aubo_driver/src/force_control_topic.cpp:1[m[K:
[01m[K/opt/ros/kinetic/include/ros/node_handle.h:656:14:[m[K [01;36m[Knote: [m[Kcandidate: template<class M> ros::Subscriber ros::NodeHandle::subscribe(const string&, uint32_t, void (*)(M), const ros::TransportHints&)
   Subscriber subscribe(const std::string& topic, uint32_t queue_size, void(*fp)(M), const TransportHints& transport_hints = TransportHints())
[01;32m[K              ^[m[K
[01m[K/opt/ros/kinetic/include/ros/node_handle.h:656:14:[m[K [01;36m[Knote: [m[K  template argument deduction/substitution failed:
[01m[K/home/nicolas/catkin_ws/src/aubo_robot/aubo_driver/src/force_control_topic.cpp:228:119:[m[K [01;31m[Kerror: [m[Ktemplate argument 1 is invalid
   joint_states_Sub = nh.subscribe<sensor_msgs::JointState>("/joint_states", 1, &JointControl::JointStateCallback, this);
[01;32m[K                                                                                                                       ^[m[K
In file included from [01m[K/opt/ros/kinetic/include/ros/ros.h:45:0[m[K,
                 from [01m[K/home/nicolas/catkin_ws/src/aubo_robot/aubo_driver/src/force_control_topic.cpp:1[m[K:
[01m[K/opt/ros/kinetic/include/ros/node_handle.h:704:14:[m[K [01;36m[Knote: [m[Kcandidate: template<class M> ros::Subscriber ros::NodeHandle::subscribe(const string&, uint32_t, void (*)(const boost::shared_ptr<const M>&), const ros::TransportHints&)
   Subscriber subscribe(const std::string& topic, uint32_t queue_size, void(*fp)(const boost::shared_ptr<M const>&), const TransportHints& transport_hints = TransportHints())
[01;32m[K              ^[m[K
[01m[K/opt/ros/kinetic/include/ros/node_handle.h:704:14:[m[K [01;36m[Knote: [m[K  template argument deduction/substitution failed:
[01m[K/home/nicolas/catkin_ws/src/aubo_robot/aubo_driver/src/force_control_topic.cpp:228:119:[m[K [01;31m[Kerror: [m[Ktemplate argument 1 is invalid
   joint_states_Sub = nh.subscribe<sensor_msgs::JointState>("/joint_states", 1, &JointControl::JointStateCallback, this);
[01;32m[K                                                                                                                       ^[m[K
In file included from [01m[K/opt/ros/kinetic/include/ros/ros.h:45:0[m[K,
                 from [01m[K/home/nicolas/catkin_ws/src/aubo_robot/aubo_driver/src/force_control_topic.cpp:1[m[K:
[01m[K/opt/ros/kinetic/include/ros/node_handle.h:750:14:[m[K [01;36m[Knote: [m[Kcandidate: template<class M> ros::Subscriber ros::NodeHandle::subscribe(const string&, uint32_t, const boost::function<void(const boost::shared_ptr<const M>&)>&, const VoidConstPtr&, const ros::TransportHints&)
   Subscriber subscribe(const std::string& topic, uint32_t queue_size, const boost::function<void (const boost::shared_ptr<M const>&)>& callback,
[01;32m[K              ^[m[K
[01m[K/opt/ros/kinetic/include/ros/node_handle.h:750:14:[m[K [01;36m[Knote: [m[K  template argument deduction/substitution failed:
[01m[K/home/nicolas/catkin_ws/src/aubo_robot/aubo_driver/src/force_control_topic.cpp:228:119:[m[K [01;31m[Kerror: [m[Ktemplate argument 1 is invalid
   joint_states_Sub = nh.subscribe<sensor_msgs::JointState>("/joint_states", 1, &JointControl::JointStateCallback, this);
[01;32m[K                                                                                                                       ^[m[K
In file included from [01m[K/opt/ros/kinetic/include/ros/ros.h:45:0[m[K,
                 from [01m[K/home/nicolas/catkin_ws/src/aubo_robot/aubo_driver/src/force_control_topic.cpp:1[m[K:
[01m[K/opt/ros/kinetic/include/ros/node_handle.h:799:14:[m[K [01;36m[Knote: [m[Kcandidate: template<class M, class C> ros::Subscriber ros::NodeHandle::subscribe(const string&, uint32_t, const boost::function<void(C)>&, const VoidConstPtr&, const ros::TransportHints&)
   Subscriber subscribe(const std::string& topic, uint32_t queue_size, const boost::function<void (C)>& callback,
[01;32m[K              ^[m[K
[01m[K/opt/ros/kinetic/include/ros/node_handle.h:799:14:[m[K [01;36m[Knote: [m[K  template argument deduction/substitution failed:
[01m[K/home/nicolas/catkin_ws/src/aubo_robot/aubo_driver/src/force_control_topic.cpp:228:119:[m[K [01;31m[Kerror: [m[Ktemplate argument 1 is invalid
   joint_states_Sub = nh.subscribe<sensor_msgs::JointState>("/joint_states", 1, &JointControl::JointStateCallback, this);
[01;32m[K                                                                                                                       ^[m[K
[01m[K/home/nicolas/catkin_ws/src/aubo_robot/aubo_driver/src/force_control_topic.cpp:229:36:[m[K [01;31m[Kerror: [m[K‘[01m[Ktrajectory_msgs[m[K’ was not declared in this scope
   joint_command_Pub = nh.advertise<trajectory_msgs::JointTrajectoryPoint>("/joint_command",2000);
[01;32m[K                                    ^[m[K
[01m[K/home/nicolas/catkin_ws/src/aubo_robot/aubo_driver/src/force_control_topic.cpp:229:26:[m[K [01;31m[Kerror: [m[Kparse error in template argument list
   joint_command_Pub = nh.advertise<trajectory_msgs::JointTrajectoryPoint>("/joint_command",2000);
[01;32m[K                          ^[m[K
[01m[K/home/nicolas/catkin_ws/src/aubo_robot/aubo_driver/src/force_control_topic.cpp:229:96:[m[K [01;31m[Kerror: [m[Kno matching function for call to ‘[01m[Kros::NodeHandle::advertise(const char [15], int)[m[K’
   joint_command_Pub = nh.advertise<trajectory_msgs::JointTrajectoryPoint>("/joint_command",2000);
[01;32m[K                                                                                                ^[m[K
In file included from [01m[K/opt/ros/kinetic/include/ros/ros.h:45:0[m[K,
                 from [01m[K/home/nicolas/catkin_ws/src/aubo_robot/aubo_driver/src/force_control_topic.cpp:1[m[K:
[01m[K/opt/ros/kinetic/include/ros/node_handle.h:249:15:[m[K [01;36m[Knote: [m[Kcandidate: template<class M> ros::Publisher ros::NodeHandle::advertise(const string&, uint32_t, bool)
     Publisher advertise(const std::string& topic, uint32_t queue_size, bool latch = false)
[01;32m[K               ^[m[K
[01m[K/opt/ros/kinetic/include/ros/node_handle.h:249:15:[m[K [01;36m[Knote: [m[K  template argument deduction/substitution failed:
[01m[K/home/nicolas/catkin_ws/src/aubo_robot/aubo_driver/src/force_control_topic.cpp:229:96:[m[K [01;31m[Kerror: [m[Ktemplate argument 1 is invalid
   joint_command_Pub = nh.advertise<trajectory_msgs::JointTrajectoryPoint>("/joint_command",2000);
[01;32m[K                                                                                                ^[m[K
In file included from [01m[K/opt/ros/kinetic/include/ros/ros.h:45:0[m[K,
                 from [01m[K/home/nicolas/catkin_ws/src/aubo_robot/aubo_driver/src/force_control_topic.cpp:1[m[K:
[01m[K/opt/ros/kinetic/include/ros/node_handle.h:315:13:[m[K [01;36m[Knote: [m[Kcandidate: template<class M> ros::Publisher ros::NodeHandle::advertise(const string&, uint32_t, const SubscriberStatusCallback&, const SubscriberStatusCallback&, const VoidConstPtr&, bool)
   Publisher advertise(const std::string& topic, uint32_t queue_size,
[01;32m[K             ^[m[K
[01m[K/opt/ros/kinetic/include/ros/node_handle.h:315:13:[m[K [01;36m[Knote: [m[K  template argument deduction/substitution failed:
[01m[K/home/nicolas/catkin_ws/src/aubo_robot/aubo_driver/src/force_control_topic.cpp:229:96:[m[K [01;31m[Kerror: [m[Ktemplate argument 1 is invalid
   joint_command_Pub = nh.advertise<trajectory_msgs::JointTrajectoryPoint>("/joint_command",2000);
[01;32m[K                                                                                                ^[m[K
[01m[K/home/nicolas/catkin_ws/src/aubo_robot/aubo_driver/src/force_control_topic.cpp:231:50:[m[K [01;31m[Kerror: [m[K‘[01m[KARM_DOF[m[K’ was not declared in this scope
         joint_vel_target = Eigen::VectorXd::Zero(ARM_DOF);
[01;32m[K                                                  ^[m[K
[01m[K/home/nicolas/catkin_ws/src/aubo_robot/aubo_driver/src/cartesian_control_topic.cpp:[m[K In constructor ‘[01m[KJointControl::JointControl(int, char**)[m[K’:
[01m[K/home/nicolas/catkin_ws/src/aubo_robot/aubo_driver/src/cartesian_control_topic.cpp:219:35:[m[K [01;31m[Kerror: [m[K‘[01m[Ksensor_msgs[m[K’ was not declared in this scope
   joint_states_Sub = nh.subscribe<sensor_msgs::JointState>("/joint_states", 1, &JointControl::JointStateCallback, this);
[01;32m[K                                   ^[m[K
[01m[K/home/nicolas/catkin_ws/src/aubo_robot/aubo_driver/src/cartesian_control_topic.cpp:219:25:[m[K [01;31m[Kerror: [m[Kparse error in template argument list
   joint_states_Sub = nh.subscribe<sensor_msgs::JointState>("/joint_states", 1, &JointControl::JointStateCallback, this);
[01;32m[K                         ^[m[K
[01m[K/home/nicolas/catkin_ws/src/aubo_robot/aubo_driver/src/cartesian_control_topic.cpp:219:119:[m[K [01;31m[Kerror: [m[Kno matching function for call to ‘[01m[Kros::NodeHandle::subscribe(const char [14], int, void (JointControl::*)(...), JointControl*)[m[K’
   joint_states_Sub = nh.subscribe<sensor_msgs::JointState>("/joint_states", 1, &JointControl::JointStateCallback, this);
[01;32m[K                                                                                                                       ^[m[K
In file included from [01m[K/opt/ros/kinetic/include/ros/ros.h:45:0[m[K,
                 from [01m[K/home/nicolas/catkin_ws/src/aubo_robot/aubo_driver/src/cartesian_control_topic.cpp:1[m[K:
[01m[K/opt/ros/kinetic/include/ros/node_handle.h:402:14:[m[K [01;36m[Knote: [m[Kcandidate: template<class M, class T> ros::Subscriber ros::NodeHandle::subscribe(const string&, uint32_t, void (T::*)(M), T*, const ros::TransportHints&)
   Subscriber subscribe(const std::string& topic, uint32_t queue_size, void(T::*fp)(M), T* obj, 
[01;32m[K              ^[m[K
[01m[K/opt/ros/kinetic/include/ros/node_handle.h:402:14:[m[K [01;36m[Knote: [m[K  template argument deduction/substitution failed:
[01m[K/home/nicolas/catkin_ws/src/aubo_robot/aubo_driver/src/cartesian_control_topic.cpp:219:119:[m[K [01;31m[Kerror: [m[Ktemplate argument 1 is invalid
   joint_states_Sub = nh.subscribe<sensor_msgs::JointState>("/joint_states", 1, &JointControl::JointStateCallback, this);
[01;32m[K                                                                                                                       ^[m[K
In file included from [01m[K/opt/ros/kinetic/include/ros/ros.h:45:0[m[K,
                 from [01m[K/home/nicolas/catkin_ws/src/aubo_robot/aubo_driver/src/cartesian_control_topic.cpp:1[m[K:
[01m[K/opt/ros/kinetic/include/ros/node_handle.h:413:14:[m[K [01;36m[Knote: [m[Kcandidate: template<class M, class T> ros::Subscriber ros::NodeHandle::subscribe(const string&, uint32_t, void (T::*)(M) const, T*, const ros::TransportHints&)
   Subscriber subscribe(const std::string& topic, uint32_t queue_size, void(T::*fp)(M) const, T* obj, 
[01;32m[K              ^[m[K
[01m[K/opt/ros/kinetic/include/ros/node_handle.h:413:14:[m[K [01;36m[Knote: [m[K  template argument deduction/substitution failed:
[01m[K/home/nicolas/catkin_ws/src/aubo_robot/aubo_driver/src/cartesian_control_topic.cpp:219:119:[m[K [01;31m[Kerror: [m[Ktemplate argument 1 is invalid
   joint_states_Sub = nh.subscribe<sensor_msgs::JointState>("/joint_states", 1, &JointControl::JointStateCallback, this);
[01;32m[K                                                                                                                       ^[m[K
In file included from [01m[K/opt/ros/kinetic/include/ros/ros.h:45:0[m[K,
                 from [01m[K/home/nicolas/catkin_ws/src/aubo_robot/aubo_driver/src/cartesian_control_topic.cpp:1[m[K:
[01m[K/opt/ros/kinetic/include/ros/node_handle.h:465:14:[m[K [01;36m[Knote: [m[Kcandidate: template<class M, class T> ros::Subscriber ros::NodeHandle::subscribe(const string&, uint32_t, void (T::*)(const boost::shared_ptr<const M>&), T*, const ros::TransportHints&)
   Subscriber subscribe(const std::string& topic, uint32_t queue_size, 
[01;32m[K              ^[m[K
[01m[K/opt/ros/kinetic/include/ros/node_handle.h:465:14:[m[K [01;36m[Knote: [m[K  template argument deduction/substitution failed:
[01m[K/home/nicolas/catkin_ws/src/aubo_robot/aubo_driver/src/cartesian_control_topic.cpp:219:119:[m[K [01;31m[Kerror: [m[Ktemplate argument 1 is invalid
   joint_states_Sub = nh.subscribe<sensor_msgs::JointState>("/joint_states", 1, &JointControl::JointStateCallback, this);
[01;32m[K                                                                                                                       ^[m[K
In file included from [01m[K/opt/ros/kinetic/include/ros/ros.h:45:0[m[K,
                 from [01m[K/home/nicolas/catkin_ws/src/aubo_robot/aubo_driver/src/cartesian_control_topic.cpp:1[m[K:
[01m[K/opt/ros/kinetic/include/ros/node_handle.h:475:14:[m[K [01;36m[Knote: [m[Kcandidate: template<class M, class T> ros::Subscriber ros::NodeHandle::subscribe(const string&, uint32_t, void (T::*)(const boost::shared_ptr<const M>&) const, T*, const ros::TransportHints&)
   Subscriber subscribe(const std::string& topic, uint32_t queue_size, 
[01;32m[K              ^[m[K
[01m[K/opt/ros/kinetic/include/ros/node_handle.h:475:14:[m[K [01;36m[Knote: [m[K  template argument deduction/substitution failed:
[01m[K/home/nicolas/catkin_ws/src/aubo_robot/aubo_driver/src/cartesian_control_topic.cpp:219:119:[m[K [01;31m[Kerror: [m[Ktemplate argument 1 is invalid
   joint_states_Sub = nh.subscribe<sensor_msgs::JointState>("/joint_states", 1, &JointControl::JointStateCallback, this);
[01;32m[K                                                                                                                       ^[m[K
In file included from [01m[K/opt/ros/kinetic/include/ros/ros.h:45:0[m[K,
                 from [01m[K/home/nicolas/catkin_ws/src/aubo_robot/aubo_driver/src/cartesian_control_topic.cpp:1[m[K:
[01m[K/opt/ros/kinetic/include/ros/node_handle.h:529:14:[m[K [01;36m[Knote: [m[Kcandidate: template<class M, class T> ros::Subscriber ros::NodeHandle::subscribe(const string&, uint32_t, void (T::*)(M), const boost::shared_ptr<U>&, const ros::TransportHints&)
   Subscriber subscribe(const std::string& topic, uint32_t queue_size, void(T::*fp)(M), 
[01;32m[K              ^[m[K
[01m[K/opt/ros/kinetic/include/ros/node_handle.h:529:14:[m[K [01;36m[Knote: [m[K  template argument deduction/substitution failed:
[01m[K/home/nicolas/catkin_ws/src/aubo_robot/aubo_driver/src/cartesian_control_topic.cpp:219:119:[m[K [01;31m[Kerror: [m[Ktemplate argument 1 is invalid
   joint_states_Sub = nh.subscribe<sensor_msgs::JointState>("/joint_states", 1, &JointControl::JointStateCallback, this);
[01;32m[K                                                                                                                       ^[m[K
In file included from [01m[K/opt/ros/kinetic/include/ros/ros.h:45:0[m[K,
                 from [01m[K/home/nicolas/catkin_ws/src/aubo_robot/aubo_driver/src/cartesian_control_topic.cpp:1[m[K:
[01m[K/opt/ros/kinetic/include/ros/node_handle.h:540:14:[m[K [01;36m[Knote: [m[Kcandidate: template<class M, class T> ros::Subscriber ros::NodeHandle::subscribe(const string&, uint32_t, void (T::*)(M) const, const boost::shared_ptr<U>&, const ros::TransportHints&)
   Subscriber subscribe(const std::string& topic, uint32_t queue_size, void(T::*fp)(M) const, 
[01;32m[K              ^[m[K
[01m[K/opt/ros/kinetic/include/ros/node_handle.h:540:14:[m[K [01;36m[Knote: [m[K  template argument deduction/substitution failed:
[01m[K/home/nicolas/catkin_ws/src/aubo_robot/aubo_driver/src/cartesian_control_topic.cpp:219:119:[m[K [01;31m[Kerror: [m[Ktemplate argument 1 is invalid
   joint_states_Sub = nh.subscribe<sensor_msgs::JointState>("/joint_states", 1, &JointControl::JointStateCallback, this);
[01;32m[K                                                                                                                       ^[m[K
In file included from [01m[K/opt/ros/kinetic/include/ros/ros.h:45:0[m[K,
                 from [01m[K/home/nicolas/catkin_ws/src/aubo_robot/aubo_driver/src/cartesian_control_topic.cpp:1[m[K:
[01m[K/opt/ros/kinetic/include/ros/node_handle.h:594:14:[m[K [01;36m[Knote: [m[Kcandidate: template<class M, class T> ros::Subscriber ros::NodeHandle::subscribe(const string&, uint32_t, void (T::*)(const boost::shared_ptr<const M>&), const boost::shared_ptr<U>&, const ros::TransportHints&)
   Subscriber subscribe(const std::string& topic, uint32_t queue_size, 
[01;32m[K              ^[m[K
[01m[K/opt/ros/kinetic/include/ros/node_handle.h:594:14:[m[K [01;36m[Knote: [m[K  template argument deduction/substitution failed:
[01m[K/home/nicolas/catkin_ws/src/aubo_robot/aubo_driver/src/cartesian_control_topic.cpp:219:119:[m[K [01;31m[Kerror: [m[Ktemplate argument 1 is invalid
   joint_states_Sub = nh.subscribe<sensor_msgs::JointState>("/joint_states", 1, &JointControl::JointStateCallback, this);
[01;32m[K                                                                                                                       ^[m[K
In file included from [01m[K/opt/ros/kinetic/include/ros/ros.h:45:0[m[K,
                 from [01m[K/home/nicolas/catkin_ws/src/aubo_robot/aubo_driver/src/cartesian_control_topic.cpp:1[m[K:
[01m[K/opt/ros/kinetic/include/ros/node_handle.h:605:14:[m[K [01;36m[Knote: [m[Kcandidate: template<class M, class T> ros::Subscriber ros::NodeHandle::subscribe(const string&, uint32_t, void (T::*)(const boost::shared_ptr<const M>&) const, const boost::shared_ptr<U>&, const ros::TransportHints&)
   Subscriber subscribe(const std::string& topic, uint32_t queue_size, 
[01;32m[K              ^[m[K
[01m[K/opt/ros/kinetic/include/ros/node_handle.h:605:14:[m[K [01;36m[Knote: [m[K  template argument deduction/substitution failed:
[01m[K/home/nicolas/catkin_ws/src/aubo_robot/aubo_driver/src/cartesian_control_topic.cpp:219:119:[m[K [01;31m[Kerror: [m[Ktemplate argument 1 is invalid
   joint_states_Sub = nh.subscribe<sensor_msgs::JointState>("/joint_states", 1, &JointControl::JointStateCallback, this);
[01;32m[K                                                                                                                       ^[m[K
In file included from [01m[K/opt/ros/kinetic/include/ros/ros.h:45:0[m[K,
                 from [01m[K/home/nicolas/catkin_ws/src/aubo_robot/aubo_driver/src/cartesian_control_topic.cpp:1[m[K:
[01m[K/opt/ros/kinetic/include/ros/node_handle.h:656:14:[m[K [01;36m[Knote: [m[Kcandidate: template<class M> ros::Subscriber ros::NodeHandle::subscribe(const string&, uint32_t, void (*)(M), const ros::TransportHints&)
   Subscriber subscribe(const std::string& topic, uint32_t queue_size, void(*fp)(M), const TransportHints& transport_hints = TransportHints())
[01;32m[K              ^[m[K
[01m[K/opt/ros/kinetic/include/ros/node_handle.h:656:14:[m[K [01;36m[Knote: [m[K  template argument deduction/substitution failed:
[01m[K/home/nicolas/catkin_ws/src/aubo_robot/aubo_driver/src/cartesian_control_topic.cpp:219:119:[m[K [01;31m[Kerror: [m[Ktemplate argument 1 is invalid
   joint_states_Sub = nh.subscribe<sensor_msgs::JointState>("/joint_states", 1, &JointControl::JointStateCallback, this);
[01;32m[K                                                                                                                       ^[m[K
In file included from [01m[K/opt/ros/kinetic/include/ros/ros.h:45:0[m[K,
                 from [01m[K/home/nicolas/catkin_ws/src/aubo_robot/aubo_driver/src/cartesian_control_topic.cpp:1[m[K:
[01m[K/opt/ros/kinetic/include/ros/node_handle.h:704:14:[m[K [01;36m[Knote: [m[Kcandidate: template<class M> ros::Subscriber ros::NodeHandle::subscribe(const string&, uint32_t, void (*)(const boost::shared_ptr<const M>&), const ros::TransportHints&)
   Subscriber subscribe(const std::string& topic, uint32_t queue_size, void(*fp)(const boost::shared_ptr<M const>&), const TransportHints& transport_hints = TransportHints())
[01;32m[K              ^[m[K
[01m[K/opt/ros/kinetic/include/ros/node_handle.h:704:14:[m[K [01;36m[Knote: [m[K  template argument deduction/substitution failed:
[01m[K/home/nicolas/catkin_ws/src/aubo_robot/aubo_driver/src/cartesian_control_topic.cpp:219:119:[m[K [01;31m[Kerror: [m[Ktemplate argument 1 is invalid
   joint_states_Sub = nh.subscribe<sensor_msgs::JointState>("/joint_states", 1, &JointControl::JointStateCallback, this);
[01;32m[K                                                                                                                       ^[m[K
In file included from [01m[K/opt/ros/kinetic/include/ros/ros.h:45:0[m[K,
                 from [01m[K/home/nicolas/catkin_ws/src/aubo_robot/aubo_driver/src/cartesian_control_topic.cpp:1[m[K:
[01m[K/opt/ros/kinetic/include/ros/node_handle.h:750:14:[m[K [01;36m[Knote: [m[Kcandidate: template<class M> ros::Subscriber ros::NodeHandle::subscribe(const string&, uint32_t, const boost::function<void(const boost::shared_ptr<const M>&)>&, const VoidConstPtr&, const ros::TransportHints&)
   Subscriber subscribe(const std::string& topic, uint32_t queue_size, const boost::function<void (const boost::shared_ptr<M const>&)>& callback,
[01;32m[K              ^[m[K
[01m[K/opt/ros/kinetic/include/ros/node_handle.h:750:14:[m[K [01;36m[Knote: [m[K  template argument deduction/substitution failed:
[01m[K/home/nicolas/catkin_ws/src/aubo_robot/aubo_driver/src/cartesian_control_topic.cpp:219:119:[m[K [01;31m[Kerror: [m[Ktemplate argument 1 is invalid
   joint_states_Sub = nh.subscribe<sensor_msgs::JointState>("/joint_states", 1, &JointControl::JointStateCallback, this);
[01;32m[K                                                                                                                       ^[m[K
In file included from [01m[K/opt/ros/kinetic/include/ros/ros.h:45:0[m[K,
                 from [01m[K/home/nicolas/catkin_ws/src/aubo_robot/aubo_driver/src/cartesian_control_topic.cpp:1[m[K:
[01m[K/opt/ros/kinetic/include/ros/node_handle.h:799:14:[m[K [01;36m[Knote: [m[Kcandidate: template<class M, class C> ros::Subscriber ros::NodeHandle::subscribe(const string&, uint32_t, const boost::function<void(C)>&, const VoidConstPtr&, const ros::TransportHints&)
   Subscriber subscribe(const std::string& topic, uint32_t queue_size, const boost::function<void (C)>& callback,
[01;32m[K              ^[m[K
[01m[K/opt/ros/kinetic/include/ros/node_handle.h:799:14:[m[K [01;36m[Knote: [m[K  template argument deduction/substitution failed:
[01m[K/home/nicolas/catkin_ws/src/aubo_robot/aubo_driver/src/cartesian_control_topic.cpp:219:119:[m[K [01;31m[Kerror: [m[Ktemplate argument 1 is invalid
   joint_states_Sub = nh.subscribe<sensor_msgs::JointState>("/joint_states", 1, &JointControl::JointStateCallback, this);
[01;32m[K                                                                                                                       ^[m[K
[01m[K/home/nicolas/catkin_ws/src/aubo_robot/aubo_driver/src/cartesian_control_topic.cpp:220:36:[m[K [01;31m[Kerror: [m[K‘[01m[Ktrajectory_msgs[m[K’ was not declared in this scope
   joint_command_Pub = nh.advertise<trajectory_msgs::JointTrajectoryPoint>("/joint_command",2000);
[01;32m[K                                    ^[m[K
[01m[K/home/nicolas/catkin_ws/src/aubo_robot/aubo_driver/src/cartesian_control_topic.cpp:220:26:[m[K [01;31m[Kerror: [m[Kparse error in template argument list
   joint_command_Pub = nh.advertise<trajectory_msgs::JointTrajectoryPoint>("/joint_command",2000);
[01;32m[K                          ^[m[K
[01m[K/home/nicolas/catkin_ws/src/aubo_robot/aubo_driver/src/cartesian_control_topic.cpp:220:96:[m[K [01;31m[Kerror: [m[Kno matching function for call to ‘[01m[Kros::NodeHandle::advertise(const char [15], int)[m[K’
   joint_command_Pub = nh.advertise<trajectory_msgs::JointTrajectoryPoint>("/joint_command",2000);
[01;32m[K                                                                                                ^[m[K
In file included from [01m[K/opt/ros/kinetic/include/ros/ros.h:45:0[m[K,
                 from [01m[K/home/nicolas/catkin_ws/src/aubo_robot/aubo_driver/src/cartesian_control_topic.cpp:1[m[K:
[01m[K/opt/ros/kinetic/include/ros/node_handle.h:249:15:[m[K [01;36m[Knote: [m[Kcandidate: template<class M> ros::Publisher ros::NodeHandle::advertise(const string&, uint32_t, bool)
     Publisher advertise(const std::string& topic, uint32_t queue_size, bool latch = false)
[01;32m[K               ^[m[K
[01m[K/opt/ros/kinetic/include/ros/node_handle.h:249:15:[m[K [01;36m[Knote: [m[K  template argument deduction/substitution failed:
[01m[K/home/nicolas/catkin_ws/src/aubo_robot/aubo_driver/src/cartesian_control_topic.cpp:220:96:[m[K [01;31m[Kerror: [m[Ktemplate argument 1 is invalid
   joint_command_Pub = nh.advertise<trajectory_msgs::JointTrajectoryPoint>("/joint_command",2000);
[01;32m[K                                                                                                ^[m[K
In file included from [01m[K/opt/ros/kinetic/include/ros/ros.h:45:0[m[K,
                 from [01m[K/home/nicolas/catkin_ws/src/aubo_robot/aubo_driver/src/cartesian_control_topic.cpp:1[m[K:
[01m[K/opt/ros/kinetic/include/ros/node_handle.h:315:13:[m[K [01;36m[Knote: [m[Kcandidate: template<class M> ros::Publisher ros::NodeHandle::advertise(const string&, uint32_t, const SubscriberStatusCallback&, const SubscriberStatusCallback&, const VoidConstPtr&, bool)
   Publisher advertise(const std::string& topic, uint32_t queue_size,
[01;32m[K             ^[m[K
[01m[K/opt/ros/kinetic/include/ros/node_handle.h:315:13:[m[K [01;36m[Knote: [m[K  template argument deduction/substitution failed:
[01m[K/home/nicolas/catkin_ws/src/aubo_robot/aubo_driver/src/cartesian_control_topic.cpp:220:96:[m[K [01;31m[Kerror: [m[Ktemplate argument 1 is invalid
   joint_command_Pub = nh.advertise<trajectory_msgs::JointTrajectoryPoint>("/joint_command",2000);
[01;32m[K                                                                                                ^[m[K
[01m[K/home/nicolas/catkin_ws/src/aubo_robot/aubo_driver/src/cartesian_control_topic.cpp:222:50:[m[K [01;31m[Kerror: [m[K‘[01m[KARM_DOF[m[K’ was not declared in this scope
         joint_vel_target = Eigen::VectorXd::Zero(ARM_DOF);
[01;32m[K                                                  ^[m[K
[01m[K/home/nicolas/catkin_ws/src/aubo_robot/aubo_driver/src/force_control_topic.cpp:[m[K In member function ‘[01m[Kvoid JointControl::kinematics(Eigen::VectorXd&)[m[K’:
[01m[K/home/nicolas/catkin_ws/src/aubo_robot/aubo_driver/src/force_control_topic.cpp:401:23:[m[K [01;31m[Kerror: [m[K‘[01m[KARM_DOF[m[K’ was not declared in this scope
   for (int i = 0; i < ARM_DOF; i++)
[01;32m[K                       ^[m[K
[01m[K/home/nicolas/catkin_ws/src/aubo_robot/aubo_driver/src/force_control_topic.cpp:447:23:[m[K [01;31m[Kerror: [m[K‘[01m[KARM_DOF[m[K’ was not declared in this scope
   for (int i = 0; i < ARM_DOF; i++)
[01;32m[K                       ^[m[K
[01m[K/home/nicolas/catkin_ws/src/aubo_robot/aubo_driver/src/cartesian_control_topic.cpp:[m[K In member function ‘[01m[Kvoid JointControl::kinematics(Eigen::VectorXd&)[m[K’:
[01m[K/home/nicolas/catkin_ws/src/aubo_robot/aubo_driver/src/cartesian_control_topic.cpp:378:23:[m[K [01;31m[Kerror: [m[K‘[01m[KARM_DOF[m[K’ was not declared in this scope
   for (int i = 0; i < ARM_DOF; i++)
[01;32m[K                       ^[m[K
[01m[K/home/nicolas/catkin_ws/src/aubo_robot/aubo_driver/src/cartesian_control_topic.cpp:424:23:[m[K [01;31m[Kerror: [m[K‘[01m[KARM_DOF[m[K’ was not declared in this scope
   for (int i = 0; i < ARM_DOF; i++)
[01;32m[K                       ^[m[K
[01m[K/home/nicolas/catkin_ws/src/aubo_robot/aubo_driver/src/force_control_topic.cpp:[m[K In member function ‘[01m[Kvoid JointControl::publishJointCommand()[m[K’:
[01m[K/home/nicolas/catkin_ws/src/aubo_robot/aubo_driver/src/force_control_topic.cpp:503:10:[m[K [01;31m[Kerror: [m[K‘[01m[Ktrajectory_msgs[m[K’ does not name a type
   static trajectory_msgs::JointTrajectoryPoint joint_command;
[01;32m[K          ^[m[K
[01m[K/home/nicolas/catkin_ws/src/aubo_robot/aubo_driver/src/force_control_topic.cpp:504:3:[m[K [01;31m[Kerror: [m[K‘[01m[Kjoint_command[m[K’ was not declared in this scope
   joint_command.velocities.resize(ARM_DOF);
[01;32m[K   ^[m[K
[01m[K/home/nicolas/catkin_ws/src/aubo_robot/aubo_driver/src/force_control_topic.cpp:504:35:[m[K [01;31m[Kerror: [m[K‘[01m[KARM_DOF[m[K’ was not declared in this scope
   joint_command.velocities.resize(ARM_DOF);
[01;32m[K                                   ^[m[K
[01m[K/home/nicolas/catkin_ws/src/aubo_robot/aubo_driver/src/force_control_topic.cpp:[m[K In member function ‘[01m[Kvoid JointControl::record_addtoLog()[m[K’:
[01m[K/home/nicolas/catkin_ws/src/aubo_robot/aubo_driver/src/force_control_topic.cpp:522:32:[m[K [01;31m[Kerror: [m[K‘[01m[KARM_DOF[m[K’ was not declared in this scope
   for (unsigned int i = 0; i < ARM_DOF; i++)
[01;32m[K                                ^[m[K
[01m[K/home/nicolas/catkin_ws/src/aubo_robot/aubo_driver/src/cartesian_control_topic.cpp:[m[K In member function ‘[01m[Kvoid JointControl::publishJointCommand()[m[K’:
[01m[K/home/nicolas/catkin_ws/src/aubo_robot/aubo_driver/src/cartesian_control_topic.cpp:460:10:[m[K [01;31m[Kerror: [m[K‘[01m[Ktrajectory_msgs[m[K’ does not name a type
   static trajectory_msgs::JointTrajectoryPoint joint_command;
[01;32m[K          ^[m[K
[01m[K/home/nicolas/catkin_ws/src/aubo_robot/aubo_driver/src/cartesian_control_topic.cpp:461:3:[m[K [01;31m[Kerror: [m[K‘[01m[Kjoint_command[m[K’ was not declared in this scope
   joint_command.velocities.resize(ARM_DOF);
[01;32m[K   ^[m[K
[01m[K/home/nicolas/catkin_ws/src/aubo_robot/aubo_driver/src/cartesian_control_topic.cpp:461:35:[m[K [01;31m[Kerror: [m[K‘[01m[KARM_DOF[m[K’ was not declared in this scope
   joint_command.velocities.resize(ARM_DOF);
[01;32m[K                                   ^[m[K
[01m[K/home/nicolas/catkin_ws/src/aubo_robot/aubo_driver/src/cartesian_control_topic.cpp:[m[K In member function ‘[01m[Kvoid JointControl::record_addtoLog()[m[K’:
[01m[K/home/nicolas/catkin_ws/src/aubo_robot/aubo_driver/src/cartesian_control_topic.cpp:479:32:[m[K [01;31m[Kerror: [m[K‘[01m[KARM_DOF[m[K’ was not declared in this scope
   for (unsigned int i = 0; i < ARM_DOF; i++)
[01;32m[K                                ^[m[K
make[2]: *** [CMakeFiles/cartesian_control_topic.dir/src/cartesian_control_topic.cpp.o] Error 1
make[1]: *** [CMakeFiles/cartesian_control_topic.dir/all] Error 2
make[1]: *** Waiting for unfinished jobs....
make[2]: *** [CMakeFiles/force_control_topic.dir/src/force_control_topic.cpp.o] Error 1
make[1]: *** [CMakeFiles/force_control_topic.dir/all] Error 2
make: *** [all] Error 2
