[  0%] Built target topic_tools_generate_messages_py
[  0%] Built target geometry_msgs_generate_messages_cpp
[  0%] Built target roscpp_generate_messages_cpp
[ 16%] Built target aubo_gazebo_driver
[ 16%] Built target std_srvs_generate_messages_eus
[ 16%] Built target std_msgs_generate_messages_nodejs
[ 16%] Built target std_msgs_generate_messages_lisp
[ 16%] Built target std_srvs_generate_messages_nodejs
[ 16%] Built target geometry_msgs_generate_messages_py
[ 16%] Built target std_msgs_generate_messages_eus
[ 16%] Built target roscpp_generate_messages_eus
[ 16%] Built target std_msgs_generate_messages_py
[ 16%] Built target sensor_msgs_generate_messages_eus
[ 16%] Built target geometry_msgs_generate_messages_nodejs
[ 16%] Built target aubo_msgs_generate_messages_nodejs
[ 16%] Built target aubo_msgs_generate_messages_lisp
[ 16%] Built target std_srvs_generate_messages_lisp
[ 16%] Built target geometry_msgs_generate_messages_lisp
[ 16%] Built target std_msgs_generate_messages_cpp
[ 16%] Built target sensor_msgs_generate_messages_cpp
[ 16%] Built target geometry_msgs_generate_messages_eus
[ 16%] Built target sensor_msgs_generate_messages_py
[ 16%] Built target std_srvs_generate_messages_cpp
[ 16%] Built target sensor_msgs_generate_messages_lisp
[ 16%] Built target rosgraph_msgs_generate_messages_eus
[ 16%] Built target roscpp_generate_messages_lisp
[ 16%] Built target topic_tools_generate_messages_cpp
[ 16%] Built target roscpp_generate_messages_py
[ 16%] Built target rosgraph_msgs_generate_messages_cpp
[ 16%] Built target roscpp_generate_messages_nodejs
[ 16%] Built target topic_tools_generate_messages_nodejs
[ 16%] Built target rosgraph_msgs_generate_messages_lisp
[ 16%] Built target aubo_msgs_generate_messages_eus
[ 16%] Built target rosgraph_msgs_generate_messages_nodejs
[ 16%] Built target rosgraph_msgs_generate_messages_py
[ 16%] Built target std_srvs_generate_messages_py
[ 16%] Built target aubo_msgs_generate_messages_cpp
[ 16%] Built target aubo_msgs_generate_messages_py
[ 16%] Built target sensor_msgs_generate_messages_nodejs
[ 16%] Built target topic_tools_generate_messages_eus
[ 16%] Built target topic_tools_generate_messages_lisp
[ 33%] Built target sendJointPos
[ 50%] Built target aubo_control
[ 66%] Built target testAuboAPI
[ 83%] Built target testIO
[100%] Built target aubo_driver
