Unlinking: /home/nicolas/catkin_ws/devel/share/aubo_driver/cmake/aubo_driverConfig.cmake
Unlinking: /home/nicolas/catkin_ws/devel/share/aubo_driver/cmake/aubo_driverConfig-version.cmake
Unlinking: /home/nicolas/catkin_ws/devel/lib/pkgconfig/aubo_driver.pc
Unlinking: /home/nicolas/catkin_ws/devel/lib/aubo_driver/force_control_TDPA_topic
Unlinking: /home/nicolas/catkin_ws/devel/lib/aubo_driver/offline_traj
Unlinking: /home/nicolas/catkin_ws/devel/lib/aubo_driver/squarevel_wave
Unlinking: /home/nicolas/catkin_ws/devel/lib/aubo_driver/control_topic
Unlinking: /home/nicolas/catkin_ws/devel/lib/aubo_driver/offline_traj2
Unlinking: /home/nicolas/catkin_ws/devel/lib/aubo_driver/sendJointPos
Unlinking: /home/nicolas/catkin_ws/devel/lib/aubo_driver/listen_ftsensor
Unlinking: /home/nicolas/catkin_ws/devel/lib/aubo_driver/cartesian_control_topic
Unlinking: /home/nicolas/catkin_ws/devel/lib/aubo_driver/testAuboAPI
Unlinking: /home/nicolas/catkin_ws/devel/lib/aubo_driver/testNico
Unlinking: /home/nicolas/catkin_ws/devel/lib/aubo_driver/force_control_topic
Unlinking: /home/nicolas/catkin_ws/devel/lib/aubo_driver/leave_canbusmode
Unlinking: /home/nicolas/catkin_ws/devel/lib/aubo_driver/control_Nico
Unlinking: /home/nicolas/catkin_ws/devel/lib/aubo_driver/force_offline_traj
Unlinking: /home/nicolas/catkin_ws/devel/lib/aubo_driver/force_position_control_TDPA_topic
Unlinking: /home/nicolas/catkin_ws/devel/lib/aubo_driver/jointposcontrol
Unlinking: /home/nicolas/catkin_ws/devel/lib/aubo_driver/aubo_driver
Unlinking: /home/nicolas/catkin_ws/devel/lib/aubo_driver/testIO
Unlinking: /home/nicolas/catkin_ws/devel/lib/aubo_driver/aubo_control
Unlinking: /home/nicolas/catkin_ws/devel/lib/aubo_driver/listen_moveit
