Determining if the pthread_create exist failed with the following output:
Change Dir: /home/nicolas/catkin_ws/build/netft_utils/CMakeFiles/CMakeTmp

Run Build Command:"/usr/bin/make" "cmTC_d10a6/fast"
/usr/bin/make -f CMakeFiles/cmTC_d10a6.dir/build.make CMakeFiles/cmTC_d10a6.dir/build
make[1]: Entering directory '/home/nicolas/catkin_ws/build/netft_utils/CMakeFiles/CMakeTmp'
Building C object CMakeFiles/cmTC_d10a6.dir/CheckSymbolExists.c.o
/usr/bin/cc     -o CMakeFiles/cmTC_d10a6.dir/CheckSymbolExists.c.o   -c /home/nicolas/catkin_ws/build/netft_utils/CMakeFiles/CMakeTmp/CheckSymbolExists.c
Linking C executable cmTC_d10a6
/usr/bin/cmake -E cmake_link_script CMakeFiles/cmTC_d10a6.dir/link.txt --verbose=1
/usr/bin/cc       CMakeFiles/cmTC_d10a6.dir/CheckSymbolExists.c.o  -o cmTC_d10a6 -rdynamic 
CMakeFiles/cmTC_d10a6.dir/CheckSymbolExists.c.o: In function `main':
CheckSymbolExists.c:(.text+0xa): undefined reference to `pthread_create'
collect2: error: ld returned 1 exit status
CMakeFiles/cmTC_d10a6.dir/build.make:97: recipe for target 'cmTC_d10a6' failed
make[1]: *** [cmTC_d10a6] Error 1
make[1]: Leaving directory '/home/nicolas/catkin_ws/build/netft_utils/CMakeFiles/CMakeTmp'
Makefile:126: recipe for target 'cmTC_d10a6/fast' failed
make: *** [cmTC_d10a6/fast] Error 2

File /home/nicolas/catkin_ws/build/netft_utils/CMakeFiles/CMakeTmp/CheckSymbolExists.c:
/* */
#include <pthread.h>

int main(int argc, char** argv)
{
  (void)argv;
#ifndef pthread_create
  return ((int*)(&pthread_create))[argc];
#else
  (void)argc;
  return 0;
#endif
}

Determining if the function pthread_create exists in the pthreads failed with the following output:
Change Dir: /home/nicolas/catkin_ws/build/netft_utils/CMakeFiles/CMakeTmp

Run Build Command:"/usr/bin/make" "cmTC_01e3d/fast"
/usr/bin/make -f CMakeFiles/cmTC_01e3d.dir/build.make CMakeFiles/cmTC_01e3d.dir/build
make[1]: Entering directory '/home/nicolas/catkin_ws/build/netft_utils/CMakeFiles/CMakeTmp'
Building C object CMakeFiles/cmTC_01e3d.dir/CheckFunctionExists.c.o
/usr/bin/cc    -DCHECK_FUNCTION_EXISTS=pthread_create   -o CMakeFiles/cmTC_01e3d.dir/CheckFunctionExists.c.o   -c /usr/share/cmake-3.5/Modules/CheckFunctionExists.c
Linking C executable cmTC_01e3d
/usr/bin/cmake -E cmake_link_script CMakeFiles/cmTC_01e3d.dir/link.txt --verbose=1
/usr/bin/cc   -DCHECK_FUNCTION_EXISTS=pthread_create    CMakeFiles/cmTC_01e3d.dir/CheckFunctionExists.c.o  -o cmTC_01e3d -rdynamic -lpthreads 
/usr/bin/ld: cannot find -lpthreads
collect2: error: ld returned 1 exit status
CMakeFiles/cmTC_01e3d.dir/build.make:97: recipe for target 'cmTC_01e3d' failed
make[1]: *** [cmTC_01e3d] Error 1
make[1]: Leaving directory '/home/nicolas/catkin_ws/build/netft_utils/CMakeFiles/CMakeTmp'
Makefile:126: recipe for target 'cmTC_01e3d/fast' failed
make: *** [cmTC_01e3d/fast] Error 2


