[2398715257] 1.570797
[2398723174] 1.570797
[2398730640] 1.570797
[2398737970] 1.570797
[2398745709] 1.570797
[2398753542] 1.570797
[2398761780] 1.570797
[2398771208] 1.570797
[2398776953] 1.570797
[2398784937] 1.570800
[2398792566] 1.570800
[2398802443] 1.570800
[2398807585] 1.570800
[2398815747] 1.570800
[2398823167] 1.570800
[2398832380] 1.570800
[2398838190] 1.570800
[2398845826] 1.570800
[2398853384] 1.570800
[2398863112] 1.570800
[2398868729] 1.570800
[2398876506] 1.570800
[2398884222] 1.570800
[2398893562] 1.570800
[2398899721] 1.570800
[2398907724] 1.570800
[2398915061] 1.570800
[2398923689] 1.570800
[2398931040] 1.570800
[2398938653] 1.570800
[2398946193] 1.570800
[2398955328] 1.570800
[2398961071] 1.570800
[2398968768] 1.570800
[2398976506] 1.570800
[2398984366] 1.570800
[2398992347] 1.570800
[2399000064] 1.570800
[2399007987] 1.570800
[2399015240] 1.570800
[2399022703] 1.570800
[2399030312] 1.570800
[2399037923] 1.570800
[2399045636] 1.570800
[2399053574] 1.570800
[2399061090] 1.570800
[2399068786] 1.570800
[2399076529] 1.570800
[2399084340] 1.570800
[2399092752] 1.570800
[2399102306] 1.570800
[2399107082] 1.570800
[2399115108] 1.570800
[2399171565] 1.570800
[2399175955] 1.570800
[2399185235] 1.570800
[2399194285] 1.570800
[2399198944] 1.570800
[2399207404] 1.570800
[2399215195] 1.570800
[2399224034] 1.570696
[2399229807] 1.570411
[2399238013] 1.569939
[2399246163] 1.568387
[2399253965] 1.566673
[2399261628] 1.566020
[2399269180] 1.565292
[2399277009] 1.565169
[2399285379] 1.565080
[2399291393] 1.565059
[2399299542] 1.565050
[2399307599] 1.565053
[2399317601] 1.565065
[2399322202] 1.565062
[2399329772] 1.565050
[2399341947] 1.565028
[2399346047] 1.565022
[2399352643] 1.565019
[2399362238] 1.565013
[2399368545] 1.565013
[2399376138] 1.565013
[2399385308] 1.565010
[2399392750] 1.565001
[2399398761] 1.564967
[2399406692] 1.564949
[2399416084] 1.564912
[2399422436] 1.564900
[2399432041] 1.564900
[2399437761] 1.564903
[2399445659] 1.564900
[2399453166] 1.564897
[2399465203] 1.564888
[2399469467] 1.564878
[2399475854] 1.564872
[2399485050] 1.564863
[2399494236] 1.564866
[2399498942] 1.564863
[2399507392] 1.564854
[2399515548] 1.564842
[2399524109] 1.564833
[2399530262] 1.564829
[2399540123] 1.564829
[2399546083] 1.564820
[2399555476] 1.564367
[2399563322] 1.563938
[2399568317] 1.563354
[2399576474] 1.561581
[2399584178] 1.559918
[2399592411] 1.559324
[2399599173] 1.558752
[2399607191] 1.558755
[2399617665] 1.558835
[2399622213] 1.558838
[2399629699] 1.558847
[2399642272] 1.558859
[2399646405] 1.558880
[2399652837] 1.558893
[2399663139] 1.558887
[2399671386] 1.558874
[2399675660] 1.558877
[2399684165] 1.558880
[2399692360] 1.558880
[2399700775] 1.558887
[2399707012] 1.558890
[2399716749] 1.558887
[2399722719] 1.558880
[2399732145] 1.558868
[2399738010] 1.558868
[2399745261] 1.558868
[2399752984] 1.558868
[2399765790] 1.558681
[2399770425] 1.558342
[2399776233] 1.557806
[2399784725] 1.556131
[2399794317] 1.554309
[2399799113] 1.553581
[2399807146] 1.553042
[2399815713] 1.552592
[2399823674] 1.552803
[2399829748] 1.552818
[2399839619] 1.552837
[2399845582] 1.552843
[2399855522] 1.552846
[2399861579] 1.552846
[2399868400] 1.552861
[2399875849] 1.552861
[2399885318] 1.552843
[2399891534] 1.552849
[2399899654] 1.552711
[2399906669] 1.552387
[2399917211] 1.551257
[2399922421] 1.550421
[2399930396] 1.548676
[2399939263] 1.547240
[2399945570] 1.546783
[2399953272] 1.546535
[2399962716] 1.546566
[2399970855] 1.546783
[2399975724] 1.546783
[2399983915] 1.546808
[2399992425] 1.546670
[2400000532] 1.545865
[2400007160] 1.545210
[2400015451] 1.543327
[2400022125] 1.542371
[2400031076] 1.540914
[2400037297] 1.540492
[2400045619] 1.540299
[2400053065] 1.540400
[2400065088] 1.540051
[2400069104] 1.539647
[2400075842] 1.539028
[2400083958] 1.537246
[2400093671] 1.535535
[2400098619] 1.534815
[2400106625] 1.534037
[2400115973] 1.532522
[2400123750] 1.530954
[2400129084] 1.530073
[2400139430] 1.528294
[2400144774] 1.527201
[2400153544] 1.525786
[2400162456] 1.523600
[2400168645] 1.522645
[2400175915] 1.521255
[2400185335] 1.519479
[2400191325] 1.518514
[2400199892] 1.516913
[2400207325] 1.516138
[2400217499] 1.513928
[2400221954] 1.512777
[2400229904] 1.510612
[2400238970] 1.508711
[2400245322] 1.507756
[2400253021] 1.506855
[2400262763] 1.505444
[2400268342] 1.504816
[2400275954] 1.503362
[2400283983] 1.501666
[2400291992] 1.501666
[2400300657] 1.498117
[2400307413] 1.497226
[2400315675] 1.495763
[2400322024] 1.495221
[2400331865] 1.494660
[2400337534] 1.494305
[2400344932] 1.493185
[2400352738] 1.492386
[2400364456] 1.489967
[2400369188] 1.489315
[2400376628] 1.488528
[2400384687] 1.486868
[2400394306] 1.484039
[2400398811] 1.482668
[2400406672] 1.482668
[2400415648] 1.480096
[2400423946] 1.478378
[2400429838] 1.477239
[2400439190] 1.475227
[2400445218] 1.474269
[2400454770] 1.472509
[2400461783] 1.471504
[2400468242] 1.470641
[2400475856] 1.469827
[2400485194] 1.467135
[2400491391] 1.466336
[2400499416] 1.464799
[2400506364] 1.464049
[2400516440] 1.462589
[2400522160] 1.461863
[2400529647] 1.459597
[2400538633] 1.458495
[2400546069] 1.456612
[2400552527] 1.455951
[2400562789] 1.454135
[2400570988] 1.451554
[2400576046] 1.450339
[2400584438] 1.448388
[2400591853] 1.447733
[2400601867] 1.445878
[2400607017] 1.444824
[2400616143] 1.442978
[2400621827] 1.442265
[2400631188] 1.440315
[2400637469] 1.439117
[2400645156] 1.437265
[2400652700] 1.436346
[2400664549] 1.434173
[2400669209] 1.433279
[2400676131] 1.432360
[2400684445] 1.430924
[2400694199] 1.429390
[2400698942] 1.428524
[2400707421] 1.427516
[2400715721] 1.425643
[2400723895] 1.424644
[2400729652] 1.423285
[2400738974] 1.421371
[2400744988] 1.420502
[2400754942] 1.419133
[2400762172] 1.418503
[2400768740] 1.416485
[2400776205] 1.415279
[2400783833] 1.413163
[2400791587] 1.412202
[2400798991] 1.410527
[2400806697] 1.409801
[2400817137] 1.407857
[2400823016] 1.406948
[2400830434] 1.405343
[2400841958] 1.403938
[2400846503] 1.402848
[2400852812] 1.401706
[2400862110] 1.399756
[2400868506] 1.399002
[2400875936] 1.397303
[2400883987] 1.395601
[2400892133] 1.394869
[2400900853] 1.393559
[2400906887] 1.392974
[2400915440] 1.391121
[2400922359] 1.389967
[2400931940] 1.387907
[2400937319] 1.387098
[2400945067] 1.385525
[2400952613] 1.384468
[2400964683] 1.382034
[2400968919] 1.381431
[2400977061] 1.380693
[2400984181] 1.378709
[2400994522] 1.376967
[2400999023] 1.376220
[2401007791] 1.375586
[2401016323] 1.374092
[2401024033] 1.371869
[2401029647] 1.370265
[2401039248] 1.367969
[2401045440] 1.367127
[2401054807] 1.365565
[2401062514] 1.364515
[2401069179] 1.361655
[2401075793] 1.360097
[2401083908] 1.357363
[2401092319] 1.356288
[2401098877] 1.354730
[2401106679] 1.353777
[2401114449] 1.352758
[2401122456] 1.351313
[2401130323] 1.349861
[2401142207] 1.348373
[2401146593] 1.347682
[2401152721] 1.346965
[2401161237] 1.345477
[2401168778] 1.344209
[2401175974] 1.343481
[2401184439] 1.341824
[2401192361] 1.340740
[2401201652] 1.338343
[2401208300] 1.337333
[2401215961] 1.335790
[2401222110] 1.335248
[2401231990] 1.333928
[2401237679] 1.332991
[2401245303] 1.330882
[2401253078] 1.330027
[2401265349] 1.328230
[2401269671] 1.327465
[2401275944] 1.326384
[2401284556] 1.324183
[2401293874] 1.322459
[2401299496] 1.321929
[2401307749] 1.321354
[2401315583] 1.319893
[2401323849] 1.318347
[2401329789] 1.317526
[2401338832] 1.316250
[2401344919] 1.315463
[2401354928] 1.313690
[2401362938] 1.312879
[2401369459] 1.311498
[2401375958] 1.310830
[2401383676] 1.309174
[2401391923] 1.308402
[2401399113] 1.306709
[2401407809] 1.305981
[2401417855] 1.304661
[2401422317] 1.304015
[2401430216] 1.301970
[2401438479] 1.300773
[2401445450] 1.298767
[2401454021] 1.297426
[2401461483] 1.296789
[2401468506] 1.296137
[2401476033] 1.293994
[2401484309] 1.291587
[2401491820] 1.290586
[2401501067] 1.289790
[2401506817] 1.288559
[2401515803] 1.286979
[2401522234] 1.286055
[2401532270] 1.284025
[2401539600] 1.282629
[2401545632] 1.282016
[2401553299] 1.281441
[2401566030] 1.279444
[2401570625] 1.277381
[2401576467] 1.276410
[2401585277] 1.274965
[2401594023] 1.273603
[2401599652] 1.272751
[2401607750] 1.271857
[2401615448] 1.269916
[2401624983] 1.268615
[2401629643] 1.268039
[2401638846] 1.266502
[2401645116] 1.265624
[2401654610] 1.263891
[2401661859] 1.263202
[2401668271] 1.262629
[2401676550] 1.261350
[2401684227] 1.259895
[2401690982] 1.259243
[2401699252] 1.257859
[2401707105] 1.257302
[2401717281] 1.256071
[2401721786] 1.256071
[2401730322] 1.253426
[2401742316] 1.251093
[2401746454] 1.250091
[2401752780] 1.249274
[2401761790] 1.248003
[2401768517] 1.247296
[2401776276] 1.245346
[2401784607] 1.243711
[2401791845] 1.243114
[2401801722] 1.242342
[2401807076] 1.241843
[2401815800] 1.240343
[2401822167] 1.239440
[2401832470] 1.237688
[2401838081] 1.237082
[2401845608] 1.236038
[2401852780] 1.235389
[2401865255] 1.232180
[2401869342] 1.231093
[2401876093] 1.230028
[2401884999] 1.228687
[2401894250] 1.227257
[2401898897] 1.226387
[2401906628] 1.225270
[2401916097] 1.223614
[2401923778] 1.222517
[2401929723] 1.221911
[2401938924] 1.220350
[2401945140] 1.219388
[2401954541] 1.217260
[2401961908] 1.216256
[2401968824] 1.214728
[2401976226] 1.214196
[2401984047] 1.212784
[2401991807] 1.211915
[2401999699] 1.210010
[2402007659] 1.209208
[2402017922] 1.208026
[2402022376] 1.207493
[2402030445] 1.205718
[2402041694] 1.203737
[2402046289] 1.202720
[2402052860] 1.202065
[2402061462] 1.201021
[2402068412] 1.200390
[2402076102] 1.198480
[2402084724] 1.196710
[2402092159] 1.196107
[2402100595] 1.195491
[2402106953] 1.195133
[2402116111] 1.193970
[2402122020] 1.193070
[2402131626] 1.191180
[2402137457] 1.190485
[2402145261] 1.189411
[2402152792] 1.188847
[2402164948] 1.185939
[2402169175] 1.184769
[2402175911] 1.183884
[2402185375] 1.182663
[2402194133] 1.181334
[2402198902] 1.180510
[2402207082] 1.179647
[2402216030] 1.177795
[2402224060] 1.176576
[2402229879] 1.176034
[2402239168] 1.174662
[2402245072] 1.173710
[2402254730] 1.171475
[2402262498] 1.170391
[2402268635] 1.169451
[2402276284] 1.168058
[2402283862] 1.166656
[2402291630] 1.165811
[2402298878] 1.163925
[2402307568] 1.163172
[2402317651] 1.162039
[2402322042] 1.161512
[2402330501] 1.159749
[2402338886] 1.158551
[2402345994] 1.156809
[2402353007] 1.156157
[2402362252] 1.155226
[2402368717] 1.154574
[2402376125] 1.152811
[2402384463] 1.151381
[2402391872] 1.151381
[2402401179] 1.149908
[2402408274] 1.149268
[2402415893] 1.147159
[2402422087] 1.146041
[2402432204] 1.144970
[2402437798] 1.143638
[2402445355] 1.142710
[2402453191] 1.142043
[2402465807] 1.139639
[2402470082] 1.139030
[2402476130] 1.138402
[2402484686] 1.137208
[2402494358] 1.135671
[2402498926] 1.134982
[2402507362] 1.134480
[2402515638] 1.133660
[2402523919] 1.132992
[2402530269] 1.131553
[2402540079] 1.130025
[2402546282] 1.129428
[2402554213] 1.128629
[2402561388] 1.128084
[2402568317] 1.127423
[2402576119] 1.125769
[2402583783] 1.124897
[2402591553] 1.123617
[2402599285] 1.122953
[2402606949] 1.122487
[2402617466] 1.121024
[2402622282] 1.119980
[2402630348] 1.117628
[2402642346] 1.115862
[2402646593] 1.115268
[2402652723] 1.114845
[2402661837] 1.113556
[2402670971] 1.111545
[2402675878] 1.110638
[2402684961] 1.109383
[2402691775] 1.108887
[2402701548] 1.107577
[2402707739] 1.106640
[2402715403] 1.105149
[2402722667] 1.104536
[2402732137] 1.103388
[2402738450] 1.102806
[2402745552] 1.100881
[2402752553] 1.099815
[2402765120] 1.097580
[2402769475] 1.096775
[2402775867] 1.095945
[2402784784] 1.094301
[2402794352] 1.091913
[2402799000] 1.090667
[2402807747] 1.089727
[2402815145] 1.088337
[2402824887] 1.086959
[2402829799] 1.086028
[2402838591] 1.085125
[2402845316] 1.083640
[2402855239] 1.082871
[2402863168] 1.081690
[2402868478] 1.080961
[2402876119] 1.079317
[2402884245] 1.078233
[2402891795] 1.077694
[2402899528] 1.076463
[2402906699] 1.075465
[2402917129] 1.073545
[2402923172] 1.072777
[2402930000] 1.071681
[2402938806] 1.071405
[2402945511] 1.070909
[2402953565] 1.070545
[2402962350] 1.069308
[2402968254] 1.068625
[2402976347] 1.067085
[2402984772] 1.066105
[2402992233] 1.065802
[2402998761] 1.064795
[2403007736] 1.064106
[2403015488] 1.062214
[2403021813] 1.061323
[2403031561] 1.060046
[2403037578] 1.060046
[2403045958] 1.058610
[2403053309] 1.057998
[2403065377] 1.056274
[2403069741] 1.055916
[2403075672] 1.055472
[2403084142] 1.054152
[2403094121] 1.051929
[2403098937] 1.050472
[2403107159] 1.049312
[2403115579] 1.047514
[2403124178] 1.046323
[2403130301] 1.045616
[2403138936] 1.044636
[2403145489] 1.043105
[2403155297] 1.041966
[2403162238] 1.041559
[2403168674] 1.040981
[2403176288] 1.039447
[2403184105] 1.038057
[2403191749] 1.037319
[2403199642] 1.036256
[2403207550] 1.035580
[2403217784] 1.034236
[2403222491] 1.033519
[2403230260] 1.032049
[2403242220] 1.031085
[2403246582] 1.030543
[2403252737] 1.030020
[2403261963] 1.028265
[2403271077] 1.025883
[2403275871] 1.024873
[2403284903] 1.023385
[2403291786] 1.022861
[2403301483] 1.021554
[2403307701] 1.020654
[2403315535] 1.018988
[2403322096] 1.018988
[2403331500] 1.017329
[2403337593] 1.016790
[2403345193] 1.014971
[2403353031] 1.013866
[2403365382] 1.011407
[2403369853] 1.010746
[2403376105] 1.009971
[2403384437] 1.007911
[2403394460] 1.006046
[2403399070] 1.005379
[2403407268] 1.004867
[2403415488] 1.003640
[2403424066] 1.002470
[2403430102] 1.000419
[2403439486] 0.998918
[2403445146] 0.998526
[2403454911] 0.997669
[2403462407] 0.997066
[2403469793] 0.995716
[2403476326] 0.994975
[2403484027] 0.994246
[2403491908] 0.993132
[2403499500] 0.991114
[2403506843] 0.990039
[2403517277] 0.988313
[2403521806] 0.987761
[2403529577] 0.986304
[2403541749] 0.983986
[2403546368] 0.982958
[2403552733] 0.982063
[2403562088] 0.980830
[2403571079] 0.979565
[2403577047] 0.978898
[2403584638] 0.977756
[2403591592] 0.977410
[2403601416] 0.976558
[2403606424] 0.975857
[2403615904] 0.974415
[2403622057] 0.973812
[2403632076] 0.972946
[2403637623] 0.972946
[2403645962] 0.971234
[2403653946] 0.969850
[2403664879] 0.969370
[2403669545] 0.969324
[2403676055] 0.969235
[2403684797] 0.968552
[2403694039] 0.966994
[2403698999] 0.966124
[2403706895] 0.965383
[2403715709] 0.964342
[2403723683] 0.963733
[2403729866] 0.962428
[2403739883] 0.960830
[2403745234] 0.960120
[2403754629] 0.959229
[2403761274] 0.958785
[2403768903] 0.958139
[2403776611] 0.956238
[2403784586] 0.955289
[2403791402] 0.953963
[2403799110] 0.953409
[2403807444] 0.953136
[2403817538] 0.951927
[2403822007] 0.951146
[2403830859] 0.949921
[2403838463] 0.949921
[2403845010] 0.948565
[2403853143] 0.948041
[2403862383] 0.947007
[2403871706] 0.946235
[2403876146] 0.945822
[2403884810] 0.944527
[2403892213] 0.943617
[2403901592] 0.941603
[2403908483] 0.940831
[2403915650] 0.939882
[2403922236] 0.939597
[2403932186] 0.938446
[2403938248] 0.937662
[2403945328] 0.936205
[2403952677] 0.936205
[2403965102] 0.934086
[2403969450] 0.933651
[2403975770] 0.933314
[2403984515] 0.932570
[2403993829] 0.932081
[2403999697] 0.930850
[2404008437] 0.930204
[2404016066] 0.929157
[2404023702] 0.928844
[2404029503] 0.927956
[2404039467] 0.926726
[2404045211] 0.925982
[2404053896] 0.924781
[2404061278] 0.924126
[2404068337] 0.923578
[2404075891] 0.922182
[2404083898] 0.921019
[2404091439] 0.920578
[2404099465] 0.919922
[2404107727] 0.919491
[2404117922] 0.917865
[2404122176] 0.916962
[2404130120] 0.915278
[2404141880] 0.914451
[2404146292] 0.914068
[2404152758] 0.913575
[2404161833] 0.911760
[2404168512] 0.910765
[2404176445] 0.908866
[2404185422] 0.907810
[2404191941] 0.907507
[2404201876] 0.906426
[2404208131] 0.905701
[2404215553] 0.904427
[2404222265] 0.903726
[2404231968] 0.902722
[2404237493] 0.902268
[2404245289] 0.900667
[2404252772] 0.899850
[2404264893] 0.897908
[2404269502] 0.897636
[2404275829] 0.897269
[2404283811] 0.896819
[2404294050] 0.894492
[2404299134] 0.893873
[2404308289] 0.893527
[2404316106] 0.893346
[2404323847] 0.893175
[2404329877] 0.892299
[2404339073] 0.890692
[2404345219] 0.890003
[2404354125] 0.889130
[2404361279] 0.888735
[2404368444] 0.888224
[2404375890] 0.886718
[2404385147] 0.885521
[2404391286] 0.885061
[2404399072] 0.884813
[2404406868] 0.884538
[2404417524] 0.883279
[2404422343] 0.882499
[2404430152] 0.880949
[2404441939] 0.879954
[2404446066] 0.879633
[2404452900] 0.879177
[2404462822] 0.877955
[2404468783] 0.877401
[2404476104] 0.876231
[2404484912] 0.875432
[2404492221] 0.874878
[2404501953] 0.873929
[2404506623] 0.873626
[2404516059] 0.872622
[2404521828] 0.872052
[2404531658] 0.870282
[2404539230] 0.868865
[2404545880] 0.868409
[2404553009] 0.868173
[2404564950] 0.867913
[2404569380] 0.867025
[2404575796] 0.866293
[2404584500] 0.865139
[2404594634] 0.864358
[2404598930] 0.864058
[2404607497] 0.863773
[2404615585] 0.862622
[2404623805] 0.861330
[2404629740] 0.860825
[2404639510] 0.860041
[2404645336] 0.859664
[2404654022] 0.858798
[2404661369] 0.858143
[2404668903] 0.856930
[2404677129] 0.856361
[2404685216] 0.855424
[2404691686] 0.854759
[2404699171] 0.853584
[2404707863] 0.853063
[2404717859] 0.851985
[2404722215] 0.851578
[2404730248] 0.850926
[2404741817] 0.849946
[2404746113] 0.849355
[2404753259] 0.848844
[2404762735] 0.847518
[2404768509] 0.846884
[2404777116] 0.845929
[2404784281] 0.845069
[2404792042] 0.844496
[2404801744] 0.843507
[2404808535] 0.843134
[2404815634] 0.842243
[2404821858] 0.841716
[2404831727] 0.840072
[2404837528] 0.839144
[2404846096] 0.838051
[2404853222] 0.837767
[2404866196] 0.837004
[2404870401] 0.836315
[2404876364] 0.835541
[2404885365] 0.834288
[2404894203] 0.833716
[2404898798] 0.832721
[2404908184] 0.832102
[2404915903] 0.830676
[2404923957] 0.829806
[2404929934] 0.829387
[2404939426] 0.828291
[2404945295] 0.827363
[2404955058] 0.825468
[2404962727] 0.824748
[2404968956] 0.824010
[2404976963] 0.823548
[2404984411] 0.822045
[2404991269] 0.821242
[2404999228] 0.820122
[2405007074] 0.819797
[2405017158] 0.818863
[2405022832] 0.818129
[2405029826] 0.816564
[2405042170] 0.815587
[2405046293] 0.815315
[2405052651] 0.815000
[2405062807] 0.813542
[2405070885] 0.812544
[2405075831] 0.811332
[2405085027] 0.810667
[2405091848] 0.810291
[2405101914] 0.809084
[2405107402] 0.808065
[2405115728] 0.806378
[2405122214] 0.805768
[2405131882] 0.805058
[2405137520] 0.804807
[2405145052] 0.803625
[2405152658] 0.802893
[2405165096] 0.801705
[2405169335] 0.801001
[2405175753] 0.800511
[2405184601] 0.799480
[2405194648] 0.797410
[2405198770] 0.797410
[2405207116] 0.796148
[2405215968] 0.795313
[2405223869] 0.794774
[2405229944] 0.794709
[2405240380] 0.794415
[2405246480] 0.794415
[2405254374] 0.792799
[2405261923] 0.792220
[2405268962] 0.791314
[2405275861] 0.791008
[2405283839] 0.790564
[2405291763] 0.790092
[2405299687] 0.788999
[2405307827] 0.788466
[2405317987] 0.787447
[2405322402] 0.786951
[2405329716] 0.785941
[2405338817] 0.785616
[2405345425] 0.785092
[2405353102] 0.784587
[2405362565] 0.783369
[2405368616] 0.782698
[2405375714] 0.781936
[2405384133] 0.781535
[2405391743] 0.781207
[2405401935] 0.779872
[2405406642] 0.779171
[2405415835] 0.778246
[2405422286] 0.778041
[2405432592] 0.777251
[2405437474] 0.776746
[2405445923] 0.775733
[2405452913] 0.775371
[2405464864] 0.774217
[2405469356] 0.773488
[2405476418] 0.772527
[2405484732] 0.771063
[2405493875] 0.770571
[2405499509] 0.770163
[2405506911] 0.769906
[2405515713] 0.768786
[2405524125] 0.767723
[2405530785] 0.767723
[2405539733] 0.766838
[2405545703] 0.766480
[2405555420] 0.764961
[2405563131] 0.764052
[2405568971] 0.763229
[2405576095] 0.762200
[2405583583] 0.761995
[2405591274] 0.761566
[2405599273] 0.760305
[2405606514] 0.759554
[2405616561] 0.758532
[2405622276] 0.758265
[2405629658] 0.757368
[2405641477] 0.755638
[2405645679] 0.754821
[2405652410] 0.754190
[2405661594] 0.753474
[2405668527] 0.753474
[2405676513] 0.751995
[2405685626] 0.750985
[2405692732] 0.750724
[2405701306] 0.750626
[2405707720] 0.750544
[2405715640] 0.749723
[2405721893] 0.749154
[2405731457] 0.748171
[2405737362] 0.747911
[2405745004] 0.747803
[2405752772] 0.747160
[2405765379] 0.745532
[2405770006] 0.745082
[2405775862] 0.744757
[2405784103] 0.744295
[2405793954] 0.743189
[2405799722] 0.742617
[2405807077] 0.742112
[2405816528] 0.741655
[2405824317] 0.741346
[2405830254] 0.740930
[2405839174] 0.739705
[2405845197] 0.739123
[2405854508] 0.738199
[2405862389] 0.737856
[2405869080] 0.737243
[2405876348] 0.736689
[2405883811] 0.735991
[2405891335] 0.734984
[2405899137] 0.733683
[2405906541] 0.733129
[2405916901] 0.732449
[2405922981] 0.732094
[2405929775] 0.730606
[2405941547] 0.728992
[2405945610] 0.728352
[2405953317] 0.727927
[2405962003] 0.727428
[2405968318] 0.727428
[2405975847] 0.725685
[2405984899] 0.724696
[2405992114] 0.724559
[2406001292] 0.724678
[2406007110] 0.724669
[2406016614] 0.724228
[2406022614] 0.723781
[2406032148] 0.722667
[2406037723] 0.722351
[2406046178] 0.721849
[2406052925] 0.721292
[2406065364] 0.719675
[2406070038] 0.719188
[2406076270] 0.718855
[2406085235] 0.718438
[2406094473] 0.717370
[2406099056] 0.716794
[2406108042] 0.716258
[2406115879] 0.715768
[2406124203] 0.715652
[2406130464] 0.715404
[2406138781] 0.714936
[2406145245] 0.713754
[2406155180] 0.712955
[2406162772] 0.712792
[2406168505] 0.712750
[2406176208] 0.712563
[2406183830] 0.710894
[2406191244] 0.710331
[2406199009] 0.709565
[2406206670] 0.709489
[2406216877] 0.709480
[2406223118] 0.709480
[2406229569] 0.708371
[2406241555] 0.707266
[2406245709] 0.706993
[2406253115] 0.706914
[2406263172] 0.706834
[2406271098] 0.706026
[2406275994] 0.705444
[2406285090] 0.704477
[2406292153] 0.704265
[2406301735] 0.704027
[2406307653] 0.703659
[2406315830] 0.702557
[2406322193] 0.702021
[2406332421] 0.701216
[2406338351] 0.700806
[2406345370] 0.699964
[2406353149] 0.699645
[2406364769] 0.698283
[2406369229] 0.697692
[2406375964] 0.696926
[2406385460] 0.695665
[2406394913] 0.694866
[2406398998] 0.694474
[2406408310] 0.694180
[2406416123] 0.693476
[2406424411] 0.692548
[2406430225] 0.692089
[2406439571] 0.691201
[2406445600] 0.690537
[2406455066] 0.689875
[2406462376] 0.689091
[2406468765] 0.688810
[2406476192] 0.688026
[2406483835] 0.686915
[2406491344] 0.686158
[2406498771] 0.685004
[2406506621] 0.684670
[2406516604] 0.684229
[2406522390] 0.683825
[2406530497] 0.682288
[2406542408] 0.680503
[2406546757] 0.680503
[2406552779] 0.679560
[2406561501] 0.679260
[2406568504] 0.679061
[2406575914] 0.678277
[2406584746] 0.678008
[2406592116] 0.677239
[2406600955] 0.676483
[2406607013] 0.676104
[2406616159] 0.675332
[2406621898] 0.674998
[2406631036] 0.674208
[2406637445] 0.673654
[2406644870] 0.672760
[2406652604] 0.672423
[2406664942] 0.670608
[2406669419] 0.670608
[2406675970] 0.669720
[2406684651] 0.668967
[2406693891] 0.668281
[2406699616] 0.667819
[2406706922] 0.667035
[2406716636] 0.665733
[2406723587] 0.665259
[2406729710] 0.664824
[2406738953] 0.664588
[2406745178] 0.663645
[2406754494] 0.662280
[2406761673] 0.661729
[2406768843] 0.661328
[2406776293] 0.660917
[2406784040] 0.659959
[2406791770] 0.659359
[2406799721] 0.658140
[2406807955] 0.657739
[2406816251] 0.657286
[2406822549] 0.656882
[2406830291] 0.655330
[2406842275] 0.654362
[2406846590] 0.652994
[2406852727] 0.652596
[2406862192] 0.652207
[2406868737] 0.651888
[2406876793] 0.650538
[2406884205] 0.648875
[2406892135] 0.648190
[2406901194] 0.647629
[2406907820] 0.647522
[2406915667] 0.646647
[2406922126] 0.645973
[2406932059] 0.644840
[2406937861] 0.644519
[2406945454] 0.644148
[2406952959] 0.643775
[2406966075] 0.641368
[2406970453] 0.640704
[2406976039] 0.640094
[2406984369] 0.639461
[2406993830] 0.638631
[2406999623] 0.638052
[2407006558] 0.637360
[2407015691] 0.636420
[2407024363] 0.636108
[2407030157] 0.635826
[2407039840] 0.634718
[2407045798] 0.633861
[2407055159] 0.632367
[2407062513] 0.631892
[2407068907] 0.631638
[2407076089] 0.631476
[2407085325] 0.630704
[2407091066] 0.630199
[2407098698] 0.629727
[2407106666] 0.629259
[2407116673] 0.628944
[2407122255] 0.628873
[2407129752] 0.628105
[2407141869] 0.627116
[2407145862] 0.626702
[2407153507] 0.626436
[2407162871] 0.625545
[2407170946] 0.624326
[2407176664] 0.623870
[2407184702] 0.623491
[2407191681] 0.623264
[2407200849] 0.622293
[2407206763] 0.621654
[2407216841] 0.620441
[2407222474] 0.620086
[2407232148] 0.619795
[2407237874] 0.619489
[2407245700] 0.618785
[2407253257] 0.618301
[2407264188] 0.617333
[2407268872] 0.616908
[2407276712] 0.616850
[2407285728] 0.616216
[2407294410] 0.615144
[2407298923] 0.614728
[2407307723] 0.614489
[2407315681] 0.614299
[2407323859] 0.614048
[2407329773] 0.613117
[2407339639] 0.612324
[2407345935] 0.611997
[2407355786] 0.611792
[2407361721] 0.611522
[2407368416] 0.611124
[2407376060] 0.610215
[2407383843] 0.609875
[2407391600] 0.609198
[2407399413] 0.608773
[2407407638] 0.608387
[2407417509] 0.607392
[2407422318] 0.606871
[2407430382] 0.606146
[2407438539] 0.606075
[2407445197] 0.606069
[2407453757] 0.605824
[2407462359] 0.604805
[2407468668] 0.604370
[2407476575] 0.603874
[2407484508] 0.603494
[2407492179] 0.603350
[2407500834] 0.602551
[2407506837] 0.602071
[2407516374] 0.601327
[2407522298] 0.601100
[2407532574] 0.600157
[2407540387] 0.598948
[2407546850] 0.598528
[2407552852] 0.598326
[2407566028] 0.597793
[2407570398] 0.597270
[2407576147] 0.596725
[2407584430] 0.595935
[2407594106] 0.595500
[2407598926] 0.595160
[2407607360] 0.594591
[2407616859] 0.593583
[2407624215] 0.592585
[2407629805] 0.592148
[2407639404] 0.591762
[2407645431] 0.591762
[2407654839] 0.590565
[2407661434] 0.590154
[2407668769] 0.589741
[2407676733] 0.588976
[2407684516] 0.588449
[2407691466] 0.588066
[2407698901] 0.587359
[2407707119] 0.586985
[2407717062] 0.585911
[2407722013] 0.585448
[2407729612] 0.584873
[2407741645] 0.584790
[2407746139] 0.584521
[2407752632] 0.584521
[2407761735] 0.582919
[2407768682] 0.582405
[2407776366] 0.581934
[2407784619] 0.582191
[2407792048] 0.582191
[2407801588] 0.581872
[2407807337] 0.581483
[2407815884] 0.580562
[2407822428] 0.580305
[2407832106] 0.580112
[2407837890] 0.579478
[2407846087] 0.578578
[2407853746] 0.578253
[2407866246] 0.577543
[2407870455] 0.577543
[2407876460] 0.576937
[2407884945] 0.575982
[2407894056] 0.575146
[2407900316] 0.574723
[2407906992] 0.574157
[2407915836] 0.573361
[2407923833] 0.573076
[2407929553] 0.572405
[2407939486] 0.571447
[2407945633] 0.571006
[2407955551] 0.570351
[2407963254] 0.570351
[2407969400] 0.569368
[2407975830] 0.568958
[2407983849] 0.568416
[2407991600] 0.567182
[2407999316] 0.566729
[2408007526] 0.566438
[2408017686] 0.566215
[2408022260] 0.565878
[2408030149] 0.564632
[2408042784] 0.564084
[2408047409] 0.563627
[2408052943] 0.563652
[2408062890] 0.563701
[2408070854] 0.563144
[2408076647] 0.562586
[2408085849] 0.561539
[2408091550] 0.561236
[2408101159] 0.560507
[2408107085] 0.560067
[2408116454] 0.559032
[2408122485] 0.558686
[2408131944] 0.558282
[2408138052] 0.557966
[2408145055] 0.556705
[2408153062] 0.555808
[2408165335] 0.554387
[2408169476] 0.554280
[2408175841] 0.554197
[2408184895] 0.553524
[2408194072] 0.552728
[2408199190] 0.551301
[2408207290] 0.550698
[2408215825] 0.550055
[2408223833] 0.549981
[2408229415] 0.549470
[2408239907] 0.548163
[2408245064] 0.547510
[2408254229] 0.546690
[2408261263] 0.546570
[2408269069] 0.545995
[2408276507] 0.545382
[2408284179] 0.544724
[2408291862] 0.543999
[2408299758] 0.543904
[2408307449] 0.543867
[2408317679] 0.543273
[2408322177] 0.542658
[2408330183] 0.540940
[2408341773] 0.539764
[2408345888] 0.539492
[2408352875] 0.539406
[2408362685] 0.538720
[2408368423] 0.538126
[2408376305] 0.536932
[2408384537] 0.536439
[2408391777] 0.536439
[2408401066] 0.536164
[2408407315] 0.535713
[2408415951] 0.534636
[2408422110] 0.534636
[2408431631] 0.533907
[2408437840] 0.533696
[2408445686] 0.533194
[2408453672] 0.532851
[2408464800] 0.531902
[2408469027] 0.531485
[2408476171] 0.531044
[2408484845] 0.530625
[2408494719] 0.530377
[2408499130] 0.530009
[2408507666] 0.529510
[2408515509] 0.528613
[2408525282] 0.528212
[2408529472] 0.527949
[2408538982] 0.527875
[2408545243] 0.527171
[2408554799] 0.526299
[2408561761] 0.525885
[2408568665] 0.525588
[2408575987] 0.525111
[2408583639] 0.525111
[2408591307] 0.523834
[2408599005] 0.523381
[2408607338] 0.523335
[2408617567] 0.523197
[2408621789] 0.523197
[2408629455] 0.522083
[2408642076] 0.520745
[2408646532] 0.520270
[2408652756] 0.520001
[2408662525] 0.519820
[2408671051] 0.519094
[2408677202] 0.518565
[2408684668] 0.517750
[2408691689] 0.517671
[2408701693] 0.517640
[2408707241] 0.517435
[2408715988] 0.516541
[2408722255] 0.516088
[2408732325] 0.515601
[2408738097] 0.515558
[2408744950] 0.515255
[2408752602] 0.514863
[2408765798] 0.513063
[2408769913] 0.513063
[2408776108] 0.512554
[2408784115] 0.512585
[2408794188] 0.512429
[2408799350] 0.512062
[2408807618] 0.511562
[2408815861] 0.510760
[2408823907] 0.510760
[2408829700] 0.509888
[2408838914] 0.509606
[2408845142] 0.509009
[2408854409] 0.508948
[2408861160] 0.508911
[2408868637] 0.508746
[2408876091] 0.507885
[2408883867] 0.507506
[2408891577] 0.507163
[2408899132] 0.507147
[2408907271] 0.507105
[2408917425] 0.506428
[2408922107] 0.505941
[2408930341] 0.505234
[2408938934] 0.505188
[2408945572] 0.505246
[2408952892] 0.505081
[2408962842] 0.504205
[2408970849] 0.503522
[2408975752] 0.503437
[2408984400] 0.503415
[2408992378] 0.503415
[2409001209] 0.502301
[2409007038] 0.501881
[2409016874] 0.501480
[2409022134] 0.501535
[2409031169] 0.501416
[2409037160] 0.501100
[2409045291] 0.500011
[2409052793] 0.499588
[2409064591] 0.498816
[2409069196] 0.498516
[2409075634] 0.498247
[2409084951] 0.497589
[2409094000] 0.496799
[2409099968] 0.496496
[2409107023] 0.496165
[2409116042] 0.495571
[2409123969] 0.494787
[2409129832] 0.494453
[2409139106] 0.493905
[2409145375] 0.493391
[2409154622] 0.491857
[2409162699] 0.491857
[2409169034] 0.490862
[2409176920] 0.490810
[2409184598] 0.490397
[2409191116] 0.489953
[2409199148] 0.488955
[2409206776] 0.488547
[2409217239] 0.488008
[2409223166] 0.487659
[2409229868] 0.486961
[2409242103] 0.486554
[2409246477] 0.486263
[2409253039] 0.485908
[2409262349] 0.485149
[2409271172] 0.484610
[2409276974] 0.484328
[2409284101] 0.483603
[2409292348] 0.483097
[2409301937] 0.482329
[2409306519] 0.482243
[2409316288] 0.482191
[2409322261] 0.482007
[2409331918] 0.480945
[2409338014] 0.480268
[2409345927] 0.479111
[2409353807] 0.478851
[2409364347] 0.478584
[2409368832] 0.478584
[2409376230] 0.477617
[2409385048] 0.475832
[2409394549] 0.474497
[2409398866] 0.474497
[2409406694] 0.473955
[2409416284] 0.473312
[2409424041] 0.472691
[2409430028] 0.470805
[2409439996] 0.469341
[2409446241] 0.468915
[2409454826] 0.468499
[2409462513] 0.468034
[2409468782] 0.467431
[2409476737] 0.466515
[2409484318] 0.466206
[2409491456] 0.466166
[2409499214] 0.465664
[2409506935] 0.465174
[2409516978] 0.464396
[2409522604] 0.464262
[2409530672] 0.463554
[2409543316] 0.463101
[2409547864] 0.462559
[2409554212] 0.461889
[2409561955] 0.461632
[2409568525] 0.461237
[2409576750] 0.460324
[2409584914] 0.459093
[2409592492] 0.458490
[2409601019] 0.457850
[2409606745] 0.457792
[2409616390] 0.457281
[2409622218] 0.456595
[2409632669] 0.455530
[2409638579] 0.455236
[2409645229] 0.455177
[2409653326] 0.455162
[2409665657] 0.454045
[2409669642] 0.453533
[2409675999] 0.453046
[2409684621] 0.452746
[2409694121] 0.452232
[2409698894] 0.452232
[2409706762] 0.451059
[2409716652] 0.450288
[2409724095] 0.450260
[2409729866] 0.450426
[2409740241] 0.450395
[2409745273] 0.450132
[2409754973] 0.449235
[2409762775] 0.448840
[2409769080] 0.448708
[2409776598] 0.448607
[2409784137] 0.447903
[2409791650] 0.447232
[2409799368] 0.446461
[2409806576] 0.446357
[2409816462] 0.446283
[2409822152] 0.446084
[2409830756] 0.444960
[2409838619] 0.444210
[2409845423] 0.443527
[2409853009] 0.442863
[2409862655] 0.442765
[2409870573] 0.442493
[2409876586] 0.442024
[2409885632] 0.441075
[2409892479] 0.440781
[2409900512] 0.440738
[2409906568] 0.440714
[2409916421] 0.440092
[2409922183] 0.439504
[2409933229] 0.438635
[2409937847] 0.438436
[2409945654] 0.438316
[2409953447] 0.438117
[2409965993] 0.436274
[2409970496] 0.435625
[2409976351] 0.435129
[2409984533] 0.434762
[2409994017] 0.433611
[2409998851] 0.433611
[2410006875] 0.432441
[2410015672] 0.431819
[2410024243] 0.431553
[2410030087] 0.431345
[2410038913] 0.430827
[2410045428] 0.429780
[2410054663] 0.428745
[2410061868] 0.428500
[2410068567] 0.428415
[2410076223] 0.428341
[2410083762] 0.428341
[2410092281] 0.427166
[2410099349] 0.426464
[2410107240] 0.426412
[2410117687] 0.426400
[2410122234] 0.426152
[2410130129] 0.425644
[2410142297] 0.424254
[2410146666] 0.424107
[2410153114] 0.424098
[2410162757] 0.424104
[2410171345] 0.423482
[2410176196] 0.422968
[2410184897] 0.422478
[2410192180] 0.422454
[2410201979] 0.422016
[2410206780] 0.421599
[2410216315] 0.420861
[2410222010] 0.420604
[2410232078] 0.419925
[2410237918] 0.419566
[2410246281] 0.419021
[2410252610] 0.418804
[2410265194] 0.417784
[2410269803] 0.417347
[2410275863] 0.417004
[2410284843] 0.416795
[2410294217] 0.416330
[2410299401] 0.415849
[2410307378] 0.415317
[2410315915] 0.414723
[2410323991] 0.414352
[2410331002] 0.414009
[2410338991] 0.413492
[2410345084] 0.413268
[2410354569] 0.412873
[2410361200] 0.412555
[2410368390] 0.412102
[2410376247] 0.411125
[2410383778] 0.410816
[2410391873] 0.410727
[2410399394] 0.410491
[2410407878] 0.410170
[2410418221] 0.409181
[2410422429] 0.408783
[2410430011] 0.408550
[2410438813] 0.408544
[2410445464] 0.408109
[2410453439] 0.407601
[2410461507] 0.406465
[2410468777] 0.406128
[2410475616] 0.405994
[2410484886] 0.405862
[2410491882] 0.405507
[2410501235] 0.404457
[2410507924] 0.403795
[2410515227] 0.402904
[2410522666] 0.402800
[2410531995] 0.402310
[2410539515] 0.401438
[2410545901] 0.401438
[2410553012] 0.400960
[2410563899] 0.400902
[2410569234] 0.400274
[2410576334] 0.399723
[2410585876] 0.398994
[2410594378] 0.398811
[2410599091] 0.398612
[2410607282] 0.398351
[2410616486] 0.397742
[2410624689] 0.397344
[2410629969] 0.397130
[2410639807] 0.396502
[2410645910] 0.396070
[2410653763] 0.395651
[2410662958] 0.394806
[2410668601] 0.394589
[2410676387] 0.394485
[2410683671] 0.394319
[2410691176] 0.393575
[2410699273] 0.392905
[2410707659] 0.392684
[2410716938] 0.392651
[2410722266] 0.392651
[2410730504] 0.391998
[2410741438] 0.391355
[2410745754] 0.391251
[2410753274] 0.391221
[2410762448] 0.391169
[2410768445] 0.390884
[2410776198] 0.390140
[2410784794] 0.389910
[2410791817] 0.389889
[2410800681] 0.389558
[2410806807] 0.389558
[2410815979] 0.388459
[2410821789] 0.388263
[2410831230] 0.387703
[2410837662] 0.387430
[2410845548] 0.387204
[2410853181] 0.386732
[2410865178] 0.385985
[2410869543] 0.385682
[2410876033] 0.385443
[2410884501] 0.385113
[2410893968] 0.385113
[2410899811] 0.384176
[2410908106] 0.384029
[2410915739] 0.383897
[2410923796] 0.383854
[2410929466] 0.383729
[2410938903] 0.383398
[2410944938] 0.382703
[2410954796] 0.382556
[2410962271] 0.382538
[2410969482] 0.382305
[2410976080] 0.381892
[2410983740] 0.381475
[2410991937] 0.381019
[2410999456] 0.380538
[2411007826] 0.380351
[2411017828] 0.380085
[2411022007] 0.379761
[2411031013] 0.378811
[2411038793] 0.378361
[2411045643] 0.378025
[2411053135] 0.378110
[2411062626] 0.378211
[2411071233] 0.377731
[2411075783] 0.377250
[2411084987] 0.376466
[2411092149] 0.376356
[2411100892] 0.375891
[2411106950] 0.375661
[2411116429] 0.374654
[2411122282] 0.374023
[2411132580] 0.373205
[2411137162] 0.373080
[2411145757] 0.372648
[2411154042] 0.371586
[2411164783] 0.370634
[2411169303] 0.370438
[2411175754] 0.370382
[2411184861] 0.369883
[2411194114] 0.368509
[2411199600] 0.367636
[2411206699] 0.366895
[2411215658] 0.366001
[2411224163] 0.365860
[2411230303] 0.365652
[2411239610] 0.364651
[2411245493] 0.363993
[2411255545] 0.363132
[2411261235] 0.363047
[2411268484] 0.362979
[2411276811] 0.362306
[2411284714] 0.361935
[2411291588] 0.361375
[2411299704] 0.361356
[2411306948] 0.361329
[2411316862] 0.360778
[2411323014] 0.360282
[2411329809] 0.359688
[2411339117] 0.359645
[2411345390] 0.359259
[2411353138] 0.358843
[2411362210] 0.357863
[2411368616] 0.357551
[2411376942] 0.357440
[2411383906] 0.357465
[2411392123] 0.357162
[2411401343] 0.356182
[2411407334] 0.355747
[2411415960] 0.355426
[2411422309] 0.355429
[2411432030] 0.355202
[2411437913] 0.354835
[2411445696] 0.353855
[2411453774] 0.353494
[2411464729] 0.353286
[2411469192] 0.353286
[2411476077] 0.352946
[2411484558] 0.351939
[2411494043] 0.351142
[2411499019] 0.351142
[2411506796] 0.351017
[2411515769] 0.350741
[2411524517] 0.349624
[2411529504] 0.348843
[2411539302] 0.347646
[2411545508] 0.347309
[2411555224] 0.347129
[2411562501] 0.346948
[2411568792] 0.346608
[2411575980] 0.345919
[2411585446] 0.345573
[2411591372] 0.345558
[2411599105] 0.345184
[2411606701] 0.344805
[2411616995] 0.344480
[2411622908] 0.344104
[2411629518] 0.343972
[2411641680] 0.343353
[2411646175] 0.342965
[2411654060] 0.342582
[2411661529] 0.342563
[2411668461] 0.342609
[2411675881] 0.342337
[2411684421] 0.341593
[2411691905] 0.341379
[2411700852] 0.341311
[2411707565] 0.341256
[2411715415] 0.340632
[2411722276] 0.340276
[2411732201] 0.340001
[2411737733] 0.339989
[2411745561] 0.339943
[2411753280] 0.339692
[2411765573] 0.338721
[2411770088] 0.338678
[2411776154] 0.338675
[2411784675] 0.338452
[2411794065] 0.337818
[2411798955] 0.337570
[2411806796] 0.337469
[2411816478] 0.336869
[2411824449] 0.336244
[2411830215] 0.335224
[2411839226] 0.334940
[2411844910] 0.334992
[2411854585] 0.334774
[2411861902] 0.334422
[2411868604] 0.333966
[2411875922] 0.333501
[2411883964] 0.333501
[2411891730] 0.332968
[2411898954] 0.332729
[2411908166] 0.332242
[2411917967] 0.332196
[2411922363] 0.332157
[2411930054] 0.331443
[2411941933] 0.330926
[2411946240] 0.330785
[2411952842] 0.330760
[2411962627] 0.330788
[2411970384] 0.330286
[2411976705] 0.329848
[2411985903] 0.329202
[2411991631] 0.329147
[2412001925] 0.329076
[2412012466] 0.328415
[2412017088] 0.327885
[2412022829] 0.327494
[2412031545] 0.327138
[2412036904] 0.327200
[2412044989] 0.327065
[2412052400] 0.326765
[2412064171] 0.326088
[2412068799] 0.325996
[2412075871] 0.326125
[2412084996] 0.326018
[2412093962] 0.325338
[2412098731] 0.325338
[2412106374] 0.324723
[2412116527] 0.324655
[2412124085] 0.324420
[2412129696] 0.324178
[2412138947] 0.323807
[2412145106] 0.322984
[2412154057] 0.322769
[2412162242] 0.322711
[2412168771] 0.322638
[2412176599] 0.322099
[2412184394] 0.321235
[2412192581] 0.320969
[2412199459] 0.320914
[2412207050] 0.320859
[2412217222] 0.320228
[2412222233] 0.319763
[2412229673] 0.318979
[2412242116] 0.318844
[2412246510] 0.318826
[2412252931] 0.318682
[2412262328] 0.317724
[2412270499] 0.316952
[2412276846] 0.315994
[2412284933] 0.315733
[2412291630] 0.315767
[2412301714] 0.315550
[2412307961] 0.315078
[2412315710] 0.314098
[2412322517] 0.313563
[2412331767] 0.312975
[2412337709] 0.312950
[2412345346] 0.312497
[2412352768] 0.312016
[2412364739] 0.311407
[2412368960] 0.311407
[2412376650] 0.311144
[2412384816] 0.310639
[2412394193] 0.310274
[2412399025] 0.310250
[2412406962] 0.310072
[2412415995] 0.309576
[2412423638] 0.309285
[2412429734] 0.309013
[2412438973] 0.309062
[2412445287] 0.308890
[2412454425] 0.308156
[2412461206] 0.307877
[2412468652] 0.307794
[2412476268] 0.307975
[2412484292] 0.307779
[2412491986] 0.307356
[2412499780] 0.306499
[2412506759] 0.306346
[2412517202] 0.306193
[2412523021] 0.305835
[2412530740] 0.305434
[2412541752] 0.305146
[2412546254] 0.305137
[2412553001] 0.304950
[2412561751] 0.304117
[2412568544] 0.303854
[2412575840] 0.303832
[2412583972] 0.303832
[2412591883] 0.303385
[2412600751] 0.302660
[2412606814] 0.302491
[2412616409] 0.302522
[2412621749] 0.302507
[2412631834] 0.302063
[2412637241] 0.301659
[2412644696] 0.301432
[2412653045] 0.301475
[2412664853] 0.300915
[2412669415] 0.300480
[2412676162] 0.300076
[2412684335] 0.299757
[2412694208] 0.299739
[2412698942] 0.299739
[2412706699] 0.299166
[2412716470] 0.298566
[2412723363] 0.298499
[2412729745] 0.298514
[2412739405] 0.298242
[2412745231] 0.297893
[2412754464] 0.297375
[2412761483] 0.297351
[2412768384] 0.297354
[2412776159] 0.297066
[2412783939] 0.296708
[2412791495] 0.296218
[2412799333] 0.296267
[2412807261] 0.296248
[2412817413] 0.295737
[2412822282] 0.295321
[2412829935] 0.294865
[2412841853] 0.294999
[2412846058] 0.294993
[2412853527] 0.294901
[2412862802] 0.294268
[2412871228] 0.293827
[2412876418] 0.293808
[2412885613] 0.293713
[2412892747] 0.293631
[2412901371] 0.292933
[2412906971] 0.292666
[2412915493] 0.292568
[2412922021] 0.292544
[2412931191] 0.292369
[2412937295] 0.292097
[2412945495] 0.291665
[2412952915] 0.291607
[2412964915] 0.290817
[2412969303] 0.290492
[2412975792] 0.290229
[2412984390] 0.290153
[2412994079] 0.290104
[2412998925] 0.289892
[2413006728] 0.289240
[2413016182] 0.289093
[2413023863] 0.289078
[2413029534] 0.288995
[2413039389] 0.288652
[2413044927] 0.288358
[2413054727] 0.288211
[2413062134] 0.288181
[2413068812] 0.288101
[2413076187] 0.287608
[2413084223] 0.287452
[2413091949] 0.287330
[2413099619] 0.287287
[2413108296] 0.287210
[2413116145] 0.286766
[2413122181] 0.286668
[2413129942] 0.286570
[2413142228] 0.286472
[2413146785] 0.286255
[2413152971] 0.285891
[2413162080] 0.285655
[2413170810] 0.285419
[2413176846] 0.285144
[2413184530] 0.284957
[2413192051] 0.284687
[2413201276] 0.284216
[2413207311] 0.284002
[2413216892] 0.283827
[2413222696] 0.283757
[2413231777] 0.283355
[2413238156] 0.283065
[2413246054] 0.282544
[2413253718] 0.282434
[2413264927] 0.282235
[2413269288] 0.281613
[2413275894] 0.281218
[2413285194] 0.280787
[2413294461] 0.280977
[2413299219] 0.280964
[2413306885] 0.280872
[2413316111] 0.280334
[2413323867] 0.280180
[2413329659] 0.280208
[2413339163] 0.279981
[2413345188] 0.279617
[2413354397] 0.279057
[2413361642] 0.278842
[2413368484] 0.278653
[2413375950] 0.278288
[2413384093] 0.278190
[2413391359] 0.278007
[2413398730] 0.277768
[2413406599] 0.276963
[2413416695] 0.276485
[2413422299] 0.276470
[2413429890] 0.276779
[2413441713] 0.276632
[2413445996] 0.276304
[2413452947] 0.275919
[2413462484] 0.275554
[2413470477] 0.275836
[2413475585] 0.275836
[2413484873] 0.275511
[2413491800] 0.275113
[2413501218] 0.274835
[2413507689] 0.274847
[2413515320] 0.274700
[2413522023] 0.274525
[2413531748] 0.273913
[2413539873] 0.273732
[2413545993] 0.273604
[2413552743] 0.273393
[2413564927] 0.272921
[2413569364] 0.272743
[2413575828] 0.272688
[2413584607] 0.272538
[2413594250] 0.272355
[2413600408] 0.272110
[2413606857] 0.271947
[2413616453] 0.271589
[2413624286] 0.271240
[2413630333] 0.271240
[2413639136] 0.270998
[2413645194] 0.270686
[2413655396] 0.270178
[2413663132] 0.270123
[2413668649] 0.270172
[2413676590] 0.270150
[2413683989] 0.269642
[2413691629] 0.268824
[2413699329] 0.268610
[2413707502] 0.268791
[2413717392] 0.269020
[2413721994] 0.269020
[2413729545] 0.268237
[2413741966] 0.267275
[2413745982] 0.267024
[2413752873] 0.266957
[2413762173] 0.266966
[2413768713] 0.266844
[2413776266] 0.266035
[2413785548] 0.265273
[2413792488] 0.265157
[2413800883] 0.265380
[2413808202] 0.265551
[2413815859] 0.265405
[2413821783] 0.265065
[2413831970] 0.264559
[2413838211] 0.264538
[2413846180] 0.264633
[2413852950] 0.264526
[2413864624] 0.263564
[2413869046] 0.263494
[2413875868] 0.263574
[2413885419] 0.263809
[2413894070] 0.263727
[2413899779] 0.263105
[2413906968] 0.262802
[2413915209] 0.262756
[2413924845] 0.262725
[2413929595] 0.262539
[2413939529] 0.261654
[2413945586] 0.261280
[2413954444] 0.261051
[2413962704] 0.261195
[2413968374] 0.261366
[2413976764] 0.261274
[2413985384] 0.260570
[2413993566] 0.260359
[2413999560] 0.260380
[2414007038] 0.260555
[2414015127] 0.260481
[2414022528] 0.260481
[2414029701] 0.259532
[2414042221] 0.259471
[2414046481] 0.259471
[2414052677] 0.259474
[2414063273] 0.259361
[2414068576] 0.259361
[2414076766] 0.258712
[2414085481] 0.258647
[2414093309] 0.258635
[2414101061] 0.258528
[2414107073] 0.258307
[2414115815] 0.257854
[2414122247] 0.257811
[2414131745] 0.257769
[2414140389] 0.257533
[2414145529] 0.257233
[2414152845] 0.257061
[2414163191] 0.256966
[2414168271] 0.256825
[2414175984] 0.256626
[2414186061] 0.256360
[2414193949] 0.256265
[2414198819] 0.256118
[2414207015] 0.255668
[2414216932] 0.255252
[2414224577] 0.255261
[2414230287] 0.255227
[2414239181] 0.255099
[2414245494] 0.254272
[2414255183] 0.253516
[2414263344] 0.253409
[2414268681] 0.253436
[2414276440] 0.253565
[2414284461] 0.253194
[2414292706] 0.252867
[2414298889] 0.252582
[2414306890] 0.252671
[2414314528] 0.252680
[2414321836] 0.252456
[2414330150] 0.251768
[2414342022] 0.251605
[2414346849] 0.251519
[2414352934] 0.251296
[2414364074] 0.250849
[2414370398] 0.250736
[2414376619] 0.250586
[2414384734] 0.250007
[2414392843] 0.249548
[2414400505] 0.249232
[2414407592] 0.249232
[2414415411] 0.249033
[2414421973] 0.248828
[2414432089] 0.248167
[2414440797] 0.247744
[2414445492] 0.247778
[2414453037] 0.247833
[2414463435] 0.247680
[2414468317] 0.247368
[2414476138] 0.246204
[2414485483] 0.245555
[2414494322] 0.245515
[2414498979] 0.245479
[2414507162] 0.245209
[2414515897] 0.244364
[2414523956] 0.243305
[2414529887] 0.243032
[2414538955] 0.242944
[2414545559] 0.242806
[2414555618] 0.241936
[2414563208] 0.241275
[2414568708] 0.240745
[2414575888] 0.240274
[2414584375] 0.240454
[2414591152] 0.240445
[2414599295] 0.240026
[2414611291] 0.239266
[2414617861] 0.239080
[2414622401] 0.239034
[2414629756] 0.239092
[2414643084] 0.238679
[2414647301] 0.238232
[2414653500] 0.237941
[2414663029] 0.237827
[2414671385] 0.237497
[2414676289] 0.237157
[2414686691] 0.236771
[2414692152] 0.236799
[2414701300] 0.236786
[2414707387] 0.236587
[2414715884] 0.236049
[2414722369] 0.235981
[2414732089] 0.235978
[2414739449] 0.235972
[2414746008] 0.235546
[2414752901] 0.235329
[2414763026] 0.235249
[2414768613] 0.235240
[2414776950] 0.235017
[2414784792] 0.234655
[2414794656] 0.234438
[2414799090] 0.234426
[2414808141] 0.234395
[2414816363] 0.233890
[2414824639] 0.233547
[2414830749] 0.233553
[2414839475] 0.233513
[2414845509] 0.233513
[2414855501] 0.232598
[2414864586] 0.232301
[2414869244] 0.232396
[2414876106] 0.232521
[2414886444] 0.232518
[2414892567] 0.232071
[2414899426] 0.231306
[2414907379] 0.231186
[2414915435] 0.231110
[2414922940] 0.230819
[2414930913] 0.230406
[2414941876] 0.230127
[2414946254] 0.230145
[2414952815] 0.230115
[2414964358] 0.229401
[2414968468] 0.229401
[2414975830] 0.228474
[2414986702] 0.228547
[2414991750] 0.228532
[2415001965] 0.228305
[2415007517] 0.227926
[2415015877] 0.226554
[2415022335] 0.225963
[2415032443] 0.225345
[2415038154] 0.225308
[2415045815] 0.225149
[2415053562] 0.225084
[2415066264] 0.223909
[2415070915] 0.223446
[2415075882] 0.223238
[2415084980] 0.223208
[2415094861] 0.223168
[2415099005] 0.222672
[2415107082] 0.222359
[2415115617] 0.221900
[2415124142] 0.221885
[2415130302] 0.221906
[2415139342] 0.221756
[2415145470] 0.220966
[2415155295] 0.220483
[2415163717] 0.220504
[2415168349] 0.220688
[2415176210] 0.220807
[2415184277] 0.220627
[2415192364] 0.219944
[2415199433] 0.219760
[2415206395] 0.219901
[2415214814] 0.220060
[2415221337] 0.219913
[2415229105] 0.219227
[2415238662] 0.219007
[2415245556] 0.218995
[2415252348] 0.218973
[2415264691] 0.218496
[2415271503] 0.218379
[2415275421] 0.218339
[2415285223] 0.218088
[2415292603] 0.217675
[2415301474] 0.216551
[2415308104] 0.216184
[2415316273] 0.216101
[2415322122] 0.216218
[2415332450] 0.216089
[2415339219] 0.215792
[2415345921] 0.214592
[2415353249] 0.214087
[2415363102] 0.213692
[2415369578] 0.213652
[2415376116] 0.213419
[2415385969] 0.212761
[2415395621] 0.212629
[2415400269] 0.212727
[2415407444] 0.212706
[2415415929] 0.212308
[2415423681] 0.212051
[2415429781] 0.211757
[2415440661] 0.211858
[2415445059] 0.211827
[2415455218] 0.211356
[2415463569] 0.210902
[2415468676] 0.210560
[2415475669] 0.210308
[2415486302] 0.210449
[2415492247] 0.210397
[2415499440] 0.209718
[2415507843] 0.209320
[2415514808] 0.209013
[2415522304] 0.209007
[2415529669] 0.208784
[2415542929] 0.207893
[2415547264] 0.207492
[2415553111] 0.207293
[2415563793] 0.207302
[2415568527] 0.207302
[2415576216] 0.206742
[2415585854] 0.206187
[2415593134] 0.205474
[2415600602] 0.205517
[2415607497] 0.205517
[2415615811] 0.205459
[2415622141] 0.205177
[2415632518] 0.204813
[2415641171] 0.204767
[2415645998] 0.204678
[2415653197] 0.204372
[2415663154] 0.203928
[2415669024] 0.203931
[2415675842] 0.203934
[2415684897] 0.203661
[2415694950] 0.203101
[2415699548] 0.203022
[2415707709] 0.203092
[2415716055] 0.203132
[2415723829] 0.202920
[2415729591] 0.202400
[2415739483] 0.202406
[2415745611] 0.202418
[2415755634] 0.202075
[2415763016] 0.201684
[2415769269] 0.201393
[2415776037] 0.201387
[2415786244] 0.201175
[2415792757] 0.201080
[2415799193] 0.200731
[2415807336] 0.200652
[2415815274] 0.200508
[2415822154] 0.200465
[2415829602] 0.200376
[2415839003] 0.200349
[2415845170] 0.200150
[2415853036] 0.200107
[2415863324] 0.200012
[2415868572] 0.199975
[2415876520] 0.199932
[2415884926] 0.199801
[2415892364] 0.199773
[2415900872] 0.199724
[2415907095] 0.199703
[2415916098] 0.199534
[2415922174] 0.199485
[2415931248] 0.199393
[2415939762] 0.199344
[2415945236] 0.199252
[2415952811] 0.199222
[2415962358] 0.199090
[2415968341] 0.199020
[2415975907] 0.198858
[2415984797] 0.198784
[2415994190] 0.198744
[2415998857] 0.198744
[2416006943] 0.198282
[2416017107] 0.197939
[2416024821] 0.198061
[2416029588] 0.198114
[2416039709] 0.197823
[2416045582] 0.197428
[2416055083] 0.196919
[2416063668] 0.196910
[2416068560] 0.197066
[2416076392] 0.196999
[2416084972] 0.196668
[2416093008] 0.196353
[2416099187] 0.196580
[2416107770] 0.196751
[2416114501] 0.196659
[2416122127] 0.196304
[2416129471] 0.195970
[2416142245] 0.196209
[2416146436] 0.196405
[2416152703] 0.196430
[2416163049] 0.195848
[2416168055] 0.195848
[2416176439] 0.195634
[2416185773] 0.195655
[2416193236] 0.195643
[2416200882] 0.195226
[2416206998] 0.194957
[2416215746] 0.194874
[2416222194] 0.194877
[2416231286] 0.194632
[2416239019] 0.194357
[2416246136] 0.193931
[2416252741] 0.193901
[2416262447] 0.193671
[2416268091] 0.193454
[2416275836] 0.193074
[2416284783] 0.193003
[2416294150] 0.192939
[2416298971] 0.192905
[2416307142] 0.192826
[2416316955] 0.192728
[2416324773] 0.192642
[2416330571] 0.192593
[2416338830] 0.192553
[2416344891] 0.192403
[2416354210] 0.192312
[2416361806] 0.192259
[2416368630] 0.192195
[2416376342] 0.191822
[2416384823] 0.191727
[2416393265] 0.191736
[2416399166] 0.191641
[2416407097] 0.191424
[2416414671] 0.191212
[2416422692] 0.191188
[2416430357] 0.191142
[2416442150] 0.190649
[2416446545] 0.190588
[2416452834] 0.190582
[2416464456] 0.190579
[2416470336] 0.190263
[2416476606] 0.190263
[2416485831] 0.190034
[2416493014] 0.190027
[2416501181] 0.189525
[2416508409] 0.189179
[2416516245] 0.188913
[2416522607] 0.188934
[2416532907] 0.188763
[2416538464] 0.188509
[2416546634] 0.188083
[2416552615] 0.188043
[2416562180] 0.188083
[2416568360] 0.187900
[2416576084] 0.187410
[2416585456] 0.187407
[2416594575] 0.187440
[2416598954] 0.187440
[2416612158] 0.186981
[2416616760] 0.186819
[2416624412] 0.186800
[2416630212] 0.186791
[2416639255] 0.186770
[2416645387] 0.186580
[2416655056] 0.186234
[2416663534] 0.186200
[2416668461] 0.186179
[2416676182] 0.186142
[2416684180] 0.186001
[2416692054] 0.185609
[2416699485] 0.185557
[2416709204] 0.185502
[2416717918] 0.185224
[2416722127] 0.185135
[2416730365] 0.185046
[2416741234] 0.184746
[2416745490] 0.184477
[2416752583] 0.184363
[2416762893] 0.184320
[2416771870] 0.184030
[2416776233] 0.183782
[2416785424] 0.183680
[2416792622] 0.183631
[2416800524] 0.183249
[2416808049] 0.183129
[2416815908] 0.183050
[2416822244] 0.183004
[2416831592] 0.182376
[2416836917] 0.181993
[2416845213] 0.181785
[2416853017] 0.181902
[2416866293] 0.182104
[2416870845] 0.181865
[2416876465] 0.181439
[2416885782] 0.180383
[2416894595] 0.180114
[2416898857] 0.180114
[2416906630] 0.180398
[2416915701] 0.180306
[2416923847] 0.179918
[2416929616] 0.179376
[2416939846] 0.178834
[2416944632] 0.178947
[2416954097] 0.178975
[2416962327] 0.178757
[2416969350] 0.177983
[2416975819] 0.177756
[2416987012] 0.177753
[2416993029] 0.177719
[2416999409] 0.177156
[2417006796] 0.176733
[2417015086] 0.176351
[2417022514] 0.176357
[2417030057] 0.176237
[2417038866] 0.175919
[2417045813] 0.175022
[2417053558] 0.174688
[2417063965] 0.174713
[2417068556] 0.174878
[2417076600] 0.174850
[2417087043] 0.174293
[2417092098] 0.174088
[2417101710] 0.174060
[2417108680] 0.174067
[2417116843] 0.173794
[2417122899] 0.173540
[2417131673] 0.173399
[2417137311] 0.173408
[2417145210] 0.173283
[2417152780] 0.173032
[2417166329] 0.172814
[2417170712] 0.172808
[2417176416] 0.172799
[2417185644] 0.172429
[2417195008] 0.172138
[2417199254] 0.172165
[2417207466] 0.172153
[2417216065] 0.172135
[2417224055] 0.171697
[2417230766] 0.171544
[2417239154] 0.171547
[2417245585] 0.171535
[2417255650] 0.171109
[2417261706] 0.170971
[2417268856] 0.170956
[2417276914] 0.170959
[2417284948] 0.170754
[2417291397] 0.170484
[2417299456] 0.170380
[2417308266] 0.170377
[2417317713] 0.170350
[2417322554] 0.169909
[2417330626] 0.169551
[2417339100] 0.169551
[2417345860] 0.169630
[2417353260] 0.169483
[2417362295] 0.168660
[2417370564] 0.168099
[2417376796] 0.168059
[2417388079] 0.168412
[2417392590] 0.168473
[2417400784] 0.168228
[2417406965] 0.167864
[2417416038] 0.167374
[2417422375] 0.167377
[2417431934] 0.167478
[2417437698] 0.167352
[2417445540] 0.166875
[2417452842] 0.166801
[2417467287] 0.166789
[2417471684] 0.166663
[2417475839] 0.166437
[2417485876] 0.166176
[2417495454] 0.166158
[2417499845] 0.166103
[2417507172] 0.165840
[2417515929] 0.165491
[2417524307] 0.165494
[2417530249] 0.165491
[2417539665] 0.165466
[2417546335] 0.164903
[2417554222] 0.164707
[2417563687] 0.164783
[2417569011] 0.164777
[2417576085] 0.164747
[2417584612] 0.164223
[2417592360] 0.164073
[2417599046] 0.164088
[2417607303] 0.164079
[2417615294] 0.164030
[2417622206] 0.163574
[2417629835] 0.163369
[2417638971] 0.163415
[2417645416] 0.163378
[2417652852] 0.163329
[2417662952] 0.162873
[2417670459] 0.162833
[2417676819] 0.162815
[2417685859] 0.162806
[2417693038] 0.162799
[2417700610] 0.162466
[2417706879] 0.162395
[2417715513] 0.162371
[2417722135] 0.162368
[2417732312] 0.162331
[2417740283] 0.162043
[2417745692] 0.162009
[2417754097] 0.161988
[2417762502] 0.161948
[2417768391] 0.161893
[2417776142] 0.161731
[2417785215] 0.161679
[2417794254] 0.161639
[2417799112] 0.161608
[2417807423] 0.161559
[2417815796] 0.161480
[2417824305] 0.161415
[2417830034] 0.161388
[2417840155] 0.161324
[2417846269] 0.161296
[2417853807] 0.161262
[2417863895] 0.161183
[2417868524] 0.161143
[2417876135] 0.161060
[2417884267] 0.161002
[2417892494] 0.160975
[2417898954] 0.160938
[2417907266] 0.160849
[2417914879] 0.160779
[2417922544] 0.160739
[2417929584] 0.160705
[2417941707] 0.160497
[2417945853] 0.160466
[2417953000] 0.160433
[2417963676] 0.160378
[2417968698] 0.160353
[2417976364] 0.160200
[2417986722] 0.160071
[2417991839] 0.160047
[2418001109] 0.159998
[2418007525] 0.159955
[2418015877] 0.159823
[2418022070] 0.159695
[2418031303] 0.159640
[2418039837] 0.159441
[2418045319] 0.159275
[2418053233] 0.159193
[2418062662] 0.159171
[2418068140] 0.159089
[2418075938] 0.158746
[2418085346] 0.158642
[2418094635] 0.158666
[2418099009] 0.158666
[2418106776] 0.158550
[2418117169] 0.158283
[2418125467] 0.158253
[2418129395] 0.158253
[2418139549] 0.157950
[2418145334] 0.157852
[2418155347] 0.157797
[2418162942] 0.157787
[2418168503] 0.157781
[2418176124] 0.157429
[2418184748] 0.157359
[2418192730] 0.157346
[2418198916] 0.157343
[2418206981] 0.157297
[2418214841] 0.156930
[2418222352] 0.156890
[2418230110] 0.156835
[2418242879] 0.156823
[2418247125] 0.156621
[2418253098] 0.156569
[2418263641] 0.156514
[2418268701] 0.156489
[2418275938] 0.156012
[2418285685] 0.155782
[2418291946] 0.155898
[2418301693] 0.155920
[2418308294] 0.155739
[2418316577] 0.155133
[2418322626] 0.155001
[2418332921] 0.155102
[2418338686] 0.155093
[2418346159] 0.154628
[2418353784] 0.154628
[2418363358] 0.153580
[2418369019] 0.153510
[2418375880] 0.153697
[2418387455] 0.153874
[2418394753] 0.153479
[2418398958] 0.153479
[2418407468] 0.152399
[2418415648] 0.151615
[2418423958] 0.151551
[2418430181] 0.151875
[2418439272] 0.152230
[2418445526] 0.152491
[2418455493] 0.152402
[2418464615] 0.151649
[2418469339] 0.151713
[2418475919] 0.152034
[2418483982] 0.151863
[2418491672] 0.151645
[2418499515] 0.151367
[2418507802] 0.151336
[2418518032] 0.151422
[2418522281] 0.151394
[2418529854] 0.150932
[2418541972] 0.150761
[2418546406] 0.150923
[2418553031] 0.150993
[2418563860] 0.150748
[2418568407] 0.150427
[2418576362] 0.150096
[2418584967] 0.150439
[2418592438] 0.150516
[2418600907] 0.150243
[2418607449] 0.149906
[2418615505] 0.149652
[2418622157] 0.149775
[2418631838] 0.149971
[2418640293] 0.149423
[2418645168] 0.149116
[2418652923] 0.148899
[2418662432] 0.149211
[2418668120] 0.149349
[2418675997] 0.149236
[2418684945] 0.148844
[2418694479] 0.148838
[2418698831] 0.148838
[2418707243] 0.149190
[2418715561] 0.149058
[2418724252] 0.148296
[2418730593] 0.148137
[2418738892] 0.148327
[2418745176] 0.148421
[2418754714] 0.147962
[2418762056] 0.147702
[2418769102] 0.147638
[2418775911] 0.147818
[2418783883] 0.147941
[2418791273] 0.147748
[2418799423] 0.147221
[2418807984] 0.147175
[2418817410] 0.147148
[2418823134] 0.146982
[2418829771] 0.146606
[2418842575] 0.146594
[2418846773] 0.146578
[2418852699] 0.146440
[2418863402] 0.146174
[2418868548] 0.146159
[2418876564] 0.146156
[2418885740] 0.145944
[2418892123] 0.145733
[2418901469] 0.145703
[2418908373] 0.145687
[2418916490] 0.145406
[2418922575] 0.145194
[2418931826] 0.145148
[2418939928] 0.145130
[2418945240] 0.145084
[2418953212] 0.144855
[2418962538] 0.144515
[2418968029] 0.144505
[2418976222] 0.144533
[2418986862] 0.144408
[2418994404] 0.144089
[2418999034] 0.144098
[2419008680] 0.144144
[2419016929] 0.143930
[2419025263] 0.143492
[2419029712] 0.142901
[2419039681] 0.142898
[2419045502] 0.143076
[2419055435] 0.143070
[2419064535] 0.142834
[2419069002] 0.142485
[2419076147] 0.142234
[2419083736] 0.142234
[2419092403] 0.142111
[2419098826] 0.141906
[2419106850] 0.141609
[2419117114] 0.141676
[2419122267] 0.141655
[2419130614] 0.141202
[2419138898] 0.140984
[2419146204] 0.140939
[2419154051] 0.141070
[2419163183] 0.140816
[2419168751] 0.140498
[2419177129] 0.139943
[2419184989] 0.139999
[2419192357] 0.140026
[2419200754] 0.139784
[2419207330] 0.139343
[2419215812] 0.138749
[2419222200] 0.138168
[2419232237] 0.138220
[2419239910] 0.138413
[2419246375] 0.138312
[2419252547] 0.138033
[2419262252] 0.137408
[2419268144] 0.137350
[2419276387] 0.137387
[2419291801] 0.136729
[2419296118] 0.136612
[2419300242] 0.136618
[2419307175] 0.136649
[2419316181] 0.136652
[2419323586] 0.136576
[2419331022] 0.136132
[2419339163] 0.136116
[2419345317] 0.136089
[2419354538] 0.135694
[2419362085] 0.135550
[2419368905] 0.135535
[2419375924] 0.135538
[2419383861] 0.135528
[2419392241] 0.135127
[2419399740] 0.134904
[2419407086] 0.134990
[2419417955] 0.134999
[2419422751] 0.134983
[2419430939] 0.134806
[2419439221] 0.134598
[2419445579] 0.134494
[2419452503] 0.134487
[2419463177] 0.134221
[2419468582] 0.134221
[2419475800] 0.134010
[2419485632] 0.134025
[2419491895] 0.133970
[2419501897] 0.133795
[2419507572] 0.133694
[2419515867] 0.133667
[2419522499] 0.133655
[2419532599] 0.133603
[2419540811] 0.133529
[2419545790] 0.133505
[2419553124] 0.133480
[2419561883] 0.133425
[2419568036] 0.133407
[2419576232] 0.133370
[2419585683] 0.133324
[2419595363] 0.133269
[2419599575] 0.133232
[2419608323] 0.133202
[2419616641] 0.133143
[2419624629] 0.133076
[2419630649] 0.133048
[2419639376] 0.132999
[2419645324] 0.132978
[2419654745] 0.132911
[2419663232] 0.132880
[2419668487] 0.132880
[2419676822] 0.132803
[2419685653] 0.132742
[2419693843] 0.132715
[2419699287] 0.132653
[2419707259] 0.132586
[2419715107] 0.132516
[2419722512] 0.132485
[2419729879] 0.132424
[2419741760] 0.132341
[2419746085] 0.132304
[2419753661] 0.132277
[2419763932] 0.132185
[2419767991] 0.132161
[2419776230] 0.132115
[2419785305] 0.132069
[2419792878] 0.132044
[2419800686] 0.131986
[2419807099] 0.131962
[2419816936] 0.131913
[2419823040] 0.131885
[2419831641] 0.131818
[2419839335] 0.131818
[2419845696] 0.131726
[2419853519] 0.131701
[2419863157] 0.131649
[2419868995] 0.131631
[2419877204] 0.131380
[2419884521] 0.131334
[2419894397] 0.131294
[2419899207] 0.131294
[2419908457] 0.131098
[2419916463] 0.131015
[2419924522] 0.130985
[2419930727] 0.130960
[2419939645] 0.130755
[2419945511] 0.130712
[2419955083] 0.130642
[2419962979] 0.130449
[2419968783] 0.130198
[2419977067] 0.129800
[2419986269] 0.129907
[2419993738] 0.129947
[2419999585] 0.129674
[2420006984] 0.129359
[2420014910] 0.129126
[2420022322] 0.129178
[2420029649] 0.129031
[2420043012] 0.128621
[2420047708] 0.128496
[2420053139] 0.128450
[2420063564] 0.128483
[2420068501] 0.128404
[2420076270] 0.127892
[2420085511] 0.127828
[2420092640] 0.127828
[2420100435] 0.127834
[2420106826] 0.127620
[2420115945] 0.127240
[2420122170] 0.127213
[2420131826] 0.127253
[2420139699] 0.126827
[2420146387] 0.126493
[2420153762] 0.126258
[2420162340] 0.126349
[2420168530] 0.126551
[2420175902] 0.126527
[2420186452] 0.126055
[2420194299] 0.125961
[2420199829] 0.125985
[2420207632] 0.126000
[2420215790] 0.125670
[2420223821] 0.125440
[2420229892] 0.125406
[2420239377] 0.125403
[2420245609] 0.125103
[2420255039] 0.124846
[2420263204] 0.124797
[2420269304] 0.124843
[2420275716] 0.124822
[2420285766] 0.124350
[2420294269] 0.124206
[2420299422] 0.124338
[2420306766] 0.124365
[2420314387] 0.124283
[2420322025] 0.123765
[2420330101] 0.123542
[2420342282] 0.123646
[2420346534] 0.123566
[2420352668] 0.123272
[2420364788] 0.122320
[2420370524] 0.122268
[2420376743] 0.122338
[2420384640] 0.122733
[2420392577] 0.122727
[2420401936] 0.122280
[2420408441] 0.122017
[2420416544] 0.121907
[2420422348] 0.122075
[2420431832] 0.122035
[2420440660] 0.121500
[2420445170] 0.121389
[2420452912] 0.121423
[2420462635] 0.121454
[2420468865] 0.121291
[2420476099] 0.120339
[2420484860] 0.119767
[2420494778] 0.119788
[2420498839] 0.119788
[2420507247] 0.119617
[2420515974] 0.118851
[2420524141] 0.118524
[2420529941] 0.118557
[2420539789] 0.118943
[2420546390] 0.118946
[2420554643] 0.118493
[2420563199] 0.118242
[2420569108] 0.118227
[2420575946] 0.118377
[2420585881] 0.118367
[2420592332] 0.118174
[2420598784] 0.117917
[2420606920] 0.117853
[2420615031] 0.117819
[2420621795] 0.117617
[2420629791] 0.117140
[2420639295] 0.117097
[2420645416] 0.117244
[2420652715] 0.117213
[2420663434] 0.116745
[2420668592] 0.116582
[2420676667] 0.116601
[2420686152] 0.116573
[2420691948] 0.116386
[2420701064] 0.115893
[2420707106] 0.115774
[2420716031] 0.115789
[2420722161] 0.115860
[2420731966] 0.115511
[2420740135] 0.115312
[2420746421] 0.115349
[2420752609] 0.115342
[2420762408] 0.115186
[2420768132] 0.114917
[2420776145] 0.114828
[2420785746] 0.114856
[2420793929] 0.114834
[2420799692] 0.114458
[2420808821] 0.114396
[2420817005] 0.114396
[2420824639] 0.114396
[2420830711] 0.114231
[2420839129] 0.114133
[2420845022] 0.114093
[2420854568] 0.113919
[2420864615] 0.113695
[2420868957] 0.113567
[2420875990] 0.113579
[2420886068] 0.113429
[2420894171] 0.113257
[2420900118] 0.112979
[2420907498] 0.112942
[2420915494] 0.112976
[2420922832] 0.112847
[2420933015] 0.112483
[2420942159] 0.112443
[2420946878] 0.112437
[2420952830] 0.112437
[2420964160] 0.112152
[2420968693] 0.112085
[2420977058] 0.112051
[2420984775] 0.112011
[2420992390] 0.111834
[2421000699] 0.111733
[2421007238] 0.111723
[2421016051] 0.111717
[2421022584] 0.111671
[2421031605] 0.111512
[2421039737] 0.111497
[2421045616] 0.111460
[2421052937] 0.111445
[2421062579] 0.111408
[2421068603] 0.111390
[2421076450] 0.111350
[2421085889] 0.111310
[2421094114] 0.111289
[2421100462] 0.111252
[2421107316] 0.111234
[2421115596] 0.111194
[2421123964] 0.111175
[2421130305] 0.111123
[2421140491] 0.111080
[2421145398] 0.111056
[2421154638] 0.111031
[2421162479] 0.110982
[2421169148] 0.110955
[2421175992] 0.110894
[2421184557] 0.110842
[2421192497] 0.110817
[2421199011] 0.110793
[2421207134] 0.110738
[2421214670] 0.110701
[2421222343] 0.110676
[2421230079] 0.110640
[2421241591] 0.110591
[2421245957] 0.110563
[2421252620] 0.110539
[2421262779] 0.110490
[2421268506] 0.110468
[2421276280] 0.110413
[2421284458] 0.110370
[2421292469] 0.110343
[2421301007] 0.110297
[2421307355] 0.110272
[2421315715] 0.110217
[2421322147] 0.110186
[2421332093] 0.110140
[2421339663] 0.110088
[2421345278] 0.110061
[2421353668] 0.110039
[2421363521] 0.109966
[2421368458] 0.109935
[2421376274] 0.109911
[2421385258] 0.109840
[2421394456] 0.109795
[2421398965] 0.109795
[2421407603] 0.109746
[2421416074] 0.109666
[2421423871] 0.109638
[2421429638] 0.109595
[2421440061] 0.109553
[2421445379] 0.109531
[2421454156] 0.109507
[2421462412] 0.109461
[2421469221] 0.109433
[2421476337] 0.109387
[2421484642] 0.109332
[2421492694] 0.109311
[2421499006] 0.109289
[2421507221] 0.109240
[2421515247] 0.109194
[2421522605] 0.109170
[2421530909] 0.109127
[2421539345] 0.109106
[2421546399] 0.109060
[2421552866] 0.109032
[2421563432] 0.108974
[2421568535] 0.108946
[2421576350] 0.108919
[2421585846] 0.108848
[2421592714] 0.108830
[2421600804] 0.108778
[2421607236] 0.108757
[2421616165] 0.108659
[2421622573] 0.108625
[2421632105] 0.108579
[2421638196] 0.108561
[2421645020] 0.108518
[2421652932] 0.108493
[2421666267] 0.108420
[2421670950] 0.108395
[2421677127] 0.108365
[2421684567] 0.108291
[2421694690] 0.108224
[2421698950] 0.108224
[2421707517] 0.108160
[2421715719] 0.108086
[2421723618] 0.108058
[2421730163] 0.107988
[2421739462] 0.107976
[2421746019] 0.107927
[2421754049] 0.107896
[2421763563] 0.107826
[2421768408] 0.107798
[2421776140] 0.107768
[2421785060] 0.107709
[2421792651] 0.107682
[2421799075] 0.107660
[2421806813] 0.107618
[2421814538] 0.107575
[2421821705] 0.107550
[2421830158] 0.107507
[2421843046] 0.107455
[2421847473] 0.107455
[2421853520] 0.107416
[2421862088] 0.107376
[2421870722] 0.107324
[2421876678] 0.107299
[2421886598] 0.107256
[2421891994] 0.107229
[2421901793] 0.107201
[2421908541] 0.107158
[2421916671] 0.107106
[2421923372] 0.107079
[2421931893] 0.107036
[2421937546] 0.107014
[2421945257] 0.106959
[2421953435] 0.106938
[2421963602] 0.106867
[2421968628] 0.106840
[2421976230] 0.106797
[2421986424] 0.106702
[2421994439] 0.106656
[2421999126] 0.106656
[2422007444] 0.106595
[2422015542] 0.106482
[2422024972] 0.106433
[2422030931] 0.106414
[2422039497] 0.106353
[2422045414] 0.106261
[2422054891] 0.106197
[2422063364] 0.106176
[2422068570] 0.106114
[2422076179] 0.106053
[2422084843] 0.106013
[2422093356] 0.106001
[2422099454] 0.105967
[2422107056] 0.105943
[2422114813] 0.105906
[2422137727] 0.105885
[2422144777] 0.105787
[2422149534] 0.105765
[2422158352] 0.105744
[2422166352] 0.105710
[2422174231] 0.105683
[2422180512] 0.105670
[2422190479] 0.105649
[2422196200] 0.105640
