[2398715310] -1.321121
[2398723192] -1.321121
[2398730656] -1.321121
[2398737984] -1.321121
[2398745726] -1.321121
[2398753558] -1.321121
[2398761796] -1.321121
[2398771224] -1.321121
[2398776974] -1.321121
[2398784953] -1.321123
[2398792582] -1.321123
[2398802459] -1.321123
[2398807601] -1.321123
[2398815763] -1.321123
[2398823181] -1.321123
[2398832396] -1.321123
[2398838214] -1.321123
[2398845841] -1.321123
[2398853398] -1.321123
[2398863126] -1.321123
[2398868744] -1.321123
[2398876520] -1.321123
[2398884238] -1.321123
[2398893577] -1.321123
[2398899737] -1.321123
[2398907740] -1.321123
[2398915075] -1.321123
[2398923705] -1.321123
[2398931054] -1.321123
[2398938669] -1.321123
[2398946210] -1.321123
[2398955344] -1.321123
[2398961114] -1.321123
[2398968782] -1.321123
[2398976520] -1.321123
[2398984382] -1.321123
[2398992363] -1.321123
[2399000080] -1.321123
[2399008061] -1.321123
[2399015254] -1.321123
[2399022717] -1.321123
[2399030326] -1.321123
[2399037937] -1.321123
[2399045651] -1.321123
[2399053590] -1.321123
[2399061103] -1.321123
[2399068802] -1.321123
[2399076545] -1.321123
[2399084356] -1.321123
[2399092767] -1.321123
[2399102320] -1.321123
[2399107096] -1.321123
[2399115122] -1.321123
[2399171582] -1.321123
[2399175969] -1.321123
[2399185252] -1.321123
[2399194301] -1.321123
[2399198959] -1.321123
[2399207421] -1.321123
[2399215208] -1.321123
[2399224048] -1.321019
[2399229821] -1.320735
[2399238029] -1.320263
[2399246177] -1.318711
[2399254007] -1.316996
[2399261643] -1.316344
[2399269198] -1.315615
[2399277025] -1.315493
[2399285395] -1.315404
[2399291409] -1.315383
[2399299558] -1.315373
[2399307613] -1.315377
[2399317615] -1.315389
[2399322217] -1.315386
[2399329788] -1.315373
[2399341962] -1.315352
[2399346062] -1.315346
[2399352658] -1.315343
[2399362254] -1.315337
[2399368561] -1.315337
[2399376155] -1.315337
[2399385324] -1.315334
[2399392766] -1.315324
[2399398775] -1.315291
[2399406705] -1.315273
[2399416099] -1.315236
[2399422453] -1.315224
[2399432058] -1.315224
[2399437777] -1.315227
[2399445673] -1.315224
[2399453182] -1.315220
[2399465219] -1.315211
[2399469484] -1.315202
[2399475868] -1.315196
[2399485067] -1.315187
[2399494253] -1.315190
[2399498959] -1.315187
[2399507406] -1.315178
[2399515562] -1.315165
[2399524125] -1.315156
[2399530277] -1.315153
[2399540138] -1.315153
[2399546099] -1.315144
[2399555492] -1.314691
[2399563338] -1.314262
[2399568333] -1.313677
[2399576490] -1.311905
[2399584194] -1.310242
[2399592428] -1.309648
[2399599190] -1.309075
[2399607207] -1.309079
[2399617681] -1.309158
[2399622229] -1.309161
[2399629714] -1.309170
[2399642289] -1.309183
[2399646420] -1.309204
[2399652853] -1.309216
[2399663155] -1.309210
[2399671403] -1.309198
[2399675675] -1.309201
[2399684182] -1.309204
[2399692376] -1.309204
[2399700791] -1.309210
[2399707028] -1.309213
[2399716765] -1.309210
[2399722733] -1.309204
[2399732162] -1.309192
[2399738025] -1.309192
[2399745321] -1.309192
[2399753000] -1.309192
[2399765806] -1.309005
[2399770441] -1.308665
[2399776249] -1.308129
[2399784740] -1.306455
[2399794333] -1.304633
[2399799128] -1.303904
[2399807163] -1.303365
[2399815729] -1.302915
[2399823690] -1.303127
[2399829763] -1.303142
[2399839635] -1.303160
[2399845598] -1.303166
[2399855538] -1.303169
[2399861594] -1.303169
[2399868416] -1.303185
[2399875863] -1.303185
[2399885334] -1.303166
[2399891550] -1.303172
[2399899670] -1.303035
[2399906685] -1.302710
[2399917227] -1.301580
[2399922437] -1.300744
[2399930413] -1.298999
[2399939277] -1.297563
[2399945586] -1.297107
[2399953288] -1.296859
[2399962733] -1.296890
[2399970871] -1.297107
[2399975738] -1.297107
[2399983931] -1.297132
[2399992441] -1.296994
[2400000548] -1.296189
[2400007177] -1.295533
[2400015468] -1.293651
[2400022139] -1.292695
[2400031090] -1.291238
[2400037311] -1.290815
[2400045635] -1.290622
[2400053079] -1.290723
[2400065103] -1.290374
[2400069120] -1.289970
[2400075858] -1.289352
[2400083974] -1.287570
[2400093679] -1.285858
[2400098626] -1.285139
[2400106631] -1.284361
[2400115979] -1.282846
[2400123756] -1.281278
[2400129091] -1.280396
[2400139437] -1.278617
[2400144782] -1.277524
[2400153554] -1.276110
[2400162467] -1.273924
[2400168662] -1.272968
[2400175931] -1.271578
[2400185351] -1.269803
[2400191342] -1.268838
[2400199908] -1.267237
[2400207340] -1.266462
[2400217512] -1.264252
[2400221969] -1.263100
[2400229920] -1.260936
[2400238985] -1.259034
[2400245337] -1.258079
[2400253036] -1.257179
[2400262779] -1.255768
[2400268358] -1.255140
[2400275970] -1.253685
[2400283998] -1.251989
[2400292028] -1.251989
[2400300673] -1.248441
[2400307429] -1.247550
[2400315691] -1.246086
[2400322039] -1.245544
[2400331881] -1.244984
[2400337549] -1.244629
[2400344946] -1.243508
[2400352752] -1.242709
[2400364470] -1.240290
[2400369202] -1.239638
[2400376642] -1.238851
[2400384701] -1.237192
[2400394322] -1.234363
[2400398824] -1.232991
[2400406687] -1.232991
[2400415662] -1.230419
[2400423962] -1.228702
[2400429852] -1.227563
[2400439206] -1.225551
[2400445235] -1.224593
[2400454786] -1.222832
[2400461796] -1.221828
[2400468257] -1.220965
[2400475872] -1.220150
[2400485208] -1.217459
[2400491407] -1.216660
[2400499431] -1.215123
[2400506380] -1.214373
[2400516454] -1.212912
[2400522176] -1.212187
[2400529662] -1.209921
[2400538655] -1.208819
[2400546083] -1.206936
[2400552542] -1.206274
[2400562805] -1.204459
[2400571004] -1.201878
[2400576062] -1.200662
[2400584454] -1.198712
[2400591869] -1.198057
[2400601884] -1.196201
[2400607033] -1.195148
[2400616161] -1.193302
[2400621841] -1.192588
[2400631204] -1.190638
[2400637485] -1.189441
[2400645171] -1.187589
[2400652716] -1.186670
[2400664565] -1.184496
[2400669224] -1.183602
[2400676147] -1.182684
[2400684461] -1.181248
[2400694215] -1.179714
[2400698956] -1.178847
[2400707437] -1.177840
[2400715737] -1.175966
[2400723911] -1.174968
[2400729739] -1.173609
[2400738989] -1.171695
[2400745003] -1.170826
[2400754958] -1.169457
[2400762189] -1.168826
[2400768756] -1.166809
[2400776222] -1.165602
[2400783848] -1.163487
[2400791604] -1.162525
[2400799005] -1.160851
[2400806714] -1.160125
[2400817154] -1.158181
[2400823033] -1.157271
[2400830449] -1.155667
[2400841974] -1.154262
[2400846519] -1.153172
[2400852828] -1.152030
[2400862126] -1.150079
[2400868522] -1.149326
[2400875952] -1.147627
[2400884022] -1.145924
[2400892148] -1.145193
[2400900869] -1.143882
[2400906902] -1.143297
[2400915456] -1.141445
[2400922376] -1.140291
[2400931956] -1.138230
[2400937335] -1.137422
[2400945082] -1.135848
[2400952628] -1.134792
[2400964699] -1.132358
[2400968935] -1.131755
[2400977077] -1.131017
[2400984197] -1.129033
[2400994537] -1.127291
[2400999036] -1.126544
[2401007807] -1.125910
[2401016340] -1.124416
[2401024047] -1.122193
[2401029661] -1.120589
[2401039264] -1.118292
[2401045456] -1.117450
[2401054821] -1.115889
[2401062528] -1.114839
[2401069196] -1.111979
[2401075807] -1.110420
[2401083924] -1.107686
[2401092334] -1.106612
[2401098891] -1.105053
[2401106693] -1.104101
[2401114464] -1.103081
[2401122473] -1.101636
[2401130338] -1.100185
[2401142222] -1.098697
[2401146608] -1.098005
[2401152736] -1.097289
[2401161251] -1.095801
[2401168791] -1.094533
[2401175990] -1.093804
[2401184453] -1.092148
[2401192376] -1.091064
[2401201668] -1.088667
[2401208316] -1.087656
[2401215975] -1.086113
[2401222126] -1.085571
[2401232029] -1.084252
[2401237695] -1.083315
[2401245317] -1.081205
[2401253094] -1.080351
[2401265363] -1.078554
[2401269685] -1.077788
[2401275960] -1.076708
[2401284572] -1.074506
[2401293890] -1.072783
[2401299510] -1.072253
[2401307763] -1.071677
[2401315597] -1.070217
[2401323865] -1.068671
[2401329803] -1.067850
[2401338848] -1.066573
[2401344934] -1.065786
[2401354944] -1.064014
[2401362955] -1.063202
[2401369475] -1.061821
[2401375973] -1.061154
[2401383690] -1.059498
[2401391939] -1.058726
[2401399129] -1.057033
[2401407825] -1.056304
[2401417871] -1.054985
[2401422334] -1.054339
[2401430232] -1.052293
[2401438495] -1.051096
[2401445467] -1.049091
[2401454037] -1.047750
[2401461499] -1.047113
[2401468520] -1.046461
[2401476049] -1.044317
[2401484323] -1.041911
[2401491834] -1.040910
[2401501083] -1.040114
[2401506831] -1.038883
[2401515819] -1.037303
[2401522250] -1.036378
[2401532286] -1.034348
[2401539626] -1.032952
[2401545647] -1.032340
[2401553314] -1.031764
[2401566047] -1.029768
[2401570641] -1.027704
[2401576483] -1.026734
[2401585291] -1.025289
[2401594037] -1.023926
[2401599666] -1.023075
[2401607764] -1.022181
[2401615463] -1.020240
[2401624999] -1.018939
[2401629657] -1.018363
[2401638861] -1.016826
[2401645131] -1.015947
[2401654625] -1.014214
[2401661872] -1.013525
[2401668285] -1.012953
[2401676566] -1.011673
[2401684243] -1.010219
[2401690996] -1.009567
[2401699268] -1.008183
[2401707119] -1.007626
[2401717297] -1.006395
[2401721800] -1.006395
[2401730338] -1.003749
[2401742331] -1.001416
[2401746469] -1.000415
[2401752796] -0.999598
[2401761805] -0.998327
[2401768535] -0.997620
[2401776291] -0.995669
[2401784622] -0.994034
[2401791860] -0.993437
[2401801739] -0.992666
[2401807091] -0.992167
[2401815817] -0.990667
[2401822184] -0.989763
[2401832488] -0.988012
[2401838096] -0.987406
[2401845625] -0.986362
[2401852797] -0.985713
[2401865269] -0.982504
[2401869357] -0.981417
[2401876111] -0.980352
[2401885016] -0.979011
[2401894267] -0.977581
[2401898912] -0.976711
[2401906643] -0.975594
[2401916112] -0.973937
[2401923796] -0.972841
[2401929738] -0.972235
[2401938940] -0.970673
[2401945157] -0.969712
[2401954557] -0.967584
[2401961922] -0.966580
[2401968839] -0.965052
[2401976243] -0.964519
[2401984066] -0.963108
[2401991822] -0.962238
[2401999716] -0.960334
[2402007676] -0.959532
[2402017939] -0.958350
[2402022393] -0.957817
[2402030462] -0.956041
[2402041711] -0.954060
[2402046307] -0.953044
[2402052877] -0.952389
[2402061476] -0.951345
[2402068429] -0.950714
[2402076119] -0.948803
[2402084740] -0.947034
[2402092177] -0.946431
[2402100612] -0.945815
[2402106970] -0.945457
[2402116126] -0.944293
[2402122035] -0.943393
[2402131641] -0.941504
[2402137472] -0.940809
[2402145278] -0.939734
[2402152808] -0.939171
[2402164962] -0.936262
[2402169190] -0.935093
[2402175927] -0.934208
[2402185392] -0.932986
[2402194150] -0.931658
[2402198917] -0.930834
[2402207098] -0.929971
[2402216046] -0.928118
[2402224077] -0.926900
[2402229896] -0.926358
[2402239182] -0.924986
[2402245089] -0.924034
[2402254747] -0.921799
[2402262515] -0.920715
[2402268650] -0.919775
[2402276300] -0.918382
[2402283877] -0.916980
[2402291646] -0.916135
[2402298895] -0.914249
[2402307585] -0.913495
[2402317667] -0.912363
[2402322056] -0.911836
[2402330518] -0.910072
[2402338903] -0.908875
[2402346011] -0.907133
[2402353022] -0.906481
[2402362268] -0.905550
[2402368734] -0.904898
[2402376142] -0.903134
[2402384479] -0.901705
[2402391889] -0.901705
[2402401196] -0.900232
[2402408291] -0.899592
[2402415910] -0.897482
[2402422102] -0.896365
[2402432221] -0.895293
[2402437815] -0.893961
[2402445370] -0.893034
[2402453206] -0.892366
[2402465823] -0.889963
[2402470099] -0.889354
[2402476147] -0.888726
[2402484702] -0.887532
[2402494375] -0.885995
[2402498941] -0.885306
[2402507379] -0.884804
[2402515653] -0.883983
[2402523936] -0.883316
[2402530286] -0.881877
[2402540097] -0.880349
[2402546300] -0.879752
[2402554228] -0.878953
[2402561403] -0.878408
[2402568333] -0.877746
[2402576136] -0.876093
[2402583801] -0.875221
[2402591568] -0.873941
[2402599301] -0.873276
[2402606964] -0.872811
[2402617482] -0.871347
[2402622300] -0.870303
[2402630365] -0.867952
[2402642363] -0.866185
[2402646608] -0.865591
[2402652737] -0.865169
[2402661852] -0.863880
[2402670985] -0.861868
[2402675894] -0.860962
[2402684979] -0.859707
[2402691793] -0.859211
[2402701712] -0.857900
[2402707754] -0.856963
[2402715417] -0.855472
[2402722684] -0.854860
[2402732155] -0.853712
[2402738467] -0.853130
[2402745570] -0.851204
[2402752570] -0.850139
[2402765135] -0.847904
[2402769490] -0.847098
[2402775884] -0.846269
[2402784804] -0.844625
[2402794369] -0.842236
[2402799017] -0.840990
[2402807762] -0.840050
[2402815161] -0.838660
[2402824904] -0.837282
[2402829814] -0.836352
[2402838606] -0.835449
[2402845345] -0.833964
[2402855256] -0.833195
[2402863186] -0.832013
[2402868495] -0.831285
[2402876134] -0.829640
[2402884260] -0.828556
[2402891811] -0.828018
[2402899544] -0.826787
[2402906717] -0.825789
[2402917146] -0.823869
[2402923189] -0.823100
[2402930017] -0.822004
[2402938824] -0.821729
[2402945528] -0.821233
[2402953581] -0.820868
[2402962365] -0.819632
[2402968269] -0.818949
[2402976362] -0.817409
[2402984788] -0.816429
[2402992248] -0.816126
[2402998776] -0.815118
[2403007753] -0.814430
[2403015505] -0.812537
[2403021830] -0.811646
[2403031576] -0.810370
[2403037595] -0.810370
[2403045976] -0.808934
[2403053324] -0.808321
[2403065393] -0.806598
[2403069756] -0.806239
[2403075687] -0.805795
[2403084158] -0.804476
[2403094136] -0.802253
[2403098952] -0.800796
[2403107174] -0.799635
[2403115596] -0.797838
[2403124195] -0.796647
[2403130318] -0.795940
[2403138954] -0.794960
[2403145506] -0.793429
[2403155314] -0.792290
[2403162253] -0.791883
[2403168691] -0.791304
[2403176305] -0.789770
[2403184122] -0.788380
[2403191767] -0.787642
[2403199659] -0.786580
[2403207567] -0.785903
[2403217801] -0.784559
[2403222508] -0.783843
[2403230277] -0.782373
[2403242238] -0.781409
[2403246599] -0.780867
[2403252754] -0.780343
[2403261980] -0.778589
[2403271094] -0.776207
[2403275889] -0.775196
[2403284919] -0.773708
[2403291803] -0.773185
[2403301499] -0.771877
[2403307716] -0.770977
[2403315550] -0.769312
[2403322111] -0.769312
[2403331515] -0.767652
[2403337607] -0.767113
[2403345208] -0.765295
[2403353048] -0.764189
[2403365398] -0.761731
[2403369870] -0.761070
[2403376121] -0.760295
[2403384453] -0.758234
[2403394475] -0.756370
[2403399086] -0.755702
[2403407283] -0.755191
[2403415503] -0.753963
[2403424081] -0.752794
[2403430118] -0.750742
[2403439501] -0.749242
[2403445161] -0.748850
[2403454926] -0.747993
[2403462423] -0.747390
[2403469808] -0.746039
[2403476342] -0.745299
[2403484042] -0.744570
[2403491924] -0.743455
[2403499514] -0.741438
[2403506860] -0.740363
[2403517293] -0.738636
[2403521820] -0.738085
[2403529594] -0.736628
[2403541765] -0.734310
[2403546382] -0.733281
[2403552749] -0.732387
[2403562104] -0.731153
[2403571095] -0.729889
[2403577063] -0.729221
[2403584653] -0.728079
[2403591606] -0.727733
[2403601430] -0.726882
[2403606438] -0.726181
[2403615920] -0.724739
[2403622071] -0.724136
[2403632090] -0.723269
[2403637637] -0.723269
[2403645979] -0.721558
[2403653962] -0.720174
[2403664895] -0.719693
[2403669560] -0.719647
[2403676071] -0.719558
[2403684813] -0.718876
[2403694054] -0.717317
[2403699014] -0.716448
[2403706910] -0.715707
[2403715725] -0.714666
[2403723700] -0.714056
[2403729880] -0.712752
[2403739899] -0.711154
[2403745250] -0.710444
[2403754645] -0.709553
[2403761290] -0.709109
[2403768918] -0.708463
[2403776627] -0.706561
[2403784601] -0.705612
[2403791417] -0.704286
[2403799126] -0.703732
[2403807459] -0.703460
[2403817554] -0.702250
[2403822023] -0.701470
[2403830875] -0.700245
[2403838478] -0.700245
[2403845026] -0.698889
[2403853158] -0.698365
[2403862399] -0.697330
[2403871722] -0.696559
[2403876163] -0.696145
[2403884827] -0.694850
[2403892229] -0.693941
[2403901608] -0.691926
[2403908503] -0.691155
[2403915666] -0.690206
[2403922253] -0.689921
[2403932200] -0.688770
[2403938265] -0.687986
[2403945342] -0.686528
[2403952692] -0.686528
[2403965118] -0.684410
[2403969466] -0.683975
[2403975784] -0.683638
[2403984529] -0.682894
[2403993843] -0.682404
[2403999713] -0.681173
[2404008453] -0.680527
[2404016083] -0.679480
[2404023718] -0.679168
[2404029517] -0.678280
[2404039481] -0.677049
[2404045225] -0.676305
[2404053912] -0.675105
[2404061294] -0.674450
[2404068351] -0.673902
[2404075905] -0.672506
[2404083912] -0.671342
[2404091453] -0.670901
[2404099481] -0.670246
[2404107741] -0.669814
[2404117936] -0.668189
[2404122190] -0.667285
[2404130136] -0.665601
[2404141894] -0.664775
[2404146309] -0.664392
[2404152774] -0.663899
[2404161862] -0.662083
[2404168528] -0.661088
[2404176460] -0.659190
[2404185436] -0.658134
[2404191955] -0.657831
[2404201891] -0.656750
[2404208148] -0.656024
[2404215569] -0.654751
[2404222280] -0.654049
[2404231985] -0.653045
[2404237507] -0.652592
[2404245303] -0.650991
[2404252787] -0.650173
[2404264909] -0.648232
[2404269517] -0.647960
[2404275843] -0.647592
[2404283826] -0.647142
[2404294066] -0.644815
[2404299148] -0.644197
[2404308306] -0.643851
[2404316122] -0.643670
[2404323862] -0.643499
[2404329890] -0.642623
[2404339088] -0.641016
[2404345235] -0.640327
[2404354141] -0.639454
[2404361295] -0.639059
[2404368459] -0.638548
[2404375906] -0.637041
[2404385161] -0.635844
[2404391302] -0.635385
[2404399088] -0.635137
[2404406885] -0.634861
[2404417541] -0.633603
[2404422359] -0.632822
[2404430166] -0.631273
[2404441954] -0.630278
[2404446079] -0.629957
[2404452916] -0.629500
[2404462838] -0.628279
[2404468799] -0.627725
[2404476118] -0.626555
[2404484928] -0.625756
[2404492238] -0.625202
[2404501969] -0.624253
[2404506637] -0.623949
[2404516073] -0.622945
[2404521841] -0.622376
[2404531672] -0.620606
[2404539244] -0.619188
[2404545893] -0.618732
[2404553025] -0.618496
[2404564967] -0.618236
[2404569394] -0.617348
[2404575810] -0.616617
[2404584514] -0.615462
[2404594651] -0.614682
[2404598944] -0.614381
[2404607513] -0.614097
[2404615599] -0.612945
[2404623819] -0.611653
[2404629754] -0.611148
[2404639526] -0.610364
[2404645350] -0.609988
[2404654039] -0.609121
[2404661385] -0.608466
[2404668917] -0.607254
[2404677145] -0.606684
[2404685230] -0.605747
[2404691702] -0.605083
[2404699186] -0.603907
[2404707879] -0.603387
[2404717873] -0.602309
[2404722229] -0.601902
[2404730264] -0.601250
[2404741834] -0.600270
[2404746128] -0.599679
[2404753275] -0.599168
[2404762751] -0.597842
[2404768523] -0.597208
[2404777133] -0.596253
[2404784296] -0.595393
[2404792059] -0.594820
[2404801759] -0.593831
[2404808549] -0.593458
[2404815662] -0.592567
[2404821872] -0.592040
[2404831741] -0.590396
[2404837542] -0.589468
[2404846112] -0.588375
[2404853236] -0.588090
[2404866213] -0.587328
[2404870418] -0.586639
[2404876380] -0.585864
[2404885381] -0.584612
[2404894220] -0.584040
[2404898813] -0.583045
[2404908200] -0.582426
[2404915919] -0.580999
[2404923974] -0.580130
[2404929948] -0.579710
[2404939440] -0.578614
[2404945309] -0.577686
[2404955074] -0.575791
[2404962744] -0.575072
[2404968971] -0.574334
[2404976979] -0.573872
[2404984425] -0.572368
[2404991285] -0.571566
[2404999243] -0.570445
[2405007090] -0.570121
[2405017172] -0.569187
[2405022846] -0.568452
[2405029842] -0.566888
[2405042184] -0.565911
[2405046306] -0.565639
[2405052665] -0.565323
[2405062823] -0.563866
[2405070899] -0.562868
[2405075848] -0.561655
[2405085043] -0.560991
[2405091864] -0.560614
[2405101974] -0.559408
[2405107416] -0.558388
[2405115742] -0.556701
[2405122228] -0.556092
[2405131898] -0.555382
[2405137534] -0.555131
[2405145067] -0.553949
[2405152672] -0.553217
[2405165112] -0.552029
[2405169350] -0.551325
[2405175768] -0.550835
[2405184615] -0.549803
[2405194664] -0.547733
[2405198786] -0.547733
[2405207131] -0.546472
[2405215983] -0.545636
[2405223886] -0.545097
[2405229960] -0.545033
[2405240397] -0.544739
[2405246496] -0.544739
[2405254390] -0.543122
[2405261940] -0.542544
[2405268977] -0.541638
[2405275877] -0.541331
[2405283855] -0.540887
[2405291780] -0.540416
[2405299702] -0.539323
[2405307843] -0.538790
[2405318003] -0.537771
[2405322416] -0.537275
[2405329732] -0.536264
[2405338831] -0.535940
[2405345441] -0.535416
[2405353116] -0.534911
[2405362581] -0.533692
[2405368632] -0.533022
[2405375728] -0.532259
[2405384148] -0.531858
[2405391757] -0.531531
[2405401952] -0.530196
[2405406657] -0.529495
[2405415851] -0.528570
[2405422303] -0.528365
[2405432609] -0.527575
[2405437490] -0.527070
[2405445940] -0.526056
[2405452928] -0.525695
[2405464880] -0.524541
[2405469372] -0.523812
[2405476435] -0.522851
[2405484749] -0.521387
[2405493891] -0.520894
[2405499524] -0.520487
[2405506928] -0.520230
[2405515729] -0.519109
[2405524142] -0.518047
[2405530801] -0.518047
[2405539749] -0.517162
[2405545719] -0.516804
[2405555437] -0.515285
[2405563147] -0.514376
[2405568986] -0.513552
[2405576112] -0.512523
[2405583598] -0.512318
[2405591289] -0.511890
[2405599288] -0.510628
[2405606530] -0.509878
[2405616577] -0.508855
[2405622290] -0.508589
[2405629672] -0.507692
[2405641491] -0.505962
[2405645692] -0.505145
[2405652423] -0.504514
[2405661609] -0.503797
[2405668543] -0.503797
[2405676527] -0.502319
[2405685642] -0.501308
[2405692748] -0.501048
[2405701323] -0.500950
[2405707736] -0.500867
[2405715656] -0.500047
[2405721907] -0.499477
[2405731472] -0.498495
[2405737376] -0.498234
[2405745020] -0.498127
[2405752788] -0.497484
[2405765395] -0.495855
[2405770022] -0.495405
[2405775876] -0.495081
[2405784117] -0.494618
[2405793970] -0.493513
[2405799736] -0.492941
[2405807093] -0.492435
[2405816545] -0.491979
[2405824331] -0.491670
[2405830268] -0.491254
[2405839189] -0.490029
[2405845211] -0.489447
[2405854523] -0.488522
[2405862405] -0.488180
[2405869096] -0.487567
[2405876365] -0.487013
[2405883827] -0.486315
[2405891349] -0.485308
[2405899151] -0.484006
[2405906556] -0.483452
[2405916917] -0.482772
[2405922997] -0.482417
[2405929789] -0.480929
[2405941561] -0.479316
[2405945624] -0.478676
[2405953331] -0.478250
[2405962019] -0.477751
[2405968334] -0.477751
[2405975861] -0.476009
[2405984913] -0.475020
[2405992130] -0.474882
[2406001309] -0.475002
[2406007126] -0.474993
[2406016631] -0.474552
[2406022630] -0.474105
[2406032162] -0.472990
[2406037737] -0.472675
[2406046194] -0.472173
[2406052941] -0.471615
[2406065380] -0.469999
[2406070055] -0.469512
[2406076286] -0.469178
[2406085249] -0.468762
[2406094489] -0.467693
[2406099072] -0.467118
[2406108059] -0.466582
[2406115894] -0.466092
[2406124219] -0.465976
[2406130481] -0.465728
[2406138797] -0.465259
[2406145261] -0.464078
[2406155196] -0.463278
[2406162788] -0.463116
[2406168522] -0.463073
[2406176222] -0.462886
[2406183846] -0.461218
[2406191260] -0.460654
[2406199024] -0.459889
[2406206684] -0.459812
[2406216893] -0.459803
[2406223134] -0.459803
[2406229584] -0.458695
[2406241570] -0.457590
[2406245724] -0.457317
[2406253129] -0.457238
[2406263188] -0.457158
[2406271114] -0.456350
[2406276035] -0.455768
[2406285107] -0.454800
[2406292170] -0.454589
[2406301752] -0.454350
[2406307667] -0.453983
[2406315847] -0.452881
[2406322209] -0.452345
[2406332437] -0.451540
[2406338367] -0.451129
[2406345387] -0.450287
[2406353163] -0.449969
[2406364787] -0.448606
[2406369244] -0.448016
[2406375979] -0.447250
[2406385475] -0.445989
[2406394929] -0.445190
[2406399013] -0.444798
[2406408327] -0.444504
[2406416140] -0.443800
[2406424427] -0.442872
[2406430239] -0.442413
[2406439585] -0.441525
[2406445615] -0.440860
[2406455080] -0.440199
[2406462391] -0.439415
[2406468780] -0.439133
[2406476206] -0.438350
[2406483849] -0.437238
[2406491359] -0.436482
[2406498786] -0.435328
[2406506637] -0.434994
[2406516620] -0.434553
[2406522404] -0.434149
[2406530511] -0.432612
[2406542423] -0.430827
[2406546771] -0.430827
[2406552793] -0.429884
[2406561517] -0.429584
[2406568520] -0.429385
[2406575930] -0.428601
[2406584762] -0.428332
[2406592130] -0.427563
[2406600970] -0.426807
[2406607027] -0.426427
[2406616173] -0.425656
[2406621913] -0.425322
[2406631050] -0.424532
[2406637723] -0.423978
[2406644884] -0.423084
[2406652618] -0.422747
[2406664959] -0.420931
[2406669436] -0.420931
[2406675987] -0.420043
[2406684666] -0.419290
[2406693905] -0.418604
[2406699630] -0.418142
[2406706939] -0.417358
[2406716653] -0.416057
[2406723604] -0.415583
[2406729725] -0.415148
[2406738968] -0.414912
[2406745192] -0.413969
[2406754508] -0.412603
[2406761690] -0.412052
[2406768859] -0.411651
[2406776308] -0.411241
[2406784077] -0.410283
[2406791785] -0.409683
[2406799738] -0.408464
[2406807970] -0.408063
[2406816268] -0.407610
[2406822566] -0.407206
[2406830308] -0.405653
[2406842292] -0.404686
[2406846605] -0.403317
[2406852741] -0.402919
[2406862207] -0.402530
[2406868754] -0.402212
[2406876810] -0.400862
[2406884219] -0.399199
[2406892149] -0.398513
[2406901209] -0.397953
[2406907837] -0.397846
[2406915681] -0.396970
[2406922141] -0.396297
[2406932076] -0.395164
[2406937876] -0.394842
[2406945468] -0.394472
[2406952974] -0.394098
[2406966092] -0.391692
[2406970469] -0.391027
[2406976054] -0.390418
[2406984383] -0.389784
[2406993845] -0.388955
[2406999637] -0.388376
[2407006573] -0.387684
[2407015707] -0.386744
[2407024380] -0.386432
[2407030172] -0.386150
[2407039857] -0.385042
[2407045814] -0.384184
[2407055174] -0.382690
[2407062530] -0.382216
[2407068924] -0.381962
[2407076106] -0.381799
[2407085339] -0.381028
[2407091081] -0.380523
[2407098714] -0.380051
[2407106682] -0.379583
[2407116687] -0.379267
[2407122269] -0.379197
[2407129769] -0.378428
[2407141883] -0.377439
[2407145876] -0.377026
[2407153522] -0.376760
[2407162887] -0.375869
[2407170962] -0.374650
[2407176680] -0.374194
[2407184717] -0.373814
[2407191696] -0.373588
[2407200864] -0.372617
[2407206777] -0.371977
[2407216857] -0.370765
[2407222489] -0.370410
[2407232165] -0.370119
[2407237890] -0.369813
[2407245717] -0.369108
[2407253272] -0.368625
[2407264202] -0.367657
[2407268887] -0.367232
[2407276726] -0.367173
[2407285744] -0.366540
[2407294427] -0.365468
[2407298938] -0.365052
[2407307740] -0.364813
[2407315697] -0.364623
[2407323876] -0.364372
[2407329789] -0.363441
[2407339656] -0.362648
[2407345952] -0.362320
[2407355800] -0.362115
[2407361735] -0.361846
[2407368430] -0.361448
[2407376077] -0.360539
[2407383860] -0.360199
[2407391615] -0.359522
[2407399429] -0.359096
[2407407654] -0.358711
[2407417526] -0.357716
[2407422334] -0.357195
[2407430398] -0.356469
[2407438567] -0.356399
[2407445213] -0.356393
[2407453774] -0.356148
[2407462376] -0.355128
[2407468684] -0.354694
[2407476592] -0.354198
[2407484524] -0.353818
[2407492196] -0.353674
[2407500851] -0.352875
[2407506853] -0.352394
[2407516391] -0.351650
[2407522314] -0.351424
[2407532591] -0.350481
[2407540403] -0.349271
[2407546866] -0.348852
[2407552868] -0.348650
[2407566044] -0.348117
[2407570414] -0.347593
[2407576163] -0.347048
[2407584445] -0.346259
[2407594124] -0.345824
[2407598943] -0.345484
[2407607377] -0.344914
[2407616873] -0.343907
[2407624246] -0.342909
[2407629819] -0.342471
[2407639419] -0.342085
[2407645445] -0.342085
[2407654853] -0.340888
[2407661448] -0.340478
[2407668784] -0.340065
[2407676750] -0.339299
[2407684532] -0.338773
[2407691481] -0.338390
[2407698918] -0.337683
[2407707136] -0.337309
[2407717078] -0.336234
[2407722027] -0.335772
[2407729626] -0.335196
[2407741660] -0.335114
[2407746155] -0.334844
[2407752647] -0.334844
[2407761751] -0.333243
[2407768698] -0.332729
[2407776382] -0.332257
[2407784636] -0.332514
[2407792064] -0.332514
[2407801604] -0.332196
[2407807354] -0.331807
[2407815900] -0.330886
[2407822445] -0.330628
[2407832123] -0.330435
[2407837907] -0.329802
[2407846104] -0.328902
[2407853761] -0.328577
[2407866263] -0.327867
[2407870470] -0.327867
[2407876477] -0.327260
[2407884962] -0.326305
[2407894072] -0.325469
[2407900332] -0.325047
[2407907007] -0.324480
[2407915851] -0.323684
[2407923848] -0.323400
[2407929569] -0.322729
[2407939503] -0.321771
[2407945650] -0.321330
[2407955566] -0.320675
[2407963270] -0.320675
[2407969417] -0.319692
[2407975846] -0.319282
[2407983866] -0.318740
[2407991614] -0.317506
[2407999333] -0.317053
[2408007541] -0.316762
[2408017701] -0.316538
[2408022277] -0.316201
[2408030166] -0.314955
[2408042802] -0.314407
[2408047426] -0.313951
[2408052957] -0.313976
[2408062907] -0.314025
[2408070870] -0.313467
[2408076662] -0.312910
[2408085863] -0.311863
[2408091565] -0.311560
[2408101174] -0.310831
[2408107100] -0.310390
[2408116469] -0.309355
[2408122500] -0.309009
[2408131961] -0.308605
[2408138068] -0.308290
[2408145071] -0.307028
[2408153079] -0.306131
[2408165352] -0.304711
[2408169490] -0.304604
[2408175857] -0.304521
[2408184911] -0.303847
[2408194089] -0.303051
[2408199207] -0.301625
[2408207307] -0.301021
[2408215841] -0.300378
[2408223847] -0.300305
[2408229430] -0.299794
[2408239924] -0.298486
[2408245078] -0.297834
[2408254245] -0.297013
[2408261278] -0.296894
[2408269085] -0.296318
[2408276522] -0.295706
[2408284196] -0.295048
[2408291876] -0.294322
[2408299774] -0.294227
[2408307464] -0.294191
[2408317696] -0.293597
[2408322191] -0.292981
[2408330200] -0.291264
[2408341790] -0.290088
[2408345904] -0.289815
[2408352889] -0.289730
[2408362702] -0.289044
[2408368439] -0.288450
[2408376321] -0.287256
[2408384554] -0.286763
[2408391794] -0.286763
[2408401083] -0.286487
[2408407332] -0.286037
[2408415969] -0.284959
[2408422127] -0.284959
[2408431649] -0.284231
[2408437857] -0.284019
[2408445703] -0.283517
[2408453689] -0.283174
[2408464817] -0.282225
[2408469042] -0.281809
[2408476187] -0.281368
[2408484861] -0.280949
[2408494736] -0.280701
[2408499147] -0.280333
[2408507683] -0.279834
[2408515524] -0.278937
[2408525297] -0.278536
[2408529488] -0.278273
[2408538999] -0.278199
[2408545260] -0.277495
[2408554814] -0.276622
[2408561778] -0.276209
[2408568681] -0.275912
[2408576039] -0.275434
[2408583655] -0.275434
[2408591323] -0.274158
[2408599021] -0.273704
[2408607355] -0.273659
[2408617584] -0.273521
[2408621804] -0.273521
[2408629469] -0.272406
[2408642093] -0.271068
[2408646549] -0.270594
[2408652773] -0.270324
[2408662542] -0.270144
[2408671067] -0.269418
[2408677216] -0.268888
[2408684683] -0.268074
[2408691705] -0.267994
[2408701710] -0.267964
[2408707256] -0.267759
[2408716038] -0.266865
[2408722270] -0.266411
[2408732342] -0.265925
[2408738114] -0.265882
[2408744966] -0.265579
[2408752627] -0.265187
[2408765815] -0.263386
[2408769928] -0.263386
[2408776124] -0.262878
[2408784133] -0.262909
[2408794205] -0.262753
[2408799367] -0.262385
[2408807634] -0.261886
[2408815878] -0.261084
[2408823924] -0.261084
[2408829715] -0.260211
[2408838929] -0.259930
[2408845157] -0.259333
[2408854424] -0.259271
[2408861174] -0.259235
[2408868651] -0.259069
[2408876106] -0.258209
[2408883883] -0.257829
[2408891594] -0.257486
[2408899146] -0.257471
[2408907286] -0.257428
[2408917441] -0.256752
[2408922125] -0.256265
[2408930358] -0.255558
[2408938951] -0.255512
[2408945589] -0.255570
[2408952909] -0.255404
[2408962859] -0.254529
[2408970866] -0.253846
[2408975768] -0.253760
[2408984417] -0.253739
[2408992395] -0.253739
[2409001226] -0.252624
[2409007056] -0.252205
[2409016890] -0.251804
[2409022150] -0.251859
[2409031184] -0.251740
[2409037174] -0.251424
[2409045308] -0.250334
[2409052808] -0.249912
[2409064606] -0.249140
[2409069210] -0.248840
[2409075648] -0.248571
[2409084968] -0.247912
[2409094016] -0.247122
[2409099985] -0.246819
[2409107040] -0.246489
[2409116060] -0.245895
[2409123985] -0.245111
[2409129847] -0.244777
[2409139120] -0.244229
[2409145392] -0.243715
[2409154639] -0.242181
[2409162717] -0.242181
[2409169052] -0.241186
[2409176937] -0.241134
[2409184615] -0.240720
[2409191131] -0.240276
[2409199164] -0.239278
[2409206793] -0.238871
[2409217256] -0.238332
[2409223182] -0.237983
[2409229884] -0.237285
[2409242119] -0.236878
[2409246494] -0.236587
[2409253056] -0.236232
[2409262366] -0.235472
[2409271189] -0.234934
[2409276991] -0.234652
[2409284116] -0.233926
[2409292366] -0.233421
[2409301951] -0.232653
[2409306533] -0.232567
[2409316304] -0.232515
[2409322289] -0.232331
[2409331933] -0.231269
[2409338031] -0.230592
[2409345944] -0.229435
[2409353822] -0.229174
[2409364361] -0.228908
[2409368848] -0.228908
[2409376246] -0.227941
[2409385065] -0.226156
[2409394565] -0.224821
[2409398881] -0.224821
[2409406724] -0.224279
[2409416301] -0.223636
[2409424059] -0.223014
[2409430045] -0.221128
[2409440033] -0.219665
[2409446257] -0.219239
[2409454842] -0.218823
[2409462530] -0.218357
[2409468798] -0.217754
[2409476754] -0.216839
[2409484334] -0.216529
[2409491472] -0.216490
[2409499229] -0.215988
[2409506949] -0.215498
[2409516995] -0.214720
[2409522618] -0.214585
[2409530686] -0.213878
[2409543333] -0.213425
[2409547881] -0.212883
[2409554228] -0.212212
[2409561972] -0.211955
[2409568541] -0.211560
[2409576767] -0.210648
[2409584931] -0.209417
[2409592509] -0.208814
[2409601036] -0.208174
[2409606761] -0.208116
[2409616406] -0.207605
[2409622232] -0.206919
[2409632686] -0.205853
[2409638596] -0.205559
[2409645245] -0.205501
[2409653342] -0.205486
[2409665674] -0.204368
[2409669657] -0.203857
[2409676044] -0.203370
[2409684638] -0.203070
[2409694138] -0.202556
[2409698909] -0.202556
[2409706778] -0.201383
[2409716669] -0.200611
[2409724111] -0.200584
[2409729881] -0.200749
[2409740257] -0.200719
[2409745289] -0.200455
[2409754990] -0.199558
[2409762792] -0.199163
[2409769097] -0.199032
[2409776613] -0.198931
[2409784154] -0.198226
[2409791666] -0.197556
[2409799382] -0.196784
[2409806591] -0.196680
[2409816477] -0.196607
[2409822169] -0.196408
[2409830770] -0.195284
[2409838636] -0.194534
[2409845439] -0.193851
[2409853023] -0.193187
[2409862672] -0.193089
[2409870591] -0.192816
[2409876601] -0.192348
[2409885649] -0.191399
[2409892496] -0.191105
[2409900527] -0.191062
[2409906582] -0.191037
[2409916437] -0.190416
[2409922198] -0.189828
[2409933245] -0.188958
[2409937864] -0.188759
[2409945670] -0.188640
[2409953461] -0.188441
[2409966009] -0.186598
[2409970511] -0.185949
[2409976365] -0.185453
[2409984550] -0.185085
[2409994032] -0.183934
[2409998866] -0.183934
[2410006891] -0.182765
[2410015689] -0.182143
[2410024259] -0.181877
[2410030102] -0.181668
[2410038930] -0.181151
[2410045445] -0.180104
[2410054677] -0.179069
[2410061883] -0.178824
[2410068584] -0.178738
[2410076239] -0.178665
[2410083776] -0.178665
[2410092297] -0.177489
[2410099366] -0.176788
[2410107256] -0.176736
[2410117704] -0.176724
[2410122248] -0.176476
[2410130143] -0.175968
[2410142314] -0.174577
[2410146682] -0.174431
[2410153129] -0.174421
[2410162774] -0.174427
[2410171362] -0.173806
[2410176210] -0.173292
[2410184914] -0.172802
[2410192196] -0.172777
[2410201995] -0.172339
[2410206796] -0.171923
[2410216331] -0.171185
[2410222026] -0.170928
[2410232093] -0.170248
[2410237935] -0.169890
[2410246298] -0.169345
[2410252625] -0.169128
[2410265211] -0.168108
[2410269820] -0.167670
[2410275879] -0.167327
[2410284858] -0.167119
[2410294234] -0.166654
[2410299418] -0.166173
[2410307393] -0.165640
[2410315932] -0.165046
[2410324035] -0.164676
[2410331019] -0.164333
[2410339007] -0.163815
[2410345101] -0.163592
[2410354583] -0.163197
[2410361215] -0.162879
[2410368407] -0.162425
[2410376262] -0.161449
[2410383794] -0.161140
[2410391890] -0.161051
[2410399409] -0.160815
[2410407895] -0.160493
[2410418238] -0.159505
[2410422444] -0.159106
[2410430028] -0.158874
[2410438830] -0.158868
[2410445481] -0.158433
[2410453456] -0.157925
[2410461524] -0.156789
[2410468794] -0.156452
[2410475630] -0.156317
[2410484900] -0.156186
[2410491899] -0.155830
[2410501251] -0.154780
[2410507941] -0.154119
[2410515242] -0.153228
[2410522681] -0.153124
[2410532039] -0.152634
[2410539530] -0.151761
[2410545916] -0.151761
[2410553029] -0.151284
[2410563916] -0.151226
[2410569250] -0.150598
[2410576351] -0.150047
[2410585894] -0.149318
[2410594394] -0.149134
[2410599106] -0.148935
[2410607299] -0.148675
[2410616501] -0.148066
[2410624706] -0.147668
[2410629986] -0.147454
[2410639824] -0.146826
[2410645926] -0.146394
[2410653780] -0.145975
[2410662975] -0.145130
[2410668617] -0.144912
[2410676401] -0.144808
[2410683685] -0.144643
[2410691191] -0.143899
[2410699287] -0.143228
[2410707677] -0.143008
[2410716954] -0.142974
[2410722297] -0.142974
[2410730520] -0.142322
[2410741455] -0.141679
[2410745771] -0.141575
[2410753290] -0.141544
[2410762464] -0.141492
[2410768461] -0.141208
[2410776213] -0.140464
[2410784809] -0.140234
[2410791834] -0.140213
[2410800696] -0.139882
[2410806822] -0.139882
[2410815995] -0.138783
[2410821803] -0.138587
[2410831244] -0.138026
[2410837679] -0.137754
[2410845565] -0.137527
[2410853196] -0.137056
[2410865193] -0.136309
[2410869559] -0.136006
[2410876051] -0.135767
[2410884515] -0.135436
[2410893985] -0.135436
[2410899826] -0.134499
[2410908123] -0.134352
[2410915753] -0.134221
[2410923811] -0.134178
[2410929480] -0.134052
[2410938917] -0.133722
[2410944953] -0.133027
[2410954810] -0.132880
[2410962285] -0.132861
[2410969497] -0.132629
[2410976094] -0.132215
[2410983757] -0.131799
[2410991954] -0.131343
[2410999471] -0.130862
[2411007842] -0.130675
[2411017845] -0.130409
[2411022023] -0.130084
[2411031030] -0.129135
[2411038809] -0.128685
[2411045660] -0.128348
[2411053149] -0.128434
[2411062642] -0.128535
[2411071247] -0.128054
[2411075797] -0.127574
[2411085003] -0.126790
[2411092167] -0.126680
[2411100907] -0.126214
[2411106966] -0.125985
[2411116446] -0.124977
[2411122297] -0.124347
[2411132597] -0.123529
[2411137176] -0.123404
[2411145775] -0.122972
[2411154059] -0.121909
[2411164798] -0.120957
[2411169318] -0.120761
[2411175769] -0.120706
[2411184879] -0.120207
[2411194130] -0.118832
[2411199615] -0.117960
[2411206716] -0.117219
[2411215676] -0.116325
[2411224180] -0.116184
[2411230321] -0.115976
[2411239627] -0.114975
[2411245507] -0.114316
[2411255563] -0.113456
[2411261252] -0.113370
[2411268500] -0.113303
[2411276829] -0.112629
[2411284731] -0.112259
[2411291604] -0.111698
[2411299721] -0.111680
[2411306965] -0.111653
[2411316879] -0.111101
[2411323031] -0.110605
[2411329825] -0.110011
[2411339134] -0.109969
[2411345407] -0.109583
[2411353154] -0.109166
[2411362227] -0.108187
[2411368633] -0.107874
[2411376972] -0.107764
[2411383922] -0.107789
[2411392140] -0.107486
[2411401359] -0.106506
[2411407352] -0.106071
[2411415978] -0.105750
[2411422326] -0.105753
[2411432049] -0.105526
[2411437930] -0.105159
[2411445713] -0.104179
[2411453791] -0.103818
[2411464746] -0.103609
[2411469209] -0.103609
[2411476091] -0.103270
[2411484575] -0.102262
[2411494057] -0.101466
[2411499035] -0.101466
[2411506811] -0.101341
[2411515785] -0.101065
[2411524534] -0.099948
[2411529519] -0.099167
[2411539319] -0.097970
[2411545525] -0.097633
[2411555239] -0.097452
[2411562517] -0.097272
[2411568807] -0.096932
[2411575997] -0.096243
[2411585462] -0.095897
[2411591390] -0.095882
[2411599121] -0.095508
[2411606717] -0.095128
[2411617012] -0.094804
[2411622925] -0.094427
[2411629532] -0.094296
[2411641697] -0.093677
[2411646192] -0.093288
[2411654075] -0.092906
[2411661543] -0.092887
[2411668477] -0.092933
[2411675898] -0.092661
[2411684437] -0.091917
[2411691920] -0.091702
[2411700869] -0.091635
[2411707583] -0.091580
[2411715433] -0.090955
[2411722293] -0.090600
[2411732219] -0.090324
[2411737750] -0.090312
[2411745577] -0.090266
[2411753294] -0.090015
[2411765590] -0.089045
[2411770103] -0.089002
[2411776173] -0.088999
[2411784693] -0.088775
[2411794083] -0.088141
[2411798972] -0.087893
[2411806813] -0.087792
[2411816496] -0.087192
[2411824466] -0.086568
[2411830230] -0.085548
[2411839241] -0.085263
[2411844925] -0.085315
[2411854603] -0.085098
[2411861919] -0.084746
[2411868621] -0.084290
[2411875937] -0.083824
[2411883981] -0.083824
[2411891745] -0.083292
[2411898971] -0.083053
[2411908184] -0.082566
[2411917984] -0.082520
[2411922380] -0.082480
[2411930071] -0.081767
[2411941950] -0.081249
[2411946257] -0.081109
[2411952859] -0.081084
[2411962644] -0.081112
[2411970402] -0.080610
[2411976723] -0.080172
[2411985921] -0.079526
[2411991649] -0.079471
[2412001941] -0.079400
[2412012483] -0.078739
[2412017105] -0.078209
[2412022845] -0.077817
[2412031556] -0.077462
[2412036912] -0.077523
[2412044997] -0.077389
[2412052407] -0.077089
[2412064178] -0.076412
[2412068805] -0.076320
[2412075877] -0.076449
[2412085003] -0.076341
[2412093971] -0.075662
[2412098741] -0.075662
[2412106385] -0.075046
[2412116546] -0.074979
[2412124102] -0.074743
[2412129711] -0.074501
[2412138965] -0.074131
[2412145123] -0.073307
[2412154075] -0.073093
[2412162256] -0.073035
[2412168789] -0.072961
[2412176613] -0.072422
[2412184412] -0.071559
[2412192598] -0.071293
[2412199477] -0.071238
[2412207066] -0.071182
[2412217241] -0.070552
[2412222248] -0.070086
[2412229690] -0.069303
[2412242133] -0.069168
[2412246527] -0.069149
[2412252948] -0.069006
[2412262345] -0.068047
[2412270516] -0.067276
[2412276864] -0.066317
[2412284950] -0.066057
[2412291647] -0.066091
[2412301731] -0.065873
[2412307979] -0.065402
[2412315727] -0.064422
[2412322535] -0.063886
[2412331785] -0.063298
[2412337724] -0.063274
[2412345362] -0.062821
[2412352782] -0.062340
[2412364757] -0.061731
[2412368977] -0.061731
[2412376667] -0.061468
[2412384832] -0.060962
[2412394210] -0.060598
[2412399041] -0.060574
[2412406979] -0.060396
[2412416029] -0.059900
[2412423653] -0.059609
[2412429749] -0.059337
[2412438988] -0.059386
[2412445302] -0.059214
[2412454442] -0.058479
[2412461224] -0.058201
[2412468669] -0.058118
[2412476285] -0.058299
[2412484310] -0.058103
[2412492026] -0.057680
[2412499796] -0.056823
[2412506776] -0.056670
[2412517220] -0.056517
[2412523038] -0.056158
[2412530757] -0.055757
[2412541769] -0.055470
[2412546269] -0.055460
[2412553016] -0.055274
[2412561766] -0.054441
[2412568559] -0.054178
[2412575855] -0.054156
[2412583987] -0.054156
[2412591898] -0.053709
[2412600766] -0.052983
[2412606831] -0.052815
[2412616415] -0.052846
[2412621756] -0.052830
[2412631841] -0.052386
[2412637250] -0.051982
[2412644706] -0.051756
[2412653056] -0.051799
[2412664870] -0.051238
[2412669431] -0.050803
[2412676180] -0.050399
[2412684350] -0.050081
[2412694238] -0.050063
[2412698959] -0.050063
[2412706716] -0.049490
[2412716487] -0.048890
[2412723380] -0.048823
[2412729762] -0.048838
[2412739422] -0.048565
[2412745247] -0.048216
[2412754479] -0.047699
[2412761497] -0.047674
[2412768398] -0.047677
[2412776176] -0.047390
[2412783955] -0.047031
[2412791510] -0.046542
[2412799348] -0.046591
[2412807277] -0.046572
[2412817430] -0.046061
[2412822300] -0.045644
[2412829951] -0.045188
[2412841871] -0.045323
[2412846074] -0.045317
[2412853542] -0.045225
[2412862817] -0.044591
[2412871245] -0.044150
[2412876435] -0.044132
[2412885630] -0.044037
[2412892764] -0.043954
[2412901386] -0.043256
[2412906987] -0.042990
[2412915508] -0.042892
[2412922036] -0.042867
[2412931206] -0.042693
[2412937309] -0.042420
[2412945510] -0.041989
[2412952930] -0.041931
[2412964932] -0.041141
[2412969319] -0.040816
[2412975807] -0.040553
[2412984406] -0.040476
[2412994096] -0.040427
[2412998940] -0.040216
[2413006744] -0.039564
[2413016199] -0.039417
[2413023878] -0.039402
[2413029549] -0.039319
[2413039404] -0.038976
[2413044941] -0.038682
[2413054741] -0.038535
[2413062149] -0.038504
[2413068829] -0.038425
[2413076204] -0.037932
[2413084240] -0.037776
[2413091964] -0.037653
[2413099633] -0.037610
[2413108311] -0.037534
[2413116159] -0.037090
[2413122198] -0.036992
[2413129956] -0.036894
[2413142244] -0.036796
[2413146801] -0.036579
[2413152985] -0.036214
[2413162095] -0.035979
[2413170826] -0.035743
[2413176863] -0.035467
[2413184545] -0.035280
[2413192066] -0.035011
[2413201290] -0.034540
[2413207327] -0.034325
[2413216908] -0.034151
[2413222712] -0.034080
[2413231794] -0.033679
[2413238173] -0.033388
[2413246071] -0.032868
[2413253735] -0.032758
[2413264944] -0.032559
[2413269305] -0.031937
[2413275911] -0.031542
[2413285210] -0.031110
[2413294477] -0.031300
[2413299236] -0.031288
[2413306900] -0.031196
[2413316125] -0.030657
[2413323882] -0.030504
[2413329674] -0.030532
[2413339177] -0.030305
[2413345217] -0.029941
[2413354411] -0.029380
[2413361657] -0.029166
[2413368499] -0.028976
[2413375965] -0.028612
[2413384110] -0.028514
[2413391374] -0.028330
[2413398745] -0.028091
[2413406613] -0.027286
[2413416711] -0.026809
[2413422314] -0.026793
[2413429907] -0.027103
[2413441730] -0.026956
[2413446013] -0.026628
[2413452964] -0.026242
[2413462502] -0.025878
[2413470494] -0.026160
[2413475601] -0.026160
[2413484890] -0.025835
[2413491816] -0.025437
[2413501233] -0.025158
[2413507704] -0.025171
[2413515335] -0.025024
[2413522038] -0.024849
[2413531762] -0.024237
[2413539890] -0.024056
[2413546010] -0.023928
[2413552759] -0.023716
[2413564944] -0.023245
[2413569381] -0.023067
[2413575846] -0.023012
[2413584623] -0.022862
[2413594267] -0.022678
[2413600425] -0.022433
[2413606873] -0.022271
[2413616469] -0.021913
[2413624303] -0.021564
[2413630351] -0.021564
[2413639153] -0.021322
[2413645211] -0.021010
[2413655413] -0.020501
[2413663150] -0.020446
[2413668666] -0.020495
[2413676605] -0.020474
[2413684034] -0.019966
[2413691643] -0.019148
[2413699345] -0.018934
[2413707519] -0.019114
[2413717409] -0.019344
[2413722009] -0.019344
[2413729560] -0.018560
[2413741981] -0.017599
[2413745997] -0.017348
[2413752890] -0.017280
[2413762190] -0.017290
[2413768730] -0.017167
[2413776280] -0.016359
[2413785565] -0.015597
[2413792504] -0.015480
[2413800900] -0.015704
[2413808219] -0.015875
[2413815876] -0.015728
[2413821798] -0.015388
[2413831985] -0.014883
[2413838228] -0.014862
[2413846196] -0.014957
[2413852965] -0.014849
[2413864640] -0.013888
[2413869060] -0.013818
[2413875885] -0.013897
[2413885436] -0.014133
[2413894086] -0.014050
[2413899794] -0.013429
[2413906985] -0.013126
[2413915224] -0.013080
[2413924859] -0.013049
[2413929610] -0.012862
[2413939546] -0.011978
[2413945603] -0.011604
[2413954461] -0.011374
[2413962720] -0.011518
[2413968390] -0.011690
[2413976781] -0.011598
[2413985401] -0.010894
[2413993582] -0.010682
[2413999577] -0.010704
[2414007055] -0.010878
[2414015144] -0.010805
[2414022543] -0.010805
[2414029717] -0.009856
[2414042238] -0.009795
[2414046496] -0.009795
[2414052693] -0.009798
[2414063290] -0.009684
[2414068593] -0.009684
[2414076782] -0.009035
[2414085496] -0.008971
[2414093324] -0.008959
[2414101079] -0.008851
[2414107088] -0.008631
[2414115830] -0.008178
[2414122264] -0.008135
[2414131761] -0.008092
[2414140407] -0.007856
[2414145544] -0.007556
[2414152861] -0.007385
[2414163209] -0.007290
[2414168285] -0.007149
[2414176030] -0.006950
[2414186077] -0.006684
[2414193966] -0.006589
[2414198834] -0.006442
[2414207031] -0.005992
[2414216948] -0.005575
[2414224594] -0.005585
[2414230303] -0.005551
[2414239198] -0.005422
[2414245511] -0.004596
[2414255199] -0.003839
[2414263361] -0.003732
[2414268698] -0.003760
[2414276457] -0.003888
[2414284476] -0.003518
[2414292721] -0.003190
[2414298904] -0.002906
[2414306904] -0.002994
[2414314543] -0.003004
[2414321851] -0.002780
[2414330167] -0.002091
[2414342041] -0.001929
[2414346866] -0.001843
[2414352950] -0.001620
[2414364092] -0.001173
[2414370413] -0.001059
[2414376635] -0.000909
[2414384751] -0.000331
[2414392857] 0.000129
[2414400521] 0.000444
[2414407609] 0.000444
[2414415428] 0.000643
[2414421988] 0.000848
[2414432105] 0.001509
[2414440815] 0.001932
[2414445510] 0.001898
[2414453052] 0.001843
[2414463451] 0.001996
[2414468332] 0.002309
[2414476155] 0.003472
[2414485500] 0.004121
[2414494337] 0.004161
[2414498993] 0.004198
[2414507179] 0.004467
[2414516401] 0.005312
[2414523972] 0.006371
[2414529902] 0.006644
[2414538972] 0.006733
[2414545576] 0.006871
[2414555635] 0.007740
[2414563225] 0.008401
[2414568726] 0.008931
[2414575904] 0.009403
[2414584393] 0.009222
[2414591169] 0.009231
[2414599310] 0.009651
[2414611306] 0.010410
[2414617878] 0.010597
[2414622416] 0.010643
[2414629771] 0.010584
[2414643101] 0.010998
[2414647316] 0.011445
[2414653517] 0.011736
[2414663047] 0.011849
[2414671402] 0.012180
[2414676306] 0.012519
[2414686708] 0.012905
[2414692169] 0.012878
[2414701318] 0.012890
[2414707404] 0.013089
[2414715901] 0.013628
[2414722384] 0.013695
[2414732104] 0.013698
[2414739467] 0.013704
[2414746025] 0.014130
[2414752918] 0.014347
[2414763044] 0.014427
[2414768631] 0.014436
[2414776967] 0.014660
[2414784807] 0.015021
[2414794671] 0.015238
[2414799107] 0.015251
[2414808157] 0.015281
[2414816381] 0.015786
[2414824657] 0.016129
[2414830767] 0.016123
[2414839491] 0.016163
[2414845524] 0.016163
[2414855516] 0.017078
[2414864604] 0.017375
[2414869260] 0.017280
[2414876122] 0.017155
[2414886461] 0.017158
[2414892584] 0.017605
[2414899443] 0.018370
[2414907395] 0.018490
[2414915450] 0.018566
[2414922955] 0.018857
[2414930928] 0.019271
[2414941893] 0.019549
[2414946272] 0.019531
[2414952832] 0.019561
[2414964375] 0.020275
[2414968484] 0.020275
[2414975844] 0.021203
[2414986719] 0.021129
[2414991767] 0.021144
[2415001982] 0.021371
[2415007532] 0.021751
[2415015893] 0.023122
[2415022352] 0.023713
[2415032459] 0.024332
[2415038169] 0.024368
[2415045833] 0.024528
[2415053577] 0.024592
[2415066281] 0.025768
[2415070931] 0.026230
[2415075899] 0.026438
[2415084998] 0.026469
[2415094878] 0.026509
[2415099022] 0.027005
[2415107098] 0.027317
[2415115631] 0.027776
[2415124160] 0.027791
[2415130319] 0.027770
[2415139359] 0.027920
[2415145488] 0.028710
[2415155313] 0.029194
[2415163734] 0.029172
[2415168382] 0.028989
[2415176225] 0.028869
[2415184293] 0.029050
[2415192375] 0.029733
[2415199440] 0.029916
[2415206401] 0.029775
[2415214819] 0.029616
[2415221343] 0.029763
[2415229110] 0.030449
[2415238667] 0.030669
[2415245562] 0.030682
[2415252354] 0.030703
[2415264698] 0.031181
[2415271509] 0.031297
[2415275428] 0.031337
[2415285229] 0.031588
[2415292610] 0.032001
[2415301483] 0.033125
[2415308114] 0.033492
[2415316285] 0.033575
[2415322138] 0.033459
[2415332467] 0.033587
[2415339236] 0.033884
[2415345938] 0.035085
[2415353266] 0.035590
[2415363120] 0.035985
[2415369596] 0.036024
[2415376133] 0.036257
[2415385986] 0.036915
[2415395639] 0.037047
[2415400286] 0.036949
[2415407462] 0.036971
[2415415946] 0.037369
[2415423697] 0.037626
[2415429798] 0.037920
[2415440677] 0.037819
[2415445075] 0.037849
[2415455235] 0.038321
[2415463586] 0.038774
[2415468692] 0.039117
[2415475685] 0.039368
[2415486320] 0.039227
[2415492265] 0.039279
[2415499457] 0.039959
[2415507860] 0.040357
[2415514826] 0.040663
[2415522334] 0.040669
[2415529684] 0.040893
[2415542946] 0.041784
[2415547281] 0.042185
[2415553128] 0.042384
[2415563810] 0.042375
[2415568543] 0.042375
[2415576234] 0.042935
[2415585872] 0.043489
[2415593151] 0.044202
[2415600618] 0.044160
[2415607513] 0.044160
[2415615828] 0.044218
[2415622158] 0.044499
[2415632535] 0.044864
[2415641189] 0.044910
[2415646013] 0.044998
[2415653212] 0.045305
[2415663170] 0.045749
[2415669040] 0.045745
[2415675856] 0.045742
[2415684914] 0.046015
[2415694966] 0.046575
[2415699566] 0.046655
[2415707726] 0.046584
[2415716072] 0.046545
[2415723847] 0.046756
[2415729606] 0.047276
[2415739500] 0.047270
[2415745628] 0.047258
[2415755651] 0.047601
[2415763033] 0.047993
[2415769286] 0.048284
[2415776053] 0.048290
[2415786261] 0.048501
[2415792774] 0.048596
[2415799211] 0.048945
[2415807353] 0.049025
[2415815292] 0.049169
[2415822171] 0.049211
[2415829618] 0.049300
[2415839019] 0.049328
[2415845187] 0.049527
[2415853053] 0.049570
[2415863341] 0.049665
[2415868589] 0.049701
[2415876534] 0.049744
[2415884955] 0.049876
[2415892381] 0.049903
[2415900889] 0.049952
[2415907112] 0.049974
[2415916115] 0.050142
[2415922188] 0.050191
[2415931263] 0.050283
[2415939777] 0.050332
[2415945251] 0.050424
[2415952826] 0.050454
[2415962375] 0.050586
[2415968359] 0.050657
[2415975922] 0.050819
[2415984813] 0.050892
[2415994205] 0.050932
[2415998874] 0.050932
[2416006958] 0.051394
[2416017122] 0.051737
[2416024838] 0.051615
[2416029604] 0.051563
[2416039726] 0.051854
[2416045598] 0.052249
[2416055100] 0.052757
[2416063686] 0.052766
[2416068577] 0.052610
[2416076407] 0.052677
[2416084989] 0.053008
[2416093025] 0.053323
[2416099204] 0.053097
[2416107788] 0.052925
[2416114518] 0.053017
[2416122142] 0.053372
[2416129487] 0.053706
[2416142259] 0.053467
[2416146451] 0.053271
[2416152718] 0.053247
[2416163064] 0.053828
[2416168069] 0.053828
[2416176454] 0.054043
[2416185790] 0.054021
[2416193252] 0.054034
[2416200898] 0.054450
[2416207013] 0.054719
[2416215763] 0.054802
[2416222211] 0.054799
[2416231303] 0.055044
[2416239036] 0.055320
[2416246153] 0.055745
[2416252758] 0.055776
[2416262463] 0.056005
[2416268106] 0.056223
[2416275852] 0.056602
[2416284799] 0.056673
[2416294166] 0.056737
[2416298987] 0.056771
[2416307158] 0.056850
[2416316971] 0.056948
[2416324788] 0.057034
[2416330586] 0.057083
[2416338846] 0.057123
[2416344906] 0.057273
[2416354228] 0.057365
[2416361820] 0.057417
[2416368645] 0.057481
[2416376358] 0.057855
[2416384838] 0.057950
[2416393282] 0.057940
[2416399183] 0.058035
[2416407112] 0.058253
[2416414689] 0.058464
[2416422709] 0.058488
[2416430373] 0.058534
[2416442167] 0.059027
[2416446563] 0.059089
[2416452851] 0.059095
[2416464474] 0.059098
[2416470352] 0.059413
[2416476623] 0.059413
[2416485858] 0.059643
[2416493031] 0.059649
[2416501198] 0.060151
[2416508426] 0.060497
[2416516262] 0.060763
[2416522624] 0.060742
[2416532925] 0.060913
[2416538481] 0.061167
[2416546649] 0.061593
[2416552631] 0.061633
[2416562195] 0.061593
[2416568377] 0.061777
[2416576100] 0.062267
[2416585473] 0.062270
[2416594591] 0.062236
[2416598971] 0.062236
[2416612175] 0.062695
[2416616777] 0.062858
[2416624429] 0.062876
[2416630227] 0.062885
[2416639273] 0.062907
[2416645404] 0.063096
[2416655073] 0.063442
[2416663551] 0.063476
[2416668478] 0.063497
[2416676197] 0.063534
[2416684197] 0.063675
[2416692070] 0.064067
[2416699502] 0.064119
[2416709221] 0.064174
[2416717934] 0.064453
[2416722142] 0.064542
[2416730382] 0.064630
[2416741249] 0.064930
[2416745505] 0.065200
[2416752598] 0.065313
[2416762911] 0.065356
[2416771887] 0.065647
[2416776250] 0.065895
[2416785441] 0.065996
[2416792639] 0.066045
[2416800540] 0.066428
[2416808065] 0.066547
[2416815923] 0.066627
[2416822259] 0.066673
[2416831598] 0.067300
[2416836923] 0.067683
[2416845219] 0.067891
[2416853024] 0.067775
[2416866303] 0.067573
[2416870861] 0.067811
[2416876483] 0.068237
[2416885797] 0.069293
[2416894612] 0.069563
[2416898872] 0.069563
[2416906646] 0.069278
[2416915716] 0.069370
[2416923861] 0.069759
[2416929631] 0.070301
[2416939861] 0.070843
[2416944647] 0.070729
[2416954112] 0.070702
[2416962341] 0.070919
[2416969367] 0.071694
[2416975834] 0.071920
[2416987029] 0.071923
[2416993045] 0.071957
[2416999426] 0.072520
[2417006813] 0.072943
[2417015100] 0.073326
[2417022529] 0.073320
[2417030074] 0.073439
[2417038880] 0.073757
[2417045830] 0.074654
[2417053573] 0.074988
[2417063980] 0.074964
[2417068571] 0.074798
[2417076618] 0.074826
[2417087060] 0.075383
[2417092116] 0.075588
[2417101727] 0.075616
[2417108697] 0.075610
[2417116860] 0.075882
[2417122913] 0.076136
[2417131688] 0.076277
[2417137343] 0.076268
[2417145225] 0.076394
[2417152795] 0.076645
[2417166344] 0.076862
[2417170729] 0.076868
[2417176431] 0.076877
[2417185661] 0.077248
[2417195025] 0.077539
[2417199271] 0.077511
[2417207481] 0.077523
[2417216082] 0.077542
[2417224072] 0.077980
[2417230784] 0.078133
[2417239171] 0.078130
[2417245603] 0.078142
[2417255667] 0.078567
[2417261723] 0.078705
[2417268872] 0.078720
[2417276931] 0.078717
[2417284965] 0.078923
[2417291414] 0.079192
[2417299473] 0.079296
[2417308283] 0.079299
[2417317730] 0.079327
[2417322571] 0.079768
[2417330643] 0.080126
[2417339118] 0.080126
[2417345877] 0.080046
[2417353277] 0.080193
[2417362313] 0.081017
[2417370581] 0.081577
[2417376813] 0.081617
[2417388097] 0.081265
[2417392606] 0.081204
[2417400801] 0.081448
[2417406983] 0.081813
[2417416056] 0.082303
[2417422392] 0.082300
[2417431951] 0.082199
[2417437716] 0.082324
[2417445558] 0.082802
[2417452859] 0.082875
[2417467305] 0.082887
[2417471701] 0.083013
[2417475857] 0.083240
[2417485894] 0.083500
[2417495471] 0.083518
[2417499862] 0.083573
[2417507189] 0.083837
[2417515946] 0.084186
[2417524324] 0.084183
[2417530264] 0.084186
[2417539683] 0.084210
[2417546352] 0.084774
[2417554239] 0.084969
[2417563705] 0.084893
[2417569028] 0.084899
[2417576103] 0.084930
[2417584626] 0.085453
[2417592375] 0.085603
[2417599063] 0.085588
[2417607320] 0.085597
[2417615311] 0.085646
[2417622223] 0.086102
[2417629852] 0.086307
[2417638987] 0.086262
[2417645432] 0.086298
[2417652868] 0.086347
[2417662967] 0.086803
[2417670474] 0.086843
[2417676836] 0.086862
[2417685874] 0.086871
[2417693054] 0.086877
[2417700625] 0.087211
[2417706894] 0.087281
[2417715528] 0.087306
[2417722151] 0.087309
[2417732329] 0.087345
[2417740300] 0.087633
[2417745708] 0.087667
[2417754114] 0.087688
[2417762519] 0.087728
[2417768406] 0.087783
[2417776157] 0.087945
[2417785229] 0.087998
[2417794271] 0.088037
[2417799126] 0.088068
[2417807441] 0.088117
[2417815813] 0.088197
[2417824323] 0.088261
[2417830051] 0.088288
[2417840172] 0.088353
[2417846284] 0.088380
[2417853822] 0.088414
[2417863910] 0.088494
[2417868538] 0.088533
[2417876150] 0.088616
[2417884282] 0.088674
[2417892510] 0.088702
[2417898969] 0.088738
[2417907281] 0.088827
[2417914894] 0.088898
[2417922559] 0.088937
[2417929601] 0.088971
[2417941724] 0.089179
[2417945868] 0.089210
[2417953017] 0.089244
[2417963691] 0.089299
[2417968715] 0.089323
[2417976382] 0.089476
[2417986740] 0.089605
[2417991855] 0.089629
[2418001124] 0.089678
[2418007539] 0.089721
[2418015892] 0.089853
[2418022085] 0.089982
[2418031319] 0.090037
[2418039853] 0.090236
[2418045334] 0.090401
[2418053250] 0.090484
[2418062678] 0.090505
[2418068156] 0.090588
[2418075953] 0.090931
[2418085362] 0.091035
[2418094651] 0.091010
[2418099025] 0.091010
[2418106791] 0.091127
[2418117187] 0.091393
[2418125484] 0.091424
[2418129410] 0.091424
[2418139565] 0.091727
[2418145349] 0.091825
[2418155362] 0.091880
[2418162957] 0.091889
[2418168517] 0.091895
[2418176139] 0.092247
[2418184764] 0.092318
[2418192746] 0.092330
[2418198930] 0.092333
[2418206997] 0.092379
[2418214858] 0.092746
[2418222367] 0.092786
[2418230125] 0.092841
[2418242897] 0.092853
[2418247140] 0.093056
[2418253116] 0.093108
[2418263655] 0.093163
[2418268715] 0.093187
[2418275955] 0.093665
[2418285702] 0.093894
[2418291963] 0.093778
[2418301708] 0.093757
[2418308309] 0.093937
[2418316592] 0.094544
[2418322640] 0.094675
[2418332937] 0.094574
[2418338703] 0.094583
[2418346176] 0.095049
[2418353799] 0.095049
[2418363373] 0.096096
[2418369034] 0.096166
[2418375898] 0.095980
[2418387473] 0.095802
[2418394770] 0.096197
[2418398975] 0.096197
[2418407483] 0.097278
[2418415664] 0.098061
[2418423975] 0.098126
[2418430198] 0.097801
[2418439289] 0.097446
[2418445542] 0.097186
[2418455530] 0.097275
[2418464632] 0.098028
[2418469355] 0.097964
[2418475937] 0.097642
[2418483998] 0.097813
[2418491689] 0.098031
[2418499532] 0.098309
[2418507817] 0.098340
[2418518047] 0.098254
[2418522296] 0.098282
[2418529871] 0.098744
[2418541990] 0.098916
[2418546424] 0.098753
[2418553048] 0.098683
[2418563875] 0.098928
[2418568422] 0.099249
[2418576379] 0.099580
[2418584983] 0.099237
[2418592455] 0.099161
[2418600924] 0.099433
[2418607465] 0.099770
[2418615521] 0.100024
[2418622172] 0.099902
[2418631854] 0.099706
[2418640309] 0.100254
[2418645183] 0.100560
[2418652937] 0.100777
[2418662448] 0.100465
[2418668135] 0.100327
[2418676039] 0.100440
[2418684962] 0.100832
[2418694496] 0.100838
[2418698845] 0.100838
[2418707260] 0.100486
[2418715578] 0.100618
[2418724269] 0.101380
[2418730611] 0.101540
[2418738909] 0.101350
[2418745191] 0.101255
[2418754730] 0.101714
[2418762071] 0.101974
[2418769116] 0.102039
[2418775926] 0.101858
[2418783899] 0.101736
[2418791290] 0.101928
[2418799438] 0.102455
[2418808024] 0.102501
[2418817424] 0.102529
[2418823149] 0.102694
[2418829788] 0.103070
[2418842592] 0.103083
[2418846790] 0.103098
[2418852715] 0.103236
[2418863419] 0.103502
[2418868565] 0.103518
[2418876581] 0.103521
[2418885757] 0.103732
[2418892140] 0.103943
[2418901486] 0.103974
[2418908391] 0.103989
[2418916507] 0.104271
[2418922591] 0.104482
[2418931844] 0.104528
[2418939945] 0.104546
[2418945257] 0.104592
[2418953229] 0.104822
[2418962553] 0.105162
[2418968045] 0.105171
[2418976239] 0.105143
[2418986879] 0.105269
[2418994421] 0.105587
[2418999051] 0.105578
[2419008697] 0.105532
[2419016946] 0.105746
[2419025280] 0.106184
[2419029726] 0.106775
[2419039699] 0.106778
[2419045516] 0.106601
[2419055452] 0.106607
[2419064553] 0.106843
[2419069018] 0.107192
[2419076164] 0.107443
[2419083751] 0.107443
[2419092420] 0.107565
[2419098842] 0.107770
[2419106886] 0.108067
[2419117132] 0.108000
[2419122284] 0.108021
[2419130631] 0.108474
[2419138914] 0.108692
[2419146219] 0.108738
[2419154067] 0.108606
[2419163199] 0.108860
[2419168767] 0.109179
[2419177147] 0.109733
[2419185006] 0.109678
[2419192374] 0.109650
[2419200772] 0.109892
[2419207347] 0.110333
[2419215829] 0.110927
[2419222218] 0.111509
[2419232254] 0.111457
[2419239927] 0.111264
[2419246390] 0.111365
[2419252562] 0.111643
[2419262267] 0.112268
[2419268159] 0.112326
[2419276404] 0.112289
[2419291818] 0.112948
[2419296136] 0.113064
[2419300256] 0.113058
[2419307192] 0.113027
[2419316198] 0.113024
[2419323603] 0.113101
[2419331039] 0.113545
[2419339180] 0.113560
[2419345332] 0.113588
[2419354555] 0.113983
[2419362100] 0.114126
[2419368921] 0.114142
[2419375940] 0.114139
[2419383878] 0.114148
[2419392258] 0.114549
[2419399755] 0.114772
[2419407103] 0.114687
[2419417973] 0.114678
[2419422768] 0.114693
[2419430955] 0.114870
[2419439238] 0.115079
[2419445594] 0.115183
[2419452518] 0.115189
[2419463194] 0.115455
[2419468599] 0.115455
[2419475816] 0.115667
[2419485650] 0.115651
[2419491921] 0.115706
[2419501915] 0.115881
[2419507590] 0.115982
[2419515884] 0.116009
[2419522516] 0.116022
[2419532616] 0.116074
[2419540825] 0.116147
[2419545805] 0.116172
[2419553138] 0.116196
[2419561899] 0.116251
[2419568051] 0.116270
[2419576250] 0.116306
[2419585700] 0.116352
[2419595379] 0.116407
[2419599590] 0.116444
[2419608341] 0.116475
[2419616659] 0.116533
[2419624646] 0.116600
[2419630665] 0.116628
[2419639393] 0.116677
[2419645340] 0.116698
[2419654760] 0.116766
[2419663249] 0.116796
[2419668503] 0.116796
[2419676839] 0.116873
[2419685668] 0.116934
[2419693859] 0.116962
[2419699302] 0.117023
[2419707277] 0.117090
[2419715122] 0.117161
[2419722527] 0.117191
[2419729895] 0.117252
[2419741777] 0.117335
[2419746102] 0.117372
[2419753676] 0.117399
[2419763947] 0.117491
[2419768029] 0.117516
[2419776247] 0.117562
[2419785322] 0.117608
[2419792895] 0.117632
[2419800703] 0.117690
[2419807116] 0.117715
[2419816951] 0.117764
[2419823058] 0.117791
[2419831655] 0.117859
[2419839351] 0.117859
[2419845712] 0.117951
[2419853534] 0.117975
[2419863172] 0.118027
[2419869010] 0.118045
[2419877221] 0.118297
[2419884536] 0.118342
[2419894414] 0.118382
[2419899224] 0.118382
[2419908474] 0.118578
[2419916478] 0.118661
[2419924540] 0.118692
[2419930742] 0.118716
[2419939660] 0.118921
[2419945526] 0.118964
[2419955098] 0.119034
[2419962994] 0.119227
[2419968800] 0.119478
[2419977084] 0.119876
[2419986286] 0.119769
[2419993755] 0.119729
[2419999600] 0.120002
[2420007000] 0.120317
[2420014927] 0.120550
[2420022339] 0.120498
[2420029664] 0.120645
[2420043029] 0.121055
[2420047724] 0.121181
[2420053154] 0.121227
[2420063579] 0.121193
[2420068516] 0.121273
[2420076287] 0.121784
[2420085528] 0.121848
[2420092655] 0.121848
[2420100450] 0.121842
[2420106841] 0.122056
[2420115962] 0.122436
[2420122186] 0.122464
[2420131841] 0.122424
[2420139716] 0.122849
[2420146403] 0.123183
[2420153777] 0.123419
[2420162355] 0.123327
[2420168547] 0.123125
[2420175917] 0.123149
[2420186467] 0.123621
[2420194316] 0.123716
[2420199846] 0.123691
[2420207649] 0.123676
[2420215807] 0.124007
[2420223839] 0.124236
[2420229910] 0.124270
[2420239394] 0.124273
[2420245626] 0.124573
[2420255054] 0.124830
[2420263219] 0.124879
[2420269318] 0.124833
[2420275731] 0.124855
[2420285782] 0.125326
[2420294285] 0.125470
[2420299439] 0.125339
[2420306782] 0.125311
[2420314402] 0.125394
[2420322040] 0.125911
[2420330118] 0.126135
[2420342299] 0.126031
[2420346550] 0.126110
[2420352682] 0.126404
[2420364803] 0.127356
[2420370538] 0.127408
[2420376760] 0.127338
[2420384657] 0.126943
[2420392594] 0.126949
[2420401952] 0.127396
[2420408458] 0.127659
[2420416560] 0.127770
[2420422378] 0.127601
[2420431847] 0.127641
[2420440678] 0.128177
[2420445186] 0.128287
[2420452929] 0.128253
[2420462652] 0.128223
[2420468882] 0.128385
[2420476116] 0.129337
[2420484875] 0.129910
[2420494793] 0.129888
[2420498854] 0.129888
[2420507265] 0.130060
[2420515992] 0.130825
[2420524159] 0.131153
[2420529959] 0.131119
[2420539805] 0.130733
[2420546408] 0.130730
[2420554659] 0.131183
[2420563215] 0.131434
[2420569124] 0.131450
[2420575960] 0.131300
[2420585896] 0.131309
[2420592348] 0.131502
[2420598798] 0.131759
[2420606936] 0.131823
[2420615048] 0.131857
[2420621810] 0.132059
[2420629805] 0.132537
[2420639312] 0.132580
[2420645433] 0.132433
[2420652729] 0.132463
[2420663451] 0.132932
[2420668609] 0.133094
[2420676684] 0.133076
[2420686167] 0.133103
[2420691963] 0.133290
[2420701078] 0.133783
[2420707123] 0.133902
[2420716046] 0.133887
[2420722176] 0.133817
[2420731983] 0.134166
[2420740153] 0.134365
[2420746437] 0.134328
[2420752623] 0.134334
[2420762423] 0.134490
[2420768146] 0.134760
[2420776163] 0.134848
[2420785763] 0.134821
[2420793943] 0.134842
[2420799706] 0.135219
[2420808838] 0.135280
[2420817022] 0.135280
[2420824654] 0.135280
[2420830728] 0.135445
[2420839146] 0.135543
[2420845040] 0.135583
[2420854584] 0.135758
[2420864632] 0.135981
[2420868973] 0.136110
[2420876040] 0.136098
[2420886083] 0.136248
[2420894187] 0.136419
[2420900132] 0.136698
[2420907513] 0.136734
[2420915509] 0.136701
[2420922846] 0.136829
[2420933032] 0.137194
[2420942176] 0.137233
[2420946895] 0.137240
[2420952847] 0.137240
[2420964175] 0.137524
[2420968710] 0.137592
[2420977075] 0.137625
[2420984790] 0.137665
[2420992407] 0.137843
[2421000714] 0.137944
[2421007255] 0.137953
[2421016066] 0.137959
[2421022602] 0.138005
[2421031622] 0.138164
[2421039753] 0.138179
[2421045633] 0.138216
[2421052953] 0.138232
[2421062596] 0.138268
[2421068620] 0.138287
[2421076484] 0.138326
[2421085906] 0.138366
[2421094130] 0.138388
[2421100478] 0.138424
[2421107333] 0.138443
[2421115612] 0.138483
[2421123981] 0.138501
[2421130321] 0.138553
[2421140507] 0.138596
[2421145415] 0.138620
[2421154655] 0.138645
[2421162496] 0.138694
[2421169165] 0.138721
[2421176035] 0.138783
[2421184574] 0.138835
[2421192514] 0.138859
[2421199026] 0.138884
[2421207151] 0.138939
[2421214684] 0.138976
[2421222359] 0.139000
[2421230095] 0.139037
[2421241607] 0.139086
[2421245974] 0.139113
[2421252636] 0.139138
[2421262793] 0.139187
[2421268520] 0.139208
[2421276295] 0.139263
[2421284473] 0.139306
[2421292486] 0.139334
[2421301024] 0.139380
[2421307372] 0.139404
[2421315732] 0.139459
[2421322164] 0.139490
[2421332110] 0.139536
[2421339680] 0.139588
[2421345295] 0.139615
[2421353685] 0.139637
[2421363538] 0.139710
[2421368475] 0.139741
[2421376290] 0.139765
[2421385274] 0.139836
[2421394474] 0.139882
[2421398979] 0.139882
[2421407620] 0.139931
[2421416092] 0.140010
[2421423888] 0.140038
[2421429653] 0.140081
[2421440077] 0.140124
[2421445396] 0.140145
[2421454173] 0.140170
[2421462430] 0.140216
[2421469238] 0.140243
[2421476354] 0.140289
[2421484659] 0.140344
[2421492710] 0.140366
[2421499023] 0.140387
[2421507236] 0.140436
[2421515263] 0.140482
[2421522621] 0.140506
[2421530925] 0.140549
[2421539362] 0.140571
[2421546417] 0.140617
[2421552882] 0.140644
[2421563449] 0.140702
[2421568551] 0.140730
[2421576366] 0.140757
[2421585863] 0.140828
[2421592730] 0.140846
[2421600822] 0.140898
[2421607253] 0.140920
[2421616182] 0.141018
[2421622589] 0.141051
[2421632119] 0.141097
[2421638211] 0.141116
[2421645037] 0.141159
[2421652949] 0.141183
[2421666283] 0.141257
[2421670967] 0.141281
[2421677144] 0.141312
[2421684583] 0.141385
[2421694707] 0.141453
[2421698964] 0.141453
[2421707535] 0.141517
[2421715736] 0.141590
[2421723636] 0.141618
[2421730180] 0.141688
[2421739479] 0.141700
[2421746036] 0.141750
[2421754064] 0.141780
[2421763580] 0.141851
[2421768423] 0.141878
[2421776155] 0.141909
[2421785075] 0.141967
[2421792667] 0.141994
[2421799092] 0.142016
[2421806828] 0.142059
[2421814552] 0.142102
[2421821720] 0.142126
[2421830175] 0.142169
[2421843062] 0.142221
[2421847490] 0.142221
[2421853537] 0.142261
[2421862105] 0.142301
[2421870739] 0.142353
[2421876695] 0.142377
[2421886615] 0.142420
[2421892047] 0.142448
[2421901809] 0.142475
[2421908557] 0.142518
[2421916688] 0.142570
[2421923388] 0.142598
[2421931911] 0.142640
[2421937563] 0.142662
[2421945274] 0.142717
[2421953452] 0.142738
[2421963619] 0.142809
[2421968645] 0.142836
[2421976247] 0.142879
[2421986440] 0.142974
[2421994457] 0.143020
[2421999143] 0.143020
[2422007460] 0.143081
[2422015557] 0.143195
[2422024987] 0.143244
[2422030947] 0.143262
[2422039513] 0.143323
[2422045429] 0.143415
[2422054908] 0.143479
[2422063379] 0.143501
[2422068584] 0.143562
[2422076196] 0.143623
[2422084857] 0.143663
[2422093373] 0.143675
[2422099470] 0.143709
[2422107071] 0.143734
[2422114831] 0.143770
[2422137745] 0.143792
[2422144793] 0.143890
[2422149550] 0.143911
[2422158368] 0.143933
[2422166366] 0.143966
[2422174247] 0.143994
[2422180528] 0.144006
[2422190495] 0.144027
[2422196214] 0.144037
