[975015600] 0.000000
[975023189] 0.000000
[975032472] 0.000000
[975039505] 0.000000
[975046686] 0.000000
[975054004] 0.000000
[975063771] 0.000000
[975068648] 0.000000
[975076535] 0.000000
[975084519] 0.000000
[975094151] 0.000000
[975100155] 0.000000
[975108362] 0.000000
[975114937] 0.000000
[975124538] 0.000000
[975135072] 0.000000
[975140855] 0.000000
[975146150] 0.000000
[975154022] 0.000000
[975161796] 0.000000
[975168711] 0.000000
[975176672] 0.000000
[975184718] 0.000000
[975192359] 0.000000
[975199991] 0.000000
[975207629] 0.000000
[975215719] 0.000000
[975222517] 0.000000
[975234401] 0.000000
[975243663] 0.000000
[975248397] 0.000000
[975254504] 0.000000
[975261499] 0.000000
[975271527] 0.000000
[975276443] 0.000000
[975284712] 0.000000
[975292635] 0.000000
[975301502] 0.000000
[975307522] 0.000000
[975315533] 0.000000
[975322905] 0.000000
[975332495] 0.000000
[975338691] 0.000000
[975346845] 0.000000
[975353442] 0.000000
[975363329] 0.000000
[975369353] 0.000000
[975376995] 0.000000
[975384500] 0.000000
[975394366] 0.000000
[975400142] 0.000000
[975407715] 0.000000
[975415082] 0.000000
[975472209] 0.000000
[975476530] 0.000000
[975485564] 0.000000
[975491955] 0.000000
[975500212] 0.000000
[975508175] 0.000000
[975516506] 0.000000
[975522643] 0.000000
[975530338] 0.000000
[975540462] 0.000000
[975546113] 0.000000
[975554696] 0.000000
[975563449] 0.000000
[975570466] 0.000000
[975576956] 0.000000
[975588036] 0.000000
[975592572] 0.000000
[975601641] 0.000000
[975609016] 0.000000
[975616572] 0.000000
[975622676] 0.000000
[975632329] 0.000000
[975639286] 0.000000
[975647186] 0.000000
[975654471] 0.000004
[975662670] 0.000004
[975668523] 0.000004
[975676619] 0.000000
[975686280] 0.000000
[975694684] 0.000000
[975699791] 0.000004
[975708233] 0.000004
[975716835] 0.000004
[975724663] 0.000000
[975730849] 0.000000
[975737991] 0.000000
[975746939] 0.000004
[975754621] 0.000000
[975763560] 0.000004
[975769122] 0.000000
[975777078] 0.000000
[975784872] 0.000000
[975791766] 0.000000
[975799591] 0.000004
[975815789] 0.000000
[975819863] 0.000004
[975824177] 0.000000
[975840386] 0.000000
[975850568] 0.000000
[975854895] 0.000004
[975863972] 0.000004
[975871786] 0.000000
[975878022] 0.000004
[975887392] 0.000000
[975893725] 0.000004
[975904391] 0.000000
[975909984] 0.000004
[975917456] 0.000004
[975923928] 0.000000
[975934310] 0.000004
[975939503] 0.000000
[975948811] 0.000000
[975956563] 0.000000
[975964573] 0.000004
[975970666] 0.000004
[975979017] 0.000004
[975987930] 0.000004
[975994714] 0.000004
[976001059] 0.000004
[976010309] 0.000000
[976017961] 0.000004
[976026597] 0.000004
[976043794] 0.000004
[976050670] 0.000000
[976056727] 0.000004
[976064699] 0.000000
[976071107] 0.000000
[976081490] 0.000000
[976086673] 0.000000
[976094653] 0.000000
[976102571] 0.000000
[976114977] 0.000004
[976119529] 0.000000
[976125617] 0.000004
[976133876] 0.000000
[976143068] 0.000004
[976149593] 0.000004
[976158044] 0.000004
[976164924] 0.000004
[976173939] 0.000000
[976179012] 0.000004
[976188122] 0.000004
[976194176] 0.000004
[976204171] 0.000004
[976212831] 0.000004
[976217807] 0.000000
[976225416] 0.000000
[976235337] 0.000000
[976241086] 0.000000
[976249854] -0.000004
[976256661] 0.000000
[976267295] -0.000004
[976271364] 0.000000
[976279215] -0.000004
[976288220] -0.000004
[976295397] 0.000000
[976301923] -0.000007
[976311038] 0.000000
[976318325] 0.000000
[976325065] -0.000004
[976333296] 0.000000
[976340428] 0.000000
[976351928] 0.000000
[976357891] -0.000004
[976364663] 0.000000
[976371196] -0.000004
[976381033] 0.000000
[976389361] -0.000004
[976394448] 0.000000
[976402305] 0.000004
[976411173] 0.000004
[976417307] 0.000007
[976425122] 0.000004
[976433176] 0.000004
[976443254] 0.000000
[976448914] 0.000000
[976457007] -0.000004
[976464972] 0.000000
[976472647] 0.000000
[976478476] 0.000004
[976488409] 0.000004
[976494632] -0.000007
[976504462] 0.000004
[976510234] 0.000004
[976517802] 0.000004
[976525536] -0.000004
[976533656] 0.000000
[976540288] 0.000000
[976550112] 0.000000
[976556816] -0.000007
[976564931] -0.000004
[976571226] -0.000007
[976578990] -0.000004
[976587989] -0.000011
[976594743] -0.000004
[976601929] 0.000004
[976610812] 0.000000
[976620054] 0.000000
[976625291] 0.000000
[976633418] 0.000000
[976640356] -0.000004
[976653109] 0.000000
[976658501] 0.000000
[976664678] 0.000000
[976671178] 0.000000
[976680776] -0.000004
[976691345] -0.000004
[976695812] 0.000000
[976701950] -0.000004
[976711466] 0.000000
[976717545] -0.000004
[976725615] -0.000004
[976733009] -0.000007
[976745988] -0.000004
[976752113] -0.000004
[976756381] -0.000007
[976764478] -0.000004
[976772979] -0.000011
[976778813] -0.000007
[976787208] -0.000007
[976794507] -0.000007
[976804323] -0.000007
[976813147] -0.000004
[976817673] -0.000004
[976825829] -0.000007
[976833883] -0.000007
[976840418] -0.000007
[976848901] -0.000004
[976857307] -0.000004
[976864801] -0.000011
[976871451] -0.000011
[976879620] -0.000004
[976887402] -0.000011
[976894432] -0.000004
[976902204] -0.000007
[976911789] -0.000007
[976917780] -0.000004
[976924899] 0.000000
[976933445] -0.000004
[976940521] -0.000015
[976952354] -0.000007
[976957224] -0.000007
[976964458] -0.000004
[976971108] -0.000004
[976980470] -0.000007
[976989050] -0.000007
[976994668] -0.000011
[977002397] -0.000011
[977011938] -0.000011
[977017540] -0.000015
[977025455] -0.000015
[977033130] -0.000018
[977042197] -0.000018
[977050404] -0.000022
[977056061] -0.000015
[977064269] -0.000015
[977073400] -0.000026
[977079196] -0.000026
[977087656] -0.000029
[977094140] -0.000022
[977103752] -0.000022
[977112030] -0.000018
[977117281] -0.000018
[977125100] -0.000022
[977134782] -0.000026
[977141426] -0.000022
[977148647] -0.000022
[977157197] -0.000026
[977168089] -0.000022
[977172202] -0.000022
[977178804] -0.000026
[977187499] -0.000026
[977194594] -0.000022
[977202188] -0.000026
[977211317] -0.000018
[977218109] -0.000022
[977224926] -0.000026
[977233131] -0.000022
[977240421] -0.000026
[977252744] -0.000022
[977257803] -0.000026
[977264648] -0.000026
[977271262] -0.000022
[977281285] -0.000029
[977288769] -0.000026
[977294630] -0.000026
[977302448] -0.000026
[977311150] -0.000022
[977317326] -0.000026
[977325228] -0.000029
[977333443] -0.000022
[977342055] -0.000029
[977349860] -0.000026
[977358401] -0.000026
[977364977] -0.000029
[977373064] -0.000026
[977379034] -0.000026
[977387932] -0.000029
[977394528] -0.000029
[977404532] -0.000026
[977412910] -0.000029
[977417657] -0.000029
[977424878] -0.000029
[977434120] -0.000029
[977440586] -0.000029
[977449315] -0.000033
[977457855] -0.000029
[977465635] -0.000029
[977472459] -0.000033
[977478756] -0.000037
[977487776] -0.000037
[977494867] -0.000037
[977502076] -0.000037
[977511119] -0.000037
[977517915] -0.000037
[977525495] -0.000037
[977532603] -0.000037
[977541674] -0.000040
[977551969] -0.000040
[977557206] -0.000037
[977564883] -0.000037
[977570932] -0.000037
[977580878] -0.000040
[977586653] -0.000040
[977594382] -0.000037
[977602115] -0.000037
[977615586] -0.000040
[977619613] -0.000040
[977625597] -0.000040
[977633940] -0.000037
[977642128] -0.000037
[977650425] -0.000040
[977656322] -0.000040
[977665150] -0.000040
[977673377] -0.000040
[977679499] -0.000037
[977687960] -0.000037
[977694072] -0.000037
[977704108] -0.000037
[977712145] -0.000040
[977717374] -0.000040
[977724808] -0.000040
[977734574] -0.000040
[977741113] -0.000037
[977749323] -0.000037
[977756455] -0.000037
[977764288] -0.000040
[977771903] -0.000044
[977779563] -0.000040
[977787558] -0.000040
[977885111] -0.000040
[977889533] -0.000040
[977898282] -0.000040
[977904977] -0.000040
[977913586] -0.000040
[977920333] -0.000040
[977928140] -0.000040
[977937067] -0.000040
[977946345] -0.000040
[977951168] -0.000040
[977959372] -0.000040
[977967430] -0.000040
[977974167] -0.000040
[977982125] -0.000040
[977989670] -0.000040
[977997460] -0.000040
[978004838] -0.000040
[978012788] -0.000040
[978020523] -0.000040
[978040838] -0.000040
[978046109] -0.000040
[978052895] -0.000040
[978108855] -0.000040
[978113077] -0.000040
[978123414] -0.000040
[978129549] -0.000040
[978137154] -0.000040
[978187909] -0.000040
[978192126] -0.000040
[978200125] -0.000040
[978210310] -0.000040
[978217764] -0.000040
[978223954] -0.000040
[978230726] -0.000040
[978241294] -0.000040
[978246316] -0.000040
[978255423] -0.000040
[978263636] -0.000040
[978270590] -0.000040
[978276936] -0.000040
[978287492] -0.000040
[978292688] -0.000040
[978301465] -0.000040
[978307989] -0.000040
[978316492] -0.000033
[978323184] -0.000033
[978333237] -0.000037
[978338427] -0.000040
[978347403] -0.000037
[978355145] -0.000040
[978363234] -0.000037
[978369312] -0.000037
[978377193] -0.000037
[978386164] -0.000037
[978395369] -0.000037
[978399751] -0.000037
[978408313] -0.000037
[978416397] -0.000037
[978424665] -0.000037
[978430611] -0.000037
[978439268] -0.000040
[978447859] -0.000040
[978456236] -0.000040
[978462597] -0.000040
[978469756] -0.000040
[978477111] -0.000040
[978485845] -0.000040
[978493672] -0.000040
[978499899] -0.000037
[978507945] -0.000037
[978516236] -0.000037
[978523280] -0.000037
[978531792] -0.000040
[978540583] -0.000040
[978547540] -0.000040
[978554059] -0.000040
[978564101] -0.000037
[978570738] -0.000033
[978577166] -0.000037
[978585556] -0.000040
[978593245] -0.000037
[978601764] -0.000040
[978608835] -0.000040
[978616865] -0.000037
[978623081] -0.000040
[978633343] -0.000040
[978638927] -0.000037
[978647333] -0.000040
[978655318] -0.000037
[978662310] -0.000037
[978669641] -0.000040
[978676757] -0.000040
[978686655] -0.000040
[978695354] -0.000040
[978700149] -0.000044
[978708878] -0.000044
[978716682] -0.000040
[978723621] -0.000033
[978730579] -0.000040
[978739527] -0.000040
[978747491] -0.000040
[978757067] -0.000040
[978762455] -0.000037
[978769348] -0.000040
[978777130] -0.000037
[978786237] -0.000040
[978792917] -0.000040
[978799609] -0.000033
[978807727] -0.000033
[978815498] -0.000033
[978823375] -0.000033
[978831407] -0.000022
[978840130] -0.000033
[978846685] -0.000033
[978855154] -0.000033
[978863189] -0.000033
[978871956] -0.000033
[978876825] -0.000037
[978887146] -0.000029
[978892337] -0.000026
[978902824] -0.000033
[978912930] -0.000026
[978917366] -0.000026
[978923382] -0.000029
[978932907] -0.000022
[978939274] -0.000026
[978946435] -0.000026
[978954470] -0.000029
[978964371] -0.000022
[978969518] -0.000022
[978977723] -0.000026
[978985426] -0.000026
[978994470] -0.000022
[979000518] -0.000026
[979008134] -0.000029
[979016139] -0.000015
[979024348] -0.000018
[979031091] -0.000026
[979039505] -0.000026
[979047798] -0.000026
[979055326] -0.000022
[979062345] -0.000026
[979069144] -0.000029
[979077268] -0.000026
[979085920] -0.000029
[979092834] -0.000026
[979100880] -0.000018
[979107687] -0.000022
[979115255] -0.000022
[979123684] -0.000022
[979130662] -0.000026
[979140747] -0.000029
[979147253] -0.000026
[979154569] -0.000029
[979162446] -0.000037
[979170859] -0.000037
[979177291] -0.000033
[979185864] -0.000029
[979192809] -0.000033
[979202487] -0.000026
[979209246] -0.000026
[979216539] -0.000029
[979223157] -0.000029
[979232731] -0.000029
[979239100] -0.000033
[979247173] -0.000029
[979254655] -0.000033
[979263414] -0.000033
[979269430] -0.000033
[979276706] -0.000029
[979286920] -0.000033
[979295297] -0.000029
[979300319] -0.000033
[979308771] -0.000029
[979316124] -0.000033
[979324381] -0.000033
[979330690] -0.000033
[979339617] -0.000029
[979347541] -0.000033
[979353925] -0.000037
[979362488] -0.000033
[979369099] -0.000033
[979377003] -0.000037
[979385585] -0.000033
[979393115] -0.000033
[979400140] -0.000037
[979408033] -0.000033
[979415870] -0.000033
[979422990] -0.000037
[979431076] -0.000037
[979441734] -0.000033
[979447263] -0.000033
[979453808] -0.000033
[979463027] -0.000040
[979471103] -0.000040
[979476989] -0.000040
[979486191] -0.000037
[979492089] -0.000037
[979501672] -0.000037
[979508356] -0.000040
[979515575] -0.000048
[979523136] -0.000044
[979532763] -0.000044
[979538590] -0.000044
[979547856] -0.000044
[979554069] -0.000044
[979564971] -0.000044
[979569227] -0.000048
[979577048] -0.000048
[979586524] -0.000048
[979593768] -0.000044
[979600250] -0.000048
[979608989] -0.000048
[979615960] -0.000048
[979623716] -0.000044
[979630581] -0.000044
[979638862] -0.000044
[979646802] -0.000044
[979654552] -0.000048
[979662226] -0.000048
[979669304] -0.000048
[979677221] -0.000048
[979684664] -0.000048
[979692252] -0.000048
[979700433] -0.000048
[979711181] -0.000048
[979716856] -0.000044
[979723113] -0.000044
[979731099] -0.000048
[979741658] -0.000048
[979747143] -0.000048
[979753523] -0.000044
[979763095] -0.000048
[979771272] -0.000048
[979777243] -0.000044
[979786484] -0.000048
[979793071] -0.000044
[979801196] -0.000044
[979808039] -0.000044
[979815639] -0.000044
[979823431] -0.000044
[979833310] -0.000048
[979838574] -0.000044
[979847558] -0.000044
[979854105] -0.000048
[979864873] -0.000048
[979869252] -0.000044
[979877221] -0.000044
[979886283] -0.000048
[979894083] -0.000048
[979900032] -0.000048
[979908372] -0.000048
[979915613] -0.000051
[979923282] -0.000051
[979931273] -0.000051
[979939000] -0.000051
[979946706] -0.000051
[979954495] -0.000051
[979962084] -0.000051
[979968822] -0.000051
[979976699] -0.000051
[979984512] -0.000051
[979992258] -0.000051
[979999952] -0.000055
[980010908] -0.000055
[980016204] -0.000051
[980022867] -0.000051
[980030713] -0.000055
[980040671] -0.000055
[980047096] -0.000055
[980053776] -0.000055
[980062901] -0.000062
[980071017] -0.000059
[980077210] -0.000059
[980085226] -0.000059
[980092314] -0.000059
[980101999] -0.000062
[980108872] -0.000062
[980116144] -0.000062
[980123311] -0.000062
[980133838] -0.000062
[980138539] -0.000062
[980147952] -0.000062
[980153936] -0.000062
[980165850] -0.000062
[980170136] -0.000062
[980176732] -0.000062
[980186470] -0.000059
[980193779] -0.000062
[980199568] -0.000062
[980207733] -0.000059
[980215550] -0.000062
[980223547] -0.000062
[980230832] -0.000059
[980239379] -0.000062
[980247159] -0.000062
[980253519] -0.000062
[980262565] -0.000059
[980268861] -0.000059
[980276521] -0.000070
[980284180] -0.000062
[980292054] -0.000062
[980299692] -0.000062
[980308045] -0.000062
[980315897] -0.000062
[980322625] -0.000062
[980331202] -0.000070
[980341277] -0.000066
[980346945] -0.000066
[980353855] -0.000066
[980363273] -0.000066
[980371260] -0.000081
[980377262] -0.000073
[980387012] -0.000073
[980393237] -0.000073
[980401101] -0.000077
[980408402] -0.000077
[980415898] -0.000073
[980423091] -0.000073
[980433120] -0.000077
[980439602] -0.000077
[980447216] -0.000077
[980453537] -0.000073
[980465144] -0.000077
[980469242] -0.000077
[980476918] -0.000073
[980486607] -0.000073
[980494100] -0.000073
[980499844] -0.000073
[980508750] -0.000077
[980515796] -0.000077
[980523543] -0.000077
[980531223] -0.000077
[980539834] -0.000081
[980546761] -0.000081
[980554274] -0.000077
[980562528] -0.000077
[980569033] -0.000081
[980576599] -0.000077
[980584629] -0.000077
[980592537] -0.000077
[980600131] -0.000081
[980610781] -0.000081
[980616385] -0.000077
[980622628] -0.000077
[980630754] -0.000081
[980641459] -0.000077
[980646911] -0.000077
[980653864] -0.000077
[980663188] -0.000081
[980671430] -0.000081
[980677191] -0.000081
[980686131] -0.000077
[980692747] -0.000077
[980701060] -0.000077
[980708530] -0.000081
[980715622] -0.000081
[980723731] -0.000081
[980733207] -0.000081
[980738056] -0.000077
[980747709] -0.000077
[980753803] -0.000081
[980766126] -0.000081
[980770437] -0.000077
[980776758] -0.000077
[980785920] -0.000077
[980794547] -0.000077
[980800196] -0.000081
[980808367] -0.000084
[980815465] -0.000081
[980823340] -0.000081
[980831268] -0.000081
[980838778] -0.000081
[980847264] -0.000081
[980854748] -0.000084
[980862013] -0.000084
[980868943] -0.000084
[980877484] -0.000084
[980885246] -0.000084
[980891928] -0.000084
[980899699] -0.000084
[980911435] -0.000084
[980916932] -0.000084
[980922938] -0.000084
[980930784] -0.000084
[980940903] -0.000088
[980947228] -0.000088
[980953842] -0.000084
[980963003] -0.000084
[980970646] -0.000084
[980976652] -0.000084
[980985516] -0.000095
[980992541] -0.000088
[981002436] -0.000092
[981009177] -0.000092
[981016157] -0.000088
[981023019] -0.000088
[981032128] -0.000092
[981038487] -0.000092
[981047558] -0.000088
[981053700] -0.000088
[981065983] -0.000092
[981070163] -0.000092
[981076626] -0.000092
[981086275] -0.000088
[981094721] -0.000092
[981099693] -0.000092
[981108209] -0.000092
[981115490] -0.000092
[981123264] -0.000092
[981131268] -0.000088
[981138168] -0.000088
[981147209] -0.000092
[981153717] -0.000088
[981162525] -0.000088
[981169213] -0.000092
[981177379] -0.000092
[981185055] -0.000088
[981192679] -0.000088
[981200360] -0.000092
[981211183] -0.000092
[981216809] -0.000088
[981222663] -0.000088
[981230498] -0.000088
[981242060] -0.000088
[981247481] -0.000088
[981253710] -0.000088
[981263067] -0.000088
[981270767] -0.000088
[981276709] -0.000095
[981286372] -0.000088
[981293261] -0.000088
[981301277] -0.000092
[981308061] -0.000092
[981315299] -0.000092
[981322833] -0.000092
[981332653] -0.000092
[981338986] -0.000088
[981347213] -0.000092
[981353870] -0.000092
[981366188] -0.000088
[981370310] -0.000092
[981376611] -0.000092
[981386020] -0.000092
[981393604] -0.000088
[981399653] -0.000088
[981408392] -0.000088
[981415460] -0.000092
[981423181] -0.000092
[981431280] -0.000095
[981438597] -0.000092
[981448229] -0.000092
[981454835] -0.000095
[981462190] -0.000092
[981469029] -0.000092
[981477324] -0.000092
[981485315] -0.000092
[981492154] -0.000092
[981499547] -0.000095
[981508168] -0.000095
[981516378] -0.000095
[981523027] -0.000095
[981530760] -0.000095
[981540256] -0.000095
[981547666] -0.000095
[981554069] -0.000092
[981562104] -0.000092
[981571167] -0.000092
[981577034] -0.000095
[981586777] -0.000092
[981592571] -0.000092
[981601958] -0.000095
[981608688] -0.000095
[981615464] -0.000092
[981623232] -0.000092
[981633198] -0.000092
[981638469] -0.000095
[981647183] -0.000095
[981653891] -0.000095
[981665624] -0.000095
[981669548] -0.000092
[981677310] -0.000092
[981686283] -0.000092
[981693850] -0.000095
[981699734] -0.000092
[981708852] -0.000092
[981715799] -0.000095
[981723587] -0.000092
[981730372] -0.000092
[981738089] -0.000092
[981747237] -0.000092
[981753937] -0.000095
[981762764] -0.000095
[981769062] -0.000095
[981777030] -0.000092
[981784843] -0.000092
[981792336] -0.000095
[981799861] -0.000095
[981810800] -0.000092
[981816651] -0.000092
[981822749] -0.000092
[981830431] -0.000095
[981841122] -0.000095
[981847013] -0.000095
[981854191] -0.000092
[981861822] -0.000092
[981870874] -0.000092
[981877288] -0.000092
[981886919] -0.000092
[981892362] -0.000092
[981901605] -0.000095
[981907852] -0.000095
[981915557] -0.000092
[981923279] -0.000092
[981932939] -0.000095
[981938929] -0.000099
[981946726] -0.000095
[981954027] -0.000095
[981964917] -0.000095
[981968998] -0.000095
[981976997] -0.000095
[981986239] -0.000099
[981994053] -0.000099
[981999830] -0.000095
[982007920] -0.000095
[982015322] -0.000099
[982023044] -0.000099
[982031077] -0.000099
[982038673] -0.000099
[982047003] -0.000095
[982054163] -0.000099
[982062393] -0.000099
[982069409] -0.000095
[982077411] -0.000095
[982085320] -0.000095
[982092869] -0.000095
[982100360] -0.000099
[982108389] -0.000099
[982116861] -0.000095
[982123187] -0.000095
[982131133] -0.000099
[982140595] -0.000103
[982148515] -0.000099
[982153908] -0.000099
[982162373] -0.000099
[982170928] -0.000103
[982176815] -0.000106
[982186076] -0.000103
[982193298] -0.000103
[982201148] -0.000103
[982207955] -0.000103
[982215799] -0.000106
[982223630] -0.000110
[982233541] -0.000106
[982238340] -0.000106
[982247853] -0.000106
[982253775] -0.000110
[982266189] -0.000110
[982270272] -0.000110
[982276756] -0.000110
[982285823] -0.000114
[982294585] -0.000110
[982300305] -0.000110
[982308668] -0.000110
[982315756] -0.000114
[982323868] -0.000114
[982330554] -0.000114
[982338124] -0.000114
[982347568] -0.000114
[982354117] -0.000117
[982362458] -0.000117
[982369009] -0.000114
[982376817] -0.000114
[982384495] -0.000114
[982392663] -0.000114
[982400126] -0.000117
[982411259] -0.000121
[982416550] -0.000117
[982422835] -0.000117
[982430440] -0.000121
[982440514] -0.000121
[982447251] -0.000121
[982453808] -0.000121
[982462056] -0.000121
[982470601] -0.000121
[982477129] -0.000121
[982485804] -0.000121
[982492786] -0.000121
[982501419] -0.000121
[982507956] -0.000121
[982515321] -0.000117
[982523293] -0.000117
[982533266] -0.000117
[982537990] -0.000117
[982546562] -0.000125
[982553879] -0.000121
[982566310] -0.000121
[982570113] -0.000121
[982576543] -0.000121
[982585490] -0.000121
[982594077] -0.000121
[982600120] -0.000121
[982608823] -0.000121
[982615634] -0.000121
[982623739] -0.000121
[982631026] -0.000121
[982638406] -0.000125
[982647492] -0.000125
[982654125] -0.000125
[982662273] -0.000125
[982669522] -0.000125
[982677569] -0.000125
[982685461] -0.000121
[982692355] -0.000125
[982699993] -0.000132
[982711232] -0.000125
[982716723] -0.000125
[982722654] -0.000125
[982730411] -0.000128
[982740369] -0.000128
[982748037] -0.000128
[982754273] -0.000128
[982762144] -0.000125
[982770793] -0.000128
[982776820] -0.000136
[982786118] -0.000132
[982792839] -0.000132
[982802048] -0.000128
[982808630] -0.000128
[982815430] -0.000132
[982823274] -0.000132
[982832396] -0.000132
[982838639] -0.000128
[982847790] -0.000132
[982854019] -0.000132
[982865395] -0.000128
[982869674] -0.000128
[982877422] -0.000128
[982885351] -0.000132
[982894011] -0.000128
[982900140] -0.000128
[982908441] -0.000128
[982915401] -0.000132
[982923024] -0.000132
[982930884] -0.000132
[982938588] -0.000128
[982946839] -0.000128
[982953792] -0.000136
[982962376] -0.000132
[982968938] -0.000132
[982976770] -0.000132
[982984501] -0.000128
[982992162] -0.000128
[982999974] -0.000132
[983010947] -0.000132
[983016772] -0.000132
[983022980] -0.000128
[983031546] -0.000128
[983040546] -0.000128
[983047476] -0.000136
[983053672] -0.000132
[983062881] -0.000128
[983071157] -0.000128
[983077230] -0.000128
[983086934] -0.000132
[983092785] -0.000136
[983102128] -0.000132
[983109207] -0.000132
[983116434] -0.000132
[983123212] -0.000132
[983132823] -0.000128
[983139073] -0.000139
[983147340] -0.000136
[983153839] -0.000136
[983166153] -0.000136
[983169913] -0.000136
[983176545] -0.000136
[983185864] -0.000136
[983193568] -0.000136
[983199833] -0.000136
[983208049] -0.000136
[983215454] -0.000136
[983223147] -0.000136
[983230964] -0.000139
[983239009] -0.000139
[983246744] -0.000139
[983254119] -0.000139
[983262251] -0.000139
[983269028] -0.000139
[983276884] -0.000139
[983284667] -0.000139
[983292344] -0.000139
[983299772] -0.000139
[983308030] -0.000139
[983315825] -0.000139
[983322997] -0.000143
[983331410] -0.000147
[983339711] -0.000147
[983347154] -0.000147
[983353608] -0.000147
[983362880] -0.000147
[983370817] -0.000147
[983376979] -0.000147
[983386023] -0.000147
[983392483] -0.000150
[983401700] -0.000150
[983408078] -0.000150
[983415704] -0.000150
[983423005] -0.000150
[983432732] -0.000154
[983438836] -0.000150
[983446394] -0.000150
[983453708] -0.000154
[983465229] -0.000154
[983469336] -0.000154
[983476916] -0.000154
[983485767] -0.000154
[983494336] -0.000154
[983500344] -0.000154
[983508693] -0.000154
[983515336] -0.000154
[983523029] -0.000154
[983530875] -0.000154
[983538838] -0.000154
[983546663] -0.000154
[983554156] -0.000154
[983563045] -0.000154
[983569087] -0.000154
[983576550] -0.000154
[983584454] -0.000154
[983592126] -0.000154
[983599766] -0.000154
[983607750] -0.000154
[983616425] -0.000154
[983622721] -0.000154
[983630370] -0.000154
[983640534] -0.000154
[983648106] -0.000154
[983654584] -0.000154
[983661943] -0.000154
[983670632] -0.000154
[983676577] -0.000154
[983685483] -0.000154
[983692262] -0.000154
[983701909] -0.000154
[983708511] -0.000154
[983715383] -0.000154
[983722937] -0.000154
[983732389] -0.000154
[983738527] -0.000154
[983747015] -0.000154
[983753645] -0.000154
[983764442] -0.000154
[983769177] -0.000154
[983776794] -0.000154
[983785770] -0.000158
[983794533] -0.000158
[983800045] -0.000158
[983808037] -0.000158
[983815919] -0.000154
[983824088] -0.000158
[983830723] -0.000158
[983838367] -0.000158
[983847355] -0.000158
[983855746] -0.000154
[983863389] -0.000154
[983869469] -0.000154
[983876879] -0.000154
[983884387] -0.000154
[983891893] -0.000154
[983899808] -0.000158
[983911134] -0.000158
[983916938] -0.000158
[983922697] -0.000158
[983930731] -0.000154
[983940610] -0.000154
[983947492] -0.000158
[983953739] -0.000158
[983963043] -0.000158
[983970943] -0.000154
[983976606] -0.000154
[983985653] -0.000154
[983992501] -0.000158
[984001885] -0.000158
[984008705] -0.000158
[984015954] -0.000158
[984023003] -0.000158
[984032094] -0.000158
[984038204] -0.000158
[984047140] -0.000158
[984053810] -0.000158
[984065714] -0.000158
[984069620] -0.000161
[984076906] -0.000161
[984085771] -0.000158
[984094380] -0.000161
[984100394] -0.000161
[984108742] -0.000161
[984115563] -0.000161
[984123451] -0.000161
[984131032] -0.000158
[984138572] -0.000161
[984147336] -0.000161
[984153671] -0.000161
[984162439] -0.000158
[984168906] -0.000158
[984176804] -0.000158
[984184555] -0.000161
[984191995] -0.000161
[984199514] -0.000161
[984207647] -0.000158
[984215945] -0.000158
[984222654] -0.000158
[984230761] -0.000161
[984240943] -0.000161
[984246976] -0.000158
[984253861] -0.000161
[984262847] -0.000158
[984271235] -0.000158
[984277458] -0.000161
[984285598] -0.000161
[984292400] -0.000161
[984301654] -0.000158
[984308508] -0.000158
[984315508] -0.000158
[984322998] -0.000158
[984332764] -0.000161
[984338636] -0.000161
[984347275] -0.000158
[984353585] -0.000158
[984365620] -0.000158
[984369637] -0.000158
[984377121] -0.000161
[984385965] -0.000161
[984394385] -0.000161
[984400381] -0.000161
[984408911] -0.000165
[984415952] -0.000161
[984423818] -0.000161
[984430778] -0.000161
[984438517] -0.000161
[984448030] -0.000161
[984454790] -0.000165
[984462560] -0.000165
[984469149] -0.000165
[984477061] -0.000165
[984484935] -0.000165
[984492391] -0.000165
[984499916] -0.000165
[984507949] -0.000165
[984515815] -0.000165
[984522668] -0.000165
[984530469] -0.000165
[984541173] -0.000165
[984546941] -0.000165
[984553913] -0.000165
[984562996] -0.000165
[984571124] -0.000165
[984577102] -0.000165
[984586255] -0.000165
[984592331] -0.000165
[984601889] -0.000165
[984608485] -0.000165
[984615641] -0.000165
[984623309] -0.000165
[984633019] -0.000165
[984639098] -0.000165
[984646772] -0.000165
[984653426] -0.000165
[984665077] -0.000165
[984669129] -0.000165
[984676774] -0.000165
[984686205] -0.000165
[984694182] -0.000165
[984699854] -0.000165
[984708357] -0.000165
[984715160] -0.000165
[984722877] -0.000165
[984730490] -0.000165
[984738156] -0.000165
[984747082] -0.000165
[984753604] -0.000165
[984762793] -0.000165
[984769087] -0.000165
[984776665] -0.000165
[984784155] -0.000165
[984791918] -0.000165
[984799623] -0.000165
[984807729] -0.000165
[984815819] -0.000165
[984823537] -0.000165
[984830712] -0.000165
[984840324] -0.000165
[984846713] -0.000165
[984853786] -0.000165
[984861910] -0.000165
[984870638] -0.000165
[984876978] -0.000165
[984886356] -0.000165
[984893099] -0.000165
[984901850] -0.000165
[984908492] -0.000165
[984915658] -0.000165
[984923294] -0.000165
[984932803] -0.000165
[984939407] -0.000165
[984947096] -0.000165
[984953602] -0.000165
[984965471] -0.000165
[984969426] -0.000165
[984977056] -0.000165
[984985827] -0.000169
[984994074] -0.000169
[984999675] -0.000169
[985007731] -0.000169
[985015398] -0.000169
[985023556] -0.000172
[985031056] -0.000172
[985038861] -0.000172
[985047602] -0.000172
[985055452] -0.000172
[985062417] -0.000172
[985069104] -0.000172
[985076678] -0.000172
[985084383] -0.000172
[985092146] -0.000172
[985099980] -0.000172
[985110702] -0.000172
[985116628] -0.000172
[985122770] -0.000172
[985130540] -0.000172
[985140275] -0.000172
[985147730] -0.000172
[985154039] -0.000176
[985163047] -0.000176
[985170959] -0.000176
[985176892] -0.000176
[985185850] -0.000176
[985192348] -0.000180
[985201900] -0.000180
[985208370] -0.000176
[985215594] -0.000176
[985223259] -0.000176
[985233070] -0.000180
[985238897] -0.000180
[985247509] -0.000180
[985254177] -0.000180
[985264668] -0.000180
[985268981] -0.000180
[985276682] -0.000176
[985285488] -0.000176
[985294351] -0.000180
[985300125] -0.000180
[985308531] -0.000176
[985315317] -0.000180
[985323150] -0.000180
[985331429] -0.000176
[985338186] -0.000180
[985347084] -0.000180
[985353722] -0.000180
[985362799] -0.000176
[985368991] -0.000176
[985376562] -0.000176
[985384251] -0.000180
[985392414] -0.000180
[985399857] -0.000180
[985411298] -0.000176
[985416614] -0.000176
[985423002] -0.000176
[985430809] -0.000180
[985440576] -0.000180
[985447032] -0.000176
[985453743] -0.000176
[985462727] -0.000176
[985470976] -0.000183
[985476970] -0.000180
[985485815] -0.000180
[985492516] -0.000180
[985501857] -0.000180
[985508306] -0.000180
[985515216] -0.000180
[985523037] -0.000180
[985532788] -0.000180
[985538736] -0.000180
[985546801] -0.000180
[985553676] -0.000183
[985565697] -0.000180
[985569685] -0.000180
[985577476] -0.000180
[985585273] -0.000183
[985594077] -0.000183
[985600175] -0.000183
[985608630] -0.000183
[985615710] -0.000183
[985623516] -0.000183
[985631148] -0.000183
[985638941] -0.000183
[985646715] -0.000180
[985653914] -0.000183
[985662728] -0.000183
[985668861] -0.000183
[985676653] -0.000180
[985684355] -0.000180
[985691948] -0.000180
[985699681] -0.000183
[985707753] -0.000183
[985716156] -0.000183
[985722708] -0.000180
[985730589] -0.000180
[985740717] -0.000180
[985746984] -0.000183
[985753464] -0.000183
[985763250] -0.000180
[985770362] -0.000180
[985776678] -0.000180
[985785775] -0.000183
[985792634] -0.000183
[985802271] -0.000180
[985808945] -0.000180
[985815859] -0.000180
[985823615] -0.000183
[985832505] -0.000183
[985838381] -0.000183
[985846957] -0.000183
[985854492] -0.000180
[985866042] -0.000183
[985869886] -0.000180
[985876583] -0.000180
[985885320] -0.000180
[985894361] -0.000180
[985900075] -0.000183
[985908141] -0.000183
[985915753] -0.000183
[985923942] -0.000180
[985930711] -0.000183
[985939053] -0.000183
[985946633] -0.000183
[985953636] -0.000183
[985962734] -0.000180
[985968869] -0.000180
[985976838] -0.000180
[985984597] -0.000180
[985991889] -0.000180
[985999574] -0.000180
[986007784] -0.000180
[986015875] -0.000180
[986022717] -0.000183
[986030846] -0.000183
[986041171] -0.000183
[986046825] -0.000183
[986053560] -0.000183
[986062272] -0.000180
[986070331] -0.000180
[986076632] -0.000180
[986084965] -0.000180
[986092236] -0.000183
[986101669] -0.000183
[986108221] -0.000183
[986115460] -0.000183
[986122916] -0.000183
[986132615] -0.000180
[986138377] -0.000183
[986147332] -0.000180
[986153817] -0.000180
[986165655] -0.000180
[986169609] -0.000180
[986177078] -0.000180
[986185612] -0.000183
[986194148] -0.000183
[986200336] -0.000183
[986208509] -0.000183
[986215433] -0.000183
[986223177] -0.000183
[986231227] -0.000187
[986238632] -0.000183
[986247152] -0.000183
[986254033] -0.000187
[986262651] -0.000183
[986268911] -0.000183
[986276506] -0.000183
[986284308] -0.000187
[986291936] -0.000187
[986299814] -0.000187
[986310910] -0.000187
[986315787] -0.000183
[986323644] -0.000187
[986331126] -0.000187
[986340973] -0.000187
[986346966] -0.000183
[986353659] -0.000183
[986362704] -0.000183
[986370323] -0.000183
[986376793] -0.000183
[986385784] -0.000187
[986392409] -0.000183
[986402580] -0.000187
[986408323] -0.000187
[986415752] -0.000187
[986423612] -0.000187
[986432974] -0.000187
[986438953] -0.000183
[986446747] -0.000183
[986453620] -0.000183
[986465328] -0.000183
[986469202] -0.000183
[986476793] -0.000183
[986485409] -0.000183
[986494322] -0.000183
[986499924] -0.000183
[986508287] -0.000187
[986515629] -0.000187
[986523421] -0.000187
[986531058] -0.000187
[986538671] -0.000187
[986550446] -0.000187
[986554612] -0.000187
[986562210] -0.000187
[986569365] -0.000183
[986576783] -0.000183
[986584348] -0.000183
[986591838] -0.000187
[986599538] -0.000187
[986610476] -0.000187
[986616514] -0.000183
[986623052] -0.000183
[986630598] -0.000183
[986640793] -0.000187
[986646895] -0.000183
[986653671] -0.000183
[986662445] -0.000187
[986670461] -0.000183
[986676701] -0.000187
[986685095] -0.000187
[986692344] -0.000187
[986701555] -0.000183
[986708143] -0.000183
[986715350] -0.000187
[986723404] -0.000187
[986733241] -0.000187
[986738760] -0.000187
[986746669] -0.000187
[986754083] -0.000183
[986766201] -0.000183
[986770597] -0.000183
[986776877] -0.000183
[986786048] -0.000183
[986793060] -0.000187
[986799548] -0.000183
[986807732] -0.000183
[986815373] -0.000183
[986823590] -0.000183
[986831103] -0.000187
[986838831] -0.000183
[986846691] -0.000183
[986854182] -0.000187
[986862351] -0.000183
[986868928] -0.000183
[986876463] -0.000183
[986884317] -0.000187
[986892052] -0.000187
[986899550] -0.000187
[986907598] -0.000187
[986915932] -0.000183
[986922852] -0.000187
[986930549] -0.000187
[986941099] -0.000187
[986946982] -0.000183
[986953804] -0.000183
[986963069] -0.000183
[986971071] -0.000183
[986977232] -0.000183
[986986311] -0.000187
[986992608] -0.000187
[987002327] -0.000183
[987009342] -0.000183
[987016428] -0.000183
[987023180] -0.000187
[987032282] -0.000187
[987038433] -0.000187
[987048432] -0.000187
[987054596] -0.000183
[987064786] -0.000183
[987069128] -0.000187
[987076968] -0.000187
[987086409] -0.000187
[987093673] -0.000187
[987100304] -0.000183
[987109244] -0.000183
[987116070] -0.000183
[987123899] -0.000183
[987130407] -0.000183
[987138363] -0.000183
[987150373] -0.000183
[987154769] -0.000183
[987162273] -0.000183
[987168931] -0.000183
[987176800] -0.000183
[987184518] -0.000187
[987192196] -0.000187
[987199650] -0.000183
[987210094] -0.000183
[987216030] -0.000187
[987223007] -0.000187
[987230597] -0.000183
[987240453] -0.000183
[987247051] -0.000187
[987254019] -0.000187
[987262794] -0.000183
[987270351] -0.000183
[987276919] -0.000187
[987285724] -0.000187
[987292534] -0.000183
[987301956] -0.000183
[987308629] -0.000183
[987315563] -0.000187
[987323253] -0.000187
[987332944] -0.000183
[987338922] -0.000183
[987347070] -0.000187
[987353881] -0.000187
[987366057] -0.000183
[987370148] -0.000183
[987377112] -0.000183
[987385490] -0.000187
[987393699] -0.000187
[987399523] -0.000187
[987408172] -0.000183
[987415641] -0.000183
[987423584] -0.000187
[987431508] -0.000187
[987438188] -0.000187
[987450010] -0.000187
[987454205] -0.000187
[987462319] -0.000183
[987468993] -0.000183
[987476460] -0.000183
[987484333] -0.000183
[987491966] -0.000183
[987499561] -0.000187
[987510138] -0.000187
[987515434] -0.000187
[987523012] -0.000183
[987530410] -0.000183
[987539929] -0.000183
[987547178] -0.000187
[987553560] -0.000183
[987562756] -0.000183
[987570928] -0.000183
[987576849] -0.000187
[987585616] -0.000187
[987591979] -0.000187
[987601576] -0.000183
[987608345] -0.000183
[987615664] -0.000187
[987623484] -0.000187
[987632193] -0.000187
[987638302] -0.000183
[987647556] -0.000183
[987653599] -0.000183
[987664603] -0.000183
[987669240] -0.000183
[987676927] -0.000183
[987686672] -0.000187
[987693760] -0.000187
[987699470] -0.000187
[987707983] -0.000187
[987715261] -0.000183
[987723194] -0.000183
[987730970] -0.000187
[987738832] -0.000183
[987746727] -0.000183
[987753696] -0.000183
[987762592] -0.000183
[987769155] -0.000187
[987776933] -0.000187
[987784681] -0.000187
[987792639] -0.000187
[987800448] -0.000187
[987813105] -0.000187
[987817505] -0.000187
[987823263] -0.000187
[987831242] -0.000187
[987840372] -0.000187
[987847749] -0.000187
[987856470] -0.000187
[987863041] -0.000187
[987871672] -0.000187
[987877036] -0.000183
[987885972] -0.000183
[987892722] -0.000183
[987902733] -0.000187
[987908747] -0.000187
[987915763] -0.000183
[987923147] -0.000183
[987932808] -0.000187
[987939644] -0.000187
[987947320] -0.000187
[987954658] -0.000183
[987964170] -0.000183
[987969296] -0.000183
[987976851] -0.000183
[987985815] -0.000187
[987993062] -0.000187
[987999899] -0.000183
[988009069] -0.000183
[988016196] -0.000187
[988023671] -0.000187
[988030720] -0.000183
[988039579] -0.000183
[988047635] -0.000183
[988054406] -0.000183
[988062488] -0.000187
[988068915] -0.000183
[988076643] -0.000183
[988085513] -0.000187
[988092382] -0.000187
[988100516] -0.000187
[988109444] -0.000187
[988115249] -0.000187
[988122882] -0.000187
[988130799] -0.000187
[988141274] -0.000187
[988147614] -0.000187
[988154689] -0.000187
[988162747] -0.000187
[988171009] -0.000187
[988176785] -0.000191
[988186569] -0.000191
[988192617] -0.000187
[988201803] -0.000187
[988208936] -0.000191
[988215934] -0.000191
[988223692] -0.000187
[988232332] -0.000191
[988239031] -0.000191
[988246651] -0.000191
[988254261] -0.000191
[988262294] -0.000191
[988269203] -0.000187
[988276960] -0.000187
[988286829] -0.000187
[988293464] -0.000187
[988299614] -0.000187
[988309114] -0.000187
[988316156] -0.000187
[988324035] -0.000191
[988330603] -0.000191
[988339626] -0.000187
[988347646] -0.000187
[988354382] -0.000191
[988362366] -0.000191
[988369254] -0.000187
[988377003] -0.000187
[988384913] -0.000191
[988392547] -0.000191
[988400305] -0.000187
[988411233] -0.000187
[988417160] -0.000187
[988423162] -0.000191
[988431158] -0.000191
[988440369] -0.000191
[988447266] -0.000187
[988455002] -0.000187
[988463104] -0.000191
[988471194] -0.000187
[988476954] -0.000187
[988486500] -0.000187
[988493021] -0.000191
[988501276] -0.000191
[988508439] -0.000191
[988515748] -0.000187
[988523061] -0.000187
[988539290] -0.000191
[988545956] -0.000187
[988550651] -0.000187
[988554984] -0.000187
[988565731] -0.000187
[988570024] -0.000191
[988577187] -0.000191
[988585893] -0.000191
[988593748] -0.000191
[988599586] -0.000191
[988608687] -0.000191
[988615951] -0.000187
[988623871] -0.000187
[988630649] -0.000191
[988639349] -0.000187
[988650646] -0.000187
[988655387] -0.000187
[988664152] -0.000187
[988669379] -0.000187
[988677045] -0.000191
[988685963] -0.000187
[988693045] -0.000187
[988700106] -0.000187
[988709851] -0.000187
[988715076] -0.000191
[988723239] -0.000191
[988731051] -0.000191
[988743280] -0.000187
[988748866] -0.000187
[988754209] -0.000187
[988762406] -0.000187
[988770565] -0.000191
[988776827] -0.000191
[988786391] -0.000191
[988792243] -0.000191
[988801696] -0.000191
[988809362] -0.000191
[988816350] -0.000191
[988822715] -0.000191
[988832936] -0.000191
[988839811] -0.000191
[988848866] -0.000191
[988854133] -0.000191
[988863785] -0.000191
[988869698] -0.000191
[988877321] -0.000191
[988932523] -0.000191
[988937466] -0.000194
[988946423] -0.000194
[988953054] -0.000194
[988959975] -0.000194
[988967699] -0.000194
[988975653] -0.000194
[988984073] -0.000194
[988990476] -0.000194
[988998215] -0.000194
[989005927] -0.000194
[989056116] -0.000194
[989060889] -0.000191
[989071344] -0.000191
[989075645] -0.000191
[989083877] -0.000191
[989091647] -0.000191
[989100633] -0.000191
[989106916] -0.000191
[989114810] -0.000191
[989122669] -0.000191
[989130713] -0.000191
[989137655] -0.000191
[989146851] -0.000191
[989153138] -0.000191
[989163204] -0.000191
[989168390] -0.000191
[989176453] -0.000191
[989183813] -0.000191
[989241337] -0.000191
[989250299] -0.000194
[989255470] -0.000194
[989263519] -0.000194
[989269302] -0.000194
[989276606] -0.000194
[989284307] -0.000194
[989292032] -0.000194
[989299651] -0.000194
[989309322] -0.000194
[989315329] -0.000191
[989323125] -0.000191
[989341432] -0.000191
[989347339] -0.000191
[989354165] -0.000191
[989362216] -0.000191
[989370343] -0.000191
[989376505] -0.000194
[989385771] -0.000194
[989392252] -0.000194
[989401583] -0.000191
[989408571] -0.000191
[989415940] -0.000191
[989422833] -0.000194
[989432535] -0.000194
[989438806] -0.000194
[989446888] -0.000194
[989453919] -0.000191
[989463787] -0.000191
[989469569] -0.000191
[989476908] -0.000191
[989485830] -0.000191
[989492733] -0.000191
[989499695] -0.000191
[989508232] -0.000191
[989515250] -0.000191
[989522966] -0.000191
[989531221] -0.000191
[989538577] -0.000191
[989547304] -0.000191
[989553664] -0.000191
[989563745] -0.000194
[989568999] -0.000194
[989576819] -0.000194
[989586616] -0.000194
[989592321] -0.000194
[989600320] -0.000194
[989607062] -0.000194
[989615122] -0.000194
[989622934] -0.000194
[989631092] -0.000191
[989642313] -0.000191
[989648829] -0.000191
[989653297] -0.000194
[989661968] -0.000194
[989670263] -0.000191
[989676263] -0.000191
[989685299] -0.000191
[989692880] -0.000191
[989700869] -0.000194
[989707969] -0.000194
[989715749] -0.000194
[989723164] -0.000194
[989734678] -0.000191
[989739402] -0.000191
[989747473] -0.000194
[989753763] -0.000194
[989766940] -0.000191
[989771609] -0.000191
[989776279] -0.000191
[989786272] -0.000191
[989793045] -0.000194
[989799525] -0.000194
[989809946] -0.000191
[989815627] -0.000191
[989823681] -0.000194
[989830435] -0.000194
[989839213] -0.000191
[989847759] -0.000191
[989855114] -0.000191
[989863424] -0.000191
[989869056] -0.000191
[989878908] -0.000194
[989885666] -0.000194
[989892381] -0.000194
[989900621] -0.000194
[989909021] -0.000194
[989915067] -0.000191
[989923523] -0.000191
[989930404] -0.000191
[989941460] -0.000194
[989948254] -0.000194
[989954047] -0.000194
[989962779] -0.000191
[989971678] -0.000191
[989976288] -0.000194
[989985947] -0.000191
[989991880] -0.000191
[990001333] -0.000194
[990008316] -0.000194
[990015587] -0.000194
[990022468] -0.000194
[990033231] -0.000191
[990038668] -0.000191
[990047888] -0.000191
[990053692] -0.000194
[990066388] -0.000191
[990073382] -0.000191
[990077330] -0.000191
[990085606] -0.000194
[990093197] -0.000194
[990099391] -0.000191
[990108521] -0.000191
[990115517] -0.000191
[990123439] -0.000194
[990130797] -0.000194
[990138249] -0.000194
[990147414] -0.000191
[990154394] -0.000191
[990162510] -0.000191
[990169277] -0.000191
[990176987] -0.000191
[990185656] -0.000194
[990192802] -0.000194
[990199375] -0.000194
[990252657] -0.000194
[990256946] -0.000194
[990264815] -0.000194
[990321076] -0.000194
[990325635] -0.000191
[990334125] -0.000191
[990341184] -0.000191
[990350823] -0.000191
[990356342] -0.000191
[990364164] -0.000191
[990372273] -0.000191
[990379195] -0.000194
[990386882] -0.000194
[990394708] -0.000194
[990402576] -0.000194
[990410464] -0.000194
[990419690] -0.000194
[990425320] -0.000194
[990440303] -0.000194
[990445680] -0.000194
[990451735] -0.000194
[990456042] -0.000194
[990463487] -0.000194
[990471272] -0.000194
[990481660] -0.000194
[990487377] -0.000194
[990495013] -0.000194
[990549073] -0.000194
[990554361] -0.000191
[990561413] -0.000191
[990571573] -0.000191
[990576444] -0.000191
[990584255] -0.000191
[990591928] -0.000191
[990601737] -0.000191
[990607757] -0.000191
[990615549] -0.000191
[990622449] -0.000191
[990632560] -0.000191
[990638012] -0.000191
[990647873] -0.000191
[990653573] -0.000191
[990663099] -0.000191
[990669198] -0.000191
[990676474] -0.000194
[990686564] -0.000194
[990693096] -0.000194
[990699485] -0.000194
[990707236] -0.000194
[990715236] -0.000194
[990723091] -0.000194
[990730691] -0.000191
[990738428] -0.000194
[990746359] -0.000191
[990753441] -0.000191
[990762464] -0.000191
[990768639] -0.000191
[990776441] -0.000191
[990783959] -0.000194
[990791845] -0.000194
[990799730] -0.000194
[990810406] -0.000191
[990816148] -0.000191
[990822571] -0.000194
[990830445] -0.000194
[990840147] -0.000194
[990847169] -0.000191
[990853852] -0.000194
[990861568] -0.000194
[990870192] -0.000194
[990876171] -0.000191
[990885208] -0.000191
[990891918] -0.000194
[990901223] -0.000194
[990907897] -0.000194
[990915122] -0.000191
[990922689] -0.000191
[990932514] -0.000194
[990938276] -0.000194
[990947317] -0.000194
[990954046] -0.000191
[990963951] -0.000191
[990968673] -0.000191
[990976211] -0.000194
[990984741] -0.000194
[990993646] -0.000191
[990999312] -0.000191
[991007915] -0.000191
[991015019] -0.000194
[991023052] -0.000191
[991030713] -0.000191
[991037781] -0.000191
[991046942] -0.000191
[991054829] -0.000191
[991062145] -0.000191
[991068561] -0.000191
[991076177] -0.000191
[991084144] -0.000191
[991091612] -0.000194
[991099296] -0.000194
[991107340] -0.000191
[991115743] -0.000191
[991122310] -0.000194
[991130062] -0.000194
[991139732] -0.000194
[991147387] -0.000191
[991153652] -0.000191
[991161608] -0.000191
[991170220] -0.000191
[991176308] -0.000191
[991185138] -0.000194
[991192065] -0.000194
[991201883] -0.000194
[991208399] -0.000194
[991215407] -0.000191
[991223074] -0.000191
[991232946] -0.000191
[991237700] -0.000194
[991246866] -0.000194
[991253045] -0.000194
[991265540] -0.000194
[991269901] -0.000194
[991276456] -0.000191
[991285175] -0.000191
[991294034] -0.000191
[991299942] -0.000191
[991308650] -0.000191
[991315794] -0.000194
[991323638] -0.000194
[991330239] -0.000194
[991338725] -0.000194
[991346603] -0.000191
[991353224] -0.000191
[991362267] -0.000191
[991368763] -0.000191
[991376532] -0.000194
[991384574] -0.000194
[991392121] -0.000194
[991399947] -0.000191
[991410236] -0.000191
[991416238] -0.000191
[991422329] -0.000191
[991430139] -0.000194
[991439921] -0.000191
[991446780] -0.000187
[991453576] -0.000191
[991462463] -0.000194
[991470229] -0.000191
[991476164] -0.000191
[991484621] -0.000191
[991491852] -0.000191
[991501145] -0.000191
[991507441] -0.000191
[991514914] -0.000191
[991523263] -0.000191
[991532241] -0.000194
[991538452] -0.000194
[991546355] -0.000191
[991553184] -0.000191
[991564936] -0.000194
[991568927] -0.000194
[991576522] -0.000194
[991585143] -0.000191
[991593257] -0.000191
[991599123] -0.000194
[991607546] -0.000194
[991615116] -0.000194
[991622969] -0.000191
[991630751] -0.000191
[991638698] -0.000194
[991646491] -0.000191
[991653177] -0.000191
[991662595] -0.000194
[991668926] -0.000194
[991676664] -0.000191
[991684348] -0.000191
[991691943] -0.000191
[991699524] -0.000191
[991711019] -0.000194
[991716073] -0.000194
[991722881] -0.000194
[991730560] -0.000194
[991740306] -0.000194
[991746594] -0.000194
[991753108] -0.000191
[991762285] -0.000191
[991770141] -0.000191
[991776385] -0.000191
[991784755] -0.000194
[991791734] -0.000194
[991801369] -0.000194
[991808142] -0.000194
[991815188] -0.000194
[991822790] -0.000194
[991832371] -0.000191
[991838173] -0.000191
[991846850] -0.000191
[991853415] -0.000191
[991864113] -0.000194
[991868473] -0.000194
[991876538] -0.000191
[991884935] -0.000191
[991893527] -0.000191
[991899705] -0.000194
[991907881] -0.000194
[991914916] -0.000194
[991922582] -0.000194
[991930159] -0.000191
[991938004] -0.000191
[991949440] -0.000191
[991953626] -0.000194
[991961847] -0.000191
[991968563] -0.000191
[991976412] -0.000191
[991983968] -0.000194
[991991490] -0.000194
[991999242] -0.000194
[992009969] -0.000194
[992015345] -0.000191
[992023098] -0.000191
[992030572] -0.000194
[992041284] -0.000191
[992046780] -0.000191
[992053174] -0.000194
[992113273] -0.000191
[992117149] -0.000191
[992125120] -0.000191
[992133024] -0.000191
[992141500] -0.000191
[992148551] -0.000191
[992156298] -0.000191
[992164136] -0.000191
[992171679] -0.000191
[992179369] -0.000191
[992188898] -0.000191
[992194758] -0.000191
[992202572] -0.000191
[992210202] -0.000191
[992219569] -0.000191
[992225665] -0.000191
[992233388] -0.000191
[992241128] -0.000191
[992250166] -0.000191
[992256069] -0.000191
[992263961] -0.000191
[992271446] -0.000191
[992280593] -0.000191
[992286402] -0.000191
[992294411] -0.000191
[992302206] -0.000191
[992312106] -0.000194
[992318322] -0.000194
[992325127] -0.000194
[992332664] -0.000194
[992342863] -0.000194
[992348870] -0.000194
[992357095] -0.000194
[992363907] -0.000194
[992373456] -0.000194
[992379307] -0.000194
[992432235] -0.000194
[992436588] -0.000191
[992445129] -0.000191
[992452249] -0.000191
[992463305] -0.000191
[992467468] -0.000191
[992475289] -0.000191
[992483683] -0.000191
[992540753] -0.000191
[992545942] -0.000191
[992553669] -0.000191
[992561735] -0.000191
[992568662] -0.000191
[992576699] -0.000194
[992583742] -0.000194
[992591063] -0.000194
[992598780] -0.000194
[992610032] -0.000191
[992615618] -0.000191
[992621783] -0.000191
[992629506] -0.000194
[992639115] -0.000194
[992646937] -0.000191
[992653073] -0.000191
[992660869] -0.000191
[992669664] -0.000191
[992675495] -0.000194
[992684068] -0.000194
[992690983] -0.000194
[992700232] -0.000194
[992706752] -0.000191
[992714915] -0.000191
[992722340] -0.000191
[992732508] -0.000191
[992737435] -0.000194
[992746729] -0.000194
[992753051] -0.000194
[992765063] -0.000194
[992769290] -0.000194
[992776029] -0.000194
[992784362] -0.000194
[992792787] -0.000191
[992798898] -0.000191
[992807065] -0.000191
[992814781] -0.000191
[992822564] -0.000191
[992830222] -0.000191
[992837834] -0.000191
[992846775] -0.000191
[992853468] -0.000191
[992860782] -0.000194
[992867989] -0.000194
[992875774] -0.000194
[992883327] -0.000194
[992891076] -0.000194
[992898952] -0.000194
[992906752] -0.000194
[992915109] -0.000191
[992922243] -0.000191
[992930008] -0.000194
[992939538] -0.000194
[992946963] -0.000194
[992953274] -0.000191
[992961289] -0.000191
[992969815] -0.000191
[992975536] -0.000194
[992983811] -0.000191
[992991333] -0.000191
[993001144] -0.000194
[993007601] -0.000194
[993014579] -0.000191
[993022419] -0.000191
[993031394] -0.000191
[993037225] -0.000194
[993046873] -0.000191
[993053149] -0.000191
[993064732] -0.000194
[993068715] -0.000194
[993076076] -0.000191
[993085204] -0.000194
[993092770] -0.000191
[993098502] -0.000191
[993106640] -0.000194
[993114713] -0.000191
[993122777] -0.000194
[993129463] -0.000191
[993137144] -0.000194
[993146079] -0.000191
[993154337] -0.000194
[993161781] -0.000194
[993168267] -0.000194
[993176121] -0.000191
[993183537] -0.000191
[993190891] -0.000194
[993198595] -0.000191
[993206851] -0.000194
[993214862] -0.000194
[993221854] -0.000194
[993229570] -0.000191
[993239027] -0.000191
[993246206] -0.000194
[993252890] -0.000194
[993261806] -0.000191
[993269797] -0.000191
[993275683] -0.000194
[993283959] -0.000194
[993291490] -0.000194
[993300929] -0.000191
[993307555] -0.000191
[993314366] -0.000194
[993322125] -0.000194
[993331106] -0.000191
[993337088] -0.000191
[993346200] -0.000194
[993352927] -0.000194
[993363932] -0.000194
[993368158] -0.000194
[993376139] -0.000191
[993384756] -0.000191
[993393106] -0.000191
[993398973] -0.000191
[993407230] -0.000194
[993414897] -0.000194
[993423047] -0.000191
[993429455] -0.000191
[993437011] -0.000194
[993446615] -0.000191
[993452849] -0.000191
[993461833] -0.000194
[993467838] -0.000191
[993475668] -0.000194
[993483602] -0.000194
[993491262] -0.000194
[993498917] -0.000194
[993506792] -0.000194
[993515134] -0.000194
[993521659] -0.000194
[993529625] -0.000194
[993538935] -0.000191
[993546451] -0.000194
[993552992] -0.000194
[993562238] -0.000194
[993570423] -0.000191
[993576465] -0.000191
[993584205] -0.000194
[993591355] -0.000191
[993600912] -0.000191
[993607867] -0.000191
[993615262] -0.000194
[993621798] -0.000194
[993631304] -0.000191
[993637016] -0.000191
[993646219] -0.000194
[993652807] -0.000194
[993663908] -0.000191
[993668197] -0.000194
[993676041] -0.000191
[993684469] -0.000191
[993693291] -0.000191
[993699195] -0.000194
[993707595] -0.000191
[993714746] -0.000191
[993722767] -0.000191
[993729453] -0.000194
[993738377] -0.000194
[993746384] -0.000191
[993752739] -0.000194
[993761859] -0.000194
[993768216] -0.000194
[993776086] -0.000191
[993783583] -0.000194
[993791008] -0.000191
[993799108] -0.000191
[993810152] -0.000191
[993815742] -0.000194
[993821627] -0.000194
[993829350] -0.000191
[993839169] -0.000191
[993846035] -0.000194
[993852908] -0.000194
[993862394] -0.000191
[993870076] -0.000194
[993876141] -0.000191
[993885400] -0.000191
[993891716] -0.000191
[993901525] -0.000191
[993907240] -0.000194
[993914575] -0.000194
[993922668] -0.000194
[993931675] -0.000191
[993937293] -0.000191
[993946452] -0.000191
[993952860] -0.000191
[993965120] -0.000194
[993969060] -0.000194
[993975615] -0.000194
[993984935] -0.000194
[993993176] -0.000191
[993999141] -0.000191
[994007993] -0.000191
[994015107] -0.000194
[994022983] -0.000194
[994029442] -0.000191
[994037325] -0.000191
[994046646] -0.000194
[994053320] -0.000191
[994062327] -0.000191
[994068331] -0.000191
[994076061] -0.000194
[994084082] -0.000194
[994091325] -0.000191
[994098883] -0.000194
[994110340] -0.000194
[994115527] -0.000191
[994121779] -0.000191
[994130111] -0.000194
[994138919] -0.000194
[994146582] -0.000194
[994152856] -0.000191
[994162245] -0.000191
[994170277] -0.000194
[994176184] -0.000194
[994184951] -0.000191
[994191627] -0.000194
[994200918] -0.000194
[994207922] -0.000194
[994214876] -0.000191
[994221672] -0.000194
[994231328] -0.000194
[994237469] -0.000191
[994246820] -0.000191
[994252947] -0.000191
[994264759] -0.000194
[994268806] -0.000194
[994276114] -0.000191
[994285068] -0.000191
[994293536] -0.000194
[994299289] -0.000191
[994307147] -0.000194
[994314751] -0.000194
[994322810] -0.000191
[994329379] -0.000191
[994337292] -0.000191
[994346415] -0.000194
[994353190] -0.000191
[994362641] -0.000191
[994368771] -0.000191
[994376201] -0.000191
[994383755] -0.000191
[994391548] -0.000191
[994399399] -0.000191
[994409764] -0.000194
[994415566] -0.000194
[994422050] -0.000191
[994429516] -0.000191
[994438738] -0.000191
[994446282] -0.000191
[994453425] -0.000194
[994461366] -0.000191
[994469969] -0.000191
[994475977] -0.000191
[994484092] -0.000191
[994491387] -0.000191
[994500491] -0.000194
[994507287] -0.000191
[994514558] -0.000191
[994522357] -0.000194
[994531344] -0.000194
[994537605] -0.000194
[994546380] -0.000191
[994552550] -0.000191
[994564635] -0.000194
[994568831] -0.000194
[994575723] -0.000191
[994584513] -0.000191
[994592645] -0.000191
[994598605] -0.000194
[994606931] -0.000194
[994614844] -0.000191
[994622861] -0.000191
[994629483] -0.000194
[994637404] -0.000194
[994646671] -0.000191
[994654058] -0.000191
[994661103] -0.000194
[994668263] -0.000194
[994675915] -0.000194
[994684062] -0.000191
[994691756] -0.000191
[994699583] -0.000194
[994710440] -0.000194
[994715930] -0.000194
[994721774] -0.000191
[994729313] -0.000194
[994738783] -0.000194
[994746430] -0.000191
[994752563] -0.000191
[994762149] -0.000194
[994770097] -0.000191
[994776113] -0.000191
[994784774] -0.000191
[994791419] -0.000194
[994800652] -0.000194
[994807176] -0.000194
[994814783] -0.000191
[994822412] -0.000191
[994832104] -0.000194
[994838047] -0.000191
[994846378] -0.000191
[994853202] -0.000191
[994864735] -0.000191
[994868728] -0.000191
[994876363] -0.000191
[994884100] -0.000194
[994893305] -0.000191
[994898997] -0.000191
[994907113] -0.000194
[994914474] -0.000194
[994922169] -0.000191
[994929857] -0.000191
[994937548] -0.000191
[994946243] -0.000194
[994953295] -0.000194
[994961235] -0.000191
[994968359] -0.000191
[994976158] -0.000191
[994983926] -0.000191
[994991422] -0.000191
[994999589] -0.000194
[995010535] -0.000191
[995015960] -0.000191
[995021783] -0.000194
[995029586] -0.000194
[995039436] -0.000194
[995046018] -0.000191
[995052929] -0.000191
[995061826] -0.000191
[995070031] -0.000194
[995075885] -0.000194
[995084679] -0.000191
[995091618] -0.000191
[995100660] -0.000194
[995107092] -0.000194
[995114538] -0.000191
[995122434] -0.000191
[995131560] -0.000191
[995137298] -0.000194
[995146789] -0.000194
[995152980] -0.000194
[995164236] -0.000194
[995168626] -0.000194
[995176389] -0.000191
[995184287] -0.000191
[995193018] -0.000191
[995198847] -0.000194
[995206968] -0.000194
[995214809] -0.000191
[995222933] -0.000191
[995229521] -0.000194
[995237361] -0.000194
[995246656] -0.000191
[995253158] -0.000194
[995262167] -0.000194
[995268642] -0.000191
[995276196] -0.000191
[995283930] -0.000191
[995291552] -0.000194
[995299410] -0.000191
[995310448] -0.000191
[995316174] -0.000194
[995322114] -0.000194
[995330054] -0.000191
[995340338] -0.000191
[995346194] -0.000194
[995352791] -0.000191
[995362542] -0.000191
[995370645] -0.000191
[995375565] -0.000194
[995383951] -0.000194
[995391211] -0.000191
[995401567] -0.000191
[995407239] -0.000194
[995414567] -0.000194
[995422089] -0.000191
[995431026] -0.000194
[995437087] -0.000194
[995446671] -0.000191
[995453156] -0.000191
[995463765] -0.000191
[995468033] -0.000194
[995475989] -0.000191
[995485028] -0.000191
[995492704] -0.000194
[995498850] -0.000194
[995507366] -0.000191
[995514384] -0.000194
[995521933] -0.000194
[995529753] -0.000194
[995537346] -0.000191
[995546106] -0.000194
[995553792] -0.000194
[995561001] -0.000191
[995568328] -0.000191
[995575775] -0.000194
[995583798] -0.000194
[995591508] -0.000191
[995598903] -0.000191
[995610178] -0.000194
[995615800] -0.000194
[995622041] -0.000191
[995629881] -0.000191
[995639943] -0.000194
[995645880] -0.000191
[995652936] -0.000191
[995661764] -0.000191
[995669542] -0.000194
[995675632] -0.000191
[995684522] -0.000191
[995691513] -0.000191
[995701085] -0.000191
[995707473] -0.000191
[995714213] -0.000194
[995722384] -0.000194
[995731846] -0.000194
[995737906] -0.000191
[995745870] -0.000191
[995752671] -0.000194
[995764668] -0.000191
[995768663] -0.000191
[995776334] -0.000194
[995784192] -0.000194
[995792832] -0.000191
[995798557] -0.000194
[995806902] -0.000194
[995814962] -0.000191
[995823015] -0.000194
[995829611] -0.000191
[995837049] -0.000194
[995845522] -0.000194
[995855406] -0.000191
[995861106] -0.000191
[995867943] -0.000194
[995875474] -0.000194
[995883798] -0.000194
[995891396] -0.000191
[995899141] -0.000194
[995906847] -0.000194
[995914917] -0.000191
[995921896] -0.000191
[995930051] -0.000194
[995940619] -0.000194
[995945859] -0.000191
[995952490] -0.000191
[995961579] -0.000194
[995969480] -0.000194
[995975613] -0.000191
[995984757] -0.000191
[995991422] -0.000194
[996001237] -0.000191
[996007834] -0.000191
[996014823] -0.000194
[996022099] -0.000194
[996031811] -0.000191
[996037855] -0.000191
[996045898] -0.000194
[996052627] -0.000194
[996064370] -0.000194
[996068452] -0.000194
[996075988] -0.000194
[996084838] -0.000191
[996093490] -0.000191
[996099310] -0.000194
[996107671] -0.000194
[996114608] -0.000191
[996122574] -0.000191
[996130158] -0.000191
[996138350] -0.000194
[996145689] -0.000194
[996153171] -0.000191
[996161087] -0.000194
[996168300] -0.000194
[996175854] -0.000191
[996183733] -0.000191
[996191404] -0.000194
[996198774] -0.000191
[996206847] -0.000191
[996215333] -0.000191
[996222435] -0.000194
[996230448] -0.000191
[996239788] -0.000191
[996245912] -0.000194
[996252825] -0.000194
[996261681] -0.000191
[996269649] -0.000191
[996275808] -0.000194
[996284690] -0.000191
[996291751] -0.000191
[996300602] -0.000191
[996307237] -0.000194
[996314885] -0.000191
[996322488] -0.000191
[996332276] -0.000194
[996338581] -0.000194
[996346683] -0.000191
[996353008] -0.000194
[996365237] -0.000194
[996369322] -0.000191
[996375803] -0.000191
[996385091] -0.000194
[996393224] -0.000194
[996399018] -0.000191
[996407997] -0.000191
[996414937] -0.000194
[996423047] -0.000194
[996429744] -0.000191
[996437323] -0.000194
[996446225] -0.000194
[996453469] -0.000194
[996461155] -0.000191
[996468243] -0.000191
[996475894] -0.000194
[996483986] -0.000191
[996491694] -0.000191
[996499263] -0.000194
[996510417] -0.000194
[996515805] -0.000194
[996521929] -0.000191
[996529627] -0.000191
[996539753] -0.000194
[996545877] -0.000194
[996552620] -0.000194
[996561963] -0.000194
[996569654] -0.000191
[996575836] -0.000194
[996585065] -0.000194
[996591704] -0.000194
[996600256] -0.000191
[996607167] -0.000191
[996614594] -0.000194
[996622225] -0.000194
[996632213] -0.000194
[996638145] -0.000194
[996645820] -0.000191
[996652634] -0.000191
[996664693] -0.000194
[996668733] -0.000194
[996676520] -0.000191
[996684340] -0.000191
[996692456] -0.000191
[996698921] -0.000194
[996707557] -0.000194
[996714657] -0.000191
[996722584] -0.000191
[996729476] -0.000194
[996737207] -0.000194
[996746168] -0.000191
[996752521] -0.000194
[996761804] -0.000194
[996768259] -0.000194
[996775819] -0.000194
[996783433] -0.000191
[996791056] -0.000191
[996798676] -0.000191
[996806885] -0.000191
[996815063] -0.000191
[996821633] -0.000191
[996829932] -0.000191
[996839876] -0.000191
[996845895] -0.000194
[996852580] -0.000194
[996861319] -0.000191
[996869547] -0.000191
[996875709] -0.000194
[996884120] -0.000194
[996891372] -0.000194
[996900878] -0.000194
[996907492] -0.000191
[996914553] -0.000191
[996922293] -0.000191
[996932058] -0.000194
[996938115] -0.000191
[996945838] -0.000194
[996952796] -0.000194
[996965080] -0.000194
[996969189] -0.000191
[996975993] -0.000191
[996984488] -0.000191
[996993214] -0.000191
[996999187] -0.000191
[997007343] -0.000191
[997014907] -0.000191
[997022919] -0.000191
[997030448] -0.000191
[997038119] -0.000191
[997046721] -0.000191
[997054141] -0.000191
[997061439] -0.000191
[997068135] -0.000194
[997076102] -0.000194
[997083919] -0.000194
[997091405] -0.000194
[997099091] -0.000194
[997110292] -0.000194
[997115690] -0.000194
[997121735] -0.000191
[997129369] -0.000194
[997139115] -0.000194
[997146715] -0.000191
[997152990] -0.000191
[997161270] -0.000194
[997169487] -0.000194
[997175514] -0.000191
[997183822] -0.000191
[997191242] -0.000194
[997201032] -0.000194
[997207723] -0.000191
[997214743] -0.000191
[997221981] -0.000191
[997231496] -0.000191
[997237377] -0.000194
[997246089] -0.000194
[997252692] -0.000194
[997264459] -0.000191
[997268538] -0.000191
[997276073] -0.000194
[997284564] -0.000191
[997293375] -0.000191
[997299118] -0.000191
[997307615] -0.000191
[997314768] -0.000194
[997322504] -0.000194
[997330113] -0.000194
[997337673] -0.000194
[997349117] -0.000191
[997353158] -0.000191
[997361105] -0.000191
[997368142] -0.000194
[997375605] -0.000194
[997383198] -0.000194
[997390814] -0.000191
[997398508] -0.000191
[997406859] -0.000194
[997415329] -0.000194
[997422083] -0.000194
[997429723] -0.000191
[997440085] -0.000191
[997446011] -0.000194
[997452603] -0.000194
[997462276] -0.000194
[997469902] -0.000194
[997475728] -0.000191
[997484727] -0.000194
[997491614] -0.000194
[997501045] -0.000194
[997507902] -0.000191
[997514581] -0.000191
[997522612] -0.000191
[997532228] -0.000191
[997538496] -0.000194
[997545792] -0.000194
[997552825] -0.000191
[997563491] -0.000191
[997568414] -0.000191
[997576117] -0.000191
[997585117] -0.000194
[997593157] -0.000191
[997598672] -0.000194
[997606739] -0.000194
[997614461] -0.000191
[997622565] -0.000191
[997630363] -0.000191
[997636922] -0.000194
[997646039] -0.000191
[997652795] -0.000191
[997661369] -0.000194
[997668143] -0.000194
[997676063] -0.000191
[997683367] -0.000191
[997691090] -0.000194
[997698841] -0.000194
[997709713] -0.000194
[997715054] -0.000191
[997722246] -0.000191
[997729874] -0.000194
[997740208] -0.000194
[997746029] -0.000191
[997752791] -0.000194
[997762034] -0.000194
[997770120] -0.000194
[997776292] -0.000191
[997784581] -0.000191
[997791353] -0.000194
[997800763] -0.000191
[997807268] -0.000191
[997814596] -0.000194
[997822423] -0.000194
[997831606] -0.000191
[997837653] -0.000191
[997846826] -0.000194
[997853062] -0.000194
[997863771] -0.000191
[997868151] -0.000191
[997875825] -0.000191
[997884621] -0.000194
[997892516] -0.000194
[997898572] -0.000194
[997907251] -0.000191
[997914610] -0.000191
[997922448] -0.000194
[997930470] -0.000194
[997936999] -0.000194
[997945804] -0.000191
[997952788] -0.000191
[997962049] -0.000194
[997968254] -0.000194
[997975509] -0.000191
[997983194] -0.000191
[997990947] -0.000194
[997998596] -0.000191
[998006686] -0.000191
[998015082] -0.000194
[998021914] -0.000194
[998029495] -0.000191
[998038821] -0.000191
[998046471] -0.000194
[998052669] -0.000194
[998061864] -0.000191
[998069980] -0.000194
[998075961] -0.000191
[998084852] -0.000191
[998091264] -0.000194
[998100563] -0.000194
[998106831] -0.000194
[998114774] -0.000191
[998122449] -0.000194
[998132381] -0.000194
[998137470] -0.000194
[998145809] -0.000191
[998152508] -0.000194
[998164254] -0.000191
[998168288] -0.000191
[998175831] -0.000194
[998184325] -0.000194
[998192833] -0.000191
[998198719] -0.000194
[998207026] -0.000194
[998214766] -0.000194
[998222777] -0.000191
[998229949] -0.000191
[998237624] -0.000194
[998245363] -0.000194
[998254557] -0.000191
[998261833] -0.000194
[998267993] -0.000194
[998275767] -0.000191
[998283757] -0.000191
[998291601] -0.000194
[998299151] -0.000191
[998310111] -0.000191
[998315731] -0.000194
[998322515] -0.000194
[998329921] -0.000191
[998340589] -0.000191
[998346062] -0.000194
[998352716] -0.000191
[998361873] -0.000191
[998369581] -0.000191
[998375620] -0.000194
[998384974] -0.000191
[998391252] -0.000194
[998401052] -0.000194
[998407573] -0.000191
[998414397] -0.000191
[998422302] -0.000194
[998431881] -0.000191
[998437767] -0.000191
[998447197] -0.000191
[998453056] -0.000194
[998464907] -0.000191
[998468944] -0.000191
[998476067] -0.000191
[998484862] -0.000194
[998492668] -0.000194
[998498829] -0.000191
[998507273] -0.000191
[998514291] -0.000191
[998522121] -0.000191
[998529709] -0.000191
[998537492] -0.000194
[998548677] -0.000191
[998552727] -0.000191
[998561871] -0.000191
[998568220] -0.000194
[998576123] -0.000191
[998583970] -0.000191
[998591572] -0.000194
[998599032] -0.000194
[998609325] -0.000191
[998615294] -0.000191
[998621668] -0.000194
[998629450] -0.000191
[998639482] -0.000191
[998647035] -0.000194
[998653051] -0.000194
[998661019] -0.000194
[998669597] -0.000191
[998675744] -0.000191
[998683970] -0.000194
[998691422] -0.000194
[998700652] -0.000191
[998707100] -0.000191
[998714576] -0.000194
[998722138] -0.000194
[998731448] -0.000191
[998737377] -0.000191
[998746286] -0.000194
[998752536] -0.000194
[998764335] -0.000191
[998768682] -0.000191
[998776674] -0.000194
[998784388] -0.000191
[998791954] -0.000191
[998798838] -0.000194
[998807726] -0.000194
[998814688] -0.000191
[998822701] -0.000191
[998829471] -0.000194
[998837438] -0.000194
[998846401] -0.000191
[998853983] -0.000191
[998860860] -0.000194
[998868329] -0.000194
[998875935] -0.000191
[998883573] -0.000191
[998891416] -0.000191
[998898881] -0.000194
[998910297] -0.000191
[998915563] -0.000191
[998922109] -0.000191
[998929720] -0.000194
[998940536] -0.000194
[998945891] -0.000191
[998952912] -0.000194
[998962034] -0.000194
[998969759] -0.000191
[998975850] -0.000191
[998984631] -0.000194
[998991068] -0.000191
[999000354] -0.000191
[999007237] -0.000191
[999014658] -0.000194
[999022391] -0.000191
[999032244] -0.000191
[999037569] -0.000194
[999045776] -0.000191
[999052571] -0.000191
[999064251] -0.000191
[999068390] -0.000191
[999076462] -0.000191
[999084573] -0.000194
[999092272] -0.000194
[999098603] -0.000194
[999107614] -0.000194
[999114464] -0.000191
[999122461] -0.000191
[999130224] -0.000194
[999138482] -0.000194
[999145690] -0.000194
[999152963] -0.000194
[999161853] -0.000194
[999168159] -0.000191
[999176044] -0.000191
[999183817] -0.000194
[999191574] -0.000191
[999199013] -0.000191
[999209054] -0.000194
[999215231] -0.000194
[999222097] -0.000191
[999230018] -0.000194
[999239643] -0.000194
[999245642] -0.000194
[999252628] -0.000191
[999261616] -0.000194
[999269493] -0.000194
[999275897] -0.000191
[999284121] -0.000194
[999291150] -0.000194
[999300795] -0.000191
[999307163] -0.000191
[999314955] -0.000194
[999322047] -0.000194
[999331540] -0.000191
[999337763] -0.000191
[999346006] -0.000194
[999352577] -0.000191
[999364820] -0.000191
[999369033] -0.000191
[999375919] -0.000194
[999384951] -0.000191
[999392487] -0.000191
[999398620] -0.000191
[999406712] -0.000191
[999414683] -0.000194
[999422678] -0.000194
[999429636] -0.000191
[999437148] -0.000191
[999445916] -0.000194
[999452786] -0.000194
[999461948] -0.000191
[999468043] -0.000191
[999475787] -0.000194
[999483753] -0.000194
[999491456] -0.000191
[999499023] -0.000191
[999509662] -0.000191
[999515783] -0.000194
[999521585] -0.000194
[999529435] -0.000194
[999539764] -0.000194
[999546355] -0.000191
[999552591] -0.000194
[999561485] -0.000191
[999569652] -0.000194
[999575822] -0.000194
[999584630] -0.000191
[999591619] -0.000194
[999601625] -0.000191
[999606883] -0.000191
[999614822] -0.000191
[999622163] -0.000194
[999631745] -0.000191
[999637945] -0.000191
[999646189] -0.000194
[999652762] -0.000194
[999664897] -0.000191
[999669051] -0.000194
[999675547] -0.000194
[999684715] -0.000191
[999693538] -0.000191
[999699515] -0.000194
[999707375] -0.000194
[999714920] -0.000191
[999723448] -0.000194
[999729727] -0.000194
[999738033] -0.000191
[999746440] -0.000194
[999752930] -0.000194
[999762649] -0.000191
[999768552] -0.000191
[999775731] -0.000194
[999783223] -0.000194
[999791050] -0.000191
[999798712] -0.000194
[999809199] -0.000194
[999815255] -0.000191
[999822128] -0.000191
[999830047] -0.000194
[999840136] -0.000194
[999846077] -0.000191
[999852775] -0.000191
[999862240] -0.000194
[999870199] -0.000194
[999876220] -0.000191
[999885929] -0.000194
[999891449] -0.000194
[999901042] -0.000191
[999907936] -0.000191
[999915116] -0.000194
[999922095] -0.000194
[999931951] -0.000194
[999937993] -0.000191
[999946065] -0.000194
[999952572] -0.000194
[999964572] -0.000191
[999968584] -0.000191
[999975796] -0.000194
[999984523] -0.000191
[999993038] -0.000191
[999998898] -0.000194
[1000007251] -0.000194
[1000014324] -0.000191
[1000022183] -0.000191
[1000030092] -0.000194
[1000038322] -0.000194
[1000045644] -0.000191
[1000052687] -0.000191
[1000062194] -0.000194
[1000068647] -0.000194
[1000075853] -0.000191
[1000083276] -0.000191
[1000091036] -0.000194
[1000098732] -0.000191
[1000109350] -0.000191
[1000114925] -0.000194
[1000122734] -0.000194
[1000129836] -0.000191
[1000140414] -0.000191
[1000146198] -0.000194
[1000152834] -0.000194
[1000162138] -0.000191
[1000170383] -0.000191
[1000176262] -0.000194
[1000184449] -0.000194
[1000191506] -0.000191
[1000200128] -0.000194
[1000207135] -0.000191
[1000214533] -0.000191
[1000222023] -0.000194
[1000231461] -0.000194
[1000237574] -0.000191
[1000246543] -0.000194
[1000252625] -0.000194
[1000264791] -0.000191
[1000268641] -0.000191
[1000276165] -0.000194
[1000285539] -0.000191
[1000292216] -0.000191
[1000298536] -0.000194
[1000307125] -0.000194
[1000314285] -0.000194
[1000322593] -0.000191
[1000329794] -0.000194
[1000338604] -0.000194
[1000346349] -0.000191
[1000352581] -0.000191
[1000409127] -0.000194
[1000413822] -0.000191
[1000422074] -0.000194
[1000428915] -0.000191
[1000440204] -0.000191
[1000445625] -0.000194
[1000451858] -0.000194
[1000459510] -0.000191
[1000469002] -0.000191
[1000475317] -0.000194
[1000482916] -0.000194
[1000490622] -0.000191
[1000500126] -0.000191
[1000506132] -0.000194
[1000514005] -0.000194
[1000520737] -0.000191
[1000530230] -0.000191
[1000536191] -0.000194
[1000545518] -0.000194
[1000551591] -0.000191
[1000561049] -0.000194
[1000567117] -0.000194
[1000575449] -0.000194
[1000583153] -0.000191
[1000592223] -0.000191
[1000598024] -0.000194
[1000605836] -0.000194
[1000613310] -0.000191
[1000622719] -0.000191
[1000628583] -0.000194
[1000636433] -0.000194
[1000645768] -0.000191
[1000651691] -0.000191
[1000659425] -0.000194
[1000667234] -0.000194
[1000674894] -0.000191
[1000682719] -0.000191
[1000690790] -0.000194
[1000698592] -0.000194
[1000751605] -0.000191
[1000755727] -0.000191
[1000763384] -0.000191
[1000771999] -0.000194
[1000779290] -0.000194
[1000787147] -0.000191
[1000841296] -0.000191
[1000846867] -0.000191
[1000853260] -0.000191
[1000864244] -0.000194
[1000868378] -0.000194
[1000876099] -0.000191
[1000886259] -0.000194
[1000892635] -0.000194
[1000899391] -0.000191
[1000908904] -0.000191
[1000915973] -0.000194
[1000922485] -0.000194
[1000930283] -0.000191
[1000938234] -0.000191
[1000949211] -0.000194
[1000953222] -0.000194
[1000963087] -0.000191
[1000969045] -0.000194
[1000978657] -0.000194
[1000983889] -0.000194
[1000992271] -0.000191
[1001000130] -0.000194
[1001009933] -0.000194
[1001015443] -0.000191
[1001023173] -0.000191
[1001030682] -0.000194
[1001040641] -0.000194
[1001046996] -0.000191
[1001053297] -0.000191
[1001062786] -0.000194
[1001070495] -0.000191
[1001076708] -0.000191
[1001084258] -0.000194
[1001092582] -0.000194
[1001101143] -0.000191
[1001108812] -0.000191
[1001115529] -0.000194
[1001123113] -0.000194
[1001132307] -0.000191
[1001140656] -0.000191
[1001145807] -0.000194
[1001153715] -0.000194
[1001164067] -0.000191
[1001168608] -0.000191
[1001177136] -0.000194
[1001185035] -0.000194
[1001193620] -0.000191
[1001199635] -0.000191
[1001209070] -0.000194
[1001215470] -0.000194
[1001223111] -0.000191
[1001230362] -0.000191
[1001238593] -0.000194
[1001248966] -0.000194
[1001253120] -0.000191
[1001262724] -0.000191
[1001268625] -0.000194
[1001278159] -0.000194
[1001284173] -0.000191
[1001292486] -0.000191
[1001299685] -0.000194
[1001311712] -0.000191
[1001316156] -0.000191
[1001322708] -0.000194
[1001330412] -0.000194
[1001341452] -0.000191
[1001347243] -0.000191
[1001353229] -0.000194
[1001361391] -0.000194
[1001370902] -0.000191
[1001376851] -0.000194
[1001384743] -0.000191
[1001391741] -0.000191
[1001401698] -0.000194
[1001408309] -0.000194
[1001415426] -0.000191
[1001422802] -0.000191
[1001432544] -0.000194
[1001439269] -0.000194
[1001446614] -0.000191
[1001453196] -0.000191
[1001463752] -0.000194
[1001468448] -0.000194
[1001475976] -0.000191
[1001485713] -0.000194
[1001492506] -0.000194
[1001500231] -0.000191
[1001508045] -0.000194
[1001515107] -0.000194
[1001523314] -0.000194
[1001530179] -0.000191
[1001539281] -0.000191
[1001548913] -0.000194
[1001553236] -0.000194
[1001561846] -0.000191
[1001568455] -0.000191
[1001578896] -0.000194
[1001583903] -0.000191
[1001591959] -0.000191
[1001599983] -0.000194
[1001611899] -0.000194
[1001616232] -0.000191
[1001622556] -0.000191
[1001631077] -0.000194
[1001640938] -0.000194
[1001647054] -0.000191
[1001653167] -0.000191
[1001662668] -0.000194
[1001670278] -0.000194
[1001676294] -0.000191
[1001685900] -0.000194
[1001692127] -0.000194
[1001701982] -0.000191
[1001707487] -0.000194
[1001715165] -0.000194
[1001722766] -0.000191
[1001732948] -0.000194
[1001738940] -0.000194
[1001747041] -0.000194
[1001753045] -0.000191
[1001765068] -0.000194
[1001769340] -0.000191
[1001776679] -0.000191
[1001785140] -0.000191
[1001793247] -0.000194
[1001799383] -0.000191
[1001808657] -0.000191
[1001815685] -0.000194
[1001822320] -0.000194
[1001830129] -0.000194
[1001837822] -0.000191
[1001849819] -0.000194
[1001854793] -0.000194
[1001862388] -0.000194
[1001868317] -0.000191
[1001875969] -0.000194
[1001883792] -0.000194
[1001891393] -0.000194
[1001899516] -0.000191
[1001911245] -0.000191
[1001915862] -0.000194
[1001922845] -0.000194
[1001930829] -0.000191
[1001941394] -0.000191
[1001947080] -0.000194
[1001953115] -0.000194
[1001962454] -0.000194
[1001970285] -0.000191
[1001976052] -0.000194
[1001985064] -0.000191
[1001991539] -0.000191
[1002001800] -0.000194
[1002007830] -0.000194
[1002015180] -0.000194
[1002022831] -0.000194
[1002031904] -0.000191
[1002039516] -0.000194
[1002046588] -0.000194
[1002053168] -0.000194
[1002063243] -0.000194
[1002069475] -0.000194
[1002075932] -0.000194
[1002085338] -0.000191
[1002092038] -0.000194
[1002099891] -0.000194
[1002107477] -0.000194
[1002114611] -0.000191
[1002122872] -0.000194
[1002130584] -0.000194
[1002138019] -0.000191
[1002146331] -0.000191
[1002154453] -0.000194
[1002163005] -0.000191
[1002169305] -0.000191
[1002178503] -0.000191
[1002184338] -0.000194
[1002192136] -0.000194
[1002200161] -0.000191
[1002211298] -0.000191
[1002215920] -0.000194
[1002222696] -0.000191
[1002230554] -0.000191
[1002242341] -0.000194
[1002247467] -0.000191
[1002253338] -0.000191
[1002261458] -0.000191
[1002271550] -0.000194
[1002276413] -0.000191
[1002285741] -0.000191
[1002292367] -0.000191
[1002300911] -0.000194
[1002307581] -0.000194
[1002315358] -0.000191
[1002323241] -0.000191
[1002332405] -0.000194
[1002339022] -0.000194
[1002346500] -0.000191
[1002353276] -0.000194
[1002363734] -0.000194
[1002368431] -0.000194
[1002376122] -0.000191
[1002385380] -0.000194
[1002392350] -0.000194
[1002400481] -0.000191
[1002408272] -0.000191
[1002415283] -0.000194
[1002423116] -0.000194
[1002430362] -0.000191
[1002438692] -0.000191
[1002446050] -0.000194
[1002453928] -0.000194
[1002462011] -0.000191
[1002468494] -0.000191
[1002477781] -0.000194
[1002484130] -0.000194
[1002491825] -0.000191
[1002499612] -0.000194
[1002511790] -0.000194
[1002516447] -0.000194
[1002522477] -0.000191
[1002530608] -0.000191
[1002542013] -0.000194
[1002546970] -0.000191
[1002553402] -0.000191
[1002563123] -0.000194
[1002570448] -0.000194
[1002576530] -0.000194
[1002584791] -0.000191
[1002592319] -0.000191
[1002602350] -0.000194
[1002608786] -0.000194
[1002615702] -0.000191
[1002622340] -0.000194
[1002632396] -0.000194
[1002638689] -0.000191
[1002646303] -0.000191
[1002653393] -0.000194
[1002663859] -0.000194
[1002668517] -0.000191
[1002676261] -0.000191
[1002684904] -0.000194
[1002693007] -0.000194
[1002699367] -0.000191
[1002709000] -0.000194
[1002715659] -0.000194
[1002722389] -0.000194
[1002730271] -0.000191
[1002738253] -0.000191
[1002746048] -0.000194
[1002776717] -0.000191
[1002780901] -0.000194
[1002788853] -0.000194
[1002796679] -0.000191
[1002804888] -0.000194
[1002814826] -0.000191
[1002819506] -0.000191
[1002827292] -0.000191
[1002883771] -0.000194
