[975015583] 1.570800
[975023183] 1.570800
[975032466] 1.570800
[975039499] 1.570800
[975046680] 1.570800
[975053998] 1.570800
[975063765] 1.570796
[975068643] 1.570796
[975076529] 1.570796
[975084513] 1.570800
[975094145] 1.570800
[975100150] 1.570796
[975108356] 1.570800
[975114931] 1.570800
[975124532] 1.570800
[975135066] 1.570796
[975140849] 1.570796
[975146144] 1.570800
[975154016] 1.570800
[975161790] 1.570796
[975168705] 1.570796
[975176665] 1.570800
[975184713] 1.570800
[975192353] 1.570800
[975199985] 1.570796
[975207622] 1.570796
[975215713] 1.570800
[975222511] 1.570800
[975234395] 1.570796
[975243657] 1.570800
[975248391] 1.570800
[975254498] 1.570796
[975261493] 1.570796
[975271521] 1.570796
[975276437] 1.570800
[975284706] 1.570800
[975292629] 1.570796
[975301497] 1.570796
[975307516] 1.570800
[975315527] 1.570800
[975322899] 1.570796
[975332490] 1.570796
[975338685] 1.570800
[975346839] 1.570800
[975353436] 1.570796
[975363324] 1.570796
[975369347] 1.570800
[975376989] 1.570800
[975384494] 1.570796
[975394360] 1.570796
[975400136] 1.570796
[975407709] 1.570800
[975415076] 1.570800
[975472203] 1.570796
[975476524] 1.570800
[975485559] 1.570796
[975491949] 1.570796
[975500206] 1.570800
[975508169] 1.570800
[975516500] 1.570796
[975522638] 1.570796
[975530332] 1.570579
[975540456] 1.570059
[975546108] 1.568122
[975554691] 1.566053
[975563443] 1.565481
[975570460] 1.565213
[975576950] 1.565188
[975588030] 1.565180
[975592566] 1.565166
[975601635] 1.565143
[975609010] 1.565111
[975616566] 1.565019
[975622670] 1.564978
[975632323] 1.564953
[975639280] 1.564945
[975647180] 1.564934
[975654465] 1.564916
[975662664] 1.564909
[975668517] 1.564894
[975676612] 1.564854
[975686274] 1.564828
[975694678] 1.564828
[975699785] 1.564828
[975708227] 1.564828
[975716827] 1.564832
[975724657] 1.564824
[975730843] 1.564817
[975737985] 1.564806
[975746933] 1.564784
[975754615] 1.564777
[975763554] 1.564773
[975769116] 1.564773
[975777072] 1.564777
[975784866] 1.564777
[975791760] 1.564773
[975799585] 1.564773
[975815777] 1.564773
[975819857] 1.564773
[975824171] 1.564773
[975840380] 1.564773
[975850562] 1.564769
[975854889] 1.564744
[975863966] 1.564461
[975871780] 1.563056
[975878016] 1.561960
[975887386] 1.560071
[975893719] 1.559370
[975904386] 1.559410
[975909978] 1.559385
[975917450] 1.559381
[975923922] 1.559333
[975934304] 1.559297
[975939497] 1.559249
[975948805] 1.559209
[975956557] 1.559117
[975964567] 1.559099
[975970660] 1.559091
[975979011] 1.559062
[975987924] 1.559040
[975994708] 1.559007
[976001053] 1.558989
[976010303] 1.558963
[976017955] 1.558919
[976026591] 1.558912
[976043788] 1.558900
[976050664] 1.558897
[976056721] 1.558886
[976064694] 1.558791
[976071101] 1.558420
[976081485] 1.556846
[976086667] 1.555691
[976094648] 1.553747
[976102566] 1.553252
[976114971] 1.553065
[976119523] 1.553442
[976125611] 1.553457
[976133870] 1.553369
[976143062] 1.553333
[976149587] 1.553329
[976158038] 1.553277
[976164917] 1.553256
[976173933] 1.553182
[976179006] 1.553182
[976188115] 1.553182
[976194170] 1.552885
[976204165] 1.551583
[976212825] 1.550538
[976217801] 1.549397
[976225410] 1.547779
[976235331] 1.547321
[976241080] 1.547368
[976249848] 1.547713
[976256655] 1.547691
[976267289] 1.547647
[976271358] 1.547610
[976279209] 1.547192
[976288214] 1.546627
[976295391] 1.544632
[976301918] 1.543352
[976311032] 1.541661
[976318320] 1.541305
[976325059] 1.541243
[976333290] 1.541415
[976340422] 1.541400
[976351922] 1.541092
[976357884] 1.539467
[976364657] 1.537134
[976371190] 1.536346
[976381027] 1.535319
[976389355] 1.534680
[976394441] 1.533397
[976402298] 1.531200
[976411167] 1.529952
[976417301] 1.529267
[976425116] 1.527025
[976433170] 1.525250
[976443249] 1.522393
[976448908] 1.521432
[976457001] 1.519851
[976464967] 1.517206
[976472641] 1.515911
[976478470] 1.514250
[976488402] 1.513652
[976494626] 1.512650
[976504456] 1.508957
[976510228] 1.507423
[976517796] 1.506066
[976525530] 1.504023
[976533651] 1.503150
[976540283] 1.501334
[976550105] 1.500043
[976556810] 1.497054
[976564925] 1.494134
[976571221] 1.493210
[976578984] 1.491625
[976587982] 1.490261
[976594737] 1.487781
[976601923] 1.487051
[976610806] 1.485478
[976620048] 1.484227
[976625286] 1.480999
[976633412] 1.479172
[976640349] 1.476179
[976653103] 1.474580
[976658495] 1.473795
[976664673] 1.471356
[976671173] 1.470057
[976680769] 1.468231
[976691339] 1.466653
[976695806] 1.465626
[976701944] 1.464251
[976711460] 1.461225
[976717539] 1.459864
[976725609] 1.457872
[976733003] 1.457146
[976745982] 1.455370
[976752107] 1.453001
[976756375] 1.452293
[976764472] 1.451310
[976772973] 1.450851
[976778807] 1.449535
[976787202] 1.448706
[976794501] 1.446894
[976804317] 1.445206
[976813141] 1.444326
[976817667] 1.443064
[976825824] 1.440086
[976833877] 1.438618
[976840412] 1.436535
[976848895] 1.435864
[976857301] 1.434173
[976864795] 1.432053
[976871444] 1.430956
[976879614] 1.429294
[976887396] 1.428561
[976894426] 1.426712
[976902198] 1.425436
[976911783] 1.422747
[976917760] 1.421423
[976924893] 1.419460
[976933439] 1.418797
[976940515] 1.416904
[976952348] 1.415561
[976957218] 1.413907
[976964452] 1.410650
[976971102] 1.409953
[976980464] 1.408922
[976989044] 1.407818
[976994662] 1.406663
[977002391] 1.405195
[977011932] 1.403926
[977017534] 1.403017
[977025449] 1.400966
[977033124] 1.399664
[977042191] 1.397625
[977050397] 1.396150
[977056054] 1.395196
[977064262] 1.393971
[977073394] 1.392845
[977079189] 1.390307
[977087650] 1.389639
[977094134] 1.387981
[977103745] 1.386345
[977111998] 1.385483
[977117275] 1.385483
[977125094] 1.382868
[977134776] 1.381078
[977141420] 1.380506
[977148641] 1.380146
[977157191] 1.379560
[977168083] 1.377964
[977172195] 1.376838
[977178798] 1.375815
[977187493] 1.374828
[977194588] 1.373430
[977202181] 1.372425
[977211311] 1.370624
[977218103] 1.369572
[977224919] 1.367969
[977233125] 1.367283
[977240415] 1.366296
[977252738] 1.362793
[977257797] 1.361333
[977264642] 1.359066
[977271256] 1.358300
[977281279] 1.356700
[977288763] 1.355486
[977294624] 1.352141
[977302442] 1.350934
[977311134] 1.349089
[977317320] 1.348451
[977325222] 1.346749
[977333437] 1.345579
[977342049] 1.343917
[977349854] 1.343334
[977358390] 1.341522
[977364971] 1.339369
[977373058] 1.338412
[977379028] 1.337132
[977387926] 1.336449
[977394522] 1.334524
[977404525] 1.332194
[977412904] 1.331024
[977417651] 1.330144
[977424871] 1.328387
[977434114] 1.327488
[977440581] 1.325856
[977449309] 1.324928
[977457849] 1.323608
[977465629] 1.322089
[977472453] 1.321040
[977478750] 1.319833
[977487769] 1.318458
[977494861] 1.317310
[977502070] 1.316426
[977511114] 1.314383
[977517908] 1.313121
[977525489] 1.311188
[977532597] 1.310458
[977541668] 1.308825
[977551963] 1.307068
[977557199] 1.306067
[977564877] 1.304549
[977570927] 1.303774
[977580872] 1.301933
[977586647] 1.300737
[977594376] 1.298181
[977602109] 1.297352
[977615580] 1.294913
[977619607] 1.294073
[977625592] 1.293218
[977633934] 1.291571
[977642122] 1.290797
[977650419] 1.289942
[977656315] 1.289931
[977665144] 1.290067
[977673371] 1.291131
[977679493] 1.292550
[977687954] 1.292833
[977694065] 1.292686
[977704099] 1.292532
[977712140] 1.292525
[977717368] 1.292532
[977724802] 1.292517
[977734568] 1.292481
[977741107] 1.292499
[977749317] 1.292499
[977756449] 1.292492
[977764282] 1.292481
[977771897] 1.292481
[977779557] 1.292462
[977787552] 1.292451
[977885104] 1.292444
[977889527] 1.292378
[977898276] 1.292374
[977904971] 1.292374
[977913581] 1.292374
[977920327] 1.292371
[977928134] 1.292367
[977937061] 1.292367
[977946339] 1.292363
[977951162] 1.292360
[977959367] 1.292360
[977967424] 1.292360
[977974161] 1.292360
[977982119] 1.292360
[977989664] 1.292363
[977997454] 1.292363
[978004833] 1.292363
[978012782] 1.292363
[978020517] 1.292363
[978040832] 1.292360
[978046103] 1.292360
[978052889] 1.292360
[978108850] 1.292360
[978113071] 1.292363
[978123409] 1.292363
[978129543] 1.292360
[978137148] 1.292360
[978187884] 1.292360
[978192120] 1.288332
[978200119] 1.286043
[978210305] 1.285372
[978217759] 1.284785
[978223949] 1.284932
[978230720] 1.285335
[978241288] 1.286825
[978246310] 1.287422
[978255417] 1.287705
[978263630] 1.287595
[978270585] 1.287470
[978276930] 1.287466
[978287486] 1.287488
[978292683] 1.287466
[978301459] 1.287452
[978307984] 1.287470
[978316486] 1.287478
[978323178] 1.287463
[978333231] 1.287455
[978338421] 1.287455
[978347397] 1.287459
[978355139] 1.287452
[978363228] 1.287459
[978369306] 1.287466
[978377187] 1.287463
[978386158] 1.287463
[978395363] 1.287459
[978399745] 1.287455
[978408307] 1.287444
[978416391] 1.287426
[978424659] 1.287404
[978430606] 1.287103
[978439262] 1.285720
[978447854] 1.284693
[978456230] 1.282430
[978462592] 1.281656
[978469751] 1.281003
[978477105] 1.281033
[978485839] 1.281634
[978493666] 1.282254
[978499893] 1.282790
[978507939] 1.282757
[978516230] 1.282643
[978523274] 1.282573
[978531786] 1.282588
[978540577] 1.282588
[978547534] 1.282551
[978554053] 1.282540
[978564095] 1.282562
[978570732] 1.282555
[978577160] 1.282540
[978585550] 1.282162
[978593239] 1.281539
[978601759] 1.279488
[978608829] 1.278249
[978616859] 1.276510
[978623076] 1.276107
[978633323] 1.275975
[978638921] 1.276132
[978647327] 1.277192
[978655312] 1.277930
[978662303] 1.277878
[978669635] 1.277721
[978676751] 1.277677
[978686650] 1.277357
[978695348] 1.276019
[978700143] 1.274951
[978708872] 1.273719
[978716677] 1.271965
[978723615] 1.271573
[978730573] 1.271397
[978739521] 1.271511
[978747485] 1.272523
[978757061] 1.272864
[978762449] 1.272758
[978769342] 1.271643
[978777125] 1.270715
[978786231] 1.268459
[978792911] 1.267633
[978799603] 1.266856
[978807721] 1.266401
[978815492] 1.265678
[978823369] 1.263701
[978831401] 1.262194
[978840124] 1.261732
[978846679] 1.260268
[978855148] 1.258841
[978863183] 1.257422
[978871950] 1.255107
[978876819] 1.254660
[978887140] 1.252855
[978892331] 1.251846
[978902818] 1.250317
[978912924] 1.248802
[978917360] 1.247855
[978923376] 1.246770
[978932901] 1.245346
[978939268] 1.244191
[978946429] 1.243513
[978954464] 1.241693
[978964365] 1.240134
[978969512] 1.239364
[978977717] 1.238561
[978985420] 1.237310
[978994465] 1.235546
[979000512] 1.234717
[979008128] 1.233697
[979016133] 1.231529
[979024343] 1.229453
[979031085] 1.228950
[979039499] 1.228044
[979047792] 1.227153
[979055321] 1.224431
[979062340] 1.223478
[979069134] 1.222194
[979077263] 1.221805
[979085914] 1.220290
[979092828] 1.219091
[979100874] 1.216505
[979107681] 1.215573
[979115249] 1.214410
[979123678] 1.213732
[979130656] 1.211509
[979140741] 1.209668
[979147247] 1.209205
[979154564] 1.208314
[979162440] 1.207188
[979170853] 1.205090
[979177285] 1.204411
[979185859] 1.203641
[979192804] 1.202937
[979202482] 1.201051
[979209240] 1.200116
[979216533] 1.198968
[979223151] 1.198550
[979232725] 1.196811
[979239094] 1.195252
[979247167] 1.194643
[979254649] 1.193583
[979263408] 1.192890
[979269423] 1.191148
[979276700] 1.190088
[979286914] 1.188103
[979295291] 1.186449
[979300313] 1.186005
[979308765] 1.185569
[979316118] 1.183603
[979324376] 1.181310
[979330684] 1.180617
[979339611] 1.180114
[979347535] 1.178449
[979353919] 1.177140
[979362482] 1.175647
[979369093] 1.175199
[979376997] 1.174770
[979385579] 1.173211
[979393109] 1.172199
[979400134] 1.171263
[979408027] 1.170310
[979415864] 1.169407
[979422984] 1.168523
[979431070] 1.167467
[979441728] 1.164965
[979447258] 1.163964
[979453802] 1.163117
[979463022] 1.162079
[979471097] 1.160641
[979476983] 1.159720
[979486185] 1.157853
[979492083] 1.157185
[979501666] 1.155726
[979508350] 1.154886
[979515570] 1.153345
[979523130] 1.152611
[979532757] 1.151482
[979538584] 1.150770
[979547850] 1.149156
[979554063] 1.148213
[979564965] 1.147131
[979569221] 1.146453
[979577042] 1.145943
[979586519] 1.143859
[979593762] 1.142906
[979600244] 1.141959
[979608983] 1.141640
[979615954] 1.140503
[979623710] 1.139535
[979630575] 1.137980
[979638856] 1.137070
[979646796] 1.137070
[979654546] 1.134990
[979662221] 1.134158
[979669298] 1.132870
[979677215] 1.132555
[979684658] 1.132092
[979692246] 1.132092
[979700427] 1.129473
[979711175] 1.128630
[979716851] 1.127907
[979723107] 1.127893
[979731093] 1.128267
[979741652] 1.128105
[979747137] 1.127639
[979753517] 1.126990
[979763089] 1.125343
[979771266] 1.124430
[979777237] 1.124430
[979786479] 1.122409
[979793065] 1.121532
[979801191] 1.120208
[979808033] 1.119915
[979815633] 1.119463
[979823425] 1.119463
[979833304] 1.116866
[979838569] 1.116115
[979847553] 1.115018
[979854099] 1.114262
[979864867] 1.113763
[979869246] 1.112157
[979877215] 1.111130
[979886278] 1.109985
[979894077] 1.108804
[979899999] 1.107997
[979908366] 1.107319
[979915607] 1.105180
[979923277] 1.104215
[979931267] 1.103163
[979938995] 1.102348
[979946701] 1.101714
[979954489] 1.100001
[979962078] 1.098831
[979968816] 1.097191
[979976694] 1.096733
[979984507] 1.095236
[979992252] 1.094037
[979999947] 1.091194
[980010903] 1.090248
[980016198] 1.089151
[980022862] 1.088370
[980030707] 1.085663
[980040665] 1.084162
[980047090] 1.081998
[980053770] 1.080612
[980062895] 1.079445
[980071011] 1.077336
[980077204] 1.076764
[980085220] 1.075748
[980092308] 1.074857
[980101993] 1.073320
[980108866] 1.072652
[980116139] 1.071691
[980123305] 1.071020
[980133832] 1.069417
[980138534] 1.068496
[980147946] 1.067884
[980153930] 1.066622
[980165844] 1.064858
[980170130] 1.064216
[980176726] 1.063599
[980186464] 1.062708
[980193772] 1.061993
[980199562] 1.060397
[980207727] 1.059550
[980215544] 1.057628
[980223541] 1.056784
[980230826] 1.055937
[980239373] 1.054844
[980247153] 1.053894
[980253513] 1.052771
[980262559] 1.051865
[980268855] 1.050053
[980276515] 1.049492
[980284174] 1.048274
[980292048] 1.047291
[980299686] 1.045747
[980308039] 1.043198
[980315891] 1.041870
[980322620] 1.041599
[980331196] 1.040759
[980341271] 1.039768
[980346939] 1.037754
[980353849] 1.037153
[980363267] 1.036170
[980371254] 1.035528
[980377256] 1.034413
[980387005] 1.032854
[980393231] 1.032285
[980401094] 1.031075
[980408396] 1.029986
[980415892] 1.028350
[980423085] 1.027957
[980433113] 1.026574
[980439596] 1.024946
[980447210] 1.023669
[980453531] 1.022455
[980465138] 1.020383
[980469236] 1.019843
[980476912] 1.019029
[980486601] 1.017885
[980494094] 1.016282
[980499838] 1.015214
[980508744] 1.014943
[980515790] 1.013512
[980523537] 1.012544
[980531217] 1.011433
[980539828] 1.011092
[980546755] 1.009665
[980554268] 1.008047
[980562522] 1.007357
[980569027] 1.006382
[980576593] 1.005751
[980584623] 1.004174
[980592532] 1.003227
[980600125] 1.002090
[980610775] 1.000814
[980616379] 1.000315
[980622622] 0.999860
[980630749] 0.998176
[980641454] 0.997476
[980646905] 0.996405
[980653858] 0.995880
[980663182] 0.994747
[980671425] 0.993148
[980677186] 0.992451
[980686126] 0.991849
[980692742] 0.991159
[980701054] 0.989744
[980708524] 0.988999
[980715617] 0.987785
[980723725] 0.987084
[980733201] 0.986105
[980738051] 0.985734
[980747703] 0.984744
[980753798] 0.983068
[980766120] 0.982066
[980770432] 0.981722
[980776753] 0.981204
[980785914] 0.980467
[980794541] 0.978233
[980800190] 0.977878
[980808362] 0.977522
[980815460] 0.976957
[980823334] 0.976407
[980831262] 0.974859
[980838773] 0.974155
[980847258] 0.973403
[980854743] 0.972137
[980862007] 0.971180
[980868937] 0.969896
[980877478] 0.969173
[980885241] 0.968003
[980891923] 0.967405
[980899693] 0.965989
[980911429] 0.965028
[980916927] 0.963756
[980922933] 0.962171
[980930779] 0.961581
[980940897] 0.961327
[980947203] 0.960003
[980953837] 0.957498
[980962997] 0.957498
[980970640] 0.955484
[980976646] 0.955110
[980985511] 0.954237
[980992535] 0.954186
[981002430] 0.954101
[981009171] 0.953691
[981016151] 0.952161
[981023013] 0.951413
[981032122] 0.950969
[981038481] 0.950896
[981047553] 0.949667
[981053694] 0.948779
[981065977] 0.947576
[981070157] 0.947554
[981076620] 0.947554
[981086269] 0.945925
[981094715] 0.944297
[981099687] 0.944025
[981108204] 0.944029
[981115484] 0.943919
[981123258] 0.943537
[981131262] 0.942074
[981138163] 0.941293
[981147203] 0.940731
[981153711] 0.940156
[981162519] 0.939594
[981169207] 0.938057
[981177374] 0.937221
[981185049] 0.936234
[981192673] 0.935992
[981200354] 0.934775
[981211177] 0.933722
[981216803] 0.932383
[981222657] 0.930824
[981230492] 0.930355
[981242055] 0.929566
[981247475] 0.928704
[981253704] 0.927395
[981263062] 0.925047
[981270761] 0.924057
[981276703] 0.923851
[981286367] 0.923594
[981293256] 0.923041
[981301272] 0.921320
[981308055] 0.920656
[981315293] 0.919743
[981322827] 0.919215
[981332648] 0.918008
[981338980] 0.918008
[981347207] 0.915785
[981353865] 0.915294
[981366183] 0.912697
[981370304] 0.911948
[981376605] 0.911398
[981386014] 0.910404
[981393598] 0.909531
[981399647] 0.908284
[981408387] 0.907653
[981415455] 0.906791
[981423175] 0.906186
[981431275] 0.904704
[981438592] 0.903886
[981448223] 0.903307
[981454829] 0.902236
[981462185] 0.901388
[981469024] 0.900137
[981477318] 0.899532
[981485310] 0.898707
[981492148] 0.898116
[981499541] 0.896678
[981508163] 0.895820
[981516373] 0.894866
[981523022] 0.893711
[981530754] 0.893054
[981540250] 0.892435
[981547661] 0.890751
[981554064] 0.888803
[981562099] 0.888114
[981571161] 0.887611
[981577029] 0.886243
[981586771] 0.884519
[981592565] 0.884020
[981601952] 0.883815
[981608683] 0.883532
[981615458] 0.882230
[981623226] 0.881141
[981633192] 0.880363
[981638464] 0.879857
[981647177] 0.879384
[981653885] 0.878668
[981665619] 0.876581
[981669543] 0.876097
[981677304] 0.875771
[981686277] 0.874667
[981693844] 0.873830
[981699729] 0.872495
[981708846] 0.871960
[981715793] 0.871094
[981723581] 0.870452
[981730366] 0.869099
[981738084] 0.868438
[981747231] 0.867950
[981753932] 0.867198
[981762759] 0.865856
[981769056] 0.864899
[981777024] 0.864407
[981784838] 0.863670
[981792330] 0.863156
[981799855] 0.861784
[981810795] 0.860974
[981816645] 0.860112
[981822744] 0.858989
[981830425] 0.858370
[981841117] 0.857709
[981847007] 0.856103
[981854186] 0.854184
[981861817] 0.853572
[981870868] 0.852530
[981877282] 0.851694
[981886913] 0.850329
[981892356] 0.848136
[981901599] 0.846801
[981907847] 0.846540
[981915552] 0.846122
[981923273] 0.845352
[981932933] 0.843521
[981938924] 0.842487
[981946721] 0.842139
[981954022] 0.841570
[981964912] 0.839879
[981968993] 0.839351
[981976992] 0.839017
[981986234] 0.838038
[981994047] 0.837535
[981999825] 0.836596
[982007914] 0.836244
[982015317] 0.835177
[982023039] 0.834502
[982031071] 0.833288
[982038667] 0.832902
[982046997] 0.832169
[982054158] 0.830914
[982062388] 0.830302
[982069403] 0.829293
[982077406] 0.828541
[982085314] 0.827422
[982092864] 0.827019
[982100355] 0.825783
[982108383] 0.824855
[982116855] 0.823707
[982123182] 0.822137
[982131128] 0.821568
[982140589] 0.821532
[982148509] 0.821264
[982153902] 0.819609
[982162367] 0.818546
[982170922] 0.817134
[982176809] 0.817126
[982186071] 0.816231
[982193292] 0.815212
[982201143] 0.813495
[982207949] 0.813095
[982215793] 0.812383
[982223624] 0.811452
[982233535] 0.810069
[982238334] 0.809548
[982247847] 0.809046
[982253769] 0.807820
[982266184] 0.806537
[982270266] 0.806537
[982276750] 0.806148
[982285818] 0.804802
[982294579] 0.803360
[982300299] 0.803056
[982308662] 0.802869
[982315751] 0.801970
[982323862] 0.800668
[982330549] 0.800268
[982338118] 0.799597
[982347562] 0.798551
[982354112] 0.796728
[982362453] 0.796618
[982369003] 0.796193
[982376811] 0.795404
[982384489] 0.793853
[982392657] 0.793416
[982400120] 0.792638
[982411253] 0.791842
[982416544] 0.789513
[982422829] 0.788219
[982430434] 0.786307
[982440509] 0.785871
[982447245] 0.785137
[982453803] 0.783300
[982462051] 0.782581
[982470595] 0.782038
[982477110] 0.781620
[982485799] 0.780039
[982492781] 0.779228
[982501413] 0.778219
[982507950] 0.777941
[982515316] 0.776866
[982523287] 0.775894
[982533260] 0.774632
[982537985] 0.774632
[982546556] 0.773216
[982553873] 0.772677
[982566305] 0.771885
[982570108] 0.771734
[982576537] 0.771393
[982585485] 0.769809
[982594072] 0.769126
[982600114] 0.768716
[982608817] 0.768653
[982615629] 0.767956
[982623734] 0.767193
[982631020] 0.766133
[982638400] 0.766009
[982647486] 0.766012
[982654119] 0.764717
[982662268] 0.763819
[982669516] 0.763228
[982677564] 0.763291
[982685456] 0.763353
[982692349] 0.763074
[982699987] 0.761842
[982711227] 0.761255
[982716718] 0.760895
[982722648] 0.760870
[982730406] 0.760180
[982740364] 0.759458
[982748031] 0.758141
[982754267] 0.757917
[982762138] 0.757697
[982770787] 0.756541
[982776814] 0.755628
[982786112] 0.754458
[982792834] 0.754484
[982802042] 0.754396
[982808625] 0.753966
[982815425] 0.752613
[982823269] 0.752081
[982832391] 0.751960
[982838633] 0.751747
[982847784] 0.751069
[982854013] 0.749730
[982865390] 0.749238
[982869668] 0.749194
[982877416] 0.748872
[982885346] 0.747401
[982894005] 0.746117
[982900134] 0.745919
[982908435] 0.745783
[982915378] 0.744917
[982923018] 0.744173
[982930879] 0.743274
[982938582] 0.743061
[982946833] 0.742467
[982953787] 0.740927
[982962371] 0.740057
[982968932] 0.739261
[982976764] 0.738942
[982984495] 0.737978
[982992157] 0.737358
[982999969] 0.736261
[983010941] 0.735472
[983016767] 0.734475
[983022975] 0.733191
[983031541] 0.732820
[983040540] 0.732696
[983047471] 0.731680
[983053667] 0.730671
[983062876] 0.728932
[983071152] 0.727810
[983077225] 0.727780
[983086929] 0.727461
[983092779] 0.726764
[983102122] 0.724993
[983109202] 0.724336
[983116429] 0.723812
[983123207] 0.723812
[983132817] 0.722337
[983139068] 0.721431
[983147333] 0.721075
[983153833] 0.720576
[983166147] 0.719014
[983169907] 0.717803
[983176539] 0.716868
[983185858] 0.715929
[983193562] 0.715625
[983199827] 0.714344
[983208043] 0.714344
[983215448] 0.712070
[983223141] 0.711557
[983230958] 0.711370
[983239003] 0.710977
[983246739] 0.710977
[983254113] 0.709305
[983262245] 0.708751
[983269022] 0.708428
[983276878] 0.708461
[983284661] 0.708138
[983292339] 0.707485
[983299766] 0.705813
[983307999] 0.705398
[983315819] 0.704789
[983322991] 0.704078
[983331404] 0.701660
[983339705] 0.700311
[983347148] 0.698407
[983353602] 0.697864
[983362875] 0.697259
[983370812] 0.695803
[983376973] 0.695135
[983386018] 0.694035
[983392477] 0.693855
[983401694] 0.692839
[983408072] 0.692076
[983415698] 0.691163
[983422999] 0.691038
[983432726] 0.689970
[983438830] 0.688800
[983446388] 0.688312
[983453702] 0.687663
[983465223] 0.686585
[983469330] 0.686585
[983476910] 0.685352
[983485761] 0.683955
[983494330] 0.683074
[983500338] 0.683019
[983508687] 0.682689
[983515330] 0.681321
[983523023] 0.680712
[983530869] 0.680441
[983538832] 0.680433
[983546657] 0.680133
[983554150] 0.678897
[983563040] 0.678357
[983569081] 0.678134
[983576545] 0.678068
[983584449] 0.677635
[983592120] 0.676934
[983599760] 0.675936
[983607744] 0.675881
[983616419] 0.675515
[983622715] 0.675515
[983630364] 0.673127
[983640528] 0.672536
[983648100] 0.672272
[983654578] 0.672591
[983661937] 0.672599
[983670627] 0.672151
[983676571] 0.671517
[983685478] 0.670728
[983692256] 0.670713
[983701903] 0.669983
[983708505] 0.669283
[983715378] 0.668138
[983722931] 0.667801
[983732383] 0.667834
[983738521] 0.667559
[983747009] 0.666282
[983753639] 0.665351
[983764436] 0.665131
[983769171] 0.664635
[983776788] 0.664635
[983785765] 0.662541
[983794528] 0.661734
[983800039] 0.661738
[983808031] 0.661873
[983815913] 0.662273
[983824082] 0.661899
[983830717] 0.661272
[983838361] 0.660516
[983847349] 0.659959
[983855740] 0.659852
[983863383] 0.659416
[983869463] 0.658689
[983876873] 0.657472
[983884381] 0.657189
[983891887] 0.657197
[983899802] 0.656478
[983911128] 0.655737
[983916932] 0.654710
[983922691] 0.654082
[983930726] 0.652667
[983940604] 0.652028
[983947486] 0.651493
[983953733] 0.651214
[983963037] 0.650583
[983970937] 0.649266
[983976600] 0.648826
[983985648] 0.648621
[983992496] 0.648375
[984001879] 0.647131
[984008699] 0.646306
[984015948] 0.645496
[984022997] 0.645529
[984032088] 0.645338
[984038198] 0.644821
[984047135] 0.643724
[984053804] 0.643504
[984065708] 0.643284
[984069614] 0.642026
[984076900] 0.641233
[984085765] 0.640221
[984094374] 0.640195
[984100388] 0.640016
[984108736] 0.639524
[984115557] 0.638790
[984123445] 0.638016
[984131026] 0.637554
[984138566] 0.637415
[984147330] 0.637162
[984153665] 0.635995
[984162433] 0.635474
[984168900] 0.635067
[984176798] 0.635071
[984184549] 0.634356
[984191989] 0.633629
[984199508] 0.632639
[984207641] 0.632082
[984215940] 0.630728
[984222648] 0.630728
[984230755] 0.629287
[984240938] 0.628292
[984246971] 0.627911
[984253855] 0.627845
[984262842] 0.627691
[984271229] 0.626543
[984277452] 0.625784
[984285593] 0.625354
[984292394] 0.625420
[984301648] 0.625640
[984308502] 0.625450
[984315502] 0.624280
[984322992] 0.624280
[984332758] 0.623451
[984338630] 0.623293
[984347270] 0.622798
[984353579] 0.621521
[984365614] 0.620777
[984369632] 0.620777
[984377115] 0.620590
[984385959] 0.619724
[984394379] 0.618565
[984400375] 0.618279
[984408905] 0.618128
[984415946] 0.617512
[984423812] 0.616331
[984430772] 0.615887
[984438512] 0.615605
[984447979] 0.614504
[984454784] 0.613672
[984462555] 0.613485
[984469143] 0.612894
[984477055] 0.612146
[984484929] 0.611310
[984492386] 0.611122
[984499910] 0.610726
[984507944] 0.610165
[984515810] 0.608925
[984522662] 0.608423
[984530463] 0.607652
[984541167] 0.607106
[984546936] 0.606831
[984553907] 0.605701
[984562990] 0.604802
[984571118] 0.604058
[984577096] 0.603482
[984586249] 0.603416
[984592325] 0.603038
[984601883] 0.601655
[984608479] 0.600907
[984615635] 0.600151
[984623303] 0.600151
[984633013] 0.599168
[984639092] 0.597995
[984646766] 0.597188
[984653420] 0.596498
[984665071] 0.595431
[984669123] 0.595431
[984676769] 0.594396
[984686199] 0.593043
[984694177] 0.592434
[984699848] 0.592056
[984708351] 0.591946
[984715154] 0.590919
[984722871] 0.590281
[984730485] 0.589349
[984738150] 0.589070
[984747076] 0.588630
[984753598] 0.587544
[984762787] 0.587027
[984769082] 0.586613
[984776659] 0.586624
[984784150] 0.585908
[984791913] 0.585131
[984799617] 0.584324
[984807724] 0.584342
[984815812] 0.584408
[984823531] 0.583634
[984830706] 0.582948
[984840318] 0.582416
[984846707] 0.582460
[984853781] 0.582284
[984861904] 0.581841
[984870632] 0.580678
[984876972] 0.580223
[984886331] 0.579775
[984893093] 0.579772
[984901844] 0.579533
[984908486] 0.579013
[984915653] 0.577919
[984923288] 0.577714
[984932798] 0.577692
[984939401] 0.576782
[984947091] 0.576137
[984953596] 0.575609
[984965465] 0.575770
[984969421] 0.575704
[984977050] 0.575704
[984985821] 0.574017
[984994068] 0.573404
[984999669] 0.573455
[985007725] 0.573720
[985015392] 0.573621
[985023550] 0.573239
[985031050] 0.572168
[985038855] 0.571658
[985047596] 0.571665
[985055446] 0.571324
[985062411] 0.570814
[985069098] 0.569659
[985076673] 0.569160
[985084377] 0.568482
[985092140] 0.568232
[985099975] 0.567785
[985110697] 0.567249
[985116622] 0.566134
[985122765] 0.565712
[985130534] 0.564861
[985140269] 0.564711
[985147724] 0.564443
[985154033] 0.563211
[985163041] 0.562231
[985170953] 0.560892
[985176886] 0.560892
[985185844] 0.560177
[985192342] 0.559876
[985201894] 0.559271
[985208364] 0.559279
[985215589] 0.558970
[985223253] 0.558970
[985233064] 0.556964
[985238891] 0.556597
[985247503] 0.556583
[985254171] 0.556568
[985264662] 0.556425
[985268975] 0.555390
[985276676] 0.554925
[985285483] 0.554807
[985294345] 0.554738
[985300119] 0.554396
[985308526] 0.553813
[985315311] 0.552926
[985323144] 0.552540
[985331423] 0.551895
[985338180] 0.551594
[985347078] 0.551117
[985353717] 0.550086
[985362793] 0.549742
[985368985] 0.549177
[985376556] 0.549177
[985384245] 0.548223
[985392408] 0.547816
[985399851] 0.546998
[985411292] 0.546958
[985416608] 0.546800
[985422996] 0.546396
[985430803] 0.545322
[985440570] 0.545021
[985447027] 0.545006
[985453737] 0.544595
[985462721] 0.544078
[985470971] 0.543480
[985476965] 0.542655
[985485809] 0.541870
[985492510] 0.541500
[985501851] 0.541298
[985508301] 0.541067
[985515211] 0.539974
[985523031] 0.539974
[985532783] 0.538716
[985538731] 0.538661
[985546795] 0.538554
[985553671] 0.538129
[985565691] 0.537127
[985569679] 0.537127
[985577470] 0.537006
[985585268] 0.536449
[985594071] 0.535535
[985600169] 0.535319
[985608624] 0.535271
[985615705] 0.534706
[985623510] 0.534160
[985631142] 0.533360
[985638935] 0.532770
[985646709] 0.532102
[985653908] 0.531280
[985662722] 0.531042
[985668856] 0.530169
[985676647] 0.529637
[985684349] 0.528852
[985691943] 0.528482
[985699675] 0.528042
[985707747] 0.527598
[985716151] 0.526633
[985722702] 0.526230
[985730583] 0.525507
[985740711] 0.525129
[985746979] 0.524469
[985753459] 0.523779
[985763241] 0.523005
[985770356] 0.521802
[985776672] 0.521802
[985785770] 0.521380
[985792629] 0.520973
[985802265] 0.520082
[985808939] 0.520067
[985815854] 0.519976
[985823609] 0.519532
[985832499] 0.518501
[985838376] 0.518266
[985846952] 0.518266
[985854486] 0.517881
[985866037] 0.516766
[985869880] 0.516425
[985876577] 0.516025
[985885314] 0.515255
[985894355] 0.514851
[985900069] 0.514851
[985908135] 0.514723
[985915747] 0.513736
[985923936] 0.513281
[985930705] 0.513208
[985939047] 0.513083
[985946627] 0.512665
[985953631] 0.511631
[985962728] 0.511326
[985968863] 0.511059
[985976832] 0.511059
[985984592] 0.509852
[985991884] 0.509489
[985999568] 0.509225
[986007778] 0.509335
[986015870] 0.509203
[986022711] 0.508784
[986030841] 0.507794
[986041166] 0.507545
[986046820] 0.507541
[986053554] 0.507182
[986062266] 0.506661
[986070325] 0.505736
[986076626] 0.505340
[986084959] 0.504669
[986092230] 0.504364
[986101663] 0.504276
[986108215] 0.504012
[986115454] 0.502897
[986122910] 0.502347
[986132610] 0.502006
[986138372] 0.502054
[986147327] 0.501856
[986153811] 0.500755
[986165649] 0.500132
[986169604] 0.500187
[986177073] 0.500187
[986185606] 0.499614
[986194143] 0.498602
[986200331] 0.498521
[986208503] 0.498536
[986215427] 0.498232
[986223171] 0.497667
[986231222] 0.496790
[986238627] 0.496665
[986247146] 0.496291
[986254028] 0.495781
[986262646] 0.495348
[986268905] 0.494872
[986276500] 0.493966
[986284303] 0.492950
[986291930] 0.492506
[986299809] 0.492359
[986310904] 0.492154
[986315782] 0.491075
[986323639] 0.490697
[986331120] 0.490598
[986340967] 0.490573
[986346960] 0.490323
[986353653] 0.489318
[986362698] 0.489047
[986370317] 0.489032
[986376787] 0.489032
[986385779] 0.487800
[986392403] 0.487466
[986402574] 0.487477
[986408317] 0.487470
[986415731] 0.487103
[986423606] 0.486523
[986432969] 0.485837
[986438948] 0.485368
[986446741] 0.485060
[986453614] 0.484616
[986465323] 0.483647
[986469196] 0.483237
[986476788] 0.482719
[986485404] 0.481901
[986494317] 0.481483
[986499919] 0.481326
[986508281] 0.480933
[986515624] 0.479385
[986523416] 0.478208
[986531052] 0.478024
[986538665] 0.478134
[986550440] 0.478043
[986554607] 0.477122
[986562205] 0.476744
[986569359] 0.476711
[986576778] 0.476722
[986584342] 0.476418
[986591833] 0.475838
[986599532] 0.475156
[986610471] 0.475185
[986616509] 0.474976
[986623046] 0.474976
[986630593] 0.473109
[986640788] 0.472376
[986646889] 0.472412
[986653665] 0.472996
[986662439] 0.473073
[986670455] 0.472962
[986676695] 0.472134
[986685090] 0.471891
[986692339] 0.471943
[986701549] 0.471598
[986708137] 0.471029
[986715345] 0.470156
[986723398] 0.470021
[986733235] 0.470054
[986738754] 0.470061
[986746664] 0.469471
[986754078] 0.468502
[986766196] 0.468458
[986770592] 0.468458
[986776872] 0.468267
[986786043] 0.467185
[986793054] 0.466753
[986799542] 0.466532
[986807726] 0.466422
[986815367] 0.465685
[986823584] 0.465685
[986831098] 0.464761
[986838825] 0.464533
[986846685] 0.463884
[986854158] 0.462545
[986862345] 0.462351
[986868923] 0.462314
[986876458] 0.461911
[986884311] 0.460990
[986892046] 0.460623
[986899544] 0.460407
[986907593] 0.460315
[986915926] 0.459449
[986922846] 0.458976
[986930544] 0.458294
[986941093] 0.458184
[986946977] 0.458114
[986953799] 0.457777
[986963063] 0.456130
[986971066] 0.455444
[986977226] 0.455063
[986986306] 0.455283
[986992603] 0.455264
[987002322] 0.454626
[987009337] 0.453078
[987016423] 0.452616
[987023175] 0.452616
[987032277] 0.452440
[987038428] 0.452036
[987048426] 0.451075
[987054590] 0.451068
[987064780] 0.451057
[987069122] 0.450389
[987076962] 0.449773
[987086404] 0.449458
[987093668] 0.449553
[987100298] 0.449428
[987109239] 0.448431
[987116064] 0.448035
[987123894] 0.447664
[987130401] 0.447682
[987138358] 0.447543
[987150368] 0.446619
[987154764] 0.445944
[987162267] 0.445977
[987168925] 0.445790
[987176794] 0.445364
[987184512] 0.444455
[987192191] 0.444337
[987199644] 0.443846
[987210089] 0.443380
[987216024] 0.442786
[987223001] 0.442786
[987230592] 0.442147
[987240448] 0.441836
[987247045] 0.441058
[987254013] 0.441007
[987262789] 0.440992
[987270345] 0.440284
[987276914] 0.439477
[987285719] 0.438850
[987292529] 0.438967
[987301950] 0.439158
[987308623] 0.438960
[987315557] 0.438036
[987323247] 0.438036
[987332938] 0.437779
[987338916] 0.437533
[987347065] 0.437041
[987353875] 0.436121
[987366051] 0.435519
[987370143] 0.435519
[987377106] 0.435358
[987385485] 0.434426
[987393693] 0.433568
[987399518] 0.433517
[987408167] 0.433546
[987415635] 0.433139
[987423578] 0.432170
[987431503] 0.432013
[987438182] 0.432020
[987450004] 0.431173
[987454199] 0.430472
[987462314] 0.430509
[987468987] 0.430531
[987476455] 0.430186
[987484327] 0.429262
[987491960] 0.429196
[987499555] 0.429082
[987510133] 0.428645
[987515428] 0.427717
[987523006] 0.427648
[987530405] 0.427662
[987539924] 0.427629
[987547172] 0.427042
[987553555] 0.426577
[987562750] 0.426588
[987570923] 0.426529
[987576844] 0.426268
[987585610] 0.425084
[987591973] 0.424611
[987601571] 0.424611
[987608339] 0.424607
[987615658] 0.423895
[987623479] 0.423257
[987632188] 0.422813
[987638297] 0.422832
[987647550] 0.422296
[987653593] 0.421438
[987664598] 0.421082
[987669234] 0.420601
[987676921] 0.419974
[987686666] 0.418474
[987693754] 0.417164
[987699464] 0.417065
[987707977] 0.417069
[987715255] 0.416570
[987723188] 0.416086
[987730964] 0.415727
[987738827] 0.415668
[987746721] 0.415393
[987753690] 0.414399
[987762586] 0.413907
[987769150] 0.413526
[987776928] 0.413533
[987784675] 0.413064
[987792634] 0.412403
[987800442] 0.412202
[987813100] 0.412264
[987817499] 0.412011
[987823258] 0.411563
[987831237] 0.410584
[987840367] 0.410357
[987847743] 0.410397
[987856464] 0.410063
[987863035] 0.409491
[987871666] 0.408834
[987877031] 0.408875
[987885966] 0.408981
[987892716] 0.408981
[987902727] 0.407668
[987908741] 0.407338
[987915757] 0.407349
[987923141] 0.407587
[987932802] 0.407481
[987939638] 0.406564
[987947314] 0.406153
[987954652] 0.406120
[987964165] 0.406439
[987969291] 0.406388
[987976846] 0.406120
[987985809] 0.404946
[987993057] 0.404678
[987999894] 0.404682
[988009063] 0.404682
[988016190] 0.403839
[988023666] 0.403127
[988030714] 0.403186
[988039573] 0.403149
[988047630] 0.402800
[988054400] 0.401942
[988062483] 0.401814
[988068910] 0.401825
[988076637] 0.401638
[988085507] 0.401205
[988092376] 0.400721
[988100510] 0.400259
[988109439] 0.400031
[988115243] 0.399752
[988122876] 0.399752
[988130793] 0.398428
[988141268] 0.398201
[988147608] 0.397981
[988154684] 0.397720
[988162741] 0.397379
[988171003] 0.396631
[988176779] 0.396337
[988186563] 0.395813
[988192611] 0.395673
[988201798] 0.395369
[988208930] 0.394933
[988215928] 0.394250
[988223686] 0.394258
[988232326] 0.394155
[988239025] 0.393139
[988246645] 0.392838
[988254255] 0.392853
[988262288] 0.392801
[988269197] 0.392046
[988276954] 0.391624
[988286824] 0.391441
[988293458] 0.390744
[988299608] 0.389856
[988309108] 0.389049
[988316150] 0.388238
[988323998] 0.388242
[988330597] 0.388011
[988339620] 0.387439
[988347640] 0.386342
[988354376] 0.385906
[988362361] 0.386005
[988369248] 0.385968
[988376997] 0.385590
[988384894] 0.384306
[988392541] 0.384306
[988400300] 0.383785
[988411227] 0.383862
[988417155] 0.383620
[988423156] 0.383199
[988431152] 0.382623
[988440363] 0.382546
[988447260] 0.381834
[988454996] 0.381365
[988463099] 0.380818
[988471188] 0.380836
[988476948] 0.380811
[988486494] 0.380026
[988493015] 0.379134
[988501270] 0.378111
[988508433] 0.378082
[988515742] 0.378005
[988523055] 0.377619
[988539284] 0.374392
[988545951] 0.374135
[988550645] 0.374069
[988554978] 0.374149
[988565725] 0.374395
[988570018] 0.374274
[988577181] 0.373786
[988585888] 0.372946
[988593742] 0.372917
[988599580] 0.372873
[988608681] 0.372462
[988615945] 0.371428
[988623866] 0.371428
[988630643] 0.371325
[988639343] 0.370922
[988650640] 0.370247
[988655381] 0.368915
[988664146] 0.368669
[988669373] 0.368776
[988677039] 0.368776
[988685957] 0.368537
[988693039] 0.368094
[988700100] 0.367587
[988709846] 0.367584
[988715070] 0.366909
[988723233] 0.366337
[988731045] 0.365673
[988743274] 0.365588
[988748860] 0.365302
[988754203] 0.364558
[988762400] 0.363872
[988770559] 0.362599
[988776821] 0.362269
[988786385] 0.362283
[988792237] 0.362599
[988801690] 0.363886
[988809357] 0.364532
[988816344] 0.364499
[988822689] 0.364440
[988832930] 0.364407
[988839805] 0.364407
[988848860] 0.364396
[988854127] 0.364382
[988863780] 0.364382
[988869693] 0.364378
[988877315] 0.364371
[988932517] 0.364360
[988937460] 0.364330
[988946418] 0.364323
[988953048] 0.364316
[988959970] 0.364301
[988967693] 0.364305
[988975647] 0.364301
[988984067] 0.364297
[988990470] 0.364301
[988998209] 0.364297
[989005921] 0.364297
[989056110] 0.364297
[989060883] 0.364297
[989071338] 0.364293
[989075640] 0.364293
[989083871] 0.364293
[989091642] 0.364290
[989100627] 0.364290
[989106911] 0.364290
[989114804] 0.364290
[989122663] 0.364290
[989130707] 0.364290
[989137649] 0.364290
[989146846] 0.364290
[989153132] 0.364286
[989163199] 0.364282
[989168384] 0.364282
[989176447] 0.364279
[989183807] 0.364279
[989241331] 0.364275
[989250293] 0.364275
[989255464] 0.364275
[989263514] 0.364275
[989269296] 0.364275
[989276601] 0.364271
[989284302] 0.364271
[989292026] 0.364271
[989299646] 0.363824
[989309316] 0.363252
[989315323] 0.361517
[989323119] 0.360835
[989341426] 0.360321
[989347334] 0.361234
[989354159] 0.362555
[989362211] 0.362933
[989370337] 0.362944
[989376500] 0.362911
[989385765] 0.362933
[989392247] 0.362933
[989401577] 0.362922
[989408566] 0.362922
[989415934] 0.362925
[989422827] 0.362925
[989432529] 0.362918
[989438800] 0.362925
[989446882] 0.362925
[989453913] 0.362922
[989463782] 0.362929
[989469563] 0.362929
[989476905] 0.362925
[989485828] 0.362922
[989492731] 0.362922
[989499691] 0.362918
[989508228] 0.362918
[989515246] 0.362918
[989522961] 0.362918
[989531216] 0.362911
[989538572] 0.362911
[989547298] 0.362914
[989553659] 0.362911
[989563739] 0.362911
[989568993] 0.362885
[989576813] 0.362588
[989586610] 0.361183
[989592315] 0.360233
[989600314] 0.358971
[989607056] 0.358777
[989615116] 0.358960
[989622929] 0.359400
[989631087] 0.360809
[989642307] 0.361330
[989648823] 0.361509
[989653291] 0.361476
[989661962] 0.361487
[989670258] 0.361502
[989676257] 0.361498
[989685293] 0.361487
[989692874] 0.361495
[989700863] 0.361491
[989707964] 0.361491
[989715743] 0.361495
[989723158] 0.361495
[989734671] 0.361491
[989739396] 0.361502
[989747467] 0.361451
[989753757] 0.360570
[989766934] 0.358689
[989771603] 0.357984
[989776273] 0.357548
[989786267] 0.357431
[989793039] 0.357669
[989799519] 0.358905
[989809940] 0.359584
[989815621] 0.360145
[989823675] 0.360119
[989830429] 0.360101
[989839207] 0.360108
[989847753] 0.360105
[989855108] 0.360083
[989863418] 0.359998
[989869050] 0.358901
[989878902] 0.357944
[989885661] 0.356569
[989892375] 0.356349
[989900615] 0.356404
[989909015] 0.356697
[989915062] 0.358051
[989923517] 0.358612
[989930398] 0.358744
[989941455] 0.358117
[989948249] 0.357383
[989954041] 0.356451
[989962773] 0.355310
[989971672] 0.355175
[989976282] 0.355333
[989985941] 0.356209
[989991874] 0.356363
[990001327] 0.356081
[990008310] 0.355575
[990015582] 0.354610
[990022462] 0.354540
[990033225] 0.354526
[990038662] 0.353862
[990047882] 0.352024
[990053687] 0.351056
[990066382] 0.349985
[990073376] 0.349963
[990077324] 0.349720
[990085601] 0.348316
[990093191] 0.347428
[990099385] 0.346467
[990108515] 0.346474
[990115511] 0.346925
[990123434] 0.347545
[990130792] 0.349178
[990138244] 0.349713
[990147408] 0.349856
[990154388] 0.349816
[990162504] 0.349827
[990169271] 0.349819
[990176982] 0.349812
[990185650] 0.349801
[990192796] 0.349801
[990199369] 0.349786
[990252651] 0.349786
[990256941] 0.349753
[990264809] 0.349746
[990321070] 0.349750
[990325629] 0.349731
[990334119] 0.349728
[990341178] 0.349731
[990350817] 0.349728
[990356336] 0.349728
[990364159] 0.349724
[990372267] 0.349724
[990379189] 0.349720
[990386876] 0.349720
[990394702] 0.349720
[990402570] 0.349720
[990410458] 0.349720
[990419685] 0.349720
[990425314] 0.349720
[990440297] 0.349713
[990445675] 0.349713
[990451729] 0.349713
[990456036] 0.349713
[990463481] 0.349713
[990471266] 0.349713
[990481654] 0.349713
[990487371] 0.349713
[990495007] 0.349713
[990549066] 0.349713
[990554355] 0.349709
[990561408] 0.349709
[990571568] 0.349709
[990576438] 0.349709
[990584249] 0.349709
[990591922] 0.349709
[990601731] 0.349706
[990607751] 0.349687
[990615543] 0.348840
[990622430] 0.348261
[990632554] 0.346522
[990638006] 0.345623
[990647867] 0.344515
[990653568] 0.344435
[990663093] 0.344758
[990669192] 0.346052
[990676468] 0.347002
[990686558] 0.348305
[990693091] 0.348506
[990699480] 0.348360
[990707230] 0.348367
[990715231] 0.348374
[990723085] 0.348374
[990730685] 0.348367
[990738422] 0.348371
[990746353] 0.348371
[990753436] 0.348371
[990762458] 0.348374
[990768633] 0.348374
[990776435] 0.348374
[990783953] 0.348371
[990791839] 0.348371
[990799724] 0.348371
[990810400] 0.348371
[990816143] 0.348371
[990822565] 0.348371
[990830439] 0.348371
[990840141] 0.348371
[990847164] 0.348371
[990853846] 0.348367
[990861562] 0.348367
[990870186] 0.348371
[990876165] 0.348367
[990885202] 0.347989
[990891912] 0.347384
[990901217] 0.345436
[990907892] 0.344328
[990915116] 0.342850
[990922683] 0.342498
[990932509] 0.342538
[990938270] 0.342858
[990947311] 0.344229
[990954041] 0.346133
[990963946] 0.346735
[990968667] 0.347013
[990976205] 0.346933
[990984735] 0.346936
[990993640] 0.346936
[990999307] 0.346929
[991007909] 0.346936
[991015013] 0.346936
[991023046] 0.346947
[991030707] 0.346944
[991037775] 0.346958
[991046936] 0.346958
[991054824] 0.346940
[991062116] 0.346727
[991068555] 0.346272
[991076171] 0.344405
[991084138] 0.342377
[991091607] 0.341742
[991099291] 0.341255
[991107335] 0.341299
[991115738] 0.342065
[991122304] 0.342792
[991130057] 0.344666
[991139726] 0.345242
[991147381] 0.345521
[991153647] 0.345510
[991161602] 0.345524
[991170214] 0.345521
[991176303] 0.345194
[991185132] 0.343841
[991192059] 0.342799
[991201877] 0.340983
[991208393] 0.340389
[991215401] 0.339989
[991223068] 0.340059
[991232941] 0.341002
[991237695] 0.341808
[991246860] 0.343430
[991253039] 0.343918
[991265534] 0.343819
[991269896] 0.343397
[991276451] 0.342700
[991285170] 0.341024
[991294029] 0.340275
[991299936] 0.340327
[991308644] 0.340459
[991315789] 0.341126
[991323632] 0.341145
[991330233] 0.340679
[991338720] 0.339982
[991346597] 0.339391
[991353218] 0.339454
[991362261] 0.339002
[991368757] 0.338166
[991376527] 0.337374
[991384569] 0.336893
[991392115] 0.336985
[991399942] 0.336772
[991410230] 0.336200
[991416232] 0.335048
[991422323] 0.334880
[991430133] 0.334847
[991439916] 0.334538
[991446774] 0.333816
[991453570] 0.333522
[991462458] 0.333416
[991470224] 0.333372
[991476158] 0.332598
[991484615] 0.331784
[991491846] 0.331523
[991501140] 0.331531
[991507435] 0.331490
[991514909] 0.330746
[991523257] 0.330188
[991532236] 0.329792
[991538447] 0.329884
[991546349] 0.330118
[991553178] 0.330005
[991564930] 0.328827
[991568922] 0.328827
[991576516] 0.328897
[991585138] 0.328604
[991593252] 0.328039
[991599118] 0.327731
[991607541] 0.327877
[991615110] 0.327760
[991622963] 0.327356
[991630745] 0.326795
[991638692] 0.326450
[991646485] 0.326388
[991653171] 0.326377
[991662590] 0.325787
[991668920] 0.325240
[991676658] 0.325273
[991684342] 0.325295
[991691937] 0.325266
[991699518] 0.324429
[991711014] 0.324209
[991716068] 0.324187
[991722876] 0.324008
[991730554] 0.322779
[991740301] 0.322779
[991746588] 0.322335
[991753102] 0.322522
[991762279] 0.322313
[991770135] 0.321843
[991776379] 0.320835
[991784750] 0.320750
[991791728] 0.320648
[991801363] 0.319679
[991808137] 0.319063
[991815182] 0.318425
[991822785] 0.318443
[991832365] 0.318040
[991838167] 0.317420
[991846844] 0.315989
[991853410] 0.315435
[991864107] 0.315105
[991868467] 0.315116
[991876533] 0.314632
[991884929] 0.313414
[991893521] 0.313150
[991899699] 0.313279
[991907875] 0.313491
[991914910] 0.313352
[991922577] 0.312868
[991930153] 0.311881
[991937998] 0.311881
[991949434] 0.312006
[991953620] 0.311936
[991961841] 0.311169
[991968557] 0.310880
[991976406] 0.310847
[991983963] 0.310854
[991991485] 0.310854
[991999237] 0.310806
[992009963] 0.310792
[992015339] 0.310799
[992023092] 0.310788
[992030566] 0.310762
[992041279] 0.310766
[992046774] 0.310762
[992053169] 0.310755
[992113267] 0.310744
[992117144] 0.310718
[992125115] 0.310715
[992133019] 0.310707
[992141494] 0.310707
[992148545] 0.310707
[992156292] 0.310696
[992164131] 0.310696
[992171673] 0.310696
[992179364] 0.310693
[992188892] 0.310693
[992194752] 0.310693
[992202567] 0.310693
[992210196] 0.310693
[992219563] 0.310693
[992225660] 0.310693
[992233383] 0.310693
[992241122] 0.310693
[992250160] 0.310693
[992256064] 0.310693
[992263955] 0.310689
[992271440] 0.310685
[992280587] 0.310685
[992286396] 0.310685
[992294405] 0.310685
[992302200] 0.310685
[992312101] 0.310685
[992318316] 0.310685
[992325121] 0.310685
[992332658] 0.310685
[992342858] 0.310685
[992348865] 0.310685
[992357090] 0.310685
[992363902] 0.310685
[992373450] 0.310685
[992379302] 0.310685
[992432229] 0.310682
[992436582] 0.310682
[992445124] 0.310685
[992452243] 0.310685
[992463299] 0.310682
[992467463] 0.310682
[992475283] 0.310682
[992483677] 0.310682
[992540747] 0.310528
[992545936] 0.309526
[992553663] 0.309537
[992561729] 0.309537
[992568656] 0.309526
[992576694] 0.309530
[992583736] 0.309530
[992591057] 0.309526
[992598775] 0.309526
[992610026] 0.309526
[992615612] 0.309526
[992621778] 0.309526
[992629500] 0.309523
[992639110] 0.309526
[992646931] 0.309523
[992653067] 0.309523
[992660864] 0.309530
[992669659] 0.309526
[992675489] 0.309526
[992684062] 0.309526
[992690978] 0.309523
[992700227] 0.309519
[992706747] 0.309519
[992714910] 0.309519
[992722334] 0.309519
[992732489] 0.309519
[992737429] 0.309519
[992746723] 0.309519
[992753045] 0.309515
[992765058] 0.309519
[992769285] 0.309515
[992775996] 0.309515
[992784357] 0.309519
[992792781] 0.309273
[992798892] 0.308767
[992807060] 0.308462
[992814776] 0.308470
[992822558] 0.308459
[992830216] 0.308462
[992837829] 0.308462
[992846770] 0.308455
[992853462] 0.308455
[992860776] 0.308451
[992867984] 0.308448
[992875769] 0.308429
[992883321] 0.308429
[992891071] 0.308426
[992898946] 0.308389
[992906746] 0.308389
[992915103] 0.308393
[992922237] 0.308374
[992930003] 0.308371
[992939533] 0.308371
[992946957] 0.308363
[992953268] 0.308352
[992961284] 0.307586
[992969809] 0.307182
[992975530] 0.307120
[992983806] 0.307300
[992991328] 0.307267
[993001139] 0.307278
[993007596] 0.307274
[993014573] 0.307274
[993022413] 0.307278
[993031388] 0.307259
[993037220] 0.307256
[993046867] 0.307270
[993053143] 0.307263
[993064726] 0.306926
[993068710] 0.306926
[993076070] 0.306148
[993085199] 0.306218
[993092764] 0.306210
[993098496] 0.306185
[993106634] 0.306192
[993114708] 0.306196
[993122772] 0.306181
[993129457] 0.305961
[993137139] 0.305913
[993146073] 0.305323
[993154332] 0.305282
[993161775] 0.305275
[993168243] 0.305264
[993176115] 0.305081
[993183532] 0.304996
[993190886] 0.304453
[993198589] 0.304457
[993206845] 0.304384
[993214856] 0.304006
[993221848] 0.303690
[993229565] 0.303566
[993239021] 0.303573
[993246200] 0.303206
[993252885] 0.303206
[993261801] 0.302733
[993269792] 0.302740
[993275677] 0.302546
[993283953] 0.302528
[993291485] 0.302124
[993300923] 0.301768
[993307549] 0.301592
[993314361] 0.301523
[993322120] 0.301090
[993331100] 0.300624
[993337083] 0.300602
[993346195] 0.300598
[993352922] 0.299949
[993363927] 0.298962
[993368153] 0.298904
[993376133] 0.299307
[993384751] 0.299127
[993393101] 0.298783
[993398967] 0.298493
[993407224] 0.298639
[993414891] 0.298904
[993423041] 0.298827
[993429449] 0.298075
[993437006] 0.297836
[993446609] 0.297844
[993452843] 0.297902
[993461827] 0.297939
[993467833] 0.297642
[993475662] 0.296846
[993483596] 0.296838
[993491257] 0.296820
[993498911] 0.296820
[993506787] 0.295665
[993515128] 0.295232
[993521654] 0.295298
[993529619] 0.295617
[993538929] 0.295544
[993546445] 0.295181
[993552986] 0.294322
[993562232] 0.294451
[993570418] 0.294722
[993576459] 0.294634
[993584200] 0.294293
[993591349] 0.293556
[993600906] 0.293559
[993607861] 0.293556
[993615256] 0.293486
[993621792] 0.293203
[993631298] 0.292730
[993637010] 0.292734
[993646213] 0.292657
[993652801] 0.292595
[993663902] 0.292213
[993668191] 0.292140
[993676036] 0.292070
[993684463] 0.292033
[993693285] 0.291659
[993699189] 0.291556
[993707590] 0.291549
[993714740] 0.291468
[993722761] 0.291347
[993729447] 0.290889
[993738371] 0.290874
[993746379] 0.290779
[993752733] 0.290537
[993761853] 0.289800
[993768210] 0.289642
[993776080] 0.289785
[993783578] 0.289763
[993791002] 0.289231
[993799102] 0.289044
[993810146] 0.289279
[993815736] 0.289315
[993821621] 0.289029
[993829344] 0.288461
[993839163] 0.288450
[993846029] 0.288461
[993852902] 0.288428
[993862388] 0.287679
[993870070] 0.287467
[993876135] 0.287448
[993885395] 0.287364
[993891710] 0.287364
[993901519] 0.286183
[993907234] 0.286150
[993914569] 0.286308
[993922662] 0.286311
[993931669] 0.286069
[993937287] 0.285592
[993946446] 0.285343
[993952854] 0.285321
[993965114] 0.283901
[993969054] 0.283446
[993975609] 0.283300
[993984929] 0.283303
[993993171] 0.282544
[993999136] 0.281800
[994007987] 0.281825
[994015101] 0.282287
[994022978] 0.282254
[994029436] 0.281836
[994037319] 0.281587
[994046640] 0.281774
[994053314] 0.282115
[994062321] 0.282155
[994068325] 0.281880
[994076055] 0.281205
[994084076] 0.281216
[994091319] 0.281356
[994098877] 0.281539
[994110335] 0.281337
[994115521] 0.280563
[994121773] 0.280446
[994130105] 0.280637
[994138913] 0.280644
[994146577] 0.280105
[994152850] 0.279610
[994162239] 0.279247
[994170271] 0.279404
[994176178] 0.279628
[994184946] 0.278997
[994191622] 0.278627
[994200913] 0.278583
[994207916] 0.278931
[994214870] 0.279379
[994221666] 0.279346
[994231322] 0.278729
[994237463] 0.278487
[994246814] 0.278502
[994252941] 0.278729
[994264754] 0.278927
[994268800] 0.278927
[994276108] 0.278069
[994285063] 0.277860
[994293530] 0.277904
[994299283] 0.277534
[994307141] 0.277071
[994314746] 0.276664
[994322804] 0.276686
[994329373] 0.276646
[994337286] 0.276327
[994346410] 0.275509
[994353185] 0.275465
[994362635] 0.275406
[994368765] 0.274966
[994376196] 0.274320
[994383749] 0.274302
[994391542] 0.274295
[994399394] 0.273392
[994409759] 0.272795
[994415560] 0.272435
[994422044] 0.272450
[994429511] 0.271929
[994438732] 0.271463
[994446277] 0.270737
[994453419] 0.270403
[994461360] 0.270440
[994469963] 0.270425
[994475971] 0.269798
[994484086] 0.269196
[994491381] 0.268675
[994500485] 0.268752
[994507281] 0.268925
[994514552] 0.268327
[994522351] 0.267535
[994531338] 0.266412
[994537599] 0.266320
[994546374] 0.266342
[994552544] 0.266133
[994564629] 0.265374
[994568826] 0.265374
[994575717] 0.265396
[994584507] 0.265304
[994592639] 0.264648
[994598599] 0.264619
[994606925] 0.264622
[994614838] 0.264472
[994622855] 0.264094
[994629477] 0.263874
[994637398] 0.263679
[994646665] 0.263324
[994654052] 0.263269
[994661097] 0.263067
[994668257] 0.262766
[994675910] 0.262289
[994684056] 0.262014
[994691750] 0.261794
[994699557] 0.261658
[994710435] 0.261394
[994715924] 0.260910
[994721769] 0.260892
[994729307] 0.260884
[994738778] 0.260884
[994746425] 0.260151
[994752558] 0.259997
[994762143] 0.260184
[994770091] 0.260151
[994776107] 0.259868
[994784768] 0.259263
[994791414] 0.259263
[994800646] 0.258764
[994807171] 0.258398
[994814777] 0.258152
[994822406] 0.258177
[994832098] 0.257899
[994838041] 0.257440
[994846372] 0.256956
[994853196] 0.256721
[994864729] 0.256901
[994868723] 0.256901
[994876357] 0.256024
[994884094] 0.255555
[994893300] 0.255302
[994898991] 0.255760
[994907107] 0.255782
[994914468] 0.255415
[994922163] 0.255155
[994929851] 0.255192
[994937542] 0.255203
[994946238] 0.254616
[994953289] 0.254113
[994961229] 0.253827
[994968353] 0.254044
[994976153] 0.254271
[994983920] 0.254121
[994991416] 0.253402
[994999583] 0.253347
[995010529] 0.253600
[995015954] 0.253490
[995021777] 0.253116
[995029580] 0.252576
[995039430] 0.252598
[995046012] 0.252727
[995052923] 0.252716
[995061820] 0.252022
[995070025] 0.251824
[995075880] 0.251821
[995084674] 0.251777
[995091612] 0.251777
[995100655] 0.250739
[995107087] 0.250673
[995114532] 0.250808
[995122428] 0.250819
[995131555] 0.250555
[995137273] 0.250130
[995146783] 0.249987
[995152974] 0.249979
[995164230] 0.249301
[995168620] 0.248729
[995176383] 0.248219
[995184281] 0.248237
[995193012] 0.248211
[995198841] 0.246851
[995206963] 0.246139
[995214803] 0.245570
[995222927] 0.245585
[995229516] 0.245233
[995237356] 0.244675
[995246650] 0.243990
[995253153] 0.243318
[995262161] 0.243465
[995268636] 0.243553
[995276190] 0.243326
[995283924] 0.242720
[995291546] 0.241979
[995299404] 0.241349
[995310443] 0.241550
[995316168] 0.241569
[995322108] 0.241249
[995330048] 0.240263
[995340332] 0.240079
[995346189] 0.240167
[995352786] 0.240153
[995362537] 0.239353
[995370639] 0.238730
[995375559] 0.238315
[995383945] 0.238326
[995391205] 0.238091
[995401561] 0.237453
[995407233] 0.237160
[995414562] 0.237130
[995422083] 0.237130
[995431020] 0.236727
[995437081] 0.236397
[995446665] 0.236349
[995453149] 0.236349
[995463759] 0.235905
[995467999] 0.235516
[995475984] 0.235428
[995485022] 0.235428
[995492698] 0.235175
[995498844] 0.234577
[995507360] 0.234034
[995514379] 0.234159
[995521927] 0.234108
[995529747] 0.233246
[995537340] 0.232850
[995546100] 0.232769
[995553787] 0.232842
[995560995] 0.232622
[995568322] 0.232068
[995575769] 0.231085
[995583792] 0.231008
[995591502] 0.231027
[995598897] 0.230869
[995610172] 0.229560
[995615794] 0.227986
[995622035] 0.227601
[995629876] 0.227542
[995639938] 0.227315
[995645874] 0.226064
[995652930] 0.225466
[995661759] 0.224421
[995669536] 0.224366
[995675627] 0.224465
[995684517] 0.224068
[995691507] 0.223647
[995701079] 0.223375
[995707467] 0.223383
[995714208] 0.223060
[995722378] 0.222414
[995731840] 0.221743
[995737900] 0.221743
[995745865] 0.221772
[995752666] 0.221523
[995764662] 0.221017
[995768658] 0.221017
[995776329] 0.220943
[995784186] 0.220595
[995792827] 0.220103
[995798552] 0.219935
[995806896] 0.219964
[995814956] 0.219685
[995823009] 0.219329
[995829606] 0.219069
[995837043] 0.218823
[995845517] 0.218508
[995855401] 0.218332
[995861100] 0.218299
[995867937] 0.218053
[995875468] 0.217657
[995883792] 0.216974
[995891390] 0.216945
[995899136] 0.217044
[995906842] 0.216681
[995914911] 0.215947
[995921890] 0.215936
[995930046] 0.216248
[995940613] 0.216215
[995945854] 0.215515
[995952485] 0.215269
[995961573] 0.215449
[995969474] 0.215738
[995975608] 0.215654
[995984751] 0.215295
[995991417] 0.214880
[996001231] 0.214884
[996007828] 0.214887
[996014817] 0.214499
[996022093] 0.214110
[996031806] 0.213923
[996037850] 0.213662
[996045892] 0.213189
[996052622] 0.212841
[996064364] 0.213020
[996068446] 0.213020
[996075983] 0.212437
[996084832] 0.211340
[996093484] 0.211340
[996099304] 0.211491
[996107666] 0.211505
[996114603] 0.211029
[996122568] 0.210486
[996130152] 0.209660
[996138344] 0.209660
[996145683] 0.209631
[996153166] 0.209407
[996161082] 0.208373
[996168294] 0.207991
[996175848] 0.207984
[996183728] 0.208146
[996191398] 0.207984
[996198768] 0.207328
[996206842] 0.207320
[996215327] 0.207353
[996222429] 0.207302
[996230443] 0.206711
[996239782] 0.206675
[996245907] 0.206678
[996252820] 0.206664
[996261675] 0.206502
[996269643] 0.206154
[996275802] 0.206011
[996284684] 0.205974
[996291746] 0.205974
[996300597] 0.205545
[996307231] 0.205035
[996314879] 0.205292
[996322482] 0.205284
[996332270] 0.204848
[996338576] 0.204397
[996346677] 0.204206
[996353002] 0.204386
[996365232] 0.204133
[996369316] 0.203729
[996375798] 0.203439
[996385085] 0.203252
[996393218] 0.203252
[996399012] 0.202368
[996407991] 0.202038
[996414931] 0.201888
[996423041] 0.201910
[996429738] 0.201539
[996437317] 0.201220
[996446219] 0.200964
[996453463] 0.200986
[996461149] 0.200898
[996468237] 0.200542
[996475889] 0.200138
[996483981] 0.200234
[996491688] 0.200274
[996499258] 0.199603
[996510411] 0.199298
[996515799] 0.199419
[996521923] 0.199489
[996529621] 0.199236
[996539747] 0.198873
[996545872] 0.198788
[996552615] 0.198821
[996561958] 0.198477
[996569648] 0.198172
[996575830] 0.198084
[996585059] 0.197978
[996591699] 0.197978
[996600250] 0.197387
[996607161] 0.197288
[996614588] 0.197340
[996622219] 0.197318
[996632208] 0.196804
[996638139] 0.196676
[996645814] 0.196742
[996652628] 0.196749
[996664688] 0.196004
[996668714] 0.195982
[996676514] 0.196004
[996684335] 0.196019
[996692451] 0.196001
[996698915] 0.195260
[996707551] 0.195256
[996714651] 0.195245
[996722578] 0.194952
[996729470] 0.193561
[996737202] 0.193121
[996746162] 0.192986
[996752516] 0.193000
[996761799] 0.192718
[996768253] 0.192171
[996775814] 0.191452
[996783427] 0.191438
[996791050] 0.191537
[996798671] 0.190847
[996806880] 0.189937
[996815058] 0.188628
[996821627] 0.188415
[996829927] 0.188430
[996839871] 0.188353
[996845889] 0.187403
[996852575] 0.186765
[996861314] 0.185756
[996869541] 0.185675
[996875703] 0.185782
[996884115] 0.185323
[996891366] 0.184923
[996900873] 0.184777
[996907486] 0.184861
[996914548] 0.184648
[996922287] 0.184083
[996932052] 0.183273
[996938110] 0.183269
[996945833] 0.183357
[996952791] 0.183185
[996965075] 0.181758
[996969184] 0.181633
[996975987] 0.181673
[996984483] 0.181758
[996993208] 0.181560
[996999181] 0.181076
[997007337] 0.181120
[997014901] 0.181109
[997022913] 0.180848
[997030442] 0.180320
[997038113] 0.180335
[997046716] 0.180441
[997054135] 0.180232
[997061433] 0.179924
[997068130] 0.179825
[997076097] 0.179641
[997083913] 0.179201
[997091399] 0.179216
[997099085] 0.179117
[997110266] 0.178915
[997115685] 0.178567
[997121729] 0.178669
[997129363] 0.178585
[997139109] 0.178181
[997146709] 0.177749
[997152984] 0.177807
[997161264] 0.177906
[997169482] 0.177730
[997175508] 0.177048
[997183816] 0.176923
[997191236] 0.176956
[997201027] 0.176553
[997207717] 0.175962
[997214738] 0.175489
[997221975] 0.175566
[997231490] 0.175592
[997237372] 0.175313
[997246083] 0.174583
[997252686] 0.173574
[997264453] 0.173835
[997268532] 0.173835
[997276068] 0.173743
[997284558] 0.172712
[997293369] 0.172712
[997299112] 0.172525
[997307610] 0.172749
[997314763] 0.172588
[997322498] 0.172181
[997330107] 0.171359
[997337667] 0.171344
[997349112] 0.171399
[997353153] 0.171260
[997361100] 0.170838
[997368136] 0.170834
[997375600] 0.170816
[997383193] 0.170658
[997390808] 0.170291
[997398502] 0.170291
[997406854] 0.170291
[997415324] 0.170134
[997422077] 0.169855
[997429718] 0.169818
[997440080] 0.169716
[997446006] 0.169294
[997452597] 0.169180
[997462271] 0.169147
[997469897] 0.169121
[997475723] 0.168586
[997484721] 0.168450
[997491609] 0.168546
[997501040] 0.168457
[997507897] 0.168091
[997514575] 0.167863
[997522606] 0.168080
[997532222] 0.168204
[997538490] 0.167966
[997545786] 0.167394
[997552819] 0.167412
[997563485] 0.168076
[997568408] 0.168146
[997576111] 0.167849
[997585112] 0.167456
[997593151] 0.167342
[997598666] 0.167309
[997606733] 0.167001
[997614456] 0.166873
[997622559] 0.166884
[997630358] 0.166719
[997636917] 0.166422
[997646034] 0.166220
[997652789] 0.166260
[997661363] 0.166147
[997668137] 0.165883
[997676057] 0.165710
[997683361] 0.165809
[997691084] 0.165809
[997698835] 0.165013
[997709707] 0.165002
[997715048] 0.165241
[997722241] 0.165226
[997729869] 0.164580
[997740203] 0.164580
[997746023] 0.163876
[997752786] 0.163953
[997762029] 0.163700
[997770114] 0.163275
[997776286] 0.162893
[997784576] 0.162900
[997791347] 0.162867
[997800758] 0.162170
[997807262] 0.161899
[997814590] 0.161877
[997822418] 0.161991
[997831600] 0.161793
[997837647] 0.161455
[997846821] 0.161305
[997853057] 0.161334
[997863765] 0.161275
[997868145] 0.160934
[997875820] 0.160604
[997884615] 0.160718
[997892511] 0.160641
[997898567] 0.160314
[997907245] 0.159874
[997914604] 0.159911
[997922443] 0.159838
[997930464] 0.159016
[997936994] 0.158858
[997945798] 0.159064
[997952783] 0.159078
[997962043] 0.158675
[997968248] 0.158183
[997975504] 0.157963
[997983188] 0.158040
[997990941] 0.157868
[997998590] 0.157347
[998006680] 0.157347
[998015076] 0.157395
[998021909] 0.157365
[998029489] 0.156977
[998038815] 0.156951
[998046465] 0.156958
[998052663] 0.156918
[998061858] 0.156742
[998069974] 0.156566
[998075955] 0.156544
[998084847] 0.156511
[998091259] 0.156415
[998100558] 0.156005
[998106825] 0.156034
[998114769] 0.156052
[998122444] 0.155839
[998132375] 0.155594
[998137464] 0.155594
[998145804] 0.155546
[998152502] 0.155231
[998164248] 0.155040
[998168282] 0.155040
[998175826] 0.154904
[998184320] 0.154603
[998192828] 0.154475
[998198714] 0.154398
[998207021] 0.154299
[998214761] 0.154145
[998222772] 0.154104
[998229943] 0.153980
[998237618] 0.153782
[998245358] 0.153595
[998254551] 0.153569
[998261828] 0.153518
[998267987] 0.153250
[998275762] 0.153099
[998283751] 0.153096
[998291595] 0.153081
[998299145] 0.152549
[998310106] 0.152476
[998315726] 0.152553
[998322510] 0.152546
[998329915] 0.152241
[998340584] 0.152094
[998346056] 0.152102
[998352710] 0.152091
[998361868] 0.151522
[998369576] 0.151390
[998375615] 0.151526
[998384969] 0.151302
[998391247] 0.150976
[998401046] 0.150829
[998407567] 0.151111
[998414391] 0.151342
[998422296] 0.151174
[998431876] 0.150594
[998437762] 0.150591
[998447191] 0.150763
[998453050] 0.151210
[998464901] 0.150319
[998468938] 0.150077
[998476060] 0.150095
[998484857] 0.150668
[998492663] 0.150690
[998498823] 0.150690
[998507267] 0.149853
[998514286] 0.149685
[998522115] 0.149820
[998529703] 0.149993
[998537487] 0.149787
[998548671] 0.149332
[998552722] 0.149365
[998561865] 0.149439
[998568214] 0.149435
[998576118] 0.148940
[998583965] 0.148819
[998591566] 0.148804
[998599026] 0.147983
[998609320] 0.147293
[998615288] 0.146633
[998621662] 0.146647
[998629445] 0.146673
[998639463] 0.146394
[998647029] 0.145184
[998653045] 0.144700
[998661014] 0.144527
[998669591] 0.144637
[998675738] 0.144450
[998683964] 0.143357
[998691417] 0.143357
[998700646] 0.142998
[998707094] 0.143203
[998714570] 0.143100
[998722133] 0.142983
[998731442] 0.142858
[998737371] 0.142855
[998746280] 0.142803
[998752530] 0.142763
[998764330] 0.142679
[998768676] 0.142679
[998776669] 0.142605
[998784382] 0.142591
[998791948] 0.142554
[998798832] 0.142414
[998807720] 0.142356
[998814683] 0.142334
[998822696] 0.142235
[998829466] 0.142103
[998837433] 0.142070
[998846395] 0.142070
[998853977] 0.141956
[998860855] 0.141912
[998868324] 0.141897
[998875929] 0.141692
[998883568] 0.141637
[998891410] 0.141593
[998898875] 0.141541
[998910291] 0.141406
[998915558] 0.141358
[998922103] 0.141340
[998929714] 0.141270
[998940531] 0.141156
[998945885] 0.141123
[998952906] 0.141112
[998962028] 0.141024
[998969753] 0.141002
[998975844] 0.140969
[998984625] 0.140903
[998991062] 0.140804
[999000348] 0.140757
[999007230] 0.140746
[999014652] 0.140669
[999022385] 0.140584
[999032238] 0.140518
[999037563] 0.140470
[999045770] 0.140415
[999052565] 0.140379
[999064246] 0.140294
[999068384] 0.140294
[999076438] 0.140214
[999084567] 0.140181
[999092266] 0.140107
[999098597] 0.140107
[999107608] 0.139983
[999114458] 0.139902
[999122455] 0.139858
[999130218] 0.139796
[999138476] 0.139715
[999145684] 0.139685
[999152957] 0.139630
[999161847] 0.139517
[999168153] 0.139495
[999176038] 0.139473
[999183811] 0.139348
[999191568] 0.139311
[999199007] 0.139267
[999209048] 0.139242
[999215225] 0.139150
[999222090] 0.139135
[999230012] 0.139095
[999239637] 0.139055
[999245636] 0.139011
[999252622] 0.138967
[999261610] 0.138923
[999269487] 0.138882
[999275891] 0.138757
[999284115] 0.138728
[999291144] 0.138702
[999300789] 0.138438
[999307157] 0.138398
[999314949] 0.138391
[999322041] 0.138365
[999331534] 0.138215
[999337757] 0.138185
[999346001] 0.138108
[999352571] 0.138086
[999364815] 0.138046
[999369027] 0.137995
[999375913] 0.137947
[999384945] 0.137862
[999392481] 0.137851
[999398614] 0.137793
[999406707] 0.137793
[999414677] 0.137679
[999422672] 0.137657
[999429630] 0.137617
[999437143] 0.137613
[999445910] 0.137529
[999452780] 0.137529
[999461942] 0.137422
[999468037] 0.137393
[999475782] 0.137265
[999483747] 0.137206
[999491450] 0.137195
[999499017] 0.137026
[999509657] 0.137000
[999515778] 0.136938
[999521579] 0.136912
[999529430] 0.136766
[999539758] 0.136766
[999546349] 0.136696
[999552585] 0.136659
[999561479] 0.136615
[999569646] 0.136571
[999575817] 0.136472
[999584624] 0.136425
[999591613] 0.136399
[999601619] 0.136274
[999606877] 0.136245
[999614816] 0.136219
[999622158] 0.136164
[999631739] 0.136094
[999637939] 0.136076
[999646183] 0.136021
[999652757] 0.135966
[999664891] 0.135889
[999669045] 0.135860
[999675541] 0.135819
[999684709] 0.135746
[999693532] 0.135717
[999699509] 0.135654
[999707369] 0.135621
[999714914] 0.135555
[999723442] 0.135526
[999729722] 0.135464
[999738028] 0.135434
[999746434] 0.135379
[999752924] 0.135343
[999762643] 0.135262
[999768545] 0.135262
[999775725] 0.135181
[999783217] 0.135141
[999791044] 0.134983
[999798707] 0.134957
[999809193] 0.134946
[999815250] 0.134682
[999822122] 0.134649
[999830041] 0.134631
[999840130] 0.134591
[999846071] 0.134348
[999852769] 0.134319
[999862235] 0.134308
[999870193] 0.134172
[999876214] 0.133912
[999885923] 0.133886
[999891444] 0.133890
[999901036] 0.133710
[999907930] 0.133446
[999915111] 0.133464
[999922089] 0.133461
[999931946] 0.133402
[999937987] 0.132973
[999946059] 0.132698
[999952566] 0.132867
[999964566] 0.132437
[999968578] 0.131935
[999975790] 0.131663
[999984517] 0.131686
[999993032] 0.131579
[999998892] 0.130567
[1000007245] 0.130248
[1000014319] 0.130416
[1000022177] 0.130743
[1000030086] 0.130684
[1000038316] 0.130292
[1000045638] 0.129485
[1000052681] 0.129463
[1000062189] 0.129639
[1000068642] 0.129584
[1000075847] 0.128920
[1000083270] 0.128821
[1000091030] 0.129067
[1000098726] 0.128909
[1000109344] 0.128414
[1000114919] 0.127651
[1000122728] 0.127643
[1000129830] 0.127830
[1000140408] 0.127731
[1000146192] 0.127012
[1000152828] 0.126869
[1000162132] 0.126924
[1000170377] 0.127031
[1000176256] 0.126352
[1000184443] 0.125740
[1000191500] 0.125285
[1000200122] 0.125417
[1000207129] 0.125380
[1000214527] 0.124592
[1000222017] 0.124390
[1000231455] 0.124401
[1000237568] 0.124445
[1000246537] 0.123997
[1000252619] 0.123880
[1000264785] 0.124038
[1000268635] 0.124030
[1000276159] 0.123810
[1000285533] 0.123227
[1000292210] 0.123179
[1000298530] 0.123421
[1000307120] 0.123421
[1000314279] 0.123407
[1000322587] 0.123414
[1000329788] 0.123414
[1000338599] 0.123414
[1000346343] 0.123410
[1000352575] 0.123414
[1000409121] 0.123410
[1000413816] 0.123410
[1000422068] 0.123410
[1000428909] 0.123410
[1000440199] 0.123414
[1000445619] 0.123410
[1000451853] 0.123414
[1000459505] 0.123410
[1000468996] 0.123410
[1000475311] 0.123410
[1000482911] 0.123410
[1000490616] 0.123414
[1000500120] 0.123410
[1000506126] 0.123414
[1000513999] 0.123410
[1000520731] 0.123414
[1000530224] 0.123410
[1000536185] 0.123410
[1000545513] 0.123410
[1000551585] 0.123410
[1000561043] 0.123414
[1000567112] 0.123410
[1000575443] 0.123414
[1000583147] 0.123414
[1000592217] 0.123414
[1000598019] 0.123414
[1000605830] 0.123410
[1000613304] 0.123414
[1000622713] 0.123410
[1000628578] 0.123414
[1000636427] 0.123410
[1000645762] 0.123414
[1000651676] 0.123414
[1000659419] 0.123410
[1000667228] 0.123414
[1000674888] 0.123410
[1000682713] 0.123410
[1000690785] 0.123410
[1000698586] 0.123410
[1000751599] 0.123410
[1000755722] 0.123414
[1000763378] 0.123414
[1000771993] 0.123410
[1000779284] 0.123414
[1000787141] 0.123410
[1000841290] 0.123414
[1000846861] 0.122838
[1000853254] 0.122912
[1000864238] 0.122890
[1000868372] 0.122890
[1000876093] 0.122897
[1000886254] 0.122901
[1000892629] 0.122897
[1000899385] 0.122904
[1000908899] 0.122901
[1000915967] 0.122908
[1000922480] 0.122904
[1000930277] 0.122908
[1000938228] 0.122908
[1000949205] 0.122908
[1000953217] 0.122908
[1000963081] 0.122908
[1000969039] 0.122908
[1000978651] 0.122912
[1000983883] 0.122912
[1000992265] 0.122912
[1001000124] 0.122915
[1001009927] 0.122915
[1001015437] 0.122915
[1001023167] 0.122915
[1001030676] 0.122919
[1001040635] 0.122919
[1001046990] 0.122923
[1001053291] 0.122923
[1001062780] 0.122923
[1001070489] 0.122926
[1001076702] 0.122926
[1001084252] 0.122930
[1001092576] 0.122930
[1001101137] 0.122915
[1001108806] 0.122765
[1001115523] 0.122666
[1001123107] 0.122673
[1001132301] 0.122655
[1001140650] 0.122644
[1001145801] 0.122633
[1001153710] 0.122625
[1001164061] 0.122603
[1001168602] 0.122592
[1001177111] 0.122574
[1001185030] 0.122574
[1001193614] 0.122552
[1001199629] 0.122541
[1001209065] 0.122537
[1001215464] 0.122530
[1001223105] 0.122526
[1001230356] 0.122504
[1001238588] 0.122508
[1001248961] 0.122504
[1001253115] 0.122497
[1001262718] 0.122490
[1001268619] 0.122490
[1001278153] 0.122317
[1001284167] 0.122281
[1001292481] 0.122277
[1001299679] 0.122277
[1001311706] 0.122270
[1001316150] 0.122244
[1001322703] 0.122244
[1001330407] 0.122222
[1001341446] 0.122218
[1001347237] 0.122204
[1001353223] 0.122189
[1001361385] 0.122182
[1001370896] 0.122167
[1001376845] 0.122130
[1001384737] 0.121991
[1001391735] 0.121973
[1001401692] 0.121936
[1001408304] 0.121936
[1001415421] 0.121899
[1001422796] 0.121881
[1001432539] 0.121881
[1001439263] 0.121859
[1001446608] 0.121841
[1001453191] 0.121767
[1001463746] 0.121606
[1001468442] 0.121606
[1001475970] 0.121595
[1001485707] 0.121562
[1001492501] 0.121565
[1001500225] 0.121433
[1001508039] 0.121294
[1001515101] 0.121276
[1001523308] 0.121272
[1001530174] 0.121100
[1001539276] 0.120960
[1001548907] 0.120942
[1001553230] 0.120788
[1001561840] 0.120337
[1001568449] 0.120359
[1001578891] 0.120436
[1001583898] 0.119871
[1001591953] 0.119662
[1001599978] 0.119904
[1001611893] 0.119929
[1001616226] 0.119640
[1001622550] 0.119592
[1001631072] 0.120014
[1001640932] 0.120014
[1001647049] 0.120091
[1001653161] 0.119607
[1001662662] 0.119203
[1001670272] 0.119284
[1001676288] 0.119442
[1001685895] 0.118822
[1001692121] 0.118239
[1001701976] 0.117809
[1001707481] 0.117853
[1001715159] 0.117894
[1001722760] 0.117611
[1001732942] 0.117138
[1001738935] 0.117197
[1001747036] 0.117461
[1001753039] 0.117377
[1001765063] 0.116881
[1001769335] 0.117010
[1001776673] 0.117013
[1001785134] 0.116837
[1001793242] 0.116540
[1001799377] 0.116463
[1001808651] 0.116375
[1001815679] 0.116074
[1001822314] 0.116078
[1001830123] 0.116063
[1001837816] 0.116056
[1001849814] 0.115862
[1001854787] 0.115847
[1001862382] 0.115840
[1001868311] 0.115766
[1001875964] 0.115546
[1001883786] 0.115539
[1001891387] 0.115524
[1001899510] 0.115458
[1001911240] 0.115260
[1001915856] 0.115234
[1001922840] 0.115179
[1001930823] 0.115135
[1001941389] 0.115095
[1001947074] 0.115077
[1001953109] 0.115051
[1001962448] 0.115022
[1001970280] 0.114948
[1001976046] 0.114923
[1001985058] 0.114879
[1001991533] 0.114849
[1002001794] 0.114802
[1002007825] 0.114780
[1002015175] 0.114721
[1002022825] 0.114695
[1002031898] 0.114644
[1002039510] 0.114618
[1002046582] 0.114567
[1002053162] 0.114567
[1002063237] 0.114486
[1002069470] 0.114431
[1002075926] 0.114398
[1002085332] 0.114347
[1002092032] 0.114310
[1002099886] 0.114251
[1002107472] 0.114229
[1002114605] 0.114182
[1002122866] 0.114149
[1002130578] 0.114112
[1002138014] 0.114061
[1002146325] 0.114006
[1002154447] 0.113962
[1002162999] 0.113932
[1002169299] 0.113866
[1002178497] 0.113866
[1002184332] 0.113793
[1002192130] 0.113730
[1002200156] 0.113672
[1002211292] 0.113657
[1002215915] 0.113606
[1002222690] 0.113576
[1002230548] 0.113514
[1002242335] 0.113485
[1002247461] 0.113441
[1002253333] 0.113411
[1002261453] 0.113364
[1002271544] 0.113312
[1002276407] 0.113283
[1002285735] 0.113228
[1002292361] 0.113206
[1002300906] 0.113155
[1002307575] 0.113125
[1002315353] 0.113074
[1002323235] 0.113045
[1002332399] 0.112997
[1002339016] 0.112971
[1002346495] 0.112916
[1002353271] 0.112891
[1002363728] 0.112836
[1002368425] 0.112813
[1002376117] 0.112766
[1002385375] 0.112714
[1002392344] 0.112689
[1002400475] 0.112634
[1002408266] 0.112604
[1002415277] 0.112553
[1002423110] 0.112527
[1002430356] 0.112476
[1002438686] 0.112443
[1002446045] 0.112395
[1002453923] 0.112370
[1002462005] 0.112318
[1002468489] 0.112289
[1002477775] 0.112219
[1002484124] 0.112172
[1002491820] 0.112157
[1002499606] 0.112106
[1002511784] 0.112076
[1002516442] 0.112014
[1002522471] 0.111988
[1002530602] 0.111941
[1002542007] 0.111889
[1002546964] 0.111863
[1002553396] 0.111834
[1002563117] 0.111779
[1002570442] 0.111731
[1002576524] 0.111706
[1002584785] 0.111654
[1002592313] 0.111632
[1002602344] 0.111581
[1002608780] 0.111581
[1002615696] 0.111504
[1002622335] 0.111475
[1002632390] 0.111427
[1002638683] 0.111405
[1002646298] 0.111361
[1002653388] 0.111332
[1002663854] 0.111280
[1002668511] 0.111251
[1002676255] 0.111207
[1002684898] 0.111181
[1002693001] 0.111134
[1002699362] 0.111086
[1002708981] 0.111060
[1002715653] 0.111009
[1002722384] 0.110987
[1002730265] 0.110939
[1002738247] 0.110913
[1002746042] 0.110862
[1002776711] 0.110800
[1002780896] 0.110638
[1002788847] 0.110609
[1002796673] 0.110558
[1002804882] 0.110569
[1002814819] 0.110565
[1002819499] 0.110561
[1002827286] 0.110554
[1002883765] 0.110521
