[975015575] 1.570797
[975023173] 1.570797
[975032461] 1.570797
[975039494] 1.570797
[975046674] 1.570797
[975053968] 1.570797
[975063760] 1.570797
[975068638] 1.570797
[975076524] 1.570797
[975084508] 1.570797
[975094140] 1.570797
[975100145] 1.570797
[975108350] 1.570797
[975114925] 1.570797
[975124527] 1.570797
[975135060] 1.570797
[975140843] 1.570797
[975146138] 1.570800
[975154010] 1.570800
[975161784] 1.570800
[975168699] 1.570800
[975176632] 1.570800
[975184707] 1.570800
[975192347] 1.570800
[975199979] 1.570800
[975207616] 1.570800
[975215707] 1.570800
[975222505] 1.570800
[975234389] 1.570800
[975243651] 1.570800
[975248385] 1.570800
[975254492] 1.570800
[975261486] 1.570800
[975271515] 1.570800
[975276431] 1.570800
[975284701] 1.570800
[975292624] 1.570800
[975301491] 1.570800
[975307511] 1.570800
[975315522] 1.570800
[975322894] 1.570800
[975332485] 1.570800
[975338680] 1.570800
[975346833] 1.570800
[975353430] 1.570800
[975363318] 1.570800
[975369341] 1.570800
[975376983] 1.570800
[975384488] 1.570800
[975394354] 1.570800
[975400130] 1.570800
[975407703] 1.570800
[975415070] 1.570800
[975472197] 1.570800
[975476518] 1.570800
[975485552] 1.570800
[975491943] 1.570800
[975500200] 1.570800
[975508163] 1.570800
[975516493] 1.570800
[975522631] 1.570800
[975530326] 1.570674
[975540450] 1.570377
[975546101] 1.569186
[975554685] 1.567368
[975563437] 1.566587
[975570454] 1.565971
[975576944] 1.565325
[975587996] 1.565185
[975592560] 1.565148
[975601629] 1.565099
[975609004] 1.565080
[975616560] 1.565090
[975622664] 1.565096
[975632317] 1.565087
[975639273] 1.565074
[975647174] 1.565074
[975654459] 1.565056
[975662658] 1.565041
[975668511] 1.565034
[975676606] 1.565034
[975686268] 1.565034
[975694672] 1.565034
[975699779] 1.565013
[975708221] 1.564992
[975716754] 1.564940
[975724651] 1.564891
[975730837] 1.564878
[975737979] 1.564875
[975746927] 1.564875
[975754609] 1.564875
[975763548] 1.564875
[975769109] 1.564869
[975777066] 1.564866
[975784860] 1.564854
[975791754] 1.564851
[975799579] 1.564842
[975815757] 1.564836
[975819851] 1.564833
[975824165] 1.564826
[975840374] 1.564820
[975850556] 1.564817
[975854883] 1.564802
[975863960] 1.564640
[975871774] 1.563773
[975878010] 1.563020
[975887380] 1.561217
[975893713] 1.559716
[975904379] 1.559009
[975909972] 1.558917
[975917444] 1.558975
[975923917] 1.558951
[975934298] 1.558945
[975939491] 1.558951
[975948799] 1.558957
[975956551] 1.558982
[975964560] 1.558978
[975970654] 1.558972
[975979005] 1.558969
[975987918] 1.558975
[975994702] 1.558969
[976001046] 1.558966
[976010297] 1.558972
[976017949] 1.558975
[976026584] 1.558969
[976043781] 1.558951
[976050658] 1.558942
[976056715] 1.558914
[976064687] 1.558884
[976071095] 1.558688
[976081479] 1.557711
[976086661] 1.556890
[976094641] 1.554961
[976102559] 1.554150
[976114964] 1.553079
[976119517] 1.552815
[976125605] 1.552947
[976133864] 1.552971
[976143056] 1.552974
[976149581] 1.552974
[976158032] 1.552977
[976164911] 1.552984
[976173927] 1.552996
[976179000] 1.552984
[976188109] 1.552974
[976194163] 1.552925
[976204159] 1.552301
[976212818] 1.551692
[976217795] 1.550865
[976225404] 1.548948
[976235325] 1.547472
[976241074] 1.546983
[976249841] 1.546588
[976256649] 1.546664
[976267282] 1.546937
[976271352] 1.546930
[976279202] 1.546894
[976288208] 1.546682
[976295385] 1.545681
[976301911] 1.544901
[976311026] 1.543085
[976318314] 1.542255
[976325052] 1.541058
[976333284] 1.540786
[976340416] 1.540678
[976351916] 1.540605
[976357879] 1.539940
[976364651] 1.538550
[976371184] 1.537647
[976381021] 1.536012
[976389349] 1.535241
[976394436] 1.534056
[976402293] 1.532115
[976411162] 1.530510
[976417294] 1.529696
[976425110] 1.527834
[976433164] 1.526496
[976443243] 1.524041
[976448902] 1.523040
[976456995] 1.521408
[976464960] 1.519396
[976472635] 1.518358
[976478464] 1.516631
[976488396] 1.515743
[976494619] 1.514724
[976504449] 1.511628
[976510221] 1.510184
[976517790] 1.508852
[976525523] 1.506638
[976533645] 1.505701
[976540277] 1.503937
[976550099] 1.501252
[976556803] 1.499669
[976564919] 1.497450
[976571214] 1.496476
[976578978] 1.494820
[976587976] 1.493711
[976594731] 1.491678
[976601917] 1.490787
[976610800] 1.489030
[976620042] 1.487998
[976625279] 1.485420
[976633406] 1.483972
[976640343] 1.481409
[976653097] 1.479765
[976658489] 1.478914
[976664666] 1.476814
[976671166] 1.475745
[976680763] 1.474073
[976691333] 1.472720
[976695800] 1.471933
[976701937] 1.470871
[976711454] 1.468170
[976717533] 1.466805
[976725603] 1.464539
[976732997] 1.463666
[976745976] 1.461995
[976752101] 1.459946
[976756369] 1.459175
[976764465] 1.457681
[976772967] 1.457068
[976778800] 1.455819
[976787195] 1.455109
[976794495] 1.453474
[976804311] 1.451671
[976813135] 1.450856
[976817660] 1.449815
[976825817] 1.447372
[976833871] 1.446104
[976840405] 1.443921
[976848889] 1.443107
[976857295] 1.442155
[976864788] 1.439194
[976871438] 1.437611
[976879587] 1.434712
[976887390] 1.433511
[976894420] 1.431723
[976902192] 1.430746
[976911777] 1.428395
[976917754] 1.426944
[976924887] 1.424201
[976933433] 1.423245
[976940509] 1.421803
[976952341] 1.420906
[976957212] 1.418307
[976964445] 1.417057
[976971096] 1.415502
[976980458] 1.414183
[976989037] 1.413206
[976994655] 1.411191
[977002385] 1.410257
[977011926] 1.408812
[977017528] 1.407989
[977025442] 1.406283
[977033118] 1.405245
[977042185] 1.403626
[977050391] 1.402202
[977056048] 1.401293
[977064256] 1.400236
[977073388] 1.399211
[977079183] 1.396633
[977087644] 1.395938
[977094128] 1.394388
[977103739] 1.392894
[977111992] 1.392147
[977117269] 1.391275
[977125087] 1.390231
[977134769] 1.387726
[977141414] 1.387013
[977148621] 1.386314
[977157185] 1.385249
[977168077] 1.383795
[977172189] 1.382846
[977178792] 1.380917
[977187486] 1.380102
[977194582] 1.378663
[977202175] 1.377806
[977211305] 1.376137
[977218096] 1.375161
[977224913] 1.373636
[977233119] 1.372910
[977240408] 1.372028
[977252732] 1.369062
[977257791] 1.367733
[977264636] 1.365449
[977271249] 1.364536
[977281273] 1.362932
[977288757] 1.361946
[977294618] 1.359344
[977302436] 1.358254
[977311128] 1.356288
[977317313] 1.355599
[977325216] 1.354071
[977333431] 1.353082
[977342043] 1.351405
[977349848] 1.350706
[977358368] 1.349136
[977364964] 1.347103
[977373052] 1.347103
[977379021] 1.345321
[977387919] 1.344617
[977394516] 1.343168
[977404519] 1.341053
[977412897] 1.339846
[977417644] 1.338864
[977424865] 1.337192
[977434108] 1.336261
[977440574] 1.334697
[977449302] 1.333769
[977457843] 1.332211
[977465623] 1.330735
[977472446] 1.329880
[977478744] 1.328864
[977487763] 1.327348
[977494854] 1.326038
[977502063] 1.325331
[977511107] 1.323641
[977517902] 1.322434
[977525483] 1.320306
[977532590] 1.319428
[977541662] 1.317940
[977551957] 1.316320
[977557193] 1.315319
[977564871] 1.313632
[977570920] 1.312863
[977580865] 1.311250
[977586641] 1.310233
[977594370] 1.307750
[977602102] 1.306777
[977615573] 1.304275
[977619600] 1.303565
[977625585] 1.302732
[977633928] 1.300981
[977642116] 1.300099
[977650413] 1.298838
[977656309] 1.298522
[977665137] 1.298424
[977673365] 1.298700
[977679487] 1.299793
[977687948] 1.300476
[977694059] 1.301437
[977703840] 1.301664
[977712134] 1.301688
[977717363] 1.301697
[977724796] 1.301722
[977734563] 1.301764
[977741102] 1.301755
[977749311] 1.301749
[977756444] 1.301749
[977764277] 1.301749
[977771891] 1.301749
[977779552] 1.301752
[977787547] 1.301755
[977885093] 1.301746
[977889522] 1.301749
[977898271] 1.301749
[977904965] 1.301749
[977913575] 1.301749
[977920322] 1.301752
[977928128] 1.301752
[977937056] 1.301752
[977946334] 1.301752
[977951156] 1.301752
[977959361] 1.301752
[977967419] 1.301752
[977974155] 1.301752
[977982113] 1.301752
[977989659] 1.301749
[977997448] 1.301749
[978004828] 1.301749
[978012777] 1.301749
[978020512] 1.301749
[978040826] 1.301749
[978046098] 1.301752
[978052883] 1.301752
[978108844] 1.301752
[978113066] 1.301749
[978123403] 1.301749
[978129537] 1.301749
[978137143] 1.301752
[978187879] 1.301752
[978192115] 1.299095
[978200114] 1.296817
[978210299] 1.295816
[978217753] 1.294340
[978223943] 1.293672
[978230715] 1.293623
[978241283] 1.294077
[978246305] 1.294625
[978255412] 1.295895
[978263625] 1.296339
[978270579] 1.296670
[978276924] 1.296682
[978287481] 1.296682
[978292677] 1.296688
[978301453] 1.296734
[978307979] 1.296731
[978316481] 1.296713
[978323173] 1.296722
[978333226] 1.296740
[978338416] 1.296737
[978347391] 1.296737
[978355134] 1.296740
[978363222] 1.296734
[978369300] 1.296716
[978377182] 1.296707
[978386153] 1.296707
[978395358] 1.296707
[978399740] 1.296710
[978408302] 1.296713
[978416385] 1.296725
[978424654] 1.296716
[978430600] 1.296587
[978439256] 1.295763
[978447849] 1.295059
[978456225] 1.293029
[978462587] 1.292019
[978469745] 1.290494
[978477100] 1.290020
[978485834] 1.289628
[978493661] 1.289732
[978499888] 1.290482
[978507934] 1.290956
[978516225] 1.291440
[978523269] 1.291514
[978531781] 1.291566
[978540571] 1.291566
[978547529] 1.291627
[978554047] 1.291667
[978564090] 1.291667
[978570727] 1.291670
[978577155] 1.291673
[978585545] 1.291520
[978593233] 1.291208
[978601753] 1.289968
[978608824] 1.289058
[978616854] 1.286989
[978623070] 1.286128
[978633317] 1.284949
[978638916] 1.284671
[978647322] 1.284656
[978655306] 1.285400
[978662298] 1.285914
[978669630] 1.286520
[978676745] 1.286594
[978686644] 1.286364
[978695343] 1.285650
[978700137] 1.285011
[978708867] 1.284202
[978716671] 1.282224
[978723610] 1.281291
[978730568] 1.279965
[978739516] 1.279610
[978747480] 1.279502
[978757056] 1.279968
[978762444] 1.280069
[978769337] 1.279913
[978777119] 1.279607
[978786226] 1.278345
[978792906] 1.277488
[978799598] 1.276107
[978807715] 1.275574
[978815487] 1.274983
[978823364] 1.273557
[978831396] 1.272014
[978840118] 1.271309
[978846674] 1.269824
[978855143] 1.268750
[978863178] 1.266766
[978871945] 1.265933
[978876814] 1.264641
[978887135] 1.262890
[978892326] 1.261999
[978902813] 1.260615
[978912919] 1.259179
[978917355] 1.258340
[978923371] 1.257342
[978932896] 1.255851
[978939262] 1.254635
[978946424] 1.254035
[978954459] 1.252513
[978964360] 1.250836
[978969507] 1.250070
[978977712] 1.249292
[978985415] 1.248028
[978994459] 1.246460
[979000507] 1.245673
[979008123] 1.244687
[979016128] 1.242235
[979024337] 1.240759
[979031080] 1.240205
[979039494] 1.239329
[979047787] 1.238662
[979055316] 1.236699
[979062334] 1.235882
[979069115] 1.234363
[979077258] 1.233788
[979085909] 1.232376
[979092823] 1.231381
[979100869] 1.228932
[979107676] 1.227854
[979115244] 1.226394
[979123673] 1.225833
[979130651] 1.224076
[979140735] 1.222312
[979147242] 1.221620
[979154559] 1.220414
[979162434] 1.219489
[979170847] 1.217726
[979177280] 1.217028
[979185853] 1.215788
[979192798] 1.215105
[979202476] 1.213583
[979209235] 1.212698
[979216528] 1.211351
[979223146] 1.210840
[979232720] 1.209208
[979239089] 1.207616
[979247162] 1.206887
[979254644] 1.205641
[979263403] 1.205041
[979269417] 1.203501
[979276695] 1.202503
[979286909] 1.200087
[979295285] 1.198630
[979300307] 1.197907
[979308760] 1.197332
[979316113] 1.195553
[979324370] 1.193495
[979330679] 1.192687
[979339605] 1.191119
[979347530] 1.191119
[979353913] 1.189573
[979362476] 1.187739
[979369088] 1.186260
[979376992] 1.185731
[979385574] 1.184368
[979393103] 1.183376
[979400129] 1.180878
[979407997] 1.180878
[979415859] 1.178581
[979422978] 1.178082
[979431064] 1.177495
[979441723] 1.175716
[979447252] 1.174641
[979453797] 1.173536
[979463016] 1.171717
[979471092] 1.170400
[979476978] 1.169647
[979486180] 1.167920
[979492077] 1.167131
[979501661] 1.165658
[979508327] 1.164932
[979515564] 1.163521
[979523125] 1.162691
[979532752] 1.161368
[979538579] 1.160744
[979547845] 1.159299
[979554058] 1.158374
[979564959] 1.156923
[979569216] 1.155860
[979577037] 1.155346
[979586514] 1.153815
[979593757] 1.153031
[979600239] 1.151782
[979608978] 1.151216
[979615949] 1.150040
[979623705] 1.149268
[979630570] 1.147728
[979638851] 1.146323
[979646791] 1.146323
[979654541] 1.144523
[979662215] 1.143821
[979669293] 1.142428
[979677210] 1.141865
[979684653] 1.140986
[979692241] 1.140261
[979700422] 1.139373
[979711170] 1.137876
[979716846] 1.136418
[979723102] 1.135910
[979731088] 1.135120
[979741646] 1.134446
[979747132] 1.133868
[979753512] 1.133185
[979763084] 1.131330
[979771260] 1.129759
[979777232] 1.129759
[979786473] 1.128354
[979793060] 1.127668
[979801185] 1.126210
[979808027] 1.125586
[979815628] 1.124670
[979823420] 1.123963
[979833298] 1.123115
[979838563] 1.121728
[979847547] 1.119866
[979854094] 1.118320
[979864862] 1.117784
[979869241] 1.116557
[979877210] 1.115663
[979886272] 1.114377
[979894072] 1.112264
[979899993] 1.110712
[979908360] 1.110280
[979915602] 1.109153
[979923271] 1.108428
[979931262] 1.106934
[979938990] 1.105482
[979946690] 1.104904
[979954484] 1.103688
[979962072] 1.102699
[979968811] 1.100743
[979976688] 1.099947
[979984502] 1.098701
[979992247] 1.097874
[979999942] 1.095620
[980010897] 1.094561
[980016193] 1.092984
[980022855] 1.092142
[980030700] 1.089788
[980040658] 1.088395
[980047084] 1.085976
[980053764] 1.084436
[980062889] 1.083545
[980071005] 1.081775
[980077198] 1.081031
[980085214] 1.079779
[980092302] 1.079081
[980101986] 1.077633
[980108860] 1.076864
[980116132] 1.075624
[980123299] 1.075104
[980133826] 1.073741
[980138527] 1.072887
[980147940] 1.071503
[980153924] 1.070995
[980165837] 1.069173
[980170124] 1.068423
[980176720] 1.067581
[980186458] 1.066240
[980193766] 1.065591
[980199555] 1.064204
[980207721] 1.063279
[980215538] 1.061121
[980223535] 1.060080
[980230820] 1.058417
[980239367] 1.057199
[980247147] 1.056467
[980253507] 1.055588
[980262553] 1.054755
[980268848] 1.052637
[980276508] 1.052003
[980284167] 1.050910
[980292042] 1.050147
[980299680] 1.049036
[980308032] 1.046963
[980315885] 1.045337
[980322613] 1.044808
[980331190] 1.043947
[980341265] 1.043182
[980346932] 1.041526
[980353843] 1.040889
[980363261] 1.039511
[980371248] 1.038801
[980377250] 1.037573
[980386999] 1.036088
[980393225] 1.035472
[980401088] 1.034285
[980408390] 1.033339
[980415885] 1.031590
[980423079] 1.031005
[980433107] 1.029652
[980439590] 1.028256
[980447203] 1.027212
[980453525] 1.026128
[980465132] 1.023722
[980469230] 1.023226
[980476906] 1.022543
[980486595] 1.021637
[980494088] 1.020087
[980499831] 1.018710
[980508738] 1.018302
[980515784] 1.017096
[980523531] 1.016435
[980531212] 1.015207
[980539823] 1.013863
[980546750] 1.013863
[980554263] 1.011444
[980562517] 1.010329
[980569022] 1.008492
[980576587] 1.007828
[980584618] 1.006603
[980592526] 1.005807
[980600120] 1.004638
[980610770] 1.002519
[980616374] 1.000927
[980622616] 1.000486
[980630743] 0.999699
[980641448] 0.999059
[980646900] 0.997574
[980653853] 0.996858
[980663176] 0.995826
[980671419] 0.994715
[980677180] 0.993983
[980686121] 0.992375
[980692736] 0.991696
[980701049] 0.990624
[980708519] 0.989975
[980715611] 0.988640
[980723720] 0.987884
[980733196] 0.986619
[980738045] 0.986619
[980747698] 0.984972
[980753792] 0.983796
[980766115] 0.983056
[980770426] 0.982801
[980776747] 0.982458
[980785909] 0.981056
[980794536] 0.979758
[980800185] 0.979167
[980808356] 0.978607
[980815455] 0.977688
[980823329] 0.977082
[980831257] 0.975753
[980838767] 0.975006
[980847253] 0.973889
[980854737] 0.972780
[980862001] 0.972006
[980868932] 0.970634
[980877473] 0.969740
[980885235] 0.968234
[980891917] 0.967646
[980899688] 0.966372
[980911424] 0.965512
[980916921] 0.964284
[980922928] 0.962306
[980930773] 0.960944
[980940892] 0.960567
[980947198] 0.959697
[980953831] 0.958020
[980962992] 0.957116
[980970635] 0.956431
[980976641] 0.955359
[980985506] 0.954021
[980992529] 0.953430
[981002425] 0.952554
[981009166] 0.952049
[981016146] 0.950751
[981023008] 0.949964
[981032117] 0.948733
[981038475] 0.948733
[981047547] 0.947337
[981053689] 0.946771
[981065971] 0.945280
[981070152] 0.945111
[981076615] 0.944759
[981086264] 0.944174
[981094710] 0.942313
[981099682] 0.941802
[981108199] 0.941376
[981115479] 0.940767
[981123253] 0.940323
[981131256] 0.938997
[981138157] 0.938198
[981147198] 0.936630
[981153705] 0.936027
[981162514] 0.934965
[981169202] 0.933651
[981177368] 0.932828
[981185044] 0.931523
[981192668] 0.931000
[981200349] 0.929735
[981211172] 0.928869
[981216798] 0.927711
[981222652] 0.925994
[981230487] 0.924800
[981242049] 0.924083
[981247470] 0.923489
[981253699] 0.922620
[981263056] 0.920960
[981270756] 0.920014
[981276698] 0.919592
[981286362] 0.918780
[981293250] 0.918339
[981301266] 0.917151
[981308050] 0.916530
[981315288] 0.915354
[981322822] 0.914757
[981332642] 0.913756
[981338975] 0.913756
[981347202] 0.911683
[981353859] 0.911016
[981366178] 0.908830
[981370299] 0.908263
[981376600] 0.907718
[981385983] 0.906729
[981393593] 0.906022
[981399642] 0.904800
[981408382] 0.904130
[981415449] 0.903101
[981423170] 0.902559
[981431269] 0.901292
[981438586] 0.900560
[981448218] 0.899390
[981454824] 0.898934
[981462179] 0.897859
[981469018] 0.896592
[981477313] 0.895903
[981485304] 0.894834
[981492143] 0.894305
[981499536] 0.893028
[981508157] 0.892220
[981516367] 0.890294
[981523016] 0.890294
[981530749] 0.888475
[981540245] 0.887955
[981547655] 0.886966
[981554058] 0.886586
[981562093] 0.886366
[981571156] 0.885349
[981577023] 0.885349
[981586766] 0.883509
[981592560] 0.883019
[981601947] 0.882376
[981608678] 0.882165
[981615453] 0.881295
[981623221] 0.880490
[981633187] 0.879134
[981638458] 0.879134
[981647172] 0.877609
[981653880] 0.877092
[981665613] 0.875729
[981669537] 0.875573
[981677299] 0.875291
[981686271] 0.874321
[981693839] 0.873617
[981699723] 0.872530
[981708841] 0.872199
[981715788] 0.871605
[981723576] 0.871060
[981730360] 0.869777
[981738078] 0.869162
[981747226] 0.868298
[981753926] 0.867821
[981762754] 0.866679
[981769051] 0.865540
[981777019] 0.864973
[981784832] 0.864162
[981792324] 0.863700
[981799850] 0.862414
[981810790] 0.861636
[981816640] 0.859934
[981822733] 0.859934
[981830420] 0.858256
[981841112] 0.857683
[981847002] 0.856575
[981854180] 0.855990
[981861811] 0.855678
[981870863] 0.854588
[981877277] 0.853816
[981886908] 0.852922
[981892351] 0.851765
[981901594] 0.851195
[981907842] 0.850748
[981915546] 0.849371
[981923268] 0.848366
[981932928] 0.846692
[981938918] 0.845724
[981946715] 0.845182
[981954016] 0.844530
[981964906] 0.842359
[981968987] 0.841983
[981976986] 0.841771
[981986228] 0.840902
[981994042] 0.840302
[981999820] 0.839236
[982007909] 0.838829
[982015311] 0.838002
[982023033] 0.837433
[982031066] 0.836224
[982038662] 0.835642
[982046992] 0.834889
[982054153] 0.833995
[982062383] 0.833346
[982069398] 0.832154
[982077400] 0.831413
[982085309] 0.830296
[982092859] 0.829932
[982100349] 0.828839
[982108378] 0.827990
[982116849] 0.826943
[982123177] 0.825321
[982131122] 0.824393
[982140584] 0.824182
[982148504] 0.823879
[982153896] 0.822531
[982162361] 0.820890
[982170917] 0.820122
[982176804] 0.819907
[982186065] 0.819053
[982193287] 0.818233
[982201137] 0.816641
[982207944] 0.816089
[982215788] 0.815189
[982223619] 0.814500
[982233530] 0.813371
[982238329] 0.812865
[982247842] 0.812045
[982253764] 0.810912
[982266178] 0.809893
[982270260] 0.809531
[982276745] 0.809008
[982285812] 0.807740
[982294574] 0.806316
[982300294] 0.805796
[982308656] 0.805367
[982315745] 0.804608
[982323857] 0.803423
[982330543] 0.802851
[982338113] 0.802171
[982347557] 0.801326
[982354107] 0.799672
[982362447] 0.799360
[982368998] 0.798466
[982376806] 0.797731
[982384484] 0.796543
[982392652] 0.796167
[982400115] 0.795141
[982411247] 0.794351
[982416539] 0.792477
[982422824] 0.791501
[982430429] 0.789988
[982440503] 0.789553
[982447240] 0.788561
[982453797] 0.787070
[982462045] 0.786486
[982470590] 0.785374
[982477104] 0.785374
[982485793] 0.783592
[982492775] 0.782879
[982501407] 0.781875
[982507945] 0.781571
[982515310] 0.780690
[982523282] 0.779903
[982533255] 0.778629
[982537979] 0.778629
[982546551] 0.777193
[982553868] 0.776746
[982566299] 0.775760
[982570102] 0.775488
[982576531] 0.775151
[982585479] 0.773932
[982594066] 0.773372
[982600108] 0.772950
[982608812] 0.772334
[982615624] 0.771486
[982623728] 0.770901
[982631015] 0.769802
[982638395] 0.769168
[982647481] 0.768234
[982654098] 0.767818
[982662262] 0.766838
[982669511] 0.765748
[982677558] 0.765167
[982685450] 0.764294
[982692344] 0.763792
[982699982] 0.762631
[982711221] 0.761921
[982716712] 0.760993
[982722643] 0.759778
[982730400] 0.759193
[982740358] 0.758945
[982747995] 0.757993
[982754262] 0.756159
[982762132] 0.755326
[982770782] 0.754056
[982776809] 0.754056
[982786107] 0.752393
[982792828] 0.751585
[982802037] 0.750238
[982808619] 0.749784
[982815420] 0.748805
[982823263] 0.748137
[982832386] 0.746992
[982838628] 0.746671
[982847779] 0.745816
[982854008] 0.744680
[982865385] 0.743462
[982869663] 0.743061
[982877411] 0.742678
[982885340] 0.741447
[982894000] 0.739935
[982900129] 0.739359
[982908430] 0.738952
[982915373] 0.738713
[982923013] 0.738453
[982930874] 0.737415
[982938577] 0.736646
[982946828] 0.735575
[982953781] 0.734889
[982962366] 0.734399
[982968927] 0.733364
[982976759] 0.732495
[982984490] 0.730942
[982992151] 0.730416
[982999964] 0.729623
[983010936] 0.729066
[983016761] 0.727137
[983022969] 0.727137
[983031535] 0.725251
[983040535] 0.724948
[983047465] 0.724396
[983053661] 0.724295
[983062870] 0.724213
[983071146] 0.723711
[983077220] 0.723163
[983086924] 0.722112
[983092774] 0.721742
[983102117] 0.721231
[983109197] 0.720814
[983116424] 0.719694
[983123201] 0.719023
[983132812] 0.718487
[983139062] 0.717676
[983147327] 0.717198
[983153827] 0.716130
[983166141] 0.714740
[983169901] 0.713916
[983176533] 0.713181
[983185852] 0.712235
[983193556] 0.711788
[983199821] 0.710766
[983208037] 0.710025
[983215442] 0.709348
[983223135] 0.708717
[983230952] 0.708384
[983238997] 0.707401
[983246733] 0.707401
[983254107] 0.705858
[983262238] 0.705383
[983269016] 0.704927
[983276871] 0.704866
[983284655] 0.704342
[983292332] 0.703769
[983299760] 0.702236
[983307993] 0.701684
[983315813] 0.700974
[983322985] 0.700429
[983331398] 0.698613
[983339699] 0.697511
[983347142] 0.695702
[983353578] 0.695099
[983362869] 0.694370
[983370806] 0.693286
[983376967] 0.692766
[983386011] 0.691752
[983392471] 0.691379
[983401688] 0.690445
[983408065] 0.689869
[983415692] 0.689079
[983422993] 0.688724
[983432720] 0.687701
[983438824] 0.686725
[983446382] 0.686241
[983453696] 0.685583
[983465216] 0.684600
[983469324] 0.684600
[983476904] 0.683476
[983485754] 0.682141
[983494324] 0.681097
[983500332] 0.680843
[983508681] 0.680568
[983515324] 0.679573
[983523017] 0.678982
[983530863] 0.678023
[983538826] 0.677454
[983546651] 0.677181
[983554144] 0.676290
[983563034] 0.675614
[983569075] 0.674202
[983576538] 0.674202
[983584443] 0.672962
[983592114] 0.672558
[983599754] 0.671771
[983607738] 0.671591
[983616413] 0.671437
[983622709] 0.671107
[983630358] 0.670038
[983640522] 0.669524
[983648094] 0.668774
[983654572] 0.668042
[983661931] 0.667641
[983670620] 0.666575
[983676565] 0.665936
[983685471] 0.664536
[983692250] 0.663909
[983701897] 0.663110
[983708499] 0.662950
[983715372] 0.662222
[983722925] 0.661514
[983732377] 0.660835
[983738515] 0.659999
[983747002] 0.659772
[983753633] 0.659062
[983764430] 0.658416
[983769165] 0.656763
[983776782] 0.656061
[983785758] 0.655464
[983794517] 0.654907
[983800033] 0.654335
[983808025] 0.653584
[983815907] 0.652351
[983824076] 0.651738
[983830712] 0.651322
[983838355] 0.650762
[983847343] 0.649515
[983855734] 0.648560
[983863377] 0.648349
[983869457] 0.648119
[983876867] 0.647253
[983884375] 0.645526
[983891880] 0.644623
[983899796] 0.643315
[983911121] 0.642963
[983916926] 0.642152
[983922685] 0.641457
[983930719] 0.639479
[983940598] 0.638459
[983947480] 0.636947
[983953727] 0.636071
[983963031] 0.635419
[983970932] 0.634112
[983976594] 0.633524
[983985641] 0.632563
[983992490] 0.632278
[984001873] 0.631411
[984008693] 0.630796
[984015941] 0.629948
[984022991] 0.629764
[984032082] 0.629250
[984038192] 0.628741
[984047129] 0.627624
[984053798] 0.627162
[984065702] 0.627030
[984069608] 0.626234
[984076894] 0.625640
[984085759] 0.624633
[984094368] 0.624421
[984100382] 0.624305
[984108730] 0.623971
[984115551] 0.623417
[984123439] 0.622447
[984131020] 0.621874
[984138560] 0.621779
[984147323] 0.621635
[984153659] 0.620818
[984162427] 0.620242
[984168894] 0.619523
[984176792] 0.619455
[984184543] 0.619115
[984191983] 0.618635
[984199502] 0.617480
[984207635] 0.617009
[984215933] 0.616149
[984222642] 0.616149
[984230749] 0.615089
[984240931] 0.614232
[984246964] 0.613855
[984253849] 0.613641
[984262835] 0.613476
[984271223] 0.613081
[984277446] 0.612116
[984285587] 0.611204
[984292388] 0.610919
[984301642] 0.610720
[984308495] 0.610484
[984315496] 0.609569
[984322986] 0.608917
[984332752] 0.608436
[984338624] 0.608084
[984347263] 0.607974
[984353573] 0.607211
[984365608] 0.605987
[984369625] 0.605445
[984377108] 0.605445
[984385953] 0.604251
[984394373] 0.603372
[984400369] 0.603047
[984408899] 0.602928
[984415940] 0.602796
[984423806] 0.601930
[984430766] 0.601930
[984438505] 0.601036
[984447973] 0.600387
[984454778] 0.599894
[984462548] 0.599679
[984469137] 0.599278
[984477048] 0.598149
[984484922] 0.597245
[984492379] 0.597043
[984499904] 0.597007
[984507938] 0.596927
[984515803] 0.596266
[984522656] 0.595702
[984530457] 0.594931
[984541161] 0.594796
[984546929] 0.594710
[984553900] 0.593991
[984562984] 0.593222
[984571112] 0.591645
[984577089] 0.591119
[984586243] 0.590709
[984592319] 0.590359
[984601877] 0.589349
[984608473] 0.588703
[984615629] 0.587763
[984623297] 0.587500
[984633007] 0.587071
[984639086] 0.585292
[984646760] 0.584414
[984653414] 0.583633
[984665065] 0.582221
[984669117] 0.582221
[984676763] 0.581398
[984686193] 0.580118
[984694171] 0.579496
[984699842] 0.578728
[984708345] 0.578602
[984715148] 0.577920
[984722865] 0.577255
[984730478] 0.575727
[984738143] 0.574999
[984747070] 0.574007
[984753592] 0.573477
[984762781] 0.572987
[984769075] 0.571741
[984776653] 0.571322
[984784143] 0.570780
[984791907] 0.570608
[984799611] 0.569858
[984807717] 0.569264
[984815806] 0.568388
[984823525] 0.567862
[984830700] 0.567418
[984840312] 0.566469
[984846701] 0.565970
[984853774] 0.565293
[984861898] 0.565161
[984870626] 0.564451
[984876965] 0.563817
[984886325] 0.562504
[984893087] 0.561873
[984901838] 0.561105
[984908480] 0.561028
[984915647] 0.560486
[984923282] 0.559861
[984932791] 0.558735
[984939395] 0.558226
[984947085] 0.558196
[984953590] 0.557936
[984965458] 0.556830
[984969414] 0.556224
[984977044] 0.555722
[984985815] 0.555024
[984994061] 0.554136
[984999663] 0.553741
[985007719] 0.553276
[985015386] 0.552519
[985023544] 0.552118
[985031044] 0.551687
[985038849] 0.550107
[985047590] 0.549393
[985055440] 0.548242
[985062405] 0.547927
[985069092] 0.547171
[985076667] 0.546570
[985084371] 0.544767
[985092134] 0.543839
[985099968] 0.542511
[985110691] 0.542158
[985116616] 0.541519
[985122759] 0.540986
[985130528] 0.539351
[985140262] 0.538481
[985147718] 0.537443
[985154027] 0.536901
[985163035] 0.536372
[985170947] 0.535242
[985176880] 0.535242
[985185838] 0.534354
[985192336] 0.534106
[985201888] 0.533540
[985208358] 0.533432
[985215583] 0.533194
[985223247] 0.532774
[985233058] 0.532199
[985238885] 0.531194
[985247497] 0.530907
[985254165] 0.530646
[985264656] 0.530408
[985268969] 0.529532
[985276670] 0.529088
[985285477] 0.528316
[985294339] 0.527924
[985300113] 0.527854
[985308519] 0.527606
[985315305] 0.526648
[985323120] 0.526213
[985331417] 0.525931
[985338174] 0.525833
[985347072] 0.525441
[985353710] 0.524495
[985362787] 0.524143
[985368979] 0.523831
[985376550] 0.523644
[985384239] 0.522860
[985392402] 0.522389
[985399845] 0.521847
[985411286] 0.521633
[985416602] 0.521121
[985422990] 0.520671
[985430797] 0.519811
[985440564] 0.519257
[985447020] 0.518941
[985453731] 0.518653
[985462715] 0.518418
[985470965] 0.517934
[985476959] 0.517071
[985485803] 0.516244
[985492505] 0.515944
[985501845] 0.515843
[985508295] 0.515674
[985515206] 0.514790
[985523026] 0.514134
[985532777] 0.513473
[985538725] 0.513406
[985546790] 0.513360
[985553665] 0.512741
[985565685] 0.511743
[985569674] 0.511480
[985577465] 0.511415
[985585262] 0.510929
[985594066] 0.510044
[985600164] 0.509771
[985608619] 0.509667
[985615700] 0.509340
[985623505] 0.508929
[985631137] 0.508029
[985638930] 0.507441
[985646704] 0.507117
[985653903] 0.506676
[985662717] 0.506345
[985668850] 0.505840
[985676642] 0.505004
[985684344] 0.504061
[985691937] 0.503672
[985699670] 0.503360
[985707742] 0.503149
[985716146] 0.502288
[985722697] 0.501811
[985730578] 0.500908
[985740706] 0.500908
[985746973] 0.500023
[985753454] 0.499205
[985762428] 0.498464
[985770351] 0.497203
[985776667] 0.496811
[985785764] 0.496453
[985792623] 0.496061
[985802260] 0.495197
[985808933] 0.494720
[985815848] 0.494111
[985823604] 0.494034
[985832494] 0.493455
[985838370] 0.492978
[985846947] 0.492154
[985854481] 0.491686
[985866032] 0.491165
[985869875] 0.490724
[985876572] 0.490216
[985885308] 0.489190
[985894349] 0.488443
[985900064] 0.488358
[985908130] 0.488312
[985915742] 0.487791
[985923931] 0.486821
[985930700] 0.486821
[985939042] 0.486490
[985946622] 0.486355
[985953625] 0.485614
[985962723] 0.485112
[985968858] 0.484246
[985976826] 0.483973
[985984587] 0.483367
[985991879] 0.482975
[985999563] 0.482292
[986007773] 0.481955
[986015864] 0.481453
[986022706] 0.481110
[986030835] 0.480317
[986041160] 0.479674
[986046815] 0.479384
[986053549] 0.479071
[986062261] 0.478829
[986070319] 0.477975
[986076621] 0.477559
[986084954] 0.476806
[986092225] 0.476499
[986101658] 0.476371
[986108210] 0.476258
[986115449] 0.475489
[986122905] 0.474920
[986132604] 0.474485
[986138366] 0.474160
[986147321] 0.474084
[986153806] 0.473468
[986165643] 0.472342
[986169598] 0.471907
[986177067] 0.471610
[986185601] 0.470982
[986194137] 0.470012
[986200325] 0.469724
[986208498] 0.469473
[986215422] 0.469133
[986223166] 0.468793
[986231216] 0.467936
[986238622] 0.467642
[986247141] 0.467201
[986254023] 0.467036
[986262640] 0.466849
[986268900] 0.466423
[986276495] 0.465551
[986284297] 0.464972
[986291925] 0.464846
[986299803] 0.464690
[986310899] 0.464372
[986315776] 0.463524
[986323633] 0.462905
[986331115] 0.462792
[986340962] 0.462792
[986346955] 0.462229
[986353648] 0.461374
[986362692] 0.461080
[986370312] 0.460897
[986376782] 0.460725
[986385774] 0.459896
[986392398] 0.459421
[986402569] 0.459008
[986408312] 0.458876
[986415726] 0.458380
[986423601] 0.457489
[986432963] 0.457489
[986438942] 0.456420
[986446735] 0.455909
[986453609] 0.455165
[986465318] 0.454684
[986469190] 0.454274
[986476782] 0.453699
[986485399] 0.452278
[986494312] 0.451656
[986499914] 0.451583
[986508276] 0.451583
[986515619] 0.451271
[986523410] 0.450321
[986531046] 0.449890
[986538660] 0.449535
[986550435] 0.449483
[986554601] 0.448938
[986562199] 0.448420
[986569354] 0.447407
[986576772] 0.447146
[986584337] 0.446758
[986591827] 0.446344
[986599527] 0.445582
[986610466] 0.445254
[986616503] 0.444918
[986623041] 0.444630
[986630587] 0.444140
[986640782] 0.443077
[986646884] 0.442695
[986653660] 0.442287
[986662434] 0.442257
[986670450] 0.442095
[986676690] 0.441329
[986685084] 0.440233
[986692333] 0.439758
[986701544] 0.439336
[986708132] 0.439287
[986715340] 0.438806
[986723393] 0.438194
[986733229] 0.437223
[986738749] 0.436981
[986746658] 0.436902
[986754072] 0.436550
[986766191] 0.435518
[986770586] 0.435092
[986776866] 0.435092
[986786038] 0.434544
[986793049] 0.434122
[986799537] 0.433430
[986807721] 0.433286
[986815362] 0.433157
[986823579] 0.432860
[986831093] 0.432377
[986838820] 0.431529
[986846680] 0.431354
[986854153] 0.431244
[986862340] 0.431091
[986868918] 0.430705
[986876453] 0.429918
[986884306] 0.429642
[986892041] 0.429618
[986899539] 0.429361
[986907587] 0.428960
[986915921] 0.428225
[986922841] 0.427919
[986930538] 0.427392
[986941088] 0.427068
[986946971] 0.426896
[986953793] 0.426599
[986963058] 0.425570
[986971060] 0.425041
[986977221] 0.424529
[986986301] 0.424670
[986992598] 0.424661
[987002316] 0.424284
[987009332] 0.423139
[987016417] 0.422585
[987023169] 0.422585
[987032271] 0.422160
[987038423] 0.422031
[987048421] 0.421394
[987054585] 0.421143
[987064775] 0.420598
[987069117] 0.420598
[987076957] 0.419784
[987086398] 0.419156
[987093662] 0.418945
[987100293] 0.418887
[987109233] 0.418577
[987116059] 0.418189
[987123889] 0.417457
[987130396] 0.417304
[987138352] 0.417242
[987150362] 0.416994
[987154758] 0.416272
[987162262] 0.416012
[987168920] 0.415831
[987176789] 0.415776
[987184507] 0.415402
[987192185] 0.414968
[987199638] 0.414505
[987210084] 0.414444
[987215997] 0.414129
[987222995] 0.413715
[987230586] 0.412971
[987240442] 0.412843
[987247040] 0.412439
[987254008] 0.411621
[987262783] 0.411352
[987270339] 0.411202
[987276908] 0.410589
[987285713] 0.409175
[987292505] 0.408440
[987301944] 0.407485
[987308618] 0.407344
[987315552] 0.406839
[987323242] 0.406217
[987332933] 0.405599
[987338910] 0.404971
[987347059] 0.405011
[987353870] 0.404845
[987366046] 0.403863
[987370137] 0.403076
[987377101] 0.403076
[987385479] 0.401921
[987393687] 0.401781
[987399512] 0.401756
[987408161] 0.401753
[987415630] 0.401401
[987423573] 0.400678
[987431497] 0.400507
[987438177] 0.400455
[987449999] 0.399836
[987454194] 0.399193
[987462308] 0.399102
[987468982] 0.399077
[987476449] 0.398786
[987484322] 0.398033
[987491955] 0.397761
[987499549] 0.397696
[987510128] 0.397607
[987515423] 0.396934
[987523000] 0.396563
[987530399] 0.396334
[987539919] 0.396251
[987547167] 0.395933
[987553549] 0.395131
[987562745] 0.394757
[987570917] 0.394417
[987576838] 0.394393
[987585604] 0.393936
[987591968] 0.393447
[987601565] 0.392865
[987608334] 0.392807
[987615653] 0.392816
[987623474] 0.392660
[987632182] 0.391858
[987638291] 0.391557
[987647545] 0.391401
[987653588] 0.391230
[987664592] 0.390878
[987669229] 0.390115
[987676916] 0.389846
[987686661] 0.389439
[987693749] 0.389280
[987699459] 0.388943
[987707971] 0.388545
[987715250] 0.387841
[987723183] 0.387498
[987730954] 0.386803
[987738821] 0.386601
[987746716] 0.386080
[987753685] 0.385400
[987762581] 0.384996
[987769145] 0.384537
[987776923] 0.384411
[987784670] 0.384078
[987792629] 0.383269
[987800437] 0.382608
[987813094] 0.382516
[987817494] 0.382648
[987823252] 0.382614
[987831231] 0.381977
[987840361] 0.381454
[987847737] 0.380716
[987856459] 0.380581
[987863030] 0.380351
[987871661] 0.379690
[987877026] 0.379023
[987885961] 0.377865
[987892711] 0.377519
[987902722] 0.377397
[987908736] 0.377271
[987915752] 0.376350
[987923136] 0.375768
[987932797] 0.375073
[987939633] 0.374892
[987947308] 0.374574
[987954646] 0.373551
[987964159] 0.372915
[987969285] 0.372856
[987976840] 0.372915
[987985804] 0.372694
[987993051] 0.372311
[987999889] 0.371411
[988009058] 0.371179
[988016184] 0.371111
[988023660] 0.370171
[988030709] 0.369387
[988039568] 0.367832
[988047624] 0.367299
[988054395] 0.366846
[988062477] 0.366561
[988068905] 0.365980
[988076632] 0.364856
[988085502] 0.363852
[988092370] 0.363622
[988100504] 0.363420
[988109432] 0.363037
[988115237] 0.362097
[988122870] 0.361779
[988130787] 0.361678
[988141262] 0.361461
[988147602] 0.360456
[988154677] 0.359017
[988162735] 0.358549
[988170997] 0.358227
[988176773] 0.357985
[988186557] 0.356767
[988192605] 0.356767
[988201791] 0.355894
[988208923] 0.355839
[988215922] 0.355665
[988223680] 0.355588
[988232320] 0.355420
[988239019] 0.354731
[988246639] 0.354538
[988254249] 0.354232
[988262282] 0.354057
[988269191] 0.353619
[988276948] 0.353329
[988286817] 0.353022
[988293452] 0.352085
[988299602] 0.351596
[988309101] 0.351167
[988316143] 0.350806
[988323992] 0.350328
[988330591] 0.349927
[988339614] 0.349024
[988347634] 0.348822
[988354370] 0.348644
[988362354] 0.348316
[988369242] 0.347655
[988376991] 0.347395
[988384888] 0.347205
[988392535] 0.347080
[988400294] 0.346709
[988411221] 0.345928
[988417148] 0.345864
[988423150] 0.345840
[988431146] 0.345512
[988440357] 0.345148
[988447254] 0.344704
[988454990] 0.344578
[988463092] 0.344578
[988471182] 0.343705
[988476942] 0.343491
[988486488] 0.343418
[988493009] 0.343415
[988501264] 0.343222
[988508427] 0.342897
[988515736] 0.342312
[988523049] 0.342211
[988539278] 0.341584
[988545944] 0.341425
[988550639] 0.341195
[988554972] 0.341039
[988565719] 0.340595
[988570012] 0.340595
[988577174] 0.340096
[988585881] 0.339780
[988593736] 0.339630
[988599574] 0.339346
[988608675] 0.338874
[988615939] 0.337946
[988623859] 0.337757
[988630637] 0.337717
[988639337] 0.337153
[988650634] 0.336492
[988655375] 0.335111
[988664140] 0.334701
[988669367] 0.334382
[988677033] 0.334447
[988685951] 0.334563
[988693033] 0.334487
[988700094] 0.333779
[988709840] 0.333452
[988715064] 0.333271
[988723226] 0.333271
[988731040] 0.332953
[988743268] 0.332294
[988748853] 0.332068
[988754197] 0.331829
[988762394] 0.331569
[988770552] 0.330963
[988776815] 0.330806
[988786379] 0.330996
[988792231] 0.331333
[988801684] 0.331624
[988809351] 0.331581
[988816338] 0.331572
[988822683] 0.331575
[988832924] 0.331584
[988839798] 0.331581
[988848854] 0.331584
[988854121] 0.331590
[988863773] 0.331587
[988869686] 0.331587
[988877309] 0.331590
[988932511] 0.331587
[988937454] 0.331587
[988946412] 0.331590
[988953042] 0.331593
[988959963] 0.331599
[988967687] 0.331599
[988975641] 0.331599
[988984061] 0.331602
[988990464] 0.331602
[988998203] 0.331599
[989005915] 0.331602
[989056104] 0.331602
[989060877] 0.331605
[989071332] 0.331612
[989075634] 0.331615
[989083865] 0.331618
[989091635] 0.331618
[989100621] 0.331618
[989106904] 0.331618
[989114798] 0.331618
[989122657] 0.331618
[989130701] 0.331618
[989137643] 0.331618
[989146839] 0.331618
[989153126] 0.331618
[989163192] 0.331621
[989168378] 0.331624
[989176441] 0.331627
[989183801] 0.331630
[989241325] 0.331633
[989250287] 0.331636
[989255458] 0.331639
[989263508] 0.331639
[989269290] 0.331642
[989276595] 0.331642
[989284296] 0.331645
[989291999] 0.331459
[989299639] 0.331220
[989309310] 0.330880
[989315317] 0.330068
[989323113] 0.329744
[989341420] 0.329621
[989347327] 0.330323
[989354153] 0.330341
[989362204] 0.330160
[989370330] 0.330335
[989376493] 0.330347
[989385759] 0.330179
[989392240] 0.330350
[989401554] 0.330179
[989408560] 0.330182
[989415928] 0.330356
[989422821] 0.330185
[989432523] 0.330372
[989438794] 0.330191
[989446876] 0.330191
[989453907] 0.330372
[989463776] 0.330185
[989469557] 0.330359
[989476902] 0.330359
[989485826] 0.330185
[989492730] 0.330365
[989499687] 0.330194
[989508224] 0.330200
[989515242] 0.330378
[989522955] 0.330203
[989531209] 0.330381
[989538565] 0.330381
[989547292] 0.330206
[989553653] 0.330384
[989563733] 0.330206
[989568987] 0.330231
[989576806] 0.329961
[989586604] 0.329168
[989592309] 0.328789
[989600308] 0.328550
[989607050] 0.328678
[989615110] 0.329202
[989622923] 0.329294
[989631080] 0.329031
[989642301] 0.328902
[989648816] 0.329073
[989653285] 0.329073
[989661956] 0.329086
[989670252] 0.329116
[989676251] 0.329107
[989685287] 0.328868
[989692868] 0.328920
[989700857] 0.328948
[989707958] 0.329024
[989715737] 0.328985
[989723152] 0.328942
[989734665] 0.328718
[989739390] 0.328923
[989747461] 0.328926
[989753751] 0.328430
[989766928] 0.327714
[989771597] 0.327423
[989776267] 0.327331
[989786261] 0.327576
[989793033] 0.327760
[989799513] 0.327904
[989809934] 0.327852
[989815615] 0.327827
[989823669] 0.327723
[989830422] 0.327742
[989839195] 0.327662
[989847746] 0.327585
[989855102] 0.327396
[989863412] 0.327393
[989869044] 0.327040
[989878896] 0.326661
[989885654] 0.326244
[989892369] 0.326254
[989900609] 0.326587
[989909009] 0.326578
[989915055] 0.326492
[989923511] 0.326385
[989930392] 0.326183
[989941448] 0.325926
[989948243] 0.325565
[989954035] 0.325194
[989962767] 0.324968
[989971666] 0.325252
[989976276] 0.325252
[989985935] 0.324842
[989991868] 0.324423
[990001321] 0.323801
[990008304] 0.323743
[990015575] 0.323679
[990022456] 0.323434
[990033219] 0.323045
[990038656] 0.322601
[990047876] 0.322482
[990053680] 0.322472
[990066376] 0.321805
[990073369] 0.321557
[990077318] 0.321456
[990085595] 0.321428
[990093185] 0.321407
[990099378] 0.321370
[990108509] 0.321358
[990115505] 0.321343
[990123428] 0.321346
[990130786] 0.321346
[990138237] 0.321346
[990147402] 0.321333
[990154382] 0.321327
[990162498] 0.321315
[990169265] 0.321281
[990176976] 0.321281
[990185644] 0.321281
[990192790] 0.321281
[990199363] 0.321281
[990252645] 0.321272
[990256934] 0.321263
[990264803] 0.321260
[990321064] 0.321260
[990325623] 0.321248
[990334113] 0.321248
[990341172] 0.321248
[990350811] 0.321245
[990356330] 0.321245
[990364152] 0.321245
[990372261] 0.321245
[990379183] 0.321245
[990386870] 0.321245
[990394696] 0.321245
[990402564] 0.321241
[990410452] 0.321238
[990419679] 0.321238
[990425308] 0.321238
[990440291] 0.321238
[990445668] 0.321238
[990451723] 0.321238
[990456030] 0.321238
[990463475] 0.321238
[990471260] 0.321238
[990481648] 0.321238
[990487365] 0.321238
[990495001] 0.321238
[990549058] 0.321238
[990554349] 0.321235
[990561401] 0.321235
[990571561] 0.321235
[990576432] 0.321235
[990584243] 0.321232
[990591916] 0.321232
[990601725] 0.321232
[990607745] 0.321223
[990615537] 0.320681
[990622424] 0.320403
[990632548] 0.320262
[990638000] 0.320237
[990647861] 0.320222
[990653561] 0.320210
[990663087] 0.320173
[990669186] 0.320176
[990676462] 0.320173
[990686553] 0.320158
[990693085] 0.320148
[990699474] 0.320136
[990707225] 0.320130
[990715225] 0.320103
[990723080] 0.320093
[990730680] 0.320096
[990738417] 0.320093
[990746348] 0.320090
[990753430] 0.320090
[990762453] 0.320075
[990768628] 0.320063
[990776430] 0.320041
[990783948] 0.320044
[990791834] 0.320044
[990799719] 0.320038
[990810395] 0.320041
[990816137] 0.320038
[990822560] 0.320035
[990830434] 0.320032
[990840136] 0.320023
[990847158] 0.320023
[990853841] 0.320020
[990861557] 0.320017
[990870181] 0.320020
[990876160] 0.320017
[990885196] 0.319815
[990891907] 0.319472
[990901212] 0.319074
[990907886] 0.319034
[990915111] 0.319016
[990922678] 0.319016
[990932504] 0.319000
[990938265] 0.318988
[990947305] 0.318985
[990954035] 0.318973
[990963940] 0.318964
[990968661] 0.318961
[990976200] 0.318954
[990984730] 0.318930
[990993634] 0.318915
[990999301] 0.318908
[991007904] 0.318899
[991015008] 0.318899
[991023041] 0.318902
[991030701] 0.318890
[991037770] 0.318878
[991046931] 0.318863
[991054818] 0.318838
[991062110] 0.318667
[991068550] 0.318321
[991076166] 0.317730
[991084133] 0.317745
[991091602] 0.317754
[991099286] 0.317733
[991107329] 0.317717
[991115732] 0.317708
[991122299] 0.317702
[991130051] 0.317705
[991139721] 0.317702
[991147376] 0.317693
[991153641] 0.317690
[991161597] 0.317687
[991170209] 0.317684
[991176297] 0.317442
[991185127] 0.316637
[991192053] 0.316330
[991201872] 0.316245
[991208387] 0.316428
[991215396] 0.316493
[991223063] 0.316465
[991232935] 0.316410
[991237689] 0.316413
[991246855] 0.316407
[991253034] 0.316251
[991265529] 0.315182
[991269890] 0.315087
[991276445] 0.315112
[991285164] 0.315176
[991294023] 0.315155
[991299931] 0.315002
[991308639] 0.314659
[991315783] 0.314102
[991323626] 0.314071
[991330228] 0.314068
[991338714] 0.313765
[991346592] 0.313076
[991353212] 0.312907
[991362255] 0.312699
[991368752] 0.312375
[991376521] 0.312096
[991384563] 0.311729
[991392110] 0.311701
[991399936] 0.311254
[991410225] 0.310847
[991416227] 0.310440
[991422317] 0.310412
[991430128] 0.309987
[991439910] 0.309549
[991446769] 0.309123
[991453565] 0.309154
[991462453] 0.309160
[991470218] 0.308967
[991476153] 0.308278
[991484609] 0.308097
[991491840] 0.308085
[991501117] 0.307908
[991507430] 0.307562
[991514903] 0.307029
[991523251] 0.306995
[991532230] 0.306919
[991538441] 0.306628
[991546344] 0.305988
[991553173] 0.305865
[991564925] 0.305421
[991568916] 0.305421
[991576511] 0.304821
[991585132] 0.304503
[991593246] 0.304197
[991599112] 0.303575
[991607536] 0.303052
[991615105] 0.302204
[991622957] 0.302087
[991630740] 0.302054
[991638687] 0.301628
[991646480] 0.300348
[991653166] 0.299586
[991662584] 0.298523
[991668915] 0.298254
[991676653] 0.298217
[991684336] 0.297617
[991691932] 0.297617
[991699513] 0.296797
[991711008] 0.296744
[991716063] 0.296653
[991722871] 0.296457
[991730549] 0.295379
[991740295] 0.295379
[991746583] 0.294675
[991753097] 0.294681
[991762274] 0.294402
[991770130] 0.294072
[991776374] 0.293367
[991784744] 0.293162
[991791722] 0.293031
[991801358] 0.292412
[991808131] 0.291996
[991815177] 0.291478
[991822780] 0.291423
[991832360] 0.291022
[991838162] 0.290566
[991846839] 0.289458
[991853404] 0.288968
[991864102] 0.288545
[991868462] 0.288518
[991876527] 0.288132
[991884924] 0.287134
[991893516] 0.286828
[991899693] 0.286687
[991907870] 0.286828
[991914905] 0.286745
[991922572] 0.286445
[991930147] 0.285676
[991937987] 0.285490
[991949428] 0.285379
[991953615] 0.285113
[991961836] 0.284522
[991968552] 0.284299
[991976401] 0.283959
[991983956] 0.284051
[991991479] 0.284271
[991999231] 0.284329
[992009957] 0.284326
[992015334] 0.284302
[992023087] 0.284305
[992030561] 0.284311
[992041273] 0.284308
[992046768] 0.284305
[992053163] 0.284311
[992113262] 0.284311
[992117138] 0.284311
[992125109] 0.284311
[992133013] 0.284314
[992141488] 0.284314
[992148539] 0.284314
[992156287] 0.284320
[992164125] 0.284320
[992171668] 0.284320
[992179358] 0.284320
[992188886] 0.284320
[992194747] 0.284320
[992202561] 0.284320
[992210191] 0.284320
[992219558] 0.284320
[992225654] 0.284320
[992233377] 0.284320
[992241117] 0.284320
[992250154] 0.284320
[992256059] 0.284323
[992263949] 0.284326
[992271435] 0.284326
[992280582] 0.284329
[992286391] 0.284332
[992294400] 0.284332
[992302195] 0.284332
[992312096] 0.284332
[992318311] 0.284329
[992325116] 0.284332
[992332653] 0.284329
[992342853] 0.284332
[992348860] 0.284332
[992357085] 0.284329
[992363896] 0.284332
[992373445] 0.284332
[992379296] 0.284335
[992432224] 0.284338
[992436577] 0.284341
[992445118] 0.284341
[992452238] 0.284341
[992463293] 0.284341
[992467457] 0.284344
[992475278] 0.284348
[992483672] 0.284348
[992540742] 0.284158
[992545931] 0.283383
[992553658] 0.283371
[992561724] 0.283349
[992568651] 0.283359
[992576688] 0.283355
[992583731] 0.283359
[992591052] 0.283355
[992598769] 0.283355
[992610021] 0.283352
[992615607] 0.283178
[992621772] 0.283178
[992629495] 0.283359
[992639105] 0.283175
[992646925] 0.283355
[992653062] 0.283355
[992660859] 0.283166
[992669653] 0.283343
[992675484] 0.283163
[992684057] 0.283160
[992690972] 0.283346
[992700221] 0.283166
[992706741] 0.283352
[992714904] 0.283172
[992722329] 0.283166
[992732483] 0.283349
[992737424] 0.283166
[992746717] 0.283346
[992753040] 0.283346
[992765052] 0.283346
[992769279] 0.283346
[992775990] 0.283166
[992784351] 0.283163
[992792776] 0.283187
[992798887] 0.282703
[992807054] 0.282526
[992814770] 0.282510
[992822553] 0.282510
[992830211] 0.282498
[992837823] 0.282471
[992846764] 0.282370
[992853457] 0.282428
[992860771] 0.282403
[992867978] 0.282324
[992875764] 0.282091
[992883315] 0.282085
[992891065] 0.282250
[992898941] 0.282207
[992906741] 0.282057
[992915097] 0.282036
[992922232] 0.282039
[992929996] 0.282088
[992939528] 0.282085
[992946952] 0.281993
[992953263] 0.282008
[992961278] 0.281935
[992969804] 0.281705
[992975524] 0.281488
[992983800] 0.281485
[992991322] 0.281402
[993001133] 0.281405
[993007590] 0.281252
[993014568] 0.280961
[993022408] 0.281010
[993031382] 0.281044
[993037214] 0.280983
[993046862] 0.280977
[993053138] 0.280918
[993064721] 0.280787
[993068704] 0.280787
[993076065] 0.280355
[993085193] 0.280321
[993092759] 0.280297
[993098491] 0.280119
[993106629] 0.279752
[993114702] 0.279822
[993122767] 0.279810
[993129452] 0.279623
[993137134] 0.279593
[993146068] 0.279314
[993154326] 0.279290
[993161769] 0.278809
[993168237] 0.278643
[993176110] 0.278591
[993183526] 0.278582
[993190880] 0.278267
[993198584] 0.277970
[993206840] 0.277676
[993214851] 0.277560
[993221843] 0.277388
[993229559] 0.276727
[993239016] 0.276372
[993246195] 0.276004
[993252880] 0.275977
[993261795] 0.275551
[993269787] 0.275187
[993275672] 0.274899
[993283948] 0.274945
[993291479] 0.274807
[993300918] 0.274443
[993307544] 0.273818
[993314355] 0.273757
[993322114] 0.273732
[993331095] 0.273399
[993337077] 0.273089
[993346189] 0.272869
[993352917] 0.272548
[993363922] 0.271990
[993368147] 0.271917
[993376128] 0.271862
[993384746] 0.271467
[993393095] 0.271200
[993398961] 0.270992
[993407219] 0.270965
[993414886] 0.270769
[993423036] 0.270502
[993429444] 0.270101
[993437001] 0.269930
[993446604] 0.269581
[993452838] 0.269529
[993461822] 0.269238
[993467827] 0.268990
[993475657] 0.268635
[993483591] 0.268592
[993491252] 0.268362
[993498906] 0.268016
[993506781] 0.267640
[993515123] 0.267177
[993521649] 0.266960
[993529614] 0.266742
[993538924] 0.266635
[993546440] 0.266348
[993552981] 0.265873
[993562227] 0.265392
[993570413] 0.265215
[993576454] 0.265205
[993584194] 0.265160
[993591344] 0.264645
[993600901] 0.264351
[993607837] 0.264321
[993615250] 0.264293
[993621786] 0.264134
[993631292] 0.263604
[993637004] 0.263518
[993646207] 0.263463
[993652795] 0.263439
[993663895] 0.263154
[993668184] 0.262879
[993676029] 0.262747
[993684457] 0.262713
[993693279] 0.262441
[993699183] 0.262003
[993707584] 0.261929
[993714734] 0.261896
[993722755] 0.261841
[993729441] 0.261354
[993738365] 0.261195
[993746373] 0.261146
[993752727] 0.260922
[993761847] 0.259906
[993768204] 0.259410
[993776073] 0.258920
[993783571] 0.258886
[993790996] 0.258678
[993799096] 0.257784
[993810140] 0.257196
[993815730] 0.256409
[993821615] 0.256311
[993829338] 0.256232
[993839157] 0.255990
[993846023] 0.255460
[993852896] 0.254358
[993862382] 0.253877
[993870064] 0.253905
[993876129] 0.254021
[993885388] 0.253543
[993891704] 0.253543
[993901512] 0.252603
[993907228] 0.252576
[993914563] 0.252606
[993922656] 0.252588
[993931662] 0.252444
[993937281] 0.252113
[993946440] 0.251783
[993952848] 0.251731
[993965107] 0.250968
[993969048] 0.250684
[993975603] 0.250561
[993984923] 0.250518
[993993165] 0.250053
[993999129] 0.249591
[994007981] 0.249551
[994015095] 0.250044
[994022972] 0.249523
[994029430] 0.249336
[994037313] 0.249104
[994046629] 0.249180
[994053308] 0.249422
[994062315] 0.249465
[994068319] 0.249235
[994076049] 0.248746
[994084070] 0.248788
[994091312] 0.248788
[994098871] 0.248519
[994110328] 0.248145
[994115515] 0.247741
[994121767] 0.247542
[994130098] 0.247086
[994138907] 0.246991
[994146570] 0.246624
[994152844] 0.246437
[994162232] 0.245953
[994170265] 0.245763
[994176172] 0.245672
[994184940] 0.245200
[994191616] 0.244989
[994200906] 0.244876
[994207910] 0.244851
[994214864] 0.244579
[994221660] 0.244358
[994231316] 0.244245
[994237457] 0.244153
[994246808] 0.243538
[994252935] 0.243283
[994264747] 0.243317
[994268794] 0.243317
[994276102] 0.243038
[994285056] 0.242567
[994293524] 0.241903
[994299277] 0.241890
[994307135] 0.241869
[994314740] 0.241431
[994322798] 0.241159
[994329367] 0.240950
[994337280] 0.240956
[994346404] 0.240724
[994353178] 0.240421
[994362628] 0.240102
[994368759] 0.240084
[994376189] 0.239897
[994383743] 0.239588
[994391536] 0.239257
[994399388] 0.238859
[994409752] 0.238669
[994415553] 0.238501
[994422038] 0.238403
[994429505] 0.237898
[994438726] 0.237662
[994446270] 0.237417
[994453412] 0.237282
[994461354] 0.237212
[994469957] 0.236964
[994475965] 0.236401
[994484080] 0.236180
[994491375] 0.236098
[994500479] 0.236033
[994507275] 0.235504
[994514546] 0.235252
[994522345] 0.235219
[994531332] 0.235197
[994537593] 0.235069
[994546368] 0.234613
[994552538] 0.234539
[994564623] 0.234193
[994568819] 0.234193
[994575711] 0.233908
[994584500] 0.233795
[994592633] 0.233581
[994598593] 0.233342
[994606919] 0.232665
[994614832] 0.232307
[994622849] 0.232362
[994629471] 0.232338
[994637391] 0.232126
[994646659] 0.231591
[994654046] 0.230537
[994661091] 0.230516
[994668251] 0.230620
[994675904] 0.230531
[994684050] 0.229894
[994691744] 0.229665
[994699551] 0.229616
[994710428] 0.229564
[994715918] 0.229013
[994721762] 0.228749
[994729301] 0.228682
[994738772] 0.228645
[994746418] 0.228409
[994752551] 0.227858
[994762137] 0.227724
[994770085] 0.227721
[994776101] 0.227613
[994784762] 0.227022
[994791407] 0.227022
[994800640] 0.226876
[994807164] 0.226845
[994814771] 0.226548
[994822400] 0.226453
[994832092] 0.226331
[994838035] 0.226187
[994846366] 0.225813
[994853190] 0.225366
[994864723] 0.225464
[994868717] 0.225464
[994876351] 0.225149
[994884088] 0.224628
[994893293] 0.223725
[994898985] 0.223501
[994907101] 0.223658
[994914462] 0.223664
[994922157] 0.223449
[994929845] 0.222589
[994937535] 0.222323
[994946232] 0.222326
[994953283] 0.222341
[994961223] 0.222066
[994968347] 0.221612
[994976146] 0.220911
[994983914] 0.220832
[994991410] 0.220832
[994999577] 0.220109
[995010523] 0.219405
[995015948] 0.218235
[995021771] 0.217905
[995029574] 0.217785
[995039424] 0.217745
[995046006] 0.217559
[995052917] 0.216968
[995061814] 0.216606
[995070019] 0.216631
[995075874] 0.216551
[995084667] 0.215832
[995091605] 0.215832
[995100648] 0.215373
[995107081] 0.215480
[995114526] 0.215373
[995122421] 0.215131
[995131548] 0.214751
[995137267] 0.214693
[995146777] 0.214430
[995152968] 0.214231
[995164224] 0.214071
[995168614] 0.214028
[995176377] 0.213811
[995184275] 0.213594
[995193006] 0.213468
[995198835] 0.213064
[995206956] 0.212779
[995214797] 0.212534
[995222921] 0.212528
[995229509] 0.212299
[995237350] 0.211968
[995246644] 0.211591
[995253147] 0.211304
[995262155] 0.211472
[995268630] 0.211435
[995276183] 0.210909
[995283918] 0.210422
[995291540] 0.210033
[995299398] 0.209978
[995310436] 0.210002
[995316162] 0.209718
[995322102] 0.209246
[995330042] 0.208432
[995340326] 0.208321
[995346182] 0.208331
[995352779] 0.208242
[995362530] 0.207452
[995370633] 0.207008
[995375553] 0.206659
[995383939] 0.206656
[995391199] 0.206396
[995401555] 0.205829
[995407227] 0.205630
[995414555] 0.205520
[995422077] 0.205511
[995431014] 0.205103
[995437075] 0.204834
[995446658] 0.204623
[995453143] 0.204598
[995463753] 0.204531
[995467993] 0.204283
[995475977] 0.203821
[995485016] 0.203784
[995492692] 0.203756
[995498838] 0.203542
[995507354] 0.203083
[995514373] 0.203025
[995521921] 0.202966
[995529741] 0.202440
[995537334] 0.202271
[995546094] 0.202222
[995553780] 0.202161
[995560989] 0.201653
[995568316] 0.201380
[995575745] 0.201194
[995583786] 0.201243
[995591496] 0.201206
[995598891] 0.200716
[995610165] 0.200067
[995615787] 0.199853
[995622029] 0.199889
[995629870] 0.199721
[995639932] 0.199384
[995645867] 0.198741
[995652924] 0.198637
[995661752] 0.198845
[995669530] 0.198861
[995675620] 0.198496
[995684510] 0.197786
[995691501] 0.197706
[995701073] 0.197905
[995707461] 0.197905
[995714201] 0.197468
[995722372] 0.197085
[995731834] 0.196870
[995737894] 0.196895
[995745859] 0.196659
[995752660] 0.196322
[995764655] 0.196139
[995768651] 0.196139
[995776322] 0.196047
[995784180] 0.195765
[995792820] 0.195450
[995798545] 0.195318
[995806889] 0.195312
[995814950] 0.195254
[995823003] 0.195058
[995829599] 0.194841
[995837037] 0.194816
[995845510] 0.194782
[995855394] 0.194657
[995861094] 0.194571
[995867931] 0.194528
[995875462] 0.194488
[995883786] 0.194424
[995891384] 0.194320
[995899130] 0.194237
[995906836] 0.194198
[995914906] 0.194038
[995921883] 0.193962
[995930040] 0.193922
[995940607] 0.193885
[995945848] 0.193616
[995952480] 0.193567
[995961567] 0.193499
[995969469] 0.193484
[995975602] 0.193251
[995984746] 0.193123
[995991411] 0.193123
[996001226] 0.192670
[996007823] 0.192336
[996014807] 0.192030
[996022088] 0.192073
[996031801] 0.191926
[996037844] 0.191604
[996045887] 0.191148
[996052616] 0.190591
[996064359] 0.190750
[996068441] 0.190750
[996075978] 0.190496
[996084827] 0.189489
[996093479] 0.189063
[996099298] 0.188861
[996107660] 0.188879
[996114597] 0.188634
[996122563] 0.188307
[996130146] 0.188025
[996138339] 0.188031
[996145678] 0.187805
[996153160] 0.187520
[996161077] 0.187201
[996168289] 0.187149
[996175843] 0.187146
[996183722] 0.186987
[996191393] 0.186687
[996198762] 0.186546
[996206836] 0.186549
[996215322] 0.186369
[996222424] 0.186105
[996230438] 0.185919
[996239777] 0.185756
[996245901] 0.185548
[996252814] 0.185398
[996261670] 0.185279
[996269638] 0.185092
[996275796] 0.184770
[996284679] 0.184516
[996291740] 0.184492
[996300591] 0.184492
[996307226] 0.183901
[996314874] 0.183693
[996322477] 0.183760
[996332265] 0.183708
[996338570] 0.183494
[996346671] 0.182964
[996352997] 0.182915
[996365227] 0.183184
[996369311] 0.183050
[996375792] 0.182741
[996385080] 0.182251
[996393213] 0.182251
[996399007] 0.181853
[996407986] 0.181522
[996414926] 0.181151
[996423035] 0.181145
[996429733] 0.181005
[996437312] 0.180689
[996446213] 0.180196
[996453457] 0.179581
[996461143] 0.179633
[996468232] 0.179746
[996475883] 0.179602
[996483975] 0.179265
[996491682] 0.178491
[996499252] 0.178378
[996510406] 0.178423
[996515793] 0.178172
[996521918] 0.177707
[996529616] 0.176942
[996539742] 0.176865
[996545867] 0.176890
[996552610] 0.176810
[996561952] 0.176048
[996569643] 0.175643
[996575825] 0.175349
[996585054] 0.175346
[996591693] 0.175346
[996600245] 0.174847
[996607156] 0.174106
[996614583] 0.173754
[996622214] 0.173803
[996632203] 0.173806
[996638134] 0.173620
[996645809] 0.172667
[996652623] 0.172667
[996664682] 0.172380
[996668709] 0.172377
[996676509] 0.172254
[996684330] 0.172104
[996692446] 0.171893
[996698910] 0.171712
[996707546] 0.171651
[996714646] 0.171461
[996722572] 0.171231
[996729465] 0.170858
[996737197] 0.170833
[996746157] 0.170751
[996752510] 0.170533
[996761794] 0.170307
[996768248] 0.170273
[996775808] 0.170221
[996783422] 0.170025
[996791045] 0.169805
[996798666] 0.169633
[996806874] 0.169621
[996815052] 0.169544
[996821622] 0.169336
[996829922] 0.169116
[996839865] 0.169097
[996845883] 0.169055
[996852569] 0.169030
[996861308] 0.168862
[996869536] 0.168822
[996875698] 0.168758
[996884109] 0.168684
[996891361] 0.168647
[996900867] 0.168574
[996907481] 0.168537
[996914543] 0.168457
[996922282] 0.168409
[996932047] 0.168338
[996938104] 0.168298
[996945827] 0.168225
[996952785] 0.168191
[996965069] 0.168099
[996969178] 0.168053
[996975982] 0.167995
[996984477] 0.167870
[996993202] 0.167870
[996999176] 0.167747
[997007332] 0.167710
[997014896] 0.167640
[997022908] 0.167557
[997030437] 0.167398
[997038107] 0.167364
[997046710] 0.167322
[997054130] 0.167175
[997061428] 0.167126
[997068125] 0.167089
[997076092] 0.166829
[997083908] 0.166529
[997091394] 0.166522
[997099080] 0.166571
[997110261] 0.166388
[997115679] 0.165977
[997121724] 0.165944
[997129358] 0.165910
[997139103] 0.165705
[997146704] 0.165151
[997152979] 0.165080
[997161259] 0.165145
[997169476] 0.165087
[997175502] 0.164682
[997183811] 0.164471
[997191231] 0.164416
[997201021] 0.164046
[997207712] 0.163553
[997214732] 0.162827
[997221970] 0.162744
[997231485] 0.162781
[997237367] 0.162704
[997246078] 0.162392
[997252681] 0.161639
[997264448] 0.161042
[997268527] 0.161042
[997276063] 0.161033
[997284552] 0.160460
[997293364] 0.160084
[997299107] 0.159875
[997307604] 0.159915
[997314757] 0.159710
[997322493] 0.159410
[997330102] 0.159183
[997337662] 0.159183
[997349107] 0.158929
[997353147] 0.158611
[997361094] 0.158363
[997368131] 0.158482
[997375594] 0.158482
[997383188] 0.158253
[997390803] 0.157708
[997398496] 0.157653
[997406848] 0.157803
[997415318] 0.157552
[997422071] 0.157248
[997429712] 0.157028
[997440074] 0.156881
[997446000] 0.156651
[997452591] 0.156459
[997462265] 0.156434
[997469891] 0.156302
[997475717] 0.155883
[997484716] 0.155537
[997491603] 0.155534
[997501035] 0.155592
[997507891] 0.155421
[997514570] 0.155035
[997522601] 0.155010
[997532217] 0.155010
[997538485] 0.154885
[997545762] 0.154539
[997552814] 0.154511
[997563480] 0.154496
[997568403] 0.154496
[997576106] 0.154132
[997585106] 0.153991
[997593146] 0.153991
[997598661] 0.153504
[997606728] 0.153045
[997614450] 0.152457
[997622554] 0.152420
[997630352] 0.152454
[997636911] 0.152310
[997646029] 0.151863
[997652784] 0.151009
[997661358] 0.150758
[997668132] 0.150895
[997676052] 0.151002
[997683356] 0.150834
[997691079] 0.150433
[997698830] 0.149475
[997709702] 0.149487
[997715043] 0.149686
[997722235] 0.149616
[997729863] 0.148914
[997740198] 0.148470
[997746018] 0.148180
[997752781] 0.148219
[997762023] 0.148100
[997770108] 0.147864
[997776281] 0.147481
[997784571] 0.147454
[997791342] 0.147454
[997800752] 0.146679
[997807256] 0.146238
[997814585] 0.145770
[997822412] 0.145773
[997831595] 0.145718
[997837642] 0.145491
[997846815] 0.144977
[997853052] 0.144193
[997863760] 0.144006
[997868140] 0.144153
[997875814] 0.144196
[997884610] 0.143639
[997892505] 0.143256
[997898562] 0.142956
[997907240] 0.142880
[997914599] 0.142754
[997922437] 0.142472
[997930459] 0.141848
[997936988] 0.141732
[997945793] 0.141790
[997952778] 0.141741
[997962038] 0.141288
[997968242] 0.141092
[997975498] 0.141067
[997983178] 0.141153
[997990936] 0.141122
[997998585] 0.140586
[998006674] 0.140562
[998015071] 0.140583
[998021903] 0.140562
[998029484] 0.140204
[998038810] 0.140152
[998046460] 0.140152
[998052657] 0.140149
[998061853] 0.139962
[998069969] 0.139772
[998075949] 0.139714
[998084841] 0.139686
[998091254] 0.139530
[998100552] 0.139157
[998106820] 0.139129
[998114764] 0.139150
[998122438] 0.138970
[998132370] 0.138627
[998137459] 0.138627
[998145798] 0.138526
[998152497] 0.138312
[998164243] 0.138067
[998168276] 0.138067
[998175820] 0.137950
[998184314] 0.137482
[998192822] 0.137482
[998198709] 0.137329
[998207015] 0.137243
[998214755] 0.137102
[998222766] 0.137075
[998229938] 0.136842
[998237613] 0.136698
[998245352] 0.136536
[998254545] 0.136444
[998261822] 0.136352
[998267982] 0.136199
[998275756] 0.136070
[998283746] 0.136049
[998291590] 0.136021
[998299140] 0.135795
[998310101] 0.135734
[998315721] 0.135709
[998322504] 0.135691
[998329910] 0.135535
[998340578] 0.135498
[998346051] 0.135452
[998352705] 0.135412
[998361862] 0.135262
[998369571] 0.135228
[998375609] 0.135210
[998384963] 0.134962
[998391241] 0.134916
[998401041] 0.134870
[998407562] 0.134864
[998414386] 0.134696
[998422290] 0.134647
[998431870] 0.134598
[998437756] 0.134460
[998447186] 0.134010
[998453045] 0.134010
[998464896] 0.133958
[998468933] 0.133750
[998476055] 0.133630
[998484851] 0.133572
[998492657] 0.133529
[998498818] 0.133529
[998507262] 0.133159
[998514281] 0.133113
[998522110] 0.133116
[998529698] 0.133082
[998537482] 0.132895
[998548666] 0.132739
[998552717] 0.132718
[998561860] 0.132690
[998568209] 0.132666
[998576112] 0.132485
[998583959] 0.132405
[998591561] 0.132341
[998599020] 0.131931
[998609314] 0.131689
[998615283] 0.131576
[998621657] 0.131652
[998629439] 0.131511
[998639458] 0.131239
[998647024] 0.130902
[998653040] 0.130905
[998661009] 0.130963
[998669586] 0.130792
[998675733] 0.130354
[998683959] 0.130391
[998691411] 0.130363
[998700641] 0.129867
[998707089] 0.129503
[998714565] 0.129261
[998722127] 0.129393
[998731437] 0.129736
[998737365] 0.129681
[998746273] 0.129154
[998752524] 0.129019
[998764323] 0.129041
[998768670] 0.129041
[998776662] 0.128716
[998784376] 0.128554
[998791942] 0.128529
[998798826] 0.128336
[998807714] 0.127929
[998814676] 0.127225
[998822689] 0.127133
[998829460] 0.127210
[998837426] 0.127155
[998846389] 0.126842
[998853971] 0.125716
[998860848] 0.125507
[998868317] 0.125480
[998875923] 0.125468
[998883562] 0.125253
[998891404] 0.124913
[998898869] 0.124215
[998910284] 0.124301
[998915552] 0.124485
[998922097] 0.124381
[998929708] 0.123728
[998940524] 0.123514
[998945879] 0.123612
[998952900] 0.123643
[998962022] 0.123340
[998969747] 0.122988
[998975838] 0.122684
[998984619] 0.122718
[998991056] 0.122718
[999000342] 0.121996
[999007224] 0.121634
[999014646] 0.121270
[999022379] 0.121288
[999032232] 0.121157
[999037557] 0.120847
[999045764] 0.120391
[999052559] 0.119926
[999064239] 0.120168
[999068378] 0.120168
[999076431] 0.119993
[999084560] 0.119604
[999092260] 0.118713
[999098591] 0.118713
[999107602] 0.118741
[999114451] 0.118949
[999122449] 0.118836
[999130212] 0.118141
[999138470] 0.117865
[999145678] 0.117786
[999152950] 0.117743
[999161841] 0.117045
[999168147] 0.116481
[999176032] 0.115747
[999183804] 0.115731
[999191562] 0.115762
[999199001] 0.115517
[999209042] 0.115137
[999215219] 0.114179
[999222084] 0.114001
[999230005] 0.114096
[999239630] 0.114164
[999245629] 0.113857
[999252615] 0.113857
[999261604] 0.113410
[999269480] 0.113472
[999275885] 0.113417
[999284109] 0.113401
[999291138] 0.113236
[999300783] 0.113095
[999307151] 0.113095
[999314943] 0.112777
[999322035] 0.112538
[999331527] 0.112440
[999337751] 0.112516
[999345994] 0.112397
[999352564] 0.112051
[999364808] 0.111515
[999369020] 0.111668
[999375907] 0.111779
[999384939] 0.111595
[999392474] 0.111270
[999398607] 0.110897
[999406700] 0.110897
[999414671] 0.110943
[999422666] 0.110734
[999429624] 0.110297
[999437136] 0.110278
[999445904] 0.110437
[999452774] 0.110367
[999461936] 0.110101
[999467999] 0.109883
[999475775] 0.109883
[999483741] 0.109850
[999491444] 0.109687
[999499011] 0.109436
[999509650] 0.109442
[999515753] 0.109430
[999521573] 0.109357
[999529423] 0.109167
[999539751] 0.109167
[999546343] 0.109038
[999552579] 0.109017
[999561473] 0.108977
[999569640] 0.108922
[999575810] 0.108754
[999584617] 0.108720
[999591606] 0.108711
[999601613] 0.108536
[999606870] 0.108499
[999614810] 0.108472
[999622151] 0.108441
[999631733] 0.108331
[999637933] 0.108300
[999646177] 0.108258
[999652750] 0.108248
[999664885] 0.108175
[999669039] 0.108156
[999675535] 0.108138
[999684703] 0.108092
[999693525] 0.108065
[999699503] 0.108025
[999707363] 0.108006
[999714908] 0.107957
[999723436] 0.107936
[999729715] 0.107899
[999738021] 0.107875
[999746428] 0.107829
[999752917] 0.107804
[999762637] 0.107746
[999768539] 0.107719
[999775704] 0.107691
[999783211] 0.107648
[999791038] 0.107581
[999798701] 0.107544
[999809187] 0.107520
[999815243] 0.107477
[999822116] 0.107452
[999830035] 0.107406
[999840123] 0.107385
[999846065] 0.107339
[999852763] 0.107314
[999862228] 0.107262
[999870187] 0.107213
[999876208] 0.107189
[999885917] 0.107149
[999891437] 0.107119
[999901029] 0.107063
[999907924] 0.107039
[999915104] 0.106996
[999922083] 0.106972
[999931940] 0.106920
[999937980] 0.106892
[999946053] 0.106849
[999952555] 0.106828
[999964559] 0.106745
[999968572] 0.106724
[999975784] 0.106699
[999984510] 0.106607
[999993026] 0.106570
[999998886] 0.106509
[1000007239] 0.106463
[1000014312] 0.106381
[1000022170] 0.106356
[1000030079] 0.106307
[1000038310] 0.106286
[1000045632] 0.106243
[1000052674] 0.106215
[1000062182] 0.106176
[1000068635] 0.106151
[1000075841] 0.106105
[1000083264] 0.106084
[1000091023] 0.106047
[1000098720] 0.105998
[1000109337] 0.105964
[1000114912] 0.105924
[1000122721] 0.105906
[1000129824] 0.105866
[1000140402] 0.105839
[1000146186] 0.105793
[1000152822] 0.105771
[1000162126] 0.105747
[1000170370] 0.105701
[1000176250] 0.105631
[1000184436] 0.105603
[1000191494] 0.105566
[1000200116] 0.105529
[1000207122] 0.105502
[1000214521] 0.105450
[1000222011] 0.105425
[1000231449] 0.105404
[1000237562] 0.105355
[1000246531] 0.105300
[1000252613] 0.105275
[1000264779] 0.105217
[1000268629] 0.105193
[1000276153] 0.105168
[1000285527] 0.105113
[1000292204] 0.105089
[1000298524] 0.105052
[1000307113] 0.105040
[1000314273] 0.105015
[1000322581] 0.105009
[1000329782] 0.104991
[1000338592] 0.104981
[1000346337] 0.104969
[1000352569] 0.104963
[1000409114] 0.104951
[1000413810] 0.104911
[1000422061] 0.104908
[1000428903] 0.104905
[1000440192] 0.104902
[1000445613] 0.104899
[1000451846] 0.104899
[1000459498] 0.104896
[1000468989] 0.104893
[1000475305] 0.104890
[1000482905] 0.104890
[1000490610] 0.104887
[1000500114] 0.104887
[1000506120] 0.104883
[1000513993] 0.104883
[1000520725] 0.104880
[1000530217] 0.104880
[1000536179] 0.104880
[1000545506] 0.104877
[1000551578] 0.104877
[1000561037] 0.104877
[1000567105] 0.104877
[1000575437] 0.104874
[1000583141] 0.104874
[1000592211] 0.104874
[1000598012] 0.104874
[1000605824] 0.104874
[1000613298] 0.104871
[1000622707] 0.104871
[1000628572] 0.104871
[1000636421] 0.104871
[1000645756] 0.104871
[1000651670] 0.104871
[1000659413] 0.104871
[1000667222] 0.104871
[1000674882] 0.104868
[1000682706] 0.104868
[1000690779] 0.104868
[1000698580] 0.104868
[1000751593] 0.104868
[1000755715] 0.104868
[1000763372] 0.104868
[1000771987] 0.104868
[1000779278] 0.104868
[1000787135] 0.104868
[1000841284] 0.104865
[1000846855] 0.104660
[1000853248] 0.104657
[1000864232] 0.104626
[1000868366] 0.104626
[1000876087] 0.104789
[1000886247] 0.104568
[1000892623] 0.104565
[1000899378] 0.104715
[1000908892] 0.104522
[1000915960] 0.104691
[1000922473] 0.104675
[1000930271] 0.104482
[1000938222] 0.104654
[1000949199] 0.104458
[1000953210] 0.104455
[1000963075] 0.104623
[1000969033] 0.104436
[1000978645] 0.104617
[1000983877] 0.104611
[1000992259] 0.104424
[1001000118] 0.104593
[1001009921] 0.104412
[1001015431] 0.104593
[1001023161] 0.104586
[1001030669] 0.104403
[1001040629] 0.104580
[1001046984] 0.104397
[1001053285] 0.104394
[1001062774] 0.104574
[1001070483] 0.104391
[1001076696] 0.104571
[1001084246] 0.104387
[1001092570] 0.104384
[1001101131] 0.104553
[1001108800] 0.104274
[1001115517] 0.104415
[1001123101] 0.104406
[1001132295] 0.104198
[1001140643] 0.104268
[1001145795] 0.104188
[1001153703] 0.104176
[1001164055] 0.104222
[1001168595] 0.104280
[1001177104] 0.103989
[1001185024] 0.103968
[1001193608] 0.104038
[1001199623] 0.104054
[1001209059] 0.104081
[1001215459] 0.104081
[1001223100] 0.104026
[1001230350] 0.103879
[1001238582] 0.103904
[1001248955] 0.104100
[1001253109] 0.104115
[1001262712] 0.103745
[1001268613] 0.103913
[1001278148] 0.103925
[1001284162] 0.103714
[1001292475] 0.103588
[1001299674] 0.103766
[1001311701] 0.103772
[1001316144] 0.103778
[1001322697] 0.103662
[1001330401] 0.103555
[1001341441] 0.103561
[1001347231] 0.103561
[1001353217] 0.103472
[1001361380] 0.103444
[1001370891] 0.103594
[1001376839] 0.103356
[1001384731] 0.103527
[1001391729] 0.103377
[1001401687] 0.103304
[1001408298] 0.103389
[1001415415] 0.103092
[1001422791] 0.103215
[1001432533] 0.103200
[1001439258] 0.103154
[1001446603] 0.103301
[1001453185] 0.103288
[1001463740] 0.102832
[1001468437] 0.102958
[1001475965] 0.102952
[1001485701] 0.102924
[1001492495] 0.102915
[1001500220] 0.102933
[1001508033] 0.102826
[1001515096] 0.102743
[1001523302] 0.102734
[1001530168] 0.102713
[1001539270] 0.102596
[1001548901] 0.102535
[1001553224] 0.102514
[1001561835] 0.102486
[1001568444] 0.102477
[1001578885] 0.102434
[1001583892] 0.102394
[1001591948] 0.102385
[1001599972] 0.102351
[1001611888] 0.102330
[1001616202] 0.102290
[1001622545] 0.102269
[1001631066] 0.102223
[1001640926] 0.102204
[1001647043] 0.102189
[1001653156] 0.102140
[1001662656] 0.102091
[1001670266] 0.102067
[1001676282] 0.102018
[1001685889] 0.101953
[1001692116] 0.101926
[1001701971] 0.101883
[1001707476] 0.101865
[1001715154] 0.101813
[1001722755] 0.101788
[1001732937] 0.101748
[1001738929] 0.101733
[1001747030] 0.101693
[1001753034] 0.101666
[1001765057] 0.101595
[1001769329] 0.101580
[1001776668] 0.101549
[1001785129] 0.101485
[1001793237] 0.101445
[1001799371] 0.101399
[1001808645] 0.101375
[1001815674] 0.101310
[1001822309] 0.101292
[1001830118] 0.101252
[1001837811] 0.101231
[1001849808] 0.101179
[1001854782] 0.101142
[1001862377] 0.101124
[1001868306] 0.101102
[1001875959] 0.101056
[1001883781] 0.101032
[1001891381] 0.100977
[1001899505] 0.100940
[1001911234] 0.100912
[1001915851] 0.100873
[1001922834] 0.100848
[1001930818] 0.100799
[1001941383] 0.100772
[1001947069] 0.100750
[1001953103] 0.100723
[1001962443] 0.100677
[1001970274] 0.100643
[1001976040] 0.100622
[1001985053] 0.100582
[1001991528] 0.100554
[1002001788] 0.100508
[1002007819] 0.100490
[1002015169] 0.100441
[1002022820] 0.100419
[1002031892] 0.100367
[1002039505] 0.100343
[1002046576] 0.100306
[1002053151] 0.100282
[1002063232] 0.100260
[1002069464] 0.100196
[1002075921] 0.100168
[1002085327] 0.100122
[1002092000] 0.100095
[1002099880] 0.100034
[1002107466] 0.100012
[1002114599] 0.099957
[1002122860] 0.099930
[1002130572] 0.099868
[1002138008] 0.099868
[1002146319] 0.099780
[1002154441] 0.099737
[1002162994] 0.099715
[1002169292] 0.099679
[1002178491] 0.099639
[1002184326] 0.099611
[1002192124] 0.099568
[1002200150] 0.099528
[1002211287] 0.099504
[1002215909] 0.099464
[1002222684] 0.099446
[1002230542] 0.099397
[1002242329] 0.099372
[1002247455] 0.099333
[1002253327] 0.099311
[1002261447] 0.099268
[1002271538] 0.099225
[1002276401] 0.099204
[1002285729] 0.099155
[1002292355] 0.099134
[1002300900] 0.099091
[1002307569] 0.099069
[1002315347] 0.099023
[1002323230] 0.098996
[1002332393] 0.098953
[1002339011] 0.098931
[1002346489] 0.098889
[1002353265] 0.098864
[1002363722] 0.098815
[1002368420] 0.098797
[1002376111] 0.098751
[1002385369] 0.098711
[1002392338] 0.098687
[1002400470] 0.098641
[1002408260] 0.098616
[1002415272] 0.098573
[1002423104] 0.098549
[1002430336] 0.098506
[1002438680] 0.098481
[1002446039] 0.098435
[1002453917] 0.098414
[1002461999] 0.098368
[1002468483] 0.098344
[1002477769] 0.098285
[1002484118] 0.098255
[1002491814] 0.098224
[1002499600] 0.098175
[1002511778] 0.098154
[1002516436] 0.098105
[1002522466] 0.098086
[1002530597] 0.098044
[1002542001] 0.098004
[1002546959] 0.097982
[1002553391] 0.097958
[1002563112] 0.097915
[1002570436] 0.097894
[1002576518] 0.097854
[1002584779] 0.097805
[1002592307] 0.097783
[1002602339] 0.097743
[1002608775] 0.097716
[1002615690] 0.097691
[1002622329] 0.097646
[1002632384] 0.097603
[1002638677] 0.097578
[1002646292] 0.097538
[1002653382] 0.097517
[1002663848] 0.097474
[1002668505] 0.097447
[1002676249] 0.097404
[1002684892] 0.097382
[1002692996] 0.097339
[1002699356] 0.097300
[1002708975] 0.097275
[1002715647] 0.097229
[1002722378] 0.097208
[1002730260] 0.097168
[1002738241] 0.097146
[1002746037] 0.097101
[1002776705] 0.097048
[1002780890] 0.096902
[1002788839] 0.096874
[1002796668] 0.096819
[1002804876] 0.096819
[1002814812] 0.096797
[1002819492] 0.096788
[1002827279] 0.096782
[1002883758] 0.096767
