[975015607] -0.000015
[975023194] -0.000011
[975032486] -0.000015
[975039511] -0.000011
[975046692] -0.000011
[975054010] -0.000015
[975063777] -0.000011
[975068654] -0.000015
[975076541] -0.000015
[975084525] -0.000011
[975094185] -0.000011
[975100162] -0.000011
[975108368] -0.000015
[975114943] -0.000011
[975124544] -0.000015
[975135078] -0.000015
[975140861] -0.000011
[975146156] -0.000015
[975154028] -0.000011
[975161802] -0.000011
[975168717] -0.000011
[975176678] -0.000011
[975184725] -0.000015
[975192365] -0.000011
[975199997] -0.000015
[975207634] -0.000015
[975215725] -0.000011
[975222523] -0.000015
[975234407] -0.000011
[975243669] -0.000015
[975248403] -0.000015
[975254510] -0.000011
[975261505] -0.000015
[975271533] -0.000011
[975276449] -0.000011
[975284718] -0.000015
[975292640] -0.000011
[975301508] -0.000015
[975307528] -0.000015
[975315539] -0.000011
[975322910] -0.000015
[975332501] -0.000011
[975338751] -0.000015
[975346851] -0.000011
[975353449] -0.000011
[975363335] -0.000015
[975369359] -0.000011
[975377001] -0.000011
[975384506] -0.000011
[975394372] -0.000015
[975400147] -0.000015
[975407721] -0.000011
[975415088] -0.000015
[975472215] -0.000011
[975476536] -0.000015
[975485570] -0.000011
[975491961] -0.000011
[975500218] -0.000015
[975508181] -0.000011
[975516512] -0.000015
[975522649] -0.000015
[975530343] -0.000011
[975540467] -0.000015
[975546119] -0.000011
[975554702] -0.000015
[975563455] -0.000011
[975570471] -0.000011
[975576961] -0.000015
[975588043] -0.000011
[975592578] -0.000015
[975601647] -0.000011
[975609022] -0.000011
[975616578] -0.000015
[975622682] -0.000011
[975632335] -0.000015
[975639292] -0.000011
[975647192] -0.000015
[975654477] -0.000011
[975662676] -0.000011
[975668529] -0.000015
[975676625] -0.000011
[975686286] -0.000015
[975694690] -0.000011
[975699797] -0.000015
[975708239] -0.000015
[975716841] -0.000011
[975724669] -0.000015
[975730856] -0.000011
[975737997] -0.000011
[975746945] -0.000015
[975754627] -0.000011
[975763566] -0.000015
[975769127] -0.000011
[975777083] -0.000011
[975784878] -0.000015
[975791772] -0.000011
[975799597] -0.000015
[975815795] -0.000011
[975819868] -0.000015
[975824183] -0.000011
[975840392] -0.000011
[975850574] -0.000011
[975854901] -0.000015
[975863977] -0.000015
[975871792] -0.000011
[975878028] -0.000015
[975887398] -0.000011
[975893731] -0.000015
[975904397] -0.000011
[975909990] -0.000011
[975917462] -0.000015
[975923934] -0.000011
[975934315] -0.000015
[975939509] -0.000011
[975948817] -0.000011
[975956569] -0.000015
[975964579] -0.000011
[975970672] -0.000015
[975979023] -0.000011
[975987936] -0.000011
[975994720] -0.000015
[976001064] -0.000011
[976010315] -0.000011
[976017967] -0.000015
[976026603] -0.000011
[976043800] -0.000011
[976050676] -0.000011
[976056733] -0.000011
[976064705] -0.000015
[976071113] -0.000015
[976081496] -0.000011
[976086678] -0.000015
[976094659] -0.000011
[976102577] -0.000011
[976114982] -0.000015
[976119535] -0.000011
[976125623] -0.000015
[976133882] -0.000011
[976143074] -0.000015
[976149599] -0.000015
[976158050] -0.000011
[976164929] -0.000015
[976173945] -0.000011
[976179017] -0.000015
[976188127] -0.000015
[976194182] -0.000011
[976204177] -0.000011
[976212837] -0.000011
[976217812] -0.000015
[976225422] -0.000011
[976235343] -0.000015
[976241091] -0.000015
[976249860] -0.000011
[976256667] -0.000015
[976267301] -0.000011
[976271370] -0.000011
[976279221] -0.000015
[976288226] -0.000011
[976295402] -0.000015
[976301929] -0.000015
[976311044] -0.000011
[976318331] -0.000015
[976325071] -0.000011
[976333302] -0.000011
[976340434] -0.000011
[976351934] -0.000011
[976357896] -0.000015
[976364669] -0.000011
[976371202] -0.000015
[976381039] -0.000011
[976389497] -0.000011
[976394454] -0.000015
[976402311] -0.000015
[976411179] -0.000015
[976417312] -0.000015
[976425128] -0.000011
[976433181] -0.000015
[976443260] -0.000011
[976448920] -0.000011
[976457013] -0.000011
[976464978] -0.000011
[976472653] -0.000015
[976478499] -0.000011
[976488414] -0.000011
[976494638] -0.000011
[976504467] -0.000015
[976510240] -0.000015
[976517808] -0.000011
[976525541] -0.000015
[976533662] -0.000015
[976540294] -0.000011
[976550118] -0.000015
[976556821] -0.000011
[976564936] -0.000015
[976571232] -0.000015
[976578996] -0.000015
[976587994] -0.000015
[976594749] -0.000011
[976601935] -0.000011
[976610818] -0.000011
[976620060] -0.000011
[976625297] -0.000015
[976633424] -0.000011
[976640361] -0.000015
[976653115] -0.000011
[976658506] -0.000015
[976664684] -0.000011
[976671184] -0.000011
[976680781] -0.000015
[976691351] -0.000011
[976695817] -0.000015
[976701956] -0.000011
[976711472] -0.000011
[976717551] -0.000015
[976725621] -0.000011
[976733015] -0.000011
[976745994] -0.000011
[976752119] -0.000011
[976756387] -0.000015
[976764483] -0.000011
[976772985] -0.000015
[976778819] -0.000011
[976787214] -0.000011
[976794512] -0.000015
[976804329] -0.000011
[976813153] -0.000015
[976817679] -0.000011
[976825835] -0.000011
[976833888] -0.000015
[976840423] -0.000011
[976848907] -0.000011
[976857313] -0.000011
[976864807] -0.000015
[976871456] -0.000015
[976879626] -0.000011
[976887408] -0.000015
[976894438] -0.000011
[976902210] -0.000015
[976911795] -0.000011
[976917790] -0.000011
[976924905] -0.000015
[976933450] -0.000015
[976940527] -0.000015
[976952359] -0.000015
[976957230] -0.000011
[976964464] -0.000015
[976971114] -0.000011
[976980476] -0.000015
[976989055] -0.000015
[976994674] -0.000011
[977002403] -0.000015
[977011944] -0.000011
[977017546] -0.000011
[977025461] -0.000011
[977033136] -0.000011
[977042203] -0.000015
[977050409] -0.000011
[977056066] -0.000015
[977064274] -0.000015
[977073406] -0.000015
[977079202] -0.000015
[977087662] -0.000011
[977094146] -0.000015
[977103757] -0.000011
[977112035] -0.000011
[977117287] -0.000011
[977125106] -0.000011
[977134788] -0.000015
[977141432] -0.000011
[977148653] -0.000011
[977157203] -0.000015
[977168095] -0.000011
[977172207] -0.000015
[977178809] -0.000015
[977187504] -0.000015
[977194600] -0.000015
[977202193] -0.000011
[977211322] -0.000015
[977218114] -0.000015
[977224931] -0.000015
[977233137] -0.000015
[977240426] -0.000015
[977252750] -0.000011
[977257809] -0.000011
[977264653] -0.000015
[977271267] -0.000015
[977281290] -0.000015
[977288775] -0.000015
[977294636] -0.000011
[977302453] -0.000015
[977311155] -0.000011
[977317332] -0.000011
[977325233] -0.000011
[977333448] -0.000011
[977342060] -0.000015
[977349866] -0.000011
[977358406] -0.000015
[977364982] -0.000011
[977373070] -0.000011
[977379039] -0.000015
[977387937] -0.000011
[977394534] -0.000015
[977404537] -0.000011
[977412916] -0.000011
[977417662] -0.000011
[977424884] -0.000011
[977434125] -0.000015
[977440592] -0.000011
[977449320] -0.000011
[977457861] -0.000015
[977465641] -0.000015
[977472464] -0.000015
[977478762] -0.000011
[977487782] -0.000011
[977494872] -0.000011
[977502082] -0.000011
[977511125] -0.000011
[977517920] -0.000011
[977525500] -0.000015
[977532608] -0.000015
[977541680] -0.000011
[977551975] -0.000011
[977557211] -0.000011
[977564889] -0.000015
[977570938] -0.000015
[977580883] -0.000015
[977586659] -0.000015
[977594388] -0.000011
[977602121] -0.000011
[977615591] -0.000011
[977619618] -0.000015
[977625603] -0.000011
[977633946] -0.000015
[977642133] -0.000015
[977650431] -0.000011
[977656327] -0.000015
[977665156] -0.000011
[977673383] -0.000015
[977679505] -0.000011
[977687966] -0.000011
[977694077] -0.000015
[977704114] -0.000011
[977712151] -0.000015
[977717380] -0.000011
[977724814] -0.000015
[977734579] -0.000011
[977741118] -0.000011
[977749328] -0.000015
[977756460] -0.000011
[977764293] -0.000015
[977771909] -0.000015
[977779569] -0.000011
[977787564] -0.000011
[977885117] -0.000011
[977889539] -0.000015
[977898288] -0.000011
[977904982] -0.000015
[977913592] -0.000011
[977920338] -0.000011
[977928146] -0.000015
[977937073] -0.000011
[977946350] -0.000015
[977951173] -0.000011
[977959378] -0.000015
[977967436] -0.000015
[977974173] -0.000011
[977982130] -0.000015
[977989676] -0.000011
[977997466] -0.000011
[978004844] -0.000011
[978012793] -0.000011
[978020529] -0.000015
[978040844] -0.000011
[978046115] -0.000011
[978052901] -0.000011
[978108861] -0.000015
[978113083] -0.000011
[978123420] -0.000011
[978129554] -0.000015
[978137160] -0.000015
[978187932] -0.000011
[978192149] -0.000015
[978200131] -0.000011
[978210316] -0.000011
[978217770] -0.000015
[978223960] -0.000011
[978230732] -0.000015
[978241300] -0.000011
[978246322] -0.000011
[978255428] -0.000015
[978263641] -0.000011
[978270596] -0.000015
[978276942] -0.000015
[978287497] -0.000011
[978292694] -0.000015
[978301471] -0.000011
[978307995] -0.000015
[978316497] -0.000011
[978323189] -0.000011
[978333242] -0.000015
[978338433] -0.000011
[978347409] -0.000015
[978355151] -0.000011
[978363240] -0.000011
[978369318] -0.000015
[978377199] -0.000011
[978386170] -0.000015
[978395374] -0.000011
[978399757] -0.000011
[978408318] -0.000015
[978416403] -0.000011
[978424670] -0.000015
[978430617] -0.000015
[978439274] -0.000011
[978447865] -0.000015
[978456242] -0.000011
[978462603] -0.000011
[978469762] -0.000011
[978477117] -0.000011
[978485851] -0.000015
[978493678] -0.000011
[978499904] -0.000015
[978507951] -0.000015
[978516241] -0.000011
[978523286] -0.000015
[978531798] -0.000011
[978540589] -0.000011
[978547545] -0.000015
[978554064] -0.000011
[978564106] -0.000015
[978570744] -0.000011
[978577171] -0.000011
[978585562] -0.000011
[978593250] -0.000011
[978601770] -0.000015
[978608841] -0.000011
[978616871] -0.000015
[978623086] -0.000015
[978633354] -0.000011
[978638933] -0.000015
[978647338] -0.000011
[978655324] -0.000015
[978662315] -0.000015
[978669647] -0.000011
[978676762] -0.000015
[978686661] -0.000011
[978695359] -0.000015
[978700154] -0.000011
[978708884] -0.000011
[978716688] -0.000015
[978723626] -0.000015
[978730584] -0.000011
[978739533] -0.000015
[978747496] -0.000011
[978757072] -0.000015
[978762461] -0.000011
[978769353] -0.000015
[978777136] -0.000015
[978786243] -0.000011
[978792923] -0.000015
[978799615] -0.000011
[978807732] -0.000011
[978815504] -0.000011
[978823381] -0.000011
[978831412] -0.000015
[978840135] -0.000015
[978846690] -0.000015
[978855159] -0.000015
[978863195] -0.000011
[978871962] -0.000011
[978876831] -0.000011
[978887152] -0.000015
[978892343] -0.000015
[978902830] -0.000011
[978912935] -0.000011
[978917372] -0.000011
[978923387] -0.000011
[978932913] -0.000011
[978939279] -0.000015
[978946441] -0.000015
[978954476] -0.000015
[978964376] -0.000011
[978969523] -0.000011
[978977728] -0.000015
[978985432] -0.000011
[978994476] -0.000015
[979000524] -0.000011
[979008139] -0.000011
[979016145] -0.000011
[979024354] -0.000011
[979031097] -0.000015
[979039510] -0.000011
[979047804] -0.000015
[979055332] -0.000015
[979062351] -0.000011
[979069150] -0.000015
[979077274] -0.000015
[979085925] -0.000015
[979092839] -0.000015
[979100886] -0.000011
[979107693] -0.000011
[979115261] -0.000011
[979123689] -0.000015
[979130667] -0.000015
[979140752] -0.000011
[979147259] -0.000015
[979154575] -0.000011
[979162451] -0.000015
[979170864] -0.000015
[979177296] -0.000011
[979185870] -0.000015
[979192815] -0.000011
[979202493] -0.000015
[979209252] -0.000011
[979216545] -0.000011
[979223162] -0.000015
[979232736] -0.000011
[979239105] -0.000015
[979247178] -0.000011
[979254661] -0.000015
[979263420] -0.000015
[979269435] -0.000015
[979276711] -0.000015
[979286925] -0.000015
[979295302] -0.000015
[979300324] -0.000011
[979308777] -0.000015
[979316129] -0.000011
[979324387] -0.000015
[979330695] -0.000015
[979339622] -0.000011
[979347546] -0.000015
[979353930] -0.000011
[979362494] -0.000015
[979369104] -0.000011
[979377009] -0.000011
[979385590] -0.000011
[979393120] -0.000011
[979400145] -0.000011
[979408039] -0.000011
[979415875] -0.000011
[979422995] -0.000015
[979431082] -0.000015
[979441739] -0.000015
[979447269] -0.000011
[979453814] -0.000011
[979463033] -0.000015
[979471109] -0.000015
[979476994] -0.000015
[979486196] -0.000011
[979492094] -0.000011
[979501678] -0.000011
[979508361] -0.000011
[979515581] -0.000011
[979523141] -0.000011
[979532768] -0.000015
[979538596] -0.000015
[979547861] -0.000015
[979554075] -0.000011
[979564977] -0.000011
[979569232] -0.000015
[979577054] -0.000011
[979586530] -0.000015
[979593773] -0.000015
[979600256] -0.000015
[979608995] -0.000015
[979615966] -0.000011
[979623721] -0.000011
[979630587] -0.000011
[979638867] -0.000011
[979646808] -0.000015
[979654558] -0.000011
[979662232] -0.000015
[979669309] -0.000011
[979677227] -0.000011
[979684669] -0.000015
[979692257] -0.000015
[979700438] -0.000015
[979711186] -0.000011
[979716862] -0.000015
[979723133] -0.000011
[979731105] -0.000011
[979741664] -0.000011
[979747148] -0.000011
[979753529] -0.000015
[979763101] -0.000011
[979771278] -0.000011
[979777249] -0.000011
[979786490] -0.000011
[979793076] -0.000015
[979801202] -0.000011
[979808044] -0.000015
[979815644] -0.000011
[979823437] -0.000011
[979833315] -0.000011
[979838580] -0.000011
[979847564] -0.000015
[979854110] -0.000011
[979864878] -0.000011
[979869258] -0.000011
[979877226] -0.000011
[979886289] -0.000011
[979894089] -0.000011
[979900038] -0.000015
[979908377] -0.000011
[979915619] -0.000011
[979923288] -0.000015
[979931278] -0.000011
[979939006] -0.000015
[979946712] -0.000015
[979954500] -0.000015
[979962089] -0.000015
[979968827] -0.000011
[979976705] -0.000011
[979984518] -0.000011
[979992264] -0.000011
[979999958] -0.000015
[980010914] -0.000011
[980016209] -0.000015
[980022873] -0.000011
[980030719] -0.000011
[980040677] -0.000015
[980047102] -0.000011
[980053782] -0.000011
[980062907] -0.000011
[980071023] -0.000015
[980077216] -0.000015
[980085231] -0.000015
[980092319] -0.000015
[980102005] -0.000011
[980108877] -0.000015
[980116150] -0.000011
[980123317] -0.000011
[980133844] -0.000011
[980138545] -0.000011
[980147958] -0.000011
[980153942] -0.000015
[980165873] -0.000011
[980170142] -0.000011
[980176738] -0.000011
[980186476] -0.000011
[980193784] -0.000011
[980199573] -0.000011
[980207739] -0.000011
[980215555] -0.000015
[980223553] -0.000015
[980230838] -0.000011
[980239385] -0.000011
[980247165] -0.000011
[980253524] -0.000011
[980262571] -0.000011
[980268866] -0.000015
[980276526] -0.000015
[980284185] -0.000015
[980292060] -0.000015
[980299698] -0.000011
[980308051] -0.000015
[980315903] -0.000011
[980322631] -0.000011
[980331208] -0.000011
[980341283] -0.000011
[980346950] -0.000015
[980353861] -0.000011
[980363279] -0.000011
[980371266] -0.000011
[980377268] -0.000011
[980387017] -0.000015
[980393243] -0.000011
[980401106] -0.000015
[980408408] -0.000015
[980415903] -0.000011
[980423097] -0.000011
[980433125] -0.000011
[980439607] -0.000015
[980447221] -0.000015
[980453543] -0.000011
[980465150] -0.000011
[980469247] -0.000015
[980476923] -0.000015
[980486613] -0.000011
[980494106] -0.000011
[980499850] -0.000015
[980509196] -0.000011
[980515801] -0.000015
[980523548] -0.000015
[980531229] -0.000011
[980539840] -0.000015
[980546767] -0.000011
[980554280] -0.000015
[980562533] -0.000011
[980569038] -0.000015
[980576604] -0.000015
[980584634] -0.000015
[980592543] -0.000015
[980600137] -0.000011
[980610787] -0.000011
[980616390] -0.000015
[980622633] -0.000015
[980630760] -0.000015
[980641465] -0.000011
[980646916] -0.000015
[980653869] -0.000015
[980663193] -0.000011
[980671436] -0.000011
[980677197] -0.000011
[980686137] -0.000011
[980692753] -0.000011
[980701066] -0.000011
[980708536] -0.000015
[980715628] -0.000011
[980723736] -0.000011
[980733212] -0.000011
[980738062] -0.000011
[980747715] -0.000011
[980753809] -0.000011
[980766131] -0.000015
[980770443] -0.000011
[980776764] -0.000011
[980785925] -0.000015
[980794552] -0.000015
[980800201] -0.000015
[980808373] -0.000015
[980815471] -0.000015
[980823345] -0.000015
[980831273] -0.000015
[980838784] -0.000015
[980847269] -0.000015
[980854754] -0.000015
[980862018] -0.000011
[980868948] -0.000015
[980877490] -0.000015
[980885252] -0.000011
[980891934] -0.000015
[980899705] -0.000011
[980911440] -0.000015
[980916938] -0.000011
[980922944] -0.000011
[980930790] -0.000015
[980940909] -0.000011
[980947233] -0.000015
[980953848] -0.000011
[980963008] -0.000011
[980970651] -0.000011
[980976657] -0.000011
[980985522] -0.000015
[980992546] -0.000015
[981002442] -0.000011
[981009182] -0.000015
[981016162] -0.000015
[981023024] -0.000015
[981032133] -0.000011
[981038492] -0.000015
[981047564] -0.000011
[981053705] -0.000011
[981065989] -0.000011
[981070169] -0.000011
[981076632] -0.000011
[981086281] -0.000011
[981094726] -0.000015
[981099699] -0.000011
[981108215] -0.000011
[981115495] -0.000015
[981123269] -0.000011
[981131273] -0.000015
[981138174] -0.000011
[981147214] -0.000011
[981153723] -0.000011
[981162530] -0.000011
[981169219] -0.000011
[981177385] -0.000011
[981185061] -0.000015
[981192684] -0.000015
[981200366] -0.000015
[981211188] -0.000015
[981216815] -0.000015
[981222669] -0.000015
[981230504] -0.000011
[981242066] -0.000015
[981247486] -0.000011
[981253716] -0.000011
[981263073] -0.000015
[981270773] -0.000011
[981276714] -0.000015
[981286378] -0.000011
[981293267] -0.000011
[981301283] -0.000015
[981308066] -0.000011
[981315304] -0.000015
[981322838] -0.000015
[981332659] -0.000011
[981338991] -0.000015
[981347219] -0.000011
[981353876] -0.000015
[981366194] -0.000011
[981370316] -0.000011
[981376617] -0.000011
[981386026] -0.000011
[981393609] -0.000015
[981399658] -0.000011
[981408398] -0.000011
[981415466] -0.000015
[981423186] -0.000011
[981431286] -0.000015
[981438603] -0.000015
[981448235] -0.000011
[981454841] -0.000011
[981462196] -0.000011
[981469035] -0.000015
[981477329] -0.000015
[981485321] -0.000011
[981492159] -0.000015
[981499553] -0.000011
[981508174] -0.000015
[981516384] -0.000015
[981523033] -0.000011
[981530765] -0.000015
[981540262] -0.000011
[981547672] -0.000015
[981554075] -0.000011
[981562110] -0.000011
[981571173] -0.000015
[981577040] -0.000011
[981586783] -0.000011
[981592576] -0.000011
[981601963] -0.000015
[981608694] -0.000015
[981615469] -0.000015
[981623238] -0.000015
[981633203] -0.000011
[981638475] -0.000015
[981647188] -0.000011
[981653897] -0.000011
[981665630] -0.000011
[981669554] -0.000015
[981677315] -0.000015
[981686288] -0.000011
[981693855] -0.000015
[981699740] -0.000011
[981708858] -0.000015
[981715804] -0.000015
[981723592] -0.000011
[981730377] -0.000015
[981738095] -0.000011
[981747243] -0.000011
[981753943] -0.000015
[981762770] -0.000011
[981769067] -0.000011
[981777036] -0.000011
[981784849] -0.000015
[981792341] -0.000015
[981799866] -0.000015
[981810806] -0.000015
[981816656] -0.000015
[981822755] -0.000015
[981830436] -0.000011
[981841128] -0.000011
[981847018] -0.000011
[981854197] -0.000011
[981861828] -0.000015
[981870880] -0.000011
[981877293] -0.000015
[981886925] -0.000011
[981892367] -0.000011
[981901610] -0.000015
[981907858] -0.000011
[981915563] -0.000015
[981923284] -0.000011
[981932944] -0.000015
[981938935] -0.000011
[981946732] -0.000015
[981954032] -0.000015
[981964923] -0.000011
[981969004] -0.000015
[981977003] -0.000011
[981986245] -0.000015
[981994059] -0.000015
[981999836] -0.000015
[982007925] -0.000015
[982015328] -0.000011
[982023050] -0.000011
[982031083] -0.000011
[982038698] -0.000011
[982047008] -0.000015
[982054169] -0.000015
[982062399] -0.000015
[982069414] -0.000011
[982077417] -0.000015
[982085325] -0.000011
[982092875] -0.000011
[982100366] -0.000011
[982108394] -0.000011
[982116866] -0.000011
[982123193] -0.000015
[982131139] -0.000011
[982140601] -0.000015
[982148520] -0.000011
[982153914] -0.000011
[982162378] -0.000015
[982170933] -0.000015
[982176820] -0.000015
[982186082] -0.000011
[982193303] -0.000015
[982201154] -0.000011
[982207960] -0.000011
[982215805] -0.000011
[982223636] -0.000011
[982233546] -0.000015
[982238346] -0.000015
[982247859] -0.000015
[982253781] -0.000011
[982266195] -0.000015
[982270277] -0.000015
[982276761] -0.000011
[982285829] -0.000015
[982294591] -0.000011
[982300310] -0.000015
[982308673] -0.000015
[982315762] -0.000011
[982323874] -0.000015
[982330560] -0.000011
[982338130] -0.000011
[982347574] -0.000011
[982354123] -0.000011
[982362464] -0.000015
[982369015] -0.000011
[982376823] -0.000011
[982384501] -0.000011
[982392669] -0.000011
[982400131] -0.000015
[982411264] -0.000011
[982416555] -0.000015
[982422841] -0.000015
[982430446] -0.000011
[982440520] -0.000015
[982447256] -0.000011
[982453814] -0.000015
[982462062] -0.000011
[982470606] -0.000015
[982477139] -0.000011
[982485810] -0.000015
[982492792] -0.000015
[982501424] -0.000011
[982507962] -0.000011
[982515327] -0.000011
[982523298] -0.000011
[982533272] -0.000011
[982537996] -0.000011
[982546567] -0.000015
[982553884] -0.000015
[982566316] -0.000015
[982570118] -0.000015
[982576548] -0.000011
[982585496] -0.000015
[982594083] -0.000015
[982600125] -0.000015
[982608829] -0.000015
[982615640] -0.000011
[982623745] -0.000015
[982631031] -0.000011
[982638411] -0.000011
[982647497] -0.000015
[982654131] -0.000011
[982662279] -0.000015
[982669527] -0.000011
[982677576] -0.000011
[982685466] -0.000015
[982692361] -0.000011
[982699998] -0.000015
[982711238] -0.000011
[982716729] -0.000015
[982722660] -0.000015
[982730417] -0.000011
[982740375] -0.000015
[982748043] -0.000011
[982754278] -0.000015
[982762149] -0.000015
[982770798] -0.000015
[982776826] -0.000015
[982786123] -0.000011
[982792845] -0.000015
[982802053] -0.000011
[982808636] -0.000011
[982815436] -0.000011
[982823280] -0.000011
[982832402] -0.000015
[982838645] -0.000011
[982847795] -0.000015
[982854025] -0.000011
[982865401] -0.000015
[982869679] -0.000015
[982877427] -0.000015
[982885357] -0.000015
[982894016] -0.000011
[982900145] -0.000015
[982908446] -0.000015
[982915407] -0.000011
[982923030] -0.000015
[982930890] -0.000011
[982938593] -0.000011
[982946844] -0.000015
[982953798] -0.000015
[982962382] -0.000015
[982968943] -0.000015
[982976775] -0.000015
[982984507] -0.000011
[982992168] -0.000011
[982999980] -0.000011
[983010952] -0.000011
[983016778] -0.000011
[983022986] -0.000011
[983031552] -0.000011
[983040551] -0.000015
[983047482] -0.000011
[983053678] -0.000015
[983062887] -0.000011
[983071163] -0.000015
[983077236] -0.000015
[983086940] -0.000011
[983092790] -0.000015
[983102134] -0.000011
[983109213] -0.000011
[983116440] -0.000011
[983123218] -0.000011
[983132828] -0.000015
[983139079] -0.000011
[983147345] -0.000015
[983153844] -0.000011
[983166158] -0.000015
[983169919] -0.000015
[983176551] -0.000011
[983185869] -0.000015
[983193574] -0.000011
[983199838] -0.000015
[983208055] -0.000015
[983215460] -0.000011
[983223152] -0.000015
[983230969] -0.000011
[983239015] -0.000011
[983246750] -0.000011
[983254124] -0.000015
[983262256] -0.000015
[983269033] -0.000011
[983276890] -0.000011
[983284672] -0.000011
[983292350] -0.000011
[983299778] -0.000015
[983308036] -0.000011
[983315830] -0.000015
[983323003] -0.000011
[983331415] -0.000011
[983339716] -0.000015
[983347160] -0.000011
[983353613] -0.000015
[983362886] -0.000011
[983370823] -0.000011
[983376985] -0.000011
[983386029] -0.000011
[983392488] -0.000015
[983401706] -0.000011
[983408083] -0.000011
[983415710] -0.000011
[983423011] -0.000011
[983432737] -0.000015
[983438842] -0.000011
[983446399] -0.000015
[983453714] -0.000011
[983465234] -0.000011
[983469342] -0.000011
[983476922] -0.000011
[983485772] -0.000015
[983494342] -0.000011
[983500350] -0.000011
[983508699] -0.000015
[983515342] -0.000011
[983523035] -0.000015
[983530880] -0.000011
[983538843] -0.000015
[983546669] -0.000015
[983554161] -0.000015
[983563051] -0.000015
[983569092] -0.000011
[983576556] -0.000015
[983584460] -0.000011
[983592132] -0.000011
[983599772] -0.000011
[983607756] -0.000011
[983616430] -0.000015
[983622726] -0.000015
[983630376] -0.000011
[983640540] -0.000015
[983648112] -0.000011
[983654590] -0.000015
[983661949] -0.000011
[983670638] -0.000015
[983676583] -0.000011
[983685489] -0.000015
[983692267] -0.000015
[983701914] -0.000011
[983708516] -0.000015
[983715389] -0.000011
[983722943] -0.000011
[983732395] -0.000011
[983738533] -0.000011
[983747020] -0.000015
[983753651] -0.000011
[983764448] -0.000015
[983769182] -0.000011
[983776800] -0.000011
[983785776] -0.000015
[983794539] -0.000015
[983800051] -0.000015
[983808042] -0.000015
[983815925] -0.000011
[983824093] -0.000015
[983830729] -0.000011
[983838373] -0.000015
[983847361] -0.000011
[983855751] -0.000015
[983863395] -0.000015
[983869474] -0.000015
[983876885] -0.000015
[983884393] -0.000011
[983891898] -0.000015
[983899814] -0.000011
[983911139] -0.000011
[983916944] -0.000011
[983922703] -0.000011
[983930737] -0.000015
[983940615] -0.000015
[983947498] -0.000011
[983953745] -0.000011
[983963048] -0.000011
[983970948] -0.000015
[983976612] -0.000015
[983985659] -0.000011
[983992507] -0.000015
[984001891] -0.000011
[984008729] -0.000015
[984015959] -0.000015
[984023009] -0.000011
[984032099] -0.000015
[984038210] -0.000011
[984047146] -0.000015
[984053815] -0.000011
[984065720] -0.000011
[984069626] -0.000011
[984076912] -0.000011
[984085777] -0.000015
[984094385] -0.000011
[984100399] -0.000015
[984108747] -0.000015
[984115568] -0.000015
[984123457] -0.000015
[984131038] -0.000011
[984138577] -0.000015
[984147341] -0.000011
[984153676] -0.000015
[984162445] -0.000011
[984168911] -0.000015
[984176809] -0.000015
[984184561] -0.000011
[984192026] -0.000015
[984199520] -0.000011
[984207653] -0.000015
[984215951] -0.000015
[984222659] -0.000011
[984230767] -0.000015
[984240949] -0.000011
[984246982] -0.000015
[984253866] -0.000011
[984262853] -0.000011
[984271241] -0.000011
[984277463] -0.000011
[984285604] -0.000015
[984292406] -0.000015
[984301660] -0.000015
[984308513] -0.000015
[984315514] -0.000015
[984323004] -0.000015
[984332770] -0.000011
[984338642] -0.000015
[984347281] -0.000015
[984353591] -0.000015
[984365626] -0.000015
[984369643] -0.000015
[984377126] -0.000015
[984385971] -0.000011
[984394391] -0.000015
[984400387] -0.000011
[984408917] -0.000011
[984415958] -0.000015
[984423823] -0.000011
[984430783] -0.000015
[984438523] -0.000011
[984448042] -0.000011
[984454795] -0.000015
[984462566] -0.000011
[984469155] -0.000015
[984477066] -0.000015
[984484941] -0.000015
[984492397] -0.000015
[984499922] -0.000011
[984507955] -0.000015
[984515821] -0.000011
[984522674] -0.000015
[984530475] -0.000015
[984541179] -0.000011
[984546947] -0.000015
[984553918] -0.000011
[984563002] -0.000011
[984571129] -0.000015
[984577107] -0.000011
[984586260] -0.000015
[984592336] -0.000011
[984601894] -0.000015
[984608490] -0.000015
[984615646] -0.000011
[984623315] -0.000011
[984633024] -0.000011
[984639103] -0.000015
[984646778] -0.000015
[984653432] -0.000011
[984665082] -0.000015
[984669135] -0.000011
[984676780] -0.000015
[984686211] -0.000011
[984694188] -0.000011
[984699860] -0.000015
[984708363] -0.000011
[984715165] -0.000015
[984722882] -0.000011
[984730496] -0.000015
[984738161] -0.000015
[984747088] -0.000011
[984753610] -0.000011
[984762799] -0.000011
[984769093] -0.000015
[984776670] -0.000015
[984784161] -0.000015
[984791924] -0.000015
[984799628] -0.000015
[984807735] -0.000015
[984815825] -0.000011
[984823543] -0.000011
[984830717] -0.000011
[984840329] -0.000015
[984846719] -0.000015
[984853792] -0.000011
[984861916] -0.000015
[984870644] -0.000011
[984876983] -0.000015
[984886362] -0.000011
[984893105] -0.000011
[984901856] -0.000015
[984908497] -0.000011
[984915664] -0.000015
[984923300] -0.000015
[984932809] -0.000015
[984939412] -0.000015
[984947102] -0.000011
[984953607] -0.000015
[984965477] -0.000011
[984969432] -0.000011
[984977061] -0.000011
[984985833] -0.000011
[984994079] -0.000011
[984999681] -0.000011
[985007737] -0.000011
[985015404] -0.000015
[985023562] -0.000011
[985031061] -0.000015
[985038867] -0.000011
[985047607] -0.000011
[985055458] -0.000015
[985062423] -0.000011
[985069110] -0.000015
[985076684] -0.000011
[985084388] -0.000015
[985092151] -0.000015
[985099986] -0.000011
[985110708] -0.000015
[985116634] -0.000011
[985122776] -0.000015
[985130546] -0.000011
[985140280] -0.000011
[985147736] -0.000015
[985154045] -0.000011
[985163053] -0.000015
[985170965] -0.000015
[985176898] -0.000015
[985185855] -0.000015
[985192354] -0.000011
[985201905] -0.000015
[985208375] -0.000011
[985215600] -0.000015
[985223264] -0.000015
[985233076] -0.000011
[985238903] -0.000015
[985247515] -0.000011
[985254183] -0.000015
[985264673] -0.000015
[985268986] -0.000015
[985276688] -0.000015
[985285494] -0.000011
[985294356] -0.000015
[985300130] -0.000011
[985308537] -0.000011
[985315323] -0.000011
[985323156] -0.000011
[985331435] -0.000015
[985338192] -0.000011
[985347090] -0.000011
[985353728] -0.000011
[985362805] -0.000011
[985368996] -0.000015
[985376568] -0.000015
[985384257] -0.000015
[985392419] -0.000015
[985399862] -0.000015
[985411304] -0.000015
[985416619] -0.000011
[985423008] -0.000011
[985430815] -0.000015
[985440581] -0.000015
[985447038] -0.000015
[985453748] -0.000011
[985462733] -0.000015
[985470982] -0.000011
[985476976] -0.000015
[985485820] -0.000015
[985492522] -0.000011
[985501862] -0.000015
[985508312] -0.000011
[985515222] -0.000015
[985523042] -0.000015
[985532794] -0.000011
[985538742] -0.000015
[985546806] -0.000011
[985553682] -0.000015
[985565703] -0.000011
[985569691] -0.000011
[985577482] -0.000015
[985585279] -0.000011
[985594083] -0.000015
[985600180] -0.000011
[985608636] -0.000011
[985615716] -0.000015
[985623521] -0.000015
[985631154] -0.000015
[985638946] -0.000011
[985646721] -0.000011
[985653919] -0.000015
[985662734] -0.000011
[985668867] -0.000015
[985676658] -0.000011
[985684360] -0.000015
[985691954] -0.000015
[985699687] -0.000011
[985707758] -0.000015
[985716162] -0.000011
[985722713] -0.000015
[985730595] -0.000011
[985740723] -0.000011
[985746989] -0.000015
[985753470] -0.000015
[985763255] -0.000015
[985770368] -0.000011
[985776684] -0.000011
[985785781] -0.000011
[985792640] -0.000011
[985802276] -0.000011
[985808950] -0.000011
[985815865] -0.000015
[985823621] -0.000015
[985832511] -0.000011
[985838387] -0.000015
[985846963] -0.000011
[985854497] -0.000015
[985866048] -0.000011
[985869891] -0.000015
[985876589] -0.000011
[985885325] -0.000011
[985894366] -0.000015
[985900081] -0.000011
[985908147] -0.000011
[985915758] -0.000011
[985923947] -0.000011
[985930716] -0.000015
[985939059] -0.000011
[985946638] -0.000015
[985953642] -0.000011
[985962739] -0.000015
[985968874] -0.000015
[985976863] -0.000015
[985984603] -0.000015
[985991895] -0.000011
[985999580] -0.000015
[986007790] -0.000015
[986015881] -0.000011
[986022722] -0.000015
[986030852] -0.000011
[986041177] -0.000015
[986046831] -0.000011
[986053566] -0.000015
[986062278] -0.000015
[986070336] -0.000015
[986076637] -0.000015
[986084971] -0.000011
[986092241] -0.000011
[986101675] -0.000011
[986108226] -0.000011
[986115465] -0.000015
[986122922] -0.000011
[986132621] -0.000015
[986138383] -0.000015
[986147338] -0.000011
[986153822] -0.000011
[986165661] -0.000011
[986169615] -0.000015
[986177084] -0.000015
[986185617] -0.000011
[986194154] -0.000011
[986200342] -0.000011
[986208514] -0.000015
[986215438] -0.000011
[986223183] -0.000011
[986231233] -0.000015
[986238638] -0.000011
[986247157] -0.000015
[986254039] -0.000011
[986262657] -0.000015
[986268917] -0.000011
[986276511] -0.000011
[986284314] -0.000015
[986291942] -0.000011
[986299820] -0.000015
[986310915] -0.000015
[986315793] -0.000015
[986323650] -0.000015
[986331131] -0.000011
[986340979] -0.000015
[986346972] -0.000011
[986353664] -0.000015
[986362709] -0.000015
[986370328] -0.000011
[986376798] -0.000011
[986385790] -0.000011
[986392414] -0.000011
[986402586] -0.000011
[986408329] -0.000011
[986415763] -0.000015
[986423618] -0.000011
[986432980] -0.000015
[986438959] -0.000011
[986446753] -0.000011
[986453625] -0.000015
[986465334] -0.000015
[986469207] -0.000015
[986476799] -0.000011
[986485415] -0.000015
[986494328] -0.000011
[986499930] -0.000011
[986508293] -0.000015
[986515635] -0.000011
[986523426] -0.000015
[986531063] -0.000011
[986538677] -0.000015
[986550452] -0.000015
[986554618] -0.000015
[986562216] -0.000015
[986569370] -0.000011
[986576789] -0.000015
[986584353] -0.000011
[986591844] -0.000011
[986599543] -0.000011
[986610482] -0.000011
[986616520] -0.000015
[986623057] -0.000015
[986630604] -0.000015
[986640799] -0.000011
[986646900] -0.000011
[986653677] -0.000015
[986662451] -0.000011
[986670467] -0.000015
[986676707] -0.000011
[986685101] -0.000015
[986692349] -0.000015
[986701561] -0.000011
[986708149] -0.000015
[986715356] -0.000011
[986723409] -0.000011
[986733247] -0.000015
[986738766] -0.000011
[986746675] -0.000015
[986754089] -0.000011
[986766207] -0.000015
[986770603] -0.000015
[986776883] -0.000011
[986786054] -0.000015
[986793066] -0.000011
[986799554] -0.000015
[986807737] -0.000015
[986815378] -0.000011
[986823596] -0.000011
[986831109] -0.000011
[986838837] -0.000011
[986846697] -0.000011
[986854188] -0.000015
[986862356] -0.000015
[986868934] -0.000015
[986876469] -0.000015
[986884323] -0.000011
[986892058] -0.000011
[986899555] -0.000011
[986907604] -0.000011
[986915937] -0.000015
[986922858] -0.000011
[986930555] -0.000015
[986941105] -0.000011
[986946988] -0.000011
[986953809] -0.000015
[986963074] -0.000011
[986971077] -0.000011
[986977238] -0.000011
[986986317] -0.000011
[986992614] -0.000015
[987002333] -0.000011
[987009348] -0.000015
[987016434] -0.000015
[987023186] -0.000015
[987032288] -0.000015
[987038439] -0.000011
[987048437] -0.000015
[987054602] -0.000011
[987064792] -0.000015
[987069133] -0.000011
[987076974] -0.000015
[987086415] -0.000015
[987093679] -0.000011
[987100309] -0.000015
[987109250] -0.000011
[987116075] -0.000015
[987123905] -0.000011
[987130413] -0.000011
[987138369] -0.000015
[987150379] -0.000011
[987154775] -0.000015
[987162279] -0.000011
[987168937] -0.000011
[987176805] -0.000015
[987184523] -0.000011
[987192201] -0.000015
[987199656] -0.000011
[987210100] -0.000015
[987216035] -0.000011
[987223012] -0.000011
[987230603] -0.000015
[987240459] -0.000011
[987247056] -0.000015
[987254025] -0.000011
[987262800] -0.000011
[987270356] -0.000011
[987276925] -0.000011
[987285730] -0.000015
[987292540] -0.000011
[987301961] -0.000015
[987308634] -0.000015
[987315568] -0.000015
[987323258] -0.000015
[987332950] -0.000011
[987338927] -0.000015
[987347076] -0.000011
[987353886] -0.000015
[987366062] -0.000011
[987370154] -0.000011
[987377117] -0.000015
[987385496] -0.000011
[987393705] -0.000015
[987399529] -0.000011
[987408178] -0.000011
[987415646] -0.000015
[987423589] -0.000011
[987431514] -0.000015
[987438193] -0.000015
[987450015] -0.000011
[987454210] -0.000015
[987462325] -0.000011
[987468998] -0.000015
[987476466] -0.000015
[987484338] -0.000015
[987491971] -0.000015
[987499566] -0.000011
[987510144] -0.000011
[987515440] -0.000011
[987523018] -0.000011
[987530416] -0.000015
[987539935] -0.000011
[987547183] -0.000015
[987553566] -0.000011
[987562762] -0.000011
[987570934] -0.000015
[987576854] -0.000015
[987585622] -0.000015
[987591984] -0.000015
[987601582] -0.000015
[987608350] -0.000015
[987615670] -0.000011
[987623490] -0.000011
[987632199] -0.000011
[987638308] -0.000015
[987647562] -0.000015
[987653604] -0.000011
[987664609] -0.000015
[987669246] -0.000011
[987676932] -0.000015
[987686677] -0.000011
[987693766] -0.000015
[987699475] -0.000015
[987707988] -0.000011
[987715267] -0.000015
[987723199] -0.000011
[987730976] -0.000011
[987738838] -0.000011
[987746733] -0.000011
[987753701] -0.000011
[987762597] -0.000011
[987769161] -0.000015
[987776939] -0.000015
[987784687] -0.000015
[987792645] -0.000015
[987800453] -0.000015
[987813111] -0.000015
[987817511] -0.000011
[987823269] -0.000015
[987831248] -0.000011
[987840378] -0.000011
[987847754] -0.000015
[987856476] -0.000011
[987863046] -0.000015
[987871678] -0.000011
[987877042] -0.000011
[987885978] -0.000015
[987892728] -0.000015
[987902738] -0.000015
[987908752] -0.000011
[987915768] -0.000015
[987923152] -0.000015
[987932814] -0.000011
[987939649] -0.000011
[987947345] -0.000011
[987954664] -0.000011
[987964176] -0.000011
[987969302] -0.000015
[987976857] -0.000015
[987985820] -0.000011
[987993068] -0.000015
[987999905] -0.000011
[988009075] -0.000011
[988016202] -0.000011
[988023677] -0.000015
[988030725] -0.000015
[988039585] -0.000011
[988047641] -0.000011
[988054411] -0.000011
[988062494] -0.000011
[988068921] -0.000011
[988076648] -0.000011
[988085519] -0.000015
[988092388] -0.000015
[988100522] -0.000011
[988109450] -0.000015
[988115255] -0.000011
[988122888] -0.000011
[988130804] -0.000011
[988141279] -0.000011
[988147619] -0.000015
[988154695] -0.000011
[988162752] -0.000011
[988171015] -0.000011
[988176791] -0.000011
[988186575] -0.000015
[988192623] -0.000011
[988201809] -0.000015
[988208941] -0.000015
[988215940] -0.000015
[988223698] -0.000015
[988232338] -0.000011
[988239036] -0.000015
[988246657] -0.000011
[988254267] -0.000015
[988262300] -0.000015
[988269209] -0.000011
[988276966] -0.000015
[988286835] -0.000011
[988293470] -0.000015
[988299620] -0.000015
[988309120] -0.000011
[988316161] -0.000015
[988324041] -0.000011
[988330608] -0.000015
[988339631] -0.000015
[988347651] -0.000011
[988354387] -0.000015
[988362372] -0.000011
[988369259] -0.000015
[988377008] -0.000015
[988384924] -0.000011
[988392552] -0.000011
[988400311] -0.000011
[988411238] -0.000015
[988417166] -0.000011
[988423167] -0.000011
[988431163] -0.000015
[988440375] -0.000011
[988447272] -0.000015
[988455007] -0.000015
[988463110] -0.000015
[988471199] -0.000015
[988476960] -0.000011
[988486506] -0.000015
[988493027] -0.000011
[988501281] -0.000015
[988508445] -0.000015
[988515754] -0.000011
[988523067] -0.000015
[988539295] -0.000015
[988545962] -0.000011
[988550657] -0.000011
[988554990] -0.000015
[988565736] -0.000015
[988570030] -0.000011
[988577192] -0.000015
[988585899] -0.000011
[988593754] -0.000011
[988599592] -0.000011
[988608693] -0.000011
[988615957] -0.000015
[988623877] -0.000015
[988630655] -0.000015
[988639355] -0.000011
[988650652] -0.000011
[988655393] -0.000015
[988664158] -0.000011
[988669384] -0.000015
[988677051] -0.000015
[988685969] -0.000011
[988693050] -0.000015
[988700111] -0.000011
[988709857] -0.000011
[988715082] -0.000011
[988723245] -0.000011
[988731057] -0.000011
[988743286] -0.000011
[988748871] -0.000015
[988754215] -0.000011
[988762411] -0.000011
[988770570] -0.000011
[988776833] -0.000011
[988786397] -0.000015
[988792248] -0.000011
[988801701] -0.000015
[988809368] -0.000011
[988816356] -0.000011
[988822721] -0.000015
[988832941] -0.000011
[988839816] -0.000015
[988848872] -0.000011
[988854138] -0.000015
[988863791] -0.000011
[988869704] -0.000011
[988877327] -0.000015
[988932529] -0.000011
[988937471] -0.000015
[988946429] -0.000011
[988953060] -0.000015
[988959981] -0.000011
[988967705] -0.000011
[988975659] -0.000015
[988984079] -0.000011
[988990482] -0.000015
[988998220] -0.000015
[989005932] -0.000011
[989056122] -0.000015
[989060895] -0.000011
[989071349] -0.000015
[989075651] -0.000011
[989083882] -0.000015
[989091653] -0.000015
[989100639] -0.000011
[989106922] -0.000015
[989114816] -0.000011
[989122675] -0.000011
[989130719] -0.000011
[989137660] -0.000011
[989146857] -0.000015
[989153144] -0.000011
[989163210] -0.000015
[989168396] -0.000015
[989176459] -0.000011
[989183819] -0.000015
[989241343] -0.000011
[989250305] -0.000011
[989255475] -0.000015
[989263525] -0.000015
[989269308] -0.000011
[989276612] -0.000015
[989284313] -0.000011
[989292038] -0.000011
[989299657] -0.000015
[989309328] -0.000011
[989315334] -0.000015
[989323131] -0.000015
[989341438] -0.000011
[989347345] -0.000011
[989354171] -0.000015
[989362222] -0.000011
[989370349] -0.000011
[989376511] -0.000015
[989385777] -0.000011
[989392258] -0.000015
[989401589] -0.000011
[989408577] -0.000011
[989415946] -0.000015
[989422839] -0.000011
[989432540] -0.000015
[989438811] -0.000011
[989446894] -0.000011
[989453925] -0.000011
[989463793] -0.000015
[989469575] -0.000015
[989476911] -0.000011
[989485833] -0.000015
[989492735] -0.000015
[989499699] -0.000011
[989508236] -0.000015
[989515254] -0.000011
[989522971] -0.000011
[989531227] -0.000015
[989538583] -0.000011
[989547310] -0.000015
[989553670] -0.000011
[989563750] -0.000015
[989569005] -0.000011
[989576824] -0.000011
[989586622] -0.000015
[989592327] -0.000011
[989600325] -0.000015
[989607067] -0.000015
[989615128] -0.000011
[989622940] -0.000015
[989631098] -0.000011
[989642319] -0.000011
[989648834] -0.000015
[989653303] -0.000011
[989661974] -0.000015
[989670269] -0.000011
[989676269] -0.000015
[989685305] -0.000011
[989692885] -0.000011
[989700874] -0.000015
[989707975] -0.000011
[989715754] -0.000015
[989723170] -0.000011
[989734683] -0.000015
[989739407] -0.000011
[989747479] -0.000011
[989753768] -0.000015
[989766945] -0.000011
[989771615] -0.000015
[989776284] -0.000015
[989786278] -0.000011
[989793051] -0.000015
[989799531] -0.000011
[989809952] -0.000011
[989815633] -0.000015
[989823687] -0.000011
[989830440] -0.000015
[989839219] -0.000011
[989847764] -0.000011
[989855119] -0.000015
[989863430] -0.000011
[989869061] -0.000015
[989878913] -0.000015
[989885672] -0.000011
[989892387] -0.000015
[989900627] -0.000011
[989909027] -0.000015
[989915073] -0.000011
[989923528] -0.000011
[989930409] -0.000015
[989941466] -0.000015
[989948260] -0.000015
[989954053] -0.000011
[989962785] -0.000015
[989971684] -0.000011
[989976294] -0.000011
[989985952] -0.000015
[989991886] -0.000011
[990001338] -0.000015
[990008322] -0.000015
[990015593] -0.000011
[990022473] -0.000015
[990033237] -0.000015
[990038674] -0.000015
[990047893] -0.000011
[990053716] -0.000011
[990066394] -0.000011
[990073387] -0.000015
[990077336] -0.000015
[990085612] -0.000011
[990093202] -0.000015
[990099396] -0.000011
[990108527] -0.000011
[990115523] -0.000011
[990123445] -0.000011
[990130803] -0.000015
[990138255] -0.000011
[990147420] -0.000015
[990154400] -0.000011
[990162516] -0.000011
[990169282] -0.000015
[990176993] -0.000011
[990185661] -0.000015
[990192807] -0.000015
[990199381] -0.000011
[990252663] -0.000011
[990256952] -0.000011
[990264821] -0.000015
[990321082] -0.000011
[990325640] -0.000015
[990334131] -0.000015
[990341190] -0.000015
[990350828] -0.000011
[990356348] -0.000015
[990364170] -0.000011
[990372279] -0.000011
[990379201] -0.000015
[990386888] -0.000011
[990394714] -0.000015
[990402582] -0.000015
[990410470] -0.000011
[990419696] -0.000015
[990425325] -0.000011
[990440309] -0.000011
[990445686] -0.000011
[990451740] -0.000015
[990456047] -0.000015
[990463493] -0.000011
[990471277] -0.000015
[990481666] -0.000011
[990487383] -0.000011
[990495018] -0.000015
[990549082] -0.000011
[990554367] -0.000011
[990561419] -0.000011
[990571579] -0.000015
[990576450] -0.000011
[990584261] -0.000015
[990591934] -0.000011
[990601743] -0.000011
[990607763] -0.000015
[990615554] -0.000011
[990622460] -0.000011
[990632565] -0.000011
[990638017] -0.000011
[990647879] -0.000015
[990653579] -0.000011
[990663104] -0.000015
[990669204] -0.000011
[990676479] -0.000011
[990686570] -0.000015
[990693102] -0.000011
[990699491] -0.000015
[990707242] -0.000011
[990715242] -0.000011
[990723096] -0.000015
[990730697] -0.000011
[990738433] -0.000015
[990746365] -0.000011
[990753447] -0.000011
[990762469] -0.000015
[990768645] -0.000011
[990776446] -0.000015
[990783965] -0.000011
[990791850] -0.000011
[990799735] -0.000011
[990810412] -0.000011
[990816154] -0.000015
[990822576] -0.000011
[990830450] -0.000015
[990840153] -0.000015
[990847175] -0.000011
[990853858] -0.000011
[990861574] -0.000011
[990870197] -0.000015
[990876177] -0.000011
[990885213] -0.000015
[990891923] -0.000015
[990901228] -0.000011
[990907903] -0.000015
[990915128] -0.000011
[990922695] -0.000011
[990932520] -0.000015
[990938282] -0.000011
[990947322] -0.000015
[990954052] -0.000011
[990963957] -0.000015
[990968678] -0.000015
[990976217] -0.000011
[990984746] -0.000015
[990993652] -0.000011
[990999318] -0.000015
[991007920] -0.000015
[991015025] -0.000011
[991023058] -0.000015
[991030718] -0.000011
[991037787] -0.000015
[991046948] -0.000011
[991054835] -0.000015
[991062151] -0.000015
[991068567] -0.000011
[991076183] -0.000015
[991084149] -0.000011
[991091618] -0.000011
[991099302] -0.000015
[991107346] -0.000011
[991115749] -0.000015
[991122315] -0.000015
[991130068] -0.000015
[991139737] -0.000015
[991147392] -0.000011
[991153658] -0.000015
[991161613] -0.000011
[991170226] -0.000011
[991176314] -0.000015
[991185143] -0.000011
[991192070] -0.000015
[991201889] -0.000011
[991208404] -0.000015
[991215413] -0.000011
[991223080] -0.000011
[991232952] -0.000015
[991237706] -0.000011
[991246872] -0.000015
[991253050] -0.000011
[991265546] -0.000015
[991269907] -0.000011
[991276463] -0.000011
[991285180] -0.000015
[991294040] -0.000011
[991299947] -0.000015
[991308655] -0.000015
[991315800] -0.000011
[991323643] -0.000015
[991330245] -0.000011
[991338731] -0.000015
[991346609] -0.000011
[991353229] -0.000011
[991362272] -0.000015
[991368769] -0.000011
[991376538] -0.000015
[991384580] -0.000011
[991392127] -0.000011
[991399953] -0.000011
[991410242] -0.000011
[991416243] -0.000015
[991422334] -0.000015
[991430145] -0.000015
[991439927] -0.000015
[991446785] -0.000015
[991453581] -0.000015
[991462469] -0.000011
[991470235] -0.000011
[991476170] -0.000011
[991484626] -0.000015
[991491857] -0.000015
[991501151] -0.000011
[991507446] -0.000015
[991514920] -0.000011
[991523268] -0.000011
[991532247] -0.000011
[991538458] -0.000011
[991546360] -0.000015
[991553189] -0.000011
[991564941] -0.000015
[991568932] -0.000015
[991576528] -0.000011
[991585149] -0.000015
[991593263] -0.000011
[991599129] -0.000015
[991607552] -0.000015
[991615122] -0.000011
[991622974] -0.000015
[991630757] -0.000011
[991638704] -0.000015
[991646497] -0.000011
[991653183] -0.000011
[991662601] -0.000015
[991668931] -0.000015
[991676670] -0.000015
[991684353] -0.000011
[991691949] -0.000015
[991699530] -0.000011
[991711025] -0.000011
[991716079] -0.000011
[991722887] -0.000011
[991730566] -0.000011
[991740312] -0.000011
[991746600] -0.000011
[991753113] -0.000015
[991762292] -0.000011
[991770146] -0.000011
[991776391] -0.000015
[991784761] -0.000015
[991791739] -0.000015
[991801374] -0.000011
[991808148] -0.000011
[991815194] -0.000011
[991822796] -0.000011
[991832376] -0.000015
[991838178] -0.000011
[991846855] -0.000015
[991853421] -0.000015
[991864119] -0.000011
[991868479] -0.000015
[991876544] -0.000011
[991884940] -0.000015
[991893533] -0.000011
[991899710] -0.000011
[991907886] -0.000015
[991914921] -0.000011
[991922588] -0.000015
[991930165] -0.000011
[991938010] -0.000011
[991949445] -0.000015
[991953631] -0.000011
[991961853] -0.000015
[991968569] -0.000011
[991976417] -0.000015
[991983974] -0.000011
[991991496] -0.000011
[991999248] -0.000015
[992009974] -0.000011
[992015350] -0.000015
[992023103] -0.000011
[992030577] -0.000015
[992041290] -0.000015
[992046786] -0.000011
[992053179] -0.000015
[992113279] -0.000011
[992117155] -0.000011
[992125126] -0.000015
[992133030] -0.000015
[992141505] -0.000011
[992148556] -0.000015
[992156304] -0.000011
[992164142] -0.000015
[992171684] -0.000011
[992179375] -0.000015
[992188903] -0.000015
[992194764] -0.000011
[992202596] -0.000015
[992210207] -0.000011
[992219574] -0.000011
[992225671] -0.000011
[992233394] -0.000011
[992241133] -0.000015
[992250172] -0.000011
[992256074] -0.000015
[992263966] -0.000011
[992271451] -0.000011
[992280599] -0.000015
[992286408] -0.000011
[992294416] -0.000015
[992302211] -0.000015
[992312112] -0.000011
[992318327] -0.000015
[992325132] -0.000011
[992332669] -0.000015
[992342869] -0.000011
[992348876] -0.000011
[992357101] -0.000015
[992363913] -0.000011
[992373461] -0.000015
[992379313] -0.000011
[992432240] -0.000015
[992436594] -0.000011
[992445135] -0.000015
[992452255] -0.000015
[992463311] -0.000011
[992467474] -0.000015
[992475295] -0.000011
[992483689] -0.000011
[992540759] -0.000011
[992545947] -0.000015
[992553674] -0.000011
[992561740] -0.000015
[992568667] -0.000011
[992576704] -0.000015
[992583747] -0.000015
[992591069] -0.000011
[992598786] -0.000015
[992610038] -0.000011
[992615624] -0.000015
[992621789] -0.000015
[992629511] -0.000011
[992639121] -0.000015
[992646943] -0.000011
[992653078] -0.000015
[992660875] -0.000011
[992669670] -0.000011
[992675501] -0.000015
[992684074] -0.000011
[992690989] -0.000015
[992700238] -0.000015
[992706758] -0.000011
[992714921] -0.000011
[992722346] -0.000011
[992732522] -0.000015
[992737441] -0.000011
[992746734] -0.000015
[992753056] -0.000015
[992765069] -0.000015
[992769296] -0.000015
[992776036] -0.000011
[992784368] -0.000011
[992792793] -0.000011
[992798904] -0.000011
[992807071] -0.000015
[992814787] -0.000011
[992822569] -0.000015
[992830228] -0.000011
[992837840] -0.000011
[992846781] -0.000015
[992853474] -0.000011
[992860787] -0.000015
[992867995] -0.000015
[992875780] -0.000015
[992883332] -0.000015
[992891082] -0.000011
[992898957] -0.000015
[992906758] -0.000011
[992915114] -0.000015
[992922249] -0.000015
[992930014] -0.000011
[992939544] -0.000015
[992946968] -0.000011
[992953280] -0.000011
[992961295] -0.000015
[992969820] -0.000011
[992975541] -0.000015
[992983817] -0.000011
[992991339] -0.000015
[993001150] -0.000011
[993007607] -0.000011
[993014584] -0.000015
[993022425] -0.000011
[993031399] -0.000015
[993037231] -0.000015
[993046878] -0.000015
[993053154] -0.000015
[993064737] -0.000015
[993068721] -0.000015
[993076082] -0.000011
[993085210] -0.000015
[993092776] -0.000015
[993098508] -0.000011
[993106646] -0.000015
[993114719] -0.000011
[993122783] -0.000015
[993129468] -0.000011
[993137150] -0.000011
[993146084] -0.000015
[993154343] -0.000011
[993161786] -0.000015
[993168272] -0.000015
[993176127] -0.000011
[993183543] -0.000015
[993190897] -0.000011
[993198600] -0.000015
[993206857] -0.000011
[993214868] -0.000015
[993221860] -0.000015
[993229576] -0.000015
[993239032] -0.000015
[993246212] -0.000011
[993252896] -0.000011
[993261812] -0.000015
[993269803] -0.000011
[993275688] -0.000015
[993283964] -0.000011
[993291496] -0.000015
[993300935] -0.000011
[993307561] -0.000011
[993314372] -0.000011
[993322131] -0.000011
[993331111] -0.000015
[993337094] -0.000011
[993346206] -0.000015
[993352933] -0.000015
[993363938] -0.000015
[993368164] -0.000015
[993376145] -0.000011
[993384762] -0.000015
[993393112] -0.000011
[993398978] -0.000015
[993407236] -0.000015
[993414902] -0.000011
[993423052] -0.000015
[993429460] -0.000011
[993437017] -0.000015
[993446620] -0.000015
[993452855] -0.000011
[993461838] -0.000015
[993467844] -0.000011
[993475673] -0.000015
[993483607] -0.000015
[993491268] -0.000011
[993498923] -0.000011
[993506798] -0.000011
[993515140] -0.000015
[993521665] -0.000015
[993529631] -0.000011
[993538940] -0.000015
[993546456] -0.000011
[993552997] -0.000015
[993562243] -0.000015
[993570429] -0.000011
[993576470] -0.000015
[993584211] -0.000015
[993591361] -0.000015
[993600918] -0.000011
[993607873] -0.000011
[993615268] -0.000015
[993621804] -0.000011
[993631310] -0.000015
[993637022] -0.000011
[993646224] -0.000015
[993652812] -0.000015
[993663914] -0.000011
[993668202] -0.000015
[993676047] -0.000011
[993684475] -0.000011
[993693297] -0.000015
[993699200] -0.000011
[993707601] -0.000015
[993714751] -0.000011
[993722773] -0.000015
[993729459] -0.000011
[993738382] -0.000011
[993746390] -0.000011
[993752745] -0.000011
[993761865] -0.000015
[993768221] -0.000015
[993776092] -0.000011
[993783589] -0.000015
[993791013] -0.000011
[993799113] -0.000015
[993810158] -0.000015
[993815748] -0.000011
[993821633] -0.000015
[993829355] -0.000011
[993839174] -0.000015
[993846041] -0.000011
[993852914] -0.000011
[993862399] -0.000015
[993870082] -0.000011
[993876147] -0.000015
[993885406] -0.000015
[993891721] -0.000015
[993901530] -0.000011
[993907246] -0.000011
[993914581] -0.000011
[993922673] -0.000011
[993931680] -0.000015
[993937298] -0.000015
[993946458] -0.000015
[993952865] -0.000015
[993965125] -0.000015
[993969066] -0.000015
[993975621] -0.000011
[993984940] -0.000015
[993993182] -0.000011
[993999147] -0.000015
[994007999] -0.000015
[994015113] -0.000011
[994022989] -0.000015
[994029448] -0.000011
[994037330] -0.000015
[994046652] -0.000011
[994053326] -0.000011
[994062333] -0.000015
[994068336] -0.000015
[994076067] -0.000015
[994084087] -0.000015
[994091330] -0.000011
[994098889] -0.000015
[994110346] -0.000011
[994115533] -0.000015
[994121784] -0.000011
[994130116] -0.000011
[994138925] -0.000011
[994146588] -0.000011
[994152861] -0.000015
[994162251] -0.000011
[994170282] -0.000011
[994176189] -0.000015
[994184957] -0.000011
[994191633] -0.000015
[994200924] -0.000011
[994207927] -0.000011
[994214881] -0.000015
[994221678] -0.000011
[994231334] -0.000015
[994237474] -0.000011
[994246826] -0.000015
[994252953] -0.000015
[994264783] -0.000015
[994268812] -0.000015
[994276120] -0.000011
[994285074] -0.000011
[994293541] -0.000015
[994299295] -0.000011
[994307153] -0.000015
[994314757] -0.000011
[994322815] -0.000011
[994329384] -0.000015
[994337298] -0.000011
[994346421] -0.000015
[994353196] -0.000011
[994362646] -0.000015
[994368777] -0.000015
[994376207] -0.000011
[994383760] -0.000011
[994391554] -0.000011
[994399405] -0.000015
[994409770] -0.000015
[994415571] -0.000011
[994422055] -0.000015
[994429522] -0.000011
[994438744] -0.000015
[994446288] -0.000011
[994453431] -0.000011
[994461372] -0.000015
[994469974] -0.000011
[994475982] -0.000015
[994484097] -0.000015
[994491392] -0.000015
[994500496] -0.000015
[994507293] -0.000011
[994514564] -0.000015
[994522363] -0.000011
[994531349] -0.000015
[994537610] -0.000015
[994546385] -0.000011
[994552555] -0.000015
[994564641] -0.000011
[994568837] -0.000011
[994575729] -0.000015
[994584519] -0.000011
[994592651] -0.000015
[994598610] -0.000011
[994606936] -0.000015
[994614850] -0.000011
[994622867] -0.000011
[994629488] -0.000011
[994637410] -0.000011
[994646676] -0.000015
[994654064] -0.000011
[994661109] -0.000011
[994668269] -0.000015
[994675921] -0.000011
[994684068] -0.000015
[994691761] -0.000011
[994699594] -0.000015
[994710446] -0.000015
[994715935] -0.000015
[994721780] -0.000015
[994729319] -0.000011
[994738789] -0.000011
[994746436] -0.000011
[994752569] -0.000015
[994762155] -0.000015
[994770102] -0.000011
[994776119] -0.000015
[994784780] -0.000015
[994791425] -0.000015
[994800658] -0.000011
[994807182] -0.000011
[994814789] -0.000015
[994822418] -0.000011
[994832110] -0.000015
[994838053] -0.000011
[994846384] -0.000015
[994853208] -0.000015
[994864740] -0.000011
[994868734] -0.000011
[994876369] -0.000011
[994884106] -0.000011
[994893311] -0.000015
[994899002] -0.000011
[994907118] -0.000015
[994914480] -0.000011
[994922174] -0.000011
[994929862] -0.000015
[994937553] -0.000015
[994946249] -0.000015
[994953300] -0.000015
[994961241] -0.000015
[994968365] -0.000015
[994976165] -0.000011
[994983931] -0.000015
[994991428] -0.000011
[994999594] -0.000015
[995010541] -0.000015
[995015966] -0.000011
[995021789] -0.000015
[995029591] -0.000011
[995039442] -0.000011
[995046023] -0.000011
[995052934] -0.000011
[995061831] -0.000015
[995070036] -0.000011
[995075891] -0.000015
[995084685] -0.000015
[995091623] -0.000015
[995100666] -0.000015
[995107098] -0.000011
[995114544] -0.000015
[995122439] -0.000011
[995131566] -0.000015
[995137304] -0.000015
[995146795] -0.000011
[995152986] -0.000015
[995164241] -0.000011
[995168632] -0.000011
[995176394] -0.000015
[995184293] -0.000011
[995193023] -0.000015
[995198853] -0.000011
[995206974] -0.000015
[995214814] -0.000011
[995222939] -0.000011
[995229527] -0.000011
[995237367] -0.000011
[995246662] -0.000011
[995253164] -0.000011
[995262173] -0.000015
[995268647] -0.000015
[995276201] -0.000011
[995283936] -0.000015
[995291557] -0.000011
[995299415] -0.000015
[995310454] -0.000015
[995316180] -0.000015
[995322119] -0.000015
[995330060] -0.000011
[995340344] -0.000011
[995346200] -0.000015
[995352797] -0.000011
[995362548] -0.000015
[995370651] -0.000011
[995375570] -0.000015
[995383956] -0.000015
[995391217] -0.000011
[995401573] -0.000011
[995407245] -0.000011
[995414573] -0.000015
[995422094] -0.000015
[995431031] -0.000015
[995437093] -0.000015
[995446676] -0.000015
[995453161] -0.000015
[995463771] -0.000011
[995468039] -0.000011
[995475995] -0.000011
[995485033] -0.000015
[995492709] -0.000015
[995498856] -0.000011
[995507372] -0.000015
[995514390] -0.000011
[995521939] -0.000015
[995529759] -0.000015
[995537352] -0.000011
[995546112] -0.000015
[995553798] -0.000015
[995561006] -0.000015
[995568334] -0.000015
[995575781] -0.000011
[995583803] -0.000015
[995591514] -0.000011
[995598908] -0.000011
[995610183] -0.000015
[995615805] -0.000011
[995622047] -0.000015
[995629887] -0.000011
[995639949] -0.000015
[995645885] -0.000011
[995652942] -0.000011
[995661770] -0.000015
[995669548] -0.000011
[995675638] -0.000015
[995684528] -0.000011
[995691519] -0.000011
[995701091] -0.000015
[995707479] -0.000011
[995714218] -0.000015
[995722390] -0.000015
[995731852] -0.000011
[995737911] -0.000015
[995745876] -0.000011
[995752677] -0.000015
[995764674] -0.000011
[995768669] -0.000011
[995776340] -0.000015
[995784198] -0.000011
[995792838] -0.000015
[995798563] -0.000011
[995806907] -0.000015
[995814968] -0.000011
[995823021] -0.000011
[995829617] -0.000011
[995837055] -0.000011
[995845528] -0.000015
[995855412] -0.000011
[995861111] -0.000015
[995867948] -0.000015
[995875480] -0.000011
[995883803] -0.000015
[995891402] -0.000015
[995899147] -0.000015
[995906853] -0.000015
[995914923] -0.000015
[995921901] -0.000015
[995930057] -0.000011
[995940625] -0.000011
[995945865] -0.000011
[995952496] -0.000011
[995961584] -0.000015
[995969486] -0.000011
[995975619] -0.000015
[995984762] -0.000015
[995991428] -0.000015
[996001243] -0.000011
[996007840] -0.000011
[996014829] -0.000015
[996022104] -0.000011
[996031817] -0.000015
[996037861] -0.000011
[996045904] -0.000015
[996052633] -0.000015
[996064375] -0.000015
[996068457] -0.000015
[996075994] -0.000011
[996084844] -0.000015
[996093495] -0.000015
[996099316] -0.000011
[996107677] -0.000015
[996114614] -0.000011
[996122580] -0.000011
[996130163] -0.000015
[996138356] -0.000015
[996145695] -0.000015
[996153177] -0.000011
[996161093] -0.000011
[996168306] -0.000015
[996175860] -0.000011
[996183739] -0.000015
[996191410] -0.000011
[996198779] -0.000015
[996206853] -0.000015
[996215338] -0.000011
[996222441] -0.000015
[996230470] -0.000011
[996239793] -0.000015
[996245918] -0.000011
[996252831] -0.000011
[996261686] -0.000015
[996269655] -0.000015
[996275813] -0.000015
[996284696] -0.000015
[996291757] -0.000015
[996300608] -0.000015
[996307243] -0.000011
[996314890] -0.000015
[996322493] -0.000015
[996332282] -0.000011
[996338587] -0.000015
[996346689] -0.000011
[996353013] -0.000015
[996365243] -0.000011
[996369327] -0.000015
[996375809] -0.000015
[996385097] -0.000011
[996393229] -0.000015
[996399024] -0.000011
[996408031] -0.000015
[996414943] -0.000011
[996423052] -0.000011
[996429750] -0.000011
[996437329] -0.000011
[996446230] -0.000015
[996453474] -0.000015
[996461161] -0.000011
[996468248] -0.000015
[996475900] -0.000011
[996483992] -0.000011
[996491699] -0.000015
[996499269] -0.000015
[996510422] -0.000015
[996515810] -0.000011
[996521934] -0.000015
[996529633] -0.000011
[996539759] -0.000011
[996545883] -0.000015
[996552626] -0.000011
[996561969] -0.000015
[996569660] -0.000015
[996575842] -0.000011
[996585070] -0.000015
[996591710] -0.000015
[996600261] -0.000015
[996607173] -0.000011
[996614599] -0.000015
[996622230] -0.000015
[996632219] -0.000015
[996638151] -0.000015
[996645826] -0.000011
[996652639] -0.000015
[996664699] -0.000011
[996670244] -0.000015
[996676526] -0.000011
[996684346] -0.000011
[996692462] -0.000011
[996698927] -0.000011
[996707563] -0.000011
[996714663] -0.000011
[996722589] -0.000011
[996729481] -0.000015
[996737213] -0.000011
[996746173] -0.000015
[996752527] -0.000015
[996761810] -0.000015
[996768264] -0.000015
[996775825] -0.000011
[996783439] -0.000011
[996791062] -0.000011
[996798682] -0.000015
[996806891] -0.000015
[996815069] -0.000011
[996821639] -0.000015
[996829938] -0.000011
[996839882] -0.000015
[996845901] -0.000011
[996852586] -0.000011
[996861325] -0.000015
[996869553] -0.000011
[996875715] -0.000015
[996884126] -0.000011
[996891378] -0.000011
[996900884] -0.000015
[996907498] -0.000011
[996914559] -0.000015
[996922298] -0.000015
[996932064] -0.000011
[996938121] -0.000015
[996945844] -0.000011
[996952802] -0.000015
[996965086] -0.000011
[996969195] -0.000015
[996975998] -0.000015
[996984494] -0.000011
[996993219] -0.000015
[996999193] -0.000011
[997007348] -0.000015
[997014913] -0.000011
[997022925] -0.000011
[997030454] -0.000011
[997038125] -0.000011
[997046727] -0.000015
[997054147] -0.000011
[997061444] -0.000015
[997068141] -0.000015
[997076108] -0.000011
[997083924] -0.000015
[997091410] -0.000015
[997099096] -0.000015
[997110298] -0.000015
[997115696] -0.000015
[997121740] -0.000015
[997129375] -0.000011
[997139121] -0.000011
[997146720] -0.000015
[997152996] -0.000011
[997161276] -0.000015
[997169493] -0.000011
[997175519] -0.000015
[997183828] -0.000015
[997191248] -0.000015
[997201038] -0.000011
[997207729] -0.000011
[997214749] -0.000015
[997221986] -0.000011
[997231501] -0.000015
[997237383] -0.000011
[997246094] -0.000015
[997252697] -0.000015
[997264464] -0.000011
[997268543] -0.000011
[997276079] -0.000011
[997284569] -0.000011
[997293380] -0.000011
[997299124] -0.000011
[997307621] -0.000015
[997314774] -0.000011
[997322510] -0.000011
[997330118] -0.000015
[997337678] -0.000015
[997349123] -0.000015
[997353164] -0.000011
[997361111] -0.000015
[997368148] -0.000015
[997375611] -0.000011
[997383204] -0.000015
[997390820] -0.000011
[997398514] -0.000011
[997406864] -0.000015
[997415335] -0.000011
[997422088] -0.000015
[997429729] -0.000011
[997440091] -0.000015
[997446017] -0.000011
[997452608] -0.000011
[997462282] -0.000015
[997469908] -0.000011
[997475734] -0.000015
[997484732] -0.000011
[997491620] -0.000011
[997501051] -0.000011
[997507908] -0.000011
[997514586] -0.000015
[997522618] -0.000011
[997532234] -0.000015
[997538501] -0.000015
[997545798] -0.000011
[997552831] -0.000015
[997563496] -0.000011
[997568420] -0.000011
[997576122] -0.000015
[997585123] -0.000011
[997593162] -0.000015
[997598677] -0.000011
[997606745] -0.000015
[997614467] -0.000011
[997622571] -0.000011
[997630369] -0.000011
[997636928] -0.000011
[997646045] -0.000015
[997652800] -0.000015
[997661375] -0.000011
[997668149] -0.000015
[997676069] -0.000011
[997683372] -0.000011
[997691096] -0.000011
[997698846] -0.000015
[997709718] -0.000015
[997715060] -0.000011
[997722252] -0.000015
[997729880] -0.000011
[997740214] -0.000011
[997746034] -0.000015
[997752797] -0.000011
[997762040] -0.000015
[997770125] -0.000015
[997776297] -0.000011
[997784587] -0.000015
[997791358] -0.000011
[997800769] -0.000015
[997807274] -0.000011
[997814602] -0.000015
[997822429] -0.000015
[997831611] -0.000015
[997837658] -0.000015
[997846832] -0.000011
[997853068] -0.000015
[997863777] -0.000011
[997868157] -0.000011
[997875831] -0.000011
[997884627] -0.000011
[997892522] -0.000011
[997898578] -0.000011
[997907257] -0.000011
[997914615] -0.000011
[997922454] -0.000011
[997930476] -0.000015
[997937005] -0.000015
[997945809] -0.000015
[997952794] -0.000015
[997962054] -0.000015
[997968259] -0.000015
[997975515] -0.000011
[997983199] -0.000015
[997990953] -0.000011
[997998602] -0.000015
[998006691] -0.000015
[998015087] -0.000011
[998021920] -0.000015
[998029501] -0.000011
[998038826] -0.000015
[998046477] -0.000011
[998052675] -0.000011
[998061869] -0.000015
[998069985] -0.000011
[998075967] -0.000015
[998084858] -0.000011
[998091270] -0.000015
[998100569] -0.000015
[998106837] -0.000011
[998114780] -0.000015
[998122455] -0.000015
[998132387] -0.000015
[998137475] -0.000015
[998145815] -0.000011
[998152514] -0.000015
[998164260] -0.000011
[998168293] -0.000011
[998175837] -0.000011
[998184331] -0.000011
[998192839] -0.000015
[998198743] -0.000011
[998207032] -0.000015
[998214772] -0.000011
[998222783] -0.000011
[998229954] -0.000011
[998237629] -0.000011
[998245369] -0.000011
[998254562] -0.000011
[998261839] -0.000011
[998267999] -0.000015
[998275773] -0.000011
[998283762] -0.000015
[998291607] -0.000015
[998299157] -0.000015
[998310117] -0.000015
[998315737] -0.000015
[998322521] -0.000015
[998329927] -0.000011
[998340595] -0.000011
[998346068] -0.000015
[998352722] -0.000011
[998361879] -0.000015
[998369587] -0.000011
[998375626] -0.000015
[998384980] -0.000011
[998391258] -0.000015
[998401058] -0.000011
[998407579] -0.000011
[998414402] -0.000015
[998422307] -0.000015
[998431887] -0.000015
[998437773] -0.000015
[998447202] -0.000011
[998453061] -0.000015
[998464913] -0.000011
[998468949] -0.000015
[998476073] -0.000011
[998484868] -0.000011
[998492674] -0.000011
[998498834] -0.000011
[998507279] -0.000011
[998514297] -0.000011
[998522126] -0.000011
[998529714] -0.000015
[998537498] -0.000015
[998548682] -0.000015
[998552733] -0.000015
[998561876] -0.000011
[998568226] -0.000015
[998576129] -0.000011
[998583976] -0.000015
[998591578] -0.000011
[998599037] -0.000015
[998609331] -0.000015
[998615300] -0.000011
[998621673] -0.000011
[998629456] -0.000011
[998639493] -0.000011
[998647040] -0.000015
[998653057] -0.000011
[998661025] -0.000015
[998669603] -0.000015
[998675749] -0.000015
[998683975] -0.000015
[998691427] -0.000015
[998700658] -0.000015
[998707106] -0.000011
[998714582] -0.000015
[998722144] -0.000015
[998731453] -0.000011
[998737383] -0.000015
[998746292] -0.000011
[998752542] -0.000011
[998764341] -0.000011
[998768688] -0.000011
[998776680] -0.000015
[998784394] -0.000011
[998791959] -0.000015
[998798844] -0.000011
[998807732] -0.000011
[998814694] -0.000015
[998822707] -0.000011
[998829477] -0.000015
[998837444] -0.000011
[998846407] -0.000015
[998853989] -0.000011
[998860866] -0.000011
[998868335] -0.000015
[998875941] -0.000011
[998883579] -0.000011
[998891422] -0.000011
[998898887] -0.000011
[998910302] -0.000015
[998915569] -0.000011
[998922115] -0.000011
[998929726] -0.000015
[998940542] -0.000015
[998945897] -0.000015
[998952917] -0.000011
[998962040] -0.000015
[998969765] -0.000015
[998975856] -0.000011
[998984636] -0.000015
[998991074] -0.000011
[999000359] -0.000015
[999007242] -0.000015
[999014664] -0.000011
[999022396] -0.000015
[999032250] -0.000011
[999037574] -0.000015
[999045781] -0.000011
[999052577] -0.000011
[999064257] -0.000011
[999068396] -0.000011
[999076467] -0.000015
[999084578] -0.000015
[999092278] -0.000011
[999098609] -0.000015
[999107620] -0.000011
[999114469] -0.000015
[999122467] -0.000011
[999130229] -0.000015
[999138487] -0.000015
[999145696] -0.000015
[999152968] -0.000015
[999161858] -0.000011
[999168165] -0.000011
[999176050] -0.000011
[999183822] -0.000015
[999191579] -0.000011
[999199018] -0.000011
[999209059] -0.000015
[999215237] -0.000011
[999222102] -0.000011
[999230023] -0.000011
[999239648] -0.000011
[999245647] -0.000015
[999252634] -0.000011
[999261622] -0.000015
[999269498] -0.000015
[999275902] -0.000015
[999284127] -0.000015
[999291156] -0.000011
[999300801] -0.000015
[999307169] -0.000011
[999314960] -0.000015
[999322052] -0.000015
[999331545] -0.000011
[999337769] -0.000011
[999346012] -0.000011
[999352582] -0.000011
[999364826] -0.000011
[999369038] -0.000011
[999375925] -0.000015
[999384957] -0.000011
[999392493] -0.000011
[999398625] -0.000015
[999406718] -0.000011
[999414689] -0.000015
[999422684] -0.000015
[999429641] -0.000015
[999437154] -0.000015
[999445922] -0.000011
[999452792] -0.000011
[999461953] -0.000011
[999468049] -0.000011
[999475793] -0.000015
[999483758] -0.000011
[999491461] -0.000015
[999499029] -0.000011
[999509668] -0.000015
[999515789] -0.000015
[999521590] -0.000011
[999529441] -0.000011
[999539769] -0.000011
[999546361] -0.000015
[999552597] -0.000015
[999561491] -0.000011
[999569657] -0.000015
[999575828] -0.000011
[999584635] -0.000015
[999591624] -0.000015
[999601631] -0.000015
[999606888] -0.000015
[999614828] -0.000011
[999622169] -0.000015
[999631751] -0.000011
[999637951] -0.000011
[999646195] -0.000011
[999652768] -0.000011
[999664903] -0.000015
[999669056] -0.000011
[999675552] -0.000015
[999684721] -0.000015
[999693543] -0.000015
[999699521] -0.000015
[999707381] -0.000011
[999714926] -0.000015
[999723454] -0.000015
[999729733] -0.000011
[999738039] -0.000015
[999746446] -0.000011
[999752936] -0.000015
[999762655] -0.000015
[999768557] -0.000015
[999775737] -0.000015
[999783229] -0.000011
[999791055] -0.000015
[999798718] -0.000011
[999809205] -0.000011
[999815261] -0.000011
[999822134] -0.000011
[999830053] -0.000015
[999840142] -0.000011
[999846082] -0.000015
[999852781] -0.000015
[999862246] -0.000011
[999870205] -0.000015
[999876226] -0.000011
[999885934] -0.000015
[999891455] -0.000015
[999901048] -0.000011
[999907941] -0.000015
[999915122] -0.000011
[999922101] -0.000011
[999931957] -0.000015
[999937999] -0.000011
[999946071] -0.000015
[999952578] -0.000011
[999964577] -0.000015
[999968590] -0.000011
[999975802] -0.000011
[999984529] -0.000011
[999993044] -0.000011
[999998903] -0.000015
[1000007257] -0.000015
[1000014330] -0.000011
[1000022188] -0.000015
[1000030098] -0.000011
[1000038328] -0.000015
[1000045651] -0.000011
[1000052693] -0.000011
[1000062200] -0.000011
[1000068653] -0.000011
[1000075859] -0.000015
[1000083281] -0.000015
[1000091041] -0.000015
[1000098738] -0.000011
[1000109356] -0.000011
[1000114930] -0.000015
[1000122739] -0.000011
[1000129841] -0.000015
[1000140420] -0.000015
[1000146203] -0.000011
[1000152839] -0.000015
[1000162144] -0.000011
[1000170407] -0.000015
[1000176268] -0.000011
[1000184454] -0.000011
[1000191511] -0.000015
[1000200133] -0.000015
[1000207140] -0.000015
[1000214539] -0.000011
[1000222028] -0.000011
[1000231467] -0.000011
[1000237580] -0.000011
[1000246548] -0.000015
[1000252631] -0.000011
[1000264797] -0.000015
[1000268647] -0.000011
[1000276171] -0.000015
[1000285545] -0.000011
[1000292222] -0.000011
[1000298542] -0.000015
[1000307131] -0.000011
[1000314291] -0.000015
[1000322599] -0.000011
[1000329800] -0.000011
[1000338610] -0.000015
[1000346355] -0.000011
[1000352586] -0.000015
[1000409134] -0.000011
[1000413827] -0.000015
[1000422079] -0.000011
[1000428921] -0.000015
[1000440210] -0.000011
[1000445630] -0.000015
[1000451864] -0.000015
[1000459516] -0.000011
[1000469007] -0.000015
[1000475322] -0.000011
[1000482922] -0.000011
[1000490627] -0.000015
[1000500132] -0.000011
[1000506137] -0.000015
[1000514011] -0.000011
[1000520743] -0.000015
[1000530235] -0.000011
[1000536197] -0.000011
[1000545524] -0.000015
[1000551596] -0.000011
[1000561055] -0.000015
[1000567123] -0.000011
[1000575455] -0.000015
[1000583159] -0.000015
[1000592229] -0.000011
[1000598030] -0.000015
[1000605841] -0.000011
[1000613316] -0.000011
[1000622725] -0.000011
[1000628589] -0.000015
[1000636439] -0.000015
[1000645774] -0.000011
[1000651702] -0.000015
[1000659431] -0.000011
[1000667240] -0.000011
[1000674900] -0.000015
[1000682724] -0.000011
[1000690796] -0.000015
[1000698598] -0.000015
[1000751611] -0.000015
[1000755733] -0.000011
[1000763390] -0.000011
[1000772026] -0.000015
[1000779295] -0.000011
[1000787153] -0.000015
[1000841302] -0.000011
[1000846873] -0.000015
[1000853266] -0.000011
[1000864249] -0.000015
[1000868383] -0.000015
[1000876105] -0.000011
[1000886265] -0.000015
[1000892641] -0.000011
[1000899396] -0.000015
[1000908910] -0.000015
[1000915978] -0.000015
[1000922491] -0.000015
[1000930289] -0.000011
[1000938240] -0.000015
[1000949217] -0.000011
[1000953228] -0.000011
[1000963093] -0.000015
[1000969051] -0.000011
[1000978662] -0.000015
[1000983895] -0.000015
[1000992277] -0.000011
[1001000135] -0.000015
[1001009938] -0.000011
[1001015449] -0.000015
[1001023179] -0.000015
[1001030687] -0.000011
[1001040647] -0.000015
[1001047002] -0.000011
[1001053303] -0.000015
[1001062792] -0.000011
[1001070501] -0.000015
[1001076714] -0.000015
[1001084264] -0.000011
[1001092588] -0.000015
[1001101148] -0.000011
[1001108818] -0.000011
[1001115534] -0.000015
[1001123119] -0.000011
[1001132313] -0.000015
[1001140662] -0.000011
[1001145813] -0.000011
[1001153721] -0.000015
[1001164073] -0.000011
[1001168613] -0.000015
[1001177141] -0.000011
[1001185041] -0.000011
[1001193626] -0.000015
[1001199640] -0.000011
[1001209076] -0.000015
[1001215475] -0.000011
[1001223117] -0.000011
[1001230367] -0.000011
[1001238599] -0.000011
[1001248972] -0.000015
[1001253126] -0.000011
[1001262729] -0.000015
[1001268630] -0.000015
[1001278165] -0.000011
[1001284178] -0.000015
[1001292492] -0.000011
[1001299690] -0.000015
[1001311718] -0.000011
[1001316161] -0.000015
[1001322714] -0.000015
[1001330418] -0.000011
[1001341457] -0.000015
[1001347249] -0.000011
[1001353235] -0.000015
[1001361397] -0.000011
[1001370907] -0.000015
[1001376856] -0.000015
[1001384749] -0.000011
[1001391746] -0.000015
[1001401704] -0.000011
[1001408315] -0.000011
[1001415432] -0.000015
[1001422808] -0.000011
[1001432550] -0.000015
[1001439275] -0.000015
[1001446619] -0.000011
[1001453202] -0.000015
[1001463758] -0.000011
[1001468454] -0.000011
[1001475982] -0.000011
[1001485718] -0.000015
[1001492512] -0.000015
[1001500237] -0.000011
[1001508050] -0.000015
[1001515112] -0.000011
[1001523319] -0.000011
[1001530185] -0.000015
[1001539287] -0.000011
[1001548918] -0.000015
[1001553241] -0.000011
[1001561851] -0.000011
[1001568461] -0.000011
[1001578902] -0.000011
[1001583909] -0.000015
[1001591965] -0.000011
[1001599989] -0.000015
[1001611904] -0.000015
[1001616238] -0.000015
[1001622561] -0.000015
[1001631083] -0.000011
[1001640944] -0.000011
[1001647060] -0.000011
[1001653172] -0.000011
[1001662673] -0.000015
[1001670283] -0.000015
[1001676299] -0.000015
[1001685906] -0.000011
[1001692132] -0.000011
[1001701987] -0.000015
[1001707492] -0.000011
[1001715171] -0.000015
[1001722772] -0.000011
[1001732953] -0.000015
[1001738946] -0.000015
[1001747047] -0.000011
[1001753050] -0.000015
[1001765074] -0.000011
[1001769346] -0.000015
[1001776685] -0.000015
[1001785146] -0.000011
[1001793253] -0.000015
[1001799388] -0.000011
[1001808662] -0.000015
[1001815691] -0.000011
[1001822326] -0.000011
[1001830134] -0.000015
[1001837828] -0.000011
[1001849825] -0.000015
[1001854799] -0.000011
[1001862394] -0.000011
[1001868323] -0.000015
[1001875975] -0.000011
[1001883797] -0.000015
[1001891398] -0.000011
[1001899521] -0.000015
[1001911251] -0.000015
[1001915868] -0.000015
[1001922851] -0.000015
[1001930835] -0.000011
[1001941400] -0.000015
[1001947087] -0.000011
[1001953121] -0.000011
[1001962459] -0.000015
[1001970291] -0.000011
[1001976058] -0.000015
[1001985070] -0.000011
[1001991545] -0.000015
[1002001806] -0.000011
[1002007836] -0.000011
[1002015186] -0.000015
[1002022837] -0.000011
[1002031910] -0.000015
[1002039522] -0.000015
[1002046593] -0.000011
[1002053174] -0.000011
[1002063249] -0.000011
[1002069481] -0.000015
[1002075937] -0.000011
[1002085344] -0.000015
[1002092044] -0.000015
[1002099897] -0.000011
[1002107483] -0.000015
[1002114617] -0.000011
[1002122878] -0.000015
[1002130590] -0.000015
[1002138025] -0.000011
[1002146337] -0.000015
[1002154458] -0.000011
[1002163010] -0.000015
[1002169310] -0.000011
[1002178509] -0.000011
[1002184344] -0.000015
[1002192142] -0.000011
[1002200167] -0.000015
[1002211304] -0.000015
[1002215926] -0.000011
[1002222702] -0.000015
[1002230560] -0.000011
[1002242346] -0.000011
[1002247473] -0.000011
[1002253344] -0.000011
[1002261464] -0.000015
[1002271573] -0.000011
[1002276418] -0.000015
[1002285746] -0.000011
[1002292373] -0.000011
[1002300917] -0.000015
[1002307587] -0.000011
[1002315364] -0.000015
[1002323246] -0.000015
[1002332410] -0.000011
[1002339028] -0.000015
[1002346506] -0.000011
[1002353282] -0.000015
[1002363739] -0.000011
[1002368437] -0.000011
[1002376128] -0.000015
[1002385386] -0.000015
[1002392355] -0.000015
[1002400487] -0.000011
[1002408277] -0.000011
[1002415289] -0.000011
[1002423122] -0.000011
[1002430367] -0.000011
[1002438698] -0.000011
[1002446056] -0.000015
[1002453934] -0.000011
[1002462016] -0.000015
[1002468500] -0.000015
[1002477786] -0.000011
[1002484135] -0.000015
[1002491831] -0.000011
[1002499617] -0.000015
[1002511795] -0.000011
[1002516453] -0.000011
[1002522483] -0.000015
[1002530614] -0.000011
[1002542018] -0.000015
[1002546976] -0.000011
[1002553408] -0.000011
[1002563128] -0.000015
[1002570453] -0.000015
[1002576536] -0.000015
[1002584796] -0.000011
[1002592325] -0.000011
[1002602356] -0.000015
[1002608792] -0.000015
[1002615707] -0.000015
[1002622346] -0.000015
[1002632401] -0.000015
[1002638695] -0.000015
[1002646309] -0.000011
[1002653399] -0.000015
[1002663865] -0.000011
[1002668523] -0.000011
[1002676266] -0.000015
[1002684909] -0.000011
[1002693013] -0.000015
[1002699373] -0.000011
[1002709011] -0.000015
[1002715665] -0.000011
[1002722395] -0.000011
[1002730277] -0.000015
[1002738259] -0.000011
[1002746053] -0.000015
[1002776722] -0.000011
[1002780907] -0.000015
[1002788859] -0.000015
[1002796685] -0.000011
[1002804893] -0.000015
[1002814832] -0.000011
[1002819511] -0.000015
[1002827297] -0.000015
[1002883777] -0.000015
