[975015566] -0.000006
[975023167] -0.000006
[975032455] -0.000006
[975039488] -0.000006
[975046668] -0.000006
[975053962] -0.000006
[975063754] -0.000006
[975068632] -0.000009
[975076518] -0.000009
[975084502] -0.000006
[975094134] -0.000009
[975100139] -0.000009
[975108344] -0.000006
[975114919] -0.000009
[975124521] -0.000006
[975135054] -0.000009
[975140837] -0.000006
[975146132] -0.000009
[975154004] -0.000006
[975161777] -0.000006
[975168693] -0.000009
[975176626] -0.000006
[975184701] -0.000009
[975192340] -0.000006
[975199973] -0.000009
[975207610] -0.000009
[975215701] -0.000006
[975222499] -0.000009
[975234382] -0.000006
[975243645] -0.000009
[975248379] -0.000006
[975254486] -0.000009
[975261480] -0.000009
[975271509] -0.000006
[975276425] -0.000009
[975284694] -0.000006
[975292617] -0.000006
[975301485] -0.000009
[975307505] -0.000006
[975315516] -0.000009
[975322887] -0.000006
[975332478] -0.000009
[975338674] -0.000006
[975346827] -0.000006
[975353424] -0.000009
[975363311] -0.000006
[975369335] -0.000009
[975376977] -0.000006
[975384482] -0.000009
[975394348] -0.000006
[975400124] -0.000006
[975407697] -0.000009
[975415064] -0.000006
[975472190] -0.000009
[975476512] -0.000006
[975485546] -0.000009
[975491937] -0.000006
[975500194] -0.000009
[975508157] -0.000009
[975516488] -0.000009
[975522625] -0.000009
[975530320] -0.000018
[975540443] -0.000021
[975546096] -0.000033
[975554678] -0.000064
[975563431] -0.000079
[975570448] -0.000076
[975576938] -0.000049
[975587990] 0.000028
[975592554] 0.000065
[975601623] 0.000101
[975608998] 0.000095
[975616554] 0.000061
[975622659] 0.000043
[975632311] 0.000016
[975639267] 0.000019
[975647168] 0.000019
[975654453] 0.000019
[975662651] 0.000016
[975668505] 0.000012
[975676600] -0.000009
[975686262] -0.000030
[975694666] -0.000027
[975699773] -0.000015
[975708215] -0.000006
[975716748] 0.000012
[975724645] 0.000012
[975730831] 0.000009
[975737973] 0.000003
[975746921] -0.000009
[975754603] -0.000015
[975763542] -0.000018
[975769103] -0.000018
[975777060] -0.000015
[975784854] -0.000012
[975791748] -0.000012
[975799573] -0.000012
[975815751] -0.000012
[975819845] -0.000009
[975824159] -0.000009
[975840368] -0.000009
[975850550] -0.000012
[975854877] -0.000015
[975863954] -0.000018
[975871768] -0.000033
[975877990] -0.000049
[975887374] -0.000095
[975893707] -0.000101
[975904373] -0.000058
[975909966] -0.000018
[975917438] 0.000037
[975923911] 0.000147
[975934292] 0.000159
[975939485] 0.000141
[975948793] 0.000120
[975956546] 0.000074
[975964554] 0.000049
[975970648] 0.000049
[975978999] 0.000052
[975987912] 0.000049
[975994696] 0.000043
[976001040] 0.000034
[976010291] 0.000019
[976017943] -0.000018
[976026579] -0.000021
[976043775] 0.000003
[976050652] 0.000012
[976056709] 0.000019
[976064681] 0.000009
[976071089] 0.000003
[976081472] -0.000040
[976086655] -0.000082
[976094635] -0.000187
[976102553] -0.000214
[976114958] -0.000180
[976119512] -0.000128
[976125600] -0.000052
[976133858] 0.000098
[976143051] 0.000135
[976149575] 0.000132
[976158026] 0.000107
[976164905] 0.000089
[976173921] 0.000055
[976178993] 0.000058
[976188104] 0.000061
[976194157] 0.000058
[976204152] 0.000037
[976212812] -0.000027
[976217789] -0.000138
[976225398] -0.000266
[976235319] -0.000294
[976241068] -0.000248
[976249835] -0.000156
[976256643] -0.000058
[976267276] 0.000150
[976271347] 0.000230
[976279196] 0.000230
[976288202] 0.000208
[976295379] -0.000049
[976301905] -0.000174
[976311020] -0.000208
[976318307] -0.000236
[976325047] -0.000067
[976333278] -0.000046
[976340410] -0.000070
[976351909] -0.000138
[976357873] -0.000116
[976364645] -0.000079
[976371178] -0.000150
[976381015] -0.000324
[976389343] -0.000337
[976394430] -0.000330
[976402287] -0.000343
[976411155] -0.000297
[976417289] -0.000245
[976425104] -0.000220
[976433158] -0.000242
[976443236] -0.000321
[976448895] -0.000364
[976456989] -0.000392
[976464955] -0.000352
[976472629] -0.000321
[976478458] -0.000260
[976488391] -0.000236
[976494614] -0.000229
[976504444] -0.000257
[976510216] -0.000278
[976517784] -0.000306
[976525518] -0.000407
[976533638] -0.000392
[976540271] -0.000349
[976550093] -0.000358
[976556798] -0.000373
[976564913] -0.000260
[976571208] -0.000291
[976578972] -0.000337
[976587970] -0.000324
[976594725] -0.000266
[976601911] -0.000263
[976610794] -0.000226
[976620036] -0.000232
[976625273] -0.000251
[976633399] -0.000269
[976640337] -0.000361
[976653091] -0.000343
[976658482] -0.000315
[976664660] -0.000278
[976671160] -0.000278
[976680757] -0.000285
[976691327] -0.000291
[976695794] -0.000294
[976701927] -0.000300
[976711447] -0.000315
[976717527] -0.000327
[976725597] -0.000324
[976732991] -0.000318
[976745970] -0.000297
[976752095] -0.000285
[976756363] -0.000288
[976764459] -0.000288
[976772961] -0.000297
[976778794] -0.000294
[976787190] -0.000294
[976794489] -0.000294
[976804304] -0.000306
[976813128] -0.000309
[976817654] -0.000315
[976825811] -0.000346
[976833865] -0.000364
[976840399] -0.000361
[976848883] -0.000352
[976857289] -0.000334
[976864782] -0.000278
[976871432] -0.000285
[976879581] -0.000315
[976887384] -0.000324
[976894413] -0.000318
[976902186] -0.000291
[976911771] -0.000278
[976917748] -0.000278
[976924881] -0.000303
[976933427] -0.000309
[976940503] -0.000306
[976952335] -0.000297
[976957206] -0.000303
[976964440] -0.000303
[976971090] -0.000306
[976980452] -0.000297
[976989031] -0.000294
[976994650] -0.000300
[977002379] -0.000303
[977011920] -0.000318
[977017522] -0.000318
[977025436] -0.000318
[977033112] -0.000318
[977042179] -0.000312
[977050385] -0.000303
[977056042] -0.000309
[977064250] -0.000309
[977073382] -0.000309
[977079177] -0.000315
[977087638] -0.000312
[977094122] -0.000300
[977103733] -0.000300
[977111986] -0.000300
[977117263] -0.000303
[977125081] -0.000306
[977134763] -0.000330
[977141407] -0.000327
[977148615] -0.000324
[977157179] -0.000306
[977168071] -0.000288
[977172183] -0.000294
[977178786] -0.000309
[977187481] -0.000318
[977194576] -0.000324
[977202169] -0.000327
[977211299] -0.000318
[977218090] -0.000315
[977224907] -0.000309
[977233113] -0.000303
[977240403] -0.000303
[977252725] -0.000318
[977257785] -0.000334
[977264630] -0.000337
[977271243] -0.000334
[977281267] -0.000309
[977288751] -0.000297
[977294612] -0.000297
[977302430] -0.000297
[977311122] -0.000306
[977317307] -0.000306
[977325210] -0.000300
[977333425] -0.000297
[977342037] -0.000291
[977349842] -0.000288
[977358362] -0.000294
[977364958] -0.000303
[977373045] -0.000303
[977379015] -0.000315
[977387913] -0.000318
[977394510] -0.000312
[977404513] -0.000318
[977412892] -0.000327
[977417639] -0.000334
[977424860] -0.000334
[977434102] -0.000321
[977440569] -0.000303
[977449296] -0.000294
[977457837] -0.000288
[977465617] -0.000291
[977472440] -0.000297
[977478738] -0.000294
[977487757] -0.000309
[977494848] -0.000309
[977502058] -0.000303
[977511101] -0.000303
[977517896] -0.000312
[977525477] -0.000334
[977532585] -0.000343
[977541656] -0.000330
[977551951] -0.000309
[977557187] -0.000303
[977564865] -0.000294
[977570915] -0.000291
[977580859] -0.000300
[977586635] -0.000300
[977594364] -0.000324
[977602096] -0.000330
[977615568] -0.000324
[977619594] -0.000312
[977625579] -0.000303
[977633922] -0.000303
[977642110] -0.000306
[977650407] -0.000309
[977656303] -0.000309
[977665131] -0.000297
[977673359] -0.000239
[977679481] -0.000131
[977687942] -0.000079
[977694053] -0.000027
[977703834] -0.000079
[977712128] -0.000153
[977717357] -0.000232
[977724790] -0.000389
[977734557] -0.000471
[977741095] -0.000468
[977749305] -0.000459
[977756437] -0.000444
[977764271] -0.000431
[977771885] -0.000431
[977779546] -0.000428
[977787541] -0.000428
[977885072] -0.000392
[977889516] -0.000327
[977898265] -0.000321
[977904959] -0.000321
[977913569] -0.000321
[977920316] -0.000324
[977928122] -0.000324
[977937050] -0.000327
[977946328] -0.000330
[977951150] -0.000334
[977959355] -0.000334
[977967413] -0.000334
[977974149] -0.000334
[977982107] -0.000334
[977989653] -0.000330
[977997442] -0.000327
[978004822] -0.000324
[978012770] -0.000324
[978020506] -0.000324
[978040820] -0.000327
[978046091] -0.000334
[978052877] -0.000334
[978108838] -0.000334
[978113060] -0.000327
[978123397] -0.000327
[978129532] -0.000330
[978137137] -0.000330
[978187873] -0.000330
[978192109] -0.000364
[978200108] -0.000407
[978210293] -0.000428
[978217747] -0.000404
[978223937] -0.000318
[978230709] -0.000303
[978241277] -0.000266
[978246299] -0.000239
[978255406] -0.000138
[978263619] -0.000116
[978270573] -0.000168
[978276918] -0.000223
[978287475] -0.000358
[978292671] -0.000236
[978301447] -0.000514
[978307972] -0.000340
[978316475] -0.000523
[978323167] -0.000523
[978333220] -0.000533
[978338410] -0.000533
[978347385] -0.000529
[978355128] -0.000517
[978363216] -0.000502
[978369294] -0.000438
[978377176] -0.000392
[978386147] -0.000312
[978395352] -0.000285
[978399734] -0.000288
[978408296] -0.000306
[978416374] -0.000343
[978424648] -0.000389
[978430594] -0.000410
[978439250] -0.000453
[978447843] -0.000459
[978456219] -0.000487
[978462580] -0.000505
[978469739] -0.000462
[978477093] -0.000468
[978485828] -0.000444
[978493654] -0.000410
[978499881] -0.000266
[978507928] -0.000199
[978516219] -0.000153
[978523263] -0.000180
[978531775] -0.000275
[978540565] -0.000275
[978547523] -0.000269
[978554041] -0.000312
[978564084] -0.000508
[978570721] -0.000327
[978577149] -0.000514
[978585539] -0.000349
[978593227] -0.000373
[978601747] -0.000615
[978608818] -0.000661
[978616848] -0.000704
[978623064] -0.000695
[978633310] -0.000542
[978638910] -0.000462
[978647315] -0.000343
[978655300] -0.000196
[978662292] -0.000119
[978669624] -0.000239
[978676739] -0.000288
[978686638] -0.000300
[978695336] -0.000588
[978700131] -0.000630
[978708860] -0.000732
[978716665] -0.000872
[978723604] -0.000888
[978730562] -0.000796
[978739510] -0.000781
[978747473] -0.000750
[978757050] -0.000670
[978762438] -0.000692
[978769330] -0.000713
[978777113] -0.000686
[978786220] -0.000606
[978792900] -0.000646
[978799591] -0.000747
[978807709] -0.000759
[978815481] -0.000728
[978823358] -0.000753
[978831389] -0.000750
[978840112] -0.000747
[978846668] -0.000799
[978855137] -0.000848
[978863172] -0.000943
[978871939] -0.000955
[978876807] -0.000940
[978887129] -0.000882
[978892320] -0.000842
[978902806] -0.000741
[978912912] -0.000698
[978917349] -0.000710
[978923364] -0.000719
[978932890] -0.000750
[978939256] -0.000762
[978946418] -0.000771
[978954453] -0.000768
[978964353] -0.000771
[978969501] -0.000777
[978977706] -0.000774
[978985409] -0.000777
[978994453] -0.000777
[979000500] -0.000774
[979008117] -0.000774
[979016122] -0.000777
[979024331] -0.000784
[979031074] -0.000765
[979039487] -0.000744
[979047781] -0.000732
[979055310] -0.000744
[979062328] -0.000759
[979069109] -0.000784
[979077252] -0.000790
[979085902] -0.000790
[979092816] -0.000787
[979100863] -0.000793
[979107670] -0.000799
[979115238] -0.000796
[979123667] -0.000787
[979130645] -0.000768
[979140729] -0.000774
[979147236] -0.000774
[979154553] -0.000768
[979162428] -0.000768
[979170841] -0.000777
[979177273] -0.000777
[979185847] -0.000777
[979192792] -0.000784
[979202470] -0.000790
[979209228] -0.000790
[979216522] -0.000802
[979223140] -0.000799
[979232714] -0.000799
[979239083] -0.000793
[979247155] -0.000796
[979254638] -0.000774
[979263397] -0.000774
[979269411] -0.000768
[979276689] -0.000777
[979286902] -0.000802
[979295278] -0.000820
[979300301] -0.000814
[979308754] -0.000811
[979316107] -0.000796
[979324364] -0.000799
[979330672] -0.000796
[979339599] -0.000796
[979347524] -0.000796
[979353907] -0.000796
[979362470] -0.000790
[979369082] -0.000793
[979376986] -0.000790
[979385567] -0.000781
[979393097] -0.000787
[979400122] -0.000817
[979407991] -0.000817
[979415853] -0.000860
[979422972] -0.000854
[979431058] -0.000826
[979441716] -0.000747
[979447246] -0.000750
[979453791] -0.000762
[979463010] -0.000777
[979471085] -0.000805
[979476972] -0.000793
[979486174] -0.000787
[979492071] -0.000777
[979501655] -0.000771
[979508321] -0.000774
[979515558] -0.000781
[979523119] -0.000787
[979532746] -0.000793
[979538572] -0.000787
[979547839] -0.000787
[979554052] -0.000774
[979564953] -0.000777
[979569210] -0.000771
[979577031] -0.000771
[979586507] -0.000777
[979593750] -0.000784
[979600233] -0.000793
[979608972] -0.000790
[979615943] -0.000784
[979623699] -0.000787
[979630564] -0.000787
[979638845] -0.000790
[979646785] -0.000790
[979654534] -0.000787
[979662209] -0.000784
[979669287] -0.000787
[979677204] -0.000781
[979684647] -0.000777
[979692235] -0.000781
[979700416] -0.000784
[979711163] -0.000793
[979716840] -0.000811
[979723096] -0.000811
[979731082] -0.000799
[979741640] -0.000765
[979747126] -0.000756
[979753506] -0.000762
[979763078] -0.000777
[979771254] -0.000802
[979777226] -0.000802
[979786467] -0.000774
[979793053] -0.000765
[979801179] -0.000765
[979807994] -0.000765
[979815622] -0.000771
[979823414] -0.000777
[979833292] -0.000787
[979838557] -0.000796
[979847541] -0.000805
[979854088] -0.000799
[979864856] -0.000787
[979869235] -0.000762
[979877204] -0.000762
[979886266] -0.000765
[979894066] -0.000802
[979899987] -0.000802
[979908354] -0.000799
[979915596] -0.000741
[979923265] -0.000719
[979931256] -0.000692
[979938984] -0.000707
[979946673] -0.000722
[979954478] -0.000728
[979962066] -0.000738
[979968804] -0.000774
[979976682] -0.000784
[979984495] -0.000588
[979992241] -0.000588
[979999935] -0.000774
[980010891] -0.000756
[980016186] -0.000508
[980022849] -0.000609
[980030694] -0.001041
[980040652] -0.001151
[980047078] -0.001044
[980053758] -0.000793
[980062883] -0.000839
[980070999] -0.001420
[980077192] -0.001292
[980085208] -0.001133
[980092296] -0.001133
[980101980] -0.001105
[980108854] -0.001117
[980116126] -0.001341
[980123293] -0.001234
[980133820] -0.001206
[980138521] -0.001197
[980147933] -0.001436
[980153918] -0.001228
[980165831] -0.001427
[980170118] -0.001549
[980176714] -0.001714
[980186452] -0.001574
[980193760] -0.001528
[980199550] -0.001828
[980207715] -0.001822
[980215532] -0.001540
[980223529] -0.001277
[980230814] -0.001650
[980239361] -0.001766
[980247141] -0.001705
[980253501] -0.001488
[980262547] -0.001175
[980268843] -0.001344
[980276502] -0.001601
[980284161] -0.001644
[980292036] -0.001567
[980299674] -0.001583
[980308025] -0.001705
[980315879] -0.001592
[980322607] -0.001528
[980331184] -0.001831
[980341259] -0.001950
[980346926] -0.001785
[980353837] -0.001696
[980363255] -0.001828
[980371242] -0.002244
[980377244] -0.002073
[980386993] -0.001886
[980393219] -0.001871
[980401082] -0.002051
[980408384] -0.002036
[980415879] -0.001797
[980423073] -0.002088
[980433101] -0.002351
[980439583] -0.001990
[980447197] -0.001668
[980453519] -0.001613
[980465126] -0.001763
[980469224] -0.001831
[980476900] -0.001766
[980486589] -0.001687
[980494082] -0.001672
[980499825] -0.001720
[980508732] -0.001693
[980515778] -0.001604
[980523525] -0.001613
[980531206] -0.001748
[980539817] -0.001472
[980546744] -0.001472
[980554257] -0.001968
[980562511] -0.002155
[980569016] -0.002070
[980576581] -0.002002
[980584611] -0.002070
[980592520] -0.002054
[980600114] -0.002011
[980610764] -0.002027
[980616367] -0.002066
[980622610] -0.002027
[980630737] -0.001965
[980641442] -0.001965
[980646893] -0.002073
[980653847] -0.002070
[980663170] -0.002085
[980671413] -0.001947
[980677174] -0.001947
[980686115] -0.002137
[980692730] -0.002125
[980701043] -0.002112
[980708513] -0.002198
[980715605] -0.002272
[980723714] -0.002241
[980733189] -0.002063
[980738040] -0.002063
[980747692] -0.002302
[980753786] -0.002250
[980766109] -0.002027
[980770420] -0.002232
[980776741] -0.002302
[980785903] -0.002109
[980794530] -0.002388
[980800179] -0.002428
[980808350] -0.002468
[980815449] -0.002299
[980823322] -0.002486
[980831251] -0.002486
[980838761] -0.002483
[980847247] -0.002299
[980854731] -0.002471
[980861995] -0.002471
[980868926] -0.002327
[980877467] -0.002140
[980885229] -0.002097
[980891911] -0.002244
[980899682] -0.002281
[980911417] -0.002171
[980916915] -0.002152
[980922921] -0.002262
[980930766] -0.002311
[980940885] -0.002281
[980947192] -0.002330
[980953825] -0.002226
[980962986] -0.002186
[980970629] -0.002238
[980976635] -0.002265
[980985499] -0.002161
[980992523] -0.002167
[981002419] -0.002360
[981009159] -0.002174
[981016140] -0.002152
[981023002] -0.002149
[981032111] -0.002388
[981038469] -0.002388
[981047541] -0.002131
[981053682] -0.002357
[981065965] -0.002412
[981070146] -0.002213
[981076608] -0.002131
[981086257] -0.002333
[981094704] -0.002180
[981099676] -0.002204
[981108192] -0.002210
[981115472] -0.002235
[981123246] -0.002397
[981131250] -0.002216
[981138151] -0.002223
[981147192] -0.002431
[981153699] -0.002431
[981162507] -0.002391
[981169195] -0.002483
[981177362] -0.002556
[981185038] -0.002327
[981192661] -0.002382
[981200343] -0.002416
[981211166] -0.002400
[981216792] -0.002213
[981222645] -0.002014
[981230481] -0.002269
[981242043] -0.002269
[981247464] -0.002149
[981253692] -0.001852
[981263050] -0.001641
[981270749] -0.001699
[981276691] -0.001898
[981286356] -0.001540
[981293244] -0.001203
[981301260] -0.001004
[981308043] -0.001136
[981315281] -0.001277
[981322816] -0.001172
[981332636] -0.000909
[981338968] -0.000909
[981347196] -0.001420
[981353853] -0.001485
[981366171] -0.000741
[981370293] -0.000759
[981376593] -0.000762
[981385976] -0.000814
[981393586] -0.000765
[981399635] -0.000842
[981408375] -0.000823
[981415443] -0.000802
[981423163] -0.000790
[981431262] -0.000802
[981438580] -0.000796
[981448212] -0.000799
[981454818] -0.000793
[981462173] -0.000799
[981469012] -0.000805
[981477306] -0.000814
[981485297] -0.000833
[981492137] -0.000830
[981499529] -0.000833
[981508151] -0.000830
[981516361] -0.000833
[981523010] -0.000833
[981530743] -0.000820
[981540238] -0.000814
[981547649] -0.000784
[981554052] -0.000738
[981562087] -0.000707
[981571150] -0.000701
[981577017] -0.000701
[981586760] -0.000744
[981592554] -0.000759
[981601941] -0.000790
[981608671] -0.000784
[981615446] -0.000771
[981623214] -0.000777
[981633181] -0.000793
[981638452] -0.000793
[981647166] -0.000799
[981653874] -0.000802
[981665607] -0.000756
[981669531] -0.000725
[981677293] -0.000692
[981686264] -0.000655
[981693833] -0.000664
[981699717] -0.000689
[981708835] -0.000689
[981715781] -0.000701
[981723569] -0.000716
[981730354] -0.000722
[981738072] -0.000728
[981747220] -0.000725
[981753919] -0.000722
[981762747] -0.000728
[981769044] -0.000725
[981777013] -0.000725
[981784825] -0.000707
[981792318] -0.000692
[981799844] -0.000686
[981810784] -0.000689
[981816633] -0.000710
[981822714] -0.000710
[981830414] -0.000722
[981841105] -0.000725
[981846995] -0.000719
[981854174] -0.000698
[981861805] -0.000686
[981870856] -0.000689
[981877270] -0.000698
[981886902] -0.000710
[981892345] -0.000716
[981901588] -0.000701
[981907836] -0.000692
[981915540] -0.000701
[981923261] -0.000716
[981932921] -0.000744
[981938912] -0.000572
[981946709] -0.000572
[981954009] -0.000569
[981964900] -0.000661
[981968981] -0.000300
[981976980] -0.000254
[981986222] -0.000337
[981994035] -0.000508
[981999813] -0.000248
[982007902] -0.000079
[982015304] -0.000324
[982023027] -0.000511
[982031059] -0.000505
[982038655] -0.000275
[982046986] 0.000089
[982054146] 0.000052
[982062376] -0.000236
[982069392] -0.000104
[982077394] 0.000159
[982085303] 0.000343
[982092852] 0.000251
[982100343] 0.000040
[982108372] 0.000107
[982116843] 0.000349
[982123170] 0.000695
[982131115] 0.000478
[982140578] 0.000251
[982148498] 0.000218
[982153890] 0.000539
[982162355] 0.001001
[982170910] 0.000845
[982176798] 0.000582
[982186059] 0.000542
[982193281] 0.000760
[982201131] 0.001207
[982207938] 0.001188
[982215782] 0.000894
[982223613] 0.000910
[982233524] 0.001265
[982238323] 0.001409
[982247835] 0.001298
[982253758] 0.001041
[982266154] 0.001488
[982270254] 0.001500
[982276738] 0.001497
[982285806] 0.001433
[982294568] 0.001470
[982300288] 0.001415
[982308650] 0.001424
[982315739] 0.001448
[982323851] 0.001458
[982330537] 0.001458
[982338107] 0.001455
[982347551] 0.001442
[982354100] 0.001455
[982362441] 0.001458
[982368992] 0.001485
[982376800] 0.001479
[982384478] 0.001476
[982392646] 0.001473
[982400109] 0.001461
[982411241] 0.001451
[982416533] 0.001433
[982422818] 0.001418
[982430422] 0.001602
[982440497] 0.001608
[982447234] 0.001464
[982453791] 0.001476
[982462039] 0.001553
[982470583] 0.001482
[982477098] 0.001482
[982485787] 0.001577
[982492769] 0.001586
[982501401] 0.001488
[982507938] 0.001430
[982515304] 0.001681
[982523276] 0.001675
[982533249] 0.001399
[982537973] 0.001399
[982546544] 0.001699
[982553862] 0.001690
[982566293] 0.001565
[982570096] 0.001589
[982576525] 0.001724
[982585473] 0.001776
[982594060] 0.001580
[982600102] 0.001556
[982608806] 0.001877
[982615618] 0.001666
[982623722] 0.001528
[982631009] 0.001752
[982638389] 0.001996
[982647475] 0.002352
[982654092] 0.002349
[982662256] 0.002113
[982669505] 0.002165
[982677552] 0.002416
[982685444] 0.002682
[982692338] 0.002603
[982699976] 0.002382
[982711215] 0.002440
[982716706] 0.002691
[982722636] 0.003166
[982730394] 0.003099
[982740352] 0.002924
[982747989] 0.002884
[982754256] 0.003289
[982762126] 0.003393
[982770775] 0.003215
[982776802] 0.003215
[982786101] 0.003279
[982792822] 0.003319
[982802030] 0.003307
[982808613] 0.003184
[982815413] 0.003236
[982823257] 0.003267
[982832380] 0.003197
[982838622] 0.003105
[982847773] 0.003365
[982854002] 0.003298
[982865378] 0.003273
[982869657] 0.003261
[982877404] 0.003322
[982885334] 0.003295
[982893994] 0.003093
[982900123] 0.003093
[982908424] 0.003099
[982915366] 0.003218
[982923007] 0.002915
[982930867] 0.003019
[982938571] 0.003044
[982946822] 0.003209
[982953775] 0.002973
[982962360] 0.002976
[982968921] 0.003227
[982976753] 0.003371
[982984484] 0.003175
[982992145] 0.002995
[982999957] 0.003132
[983010930] 0.003062
[983016755] 0.002793
[983022963] 0.002793
[983031529] 0.003135
[983040528] 0.003218
[983047459] 0.002887
[983053655] 0.003037
[983062864] 0.003279
[983071140] 0.003494
[983077213] 0.003203
[983086917] 0.003157
[983092768] 0.003338
[983102111] 0.003512
[983109190] 0.003466
[983116417] 0.003142
[983123195] 0.003178
[983132805] 0.003451
[983139055] 0.003175
[983147321] 0.002985
[983153820] 0.003151
[983166135] 0.002967
[983169895] 0.002670
[983176527] 0.002437
[983185846] 0.002447
[983193550] 0.002655
[983199815] 0.002618
[983208030] 0.002330
[983215436] 0.002039
[983223129] 0.001969
[983230946] 0.002422
[983238991] 0.002241
[983246726] 0.002241
[983254100] 0.002257
[983262233] 0.002600
[983269010] 0.003334
[983276865] 0.003503
[983284649] 0.003442
[983292326] 0.003414
[983299754] 0.003616
[983307987] 0.003745
[983315807] 0.003690
[983322979] 0.003662
[983331392] 0.003922
[983339693] 0.004127
[983347136] 0.004051
[983353572] 0.003861
[983362862] 0.003907
[983370800] 0.004440
[983376960] 0.004476
[983386005] 0.004183
[983392465] 0.004014
[983401682] 0.004130
[983408059] 0.004388
[983415686] 0.004467
[983422987] 0.004320
[983432714] 0.004323
[983438818] 0.004464
[983446376] 0.004458
[983453690] 0.004348
[983465210] 0.004345
[983469318] 0.004345
[983476898] 0.004238
[983485748] 0.004017
[983494318] 0.004232
[983500326] 0.004207
[983508675] 0.004238
[983515318] 0.004222
[983523011] 0.004219
[983530857] 0.004219
[983538820] 0.004228
[983546646] 0.004232
[983554138] 0.004232
[983563028] 0.004228
[983569069] 0.004207
[983576532] 0.004207
[983584437] 0.004198
[983592108] 0.004192
[983599749] 0.004210
[983607732] 0.004216
[983616407] 0.004232
[983622703] 0.004238
[983630352] 0.004232
[983640516] 0.004216
[983648088] 0.004210
[983654566] 0.004207
[983661925] 0.004207
[983670615] 0.004210
[983676559] 0.004207
[983685466] 0.004198
[983692244] 0.004189
[983701891] 0.004189
[983708493] 0.004201
[983715365] 0.004232
[983722919] 0.004247
[983732371] 0.004244
[983738509] 0.004244
[983746996] 0.004250
[983753627] 0.004437
[983764424] 0.004431
[983769159] 0.004195
[983776776] 0.004179
[983785753] 0.004375
[983794496] 0.003996
[983799999] 0.004014
[983808019] 0.004020
[983815901] 0.004207
[983824070] 0.003919
[983830706] 0.003938
[983838349] 0.003956
[983847336] 0.004189
[983855728] 0.004118
[983863371] 0.003971
[983869451] 0.004124
[983876861] 0.004198
[983884369] 0.004103
[983891874] 0.003867
[983899790] 0.004143
[983911115] 0.004118
[983916920] 0.003720
[983922679] 0.003717
[983930713] 0.004039
[983940592] 0.004547
[983947474] 0.004559
[983953721] 0.004299
[983963025] 0.004198
[983970926] 0.004571
[983976588] 0.004657
[983985635] 0.004421
[983992483] 0.004372
[984001867] 0.004547
[984008687] 0.004773
[984015935] 0.004773
[984022985] 0.004773
[984032076] 0.004679
[984038186] 0.004724
[984047123] 0.004660
[984053792] 0.004642
[984065696] 0.004633
[984069602] 0.004593
[984076888] 0.004712
[984085753] 0.004703
[984094362] 0.004547
[984100376] 0.004743
[984108724] 0.004789
[984115545] 0.004593
[984123434] 0.004529
[984131015] 0.004881
[984138554] 0.005150
[984147318] 0.005107
[984153653] 0.004850
[984162421] 0.004878
[984168888] 0.005511
[984176786] 0.005640
[984184537] 0.005331
[984191977] 0.005104
[984199496] 0.005254
[984207629] 0.005260
[984215927] 0.004718
[984222636] 0.004718
[984230725] 0.005021
[984240925] 0.005263
[984246958] 0.005168
[984253843] 0.004786
[984262829] 0.004807
[984271217] 0.004988
[984277440] 0.005034
[984285580] 0.004455
[984292382] 0.004017
[984301636] 0.003702
[984308489] 0.003754
[984315490] 0.004023
[984322980] 0.003947
[984332746] 0.003748
[984338618] 0.003481
[984347257] 0.003693
[984353567] 0.003821
[984365602] 0.003292
[984369620] 0.002946
[984377103] 0.002946
[984385947] 0.002998
[984394367] 0.003044
[984400363] 0.002949
[984408893] 0.002958
[984415934] 0.003010
[984423800] 0.003016
[984430760] 0.003016
[984438499] 0.003010
[984447967] 0.002995
[984454772] 0.002933
[984462543] 0.002933
[984469131] 0.002933
[984477042] 0.002924
[984484917] 0.002915
[984492373] 0.002915
[984499898] 0.002939
[984507931] 0.002952
[984515797] 0.002961
[984522650] 0.002955
[984530451] 0.002943
[984541155] 0.002946
[984546923] 0.002949
[984553895] 0.002939
[984562978] 0.002936
[984571106] 0.002897
[984577083] 0.002860
[984586236] 0.002829
[984592313] 0.002835
[984601871] 0.002838
[984608467] 0.002845
[984615623] 0.002848
[984623292] 0.002857
[984633001] 0.002866
[984639080] 0.002860
[984646754] 0.002851
[984653408] 0.002851
[984665058] 0.002851
[984669111] 0.002851
[984676757] 0.002863
[984686187] 0.002860
[984694165] 0.002854
[984699836] 0.002854
[984708339] 0.002854
[984715142] 0.002857
[984722859] 0.002860
[984730472] 0.002851
[984738137] 0.002845
[984747064] 0.002842
[984753586] 0.002854
[984762775] 0.002860
[984769070] 0.002851
[984776647] 0.002848
[984784137] 0.002851
[984791901] 0.002851
[984799605] 0.002863
[984807712] 0.002860
[984815800] 0.002854
[984823519] 0.002857
[984830694] 0.002851
[984840306] 0.002848
[984846695] 0.002848
[984853768] 0.002835
[984861892] 0.002842
[984870620] 0.002845
[984876959] 0.002842
[984886319] 0.002832
[984893081] 0.002832
[984901832] 0.002835
[984908474] 0.002848
[984915641] 0.002887
[984923276] 0.002897
[984932785] 0.002698
[984939389] 0.002878
[984947078] 0.002884
[984953584] 0.002603
[984965453] 0.002480
[984969408] 0.002456
[984977038] 0.002551
[984985809] 0.002496
[984994056] 0.002318
[984999657] 0.002407
[985007713] 0.002548
[985015380] 0.002508
[985023538] 0.002171
[985031037] 0.002342
[985038843] 0.002388
[985047584] 0.002379
[985055434] 0.002281
[985062399] 0.002303
[985069086] 0.002456
[985076661] 0.002379
[985084365] 0.002263
[985092128] 0.002241
[985099962] 0.002428
[985110685] 0.002422
[985116610] 0.002116
[985122753] 0.002150
[985130522] 0.002759
[985140256] 0.002811
[985147712] 0.002373
[985154021] 0.002192
[985163029] 0.002318
[985170941] 0.003175
[985176874] 0.003175
[985185832] 0.003166
[985192330] 0.002970
[985201882] 0.003022
[985208352] 0.003080
[985215577] 0.003105
[985223241] 0.003044
[985233052] 0.003053
[985238879] 0.003016
[985247491] 0.002995
[985254159] 0.002943
[985264649] 0.002961
[985268963] 0.003126
[985276664] 0.003120
[985285471] 0.003102
[985294333] 0.002998
[985300106] 0.003255
[985308498] 0.003252
[985315299] 0.003016
[985323114] 0.003031
[985331411] 0.003240
[985338168] 0.003916
[985347066] 0.003665
[985353704] 0.003338
[985362781] 0.003362
[985368973] 0.003962
[985376544] 0.004198
[985384233] 0.003962
[985392396] 0.003791
[985399839] 0.003849
[985411280] 0.004127
[985416596] 0.004590
[985422984] 0.004581
[985430791] 0.004247
[985440557] 0.004357
[985447014] 0.004648
[985453725] 0.005028
[985462709] 0.005018
[985470959] 0.004847
[985476953] 0.004792
[985485797] 0.005318
[985492499] 0.005738
[985501839] 0.006078
[985508289] 0.006044
[985515199] 0.005818
[985523020] 0.005882
[985532771] 0.006261
[985538719] 0.006580
[985546784] 0.006540
[985553660] 0.006399
[985565679] 0.006687
[985569667] 0.007061
[985577459] 0.007266
[985585256] 0.007174
[985594060] 0.007018
[985600157] 0.007113
[985608613] 0.007385
[985615694] 0.007618
[985623499] 0.007520
[985631131] 0.007324
[985638924] 0.007590
[985646698] 0.007906
[985653897] 0.008218
[985662711] 0.008175
[985668844] 0.007994
[985676636] 0.008010
[985684338] 0.008598
[985691931] 0.008907
[985699663] 0.009051
[985707736] 0.008959
[985716140] 0.008873
[985722691] 0.008993
[985730571] 0.009384
[985740699] 0.009384
[985746967] 0.009032
[985753447] 0.008999
[985762406] 0.009192
[985770345] 0.009590
[985776660] 0.009562
[985785758] 0.009320
[985792617] 0.009329
[985802253] 0.009467
[985808927] 0.009470
[985815842] 0.009406
[985823598] 0.009437
[985832488] 0.009559
[985838364] 0.009489
[985846940] 0.009485
[985854475] 0.009568
[985866026] 0.009629
[985869869] 0.009556
[985876566] 0.009556
[985885302] 0.009636
[985894343] 0.009525
[985900058] 0.009440
[985908124] 0.009642
[985915736] 0.009534
[985923925] 0.009314
[985930694] 0.009314
[985939036] 0.009657
[985946616] 0.009660
[985953619] 0.009326
[985962716] 0.009360
[985968851] 0.010027
[985976820] 0.010006
[985984580] 0.009908
[985991872] 0.009724
[985999557] 0.009761
[986007767] 0.009804
[986015858] 0.009835
[986022700] 0.009779
[986030829] 0.009798
[986041154] 0.009841
[986046808] 0.009838
[986053543] 0.009819
[986062255] 0.010018
[986070313] 0.009825
[986076615] 0.009813
[986084947] 0.009782
[986092218] 0.009945
[986101652] 0.009758
[986108203] 0.009727
[986115443] 0.010003
[986122898] 0.010190
[986132598] 0.010095
[986138360] 0.009933
[986147315] 0.009865
[986153799] 0.010058
[986165637] 0.009929
[986169592] 0.009550
[986177061] 0.009666
[986185595] 0.009825
[986194131] 0.009688
[986200298] 0.009666
[986208492] 0.009755
[986215416] 0.009767
[986223160] 0.009663
[986231210] 0.009715
[986238615] 0.009761
[986247135] 0.009703
[986254016] 0.009718
[986262634] 0.009740
[986268894] 0.009749
[986276488] 0.009727
[986284291] 0.009727
[986291918] 0.009730
[986299797] 0.009727
[986310892] 0.009718
[986315770] 0.009703
[986323627] 0.009694
[986331108] 0.009688
[986340956] 0.009688
[986346949] 0.009700
[986353642] 0.009697
[986362686] 0.009703
[986370306] 0.009706
[986376776] 0.009709
[986385767] 0.009703
[986392391] 0.009700
[986402562] 0.009694
[986408305] 0.009697
[986415720] 0.009697
[986423595] 0.009697
[986432957] 0.009697
[986438936] 0.009678
[986446729] 0.009669
[986453603] 0.009669
[986465312] 0.009681
[986469184] 0.009685
[986476776] 0.009685
[986485393] 0.009685
[986494306] 0.009675
[986499907] 0.009681
[986508270] 0.009691
[986515612] 0.009718
[986523404] 0.009525
[986531040] 0.009694
[986538654] 0.009678
[986550428] 0.009507
[986554595] 0.009479
[986562193] 0.009479
[986569348] 0.009623
[986576766] 0.009580
[986584331] 0.009574
[986591821] 0.009574
[986599520] 0.009617
[986610460] 0.009534
[986616497] 0.009538
[986623035] 0.009562
[986630581] 0.009565
[986640776] 0.009541
[986646877] 0.009531
[986653653] 0.009528
[986662428] 0.009531
[986670444] 0.009528
[986676684] 0.009519
[986685078] 0.009495
[986692327] 0.009476
[986701538] 0.009452
[986708125] 0.009461
[986715334] 0.009482
[986723386] 0.009482
[986733223] 0.009464
[986738743] 0.009473
[986746652] 0.009476
[986754066] 0.009482
[986766185] 0.009470
[986770580] 0.009455
[986776859] 0.009455
[986786032] 0.009446
[986793043] 0.009440
[986799530] 0.009437
[986807715] 0.009440
[986815356] 0.009449
[986823573] 0.009449
[986831087] 0.009449
[986838814] 0.009443
[986846674] 0.009440
[986854147] 0.009455
[986862333] 0.009470
[986868911] 0.009464
[986876446] 0.009446
[986884300] 0.009440
[986892034] 0.009443
[986899533] 0.009443
[986907581] 0.009440
[986915915] 0.009430
[986922835] 0.009430
[986930532] 0.009430
[986941082] 0.009443
[986946965] 0.009449
[986953787] 0.009443
[986963051] 0.009437
[986971054] 0.009443
[986977215] 0.009437
[986986294] 0.009449
[986992591] 0.009458
[987002311] 0.009461
[987009325] 0.009437
[987016411] 0.009415
[987023163] 0.009415
[987032265] 0.009369
[987038416] 0.009372
[987048415] 0.009372
[987054578] 0.009384
[987064769] 0.009378
[987069111] 0.009378
[987076950] 0.009360
[987086392] 0.009360
[987093656] 0.009360
[987100287] 0.009381
[987109226] 0.009403
[987116053] 0.009400
[987123883] 0.009384
[987130389] 0.009381
[987138346] 0.009381
[987150356] 0.009372
[987154752] 0.009372
[987162256] 0.009372
[987168914] 0.009375
[987176783] 0.009378
[987184501] 0.009381
[987192180] 0.009378
[987199632] 0.009363
[987210078] 0.009369
[987215991] 0.009369
[987222990] 0.009366
[987230580] 0.009363
[987240436] 0.009369
[987247033] 0.009366
[987254001] 0.009363
[987262777] 0.009360
[987270333] 0.009369
[987276902] 0.009363
[987285707] 0.009360
[987292499] 0.009348
[987301938] 0.009329
[987308611] 0.009326
[987315546] 0.009357
[987323236] 0.009360
[987332927] 0.009351
[987338904] 0.009351
[987347053] 0.009351
[987353864] 0.009354
[987366040] 0.009348
[987370131] 0.009326
[987377094] 0.009326
[987385472] 0.009241
[987393681] 0.009247
[987399506] 0.009250
[987408155] 0.009262
[987415624] 0.009268
[987423566] 0.009241
[987431491] 0.009241
[987438170] 0.009241
[987449993] 0.009237
[987454188] 0.009244
[987462302] 0.009253
[987468975] 0.009262
[987476443] 0.009265
[987484315] 0.009253
[987491948] 0.009250
[987499542] 0.009234
[987510121] 0.009231
[987515417] 0.009231
[987522994] 0.009228
[987530393] 0.009228
[987539912] 0.009244
[987547160] 0.009244
[987553542] 0.009234
[987562738] 0.009228
[987570911] 0.009222
[987576832] 0.009228
[987585598] 0.009237
[987591962] 0.009231
[987601559] 0.009228
[987608328] 0.009231
[987615647] 0.009234
[987623467] 0.009234
[987632176] 0.009225
[987638285] 0.009216
[987647538] 0.009213
[987653582] 0.009219
[987664586] 0.009219
[987669223] 0.009219
[987676910] 0.009216
[987686655] 0.009213
[987693743] 0.009228
[987699452] 0.009222
[987707965] 0.009219
[987715244] 0.009213
[987723176] 0.009213
[987730934] 0.009219
[987738814] 0.009216
[987746710] 0.009219
[987753679] 0.009219
[987762575] 0.009219
[987769138] 0.009216
[987776917] 0.009222
[987784663] 0.009216
[987792623] 0.009216
[987800431] 0.009213
[987813088] 0.009216
[987817488] 0.009231
[987823246] 0.009237
[987831225] 0.009231
[987840355] 0.009216
[987847730] 0.009170
[987856453] 0.009152
[987863023] 0.009152
[987871655] 0.009158
[987877020] 0.009149
[987885955] 0.009115
[987892705] 0.009106
[987902716] 0.009115
[987908729] 0.009121
[987915745] 0.009124
[987923130] 0.009121
[987932791] 0.009124
[987939627] 0.009130
[987947302] 0.009130
[987954640] 0.009121
[987964153] 0.009112
[987969279] 0.009109
[987976834] 0.009112
[987985798] 0.009118
[987993045] 0.009112
[987999882] 0.009091
[988009051] 0.009084
[988016179] 0.009087
[988023654] 0.009091
[988030703] 0.009084
[988039562] 0.009051
[988047618] 0.009032
[988054389] 0.009029
[988062471] 0.009045
[988068898] 0.009048
[988076626] 0.009042
[988085496] 0.009038
[988092364] 0.009042
[988100498] 0.009066
[988109427] 0.009069
[988115231] 0.009054
[988122864] 0.009051
[988130781] 0.009051
[988141256] 0.009048
[988147596] 0.009017
[988154671] 0.008965
[988162728] 0.008925
[988170973] 0.008879
[988176767] 0.008898
[988186551] 0.008895
[988192599] 0.008895
[988201785] 0.008898
[988208918] 0.008916
[988215916] 0.008934
[988223674] 0.008953
[988232314] 0.008959
[988239012] 0.008934
[988246633] 0.008934
[988254243] 0.008925
[988262276] 0.008904
[988269185] 0.008892
[988276941] 0.008888
[988286812] 0.008888
[988293446] 0.008861
[988299596] 0.008861
[988309096] 0.008861
[988316137] 0.008876
[988323986] 0.008904
[988330585] 0.008901
[988339609] 0.008904
[988347628] 0.008907
[988354364] 0.008907
[988362348] 0.008898
[988369236] 0.008882
[988376985] 0.008882
[988384882] 0.008873
[988392528] 0.008876
[988400288] 0.008870
[988411215] 0.008864
[988417142] 0.008864
[988423144] 0.008870
[988431140] 0.008873
[988440351] 0.008870
[988447248] 0.008873
[988454984] 0.008882
[988463087] 0.008882
[988471176] 0.008870
[988476936] 0.008870
[988486482] 0.008873
[988493003] 0.008873
[988501258] 0.008879
[988508421] 0.008867
[988515730] 0.008858
[988523043] 0.008846
[988539272] 0.008852
[988545938] 0.008864
[988550632] 0.008858
[988554967] 0.008861
[988565713] 0.008858
[988570006] 0.008858
[988577168] 0.008855
[988585876] 0.008852
[988593730] 0.008858
[988599568] 0.008858
[988608669] 0.008852
[988615933] 0.008843
[988623853] 0.008846
[988630631] 0.008846
[988639331] 0.008846
[988650628] 0.008846
[988655369] 0.008830
[988664134] 0.008827
[988669361] 0.008830
[988677027] 0.008839
[988685945] 0.008876
[988693027] 0.008882
[988700088] 0.008686
[988709834] 0.008858
[988715058] 0.008827
[988723220] 0.008827
[988731034] 0.008766
[988743263] 0.008757
[988748847] 0.008757
[988754191] 0.008708
[988762388] 0.008680
[988770546] 0.008650
[988776809] 0.008696
[988786373] 0.008686
[988792225] 0.008696
[988801678] 0.008745
[988809344] 0.008751
[988816332] 0.008745
[988822676] 0.008741
[988832919] 0.008720
[988839792] 0.008711
[988848848] 0.008708
[988854115] 0.008696
[988863767] 0.008699
[988869680] 0.008696
[988877303] 0.008699
[988932505] 0.008702
[988937448] 0.008717
[988946406] 0.008714
[988953036] 0.008708
[988959957] 0.008702
[988967681] 0.008702
[988975635] 0.008702
[988984055] 0.008705
[988990458] 0.008705
[988998197] 0.008708
[989005909] 0.008708
[989056098] 0.008714
[989060871] 0.008708
[989071326] 0.008708
[989075628] 0.008705
[989083859] 0.008705
[989091630] 0.008708
[989100615] 0.008708
[989106898] 0.008711
[989114792] 0.008711
[989122651] 0.008714
[989130695] 0.008714
[989137637] 0.008714
[989146834] 0.008714
[989153120] 0.008711
[989163186] 0.008711
[989168372] 0.008711
[989176435] 0.008708
[989183795] 0.008708
[989241319] 0.008708
[989250281] 0.008714
[989255452] 0.008711
[989263501] 0.008711
[989269284] 0.008711
[989276588] 0.008711
[989284290] 0.008711
[989291993] 0.008711
[989299633] 0.008702
[989309304] 0.008696
[989315311] 0.008686
[989323107] 0.008689
[989341413] 0.008702
[989347321] 0.008766
[989354147] 0.008601
[989362198] 0.008781
[989370324] 0.008595
[989376487] 0.008585
[989385753] 0.008754
[989392235] 0.008576
[989401548] 0.008754
[989408554] 0.008751
[989415922] 0.008570
[989422816] 0.008748
[989432516] 0.008552
[989438788] 0.008735
[989446870] 0.008738
[989453901] 0.008564
[989463770] 0.008760
[989469551] 0.008588
[989476899] 0.008588
[989485823] 0.008766
[989492728] 0.008585
[989499683] 0.008754
[989508220] 0.008751
[989515238] 0.008567
[989522950] 0.008751
[989531203] 0.008573
[989538559] 0.008567
[989547286] 0.008751
[989553647] 0.008573
[989563727] 0.008754
[989568981] 0.008576
[989576801] 0.008573
[989586598] 0.008751
[989592303] 0.008567
[989600302] 0.008757
[989607044] 0.008766
[989615104] 0.008555
[989622917] 0.008763
[989631074] 0.008573
[989642295] 0.008601
[989648811] 0.008751
[989653279] 0.008564
[989661950] 0.008748
[989670246] 0.008454
[989676245] 0.008472
[989685281] 0.008683
[989692862] 0.008582
[989700851] 0.008696
[989707951] 0.008567
[989715731] 0.008448
[989723146] 0.008466
[989734659] 0.008634
[989739384] 0.008426
[989747456] 0.008319
[989753745] 0.008506
[989766922] 0.008521
[989771591] 0.008497
[989776261] 0.008445
[989786255] 0.008396
[989793027] 0.008438
[989799507] 0.008570
[989809928] 0.008466
[989815609] 0.008573
[989823663] 0.008549
[989830416] 0.008347
[989839176] 0.008466
[989847741] 0.008503
[989855096] 0.008386
[989863406] 0.008340
[989869038] 0.008512
[989878890] 0.008316
[989885648] 0.008493
[989892363] 0.008576
[989900603] 0.008441
[989909003] 0.008616
[989915050] 0.008310
[989923505] 0.008325
[989930386] 0.008521
[989941442] 0.008337
[989948237] 0.008506
[989954029] 0.008564
[989962761] 0.008383
[989971660] 0.008497
[989976270] 0.008273
[989985929] 0.008402
[989991862] 0.008402
[990001315] 0.008402
[990008298] 0.008435
[990015569] 0.008353
[990022450] 0.008377
[990033213] 0.008383
[990038650] 0.008319
[990047870] 0.008319
[990053675] 0.008319
[990066370] 0.008264
[990073363] 0.008230
[990077312] 0.008215
[990085589] 0.008221
[990093179] 0.008233
[990099372] 0.008261
[990108503] 0.008261
[990115499] 0.008255
[990123422] 0.008245
[990130779] 0.008224
[990138231] 0.008218
[990147396] 0.008224
[990154376] 0.008236
[990162492] 0.008242
[990169259] 0.008252
[990176970] 0.008249
[990185638] 0.008242
[990192784] 0.008242
[990199357] 0.008242
[990252639] 0.008249
[990256928] 0.008239
[990264797] 0.008242
[990321058] 0.008242
[990325617] 0.008245
[990334107] 0.008249
[990341166] 0.008249
[990350805] 0.008249
[990356324] 0.008249
[990364129] 0.008249
[990372255] 0.008245
[990379177] 0.008245
[990386864] 0.008249
[990394690] 0.008249
[990402558] 0.008249
[990410446] 0.008249
[990419673] 0.008249
[990425302] 0.008249
[990440285] 0.008249
[990445662] 0.008249
[990451717] 0.008249
[990455998] 0.008249
[990463469] 0.008249
[990471254] 0.008249
[990481642] 0.008249
[990487359] 0.008249
[990494995] 0.008249
[990549053] 0.008249
[990554343] 0.008252
[990561395] 0.008252
[990571555] 0.008252
[990576426] 0.008252
[990584237] 0.008252
[990591910] 0.008252
[990601719] 0.008252
[990607739] 0.008432
[990615531] 0.008242
[990622418] 0.008236
[990632542] 0.008426
[990637994] 0.008249
[990647855] 0.008438
[990653555] 0.008438
[990663081] 0.008258
[990669180] 0.008426
[990676456] 0.008242
[990686546] 0.008420
[990693079] 0.008420
[990699468] 0.008242
[990707219] 0.008426
[990715219] 0.008245
[990723073] 0.008239
[990730673] 0.008417
[990738411] 0.008230
[990746342] 0.008411
[990753424] 0.008414
[990762447] 0.008236
[990768622] 0.008417
[990776423] 0.008236
[990783942] 0.008414
[990791827] 0.008408
[990799712] 0.008221
[990810389] 0.008399
[990816131] 0.008215
[990822553] 0.008215
[990830428] 0.008399
[990840129] 0.008218
[990847152] 0.008399
[990853835] 0.008215
[990861550] 0.008212
[990870175] 0.008396
[990876154] 0.008224
[990885190] 0.008429
[990891901] 0.008365
[990901206] 0.008095
[990907879] 0.008294
[990915105] 0.008359
[990922672] 0.008249
[990932498] 0.008405
[990938259] 0.008319
[990947299] 0.008209
[990954029] 0.008267
[990963934] 0.008374
[990968655] 0.008362
[990976193] 0.008046
[990984724] 0.008138
[990993628] 0.008157
[990999295] 0.008239
[991007898] 0.008028
[991015002] 0.008187
[991023035] 0.008203
[991030695] 0.008083
[991037764] 0.008092
[991046925] 0.008193
[991054812] 0.008200
[991062104] 0.008224
[991068544] 0.008074
[991076159] 0.008227
[991084126] 0.008046
[991091596] 0.008065
[991099279] 0.008236
[991107323] 0.008120
[991115726] 0.008460
[991122292] 0.008163
[991130045] 0.008267
[991139715] 0.008301
[991147370] 0.008120
[991153635] 0.008288
[991161591] 0.008077
[991170202] 0.008141
[991176291] 0.008307
[991185120] 0.008059
[991192047] 0.008190
[991201866] 0.008304
[991208381] 0.008331
[991215390] 0.008331
[991223056] 0.008258
[991232929] 0.008224
[991237683] 0.008227
[991246849] 0.008288
[991253028] 0.008432
[991265523] 0.008270
[991269884] 0.008258
[991276439] 0.008276
[991285158] 0.008301
[991294017] 0.008224
[991299925] 0.008307
[991308632] 0.008457
[991315777] 0.008059
[991323620] 0.008224
[991330221] 0.008236
[991338708] 0.008451
[991346586] 0.008325
[991353206] 0.008203
[991362249] 0.008353
[991368746] 0.008518
[991376515] 0.008745
[991384557] 0.008451
[991392104] 0.008255
[991399930] 0.008337
[991410219] 0.008601
[991416220] 0.009057
[991422311] 0.009048
[991430122] 0.008772
[991439904] 0.008763
[991446762] 0.008892
[991453558] 0.008916
[991462446] 0.008821
[991470212] 0.008827
[991476147] 0.008873
[991484603] 0.008870
[991491834] 0.008830
[991501111] 0.008843
[991507424] 0.008843
[991514897] 0.008824
[991523245] 0.008821
[991532224] 0.009005
[991538435] 0.009002
[991546337] 0.008809
[991553166] 0.008999
[991564919] 0.009045
[991568910] 0.009045
[991576505] 0.008818
[991585126] 0.009136
[991593240] 0.009140
[991599105] 0.008665
[991607529] 0.008445
[991615098] 0.008445
[991622950] 0.008536
[991630733] 0.008555
[991638680] 0.008539
[991646473] 0.008472
[991653159] 0.008435
[991662578] 0.008380
[991668909] 0.008359
[991676647] 0.008383
[991684331] 0.008429
[991691925] 0.008429
[991699507] 0.008432
[991711002] 0.008445
[991716056] 0.008438
[991722864] 0.008441
[991730543] 0.008429
[991740289] 0.008429
[991746577] 0.008411
[991753091] 0.008414
[991762268] 0.008417
[991770123] 0.008405
[991776368] 0.008396
[991784738] 0.008386
[991791716] 0.008389
[991801352] 0.008389
[991808125] 0.008399
[991815170] 0.008405
[991822773] 0.008417
[991832354] 0.008420
[991838156] 0.008417
[991846832] 0.008402
[991853397] 0.008389
[991864096] 0.008377
[991868456] 0.008380
[991876521] 0.008386
[991884918] 0.008380
[991893510] 0.008380
[991899687] 0.008386
[991907863] 0.008386
[991914899] 0.008399
[991922566] 0.008405
[991930141] 0.008392
[991937968] 0.008392
[991949422] 0.008389
[991953609] 0.008383
[991961830] 0.008371
[991968545] 0.008374
[991976395] 0.008368
[991983950] 0.008377
[991991473] 0.008389
[991999225] 0.008399
[992009951] 0.008402
[992015328] 0.008402
[992023080] 0.008396
[992030554] 0.008386
[992041267] 0.008386
[992046761] 0.008386
[992053157] 0.008383
[992113255] 0.008371
[992117132] 0.008380
[992125103] 0.008380
[992133007] 0.008380
[992141482] 0.008380
[992148533] 0.008377
[992156281] 0.008371
[992164119] 0.008368
[992171661] 0.008368
[992179352] 0.008368
[992188880] 0.008368
[992194740] 0.008368
[992202555] 0.008368
[992210184] 0.008371
[992219551] 0.008371
[992225648] 0.008374
[992233371] 0.008374
[992241110] 0.008374
[992250148] 0.008374
[992256053] 0.008371
[992263943] 0.008368
[992271429] 0.008368
[992280575] 0.008368
[992286385] 0.008368
[992294394] 0.008368
[992302189] 0.008368
[992312090] 0.008368
[992318304] 0.008371
[992325109] 0.008371
[992332647] 0.008371
[992342847] 0.008371
[992348854] 0.008371
[992357079] 0.008371
[992363890] 0.008371
[992373439] 0.008368
[992379290] 0.008368
[992432218] 0.008368
[992436571] 0.008371
[992445112] 0.008371
[992452232] 0.008371
[992463286] 0.008371
[992467433] 0.008368
[992475272] 0.008368
[992483665] 0.008368
[992540736] 0.008371
[992545924] 0.008383
[992553652] 0.008386
[992561718] 0.008383
[992568644] 0.008374
[992576682] 0.008365
[992583724] 0.008365
[992591046] 0.008365
[992598763] 0.008362
[992610015] 0.008362
[992615601] 0.008359
[992621766] 0.008350
[992629488] 0.008347
[992639098] 0.008347
[992646919] 0.008353
[992653056] 0.008353
[992660853] 0.008362
[992669647] 0.008368
[992675478] 0.008362
[992684051] 0.008362
[992690966] 0.008359
[992700214] 0.008353
[992706735] 0.008353
[992714898] 0.008350
[992722322] 0.008350
[992732477] 0.008353
[992737417] 0.008350
[992746711] 0.008353
[992753034] 0.008353
[992765046] 0.008356
[992769273] 0.008356
[992775984] 0.008356
[992784345] 0.008356
[992792769] 0.008359
[992798881] 0.008350
[992807048] 0.008350
[992814764] 0.008343
[992822547] 0.008343
[992830205] 0.008350
[992837817] 0.008353
[992846758] 0.008350
[992853451] 0.008353
[992860765] 0.008347
[992867972] 0.008350
[992875757] 0.008343
[992883309] 0.008353
[992891059] 0.008353
[992898935] 0.008347
[992906734] 0.008347
[992915091] 0.008340
[992922225] 0.008334
[992929990] 0.008331
[992939522] 0.008334
[992946946] 0.008334
[992953256] 0.008334
[992961272] 0.008337
[992969797] 0.008337
[992975518] 0.008334
[992983794] 0.008334
[992991316] 0.008334
[993001127] 0.008334
[993007584] 0.008334
[993014562] 0.008328
[993022402] 0.008331
[993031376] 0.008334
[993037208] 0.008325
[993046855] 0.008331
[993053131] 0.008331
[993064715] 0.008328
[993068698] 0.008328
[993076059] 0.008325
[993085187] 0.008325
[993092752] 0.008328
[993098485] 0.008328
[993106623] 0.008313
[993114696] 0.008319
[993122760] 0.008319
[993129445] 0.008316
[993137128] 0.008319
[993146062] 0.008313
[993154320] 0.008316
[993161763] 0.008310
[993168231] 0.008310
[993176104] 0.008310
[993183520] 0.008310
[993190874] 0.008307
[993198578] 0.008310
[993206834] 0.008294
[993214844] 0.008288
[993221837] 0.008285
[993229553] 0.008282
[993239010] 0.008279
[993246189] 0.008282
[993252873] 0.008288
[993261789] 0.008285
[993269781] 0.008276
[993275666] 0.008276
[993283941] 0.008279
[993291474] 0.008276
[993300912] 0.008273
[993307538] 0.008270
[993314349] 0.008270
[993322108] 0.008270
[993331089] 0.008273
[993337071] 0.008267
[993346183] 0.008261
[993352910] 0.008255
[993363916] 0.008227
[993368141] 0.008227
[993376121] 0.008230
[993384740] 0.008227
[993393089] 0.008224
[993398955] 0.008230
[993407212] 0.008224
[993414880] 0.008221
[993423029] 0.008221
[993429438] 0.008218
[993436995] 0.008218
[993446597] 0.008209
[993452832] 0.008212
[993461816] 0.008209
[993467821] 0.008203
[993475650] 0.008206
[993483584] 0.008209
[993491246] 0.008206
[993498900] 0.008203
[993506775] 0.008203
[993515117] 0.008203
[993521643] 0.008197
[993529608] 0.008200
[993538918] 0.008206
[993546434] 0.008197
[993552975] 0.008187
[993562221] 0.008187
[993570406] 0.008181
[993576448] 0.008178
[993584187] 0.008190
[993591338] 0.008184
[993600895] 0.008178
[993607831] 0.008178
[993615244] 0.008175
[993621780] 0.008175
[993631286] 0.008172
[993636998] 0.008172
[993646201] 0.008166
[993652789] 0.008169
[993663889] 0.008169
[993668179] 0.008163
[993675996] 0.008157
[993684451] 0.008157
[993693273] 0.008157
[993699177] 0.008154
[993707577] 0.008154
[993714728] 0.008154
[993722749] 0.008154
[993729435] 0.008154
[993738359] 0.008151
[993746366] 0.008148
[993752721] 0.008144
[993761841] 0.008120
[993768197] 0.008099
[993776067] 0.008062
[993783565] 0.008062
[993790990] 0.008071
[993799090] 0.008065
[993810134] 0.008053
[993815725] 0.008034
[993821609] 0.008031
[993829332] 0.008040
[993839151] 0.008053
[993846017] 0.008046
[993852890] 0.008028
[993862376] 0.008010
[993870058] 0.008010
[993876123] 0.008019
[993885383] 0.008013
[993891698] 0.008013
[993901506] 0.007997
[993907222] 0.007997
[993914557] 0.008001
[993922650] 0.008007
[993931656] 0.008007
[993937275] 0.007997
[993946434] 0.007991
[993952842] 0.007994
[993965101] 0.007970
[993969042] 0.007967
[993975597] 0.007970
[993984917] 0.007973
[993993159] 0.007967
[993999124] 0.007973
[994007975] 0.007976
[994015089] 0.007976
[994022966] 0.007967
[994029424] 0.007970
[994037306] 0.007967
[994046608] 0.007970
[994053302] 0.007976
[994062309] 0.007973
[994068313] 0.007973
[994076043] 0.007948
[994084064] 0.007942
[994091306] 0.007942
[994098865] 0.007930
[994110322] 0.007924
[994115509] 0.007927
[994121761] 0.007927
[994130093] 0.007927
[994138902] 0.007927
[994146564] 0.007930
[994152838] 0.007930
[994162227] 0.007930
[994170259] 0.007927
[994176166] 0.007933
[994184934] 0.007927
[994191610] 0.007924
[994200900] 0.007927
[994207904] 0.007924
[994214858] 0.007918
[994221654] 0.007909
[994231310] 0.007912
[994237451] 0.007912
[994246801] 0.007903
[994252929] 0.007900
[994264741] 0.007909
[994268788] 0.007909
[994276096] 0.007912
[994285050] 0.007912
[994293517] 0.007896
[994299271] 0.007900
[994307129] 0.007900
[994314734] 0.007903
[994322792] 0.007893
[994329360] 0.007900
[994337274] 0.007896
[994346398] 0.007896
[994353172] 0.007890
[994362622] 0.007887
[994368752] 0.007890
[994376184] 0.007893
[994383737] 0.007887
[994391530] 0.007890
[994399382] 0.007887
[994409746] 0.007881
[994415547] 0.007887
[994422032] 0.007893
[994429499] 0.007881
[994438721] 0.007881
[994446265] 0.007884
[994453407] 0.007884
[994461348] 0.007881
[994469951] 0.007881
[994475959] 0.007875
[994484056] 0.007875
[994491368] 0.007878
[994500473] 0.007878
[994507269] 0.007872
[994514540] 0.007875
[994522339] 0.007878
[994531326] 0.007881
[994537587] 0.007881
[994546362] 0.007869
[994552532] 0.007869
[994564617] 0.007866
[994568814] 0.007866
[994575705] 0.007860
[994584494] 0.007866
[994592627] 0.007860
[994598587] 0.007860
[994606913] 0.007838
[994614826] 0.007823
[994622843] 0.007826
[994629465] 0.007841
[994637386] 0.007838
[994646653] 0.007835
[994654040] 0.007802
[994661085] 0.007798
[994668245] 0.007802
[994675898] 0.007808
[994684044] 0.007798
[994691738] 0.007798
[994699545] 0.007798
[994710422] 0.007792
[994715912] 0.007786
[994721757] 0.007780
[994729295] 0.007786
[994738766] 0.007786
[994746413] 0.007783
[994752545] 0.007780
[994762131] 0.007780
[994770079] 0.007780
[994776095] 0.007783
[994784756] 0.007780
[994791402] 0.007780
[994800634] 0.007780
[994807158] 0.007783
[994814765] 0.007780
[994822394] 0.007777
[994832086] 0.007774
[994838029] 0.007774
[994846360] 0.007765
[994853184] 0.007746
[994864716] 0.007753
[994868710] 0.007753
[994876345] 0.007756
[994884082] 0.007749
[994893288] 0.007725
[994898979] 0.007688
[994907095] 0.007694
[994914456] 0.007710
[994922151] 0.007710
[994929838] 0.007691
[994937529] 0.007688
[994946225] 0.007685
[994953277] 0.007688
[994961217] 0.007688
[994968341] 0.007682
[994976140] 0.007667
[994983908] 0.007667
[994991404] 0.007667
[994999571] 0.007661
[995010517] 0.007652
[995015942] 0.007606
[995021765] 0.007587
[995029568] 0.007596
[995039418] 0.007615
[995045999] 0.007627
[995052911] 0.007630
[995061808] 0.007621
[995070013] 0.007624
[995075868] 0.007615
[995084661] 0.007596
[995091599] 0.007596
[995100642] 0.007584
[995107075] 0.007584
[995114520] 0.007584
[995122416] 0.007584
[995131542] 0.007578
[995137261] 0.007566
[995146771] 0.007563
[995152962] 0.007563
[995164217] 0.007572
[995168608] 0.007581
[995176371] 0.007587
[995184269] 0.007584
[995193000] 0.007581
[995198829] 0.007566
[995206950] 0.007554
[995214791] 0.007554
[995222915] 0.007557
[995229503] 0.007554
[995237343] 0.007550
[995246638] 0.007554
[995253141] 0.007547
[995262149] 0.007557
[995268624] 0.007563
[995276177] 0.007560
[995283912] 0.007550
[995291534] 0.007547
[995299392] 0.007560
[995310431] 0.007560
[995316156] 0.007560
[995322095] 0.007554
[995330036] 0.007523
[995340319] 0.007501
[995346176] 0.007501
[995352773] 0.007505
[995362524] 0.007505
[995370627] 0.007498
[995375547] 0.007505
[995383933] 0.007505
[995391193] 0.007511
[995401549] 0.007505
[995407221] 0.007508
[995414549] 0.007505
[995422071] 0.007508
[995431008] 0.007501
[995437069] 0.007495
[995446652] 0.007495
[995453137] 0.007495
[995463747] 0.007495
[995467987] 0.007492
[995475971] 0.007489
[995485010] 0.007495
[995492686] 0.007492
[995498832] 0.007492
[995507347] 0.007495
[995514366] 0.007498
[995521915] 0.007495
[995529735] 0.007489
[995537327] 0.007492
[995546088] 0.007495
[995553775] 0.007489
[995560983] 0.007489
[995568310] 0.007489
[995575739] 0.007489
[995583780] 0.007495
[995591490] 0.007492
[995598885] 0.007492
[995610159] 0.007483
[995615781] 0.007489
[995622023] 0.007492
[995629864] 0.007489
[995639926] 0.007486
[995645861] 0.007480
[995652918] 0.007477
[995661746] 0.007483
[995669524] 0.007489
[995675614] 0.007483
[995684505] 0.007465
[995691495] 0.007456
[995701067] 0.007459
[995707455] 0.007459
[995714195] 0.007456
[995722366] 0.007449
[995731828] 0.007453
[995737888] 0.007456
[995745853] 0.007449
[995752654] 0.007449
[995764649] 0.007453
[995768645] 0.007453
[995776316] 0.007453
[995784174] 0.007453
[995792814] 0.007446
[995798539] 0.007449
[995806884] 0.007443
[995814944] 0.007449
[995822997] 0.007449
[995829593] 0.007443
[995837031] 0.007443
[995845504] 0.007443
[995855388] 0.007440
[995861088] 0.007437
[995867925] 0.007437
[995875456] 0.007437
[995883780] 0.007437
[995891378] 0.007437
[995899124] 0.007434
[995906830] 0.007434
[995914900] 0.007434
[995921877] 0.007434
[995930034] 0.007431
[995940601] 0.007434
[995945842] 0.007431
[995952473] 0.007431
[995961561] 0.007428
[995969462] 0.007431
[995975596] 0.007428
[995984740] 0.007431
[995991404] 0.007431
[996001219] 0.007422
[996007817] 0.007410
[996014786] 0.007397
[996022082] 0.007400
[996031794] 0.007397
[996037838] 0.007394
[996045881] 0.007391
[996052610] 0.007382
[996064353] 0.007385
[996068435] 0.007385
[996075971] 0.007385
[996084820] 0.007370
[996093472] 0.007361
[996099292] 0.007330
[996107654] 0.007324
[996114591] 0.007327
[996122557] 0.007327
[996130140] 0.007330
[996138332] 0.007330
[996145672] 0.007327
[996153154] 0.007321
[996161070] 0.007315
[996168283] 0.007318
[996175837] 0.007318
[996183716] 0.007318
[996191386] 0.007318
[996198756] 0.007312
[996206830] 0.007312
[996215316] 0.007309
[996222418] 0.007302
[996230431] 0.007290
[996239771] 0.007290
[996245896] 0.007287
[996252808] 0.007290
[996261664] 0.007293
[996269632] 0.007287
[996275790] 0.007287
[996284672] 0.007284
[996291734] 0.007287
[996300585] 0.007287
[996307220] 0.007284
[996314868] 0.007284
[996322471] 0.007284
[996332259] 0.007284
[996338564] 0.007284
[996346665] 0.007272
[996352990] 0.007272
[996365221] 0.007281
[996369304] 0.007278
[996375787] 0.007278
[996385074] 0.007269
[996393206] 0.007269
[996399001] 0.007257
[996407980] 0.007238
[996414919] 0.007235
[996423029] 0.007235
[996429727] 0.007232
[996437306] 0.007232
[996446207] 0.007232
[996453433] 0.007217
[996461137] 0.007217
[996468226] 0.007223
[996475877] 0.007229
[996483969] 0.007229
[996491675] 0.007201
[996499246] 0.007195
[996510400] 0.007189
[996515787] 0.007192
[996521911] 0.007186
[996529609] 0.007165
[996539736] 0.007156
[996545860] 0.007159
[996552603] 0.007156
[996561946] 0.007156
[996569637] 0.007149
[996575819] 0.007156
[996585048] 0.007159
[996591687] 0.007159
[996600239] 0.007159
[996607150] 0.007152
[996614576] 0.007134
[996622207] 0.007137
[996632197] 0.007137
[996638127] 0.007137
[996645803] 0.007116
[996652617] 0.007116
[996664676] 0.007107
[996668703] 0.007113
[996676503] 0.007113
[996684324] 0.007113
[996692439] 0.007116
[996698904] 0.007110
[996707540] 0.007100
[996714639] 0.007100
[996722566] 0.007091
[996729459] 0.007082
[996737191] 0.007088
[996746151] 0.007088
[996752504] 0.007082
[996761787] 0.007079
[996768241] 0.007079
[996775802] 0.007082
[996783416] 0.007082
[996791039] 0.007079
[996798659] 0.007085
[996806868] 0.007085
[996815046] 0.007097
[996821615] 0.007091
[996829915] 0.007073
[996839859] 0.007073
[996845877] 0.007070
[996852563] 0.007073
[996861302] 0.007073
[996869530] 0.007076
[996875692] 0.007070
[996884103] 0.007073
[996891355] 0.007073
[996900861] 0.007073
[996907475] 0.007070
[996914537] 0.007076
[996922276] 0.007076
[996932041] 0.007076
[996938098] 0.007073
[996945821] 0.007070
[996952779] 0.007070
[996965063] 0.007067
[996969172] 0.007067
[996975976] 0.007064
[996984471] 0.007064
[996993196] 0.007064
[996999170] 0.007067
[997007325] 0.007067
[997014890] 0.007067
[997022901] 0.007067
[997030431] 0.007067
[997038101] 0.007070
[997046704] 0.007067
[997054124] 0.007067
[997061422] 0.007067
[997068119] 0.007067
[997076085] 0.007061
[997083901] 0.007051
[997091388] 0.007048
[997099074] 0.007054
[997110255] 0.007051
[997115673] 0.007042
[997121718] 0.007048
[997129352] 0.007048
[997139097] 0.007045
[997146698] 0.007045
[997152973] 0.007048
[997161253] 0.007048
[997169470] 0.007048
[997175496] 0.007048
[997183805] 0.007045
[997191225] 0.007045
[997201015] 0.007042
[997207706] 0.007033
[997214726] 0.007009
[997221964] 0.007009
[997231479] 0.007015
[997237361] 0.007018
[997246072] 0.007018
[997252675] 0.007005
[997264442] 0.006987
[997268520] 0.006987
[997276056] 0.006993
[997284546] 0.006990
[997293357] 0.006990
[997299101] 0.006990
[997307598] 0.006987
[997314751] 0.006978
[997322487] 0.006975
[997330096] 0.006978
[997337656] 0.006975
[997349101] 0.006975
[997353141] 0.006972
[997361088] 0.006972
[997368125] 0.006972
[997375588] 0.006972
[997383181] 0.006975
[997390797] 0.006966
[997398490] 0.006966
[997406842] 0.006969
[997415312] 0.006969
[997422065] 0.006963
[997429706] 0.006966
[997440068] 0.006963
[997445995] 0.006950
[997452585] 0.006950
[997462259] 0.006953
[997469885] 0.006953
[997475711] 0.006944
[997484710] 0.006947
[997491597] 0.006947
[997501029] 0.006953
[997507885] 0.006953
[997514563] 0.006944
[997522595] 0.006947
[997532211] 0.006944
[997538479] 0.006944
[997545755] 0.006935
[997552808] 0.006941
[997563474] 0.006935
[997568397] 0.006935
[997576100] 0.006938
[997585100] 0.006938
[997593140] 0.006938
[997598655] 0.006932
[997606722] 0.006923
[997614444] 0.006904
[997622547] 0.006901
[997630346] 0.006908
[997636905] 0.006908
[997646023] 0.006911
[997652777] 0.006889
[997661351] 0.006877
[997668125] 0.006883
[997676046] 0.006892
[997683349] 0.006892
[997691073] 0.006883
[997698823] 0.006859
[997709695] 0.006846
[997715037] 0.006846
[997722229] 0.006846
[997729857] 0.006837
[997740192] 0.006831
[997746012] 0.006816
[997752774] 0.006819
[997762017] 0.006822
[997770102] 0.006819
[997776275] 0.006822
[997784565] 0.006825
[997791336] 0.006822
[997800746] 0.006810
[997807250] 0.006806
[997814578] 0.006785
[997822406] 0.006785
[997831589] 0.006785
[997837636] 0.006788
[997846809] 0.006785
[997853045] 0.006761
[997863754] 0.006751
[997868134] 0.006754
[997875808] 0.006770
[997884604] 0.006767
[997892499] 0.006764
[997898555] 0.006754
[997907234] 0.006754
[997914593] 0.006748
[997922431] 0.006748
[997930453] 0.006742
[997936982] 0.006742
[997945786] 0.006742
[997952771] 0.006742
[997962032] 0.006742
[997968236] 0.006739
[997975492] 0.006742
[997983159] 0.006748
[997990930] 0.006748
[997998579] 0.006739
[998006668] 0.006742
[998015065] 0.006736
[998021897] 0.006736
[998029478] 0.006724
[998038804] 0.006718
[998046454] 0.006718
[998052651] 0.006715
[998061847] 0.006718
[998069963] 0.006712
[998075943] 0.006715
[998084835] 0.006718
[998091247] 0.006718
[998100546] 0.006718
[998106814] 0.006718
[998114757] 0.006718
[998122432] 0.006715
[998132364] 0.006708
[998137452] 0.006712
[998145792] 0.006705
[998152491] 0.006702
[998164237] 0.006702
[998168270] 0.006702
[998175814] 0.006702
[998184308] 0.006702
[998192816] 0.006702
[998198702] 0.006702
[998207009] 0.006699
[998214749] 0.006699
[998222759] 0.006705
[998229932] 0.006693
[998237607] 0.006690
[998245346] 0.006693
[998254539] 0.006690
[998261816] 0.006690
[998267976] 0.006693
[998275750] 0.006693
[998283739] 0.006690
[998291584] 0.006690
[998299134] 0.006690
[998310094] 0.006687
[998315715] 0.006684
[998322498] 0.006687
[998329903] 0.006684
[998340572] 0.006681
[998346045] 0.006678
[998352699] 0.006678
[998361856] 0.006672
[998369564] 0.006675
[998375603] 0.006672
[998384957] 0.006669
[998391235] 0.006669
[998401035] 0.006669
[998407556] 0.006669
[998414380] 0.006672
[998422266] 0.006669
[998431864] 0.006669
[998437750] 0.006669
[998447179] 0.006650
[998453039] 0.006650
[998464890] 0.006650
[998468926] 0.006653
[998476049] 0.006650
[998484845] 0.006653
[998492651] 0.006650
[998498811] 0.006650
[998507255] 0.006644
[998514274] 0.006641
[998522104] 0.006641
[998529692] 0.006644
[998537475] 0.006644
[998548660] 0.006632
[998552711] 0.006626
[998561854] 0.006620
[998568203] 0.006623
[998576106] 0.006620
[998583953] 0.006620
[998591555] 0.006617
[998599014] 0.006601
[998609308] 0.006598
[998615277] 0.006604
[998621651] 0.006604
[998629433] 0.006601
[998639452] 0.006601
[998647018] 0.006601
[998653034] 0.006601
[998661003] 0.006595
[998669579] 0.006595
[998675727] 0.006583
[998683952] 0.006583
[998691405] 0.006583
[998700635] 0.006577
[998707082] 0.006565
[998714559] 0.006537
[998722121] 0.006534
[998731431] 0.006549
[998737359] 0.006546
[998746267] 0.006537
[998752518] 0.006531
[998764317] 0.006531
[998768664] 0.006531
[998776656] 0.006522
[998784370] 0.006519
[998791936] 0.006522
[998798821] 0.006516
[998807708] 0.006506
[998814671] 0.006470
[998822683] 0.006454
[998829453] 0.006457
[998837420] 0.006460
[998846383] 0.006464
[998853965] 0.006454
[998860842] 0.006442
[998868311] 0.006448
[998875917] 0.006451
[998883556] 0.006451
[998891399] 0.006442
[998898863] 0.006439
[998910278] 0.006439
[998915546] 0.006445
[998922091] 0.006445
[998929702] 0.006430
[998940518] 0.006421
[998945873] 0.006424
[998952893] 0.006424
[998962016] 0.006427
[998969740] 0.006418
[998975832] 0.006418
[998984613] 0.006418
[998991050] 0.006418
[999000335] 0.006412
[999007218] 0.006405
[999014640] 0.006396
[999022373] 0.006402
[999032226] 0.006405
[999037551] 0.006402
[999045758] 0.006399
[999052552] 0.006396
[999064233] 0.006408
[999068371] 0.006408
[999076425] 0.006405
[999084555] 0.006402
[999092254] 0.006375
[999098585] 0.006375
[999107596] 0.006347
[999114445] 0.006356
[999122443] 0.006356
[999130206] 0.006341
[999138463] 0.006326
[999145672] 0.006320
[999152945] 0.006317
[999161834] 0.006314
[999168141] 0.006307
[999175999] 0.006301
[999183798] 0.006310
[999191555] 0.006317
[999198995] 0.006326
[999209036] 0.006314
[999215212] 0.006289
[999222078] 0.006292
[999229999] 0.006298
[999239624] 0.006307
[999245624] 0.006310
[999252609] 0.006310
[999261597] 0.006301
[999269474] 0.006298
[999275878] 0.006280
[999284103] 0.006280
[999291132] 0.006277
[999300777] 0.006274
[999307145] 0.006274
[999314937] 0.006274
[999322029] 0.006268
[999331521] 0.006274
[999337745] 0.006280
[999345988] 0.006274
[999352558] 0.006274
[999364802] 0.006280
[999369014] 0.006280
[999375901] 0.006283
[999384933] 0.006286
[999392468] 0.006280
[999398601] 0.006265
[999406694] 0.006265
[999414665] 0.006265
[999422660] 0.006268
[999429618] 0.006261
[999437130] 0.006268
[999445898] 0.006271
[999452768] 0.006268
[999461929] 0.006268
[999467992] 0.006265
[999475769] 0.006261
[999483735] 0.006268
[999491437] 0.006268
[999499005] 0.006265
[999509644] 0.006268
[999515747] 0.006265
[999521566] 0.006261
[999529417] 0.006252
[999539745] 0.006252
[999546337] 0.006258
[999552573] 0.006258
[999561467] 0.006258
[999569633] 0.006258
[999575804] 0.006252
[999584611] 0.006258
[999591600] 0.006255
[999601607] 0.006252
[999606864] 0.006252
[999614804] 0.006258
[999622146] 0.006258
[999631727] 0.006255
[999637927] 0.006255
[999646171] 0.006255
[999652744] 0.006255
[999664879] 0.006255
[999669033] 0.006255
[999675529] 0.006252
[999684696] 0.006255
[999693519] 0.006255
[999699496] 0.006252
[999707357] 0.006255
[999714902] 0.006255
[999723430] 0.006255
[999729709] 0.006255
[999738015] 0.006255
[999746422] 0.006255
[999752911] 0.006255
[999762631] 0.006255
[999768533] 0.006255
[999775698] 0.006255
[999783205] 0.006255
[999791032] 0.006255
[999798695] 0.006255
[999809180] 0.006255
[999815237] 0.006255
[999822110] 0.006255
[999830028] 0.006252
[999840117] 0.006252
[999846059] 0.006252
[999852757] 0.006252
[999862222] 0.006249
[999870181] 0.006249
[999876202] 0.006249
[999885911] 0.006249
[999891430] 0.006249
[999901023] 0.006249
[999907918] 0.006249
[999915098] 0.006249
[999922077] 0.006249
[999931933] 0.006246
[999937974] 0.006246
[999946047] 0.006249
[999952536] 0.006246
[999964553] 0.006246
[999968566] 0.006243
[999975778] 0.006243
[999984504] 0.006243
[999993020] 0.006240
[999998880] 0.006240
[1000007233] 0.006240
[1000014306] 0.006237
[1000022164] 0.006237
[1000030073] 0.006234
[1000038304] 0.006234
[1000045626] 0.006237
[1000052668] 0.006237
[1000062176] 0.006234
[1000068629] 0.006234
[1000075834] 0.006234
[1000083258] 0.006234
[1000091017] 0.006231
[1000098714] 0.006234
[1000109330] 0.006231
[1000114906] 0.006231
[1000122715] 0.006231
[1000129818] 0.006228
[1000140396] 0.006228
[1000146180] 0.006225
[1000152815] 0.006228
[1000162119] 0.006228
[1000170364] 0.006225
[1000176244] 0.006225
[1000184430] 0.006225
[1000191488] 0.006228
[1000200109] 0.006222
[1000207116] 0.006222
[1000214514] 0.006222
[1000222005] 0.006222
[1000231443] 0.006222
[1000237556] 0.006219
[1000246524] 0.006219
[1000252606] 0.006219
[1000264772] 0.006219
[1000268622] 0.006216
[1000276146] 0.006216
[1000285521] 0.006219
[1000292198] 0.006219
[1000298517] 0.006216
[1000307107] 0.006216
[1000314266] 0.006216
[1000322575] 0.006212
[1000329776] 0.006212
[1000338586] 0.006212
[1000346331] 0.006212
[1000352562] 0.006212
[1000409107] 0.006212
[1000413803] 0.006209
[1000422055] 0.006209
[1000428896] 0.006206
[1000440167] 0.006206
[1000445607] 0.006206
[1000451840] 0.006206
[1000459492] 0.006206
[1000468982] 0.006206
[1000475298] 0.006206
[1000482898] 0.006206
[1000490603] 0.006203
[1000500108] 0.006203
[1000506114] 0.006203
[1000513987] 0.006203
[1000520718] 0.006203
[1000530211] 0.006203
[1000536173] 0.006203
[1000545500] 0.006200
[1000551572] 0.006200
[1000561031] 0.006200
[1000567099] 0.006200
[1000575431] 0.006200
[1000583135] 0.006200
[1000592205] 0.006200
[1000598006] 0.006200
[1000605818] 0.006200
[1000613292] 0.006200
[1000622700] 0.006197
[1000628566] 0.006197
[1000636415] 0.006197
[1000645749] 0.006197
[1000651664] 0.006197
[1000659407] 0.006197
[1000667215] 0.006197
[1000674876] 0.006197
[1000682700] 0.006197
[1000690772] 0.006197
[1000698574] 0.006194
[1000751587] 0.006194
[1000755709] 0.006194
[1000763366] 0.006194
[1000771980] 0.006194
[1000779272] 0.006194
[1000787129] 0.006194
[1000841278] 0.006194
[1000846848] 0.006188
[1000853242] 0.006185
[1000864225] 0.006182
[1000868359] 0.006182
[1000876080] 0.006188
[1000886241] 0.006185
[1000892617] 0.006185
[1000899372] 0.006185
[1000908886] 0.006185
[1000915953] 0.006185
[1000922467] 0.006185
[1000930264] 0.006185
[1000938216] 0.006185
[1000949193] 0.006182
[1000953204] 0.006185
[1000963069] 0.006185
[1000969027] 0.006179
[1000978638] 0.006182
[1000983870] 0.006182
[1000992252] 0.006179
[1001000111] 0.006182
[1001009914] 0.006179
[1001015425] 0.006182
[1001023155] 0.006182
[1001030663] 0.006179
[1001040623] 0.006182
[1001046977] 0.006179
[1001053279] 0.006179
[1001062768] 0.006182
[1001070477] 0.006179
[1001076690] 0.006182
[1001084240] 0.006176
[1001092563] 0.006176
[1001101124] 0.006179
[1001108794] 0.006176
[1001115510] 0.006176
[1001123094] 0.006173
[1001132288] 0.006173
[1001140637] 0.006170
[1001145789] 0.006173
[1001153698] 0.006170
[1001164048] 0.006170
[1001168589] 0.006170
[1001177098] 0.006167
[1001185018] 0.006170
[1001193601] 0.006164
[1001199617] 0.006164
[1001209053] 0.006164
[1001215452] 0.006164
[1001223093] 0.006164
[1001230344] 0.006157
[1001238576] 0.006160
[1001248948] 0.006160
[1001253102] 0.006157
[1001262706] 0.006154
[1001268607] 0.006157
[1001278142] 0.006154
[1001284155] 0.006151
[1001292469] 0.006151
[1001299668] 0.006157
[1001311694] 0.006154
[1001316138] 0.006151
[1001322691] 0.006151
[1001330395] 0.006148
[1001341434] 0.006148
[1001347224] 0.006148
[1001353210] 0.006148
[1001361373] 0.006148
[1001370884] 0.006151
[1001376832] 0.006142
[1001384725] 0.006148
[1001391723] 0.006145
[1001401680] 0.006124
[1001408291] 0.006124
[1001415409] 0.006118
[1001422784] 0.006115
[1001432527] 0.006121
[1001439251] 0.006118
[1001446596] 0.006121
[1001453179] 0.006118
[1001463734] 0.006115
[1001468430] 0.006115
[1001475958] 0.006115
[1001485695] 0.006111
[1001492489] 0.006115
[1001500214] 0.006115
[1001508026] 0.006108
[1001515089] 0.006096
[1001523296] 0.006099
[1001530161] 0.006096
[1001539263] 0.006093
[1001548895] 0.006093
[1001553218] 0.006093
[1001561828] 0.006093
[1001568437] 0.006093
[1001578879] 0.006090
[1001583886] 0.006087
[1001591941] 0.006084
[1001599966] 0.006087
[1001611881] 0.006084
[1001616196] 0.006084
[1001622539] 0.006084
[1001631060] 0.006081
[1001640920] 0.006078
[1001647037] 0.006078
[1001653150] 0.006078
[1001662650] 0.006078
[1001670260] 0.006075
[1001676276] 0.006075
[1001685883] 0.006075
[1001692109] 0.006078
[1001701964] 0.006075
[1001707469] 0.006075
[1001715147] 0.006072
[1001722748] 0.006072
[1001732930] 0.006069
[1001738923] 0.006069
[1001747024] 0.006062
[1001753027] 0.006062
[1001765051] 0.006066
[1001769322] 0.006062
[1001776662] 0.006062
[1001785122] 0.006069
[1001793230] 0.006066
[1001799365] 0.006069
[1001808639] 0.006066
[1001815668] 0.006062
[1001822303] 0.006062
[1001830111] 0.006059
[1001837804] 0.006059
[1001849801] 0.006056
[1001854776] 0.006053
[1001862370] 0.006053
[1001868299] 0.006053
[1001875952] 0.006056
[1001883774] 0.006056
[1001891375] 0.006053
[1001899498] 0.006053
[1001911227] 0.006053
[1001915844] 0.006053
[1001922828] 0.006053
[1001930811] 0.006050
[1001941376] 0.006050
[1001947062] 0.006050
[1001953097] 0.006047
[1001962436] 0.006047
[1001970267] 0.006047
[1001976033] 0.006047
[1001985046] 0.006047
[1001991521] 0.006047
[1002001782] 0.006047
[1002007812] 0.006047
[1002015162] 0.006047
[1002022813] 0.006047
[1002031885] 0.006044
[1002039498] 0.006044
[1002046570] 0.006044
[1002053125] 0.006041
[1002063225] 0.006041
[1002069458] 0.006041
[1002075914] 0.006041
[1002085320] 0.006041
[1002091993] 0.006041
[1002099873] 0.006038
[1002107459] 0.006038
[1002114593] 0.006038
[1002122854] 0.006038
[1002130566] 0.006035
[1002138002] 0.006035
[1002146313] 0.006032
[1002154435] 0.006032
[1002162987] 0.006032
[1002169286] 0.006029
[1002178485] 0.006029
[1002184320] 0.006029
[1002192118] 0.006029
[1002200144] 0.006026
[1002211281] 0.006026
[1002215903] 0.006026
[1002222678] 0.006023
[1002230536] 0.006023
[1002242323] 0.006020
[1002247449] 0.006020
[1002253320] 0.006017
[1002261440] 0.006017
[1002271532] 0.006013
[1002276394] 0.006013
[1002285722] 0.006010
[1002292349] 0.006010
[1002300893] 0.006007
[1002307563] 0.006007
[1002315341] 0.006007
[1002323223] 0.006004
[1002332387] 0.006004
[1002339004] 0.006001
[1002346482] 0.006001
[1002353258] 0.005998
[1002363715] 0.005995
[1002368414] 0.005998
[1002376105] 0.005995
[1002385362] 0.005992
[1002392332] 0.005992
[1002400463] 0.005989
[1002408254] 0.005989
[1002415265] 0.005986
[1002423098] 0.005986
[1002430329] 0.005983
[1002438673] 0.005983
[1002446033] 0.005980
[1002453911] 0.005980
[1002461992] 0.005977
[1002468476] 0.005977
[1002477763] 0.005974
[1002484112] 0.005971
[1002491792] 0.005971
[1002499594] 0.005968
[1002511772] 0.005968
[1002516430] 0.005964
[1002522459] 0.005961
[1002530589] 0.005961
[1002541995] 0.005958
[1002546952] 0.005958
[1002553384] 0.005955
[1002563105] 0.005955
[1002570429] 0.005952
[1002576512] 0.005949
[1002584773] 0.005946
[1002592300] 0.005946
[1002602332] 0.005943
[1002608768] 0.005940
[1002615683] 0.005940
[1002622323] 0.005937
[1002632377] 0.005934
[1002638670] 0.005934
[1002646285] 0.005931
[1002653376] 0.005928
[1002663842] 0.005928
[1002668499] 0.005925
[1002676243] 0.005922
[1002684886] 0.005922
[1002692989] 0.005919
[1002699349] 0.005915
[1002708968] 0.005912
[1002715641] 0.005909
[1002722371] 0.005909
[1002730253] 0.005906
[1002738235] 0.005906
[1002746030] 0.005903
[1002776699] 0.005897
[1002780884] 0.005888
[1002788833] 0.005885
[1002796662] 0.005882
[1002804870] 0.005882
[1002814806] 0.005879
[1002819486] 0.005876
[1002827272] 0.005876
[1002883752] 0.005873
