[975015515] 0.000003
[975023153] 0.000003
[975032438] 0.000000
[975039470] 0.000000
[975046651] 0.000000
[975053945] 0.000003
[975063737] 0.000003
[975068617] 0.000003
[975076503] 0.000003
[975084485] 0.000000
[975094118] 0.000000
[975100121] 0.000000
[975108313] 0.000003
[975114903] 0.000003
[975124505] 0.000003
[975135038] 0.000003
[975140819] 0.000000
[975146115] 0.000000
[975153989] 0.000000
[975161763] 0.000000
[975168678] 0.000003
[975176612] 0.000003
[975184685] 0.000003
[975192325] 0.000003
[975199958] 0.000000
[975207595] 0.000000
[975215684] 0.000000
[975222484] 0.000000
[975234367] 0.000003
[975243628] 0.000003
[975248362] 0.000003
[975254469] 0.000000
[975261462] 0.000000
[975271492] 0.000000
[975276410] 0.000000
[975284677] 0.000003
[975292600] 0.000003
[975301468] 0.000003
[975307490] 0.000003
[975315498] 0.000000
[975322870] 0.000000
[975332461] 0.000000
[975338658] 0.000000
[975346812] 0.000000
[975353409] 0.000003
[975363296] 0.000003
[975369320] 0.000003
[975376963] 0.000003
[975384467] 0.000000
[975394330] 0.000000
[975400107] 0.000000
[975407682] 0.000000
[975415048] 0.000003
[975472173] 0.000003
[975476495] 0.000000
[975485530] 0.000003
[975491923] 0.000003
[975500177] 0.000003
[975508140] 0.000003
[975516471] 0.000000
[975522610] 0.000000
[975530304] 0.000000
[975540427] 0.000000
[975546081] 0.000003
[975554663] 0.000003
[975563416] 0.000003
[975570433] 0.000003
[975576922] 0.000003
[975587973] 0.000000
[975592536] 0.000000
[975601606] 0.000000
[975608981] 0.000000
[975616537] 0.000000
[975622643] 0.000000
[975632296] 0.000000
[975639250] 0.000003
[975647151] 0.000003
[975654436] 0.000003
[975662637] 0.000003
[975668490] 0.000003
[975676583] 0.000003
[975686245] 0.000000
[975694649] 0.000000
[975699756] 0.000000
[975708199] 0.000000
[975716731] 0.000000
[975724630] 0.000000
[975730814] 0.000000
[975737958] 0.000003
[975746907] 0.000003
[975754586] 0.000003
[975763525] 0.000003
[975769087] 0.000003
[975777046] 0.000003
[975784836] 0.000000
[975791733] 0.000000
[975799556] 0.000000
[975815734] 0.000000
[975819828] 0.000000
[975824144] 0.000000
[975840353] 0.000000
[975850533] 0.000003
[975854863] 0.000003
[975863940] 0.000003
[975871752] 0.000000
[975877975] 0.000000
[975887358] 0.000003
[975893693] 0.000003
[975904356] 0.000003
[975909951] 0.000000
[975917421] 0.000000
[975923896] 0.000000
[975934275] 0.000000
[975939470] 0.000000
[975948778] 0.000000
[975956530] 0.000000
[975964541] 0.000000
[975970633] 0.000003
[975978983] 0.000003
[975987896] 0.000003
[975994680] 0.000003
[976001025] 0.000003
[976010276] 0.000003
[976017927] 0.000000
[976026563] 0.000000
[976043758] 0.000000
[976050620] 0.000000
[976056692] 0.000000
[976064664] 0.000000
[976071072] 0.000000
[976081455] 0.000003
[976086638] 0.000003
[976094619] 0.000003
[976102539] 0.000003
[976114944] 0.000003
[976119496] 0.000000
[976125585] 0.000000
[976133841] 0.000000
[976143033] 0.000000
[976149558] 0.000000
[976158008] 0.000000
[976164887] 0.000000
[976173904] 0.000000
[976178977] 0.000003
[976188088] 0.000003
[976194144] 0.000003
[976204136] 0.000003
[976212796] 0.000003
[976217771] 0.000003
[976225382] 0.000003
[976235302] 0.000003
[976241051] 0.000003
[976249817] 0.000000
[976256626] 0.000000
[976267258] 0.000000
[976271331] 0.000000
[976279182] 0.000000
[976288185] 0.000000
[976295361] 0.000000
[976301888] 0.000000
[976311003] 0.000003
[976318291] 0.000003
[976325032] 0.000003
[976333262] 0.000003
[976340395] 0.000003
[976351893] 0.000000
[976357855] 0.000000
[976364628] 0.000000
[976371160] 0.000000
[976380999] 0.000003
[976389326] 0.000000
[976394415] 0.000000
[976402271] 0.000000
[976411140] 0.000003
[976417273] 0.000003
[976425089] 0.000000
[976433143] 0.000000
[976443221] 0.000003
[976448879] 0.000003
[976456973] 0.000000
[976464940] 0.000000
[976472614] 0.000000
[976478444] 0.000003
[976488375] 0.000000
[976494599] 0.000000
[976504429] 0.000003
[976510202] 0.000003
[976517767] 0.000003
[976525503] 0.000003
[976533622] 0.000003
[976540257] 0.000000
[976550075] 0.000000
[976556782] 0.000000
[976564896] 0.000003
[976571192] 0.000003
[976578957] 0.000000
[976587954] -0.000003
[976594708] 0.000000
[976601895] 0.000003
[976610779] 0.000000
[976619993] 0.000000
[976625255] 0.000000
[976633382] 0.000000
[976640321] 0.000003
[976653073] 0.000000
[976658465] 0.000000
[976664643] 0.000000
[976671144] 0.000000
[976680742] 0.000000
[976691310] 0.000000
[976695777] 0.000000
[976701896] 0.000000
[976711433] 0.000003
[976717510] 0.000003
[976725581] 0.000003
[976732975] 0.000003
[976745953] 0.000000
[976752078] 0.000000
[976756346] 0.000000
[976764442] 0.000000
[976772946] 0.000000
[976778780] 0.000000
[976787174] 0.000000
[976794471] 0.000000
[976804289] 0.000003
[976813112] 0.000003
[976817638] 0.000003
[976825794] 0.000003
[976833848] 0.000003
[976840383] 0.000003
[976848866] 0.000003
[976857272] 0.000000
[976864765] 0.000000
[976871415] 0.000000
[976879564] 0.000000
[976887369] 0.000000
[976894399] 0.000000
[976902171] 0.000000
[976911753] 0.000000
[976917731] 0.000000
[976924867] 0.000003
[976933411] 0.000003
[976940487] 0.000000
[976952320] -0.000003
[976957188] 0.000000
[976964422] 0.000000
[976971075] 0.000000
[976980436] 0.000000
[976989015] -0.000003
[976994632] 0.000000
[977002363] 0.000003
[977011906] 0.000003
[977017507] 0.000000
[977025420] 0.000000
[977033095] 0.000000
[977042164] 0.000000
[977050370] 0.000000
[977056026] 0.000000
[977064236] 0.000000
[977073367] 0.000000
[977079162] 0.000000
[977087621] 0.000000
[977094107] 0.000000
[977103718] 0.000000
[977111972] 0.000000
[977117248] 0.000000
[977125065] 0.000000
[977134746] 0.000000
[977141374] 0.000000
[977148599] 0.000000
[977157162] 0.000000
[977168056] 0.000000
[977172168] 0.000000
[977178771] 0.000000
[977187464] 0.000000
[977194561] 0.000000
[977202154] 0.000000
[977211284] 0.000000
[977218075] 0.000000
[977224892] 0.000000
[977233096] 0.000000
[977240388] 0.000000
[977252708] 0.000000
[977257768] 0.000000
[977264612] 0.000000
[977271226] 0.000000
[977281249] 0.000000
[977288735] 0.000000
[977294595] 0.000000
[977302414] 0.000000
[977311108] 0.000003
[977317293] 0.000000
[977325194] -0.000003
[977333409] 0.000000
[977342020] 0.000003
[977349824] 0.000000
[977358345] 0.000000
[977364941] 0.000000
[977373028] 0.000000
[977378998] 0.000000
[977387898] 0.000000
[977394493] 0.000000
[977404498] 0.000003
[977412876] 0.000000
[977417621] 0.000000
[977424843] 0.000000
[977434086] 0.000003
[977440551] 0.000000
[977449277] 0.000000
[977457820] 0.000000
[977465600] 0.000000
[977472422] 0.000000
[977478720] 0.000000
[977487743] 0.000003
[977494832] 0.000003
[977502041] 0.000000
[977511085] 0.000000
[977517879] 0.000000
[977525460] 0.000003
[977532570] 0.000003
[977541639] 0.000000
[977551936] 0.000000
[977557170] 0.000000
[977564850] 0.000000
[977570900] 0.000000
[977580844] 0.000000
[977586617] 0.000000
[977594348] 0.000003
[977602082] 0.000003
[977615552] 0.000003
[977619579] 0.000000
[977625564] 0.000000
[977633905] 0.000000
[977642094] 0.000000
[977650392] 0.000000
[977656287] 0.000000
[977665114] 0.000000
[977673342] 0.000000
[977679464] 0.000000
[977687925] 0.000000
[977694038] 0.000000
[977703817] 0.000000
[977712113] 0.000003
[977717340] 0.000003
[977724774] 0.000003
[977734540] 0.000003
[977741079] 0.000003
[977749290] 0.000003
[977756422] 0.000003
[977764256] 0.000000
[977771869] 0.000000
[977779531] 0.000000
[977787523] 0.000000
[977885054] 0.000000
[977889498] 0.000000
[977898247] 0.000000
[977904941] 0.000000
[977913554] 0.000000
[977920298] 0.000000
[977928104] 0.000000
[977937032] 0.000000
[977946311] 0.000003
[977951133] 0.000003
[977959337] 0.000003
[977967394] 0.000000
[977974131] 0.000000
[977982091] 0.000000
[977989636] 0.000000
[977997425] 0.000000
[978004804] 0.000000
[978012752] 0.000000
[978020488] 0.000000
[978040802] 0.000000
[978046074] 0.000000
[978052858] 0.000000
[978108821] 0.000000
[978113044] 0.000000
[978123380] 0.000000
[978129516] 0.000000
[978137120] 0.000000
[978187855] 0.000000
[978192092] 0.000003
[978200092] 0.000003
[978210276] 0.000003
[978217731] 0.000003
[978223920] 0.000003
[978230693] 0.000000
[978241261] 0.000000
[978246281] 0.000000
[978255388] 0.000000
[978263602] -0.000003
[978270557] -0.000003
[978276903] 0.000000
[978287459] 0.000003
[978292656] 0.000003
[978301430] 0.000003
[978307955] 0.000003
[978316460] 0.000006
[978323149] 0.000006
[978333202] 0.000003
[978338394] 0.000003
[978347369] 0.000003
[978355112] 0.000000
[978363197] 0.000000
[978369276] 0.000000
[978377158] 0.000000
[978386129] 0.000000
[978395335] 0.000003
[978399719] 0.000003
[978408278] 0.000003
[978416345] 0.000003
[978424631] 0.000003
[978430580] 0.000003
[978439235] 0.000003
[978447825] 0.000003
[978456202] 0.000003
[978462563] 0.000003
[978469723] 0.000003
[978477076] 0.000003
[978485809] 0.000000
[978493635] 0.000000
[978499864] 0.000000
[978507910] 0.000000
[978516200] 0.000000
[978523245] 0.000000
[978531760] 0.000000
[978540548] 0.000000
[978547506] 0.000000
[978554025] 0.000000
[978564068] 0.000003
[978570704] 0.000003
[978577133] 0.000003
[978585522] 0.000003
[978593210] 0.000003
[978601730] 0.000003
[978608801] 0.000003
[978616831] 0.000003
[978623047] 0.000003
[978633293] 0.000003
[978638892] 0.000000
[978647297] 0.000000
[978655283] 0.000000
[978662274] 0.000000
[978669606] 0.000000
[978676722] -0.000003
[978686623] 0.000000
[978695319] 0.000003
[978700113] 0.000000
[978708844] 0.000000
[978716648] 0.000006
[978723586] 0.000009
[978730547] 0.000009
[978739493] 0.000006
[978747456] 0.000003
[978757033] 0.000003
[978762421] 0.000003
[978769313] -0.000003
[978777097] 0.000000
[978786203] 0.000000
[978792882] 0.000000
[978799575] 0.000000
[978807693] 0.000003
[978815466] 0.000003
[978823342] 0.000003
[978831374] 0.000006
[978840097] 0.000006
[978846653] 0.000003
[978855104] 0.000003
[978863157] 0.000003
[978871921] 0.000003
[978876792] 0.000003
[978887110] 0.000000
[978892302] 0.000000
[978902789] 0.000003
[978912895] 0.000003
[978917332] 0.000003
[978923348] 0.000003
[978932874] 0.000006
[978939241] 0.000003
[978946401] 0.000003
[978954438] 0.000003
[978964336] 0.000003
[978969483] 0.000003
[978977688] 0.000003
[978985392] 0.000003
[978994436] 0.000003
[979000483] 0.000003
[979008100] 0.000003
[979016105] 0.000003
[979024313] 0.000003
[979031057] 0.000003
[979039472] 0.000003
[979047766] 0.000003
[979055293] 0.000003
[979062312] 0.000003
[979069091] 0.000003
[979077234] 0.000003
[979085885] 0.000003
[979092799] 0.000003
[979100846] 0.000006
[979107653] 0.000006
[979115223] 0.000006
[979123650] 0.000003
[979130629] 0.000003
[979140714] 0.000003
[979147219] 0.000003
[979154537] 0.000003
[979162412] 0.000000
[979170823] 0.000003
[979177256] 0.000003
[979185830] 0.000003
[979192775] 0.000003
[979202452] 0.000003
[979209211] 0.000006
[979216504] 0.000003
[979223123] 0.000003
[979232698] 0.000003
[979239067] 0.000003
[979247138] 0.000003
[979254621] 0.000003
[979263380] 0.000003
[979269394] 0.000003
[979276671] 0.000003
[979286885] 0.000003
[979295247] 0.000003
[979300284] 0.000003
[979308736] 0.000003
[979316092] 0.000003
[979324347] 0.000003
[979330657] 0.000003
[979339585] 0.000003
[979347506] 0.000003
[979353890] 0.000000
[979362454] 0.000003
[979369065] 0.000003
[979376968] 0.000003
[979385550] 0.000003
[979393080] 0.000003
[979400105] 0.000003
[979407976] 0.000003
[979415838] 0.000006
[979422955] 0.000003
[979431040] 0.000003
[979441699] 0.000003
[979447229] 0.000003
[979453774] 0.000003
[979462995] 0.000003
[979471068] 0.000003
[979476954] 0.000003
[979486157] 0.000003
[979492055] 0.000003
[979501638] 0.000003
[979508306] 0.000003
[979515543] 0.000003
[979523103] 0.000003
[979532729] 0.000003
[979538558] 0.000003
[979547822] 0.000003
[979554037] 0.000003
[979564938] 0.000003
[979569192] 0.000003
[979577014] 0.000003
[979586490] 0.000003
[979593733] 0.000003
[979600215] 0.000003
[979608954] 0.000003
[979615926] 0.000003
[979623682] 0.000003
[979630547] 0.000003
[979638827] 0.000003
[979646769] 0.000003
[979654518] 0.000003
[979662194] 0.000003
[979669269] 0.000003
[979677186] 0.000003
[979684629] 0.000003
[979692219] 0.000003
[979700398] 0.000003
[979711146] 0.000003
[979716824] 0.000003
[979723079] 0.000003
[979731064] 0.000003
[979741623] 0.000003
[979747109] 0.000003
[979753489] 0.000003
[979763060] 0.000003
[979771237] 0.000003
[979777208] 0.000003
[979786452] 0.000003
[979793038] 0.000003
[979801165] 0.000003
[979807979] 0.000003
[979815607] 0.000003
[979823398] 0.000003
[979833275] 0.000003
[979838540] 0.000003
[979847525] 0.000003
[979854070] 0.000003
[979864839] 0.000003
[979869218] 0.000003
[979877188] 0.000003
[979886249] 0.000003
[979894048] 0.000006
[979899970] 0.000006
[979908339] 0.000003
[979915580] 0.000000
[979923249] 0.000000
[979931238] 0.000003
[979938969] 0.000003
[979946656] 0.000003
[979954461] 0.000003
[979962050] 0.000003
[979968789] 0.000003
[979976664] 0.000006
[979984478] 0.000006
[979992224] 0.000003
[979999919] 0.000003
[980010874] 0.000003
[980016171] 0.000006
[980022835] 0.000003
[980030677] 0.000000
[980040633] 0.000000
[980047061] 0.000003
[980053742] 0.000003
[980062868] 0.000003
[980070982] 0.000003
[980077175] 0.000003
[980085191] 0.000003
[980092279] 0.000003
[980101963] 0.000003
[980108838] 0.000003
[980116110] 0.000003
[980123276] 0.000003
[980133803] 0.000003
[980138504] 0.000003
[980147917] 0.000003
[980153902] 0.000003
[980165816] 0.000003
[980170101] 0.000003
[980176697] 0.000003
[980186435] 0.000003
[980193745] 0.000003
[980199535] 0.000003
[980207700] 0.000003
[980215517] 0.000003
[980223511] 0.000003
[980230797] 0.000003
[980239344] 0.000003
[980247125] 0.000000
[980253486] 0.000003
[980262532] 0.000003
[980268827] 0.000000
[980276487] -0.000003
[980284146] 0.000000
[980291992] 0.000000
[980299659] 0.000003
[980307986] 0.000003
[980315864] 0.000003
[980322593] 0.000003
[980331167] 0.000003
[980341242] 0.000003
[980346909] 0.000003
[980353821] 0.000003
[980363238] 0.000003
[980371224] 0.000000
[980377227] 0.000000
[980386977] 0.000003
[980393201] 0.000003
[980401067] 0.000003
[980408367] 0.000003
[980415862] 0.000003
[980423056] 0.000003
[980433085] 0.000003
[980439567] 0.000003
[980447182] 0.000003
[980453504] 0.000003
[980465110] 0.000000
[980469209] 0.000000
[980476883] -0.000003
[980486571] 0.000000
[980494065] 0.000003
[980499810] 0.000003
[980508715] 0.000003
[980515762] 0.000000
[980523510] 0.000003
[980531191] 0.000003
[980539799] 0.000003
[980546727] 0.000003
[980554239] 0.000003
[980562493] 0.000003
[980568998] 0.000003
[980576566] 0.000003
[980584594] 0.000003
[980592503] 0.000000
[980600096] 0.000000
[980610748] 0.000003
[980616352] 0.000003
[980622595] 0.000003
[980630719] 0.000000
[980641425] 0.000000
[980646878] 0.000003
[980653829] 0.000003
[980663152] 0.000003
[980671395] 0.000000
[980677158] 0.000003
[980686100] 0.000003
[980692715] 0.000003
[980701027] 0.000003
[980708495] 0.000003
[980715588] 0.000003
[980723696] 0.000003
[980733153] 0.000003
[980738025] 0.000003
[980747674] 0.000000
[980753770] 0.000003
[980766091] 0.000003
[980770402] 0.000000
[980776723] 0.000000
[980785886] 0.000003
[980794515] 0.000003
[980800163] 0.000003
[980808335] 0.000003
[980815431] 0.000003
[980823305] 0.000003
[980831235] 0.000003
[980838743] 0.000003
[980847230] 0.000003
[980854713] 0.000000
[980861979] 0.000000
[980868911] 0.000003
[980877450] 0.000003
[980885212] 0.000003
[980891895] 0.000000
[980899665] -0.000003
[980911400] -0.000003
[980916897] 0.000000
[980922904] 0.000003
[980930750] 0.000000
[980940867] 0.000000
[980947174] 0.000000
[980953807] 0.000000
[980962969] 0.000003
[980970613] 0.000003
[980976619] 0.000003
[980985484] 0.000003
[980992506] 0.000003
[981002401] 0.000003
[981009142] 0.000003
[981016122] 0.000003
[981022984] 0.000003
[981032093] 0.000003
[981038452] 0.000003
[981047525] 0.000000
[981053668] 0.000003
[981065947] 0.000000
[981070128] 0.000000
[981076590] 0.000000
[981086239] 0.000000
[981094686] 0.000003
[981099658] 0.000003
[981108175] 0.000003
[981115456] 0.000000
[981123231] 0.000000
[981131235] 0.000003
[981138136] 0.000003
[981147176] 0.000003
[981153683] 0.000003
[981162490] 0.000000
[981169161] 0.000000
[981177344] 0.000000
[981185020] 0.000000
[981192645] 0.000003
[981200326] 0.000000
[981211150] 0.000000
[981216776] 0.000000
[981222630] 0.000003
[981230464] 0.000000
[981242026] -0.000003
[981247447] -0.000006
[981253675] -0.000003
[981263033] 0.000003
[981270733] 0.000000
[981276676] -0.000003
[981286339] -0.000003
[981293225] 0.000000
[981301244] 0.000003
[981307997] -0.000003
[981315265] -0.000003
[981322801] -0.000003
[981332620] 0.000003
[981338951] 0.000003
[981347178] 0.000000
[981353834] 0.000000
[981366154] 0.000003
[981370276] 0.000003
[981376579] 0.000003
[981385960] -0.000003
[981393569] 0.000003
[981399620] 0.000000
[981408358] 0.000003
[981415426] 0.000000
[981423148] 0.000000
[981431246] 0.000000
[981438563] 0.000000
[981448194] 0.000000
[981454800] 0.000000
[981462155] 0.000000
[981468997] 0.000003
[981477289] 0.000003
[981485280] 0.000003
[981492119] 0.000003
[981499513] 0.000000
[981508133] 0.000000
[981516342] 0.000000
[981522992] 0.000000
[981530727] 0.000000
[981540224] 0.000000
[981547633] 0.000000
[981554033] 0.000000
[981562069] 0.000000
[981571132] 0.000000
[981576999] 0.000000
[981586742] 0.000003
[981592536] 0.000003
[981601926] 0.000003
[981608654] 0.000003
[981615431] 0.000003
[981623200] 0.000003
[981633163] 0.000003
[981638435] 0.000003
[981647148] 0.000000
[981653856] 0.000000
[981665589] 0.000000
[981669513] 0.000000
[981677276] 0.000000
[981686246] 0.000000
[981693815] 0.000000
[981699701] 0.000003
[981708817] 0.000003
[981715763] 0.000000
[981723554] 0.000000
[981730339] 0.000003
[981738057] 0.000003
[981747202] 0.000003
[981753901] 0.000000
[981762730] 0.000000
[981769027] 0.000003
[981776996] 0.000003
[981784808] 0.000000
[981792303] 0.000000
[981799828] 0.000000
[981810766] 0.000000
[981816616] 0.000003
[981822697] 0.000003
[981830396] 0.000003
[981841088] 0.000003
[981846980] 0.000003
[981854157] 0.000000
[981861788] 0.000000
[981870838] 0.000000
[981877253] 0.000000
[981886884] 0.000003
[981892328] 0.000003
[981901573] 0.000000
[981907821] 0.000000
[981915525] 0.000003
[981923246] 0.000003
[981932906] 0.000003
[981938897] 0.000000
[981946692] -0.000003
[981953992] -0.000003
[981964883] 0.000000
[981968966] 0.000000
[981976964] 0.000003
[981986206] 0.000000
[981994017] -0.000003
[981999798] 0.000003
[982007888] 0.000003
[982015289] 0.000000
[982023012] -0.000003
[982031042] 0.000000
[982038638] 0.000003
[982046969] 0.000003
[982054129] 0.000000
[982062359] -0.000003
[982069375] -0.000003
[982077377] 0.000000
[982085285] 0.000003
[982092834] 0.000000
[982100325] -0.000003
[982108355] -0.000003
[982116826] 0.000000
[982123153] 0.000003
[982131100] -0.000003
[982140563] -0.000003
[982148482] -0.000003
[982153873] -0.000003
[982162338] 0.000003
[982170895] 0.000000
[982176780] -0.000003
[982186041] 0.000000
[982193263] 0.000000
[982201114] 0.000003
[982207923] 0.000003
[982215765] -0.000003
[982223595] -0.000003
[982233506] 0.000003
[982238308] 0.000003
[982247820] 0.000000
[982253742] 0.000000
[982266138] 0.000003
[982270239] 0.000003
[982276721] 0.000003
[982285791] 0.000003
[982294550] 0.000003
[982300272] 0.000003
[982308635] 0.000003
[982315721] 0.000003
[982323833] 0.000000
[982330520] 0.000003
[982338091] 0.000000
[982347533] 0.000000
[982354085] 0.000000
[982362424] 0.000003
[982368976] 0.000000
[982376785] 0.000000
[982384460] 0.000003
[982392629] 0.000003
[982400093] 0.000000
[982411225] 0.000000
[982416518] 0.000003
[982422803] 0.000003
[982430405] 0.000003
[982440479] 0.000000
[982447216] -0.000003
[982453776] 0.000000
[982462024] 0.000003
[982470568] -0.000003
[982477080] -0.000003
[982485769] 0.000003
[982492752] 0.000003
[982501383] 0.000000
[982507923] 0.000003
[982515288] 0.000000
[982523257] 0.000000
[982533232] 0.000003
[982537959] 0.000003
[982546530] 0.000003
[982553844] 0.000003
[982566276] 0.000000
[982570081] 0.000003
[982576509] 0.000000
[982585457] 0.000000
[982594043] 0.000000
[982600084] 0.000000
[982608789] 0.000000
[982615602] 0.000003
[982623705] 0.000003
[982630991] 0.000003
[982638371] 0.000003
[982647458] 0.000003
[982654074] 0.000000
[982662240] 0.000000
[982669487] -0.000003
[982677534] 0.000000
[982685427] 0.000003
[982692320] -0.000003
[982699943] -0.000003
[982711199] -0.000003
[982716691] 0.000000
[982722621] 0.000000
[982730379] 0.000003
[982740335] -0.000003
[982747971] -0.000003
[982754238] 0.000003
[982762110] 0.000003
[982770744] 0.000000
[982776787] 0.000000
[982786085] -0.000003
[982792807] 0.000000
[982802015] 0.000003
[982808595] 0.000000
[982815396] -0.000003
[982823240] -0.000003
[982832362] 0.000003
[982838607] 0.000003
[982847757] 0.000000
[982853988] 0.000003
[982865361] 0.000003
[982869640] 0.000003
[982877387] 0.000003
[982885319] 0.000003
[982893976] 0.000003
[982900105] 0.000003
[982908409] 0.000003
[982915351] 0.000000
[982922991] 0.000000
[982930850] -0.000003
[982938556] -0.000003
[982946807] 0.000003
[982953760] -0.000003
[982962343] -0.000003
[982968904] 0.000003
[982976738] 0.000003
[982984468] 0.000000
[982992130] 0.000000
[982999940] -0.000003
[983010915] -0.000003
[983016737] -0.000003
[983022946] -0.000003
[983031512] 0.000003
[983040512] 0.000003
[983047442] 0.000003
[983053640] 0.000000
[983062847] 0.000000
[983071122] 0.000000
[983077195] 0.000000
[983086900] 0.000003
[983092751] 0.000003
[983102096] 0.000003
[983109173] 0.000003
[983116399] 0.000000
[983123177] 0.000000
[983132790] 0.000003
[983139023] -0.000003
[983147305] -0.000003
[983153803] 0.000000
[983166118] 0.000003
[983169881] 0.000000
[983176513] -0.000003
[983185828] 0.000000
[983193533] 0.000003
[983199799] 0.000003
[983207989] 0.000003
[983215421] 0.000000
[983223114] 0.000003
[983230929] 0.000000
[983238974] 0.000000
[983246709] 0.000000
[983254084] 0.000000
[983262218] 0.000000
[983268995] 0.000000
[983276848] 0.000000
[983284632] -0.000003
[983292312] -0.000003
[983299739] -0.000003
[983307972] 0.000000
[983315793] -0.000003
[983322962] -0.000003
[983331376] -0.000003
[983339678] 0.000000
[983347121] 0.000000
[983353557] 0.000000
[983362848] -0.000003
[983370782] 0.000000
[983376943] 0.000000
[983385989] -0.000003
[983392451] -0.000003
[983401667] -0.000003
[983408045] -0.000003
[983415671] 0.000003
[983422971] -0.000003
[983432699] -0.000003
[983438804] 0.000003
[983446362] 0.000003
[983453675] 0.000000
[983465193] 0.000000
[983469301] 0.000000
[983476882] 0.000003
[983485734] 0.000000
[983494304] 0.000003
[983500311] 0.000003
[983508658] 0.000000
[983515303] 0.000000
[983522996] 0.000000
[983530842] 0.000003
[983538806] 0.000003
[983546631] 0.000003
[983554123] 0.000000
[983563013] 0.000000
[983569052] 0.000000
[983576517] 0.000000
[983584421] 0.000000
[983592093] 0.000000
[983599734] 0.000003
[983607718] 0.000003
[983616390] 0.000003
[983622688] 0.000000
[983630338] 0.000000
[983640500] 0.000003
[983648072] 0.000003
[983654548] 0.000000
[983661911] 0.000003
[983670600] 0.000003
[983676544] 0.000000
[983685450] 0.000000
[983692229] -0.000003
[983701874] -0.000003
[983708476] -0.000003
[983715350] -0.000003
[983722905] -0.000003
[983732355] -0.000003
[983738491] 0.000000
[983746979] -0.000003
[983753612] -0.000003
[983764407] -0.000003
[983769142] 0.000000
[983776759] 0.000000
[983785737] 0.000000
[983794479] 0.000000
[983799983] 0.000000
[983807984] 0.000000
[983815884] 0.000003
[983824053] -0.000003
[983830688] -0.000003
[983838334] -0.000003
[983847319] -0.000003
[983855712] -0.000003
[983863354] -0.000003
[983869435] -0.000003
[983876847] -0.000003
[983884354] 0.000000
[983891859] 0.000000
[983899773] 0.000000
[983911098] 0.000000
[983916903] -0.000003
[983922665] -0.000003
[983930695] 0.000000
[983940575] 0.000000
[983947456] 0.000000
[983953705] -0.000006
[983963008] -0.000006
[983970909] -0.000003
[983976574] -0.000003
[983985618] -0.000003
[983992467] -0.000003
[984001853] -0.000003
[984008670] -0.000003
[984015918] 0.000000
[984022968] 0.000000
[984032059] -0.000003
[984038172] -0.000003
[984047106] 0.000003
[984053775] 0.000003
[984065679] 0.000000
[984069588] 0.000000
[984076871] 0.000000
[984085739] 0.000003
[984094344] 0.000000
[984100359] 0.000000
[984108707] 0.000000
[984115528] 0.000000
[984123420] 0.000003
[984130997] 0.000003
[984138540] 0.000003
[984147303] 0.000000
[984153638] -0.000003
[984162404] -0.000003
[984168871] 0.000003
[984176770] 0.000003
[984184522] -0.000003
[984191963] -0.000003
[984199481] 0.000000
[984207614] 0.000000
[984215911] -0.000003
[984222621] -0.000003
[984230707] 0.000000
[984240911] 0.000003
[984246944] 0.000003
[984253826] -0.000003
[984262813] -0.000003
[984271200] 0.000003
[984277422] 0.000003
[984285563] 0.000000
[984292365] 0.000000
[984301619] 0.000000
[984308472] 0.000000
[984315473] 0.000000
[984322966] 0.000003
[984332729] 0.000000
[984338600] 0.000000
[984347241] 0.000003
[984353550] 0.000003
[984365586] 0.000003
[984369604] 0.000000
[984377086] 0.000000
[984385930] 0.000000
[984394350] 0.000000
[984400347] 0.000000
[984408876] -0.000003
[984415917] -0.000003
[984423783] -0.000003
[984430743] -0.000003
[984438482] 0.000000
[984447949] 0.000000
[984454755] -0.000003
[984462525] -0.000003
[984469114] -0.000003
[984477024] 0.000000
[984484899] 0.000000
[984492359] 0.000000
[984499882] -0.000003
[984507916] -0.000003
[984515783] -0.000003
[984522635] -0.000003
[984530436] 0.000000
[984541139] -0.000003
[984546909] -0.000003
[984553878] -0.000003
[984562961] 0.000000
[984571088] 0.000000
[984577066] 0.000000
[984586219] 0.000000
[984592296] 0.000000
[984601855] -0.000003
[984608450] -0.000003
[984615606] -0.000003
[984623277] -0.000003
[984632986] -0.000003
[984639065] -0.000003
[984646739] 0.000000
[984653393] 0.000000
[984665044] 0.000000
[984669078] 0.000000
[984676740] -0.000003
[984686170] -0.000003
[984694147] 0.000000
[984699821] 0.000000
[984708324] 0.000000
[984715127] -0.000003
[984722844] -0.000003
[984730457] 0.000000
[984738121] 0.000000
[984747046] 0.000000
[984753571] -0.000003
[984762758] -0.000003
[984769053] -0.000003
[984776631] 0.000000
[984784121] 0.000000
[984791886] -0.000003
[984799590] -0.000003
[984807696] -0.000003
[984815785] 0.000000
[984823504] -0.000003
[984830677] -0.000003
[984840289] 0.000000
[984846681] 0.000000
[984853754] 0.000000
[984861878] 0.000000
[984870603] -0.000003
[984876942] -0.000003
[984886302] 0.000000
[984893064] 0.000000
[984901815] 0.000000
[984908457] -0.000003
[984915626] -0.000003
[984923262] -0.000003
[984932767] 0.000000
[984939372] 0.000000
[984947061] -0.000003
[984953567] -0.000003
[984965435] 0.000000
[984969392] 0.000003
[984977022] 0.000003
[984985793] 0.000000
[984994041] 0.000003
[984999641] 0.000003
[985007698] 0.000003
[985015365] 0.000000
[985023522] -0.000003
[985031023] 0.000000
[985038828] 0.000003
[985047570] 0.000003
[985055419] 0.000000
[985062384] 0.000000
[985069071] -0.000003
[985076647] -0.000003
[985084349] -0.000003
[985092111] 0.000000
[985099945] 0.000000
[985110652] 0.000000
[985116593] -0.000003
[985122738] -0.000003
[985130507] 0.000000
[985140239] 0.000000
[985147694] 0.000000
[985154005] -0.000003
[985163015] -0.000003
[985170923] 0.000000
[985176858] 0.000000
[985185816] -0.000003
[985192314] -0.000006
[985201865] -0.000003
[985208338] -0.000003
[985215563] -0.000003
[985223225] -0.000003
[985233034] 0.000000
[985238865] 0.000003
[985247476] 0.000003
[985254143] 0.000000
[985264635] 0.000003
[985268947] 0.000003
[985276650] 0.000003
[985285456] 0.000003
[985294318] 0.000000
[985300088] 0.000000
[985308480] 0.000000
[985315282] -0.000003
[985323098] 0.000000
[985331393] 0.000000
[985338151] 0.000000
[985347051] 0.000000
[985353689] -0.000003
[985362767] 0.000000
[985368958] 0.000003
[985376528] 0.000003
[985384216] 0.000000
[985392379] 0.000000
[985399822] 0.000000
[985411262] 0.000000
[985416579] 0.000000
[985422966] 0.000000
[985430774] -0.000003
[985440541] -0.000003
[985446997] -0.000003
[985453707] 0.000000
[985462692] -0.000003
[985470942] -0.000003
[985476938] -0.000003
[985485781] 0.000000
[985492481] 0.000000
[985501821] 0.000000
[985508274] 0.000000
[985515185] -0.000003
[985523002] -0.000003
[985532753] 0.000000
[985538703] 0.000000
[985546766] 0.000000
[985553642] -0.000003
[985565661] 0.000000
[985569650] 0.000000
[985577442] 0.000000
[985585239] -0.000003
[985594041] 0.000000
[985600139] 0.000000
[985608596] 0.000000
[985615676] 0.000000
[985623481] -0.000003
[985631114] -0.000003
[985638907] -0.000003
[985646681] -0.000003
[985653880] 0.000000
[985662696] 0.000000
[985668828] -0.000003
[985676618] -0.000003
[985684321] 0.000000
[985691915] 0.000000
[985699648] 0.000000
[985707721] -0.000003
[985716122] -0.000003
[985722675] -0.000003
[985730556] 0.000000
[985740683] 0.000000
[985746953] -0.000003
[985753431] -0.000003
[985762387] 0.000000
[985770328] 0.000000
[985776643] 0.000000
[985785740] -0.000003
[985792600] -0.000003
[985802236] 0.000000
[985808909] 0.000000
[985815824] 0.000000
[985823580] -0.000003
[985832471] -0.000003
[985838349] -0.000003
[985846925] 0.000000
[985854458] -0.000003
[985866008] -0.000003
[985869853] -0.000003
[985876550] 0.000000
[985885286] 0.000000
[985894326] 0.000000
[985900039] 0.000000
[985908108] 0.000000
[985915718] -0.000003
[985923908] -0.000003
[985930676] -0.000003
[985939018] 0.000003
[985946601] 0.000000
[985953604] -0.000003
[985962701] 0.000000
[985968836] 0.000003
[985976802] 0.000000
[985984562] 0.000000
[985991856] -0.000003
[985999542] -0.000003
[986007751] -0.000003
[986015843] -0.000003
[986022685] -0.000003
[986030811] -0.000003
[986041137] -0.000003
[986046793] -0.000003
[986053527] -0.000003
[986062240] -0.000003
[986070298] 0.000000
[986076599] 0.000000
[986084931] 0.000000
[986092201] 0.000000
[986101635] 0.000000
[986108188] 0.000000
[986115426] -0.000003
[986122882] 0.000000
[986132579] 0.000000
[986138344] 0.000000
[986147297] -0.000003
[986153782] -0.000003
[986165622] 0.000000
[986169577] -0.000003
[986177043] 0.000000
[986185577] 0.000000
[986194115] 0.000000
[986200280] 0.000000
[986208474] 0.000000
[986215401] 0.000000
[986223142] 0.000000
[986231193] 0.000000
[986238597] 0.000000
[986247117] -0.000003
[986253999] -0.000003
[986262619] -0.000003
[986268878] -0.000003
[986276473] 0.000000
[986284276] 0.000000
[986291901] 0.000000
[986299781] -0.000003
[986310877] -0.000003
[986315754] 0.000000
[986323609] 0.000000
[986331090] 0.000000
[986340937] 0.000000
[986346934] 0.000000
[986353626] 0.000000
[986362670] 0.000000
[986370290] -0.000003
[986376758] -0.000003
[986385749] -0.000003
[986392375] 0.000000
[986402544] 0.000000
[986408288] -0.000003
[986415702] -0.000003
[986423577] 0.000000
[986432939] 0.000000
[986438919] -0.000003
[986446713] 0.000000
[986453587] 0.000000
[986465297] -0.000003
[986469168] -0.000003
[986476759] -0.000003
[986485377] 0.000000
[986494290] 0.000000
[986499892] -0.000003
[986508254] -0.000003
[986515597] -0.000003
[986523388] -0.000003
[986531024] 0.000000
[986538638] 0.000000
[986550410] 0.000000
[986554579] -0.000003
[986562175] 0.000000
[986569330] 0.000000
[986576749] 0.000000
[986584315] -0.000003
[986591805] -0.000003
[986599504] 0.000000
[986610443] -0.000003
[986616480] -0.000003
[986623018] -0.000003
[986630566] -0.000003
[986640739] 0.000000
[986646860] 0.000000
[986653638] 0.000000
[986662410] 0.000000
[986670426] 0.000000
[986676669] -0.000003
[986685063] 0.000000
[986692310] 0.000000
[986701523] 0.000000
[986708107] 0.000000
[986715316] -0.000003
[986723369] -0.000003
[986733205] 0.000000
[986738725] 0.000000
[986746637] -0.000003
[986754049] -0.000003
[986766166] -0.000003
[986770561] 0.000000
[986776841] 0.000000
[986786014] -0.000003
[986793027] -0.000003
[986799515] 0.000000
[986807698] 0.000000
[986815341] -0.000003
[986823555] -0.000003
[986831072] -0.000003
[986838798] 0.000000
[986846659] 0.000000
[986854132] -0.000003
[986862316] -0.000003
[986868894] -0.000003
[986876430] 0.000000
[986884284] 0.000000
[986891993] -0.000003
[986899517] -0.000003
[986907565] 0.000000
[986915897] 0.000000
[986922817] 0.000000
[986930517] -0.000003
[986941063] 0.000000
[986946950] -0.000003
[986953770] -0.000003
[986963033] -0.000003
[986971036] 0.000000
[986977197] 0.000000
[986986277] -0.000003
[986992575] -0.000003
[987002296] -0.000003
[987009307] -0.000003
[987016393] 0.000000
[987023145] 0.000000
[987032247] 0.000000
[987038400] 0.000000
[987048397] -0.000003
[987054561] 0.000000
[987064751] -0.000003
[987069094] -0.000003
[987076922] 0.000000
[987086373] 0.000000
[987093639] -0.000003
[987100269] -0.000003
[987109209] -0.000003
[987116035] -0.000003
[987123866] 0.000000
[987130374] 0.000000
[987138330] 0.000000
[987150339] -0.000003
[987154734] 0.000000
[987162240] 0.000000
[987168898] 0.000000
[987176765] -0.000003
[987184484] -0.000003
[987192162] -0.000003
[987199617] 0.000000
[987210060] 0.000000
[987215974] -0.000003
[987222972] -0.000003
[987230565] 0.000000
[987240420] 0.000000
[987247018] -0.000003
[987253983] 0.000000
[987262761] 0.000000
[987270317] 0.000000
[987276885] -0.000003
[987285692] 0.000000
[987292483] 0.000000
[987301923] 0.000000
[987308596] 0.000000
[987315531] -0.000003
[987323220] -0.000003
[987332912] -0.000003
[987338888] 0.000000
[987347038] -0.000003
[987353846] -0.000003
[987366023] -0.000003
[987370115] 0.000000
[987377076] 0.000000
[987385453] 0.000000
[987393663] 0.000000
[987399491] 0.000000
[987408137] 0.000000
[987415606] 0.000000
[987423548] 0.000000
[987431474] 0.000000
[987438154] 0.000000
[987449976] -0.000003
[987454171] -0.000003
[987462284] -0.000003
[987468958] -0.000003
[987476428] -0.000003
[987484300] 0.000000
[987491932] 0.000000
[987499527] 0.000000
[987510105] -0.000003
[987515401] 0.000000
[987522978] 0.000000
[987530378] 0.000000
[987539896] 0.000000
[987547145] -0.000003
[987553527] 0.000000
[987562720] 0.000000
[987570894] 0.000000
[987576815] -0.000003
[987585581] -0.000003
[987591944] -0.000003
[987601541] -0.000003
[987608309] 0.000000
[987615630] -0.000003
[987623452] -0.000003
[987632160] 0.000000
[987638269] 0.000000
[987647523] 0.000000
[987653567] -0.000003
[987664568] -0.000003
[987669205] 0.000000
[987676892] 0.000000
[987686637] 0.000000
[987693725] -0.000003
[987699438] -0.000003
[987707949] 0.000000
[987715228] 0.000000
[987723158] 0.000000
[987730916] -0.000003
[987738797] 0.000000
[987746695] -0.000003
[987753661] -0.000003
[987762559] -0.000003
[987769121] 0.000000
[987776899] 0.000000
[987784646] 0.000000
[987792604] 0.000000
[987800415] 0.000000
[987813072] 0.000000
[987817471] -0.000003
[987823230] -0.000003
[987831210] -0.000003
[987840339] -0.000003
[987847712] 0.000000
[987856435] 0.000000
[987863005] -0.000003
[987871638] -0.000003
[987877001] 0.000000
[987885937] 0.000000
[987892688] 0.000000
[987902698] -0.000003
[987908712] -0.000003
[987915728] -0.000003
[987923112] 0.000000
[987932774] 0.000000
[987939609] -0.000003
[987947284] -0.000003
[987954622] 0.000000
[987964135] 0.000000
[987969261] 0.000000
[987976817] -0.000003
[987985780] -0.000003
[987993028] -0.000003
[987999864] 0.000000
[988009034] 0.000000
[988016161] 0.000000
[988023638] -0.000003
[988030688] -0.000003
[988039545] 0.000000
[988047600] 0.000000
[988054371] 0.000000
[988062453] -0.000003
[988068881] -0.000003
[988076609] 0.000000
[988085477] 0.000000
[988092346] -0.000003
[988100481] -0.000003
[988109410] -0.000003
[988115217] 0.000000
[988122850] 0.000000
[988130766] 0.000000
[988141239] -0.000003
[988147579] 0.000000
[988154653] 0.000000
[988162711] 0.000000
[988170956] 0.000000
[988176752] -0.000003
[988186534] -0.000003
[988192582] -0.000003
[988201770] 0.000000
[988208903] -0.000003
[988215902] -0.000003
[988223659] -0.000003
[988232299] -0.000003
[988238996] -0.000003
[988246618] 0.000000
[988254225] 0.000000
[988262259] 0.000000
[988269167] 0.000000
[988276924] 0.000000
[988286797] 0.000000
[988293431] 0.000000
[988299581] 0.000000
[988309078] 0.000000
[988316120] 0.000000
[988323969] -0.000003
[988330571] -0.000003
[988339592] -0.000003
[988347613] -0.000003
[988354349] -0.000003
[988362331] -0.000003
[988369219] 0.000000
[988376967] 0.000000
[988384865] 0.000000
[988392512] 0.000000
[988400273] -0.000003
[988411198] 0.000000
[988417125] 0.000000
[988423127] -0.000003
[988431124] -0.000003
[988440336] -0.000003
[988447232] -0.000003
[988454967] -0.000003
[988463070] -0.000003
[988471159] 0.000000
[988476921] 0.000000
[988486464] 0.000000
[988492989] -0.000003
[988501243] -0.000003
[988508406] 0.000000
[988515713] 0.000000
[988523025] 0.000000
[988539257] 0.000000
[988545920] -0.000003
[988550616] 0.000000
[988554950] 0.000000
[988565696] 0.000000
[988569989] 0.000000
[988577151] 0.000000
[988585858] 0.000000
[988593714] -0.000003
[988599553] -0.000003
[988608631] -0.000003
[988615918] 0.000000
[988623836] 0.000000
[988630616] 0.000000
[988639317] -0.000003
[988650611] -0.000003
[988655352] 0.000000
[988664117] 0.000000
[988669344] 0.000000
[988677012] 0.000000
[988685928] -0.000003
[988693010] -0.000003
[988700072] -0.000003
[988709817] -0.000003
[988715041] 0.000000
[988723204] 0.000000
[988731017] -0.000003
[988743245] 0.000000
[988748830] 0.000000
[988754174] -0.000003
[988762371] -0.000003
[988770530] 0.000000
[988776792] 0.000000
[988786358] 0.000000
[988792210] -0.000003
[988801661] -0.000003
[988809327] -0.000003
[988816314] 0.000000
[988822662] -0.000003
[988832904] -0.000003
[988839774] 0.000000
[988848830] 0.000000
[988854097] 0.000000
[988863750] 0.000000
[988869663] 0.000000
[988877286] 0.000000
[988932488] 0.000000
[988937430] -0.000003
[988946388] 0.000000
[988953019] 0.000000
[988959940] 0.000000
[988967663] 0.000000
[988975617] 0.000000
[988984037] 0.000000
[988990442] 0.000000
[988998179] 0.000000
[989005894] 0.000000
[989056081] -0.000003
[989060853] 0.000000
[989071308] 0.000000
[989075612] 0.000000
[989083841] 0.000000
[989091613] 0.000000
[989100598] 0.000000
[989106881] 0.000000
[989114775] 0.000000
[989122634] -0.000003
[989130667] -0.000003
[989137622] -0.000003
[989146816] -0.000003
[989153103] -0.000003
[989163170] -0.000003
[989168354] 0.000000
[989176418] 0.000000
[989183778] 0.000000
[989241301] 0.000000
[989250263] 0.000000
[989255434] 0.000000
[989263484] 0.000000
[989269267] 0.000000
[989276571] 0.000000
[989284275] 0.000000
[989291978] 0.000000
[989299616] 0.000000
[989309287] 0.000000
[989315296] 0.000000
[989323092] 0.000000
[989341396] 0.000000
[989347304] -0.000003
[989354130] -0.000003
[989362183] -0.000003
[989370307] 0.000000
[989376471] -0.000003
[989385735] 0.000000
[989392218] 0.000000
[989401532] -0.000003
[989408538] -0.000003
[989415905] 0.000000
[989422798] 0.000000
[989432501] 0.000000
[989438773] 0.000000
[989446854] 0.000000
[989453885] -0.000003
[989463753] -0.000003
[989469535] -0.000003
[989476890] -0.000003
[989485815] -0.000003
[989492721] -0.000003
[989499673] 0.000000
[989508209] 0.000000
[989515226] 0.000000
[989522934] 0.000000
[989531186] 0.000000
[989538544] 0.000000
[989547268] 0.000000
[989553630] 0.000000
[989563709] 0.000000
[989568964] -0.000003
[989576785] -0.000003
[989586580] 0.000000
[989592286] 0.000000
[989600284] 0.000000
[989607029] -0.000003
[989615088] -0.000003
[989622900] -0.000003
[989631059] -0.000003
[989642279] -0.000003
[989648793] 0.000000
[989653262] 0.000000
[989661934] -0.000003
[989670230] -0.000003
[989676230] -0.000003
[989685265] -0.000003
[989692844] 0.000000
[989700836] 0.000000
[989707936] 0.000000
[989715716] -0.000003
[989723129] -0.000003
[989734642] 0.000000
[989739368] 0.000000
[989747439] 0.000000
[989753728] -0.000003
[989766904] 0.000000
[989771574] 0.000000
[989776245] 0.000000
[989786239] -0.000003
[989793004] -0.000003
[989799490] -0.000003
[989809912] 0.000000
[989815592] 0.000000
[989823646] 0.000000
[989830401] 0.000000
[989839159] 0.000000
[989847723] 0.000000
[989855078] 0.000000
[989863389] -0.000003
[989869020] -0.000003
[989878873] -0.000003
[989885631] 0.000000
[989892345] 0.000000
[989900586] -0.000003
[989908986] -0.000003
[989915035] -0.000003
[989923488] -0.000003
[989930372] -0.000003
[989941425] -0.000003
[989948221] 0.000000
[989954012] 0.000000
[989962744] 0.000000
[989971643] -0.000003
[989976255] -0.000003
[989985915] -0.000003
[989991846] 0.000000
[990001298] 0.000000
[990008283] 0.000000
[990015554] -0.000003
[990022435] -0.000003
[990033198] -0.000003
[990038635] 0.000000
[990047855] -0.000003
[990053657] -0.000003
[990066352] 0.000000
[990073347] 0.000000
[990077296] 0.000000
[990085573] -0.000003
[990093162] -0.000003
[990099356] -0.000003
[990108488] -0.000003
[990115483] 0.000000
[990123408] -0.000003
[990130763] -0.000003
[990138217] 0.000000
[990147379] 0.000000
[990154363] 0.000000
[990162474] 0.000000
[990169242] -0.000003
[990176954] -0.000003
[990185621] -0.000003
[990192768] -0.000003
[990199341] 0.000000
[990252622] 0.000000
[990256911] -0.000003
[990264782] 0.000000
[990321041] 0.000000
[990325600] 0.000000
[990334089] 0.000000
[990341148] 0.000000
[990350788] -0.000003
[990356310] -0.000003
[990364112] -0.000003
[990372239] -0.000003
[990379160] 0.000000
[990386849] 0.000000
[990394675] 0.000000
[990402541] 0.000000
[990410431] -0.000003
[990419658] -0.000003
[990425287] -0.000003
[990440267] 0.000000
[990445646] 0.000000
[990451699] 0.000000
[990455984] 0.000000
[990463454] -0.000003
[990471237] -0.000003
[990481625] -0.000003
[990487342] -0.000003
[990494979] 0.000000
[990549032] 0.000000
[990554325] 0.000000
[990561378] 0.000000
[990571538] 0.000000
[990576411] 0.000000
[990584221] -0.000003
[990591896] -0.000003
[990601702] -0.000003
[990607723] -0.000003
[990615516] 0.000000
[990622403] 0.000000
[990632525] 0.000000
[990637977] 0.000000
[990647838] 0.000000
[990653541] 0.000000
[990663065] 0.000000
[990669163] -0.000003
[990676439] -0.000003
[990686529] -0.000003
[990693061] -0.000003
[990699450] -0.000003
[990707204] 0.000000
[990715203] 0.000000
[990723059] 0.000000
[990730656] 0.000000
[990738393] -0.000003
[990746324] -0.000003
[990753409] -0.000003
[990762431] -0.000003
[990768604] 0.000000
[990776405] 0.000000
[990783924] 0.000000
[990791810] 0.000000
[990799695] -0.000003
[990810372] -0.000003
[990816113] -0.000003
[990822536] 0.000000
[990830411] 0.000000
[990840110] 0.000000
[990847115] 0.000000
[990853818] -0.000003
[990861535] -0.000003
[990870159] -0.000003
[990876139] -0.000003
[990885174] 0.000000
[990891883] 0.000000
[990901190] 0.000000
[990907864] 0.000000
[990915089] -0.000003
[990922657] -0.000003
[990932480] -0.000003
[990938243] -0.000003
[990947282] -0.000003
[990954014] 0.000000
[990963918] 0.000000
[990968640] 0.000000
[990976178] 0.000000
[990984708] 0.000000
[990993610] 0.000000
[990999280] -0.000003
[991007881] -0.000003
[991014985] -0.000003
[991023018] -0.000003
[991030679] 0.000000
[991037749] 0.000000
[991046907] 0.000000
[991054794] 0.000000
[991062087] -0.000003
[991068529] -0.000003
[991076144] 0.000000
[991084109] 0.000000
[991091579] -0.000003
[991099262] -0.000003
[991107306] -0.000003
[991115710] 0.000000
[991122277] 0.000000
[991130029] -0.000003
[991139697] 0.000000
[991147352] -0.000003
[991153618] -0.000003
[991161575] -0.000003
[991170184] 0.000000
[991176273] 0.000000
[991185105] 0.000000
[991191996] 0.000000
[991201848] 0.000000
[991208364] -0.000003
[991215374] -0.000003
[991223041] -0.000003
[991232911] -0.000003
[991237669] -0.000003
[991246833] 0.000000
[991253012] 0.000000
[991265505] 0.000000
[991269866] 0.000000
[991276421] 0.000000
[991285130] -0.000003
[991293999] -0.000003
[991299909] -0.000003
[991308615] 0.000000
[991315758] 0.000000
[991323602] 0.000000
[991330203] 0.000000
[991338690] -0.000003
[991346569] 0.000000
[991353190] 0.000000
[991362232] -0.000003
[991368727] -0.000003
[991376497] 0.000000
[991384542] -0.000003
[991392089] -0.000006
[991399914] -0.000003
[991410201] 0.000000
[991416204] 0.000000
[991422296] 0.000000
[991430106] -0.000006
[991439889] -0.000003
[991446744] 0.000000
[991453540] 0.000000
[991462429] -0.000003
[991470194] -0.000003
[991476132] 0.000000
[991484587] 0.000000
[991491819] -0.000003
[991501095] -0.000003
[991507408] 0.000000
[991514881] 0.000000
[991523228] 0.000000
[991532206] -0.000003
[991538420] -0.000003
[991546321] 0.000000
[991553151] 0.000000
[991564904] -0.000003
[991568896] -0.000003
[991576489] 0.000000
[991585111] -0.000003
[991593225] -0.000003
[991599088] -0.000003
[991607512] 0.000000
[991615081] 0.000000
[991622933] 0.000000
[991630716] 0.000000
[991638663] -0.000003
[991646457] 0.000000
[991653144] 0.000000
[991662560] 0.000000
[991668891] 0.000000
[991676632] -0.000003
[991684313] -0.000003
[991691910] -0.000003
[991699488] 0.000000
[991710984] 0.000000
[991716040] -0.000003
[991722847] -0.000003
[991730527] 0.000000
[991740274] 0.000000
[991746559] 0.000000
[991753076] 0.000000
[991762250] 0.000000
[991770105] 0.000000
[991776353] 0.000000
[991784722] 0.000000
[991791700] 0.000000
[991801334] -0.000003
[991808107] 0.000000
[991815153] 0.000000
[991822758] -0.000003
[991832336] -0.000003
[991838140] -0.000003
[991846817] 0.000000
[991853382] 0.000000
[991864078] 0.000000
[991868440] 0.000000
[991876503] -0.000003
[991884902] 0.000000
[991893494] 0.000000
[991899669] 0.000000
[991907847] -0.000003
[991914883] -0.000003
[991922551] -0.000003
[991930124] 0.000000
[991937950] 0.000000
[991949405] 0.000000
[991953591] -0.000003
[991961812] 0.000000
[991968528] 0.000000
[991976377] -0.000003
[991983933] -0.000003
[991991458] -0.000003
[991999210] -0.000003
[992009934] -0.000003
[992015311] -0.000003
[992023066] -0.000003
[992030539] -0.000003
[992041249] -0.000003
[992046744] 0.000000
[992053139] -0.000003
[992113235] 0.000000
[992117117] -0.000003
[992125087] -0.000003
[992132990] -0.000003
[992141466] -0.000003
[992148517] -0.000003
[992156263] -0.000003
[992164101] 0.000000
[992171643] 0.000000
[992179335] 0.000000
[992188862] 0.000000
[992194722] 0.000000
[992202537] 0.000000
[992210167] -0.000003
[992219534] -0.000003
[992225633] -0.000003
[992233354] -0.000003
[992241093] -0.000003
[992250131] -0.000003
[992256034] -0.000003
[992263925] 0.000000
[992271410] 0.000000
[992280559] 0.000000
[992286370] 0.000000
[992294375] 0.000000
[992302171] 0.000000
[992312071] 0.000000
[992318286] 0.000000
[992325092] -0.000003
[992332631] -0.000003
[992342829] -0.000003
[992348836] -0.000003
[992357061] -0.000003
[992363873] -0.000003
[992373421] -0.000003
[992379272] 0.000000
[992432200] 0.000000
[992436554] -0.000003
[992445094] -0.000003
[992452215] -0.000003
[992463267] -0.000003
[992467415] -0.000003
[992475257] -0.000003
[992483647] -0.000003
[992540717] 0.000000
[992545907] -0.000003
[992553634] -0.000003
[992561700] -0.000003
[992568627] -0.000003
[992576665] -0.000003
[992583706] 0.000000
[992591030] 0.000000
[992598745] 0.000000
[992609997] 0.000000
[992615583] 0.000000
[992621751] 0.000000
[992629473] 0.000000
[992639082] 0.000000
[992646900] -0.000003
[992653040] -0.000003
[992660838] -0.000003
[992669632] -0.000003
[992675463] 0.000000
[992684034] 0.000000
[992690951] 0.000000
[992700196] 0.000000
[992706720] 0.000000
[992714881] -0.000003
[992722304] -0.000003
[992732460] -0.000003
[992737399] 0.000000
[992746692] 0.000000
[992753017] 0.000000
[992765029] -0.000003
[992769254] -0.000003
[992775966] -0.000003
[992784327] -0.000003
[992792751] -0.000003
[992798863] 0.000000
[992807032] 0.000000
[992814747] 0.000000
[992822531] 0.000000
[992830189] 0.000000
[992837801] -0.000003
[992846743] -0.000003
[992853436] -0.000003
[992860750] -0.000003
[992867957] -0.000003
[992875740] 0.000000
[992883293] 0.000000
[992891041] 0.000000
[992898919] 0.000000
[992906719] 0.000000
[992915075] 0.000000
[992922208] 0.000000
[992929972] -0.000003
[992939505] -0.000003
[992946929] -0.000003
[992953220] 0.000000
[992961254] 0.000000
[992969780] 0.000000
[992975503] 0.000000
[992983778] 0.000000
[992991298] -0.000003
[993001109] -0.000003
[993007569] -0.000003
[993014545] 0.000000
[993022385] 0.000000
[993031359] 0.000000
[993037193] -0.000003
[993046837] -0.000003
[993053115] -0.000003
[993064699] -0.000003
[993068681] -0.000003
[993076040] 0.000000
[993085169] 0.000000
[993092737] 0.000000
[993098469] 0.000000
[993106605] 0.000000
[993114678] -0.000003
[993122743] -0.000003
[993129430] -0.000003
[993137110] 0.000000
[993146044] -0.000003
[993154302] 0.000000
[993161744] 0.000000
[993168213] 0.000000
[993176087] -0.000003
[993183502] -0.000003
[993190859] -0.000003
[993198562] -0.000003
[993206819] -0.000003
[993214826] 0.000000
[993221819] 0.000000
[993229535] 0.000000
[993238992] 0.000000
[993246171] 0.000000
[993252856] -0.000003
[993261772] -0.000003
[993269764] -0.000003
[993275651] 0.000000
[993283926] 0.000000
[993291456] -0.000003
[993300894] -0.000003
[993307520] 0.000000
[993314332] 0.000000
[993322090] -0.000003
[993331070] -0.000003
[993337055] -0.000003
[993346165] 0.000000
[993352892] 0.000000
[993363898] 0.000000
[993368123] 0.000000
[993376104] 0.000000
[993384723] 0.000000
[993393062] 0.000000
[993398938] 0.000000
[993407197] 0.000000
[993414862] -0.000003
[993423012] -0.000003
[993429422] -0.000003
[993436978] -0.000003
[993446579] -0.000003
[993452816] -0.000003
[993461801] -0.000003
[993467804] 0.000000
[993475636] 0.000000
[993483566] 0.000000
[993491228] -0.000003
[993498882] -0.000003
[993506760] 0.000000
[993515101] -0.000003
[993521627] -0.000003
[993529590] 0.000000
[993538902] 0.000000
[993546416] -0.000003
[993552959] -0.000003
[993562203] 0.000000
[993570389] 0.000000
[993576430] -0.000003
[993584172] -0.000003
[993591321] -0.000003
[993600877] 0.000000
[993607813] 0.000000
[993615227] -0.000003
[993621764] -0.000003
[993631271] 0.000000
[993636982] 0.000000
[993646184] -0.000003
[993652772] -0.000003
[993663872] -0.000003
[993668161] 0.000000
[993675980] 0.000000
[993684435] 0.000000
[993693259] -0.000003
[993699159] 0.000000
[993707563] 0.000000
[993714711] -0.000003
[993722733] -0.000003
[993729418] 0.000000
[993738342] 0.000000
[993746349] 0.000000
[993752706] -0.000003
[993761823] 0.000000
[993768180] 0.000000
[993776049] 0.000000
[993783549] 0.000000
[993790975] -0.000003
[993799074] -0.000003
[993810117] 0.000000
[993815708] 0.000000
[993821591] 0.000000
[993829317] -0.000003
[993839134] -0.000003
[993846000] -0.000003
[993852873] 0.000000
[993862358] 0.000000
[993870040] 0.000000
[993876106] -0.000003
[993885365] -0.000003
[993891682] -0.000003
[993901489] 0.000000
[993907204] 0.000000
[993914540] -0.000003
[993922632] -0.000003
[993931638] -0.000003
[993937258] -0.000003
[993946417] 0.000000
[993952824] 0.000000
[993965084] 0.000000
[993969026] 0.000000
[993975582] 0.000000
[993984900] -0.000003
[993993144] -0.000003
[993999107] 0.000000
[994007957] 0.000000
[994015073] -0.000003
[994022949] -0.000003
[994029409] 0.000000
[994037289] 0.000000
[994046590] 0.000000
[994053285] -0.000003
[994062291] -0.000003
[994068297] -0.000003
[994076027] 0.000000
[994084046] 0.000000
[994091289] 0.000000
[994098850] -0.000003
[994110305] -0.000003
[994115491] -0.000003
[994121746] -0.000003
[994130075] 0.000000
[994138884] 0.000000
[994146547] 0.000000
[994152822] -0.000003
[994162209] 0.000000
[994170242] 0.000000
[994176152] 0.000000
[994184918] -0.000003
[994191596] -0.000003
[994200884] -0.000003
[994207887] -0.000003
[994214843] -0.000003
[994221638] -0.000003
[994231293] 0.000000
[994237434] -0.000003
[994246784] 0.000000
[994252912] 0.000000
[994264724] -0.000003
[994268773] -0.000003
[994276079] -0.000003
[994285033] -0.000003
[994293503] 0.000000
[994299256] 0.000000
[994307112] -0.000003
[994314716] -0.000003
[994322774] -0.000003
[994329346] 0.000000
[994337259] 0.000000
[994346383] -0.000003
[994353157] -0.000003
[994362604] 0.000000
[994368735] 0.000000
[994376170] -0.000003
[994383721] -0.000003
[994391513] 0.000000
[994399365] -0.000003
[994409732] -0.000003
[994415533] 0.000000
[994422014] 0.000000
[994429484] -0.000003
[994438706] 0.000000
[994446248] 0.000000
[994453390] -0.000003
[994461330] -0.000003
[994469934] -0.000003
[994475944] 0.000000
[994484039] 0.000000
[994491352] -0.000003
[994500457] -0.000003
[994507252] 0.000000
[994514522] 0.000000
[994522321] 0.000000
[994531309] -0.000003
[994537570] -0.000003
[994546347] 0.000000
[994552516] 0.000000
[994564600] -0.000003
[994568797] -0.000003
[994575690] 0.000000
[994584479] 0.000000
[994592610] 0.000000
[994598573] -0.000003
[994606895] 0.000000
[994614808] 0.000000
[994622826] 0.000000
[994629449] -0.000003
[994637368] -0.000003
[994646636] -0.000003
[994654023] 0.000000
[994661071] 0.000000
[994668227] 0.000000
[994675883] -0.000003
[994684026] 0.000000
[994691720] 0.000000
[994699530] 0.000000
[994710407] -0.000003
[994715894] 0.000000
[994721740] 0.000000
[994729280] 0.000000
[994738750] -0.000003
[994746396] -0.000003
[994752529] 0.000000
[994762113] 0.000000
[994770062] -0.000003
[994776081] -0.000003
[994784741] 0.000000
[994791387] 0.000000
[994800619] 0.000000
[994807140] -0.000003
[994814749] -0.000003
[994822379] 0.000000
[994832069] 0.000000
[994838014] -0.000003
[994846345] -0.000003
[994853168] 0.000000
[994864702] -0.000003
[994868695] -0.000003
[994876330] -0.000003
[994884067] -0.000003
[994893270] 0.000000
[994898961] 0.000000
[994907080] 0.000000
[994914442] -0.000003
[994922115] -0.000003
[994929824] -0.000003
[994937512] 0.000000
[994946210] 0.000000
[994953261] -0.000003
[994961200] -0.000003
[994968323] 0.000000
[994976122] 0.000000
[994983890] 0.000000
[994991389] 0.000000
[994999554] -0.000003
[995010500] 0.000000
[995015924] 0.000000
[995021750] 0.000000
[995029551] -0.000003
[995039403] -0.000003
[995045982] -0.000003
[995052894] -0.000003
[995061791] 0.000000
[995069996] -0.000003
[995075853] -0.000003
[995084646] 0.000000
[995091583] 0.000000
[995100626] 0.000000
[995107056] 0.000000
[995114504] -0.000003
[995122400] 0.000000
[995131525] 0.000000
[995137244] 0.000000
[995146756] 0.000000
[995152946] 0.000000
[995164200] 0.000000
[995168591] 0.000000
[995176354] -0.000003
[995184255] -0.000003
[995192985] 0.000000
[995198812] -0.000003
[995206935] -0.000003
[995214773] 0.000000
[995222898] 0.000000
[995229487] -0.000003
[995237327] -0.000003
[995246620] 0.000000
[995253124] 0.000000
[995262132] -0.000003
[995268607] -0.000003
[995276163] -0.000003
[995283898] -0.000003
[995291519] -0.000003
[995299374] 0.000000
[995310414] -0.000003
[995316138] 0.000000
[995322078] 0.000000
[995330019] 0.000000
[995340303] 0.000000
[995346159] 0.000000
[995352756] -0.000003
[995362491] -0.000003
[995370609] 0.000000
[995375530] 0.000000
[995383918] -0.000003
[995391178] -0.000003
[995401532] 0.000000
[995407203] 0.000000
[995414533] -0.000003
[995422055] -0.000003
[995430991] -0.000003
[995437054] 0.000000
[995446635] 0.000000
[995453120] 0.000000
[995463731] -0.000003
[995467970] -0.000003
[995475954] 0.000000
[995484993] 0.000000
[995492671] -0.000003
[995498815] -0.000003
[995507330] 0.000000
[995514349] 0.000000
[995521900] -0.000003
[995529717] 0.000000
[995537312] 0.000000
[995546073] -0.000003
[995553758] -0.000003
[995560968] 0.000000
[995568293] 0.000000
[995575721] 0.000000
[995583763] -0.000003
[995591475] -0.000003
[995598868] -0.000003
[995610142] 0.000000
[995615764] 0.000000
[995622006] -0.000003
[995629847] -0.000003
[995639910] -0.000003
[995645846] 0.000000
[995652900] 0.000000
[995661731] -0.000003
[995669508] -0.000003
[995675600] -0.000003
[995684487] 0.000000
[995691477] 0.000000
[995701053] 0.000000
[995707439] -0.000003
[995714180] -0.000003
[995722349] 0.000000
[995731813] 0.000000
[995737871] -0.000003
[995745836] -0.000003
[995752637] 0.000000
[995764635] 0.000000
[995768630] 0.000000
[995776300] -0.000003
[995784159] -0.000003
[995792797] 0.000000
[995798525] 0.000000
[995806868] -0.000003
[995814927] 0.000000
[995822980] -0.000003
[995829577] -0.000003
[995837014] 0.000000
[995845489] -0.000003
[995855372] -0.000003
[995861074] -0.000003
[995867911] 0.000000
[995875441] 0.000000
[995883762] 0.000000
[995891361] 0.000000
[995899110] 0.000000
[995906813] -0.000003
[995914886] -0.000003
[995921860] -0.000003
[995930016] 0.000000
[995940583] 0.000000
[995945827] 0.000000
[995952458] 0.000000
[995961546] 0.000000
[995969445] -0.000003
[995975579] -0.000003
[995984723] -0.000003
[995991387] -0.000003
[996001202] 0.000000
[996007798] 0.000000
[996014768] 0.000000
[996022065] -0.000003
[996031777] -0.000003
[996037821] -0.000003
[996045865] 0.000000
[996052594] 0.000000
[996064337] -0.000003
[996068420] -0.000003
[996075956] 0.000000
[996084802] 0.000000
[996093454] 0.000000
[996099274] 0.000000
[996107636] 0.000000
[996114576] -0.000003
[996122541] -0.000003
[996130125] 0.000000
[996138314] 0.000000
[996145654] -0.000003
[996153136] -0.000003
[996161054] 0.000000
[996168264] 0.000000
[996175820] -0.000003
[996183699] -0.000003
[996191369] 0.000000
[996198741] 0.000000
[996206812] -0.000003
[996215298] -0.000003
[996222399] 0.000000
[996230414] -0.000003
[996239754] -0.000003
[996245878] -0.000003
[996252790] 0.000000
[996261646] -0.000003
[996269614] 0.000000
[996275772] 0.000000
[996284655] 0.000000
[996291716] 0.000000
[996300567] 0.000000
[996307202] -0.000003
[996314850] -0.000003
[996322456] -0.000003
[996332241] 0.000000
[996338546] 0.000000
[996346647] 0.000000
[996352973] 0.000000
[996365203] -0.000003
[996369287] -0.000003
[996375769] -0.000003
[996385056] 0.000000
[996393188] 0.000000
[996398983] -0.000003
[996407962] -0.000003
[996414901] 0.000000
[996423010] 0.000000
[996429709] -0.000003
[996437288] -0.000003
[996446189] 0.000000
[996453415] 0.000000
[996461121] 0.000000
[996468208] -0.000003
[996475859] -0.000003
[996483951] -0.000003
[996491657] 0.000000
[996499230] 0.000000
[996510382] 0.000000
[996515771] -0.000003
[996521894] 0.000000
[996529591] 0.000000
[996539719] 0.000000
[996545842] -0.000003
[996552586] -0.000003
[996561928] 0.000000
[996569622] 0.000000
[996575800] 0.000000
[996585030] -0.000003
[996591669] -0.000003
[996600222] -0.000003
[996607132] 0.000000
[996614558] 0.000000
[996622189] 0.000000
[996632179] -0.000003
[996638111] -0.000003
[996645787] 0.000000
[996652601] 0.000000
[996664658] -0.000003
[996668686] -0.000003
[996676487] -0.000003
[996684306] -0.000003
[996692422] -0.000003
[996698886] -0.000003
[996707522] 0.000000
[996714621] 0.000000
[996722549] 0.000000
[996729444] -0.000003
[996737175] -0.000003
[996746135] -0.000003
[996752489] -0.000003
[996761769] 0.000000
[996768223] 0.000000
[996775787] -0.000003
[996783401] -0.000003
[996791023] 0.000000
[996798645] -0.000003
[996806852] -0.000003
[996815031] -0.000003
[996821599] -0.000003
[996829897] 0.000000
[996839841] 0.000000
[996845861] 0.000000
[996852548] 0.000000
[996861286] 0.000000
[996869512] 0.000000
[996875675] -0.000003
[996884088] -0.000003
[996891316] 0.000000
[996900844] -0.000003
[996907457] -0.000003
[996914519] -0.000003
[996922260] -0.000003
[996932025] -0.000003
[996938082] -0.000003
[996945804] -0.000003
[996952762] -0.000003
[996965045] 0.000000
[996969154] 0.000000
[996975958] 0.000000
[996984456] 0.000000
[996993178] 0.000000
[996999152] -0.000003
[997007310] -0.000003
[997014871] -0.000003
[997022885] 0.000000
[997030416] 0.000000
[997038082] 0.000000
[997046688] 0.000000
[997054109] -0.000003
[997061404] -0.000003
[997068101] -0.000003
[997076068] -0.000003
[997083886] 0.000000
[997091371] 0.000000
[997099056] -0.000003
[997110236] 0.000000
[997115655] 0.000000
[997121702] 0.000000
[997129336] -0.000003
[997139080] -0.000003
[997146681] -0.000003
[997152956] -0.000003
[997161235] -0.000003
[997169453] -0.000003
[997175480] 0.000000
[997183789] 0.000000
[997191209] -0.000003
[997200997] 0.000000
[997207687] 0.000000
[997214708] 0.000000
[997221946] 0.000000
[997231464] -0.000003
[997237343] -0.000003
[997246056] -0.000003
[997252660] -0.000003
[997264425] -0.000003
[997268506] -0.000003
[997276039] -0.000003
[997284531] 0.000000
[997293340] -0.000003
[997299086] 0.000000
[997307583] 0.000000
[997314733] 0.000000
[997322471] 0.000000
[997330068] 0.000000
[997337639] -0.000003
[997349083] -0.000003
[997353123] -0.000003
[997361071] 0.000000
[997368106] 0.000000
[997375572] -0.000003
[997383166] -0.000003
[997390781] 0.000000
[997398474] 0.000000
[997406826] -0.000003
[997415294] -0.000003
[997422048] -0.000003
[997429690] 0.000000
[997440050] 0.000000
[997445979] -0.000003
[997452569] 0.000000
[997462241] 0.000000
[997469868] -0.000003
[997475696] -0.000003
[997484691] 0.000000
[997491580] -0.000003
[997501013] -0.000003
[997507868] -0.000003
[997514546] 0.000000
[997522577] 0.000000
[997532193] 0.000000
[997538464] -0.000003
[997545736] 0.000000
[997552790] 0.000000
[997563456] -0.000003
[997568379] -0.000003
[997576084] -0.000003
[997585085] -0.000003
[997593124] -0.000003
[997598640] -0.000003
[997606706] -0.000003
[997614429] 0.000000
[997622529] 0.000000
[997630328] -0.000003
[997636889] -0.000003
[997646005] -0.000003
[997652760] 0.000000
[997661333] 0.000000
[997668108] 0.000000
[997676028] -0.000003
[997683335] -0.000003
[997691056] -0.000003
[997698805] 0.000000
[997709677] 0.000000
[997715020] -0.000003
[997722212] 0.000000
[997729841] 0.000000
[997740175] 0.000000
[997745993] 0.000000
[997752757] -0.000003
[997762000] -0.000003
[997770085] -0.000003
[997776256] -0.000003
[997784547] -0.000003
[997791318] 0.000000
[997800729] 0.000000
[997807233] 0.000000
[997814562] 0.000000
[997822390] 0.000000
[997831571] -0.000003
[997837620] -0.000003
[997846793] -0.000003
[997853030] 0.000000
[997863738] 0.000000
[997868116] 0.000000
[997875793] -0.000003
[997884586] -0.000003
[997892482] -0.000003
[997898540] 0.000000
[997907216] 0.000000
[997914576] -0.000003
[997922414] -0.000003
[997930435] 0.000000
[997936967] 0.000000
[997945770] -0.000003
[997952754] -0.000003
[997962014] 0.000000
[997968219] 0.000000
[997975477] -0.000003
[997983144] -0.000003
[997990915] -0.000003
[997998564] 0.000000
[998006653] 0.000000
[998015050] -0.000003
[998021880] -0.000003
[998029463] -0.000003
[998038787] 0.000000
[998046437] 0.000000
[998052635] -0.000003
[998061830] 0.000000
[998069945] 0.000000
[998075927] 0.000000
[998084820] 0.000000
[998091231] -0.000003
[998100530] 0.000000
[998106798] -0.000003
[998114740] -0.000003
[998122417] -0.000003
[998132346] 0.000000
[998137433] 0.000000
[998145775] -0.000003
[998152475] 0.000000
[998164221] 0.000000
[998168255] 0.000000
[998175799] -0.000003
[998184293] 0.000000
[998192801] 0.000000
[998198688] -0.000003
[998206994] -0.000003
[998214731] -0.000003
[998222741] -0.000003
[998229914] -0.000003
[998237592] -0.000003
[998245328] 0.000000
[998254522] -0.000003
[998261799] -0.000003
[998267961] 0.000000
[998275734] 0.000000
[998283722] 0.000000
[998291568] 0.000000
[998299119] 0.000000
[998310079] -0.000003
[998315697] -0.000003
[998322480] -0.000003
[998329886] 0.000000
[998340554] 0.000000
[998346027] 0.000000
[998352681] 0.000000
[998361840] -0.000003
[998369548] -0.000003
[998375587] -0.000003
[998384940] -0.000003
[998391218] 0.000000
[998401017] 0.000000
[998407538] 0.000000
[998414364] 0.000000
[998422249] 0.000000
[998431848] -0.000003
[998437735] -0.000003
[998447162] -0.000003
[998453024] -0.000003
[998464872] -0.000003
[998468909] -0.000003
[998475999] 0.000000
[998484827] 0.000000
[998492634] -0.000003
[998498794] -0.000003
[998507238] 0.000000
[998514259] -0.000003
[998522087] -0.000003
[998529676] 0.000000
[998537457] -0.000003
[998548643] -0.000003
[998552693] -0.000003
[998561836] -0.000003
[998568185] -0.000003
[998576087] 0.000000
[998583935] 0.000000
[998591539] 0.000000
[998598999] -0.000003
[998609293] -0.000003
[998615262] -0.000003
[998621636] -0.000003
[998629418] -0.000003
[998639437] -0.000003
[998647000] 0.000000
[998653019] 0.000000
[998660987] -0.000003
[998669561] 0.000000
[998675709] 0.000000
[998683934] 0.000000
[998691388] -0.000003
[998700617] -0.000003
[998707067] 0.000000
[998714541] 0.000000
[998722105] 0.000000
[998731415] -0.000003
[998737344] -0.000003
[998746252] -0.000003
[998752501] 0.000000
[998764302] -0.000003
[998768648] -0.000003
[998776641] -0.000003
[998784352] 0.000000
[998791918] 0.000000
[998798804] -0.000003
[998807692] -0.000003
[998814654] 0.000000
[998822666] 0.000000
[998829439] -0.000003
[998837404] -0.000003
[998846367] -0.000003
[998853950] 0.000000
[998860810] 0.000000
[998868294] 0.000000
[998875903] -0.000003
[998883539] -0.000003
[998891383] -0.000003
[998898848] 0.000000
[998910261] 0.000000
[998915529] -0.000003
[998922075] -0.000003
[998929687] 0.000000
[998940501] 0.000000
[998945856] 0.000000
[998952876] -0.000003
[998962001] -0.000003
[998969723] 0.000000
[998975817] 0.000000
[998984596] -0.000003
[998991033] -0.000003
[999000318] 0.000000
[999007200] 0.000000
[999014623] 0.000000
[999022355] 0.000000
[999032208] -0.000003
[999037534] -0.000003
[999045742] -0.000003
[999052537] 0.000000
[999064218] -0.000003
[999068354] -0.000003
[999076408] -0.000003
[999084538] -0.000003
[999092236] 0.000000
[999098570] 0.000000
[999107578] 0.000000
[999114429] -0.000003
[999122427] -0.000003
[999130190] -0.000003
[999138446] 0.000000
[999145657] 0.000000
[999152927] 0.000000
[999161819] -0.000003
[999168123] 0.000000
[999175982] 0.000000
[999183781] -0.000003
[999191538] -0.000003
[999198980] -0.000003
[999209020] -0.000003
[999215195] 0.000000
[999222060] 0.000000
[999229984] 0.000000
[999239608] -0.000003
[999245607] -0.000003
[999252594] -0.000003
[999261582] 0.000000
[999269457] 0.000000
[999275860] 0.000000
[999284088] 0.000000
[999291117] 0.000000
[999300748] -0.000003
[999307130] -0.000003
[999314920] -0.000003
[999322012] -0.000003
[999331506] 0.000000
[999337730] 0.000000
[999345970] -0.000003
[999352544] -0.000003
[999364784] 0.000000
[999368996] 0.000000
[999375884] -0.000003
[999384916] -0.000003
[999392450] 0.000000
[999398585] 0.000000
[999406679] 0.000000
[999414648] -0.000003
[999422643] -0.000003
[999429601] 0.000000
[999437115] 0.000000
[999445882] -0.000003
[999452752] -0.000003
[999461912] -0.000003
[999467975] 0.000000
[999475752] 0.000000
[999483720] -0.000003
[999491423] -0.000003
[999498989] 0.000000
[999509629] -0.000003
[999515730] -0.000003
[999521553] -0.000003
[999529403] -0.000003
[999539730] -0.000003
[999546320] -0.000003
[999552556] 0.000000
[999561452] 0.000000
[999569616] 0.000000
[999575787] 0.000000
[999584594] 0.000000
[999591583] -0.000003
[999601591] -0.000003
[999606850] -0.000003
[999614787] -0.000003
[999622129] -0.000003
[999631710] 0.000000
[999637909] 0.000000
[999646153] 0.000000
[999652729] 0.000000
[999664862] -0.000003
[999669016] -0.000003
[999675515] -0.000003
[999684679] -0.000003
[999693503] -0.000003
[999699478] 0.000000
[999707339] 0.000000
[999714885] 0.000000
[999723412] 0.000000
[999729692] -0.000003
[999737998] -0.000003
[999746405] -0.000003
[999752894] -0.000003
[999762613] 0.000000
[999768516] 0.000000
[999775682] 0.000000
[999783189] 0.000000
[999791016] -0.000003
[999798680] -0.000003
[999809166] -0.000003
[999815220] -0.000003
[999822092] 0.000000
[999830011] 0.000000
[999840100] 0.000000
[999846042] -0.000003
[999852740] -0.000003
[999862205] 0.000000
[999870164] -0.000003
[999876188] -0.000003
[999885893] 0.000000
[999891413] 0.000000
[999901006] 0.000000
[999907901] 0.000000
[999915082] -0.000003
[999922060] -0.000003
[999931917] -0.000003
[999937957] -0.000003
[999946030] 0.000000
[999952520] 0.000000
[999964538] 0.000000
[999968548] 0.000000
[999975764] -0.000003
[999984487] -0.000003
[999993002] -0.000003
[999998864] -0.000003
[1000007219] -0.000003
[1000014291] 0.000000
[1000022149] 0.000000
[1000030058] 0.000000
[1000038286] 0.000000
[1000045609] 0.000000
[1000052652] -0.000003
[1000062159] -0.000003
[1000068612] -0.000003
[1000075817] -0.000003
[1000083243] -0.000003
[1000090999] 0.000000
[1000098698] 0.000000
[1000109316] 0.000000
[1000114891] 0.000000
[1000122697] -0.000003
[1000129801] -0.000003
[1000140379] -0.000003
[1000146163] -0.000003
[1000152798] 0.000000
[1000162101] 0.000000
[1000170346] 0.000000
[1000176229] -0.000003
[1000184413] -0.000003
[1000191471] -0.000003
[1000200092] -0.000003
[1000207101] 0.000000
[1000214498] 0.000000
[1000221987] 0.000000
[1000231424] 0.000000
[1000237539] 0.000000
[1000246507] -0.000003
[1000252590] -0.000003
[1000264756] -0.000003
[1000268608] 0.000000
[1000276131] 0.000000
[1000285505] 0.000000
[1000292181] 0.000000
[1000298501] 0.000000
[1000307090] -0.000003
[1000314249] -0.000003
[1000322558] -0.000003
[1000329760] -0.000003
[1000338569] 0.000000
[1000346313] 0.000000
[1000352547] 0.000000
[1000409088] 0.000000
[1000413786] 0.000000
[1000422037] 0.000000
[1000428879] 0.000000
[1000440151] -0.000003
[1000445590] -0.000003
[1000451824] -0.000003
[1000459476] -0.000003
[1000468965] 0.000000
[1000475281] 0.000000
[1000482881] 0.000000
[1000490587] -0.000003
[1000500093] -0.000003
[1000506097] -0.000003
[1000513972] -0.000003
[1000520704] 0.000000
[1000530196] 0.000000
[1000536158] 0.000000
[1000545483] 0.000000
[1000551558] -0.000003
[1000561016] -0.000003
[1000567084] -0.000003
[1000575413] 0.000000
[1000583120] 0.000000
[1000592187] 0.000000
[1000597989] 0.000000
[1000605801] -0.000003
[1000613277] -0.000003
[1000622686] -0.000003
[1000628551] -0.000003
[1000636400] 0.000000
[1000645732] 0.000000
[1000651647] 0.000000
[1000659390] 0.000000
[1000667199] -0.000003
[1000674860] -0.000003
[1000682684] -0.000003
[1000690756] -0.000003
[1000698557] -0.000003
[1000751569] 0.000000
[1000755694] -0.000003
[1000763349] 0.000000
[1000771963] 0.000000
[1000779255] 0.000000
[1000787112] 0.000000
[1000841261] -0.000003
[1000846831] 0.000000
[1000853224] 0.000000
[1000864209] -0.000003
[1000868345] -0.000003
[1000876066] -0.000003
[1000886223] -0.000003
[1000892600] 0.000000
[1000899355] 0.000000
[1000908868] 0.000000
[1000915936] 0.000000
[1000922453] -0.000003
[1000930250] -0.000003
[1000938202] -0.000003
[1000949176] -0.000003
[1000953189] -0.000003
[1000963027] 0.000000
[1000969009] 0.000000
[1000978621] 0.000000
[1000983855] 0.000000
[1000992235] -0.000003
[1001000095] -0.000003
[1001009900] -0.000003
[1001015409] 0.000000
[1001023140] 0.000000
[1001030645] 0.000000
[1001040605] 0.000000
[1001046961] -0.000003
[1001053262] -0.000003
[1001062752] -0.000003
[1001070459] 0.000000
[1001076673] 0.000000
[1001084222] 0.000000
[1001092546] 0.000000
[1001101108] -0.000003
[1001108776] -0.000003
[1001115496] -0.000003
[1001123080] -0.000003
[1001132271] 0.000000
[1001140620] 0.000000
[1001145772] 0.000000
[1001153682] 0.000000
[1001163999] -0.000003
[1001168573] -0.000003
[1001177081] -0.000003
[1001185002] -0.000003
[1001193583] 0.000000
[1001199601] 0.000000
[1001209035] 0.000000
[1001215434] 0.000000
[1001223076] 0.000000
[1001230326] -0.000003
[1001238558] -0.000003
[1001248931] -0.000003
[1001253085] -0.000003
[1001262688] 0.000000
[1001268590] 0.000000
[1001278126] 0.000000
[1001284138] 0.000000
[1001292451] 0.000000
[1001299650] -0.000003
[1001311676] -0.000003
[1001316119] -0.000003
[1001322673] -0.000003
[1001330378] 0.000000
[1001341419] 0.000000
[1001347207] 0.000000
[1001353195] 0.000000
[1001361358] -0.000003
[1001370867] -0.000003
[1001376815] -0.000003
[1001384708] -0.000003
[1001391706] 0.000000
[1001401647] 0.000000
[1001408274] 0.000000
[1001415390] 0.000000
[1001422767] 0.000000
[1001432511] -0.000003
[1001439236] -0.000003
[1001446579] -0.000003
[1001453163] -0.000003
[1001463716] 0.000000
[1001468414] 0.000000
[1001475943] 0.000000
[1001485679] -0.000003
[1001492471] -0.000003
[1001500197] -0.000003
[1001507988] -0.000003
[1001515073] -0.000003
[1001523278] 0.000000
[1001530146] 0.000000
[1001539246] 0.000000
[1001548877] 0.000000
[1001553201] 0.000000
[1001561811] -0.000003
[1001568420] -0.000003
[1001578861] -0.000003
[1001583868] -0.000003
[1001591923] 0.000000
[1001599948] 0.000000
[1001611863] 0.000000
[1001616178] 0.000000
[1001622524] -0.000003
[1001631042] -0.000003
[1001640905] -0.000003
[1001647020] -0.000003
[1001653134] 0.000000
[1001662632] 0.000000
[1001670244] 0.000000
[1001676261] 0.000000
[1001685867] -0.000003
[1001692095] -0.000003
[1001701947] -0.000003
[1001707454] -0.000003
[1001715129] 0.000000
[1001722733] 0.000000
[1001732912] 0.000000
[1001738904] 0.000000
[1001747006] -0.000003
[1001753012] -0.000003
[1001765033] -0.000003
[1001769305] -0.000003
[1001776644] 0.000000
[1001785104] 0.000000
[1001793212] 0.000000
[1001799349] 0.000000
[1001808621] -0.000003
[1001815650] -0.000003
[1001822288] -0.000003
[1001830094] -0.000003
[1001837789] -0.000003
[1001849783] 0.000000
[1001854758] 0.000000
[1001862353] 0.000000
[1001868283] 0.000000
[1001875938] -0.000003
[1001883759] -0.000003
[1001891360] -0.000003
[1001899480] 0.000000
[1001911209] 0.000000
[1001915826] 0.000000
[1001922813] 0.000000
[1001930795] 0.000000
[1001941361] -0.000003
[1001947044] -0.000003
[1001953081] -0.000003
[1001962421] -0.000003
[1001970251] 0.000000
[1001975994] 0.000000
[1001985030] 0.000000
[1001991506] 0.000000
[1002001764] -0.000003
[1002007795] -0.000003
[1002015146] -0.000003
[1002022795] -0.000003
[1002031867] 0.000000
[1002039481] 0.000000
[1002046552] 0.000000
[1002053109] 0.000000
[1002063207] 0.000000
[1002069442] -0.000003
[1002075900] -0.000003
[1002085304] 0.000000
[1002091978] 0.000000
[1002099857] 0.000000
[1002107444] 0.000000
[1002114577] -0.000003
[1002122836] -0.000003
[1002130549] -0.000003
[1002137984] -0.000003
[1002146295] 0.000000
[1002154417] 0.000000
[1002162969] 0.000000
[1002169268] 0.000000
[1002178467] 0.000000
[1002184304] 0.000000
[1002192103] -0.000003
[1002200126] -0.000003
[1002211263] -0.000003
[1002215884] 0.000000
[1002222660] 0.000000
[1002230518] 0.000000
[1002242307] 0.000000
[1002247431] -0.000003
[1002253305] -0.000003
[1002261423] -0.000003
[1002271515] 0.000000
[1002276379] 0.000000
[1002285704] 0.000000
[1002292330] 0.000000
[1002300876] 0.000000
[1002307548] 0.000000
[1002315323] -0.000003
[1002323207] -0.000003
[1002332369] 0.000000
[1002338987] 0.000000
[1002346464] 0.000000
[1002353242] 0.000000
[1002363700] -0.000003
[1002368398] -0.000003
[1002376088] -0.000003
[1002385345] -0.000003
[1002392314] 0.000000
[1002400445] 0.000000
[1002408236] 0.000000
[1002415247] 0.000000
[1002423080] 0.000000
[1002430313] -0.000003
[1002438657] -0.000003
[1002446015] -0.000003
[1002453894] -0.000003
[1002461975] 0.000000
[1002468459] 0.000000
[1002477747] 0.000000
[1002484096] -0.000003
[1002491775] -0.000003
[1002499576] -0.000003
[1002511754] -0.000003
[1002516412] -0.000003
[1002522442] -0.000003
[1002530572] 0.000000
[1002541979] 0.000000
[1002546934] 0.000000
[1002553366] -0.000003
[1002563088] -0.000003
[1002570413] -0.000003
[1002576497] -0.000003
[1002584755] 0.000000
[1002592283] 0.000000
[1002602315] 0.000000
[1002608750] 0.000000
[1002615665] 0.000000
[1002622307] -0.000003
[1002632360] -0.000003
[1002638654] 0.000000
[1002646268] 0.000000
[1002653358] 0.000000
[1002663824] 0.000000
[1002668482] -0.000003
[1002676228] -0.000003
[1002684854] -0.000003
[1002692971] -0.000003
[1002699333] 0.000000
[1002708950] 0.000000
[1002715624] 0.000000
[1002722355] 0.000000
[1002730238] -0.000003
[1002738219] -0.000003
[1002746015] -0.000003
[1002776681] 0.000000
[1002780868] 0.000000
[1002788816] -0.000003
[1002796646] -0.000003
[1002804854] -0.000003
[1002814788] -0.000003
[1002819468] 0.000000
[1002827255] 0.000000
[1002883735] 0.000000
