Determining if the pthread_create exist failed with the following output:
Change Dir: /home/nicolas/catkin_ws/build/catkin_tools_prebuild/CMakeFiles/CMakeTmp

Run Build Command:"/usr/bin/make" "cmTC_aa6ee/fast"
/usr/bin/make -f CMakeFiles/cmTC_aa6ee.dir/build.make CMakeFiles/cmTC_aa6ee.dir/build
make[1]: Entering directory '/home/nicolas/catkin_ws/build/catkin_tools_prebuild/CMakeFiles/CMakeTmp'
Building C object CMakeFiles/cmTC_aa6ee.dir/CheckSymbolExists.c.o
/usr/bin/cc     -o CMakeFiles/cmTC_aa6ee.dir/CheckSymbolExists.c.o   -c /home/nicolas/catkin_ws/build/catkin_tools_prebuild/CMakeFiles/CMakeTmp/CheckSymbolExists.c
Linking C executable cmTC_aa6ee
/usr/bin/cmake -E cmake_link_script CMakeFiles/cmTC_aa6ee.dir/link.txt --verbose=1
/usr/bin/cc       CMakeFiles/cmTC_aa6ee.dir/CheckSymbolExists.c.o  -o cmTC_aa6ee -rdynamic 
CMakeFiles/cmTC_aa6ee.dir/CheckSymbolExists.c.o: In function `main':
CheckSymbolExists.c:(.text+0xa): undefined reference to `pthread_create'
collect2: error: ld returned 1 exit status
CMakeFiles/cmTC_aa6ee.dir/build.make:97: recipe for target 'cmTC_aa6ee' failed
make[1]: *** [cmTC_aa6ee] Error 1
make[1]: Leaving directory '/home/nicolas/catkin_ws/build/catkin_tools_prebuild/CMakeFiles/CMakeTmp'
Makefile:126: recipe for target 'cmTC_aa6ee/fast' failed
make: *** [cmTC_aa6ee/fast] Error 2

File /home/nicolas/catkin_ws/build/catkin_tools_prebuild/CMakeFiles/CMakeTmp/CheckSymbolExists.c:
/* */
#include <pthread.h>

int main(int argc, char** argv)
{
  (void)argv;
#ifndef pthread_create
  return ((int*)(&pthread_create))[argc];
#else
  (void)argc;
  return 0;
#endif
}

Determining if the function pthread_create exists in the pthreads failed with the following output:
Change Dir: /home/nicolas/catkin_ws/build/catkin_tools_prebuild/CMakeFiles/CMakeTmp

Run Build Command:"/usr/bin/make" "cmTC_add7f/fast"
/usr/bin/make -f CMakeFiles/cmTC_add7f.dir/build.make CMakeFiles/cmTC_add7f.dir/build
make[1]: Entering directory '/home/nicolas/catkin_ws/build/catkin_tools_prebuild/CMakeFiles/CMakeTmp'
Building C object CMakeFiles/cmTC_add7f.dir/CheckFunctionExists.c.o
/usr/bin/cc    -DCHECK_FUNCTION_EXISTS=pthread_create   -o CMakeFiles/cmTC_add7f.dir/CheckFunctionExists.c.o   -c /usr/share/cmake-3.5/Modules/CheckFunctionExists.c
Linking C executable cmTC_add7f
/usr/bin/cmake -E cmake_link_script CMakeFiles/cmTC_add7f.dir/link.txt --verbose=1
/usr/bin/cc   -DCHECK_FUNCTION_EXISTS=pthread_create    CMakeFiles/cmTC_add7f.dir/CheckFunctionExists.c.o  -o cmTC_add7f -rdynamic -lpthreads 
/usr/bin/ld: cannot find -lpthreads
collect2: error: ld returned 1 exit status
CMakeFiles/cmTC_add7f.dir/build.make:97: recipe for target 'cmTC_add7f' failed
make[1]: *** [cmTC_add7f] Error 1
make[1]: Leaving directory '/home/nicolas/catkin_ws/build/catkin_tools_prebuild/CMakeFiles/CMakeTmp'
Makefile:126: recipe for target 'cmTC_add7f/fast' failed
make: *** [cmTC_add7f/fast] Error 2


