[ 20%] Built target xml_on_the_fly
[ 33%] Built target filter
[ 33%] Built target joint_control
[35m[1mScanning dependencies of target aubo_robot[0m
[ 46%] Built target openloop_control
[ 46%] Built target initial_conditions
[ 66%] Built target grid_trajectory
[ 86%] Built target trajectory_publisher
[ 93%] Built target velocity_estimator
[ 96%] [32mBuilding CXX object CMakeFiles/aubo_robot.dir/src/aubo_robot.cpp.o[0m
[01m[K/home/nicolas/catkin_ws/src/aubo_nico/src/aubo_robot.cpp:[m[K In function ‘[01m[Kint main()[m[K’:
[01m[K/home/nicolas/catkin_ws/src/aubo_nico/src/aubo_robot.cpp:6:34:[m[K [01;31m[Kerror: [m[K‘[01m[KARM_DOF[m[K’ was not declared in this scope
     std::cout << "ARM_DOF = " << ARM_DOF << std::endl;
[01;32m[K                                  ^[m[K
CMakeFiles/aubo_robot.dir/build.make:62: recipe for target 'CMakeFiles/aubo_robot.dir/src/aubo_robot.cpp.o' failed
make[2]: *** [CMakeFiles/aubo_robot.dir/src/aubo_robot.cpp.o] Error 1
CMakeFiles/Makefile2:412: recipe for target 'CMakeFiles/aubo_robot.dir/all' failed
make[1]: *** [CMakeFiles/aubo_robot.dir/all] Error 2
Makefile:138: recipe for target 'all' failed
make: *** [all] Error 2
