Determining if the pthread_create exist failed with the following output:
Change Dir: /home/nicolas/catkin_ws/build/aubo_driver/CMakeFiles/CMakeTmp

Run Build Command:"/usr/bin/make" "cmTC_6906c/fast"
/usr/bin/make -f CMakeFiles/cmTC_6906c.dir/build.make CMakeFiles/cmTC_6906c.dir/build
make[1]: Entering directory '/home/nicolas/catkin_ws/build/aubo_driver/CMakeFiles/CMakeTmp'
Building C object CMakeFiles/cmTC_6906c.dir/CheckSymbolExists.c.o
/usr/bin/cc     -o CMakeFiles/cmTC_6906c.dir/CheckSymbolExists.c.o   -c /home/nicolas/catkin_ws/build/aubo_driver/CMakeFiles/CMakeTmp/CheckSymbolExists.c
Linking C executable cmTC_6906c
/usr/bin/cmake -E cmake_link_script CMakeFiles/cmTC_6906c.dir/link.txt --verbose=1
/usr/bin/cc       CMakeFiles/cmTC_6906c.dir/CheckSymbolExists.c.o  -o cmTC_6906c -rdynamic 
CMakeFiles/cmTC_6906c.dir/CheckSymbolExists.c.o: In function `main':
CheckSymbolExists.c:(.text+0xa): undefined reference to `pthread_create'
collect2: error: ld returned 1 exit status
CMakeFiles/cmTC_6906c.dir/build.make:97: recipe for target 'cmTC_6906c' failed
make[1]: *** [cmTC_6906c] Error 1
make[1]: Leaving directory '/home/nicolas/catkin_ws/build/aubo_driver/CMakeFiles/CMakeTmp'
Makefile:126: recipe for target 'cmTC_6906c/fast' failed
make: *** [cmTC_6906c/fast] Error 2

File /home/nicolas/catkin_ws/build/aubo_driver/CMakeFiles/CMakeTmp/CheckSymbolExists.c:
/* */
#include <pthread.h>

int main(int argc, char** argv)
{
  (void)argv;
#ifndef pthread_create
  return ((int*)(&pthread_create))[argc];
#else
  (void)argc;
  return 0;
#endif
}

Determining if the function pthread_create exists in the pthreads failed with the following output:
Change Dir: /home/nicolas/catkin_ws/build/aubo_driver/CMakeFiles/CMakeTmp

Run Build Command:"/usr/bin/make" "cmTC_b2661/fast"
/usr/bin/make -f CMakeFiles/cmTC_b2661.dir/build.make CMakeFiles/cmTC_b2661.dir/build
make[1]: Entering directory '/home/nicolas/catkin_ws/build/aubo_driver/CMakeFiles/CMakeTmp'
Building C object CMakeFiles/cmTC_b2661.dir/CheckFunctionExists.c.o
/usr/bin/cc    -DCHECK_FUNCTION_EXISTS=pthread_create   -o CMakeFiles/cmTC_b2661.dir/CheckFunctionExists.c.o   -c /usr/share/cmake-3.5/Modules/CheckFunctionExists.c
Linking C executable cmTC_b2661
/usr/bin/cmake -E cmake_link_script CMakeFiles/cmTC_b2661.dir/link.txt --verbose=1
/usr/bin/cc   -DCHECK_FUNCTION_EXISTS=pthread_create    CMakeFiles/cmTC_b2661.dir/CheckFunctionExists.c.o  -o cmTC_b2661 -rdynamic -lpthreads 
/usr/bin/ld: cannot find -lpthreads
collect2: error: ld returned 1 exit status
CMakeFiles/cmTC_b2661.dir/build.make:97: recipe for target 'cmTC_b2661' failed
make[1]: *** [cmTC_b2661] Error 1
make[1]: Leaving directory '/home/nicolas/catkin_ws/build/aubo_driver/CMakeFiles/CMakeTmp'
Makefile:126: recipe for target 'cmTC_b2661/fast' failed
make: *** [cmTC_b2661/fast] Error 2


