[11389960522] 1.570797
[11389966263] 1.570797
[11389972298] 1.570797
[11389976951] 1.570797
[11389985153] 1.570797
[11389989198] 1.570797
[11389993477] 1.570797
[11389999428] 1.570797
[11390006855] 1.570797
[11390012877] 1.570797
[11390017260] 1.570797
[11390021330] 1.570800
[11390027405] 1.570800
[11390032506] 1.570800
[11390038508] 1.570800
[11390046267] 1.570800
[11390050464] 1.570800
[11390054769] 1.570800
[11390060902] 1.570800
[11390065816] 1.570800
[11390073592] 1.570800
[11390077765] 1.570800
[11390082826] 1.570800
[11390089206] 1.570800
[11390093792] 1.570800
[11390102463] 1.570800
[11390108086] 1.570800
[11390112346] 1.570800
[11390116323] 1.570800
[11390121356] 1.570800
[11390127356] 1.570800
[11390135141] 1.570800
[11390139306] 1.570800
[11390143598] 1.570800
[11390149524] 1.570800
[11390155780] 1.570800
[11390162406] 1.570800
[11390166458] 1.570800
[11390171359] 1.570800
[11390177486] 1.570800
[11390183701] 1.570800
[11390188391] 1.570800
[11390195407] 1.570800
[11390199383] 1.570800
[11390206703] 1.570800
[11390211261] 1.570800
[11390216145] 1.570800
[11390223774] 1.570800
[11390227918] 1.570800
[11390232602] 1.570800
[11390238586] 1.570800
[11390244429] 1.570800
[11390249088] 1.570800
[11390255057] 1.570800
[11390260499] 1.570800
[11390266465] 1.570800
[11390271320] 1.570800
[11390277508] 1.570800
[11390285598] 1.570800
[11390289629] 1.570800
[11390293716] 1.570800
[11390300052] 1.570800
[11390305522] 1.570800
[11390312333] 1.570800
[11390316555] 1.570800
[11390321457] 1.570800
[11390327648] 1.570800
[11390332564] 1.570800
[11390338329] 1.570800
[11390345849] 1.570800
[11390349882] 1.570800
[11390354799] 1.570800
[11390361077] 1.570800
[11390366338] 1.570800
[11390420804] 1.570800
[11390425950] 1.570800
[11390432824] 1.570800
[11390436885] 1.570800
[11390441716] 1.570800
[11390449947] 1.570800
[11390454889] 1.570800
[11390459082] 1.570800
[11390465108] 1.570800
[11390469520] 1.570803
[11390477058] 1.570683
[11390481288] 1.570380
[11390486036] 1.569884
[11390493609] 1.569180
[11390497549] 1.568436
[11390504399] 1.567282
[11390509985] 1.566945
[11390514404] 1.566807
[11390519370] 1.566752
[11390525310] 1.566731
[11390531213] 1.566712
[11390536048] 1.566697
[11390542206] 1.566679
[11390547917] 1.566676
[11390555479] 1.566682
[11390559542] 1.566691
[11390563555] 1.566691
[11390569941] 1.566679
[11390576113] 1.566676
[11390582507] 1.566670
[11390586766] 1.566666
[11390591763] 1.566663
[11390597706] 1.566654
[11390602617] 1.566645
[11390609833] 1.566648
[11390617114] 1.566645
[11390621758] 1.566645
[11390626931] 1.566645
[11390631325] 1.566639
[11390636118] 1.566630
[11390644047] 1.566621
[11390649837] 1.566593
[11390654597] 1.566575
[11390658783] 1.566559
[11390664602] 1.566550
[11390669308] 1.566550
[11390675272] 1.566550
[11390681154] 1.566553
[11390685992] 1.566553
[11390692192] 1.566550
[11390697145] 1.566547
[11390705535] 1.566538
[11390710940] 1.566532
[11390715311] 1.566523
[11390719816] 1.566519
[11390726075] 1.566516
[11390732290] 1.566516
[11390736798] 1.566516
[11390741910] 1.566516
[11390749343] 1.566510
[11390754237] 1.566507
[11390758526] 1.566501
[11390764828] 1.566498
[11390769741] 1.566492
[11390776295] 1.566489
[11390780772] 1.566489
[11390787184] 1.566492
[11390793854] 1.566489
[11390798083] 1.566489
[11390802615] 1.566492
[11390810661] 1.566486
[11390815466] 1.566486
[11390821794] 1.566480
[11390825815] 1.566477
[11390830517] 1.566474
[11390836497] 1.566470
[11390841723] 1.566467
[11390849654] 1.566467
[11390857104] 1.566467
[11390861413] 1.566467
[11390865565] 1.566467
[11390870410] 1.566464
[11390876363] 1.566464
[11390882425] 1.566461
[11390886894] 1.566461
[11390891529] 1.566461
[11390897699] 1.566458
[11390903761] 1.566458
[11390909679] 1.566458
[11390915862] 1.566446
[11390920786] 1.566265
[11390926052] 1.565925
[11390930723] 1.565488
[11390936778] 1.564927
[11390943391] 1.564269
[11390947767] 1.563507
[11390952696] 1.562839
[11390959044] 1.562019
[11390963850] 1.561866
[11390972700] 1.561945
[11390978666] 1.562092
[11390983031] 1.562092
[11390987335] 1.562095
[11390991571] 1.562095
[11390997576] 1.562095
[11391006246] 1.562108
[11391011643] 1.562126
[11391016479] 1.562141
[11391021488] 1.562141
[11391026979] 1.562138
[11391032982] 1.562132
[11391037323] 1.562123
[11391041958] 1.562126
[11391048081] 1.562135
[11391053663] 1.562141
[11391058338] 1.562144
[11391066805] 1.562144
[11391071652] 1.562144
[11391076838] 1.562153
[11391081298] 1.562157
[11391086272] 1.562153
[11391093754] 1.562144
[11391097951] 1.562138
[11391102648] 1.562135
[11391110500] 1.562144
[11391115201] 1.562144
[11391119430] 1.562141
[11391125584] 1.562144
[11391130597] 1.562147
[11391136773] 1.562153
[11391141887] 1.562157
[11391149319] 1.562147
[11391156467] 1.562150
[11391160518] 1.562150
[11391164483] 1.562150
[11391169681] 1.562147
[11391176075] 1.562147
[11391182451] 1.562147
[11391186872] 1.562153
[11391191751] 1.562157
[11391197666] 1.562153
[11391202607] 1.562144
[11391212495] 1.562150
[11391217146] 1.562147
[11391222112] 1.562153
[11391227575] 1.562150
[11391231800] 1.562144
[11391236030] 1.562141
[11391244222] 1.562141
[11391250063] 1.562160
[11391254659] 1.562160
[11391259011] 1.562150
[11391264087] 1.562141
[11391271866] 1.562144
[11391276227] 1.562150
[11391280668] 1.562157
[11391286636] 1.562150
[11391291543] 1.562147
[11391297772] 1.562141
[11391305849] 1.562147
[11391311372] 1.562153
[11391315536] 1.562150
[11391320436] 1.562144
[11391326036] 1.562141
[11391332445] 1.562144
[11391336560] 1.562147
[11391341927] 1.562150
[11391349501] 1.562138
[11391354522] 1.561679
[11391358624] 1.561220
[11391364712] 1.561220
[11391370316] 1.560289
[11391376449] 1.559784
[11391381355] 1.559352
[11391386652] 1.558798
[11391394711] 1.557692
[11391399092] 1.557692
[11391403159] 1.557692
[11391409243] 1.557343
[11391414364] 1.557555
[11391419216] 1.557659
[11391425315] 1.557680
[11391431251] 1.557695
[11391436157] 1.557702
[11391442410] 1.557695
[11391448299] 1.557699
[11391456180] 1.557699
[11391460480] 1.557711
[11391464586] 1.557720
[11391469596] 1.557714
[11391475754] 1.557702
[11391482538] 1.557699
[11391486786] 1.557705
[11391491603] 1.557717
[11391497634] 1.557729
[11391504167] 1.557726
[11391509980] 1.557723
[11391517015] 1.557735
[11391522008] 1.557738
[11391527287] 1.557741
[11391531657] 1.557729
[11391536603] 1.557729
[11391545645] 1.557717
[11391551269] 1.557732
[11391556116] 1.557744
[11391560205] 1.557748
[11391564513] 1.557741
[11391571531] 1.557741
[11391576182] 1.557751
[11391580625] 1.557751
[11391586140] 1.557766
[11391592258] 1.557763
[11391597259] 1.557754
[11391606285] 1.557757
[11391612216] 1.557766
[11391616298] 1.557772
[11391620870] 1.557766
[11391626344] 1.557766
[11391632378] 1.557763
[11391637233] 1.557772
[11391641793] 1.557778
[11391649875] 1.557775
[11391654705] 1.557763
[11391659425] 1.557769
[11391665456] 1.557781
[11391670063] 1.557790
[11391675890] 1.557793
[11391680575] 1.557784
[11391686705] 1.557784
[11391693964] 1.557790
[11391698059] 1.557790
[11391702638] 1.557806
[11391709945] 1.557806
[11391714964] 1.557793
[11391721298] 1.557797
[11391725664] 1.557800
[11391730619] 1.557800
[11391736852] 1.557812
[11391741502] 1.557809
[11391749444] 1.557803
[11391756760] 1.557809
[11391760808] 1.557809
[11391764782] 1.557809
[11391769966] 1.557809
[11391775653] 1.557803
[11391782461] 1.557803
[11391786774] 1.557809
[11391792066] 1.557815
[11391798402] 1.557812
[11391803154] 1.557812
[11391809530] 1.557585
[11391817005] 1.557285
[11391821986] 1.557096
[11391827818] 1.556661
[11391832398] 1.556156
[11391836348] 1.555653
[11391844241] 1.555173
[11391848497] 1.555173
[11391852703] 1.554147
[11391858752] 1.552800
[11391864689] 1.552328
[11391869778] 1.552071
[11391878273] 1.551970
[11391882427] 1.552117
[11391886660] 1.552117
[11391892739] 1.552879
[11391897275] 1.553189
[11391905954] 1.553351
[11391911316] 1.553382
[11391916098] 1.553385
[11391921095] 1.553382
[11391926353] 1.553385
[11391932271] 1.553391
[11391936660] 1.553406
[11391941537] 1.553400
[11391949529] 1.553400
[11391954705] 1.553363
[11391958781] 1.553366
[11391964767] 1.553375
[11391970133] 1.553378
[11391976093] 1.553382
[11391980720] 1.553382
[11391986586] 1.553378
[11391993579] 1.553385
[11391997922] 1.553385
[11392002660] 1.553385
[11392010799] 1.553366
[11392015519] 1.553369
[11392022674] 1.553369
[11392028594] 1.553378
[11392032976] 1.553378
[11392037326] 1.553375
[11392041754] 1.553375
[11392049659] 1.553378
[11392057172] 1.553403
[11392061293] 1.553409
[11392065615] 1.553400
[11392070353] 1.553391
[11392076352] 1.553394
[11392082561] 1.553400
[11392086800] 1.553403
[11392091787] 1.553400
[11392097691] 1.553397
[11392102661] 1.553394
[11392113478] 1.553409
[11392117935] 1.553418
[11392123372] 1.553412
[11392128944] 1.553400
[11392133152] 1.553394
[11392137374] 1.553403
[11392143265] 1.553412
[11392147518] 1.553428
[11392153579] 1.553418
[11392158230] 1.553415
[11392164344] 1.553418
[11392172819] 1.553431
[11392179486] 1.553446
[11392183870] 1.553440
[11392187903] 1.553440
[11392192098] 1.553437
[11392197941] 1.553437
[11392205107] 1.553440
[11392210778] 1.553443
[11392215485] 1.553443
[11392220393] 1.553440
[11392226368] 1.553440
[11392232432] 1.553440
[11392236794] 1.553443
[11392241446] 1.553443
[11392249095] 1.553443
[11392254009] 1.553440
[11392258321] 1.553440
[11392266811] 1.553449
[11392271634] 1.553449
[11392276854] 1.553449
[11392281439] 1.553421
[11392286501] 1.553421
[11392293350] 1.553023
[11392297898] 1.552800
[11392302650] 1.552613
[11392310698] 1.551878
[11392315395] 1.551480
[11392322386] 1.551113
[11392328893] 1.550782
[11392333093] 1.550782
[11392337474] 1.549714
[11392341739] 1.548960
[11392349423] 1.548333
[11392356410] 1.547555
[11392360595] 1.547555
[11392364843] 1.547500
[11392369621] 1.547775
[11392375873] 1.548229
[11392382026] 1.548657
[11392386645] 1.548982
[11392391423] 1.548982
[11392404717] 1.549080
[11392408837] 1.549092
[11392421616] 1.549095
[11392429432] 1.549098
[11392433691] 1.549077
[11392437521] 1.549077
[11392444496] 1.549055
[11392450294] 1.549055
[11392454871] 1.549061
[11392458865] 1.549071
[11392464763] 1.549071
[11392471478] 1.549071
[11392475512] 1.549067
[11392481485] 1.549071
[11392487395] 1.549067
[11392492999] 1.549067
[11392497939] 1.549061
[11392504691] 1.549058
[11392510266] 1.549058
[11392515711] 1.549065
[11392520544] 1.549061
[11392528406] 1.549065
[11392533410] 1.549071
[11392537333] 1.549074
[11392543281] 1.549074
[11392549415] 1.549067
[11392554254] 1.549071
[11392559019] 1.549071
[11392564621] 1.549071
[11392571014] 1.549067
[11392578576] 1.549065
[11392582766] 1.549058
[11392586817] 1.549065
[11392594161] 1.549077
[11392598330] 1.549077
[11392604496] 1.549067
[11392610513] 1.549058
[11392614900] 1.549055
[11392621456] 1.549065
[11392625710] 1.549077
[11392631453] 1.549083
[11392637375] 1.549077
[11392643379] 1.549067
[11392649315] 1.549065
[11392655793] 1.549071
[11392659695] 1.549089
[11392664516] 1.549089
[11392670742] 1.549083
[11392677181] 1.549080
[11392682099] 1.549077
[11392686879] 1.549080
[11392692877] 1.549080
[11392697935] 1.549086
[11392704217] 1.549086
[11392712244] 1.549083
[11392716565] 1.549086
[11392721392] 1.549083
[11392727267] 1.549086
[11392731473] 1.549083
[11392737261] 1.549083
[11392744890] 1.549086
[11392750551] 1.549089
[11392754853] 1.549086
[11392759132] 1.549086
[11392765066] 1.549080
[11392771656] 1.549055
[11392775432] 1.548893
[11392781241] 1.548666
[11392787134] 1.548379
[11392793066] 1.547932
[11392797990] 1.547932
[11392804868] 1.546765
[11392809687] 1.546572
[11392815661] 1.546499
[11392820871] 1.546254
[11392827585] 1.545840
[11392832750] 1.545198
[11392836631] 1.545198
[11392842444] 1.543942
[11392850366] 1.543152
[11392854747] 1.543033
[11392859265] 1.543119
[11392864669] 1.543425
[11392871634] 1.543909
[11392877399] 1.544328
[11392881479] 1.544585
[11392887102] 1.544671
[11392894025] 1.544689
[11392898058] 1.544689
[11392903863] 1.544723
[11392910366] 1.544726
[11392914887] 1.544732
[11392921435] 1.544735
[11392925579] 1.544735
[11392931140] 1.544726
[11392937048] 1.544726
[11392942778] 1.544698
[11392949495] 1.544698
[11392955841] 1.544711
[11392959753] 1.544723
[11392964551] 1.544726
[11392971428] 1.544726
[11392977021] 1.544723
[11392982083] 1.544723
[11392986596] 1.544723
[11392992414] 1.544717
[11392998392] 1.544714
[11393005112] 1.544714
[11393012485] 1.544714
[11393016644] 1.544717
[11393021505] 1.544717
[11393027859] 1.544717
[11393032161] 1.544720
[11393036730] 1.544726
[11393043967] 1.544732
[11393049953] 1.544729
[11393054569] 1.544723
[11393058959] 1.544717
[11393064666] 1.544720
[11393071633] 1.544726
[11393075712] 1.544732
[11393081429] 1.544726
[11393087380] 1.544723
[11393092282] 1.544723
[11393098324] 1.544726
[11393105769] 1.544735
[11393111921] 1.544735
[11393116329] 1.544732
[11393121500] 1.544726
[11393127391] 1.544726
[11393153176] 1.544732
[11393157450] 1.544738
[11393165923] 1.544735
[11393170803] 1.544735
[11393176987] 1.544738
[11393181668] 1.544738
[11393185907] 1.544735
[11393192487] 1.544735
[11393197221] 1.544732
[11393202299] 1.544732
[11393209199] 1.544741
[11393216265] 1.544741
[11393224152] 1.544738
[11393228697] 1.544738
[11393233413] 1.544738
[11393237366] 1.544738
[11393241716] 1.544738
[11393247303] 1.544738
[11393255325] 1.544567
