[11389960575] -1.321121
[11389966281] -1.321121
[11389972315] -1.321121
[11389976967] -1.321121
[11389985173] -1.321121
[11389989213] -1.321121
[11389993493] -1.321121
[11389999444] -1.321121
[11390006877] -1.321121
[11390012895] -1.321121
[11390017277] -1.321121
[11390021346] -1.321123
[11390027421] -1.321123
[11390032522] -1.321123
[11390038524] -1.321123
[11390046284] -1.321123
[11390050498] -1.321123
[11390054784] -1.321123
[11390060918] -1.321123
[11390065831] -1.321123
[11390073607] -1.321123
[11390077782] -1.321123
[11390082842] -1.321123
[11390089222] -1.321123
[11390093808] -1.321123
[11390102478] -1.321123
[11390108102] -1.321123
[11390112363] -1.321123
[11390116339] -1.321123
[11390121370] -1.321123
[11390127372] -1.321123
[11390135157] -1.321123
[11390139342] -1.321123
[11390143613] -1.321123
[11390149540] -1.321123
[11390155794] -1.321123
[11390162423] -1.321123
[11390166473] -1.321123
[11390171374] -1.321123
[11390177502] -1.321123
[11390183717] -1.321123
[11390188408] -1.321123
[11390195424] -1.321123
[11390199398] -1.321123
[11390206719] -1.321123
[11390211277] -1.321123
[11390216162] -1.321123
[11390223790] -1.321123
[11390227934] -1.321123
[11390232617] -1.321123
[11390238601] -1.321123
[11390244445] -1.321123
[11390249102] -1.321123
[11390255072] -1.321123
[11390260515] -1.321123
[11390266480] -1.321123
[11390271335] -1.321123
[11390277524] -1.321123
[11390285614] -1.321123
[11390289646] -1.321123
[11390293733] -1.321123
[11390300068] -1.321123
[11390305537] -1.321123
[11390312349] -1.321123
[11390316605] -1.321123
[11390321473] -1.321123
[11390327664] -1.321123
[11390332579] -1.321123
[11390338344] -1.321123
[11390345865] -1.321123
[11390349897] -1.321123
[11390354813] -1.321123
[11390361093] -1.321123
[11390366353] -1.321123
[11390420821] -1.321123
[11390425966] -1.321123
[11390432839] -1.321123
[11390436901] -1.321123
[11390441733] -1.321123
[11390449964] -1.321123
[11390454905] -1.321123
[11390459098] -1.321123
[11390465124] -1.321123
[11390469537] -1.321127
[11390477074] -1.321007
[11390481304] -1.320704
[11390486051] -1.320208
[11390493625] -1.319504
[11390497564] -1.318760
[11390504416] -1.317605
[11390510002] -1.317269
[11390514420] -1.317131
[11390519385] -1.317076
[11390525327] -1.317055
[11390531228] -1.317036
[11390536063] -1.317021
[11390542222] -1.317002
[11390547932] -1.316999
[11390555494] -1.317006
[11390559558] -1.317015
[11390563570] -1.317015
[11390569957] -1.317002
[11390576129] -1.316999
[11390582523] -1.316993
[11390586780] -1.316990
[11390591778] -1.316987
[11390597722] -1.316978
[11390602632] -1.316969
[11390609849] -1.316972
[11390617130] -1.316969
[11390621775] -1.316969
[11390626946] -1.316969
[11390631341] -1.316963
[11390636133] -1.316953
[11390644063] -1.316944
[11390649854] -1.316917
[11390654611] -1.316898
[11390658798] -1.316883
[11390664617] -1.316874
[11390669322] -1.316874
[11390675288] -1.316874
[11390681170] -1.316877
[11390686007] -1.316877
[11390692207] -1.316874
[11390697162] -1.316871
[11390705550] -1.316862
[11390710956] -1.316855
[11390715327] -1.316846
[11390719885] -1.316843
[11390726091] -1.316840
[11390732305] -1.316840
[11390736814] -1.316840
[11390741926] -1.316840
[11390749359] -1.316834
[11390754252] -1.316831
[11390758540] -1.316825
[11390764844] -1.316822
[11390769756] -1.316816
[11390776310] -1.316813
[11390780789] -1.316813
[11390787201] -1.316816
[11390793869] -1.316813
[11390798100] -1.316813
[11390802630] -1.316816
[11390810676] -1.316809
[11390815482] -1.316809
[11390821810] -1.316803
[11390825832] -1.316800
[11390830533] -1.316797
[11390836512] -1.316794
[11390841739] -1.316791
[11390849670] -1.316791
[11390857121] -1.316791
[11390861430] -1.316791
[11390865582] -1.316791
[11390870427] -1.316788
[11390876379] -1.316788
[11390882442] -1.316785
[11390886911] -1.316785
[11390891544] -1.316785
[11390897715] -1.316782
[11390903778] -1.316782
[11390909696] -1.316782
[11390915879] -1.316770
[11390920802] -1.316589
[11390926069] -1.316249
[11390930739] -1.315811
[11390936795] -1.315251
[11390943408] -1.314593
[11390947783] -1.313830
[11390952713] -1.313163
[11390959061] -1.312342
[11390963866] -1.312189
[11390972715] -1.312269
[11390978682] -1.312416
[11390983047] -1.312416
[11390987352] -1.312419
[11390991587] -1.312419
[11390997592] -1.312419
[11391006262] -1.312431
[11391011660] -1.312450
[11391016495] -1.312465
[11391021505] -1.312465
[11391026994] -1.312462
[11391033000] -1.312456
[11391037340] -1.312446
[11391041975] -1.312450
[11391048097] -1.312459
[11391053679] -1.312465
[11391058353] -1.312468
[11391066821] -1.312468
[11391071669] -1.312468
[11391076854] -1.312477
[11391081314] -1.312480
[11391086289] -1.312477
[11391093771] -1.312468
[11391097966] -1.312462
[11391102663] -1.312459
[11391110515] -1.312468
[11391115217] -1.312468
[11391119445] -1.312465
[11391125599] -1.312468
[11391130612] -1.312471
[11391136789] -1.312477
[11391141902] -1.312480
[11391149335] -1.312471
[11391156482] -1.312474
[11391160534] -1.312474
[11391164499] -1.312474
[11391169696] -1.312471
[11391176093] -1.312471
[11391182467] -1.312471
[11391186886] -1.312477
[11391191766] -1.312480
[11391197682] -1.312477
[11391202622] -1.312468
[11391212511] -1.312474
[11391217162] -1.312471
[11391222128] -1.312477
[11391227590] -1.312474
[11391231816] -1.312468
[11391236045] -1.312465
[11391244239] -1.312465
[11391250079] -1.312483
[11391254676] -1.312483
[11391259027] -1.312474
[11391264103] -1.312465
[11391271880] -1.312468
[11391276243] -1.312474
[11391280685] -1.312480
[11391286652] -1.312474
[11391291558] -1.312471
[11391297788] -1.312465
[11391305864] -1.312471
[11391311388] -1.312477
[11391315552] -1.312474
[11391320451] -1.312468
[11391326052] -1.312465
[11391332461] -1.312468
[11391336577] -1.312471
[11391341944] -1.312474
[11391349517] -1.312462
[11391354537] -1.312003
[11391358638] -1.311543
[11391364728] -1.311543
[11391370332] -1.310613
[11391376464] -1.310107
[11391381371] -1.309676
[11391386668] -1.309121
[11391394728] -1.308016
[11391399108] -1.308016
[11391403174] -1.308016
[11391409259] -1.307667
[11391414380] -1.307878
[11391419233] -1.307983
[11391425332] -1.308004
[11391431335] -1.308019
[11391436172] -1.308025
[11391442425] -1.308019
[11391448315] -1.308022
[11391456197] -1.308022
[11391460497] -1.308034
[11391464601] -1.308044
[11391469610] -1.308038
[11391475769] -1.308025
[11391482556] -1.308022
[11391486803] -1.308028
[11391491619] -1.308041
[11391497650] -1.308053
[11391504183] -1.308050
[11391510013] -1.308047
[11391517031] -1.308059
[11391522025] -1.308062
[11391527304] -1.308065
[11391531673] -1.308053
[11391536620] -1.308053
[11391545661] -1.308041
[11391551284] -1.308056
[11391556133] -1.308068
[11391560221] -1.308071
[11391564529] -1.308065
[11391571546] -1.308065
[11391576197] -1.308074
[11391580640] -1.308074
[11391586155] -1.308090
[11391592273] -1.308087
[11391597276] -1.308077
[11391606301] -1.308080
[11391612233] -1.308090
[11391616313] -1.308096
[11391620887] -1.308090
[11391626361] -1.308090
[11391632395] -1.308087
[11391637249] -1.308096
[11391641808] -1.308102
[11391649892] -1.308099
[11391654722] -1.308087
[11391659441] -1.308093
[11391665472] -1.308105
[11391670077] -1.308114
[11391675905] -1.308117
[11391680591] -1.308108
[11391686721] -1.308108
[11391693980] -1.308114
[11391698075] -1.308114
[11391702653] -1.308129
[11391709960] -1.308129
[11391714981] -1.308117
[11391721315] -1.308120
[11391725679] -1.308123
[11391730634] -1.308123
[11391736867] -1.308136
[11391741517] -1.308133
[11391749461] -1.308126
[11391756777] -1.308133
[11391760824] -1.308133
[11391764798] -1.308133
[11391769982] -1.308133
[11391775668] -1.308126
[11391782478] -1.308126
[11391786791] -1.308133
[11391792080] -1.308139
[11391798417] -1.308136
[11391803169] -1.308136
[11391809545] -1.307909
[11391817022] -1.307609
[11391822003] -1.307419
[11391827834] -1.306984
[11391832414] -1.306479
[11391836363] -1.305977
[11391844257] -1.305496
[11391848514] -1.305496
[11391852719] -1.304471
[11391858768] -1.303123
[11391864706] -1.302652
[11391869793] -1.302395
[11391878290] -1.302294
[11391882443] -1.302441
[11391886674] -1.302441
[11391892756] -1.303203
[11391897291] -1.303512
[11391905971] -1.303675
[11391911332] -1.303705
[11391916115] -1.303708
[11391921110] -1.303705
[11391926368] -1.303708
[11391932287] -1.303714
[11391936677] -1.303730
[11391941553] -1.303724
[11391949546] -1.303724
[11391954722] -1.303687
[11391958798] -1.303690
[11391964783] -1.303699
[11391970149] -1.303702
[11391976109] -1.303705
[11391980749] -1.303705
[11391986602] -1.303702
[11391993594] -1.303708
[11391997937] -1.303708
[11392002675] -1.303708
[11392010815] -1.303690
[11392015534] -1.303693
[11392022691] -1.303693
[11392028610] -1.303702
[11392032992] -1.303702
[11392037343] -1.303699
[11392041770] -1.303699
[11392049676] -1.303702
[11392057189] -1.303727
[11392061308] -1.303733
[11392065631] -1.303724
[11392070368] -1.303714
[11392076369] -1.303717
[11392082578] -1.303724
[11392086816] -1.303727
[11392091803] -1.303724
[11392097707] -1.303721
[11392102676] -1.303717
[11392113495] -1.303733
[11392117952] -1.303742
[11392123389] -1.303736
[11392128961] -1.303724
[11392133168] -1.303717
[11392137389] -1.303727
[11392143280] -1.303736
[11392147534] -1.303751
[11392153595] -1.303742
[11392158246] -1.303739
[11392164360] -1.303742
[11392172835] -1.303754
[11392179503] -1.303770
[11392183887] -1.303763
[11392187918] -1.303763
[11392192113] -1.303760
[11392197957] -1.303760
[11392205122] -1.303763
[11392210793] -1.303766
[11392215501] -1.303766
[11392220408] -1.303763
[11392226384] -1.303763
[11392232449] -1.303763
[11392236809] -1.303766
[11392241461] -1.303766
[11392249111] -1.303766
[11392254024] -1.303763
[11392258336] -1.303763
[11392266828] -1.303773
[11392271651] -1.303773
[11392276869] -1.303773
[11392281455] -1.303745
[11392286517] -1.303745
[11392293365] -1.303347
[11392297914] -1.303123
[11392302665] -1.302937
[11392310715] -1.302202
[11392315412] -1.301804
[11392322403] -1.301437
[11392328909] -1.301106
[11392333109] -1.301106
[11392337491] -1.300037
[11392341756] -1.299284
[11392349441] -1.298656
[11392356426] -1.297879
[11392360610] -1.297879
[11392364859] -1.297824
[11392369638] -1.298099
[11392375888] -1.298552
[11392382042] -1.298981
[11392386660] -1.299306
[11392391438] -1.299306
[11392404733] -1.299403
[11392408855] -1.299416
[11392421633] -1.299419
[11392429448] -1.299422
[11392433706] -1.299400
[11392437536] -1.299400
[11392444513] -1.299379
[11392450311] -1.299379
[11392454886] -1.299385
[11392458880] -1.299394
[11392464779] -1.299394
[11392471494] -1.299394
[11392475527] -1.299391
[11392481501] -1.299394
[11392487411] -1.299391
[11392493014] -1.299391
[11392497954] -1.299385
[11392504707] -1.299382
[11392510281] -1.299382
[11392515727] -1.299388
[11392520559] -1.299385
[11392528421] -1.299388
[11392533426] -1.299394
[11392537348] -1.299397
[11392543295] -1.299397
[11392549431] -1.299391
[11392554269] -1.299394
[11392559033] -1.299394
[11392564637] -1.299394
[11392571029] -1.299391
[11392578592] -1.299388
[11392582782] -1.299382
[11392586832] -1.299388
[11392594177] -1.299400
[11392598346] -1.299400
[11392604511] -1.299391
[11392610530] -1.299382
[11392614917] -1.299379
[11392621472] -1.299388
[11392625726] -1.299400
[11392631470] -1.299407
[11392637390] -1.299400
[11392643394] -1.299391
[11392649331] -1.299388
[11392655808] -1.299394
[11392659710] -1.299413
[11392664532] -1.299413
[11392670758] -1.299407
[11392677196] -1.299403
[11392682115] -1.299400
[11392686894] -1.299403
[11392692892] -1.299403
[11392697952] -1.299410
[11392704234] -1.299410
[11392712261] -1.299407
[11392716581] -1.299410
[11392721407] -1.299407
[11392727281] -1.299410
[11392731489] -1.299407
[11392737277] -1.299407
[11392744904] -1.299410
[11392750567] -1.299413
[11392754869] -1.299410
[11392759149] -1.299410
[11392765082] -1.299403
[11392771671] -1.299379
[11392775447] -1.299217
[11392781256] -1.298990
[11392787149] -1.298702
[11392793083] -1.298255
[11392798006] -1.298255
[11392804885] -1.297089
[11392809701] -1.296896
[11392815676] -1.296822
[11392820888] -1.296578
[11392827602] -1.296164
[11392832766] -1.295521
[11392836646] -1.295521
[11392842460] -1.294266
[11392850382] -1.293476
[11392854763] -1.293357
[11392859281] -1.293442
[11392864818] -1.293748
[11392871652] -1.294232
[11392877418] -1.294652
[11392881497] -1.294909
[11392887119] -1.294995
[11392894041] -1.295013
[11392898074] -1.295013
[11392903880] -1.295047
[11392910383] -1.295050
[11392914903] -1.295056
[11392921452] -1.295059
[11392925593] -1.295059
[11392931155] -1.295050
[11392937064] -1.295050
[11392942804] -1.295022
[11392949512] -1.295022
[11392955856] -1.295034
[11392959769] -1.295047
[11392964567] -1.295050
[11392971444] -1.295050
[11392977038] -1.295047
[11392982100] -1.295047
[11392986613] -1.295047
[11392992430] -1.295040
[11392998408] -1.295037
[11393005129] -1.295037
[11393012502] -1.295037
[11393016660] -1.295040
[11393021521] -1.295040
[11393027875] -1.295040
[11393032178] -1.295044
[11393036746] -1.295050
[11393043982] -1.295056
[11393049968] -1.295053
[11393054585] -1.295047
[11393058980] -1.295040
[11393064683] -1.295044
[11393071650] -1.295050
[11393075727] -1.295056
[11393081446] -1.295050
[11393087397] -1.295047
[11393092297] -1.295047
[11393098340] -1.295050
[11393105786] -1.295059
[11393111937] -1.295059
[11393116345] -1.295056
[11393121517] -1.295050
[11393127407] -1.295050
[11393153196] -1.295056
[11393157467] -1.295062
[11393165940] -1.295059
[11393170819] -1.295059
[11393177003] -1.295062
[11393181683] -1.295062
[11393185922] -1.295059
[11393192502] -1.295059
[11393197237] -1.295056
[11393202345] -1.295056
[11393209215] -1.295065
[11393216282] -1.295065
[11393224169] -1.295062
[11393228713] -1.295062
[11393233429] -1.295062
[11393237382] -1.295062
[11393241731] -1.295062
[11393247320] -1.295062
[11393255341] -1.294890
