[11225941638] 1.570788
[11225993521] 1.570791
[11226049267] 1.570791
[11226101779] 1.570791
[11226153149] 1.570794
[11226205618] 1.570794
[11226257129] 1.570794
[11226310082] 1.570794
[11226361071] 1.570794
[11226414636] 1.570797
[11226469313] 1.570797
[11226520714] 1.570797
[11226573316] 1.570797
[11226629373] 1.570797
[11226680929] 1.570797
[11226733272] 1.570797
[11226784854] 1.570797
[11226837397] 1.570797
[11226889191] 1.570797
[11226940947] 1.570797
[11226993460] 1.570797
[11227044630] 1.570797
[11227097490] 1.570797
[11227161258] 1.570797
[11227213597] 1.570797
[11227265346] 1.570797
[11227317723] 1.570797
[11227369441] 1.570797
[11227421130] 1.570797
[11227473124] 1.570797
[11227525810] 1.570797
[11227578508] 1.570797
[11227629263] 1.570797
[11227681362] 1.570797
[11227733416] 1.570797
[11227784974] 1.570797
[11227838603] 1.570797
[11227888604] 1.570797
[11227941711] 1.570797
[11227993523] 1.570797
[11228047212] 1.570797
[11228108371] 1.570797
[11228165256] 1.570797
[11228216964] 1.570797
[11228269622] 1.570797
[11228321016] 1.570797
[11228373715] 1.570797
[11228425171] 1.570797
[11228478435] 1.570797
[11228529498] 1.570797
[11228583151] 1.570797
[11228636226] 1.570797
[11228685114] 1.570797
[11228738354] 1.570797
[11228793606] 1.570797
[11228845363] 1.570797
[11228945194] 1.570797
[11228950807] 1.570797
[11229010988] 1.570797
[11229066896] 1.570797
[11229121397] 1.570797
[11229172383] 1.570797
[11229225411] 1.570797
[11229278341] 1.570797
[11229331799] 1.570797
[11229385626] 1.570797
[11229437680] 1.570797
[11229493212] 1.570797
