[11225941693] -1.321111
[11225993540] -1.321114
[11226049286] -1.321114
[11226101796] -1.321114
[11226153169] -1.321117
[11226205635] -1.321117
[11226257145] -1.321117
[11226310098] -1.321117
[11226361091] -1.321117
[11226414653] -1.321121
[11226469331] -1.321121
[11226520732] -1.321121
[11226573333] -1.321121
[11226629391] -1.321121
[11226680952] -1.321121
[11226733289] -1.321121
[11226784898] -1.321121
[11226837414] -1.321121
[11226889211] -1.321121
[11226940964] -1.321121
[11226993478] -1.321121
[11227044648] -1.321121
[11227097508] -1.321121
[11227161275] -1.321121
[11227213614] -1.321121
[11227265363] -1.321121
[11227317740] -1.321121
[11227369460] -1.321121
[11227421147] -1.321121
[11227473142] -1.321121
[11227525827] -1.321121
[11227578526] -1.321121
[11227629298] -1.321121
[11227681381] -1.321121
[11227733434] -1.321121
[11227784992] -1.321121
[11227838622] -1.321121
[11227888621] -1.321121
[11227941730] -1.321121
[11227993540] -1.321121
[11228047230] -1.321121
[11228108388] -1.321121
[11228165274] -1.321121
[11228216981] -1.321121
[11228269640] -1.321121
[11228321033] -1.321121
[11228373733] -1.321121
[11228425189] -1.321121
[11228478454] -1.321121
[11228529517] -1.321121
[11228583171] -1.321121
[11228636244] -1.321121
[11228685135] -1.321121
[11228738372] -1.321121
[11228793624] -1.321121
[11228845382] -1.321121
[11228945211] -1.321121
[11228950824] -1.321121
[11229011006] -1.321121
[11229066913] -1.321121
[11229121415] -1.321121
[11229172401] -1.321121
[11229225428] -1.321121
[11229278358] -1.321121
[11229331843] -1.321121
[11229385644] -1.321121
[11229437697] -1.321121
[11229493229] -1.321121
