Symlinking /home/nicolas/catkin_ws/devel/share/gennodejs/ros/jog_msgs/_index.js
Symlinking /home/nicolas/catkin_ws/devel/share/gennodejs/ros/jog_msgs/msg/JogFrame.js
Symlinking /home/nicolas/catkin_ws/devel/share/gennodejs/ros/jog_msgs/msg/JogJoint.js
Symlinking /home/nicolas/catkin_ws/devel/share/gennodejs/ros/jog_msgs/msg/_index.js
Symlinking /home/nicolas/catkin_ws/devel/share/roseus/ros/jog_msgs/manifest.l
Symlinking /home/nicolas/catkin_ws/devel/share/roseus/ros/jog_msgs/msg/JogFrame.l
Symlinking /home/nicolas/catkin_ws/devel/share/roseus/ros/jog_msgs/msg/JogJoint.l
Symlinking /home/nicolas/catkin_ws/devel/share/jog_msgs/cmake/jog_msgsConfig-version.cmake
Symlinking /home/nicolas/catkin_ws/devel/share/jog_msgs/cmake/jog_msgs-msg-paths.cmake
Symlinking /home/nicolas/catkin_ws/devel/share/jog_msgs/cmake/jog_msgs-msg-extras.cmake
Symlinking /home/nicolas/catkin_ws/devel/share/jog_msgs/cmake/jog_msgsConfig.cmake
Symlinking /home/nicolas/catkin_ws/devel/share/common-lisp/ros/jog_msgs/msg/jog_msgs-msg.asd
Symlinking /home/nicolas/catkin_ws/devel/share/common-lisp/ros/jog_msgs/msg/JogFrame.lisp
Symlinking /home/nicolas/catkin_ws/devel/share/common-lisp/ros/jog_msgs/msg/_package_JogJoint.lisp
Symlinking /home/nicolas/catkin_ws/devel/share/common-lisp/ros/jog_msgs/msg/_package_JogFrame.lisp
Symlinking /home/nicolas/catkin_ws/devel/share/common-lisp/ros/jog_msgs/msg/_package.lisp
Symlinking /home/nicolas/catkin_ws/devel/share/common-lisp/ros/jog_msgs/msg/JogJoint.lisp
Symlinking /home/nicolas/catkin_ws/devel/lib/python2.7/dist-packages/jog_msgs/__init__.py
Symlinking /home/nicolas/catkin_ws/devel/lib/python2.7/dist-packages/jog_msgs/msg/__init__.py
Symlinking /home/nicolas/catkin_ws/devel/lib/python2.7/dist-packages/jog_msgs/msg/_JogFrame.py
Symlinking /home/nicolas/catkin_ws/devel/lib/python2.7/dist-packages/jog_msgs/msg/_JogJoint.py
Symlinking /home/nicolas/catkin_ws/devel/lib/pkgconfig/jog_msgs.pc
Symlinking /home/nicolas/catkin_ws/devel/include/jog_msgs/JogFrame.h
Symlinking /home/nicolas/catkin_ws/devel/include/jog_msgs/JogJoint.h
