[35m[1mScanning dependencies of target _jog_msgs_generate_messages_check_deps_JogJoint[0m
[  0%] Built target _jog_msgs_generate_messages_check_deps_JogJoint
[35m[1mScanning dependencies of target std_msgs_generate_messages_eus[0m
[  0%] Built target std_msgs_generate_messages_eus
[35m[1mScanning dependencies of target _jog_msgs_generate_messages_check_deps_JogFrame[0m
[35m[1mScanning dependencies of target geometry_msgs_generate_messages_eus[0m
[  0%] Built target geometry_msgs_generate_messages_eus
[35m[1mScanning dependencies of target std_msgs_generate_messages_py[0m
[  0%] Built target std_msgs_generate_messages_py
[35m[1mScanning dependencies of target geometry_msgs_generate_messages_py[0m
[  0%] Built target _jog_msgs_generate_messages_check_deps_JogFrame
[  0%] Built target geometry_msgs_generate_messages_py
[35m[1mScanning dependencies of target std_msgs_generate_messages_lisp[0m
[35m[1mScanning dependencies of target geometry_msgs_generate_messages_lisp[0m
[  0%] Built target std_msgs_generate_messages_lisp
[  0%] Built target geometry_msgs_generate_messages_lisp
[35m[1mScanning dependencies of target std_msgs_generate_messages_nodejs[0m
[  0%] Built target std_msgs_generate_messages_nodejs
[35m[1mScanning dependencies of target geometry_msgs_generate_messages_nodejs[0m
[  0%] Built target geometry_msgs_generate_messages_nodejs
[35m[1mScanning dependencies of target std_msgs_generate_messages_cpp[0m
[35m[1mScanning dependencies of target geometry_msgs_generate_messages_cpp[0m
[  0%] Built target geometry_msgs_generate_messages_cpp
[35m[1mScanning dependencies of target jog_msgs_generate_messages_eus[0m
[  0%] Built target std_msgs_generate_messages_cpp
[35m[1mScanning dependencies of target jog_msgs_generate_messages_py[0m
[35m[1mScanning dependencies of target jog_msgs_generate_messages_lisp[0m
[  8%] [34m[1mGenerating EusLisp code from jog_msgs/JogJoint.msg[0m
[ 16%] [34m[1mGenerating Lisp code from jog_msgs/JogJoint.msg[0m
[ 25%] [34m[1mGenerating Python from MSG jog_msgs/JogJoint[0m
[ 33%] [34m[1mGenerating Lisp code from jog_msgs/JogFrame.msg[0m
[ 41%] [34m[1mGenerating EusLisp code from jog_msgs/JogFrame.msg[0m
[ 41%] Built target jog_msgs_generate_messages_lisp
[ 50%] [34m[1mGenerating Python from MSG jog_msgs/JogFrame[0m
[ 58%] [34m[1mGenerating EusLisp manifest code for jog_msgs[0m
[35m[1mScanning dependencies of target jog_msgs_generate_messages_nodejs[0m
[ 66%] [34m[1mGenerating Javascript code from jog_msgs/JogJoint.msg[0m
[ 75%] [34m[1mGenerating Javascript code from jog_msgs/JogFrame.msg[0m
[ 83%] [34m[1mGenerating Python msg __init__.py for jog_msgs[0m
[ 83%] Built target jog_msgs_generate_messages_nodejs
[35m[1mScanning dependencies of target jog_msgs_generate_messages_cpp[0m
[ 91%] [34m[1mGenerating C++ code from jog_msgs/JogJoint.msg[0m
[ 91%] Built target jog_msgs_generate_messages_py
[100%] [34m[1mGenerating C++ code from jog_msgs/JogFrame.msg[0m
[100%] Built target jog_msgs_generate_messages_cpp
[100%] Built target jog_msgs_generate_messages_eus
[35m[1mScanning dependencies of target jog_msgs_generate_messages[0m
[100%] Built target jog_msgs_generate_messages
