Determining if the pthread_create exist failed with the following output:
Change Dir: /home/nicolas/catkin_ws/build/moveit_tutorials/CMakeFiles/CMakeTmp

Run Build Command:"/usr/bin/make" "cmTC_46142/fast"
/usr/bin/make -f CMakeFiles/cmTC_46142.dir/build.make CMakeFiles/cmTC_46142.dir/build
make[1]: Entering directory '/home/nicolas/catkin_ws/build/moveit_tutorials/CMakeFiles/CMakeTmp'
Building C object CMakeFiles/cmTC_46142.dir/CheckSymbolExists.c.o
/usr/bin/cc     -o CMakeFiles/cmTC_46142.dir/CheckSymbolExists.c.o   -c /home/nicolas/catkin_ws/build/moveit_tutorials/CMakeFiles/CMakeTmp/CheckSymbolExists.c
Linking C executable cmTC_46142
/usr/bin/cmake -E cmake_link_script CMakeFiles/cmTC_46142.dir/link.txt --verbose=1
/usr/bin/cc       CMakeFiles/cmTC_46142.dir/CheckSymbolExists.c.o  -o cmTC_46142 -rdynamic 
CMakeFiles/cmTC_46142.dir/CheckSymbolExists.c.o: In function `main':
CheckSymbolExists.c:(.text+0xa): undefined reference to `pthread_create'
collect2: error: ld returned 1 exit status
CMakeFiles/cmTC_46142.dir/build.make:97: recipe for target 'cmTC_46142' failed
make[1]: *** [cmTC_46142] Error 1
make[1]: Leaving directory '/home/nicolas/catkin_ws/build/moveit_tutorials/CMakeFiles/CMakeTmp'
Makefile:126: recipe for target 'cmTC_46142/fast' failed
make: *** [cmTC_46142/fast] Error 2

File /home/nicolas/catkin_ws/build/moveit_tutorials/CMakeFiles/CMakeTmp/CheckSymbolExists.c:
/* */
#include <pthread.h>

int main(int argc, char** argv)
{
  (void)argv;
#ifndef pthread_create
  return ((int*)(&pthread_create))[argc];
#else
  (void)argc;
  return 0;
#endif
}

Determining if the function pthread_create exists in the pthreads failed with the following output:
Change Dir: /home/nicolas/catkin_ws/build/moveit_tutorials/CMakeFiles/CMakeTmp

Run Build Command:"/usr/bin/make" "cmTC_49c4b/fast"
/usr/bin/make -f CMakeFiles/cmTC_49c4b.dir/build.make CMakeFiles/cmTC_49c4b.dir/build
make[1]: Entering directory '/home/nicolas/catkin_ws/build/moveit_tutorials/CMakeFiles/CMakeTmp'
Building C object CMakeFiles/cmTC_49c4b.dir/CheckFunctionExists.c.o
/usr/bin/cc    -DCHECK_FUNCTION_EXISTS=pthread_create   -o CMakeFiles/cmTC_49c4b.dir/CheckFunctionExists.c.o   -c /usr/share/cmake-3.5/Modules/CheckFunctionExists.c
Linking C executable cmTC_49c4b
/usr/bin/cmake -E cmake_link_script CMakeFiles/cmTC_49c4b.dir/link.txt --verbose=1
/usr/bin/cc   -DCHECK_FUNCTION_EXISTS=pthread_create    CMakeFiles/cmTC_49c4b.dir/CheckFunctionExists.c.o  -o cmTC_49c4b -rdynamic -lpthreads 
/usr/bin/ld: cannot find -lpthreads
collect2: error: ld returned 1 exit status
CMakeFiles/cmTC_49c4b.dir/build.make:97: recipe for target 'cmTC_49c4b' failed
make[1]: *** [cmTC_49c4b] Error 1
make[1]: Leaving directory '/home/nicolas/catkin_ws/build/moveit_tutorials/CMakeFiles/CMakeTmp'
Makefile:126: recipe for target 'cmTC_49c4b/fast' failed
make: *** [cmTC_49c4b/fast] Error 2


