[1742486657] 1.570785
[1742495895] 1.570785
[1742502223] 1.570785
[1742509779] 1.570785
[1742518033] 1.570785
[1742528552] 1.570785
[1742533467] 1.570788
[1742540835] 1.570788
[1742548232] 1.570788
[1742555980] 1.570788
[1742563811] 1.570788
[1742571555] 1.570788
[1742579047] 1.570788
[1742586715] 1.570788
[1742594545] 1.570788
[1742602110] 1.570788
[1742609710] 1.570788
[1742618048] 1.570791
[1742626120] 1.570791
[1742634800] 1.570791
[1742642569] 1.570791
[1742648417] 1.570791
[1742655919] 1.570791
[1742663780] 1.570791
[1742673189] 1.570791
[1742679050] 1.570791
[1742686695] 1.570791
[1742694321] 1.570791
[1742703861] 1.570791
[1742709886] 1.570791
[1742718201] 1.570791
[1742727407] 1.570794
[1742736460] 1.570794
[1742740538] 1.570794
[1742748379] 1.570794
[1742755868] 1.570794
[1742765110] 1.570794
[1742771412] 1.570794
[1742779355] 1.570794
[1742787050] 1.570794
[1742794453] 1.570794
[1742802118] 1.570794
[1742810320] 1.570794
[1742817893] 1.570794
[1742827861] 1.570794
[1742834943] 1.570794
[1742840726] 1.570794
[1742848324] 1.570794
[1742855889] 1.570794
[1742863720] 1.570797
[1742871322] 1.570797
[1742879173] 1.570797
[1742887167] 1.570797
[1742894493] 1.570797
[1742947305] 1.570797
[1742952310] 1.570797
[1743003758] 1.570439
[1743008255] 1.569976
[1743016631] 1.569339
[1743024459] 1.567582
[1743033470] 1.566183
[1743040413] 1.565714
[1743047358] 1.565347
[1743054691] 1.565270
[1743064128] 1.565178
[1743071665] 1.565154
[1743077735] 1.565142
[1743085082] 1.565145
[1743094186] 1.565142
[1743100469] 1.565136
[1743107986] 1.565096
[1743126234] 1.565041
[1743136291] 1.565022
[1743143968] 1.565022
[1743149562] 1.565022
[1743156102] 1.565019
[1743164145] 1.564995
[1743172421] 1.564949
[1743179015] 1.564927
[1743186684] 1.564906
[1743196753] 1.564875
[1743202314] 1.564875
[1743211903] 1.564875
[1743218549] 1.564872
[1743225814] 1.564872
[1743234646] 1.564857
[1743242946] 1.564848
[1743248628] 1.564845
[1743256433] 1.564842
[1743264431] 1.564839
[1743274479] 1.564833
[1743280069] 1.564829
[1743286704] 1.564826
[1743294221] 1.564814
[1743303926] 1.564649
[1743309870] 1.564321
[1743318170] 1.563051
[1743329088] 1.561281
[1743336162] 1.560485
[1743342049] 1.559857
[1743348726] 1.559208
[1743356153] 1.559122
[1743364937] 1.559024
[1743372840] 1.559009
[1743378969] 1.559012
[1743386733] 1.559021
[1743394265] 1.559034
[1743402007] 1.559031
[1743410443] 1.559018
[1743417679] 1.559003
[1743427149] 1.558991
[1743435038] 1.558985
[1743443159] 1.558988
[1743448636] 1.558991
[1743456569] 1.558994
[1743465723] 1.558991
[1743473026] 1.558969
[1743478905] 1.558957
[1743486795] 1.558933
[1743496841] 1.558675
[1743502536] 1.557833
[1743512120] 1.557120
[1743518227] 1.555356
[1743525684] 1.554520
[1743534821] 1.553277
[1743542784] 1.552824
[1743548432] 1.552870
[1743556023] 1.552935
[1743564282] 1.552913
[1743574751] 1.552919
[1743578934] 1.552925
[1743586779] 1.552932
[1743595599] 1.552941
[1743604144] 1.552932
[1743610253] 1.552919
[1743618587] 1.552714
[1743625829] 1.552353
[1743636401] 1.551052
[1743641921] 1.550148
[1743649198] 1.548348
[1743656124] 1.547635
[1743665553] 1.546728
[1743671976] 1.546560
[1743679976] 1.546719
[1743687262] 1.546823
[1743696912] 1.546747
[1743703570] 1.546242
[1743709976] 1.545761
[1743718590] 1.544196
[1743728808] 1.542408
[1743733479] 1.541621
[1743741832] 1.540963
[1743748940] 1.540277
[1743757058] 1.540140
[1743764814] 1.539420
[1743772572] 1.538033
[1743778921] 1.537108
[1743787036] 1.536208
[1743796103] 1.534540
[1743802545] 1.532739
[1743812698] 1.530752
[1743817792] 1.529773
[1743825645] 1.528640
[1743834656] 1.526760
[1743843320] 1.524139
[1743849455] 1.522807
[1743856147] 1.521570
[1743864850] 1.519809
[1743874958] 1.517553
[1743879035] 1.516319
[1743887129] 1.515168
[1743895630] 1.513193
[1743904373] 1.511442
[1743910734] 1.510487
[1743918279] 1.508815
[1743926989] 1.507863
[1743935565] 1.505952
[1743943973] 1.504081
[1743948631] 1.503310
[1743956354] 1.502440
[1743964702] 1.500536
[1743972713] 1.498135
[1743979178] 1.496825
[1743986598] 1.495567
[1743994494] 1.493393
[1744001918] 1.492437
[1744009804] 1.490129
[1744018062] 1.488081
[1744027364] 1.487300
[1744034429] 1.485919
[1744041984] 1.485328
[1744048898] 1.483950
[1744056567] 1.483118
[1744065378] 1.480827
[1744072622] 1.478724
[1744081344] 1.477891
[1744087462] 1.476467
[1744095791] 1.475448
[1744102129] 1.474330
[1744111586] 1.472597
[1744117785] 1.471171
[1744126301] 1.470485
[1744134578] 1.468789
[1744142734] 1.467019
[1744148342] 1.466143
[1744156097] 1.465448
[1744164705] 1.463565
[1744174755] 1.461431
[1744178747] 1.460611
[1744186938] 1.459855
[1744195768] 1.458694
[1744203984] 1.457430
[1744210013] 1.456649
[1744218540] 1.454754
[1744226481] 1.453927
[1744236142] 1.452445
[1744241741] 1.451784
[1744248751] 1.449573
[1744256581] 1.449573
[1744264762] 1.446248
[1744272619] 1.444748
[1744279299] 1.444145
[1744287028] 1.443615
[1744294660] 1.443079
[1744302759] 1.442265
[1744311252] 1.441698
[1744317843] 1.439901
[1744326715] 1.439001
[1744334794] 1.437495
[1744342367] 1.436114
[1744351316] 1.435060
[1744356323] 1.433952
[1744365828] 1.432002
[1744372625] 1.430364
[1744380696] 1.429402
[1744387627] 1.427967
[1744395705] 1.427351
[1744401936] 1.426638
[1744411406] 1.425033
[1744417742] 1.422856
[1744426471] 1.421714
[1744434431] 1.419923
[1744442846] 1.418500
[1744448523] 1.417394
[1744456120] 1.416249
[1744465812] 1.414308
[1744474847] 1.412731
[1744479010] 1.411785
[1744486817] 1.410931
[1744496644] 1.409272
[1744504188] 1.407514
[1744510696] 1.406534
[1744517679] 1.404850
[1744527447] 1.403114
[1744537068] 1.402184
[1744543181] 1.400420
[1744548720] 1.399832
[1744556701] 1.399382
[1744564597] 1.398274
[1744572650] 1.396287
[1744578938] 1.395050
[1744587051] 1.393923
[1744594867] 1.392199
[1744602362] 1.390604
[1744609868] 1.389575
[1744618825] 1.387741
[1744626866] 1.386893
[1744633242] 1.385228
[1744643398] 1.383424
[1744650519] 1.382625
[1744656462] 1.381817
[1744664792] 1.380249
[1744672567] 1.377656
[1744680604] 1.376300
[1744686846] 1.375053
[1744695756] 1.373256
[1744702307] 1.371288
[1744712172] 1.370130
[1744718384] 1.368195
[1744726633] 1.367494
[1744734179] 1.365525
[1744743256] 1.363410
[1744749191] 1.362534
[1744755993] 1.361827
[1744764943] 1.359827
[1744774788] 1.357641
[1744779088] 1.356729
[1744787564] 1.355170
[1744795788] 1.354344
[1744803475] 1.352550
[1744810529] 1.351619
[1744817866] 1.350063
[1744827529] 1.348704
[1744836351] 1.347654
[1744842965] 1.345529
[1744849258] 1.344669
[1744856044] 1.343968
[1744864104] 1.342311
[1744871267] 1.341512
[1744879063] 1.340088
[1744887315] 1.339430
[1744898331] 1.336347
[1744902829] 1.335324
[1744909645] 1.334400
[1744918289] 1.332847
[1744928166] 1.330370
[1744933649] 1.329351
[1744942619] 1.327743
[1744950822] 1.326960
[1744956296] 1.326108
[1744965467] 1.324235
[1744972377] 1.322649
[1744981482] 1.322076
[1744987396] 1.321436
[1744995893] 1.320083
[1745002341] 1.318641
[1745012183] 1.317891
[1745018694] 1.316403
[1745026361] 1.315325
[1745034452] 1.313344
[1745043517] 1.311758
[1745048322] 1.310726
[1745056482] 1.309762
[1745064625] 1.308895
[1745075107] 1.306213
[1745079732] 1.305482
[1745087955] 1.304113
[1745096316] 1.303409
[1745103972] 1.302034
[1745110181] 1.301333
[1745118427] 1.299269
[1745127086] 1.298204
[1745136447] 1.296529
[1745143188] 1.295255
[1745148498] 1.294276
[1745156874] 1.293259
[1745166038] 1.291538
[1745173956] 1.290007
[1745179409] 1.289141
[1745187025] 1.288375
[1745194929] 1.286829
[1745203206] 1.285182
[1745210204] 1.284291
[1745218371] 1.283471
[1745226594] 1.282050
[1745233540] 1.280586
[1745242030] 1.279919
[1745248343] 1.278391
[1745256210] 1.277797
[1745265500] 1.276471
[1745272571] 1.275032
[1745280321] 1.274368
[1745287520] 1.273180
[1745295728] 1.272442
[1745302315] 1.270850
[1745312126] 1.269941
[1745318575] 1.268535
[1745326272] 1.267886
[1745333839] 1.266358
[1745342837] 1.264543
[1745348973] 1.263826
[1745356715] 1.263211
[1745364752] 1.261695
[1745374225] 1.260468
[1745379917] 1.258208
[1745386883] 1.257222
[1745396666] 1.255893
[1745403368] 1.254638
[1745410020] 1.253888
[1745418771] 1.252550
[1745426068] 1.251809
[1745435836] 1.249853
[1745442712] 1.248065
[1745448994] 1.247376
[1745456301] 1.246864
[1745464224] 1.245318
[1745472772] 1.243503
[1745479270] 1.242762
[1745487635] 1.241543
[1745495219] 1.240667
[1745502417] 1.238919
[1745510033] 1.238129
[1745521434] 1.236614
[1745527583] 1.235717
[1745534231] 1.234314
[1745542754] 1.233610
[1745551332] 1.232217
[1745556957] 1.231421
[1745565804] 1.229731
[1745571696] 1.229018
[1745582015] 1.227851
[1745588662] 1.226495
[1745595869] 1.225818
[1745602395] 1.224563
[1745612122] 1.223776
[1745618611] 1.222239
[1745626980] 1.221397
[1745633862] 1.220050
[1745643915] 1.218678
[1745648268] 1.217585
[1745655875] 1.216486
[1745666326] 1.214649
[1745674057] 1.213289
[1745680128] 1.212429
[1745689535] 1.210999
[1745696448] 1.210433
[1745704576] 1.209214
[1745709698] 1.208495
[1745718205] 1.206955
[1745733095] 1.205274
[1745738121] 1.204615
[1745743814] 1.203884
[1745748515] 1.203216
[1745756983] 1.202564
[1745764733] 1.201012
[1745771713] 1.200350
[1745779134] 1.198798
[1745787208] 1.197448
[1745796673] 1.196802
[1745802677] 1.195433
[1745809749] 1.194307
[1745818221] 1.192090
[1745825839] 1.192090
[1745834408] 1.189916
[1745842430] 1.188826
[1745850331] 1.188449
[1745856579] 1.187981
[1745866365] 1.187213
[1745872126] 1.186597
[1745882089] 1.184683
[1745887672] 1.183082
[1745895460] 1.182537
[1745902124] 1.181582
[1745911593] 1.180789
[1745917925] 1.179044
[1745927231] 1.178254
[1745934369] 1.176879
[1745942564] 1.175477
[1745948203] 1.174877
[1745955796] 1.174197
[1745967496] 1.171160
[1745974352] 1.169935
[1745979032] 1.168955
[1745987055] 1.168955
[1745995415] 1.166451
[1746003211] 1.164810
[1746009993] 1.164252
[1746018273] 1.163760
[1746026287] 1.163551
[1746035228] 1.162498
[1746042834] 1.160756
[1746049022] 1.159975
[1746055836] 1.159375
[1746063963] 1.157826
[1746071901] 1.157024
[1746080121] 1.155732
[1746087948] 1.154470
[1746096493] 1.153527
[1746102670] 1.152523
[1746111428] 1.150882
[1746117803] 1.149709
[1746126752] 1.149189
[1746133296] 1.147857
[1746141874] 1.147244
[1746150086] 1.145756
[1746156426] 1.145159
[1746166101] 1.143371
[1746172062] 1.142373
[1746181601] 1.140818
[1746187875] 1.139618
[1746195893] 1.138684
[1746202210] 1.136838
[1746211649] 1.136081
[1746218002] 1.134731
[1746225729] 1.133950
[1746234644] 1.132643
[1746242776] 1.131893
[1746248583] 1.130497
[1746256098] 1.129600
[1746265632] 1.128234
[1746273577] 1.127077
[1746280073] 1.126385
[1746287540] 1.125739
[1746295716] 1.124689
[1746303273] 1.123537
[1746310152] 1.122965
[1746318682] 1.121523
[1746326186] 1.120834
[1746335938] 1.119658
[1746343134] 1.118430
[1746348598] 1.117399
[1746356858] 1.116416
[1746364411] 1.114551
[1746372506] 1.113525
[1746379174] 1.113026
[1746387510] 1.111612
[1746396580] 1.110574
[1746402758] 1.107861
[1746411110] 1.106661
[1746421061] 1.104885
[1746426905] 1.104261
[1746433931] 1.103162
[1746443182] 1.101732
[1746451820] 1.100590
[1746456181] 1.099399
[1746466758] 1.097320
[1746471960] 1.097320
[1746481500] 1.095550
[1746488248] 1.093961
[1746496398] 1.093235
[1746502429] 1.092133
[1746512533] 1.091395
[1746518548] 1.090881
[1746527131] 1.090152
[1746534102] 1.088569
[1746543063] 1.087908
[1746548708] 1.086971
[1746556098] 1.086539
[1746567302] 1.085553
[1746574038] 1.084023
[1746580190] 1.083049
[1746587711] 1.081460
[1746595680] 1.080930
[1746603191] 1.079372
[1746610260] 1.078707
[1746618925] 1.076696
[1746626861] 1.075633
[1746635383] 1.074148
[1746642458] 1.073478
[1746648546] 1.072428
[1746656508] 1.071815
[1746665363] 1.069899
[1746673102] 1.067973
[1746679304] 1.067207
[1746686580] 1.066580
[1746694603] 1.065781
[1746702408] 1.064238
[1746709976] 1.063255
[1746721160] 1.061647
[1746727100] 1.061063
[1746735059] 1.059807
[1746742519] 1.058136
[1746750615] 1.057266
[1746756818] 1.056543
[1746765847] 1.055472
[1746772387] 1.054155
[1746780946] 1.053375
[1746787365] 1.052300
[1746795500] 1.051911
[1746803199] 1.051051
[1746811754] 1.050426
[1746817916] 1.049106
[1746826900] 1.048436
[1746835087] 1.047156
[1746843125] 1.046366
[1746848191] 1.045239
[1746856395] 1.044759
[1746866521] 1.043880
[1746873912] 1.042407
[1746879613] 1.041259
[1746887949] 1.039581
[1746896038] 1.038951
[1746903530] 1.038011
[1746909856] 1.037426
[1746918320] 1.035436
[1746931141] 1.034223
[1746935643] 1.032350
[1746942645] 1.031241
[1746948590] 1.030819
[1746955851] 1.030310
[1746964770] 1.028525
[1746971461] 1.027530
[1746978964] 1.025540
[1746992626] 1.024000
[1746997218] 1.023568
[1747002090] 1.023568
[1747010168] 1.021927
[1747021477] 1.019827
[1747026971] 1.019827
[1747034238] 1.018351
[1747043081] 1.017448
[1747051024] 1.016628
[1747057268] 1.014913
[1747065833] 1.014178
[1747072303] 1.013079
[1747081661] 1.012506
[1747088364] 1.010927
[1747096532] 1.010078
[1747102882] 1.008982
[1747112437] 1.007865
[1747118515] 1.007246
[1747127751] 1.005817
[1747134688] 1.004883
[1747143981] 1.003992
[1747148145] 1.002788
[1747156289] 1.002390
[1747166495] 1.001337
[1747174217] 0.999849
[1747179151] 0.998811
[1747187893] 0.997069
[1747195637] 0.996408
[1747203881] 0.995312
[1747210206] 0.994583
[1747217740] 0.992899
[1747231525] 0.991736
[1747237096] 0.991270
[1747243289] 0.990156
[1747249731] 0.989311
[1747256944] 0.988141
[1747267051] 0.985796
[1747272486] 0.984093
[1747279867] 0.983527
[1747286557] 0.983138
[1747295246] 0.981791
[1747302435] 0.980144
[1747310275] 0.979185
[1747321351] 0.977722
[1747328569] 0.976678
[1747333765] 0.975802
[1747343279] 0.974020
[1747351295] 0.973380
[1747356378] 0.972695
[1747368305] 0.970888
[1747372807] 0.970888
[1747381545] 0.969676
[1747389197] 0.968273
[1747396665] 0.967676
[1747402250] 0.966850
[1747412068] 0.966366
[1747417761] 0.965052
[1747427569] 0.963509
[1747435924] 0.962820
[1747443284] 0.962000
[1747449350] 0.961648
[1747457377] 0.960138
[1747465746] 0.959159
[1747474214] 0.957481
[1747480443] 0.956893
[1747487618] 0.955846
[1747495923] 0.955249
[1747504414] 0.953681
[1747510533] 0.952937
[1747518684] 0.951930
[1747527558] 0.951483
[1747537594] 0.949496
[1747543272] 0.948663
[1747548547] 0.947947
[1747556335] 0.947386
[1747564757] 0.946406
[1747573220] 0.945099
[1747579433] 0.944294
[1747587050] 0.943066
[1747594630] 0.942696
[1747602037] 0.942114
[1747610007] 0.942114
[1747620882] 0.940124
[1747626711] 0.939447
[1747635818] 0.938210
[1747643364] 0.937295
[1747651274] 0.936835
[1747655919] 0.936177
[1747666921] 0.934931
[1747671512] 0.934325
[1747681377] 0.933235
[1747688153] 0.932209
[1747696136] 0.931891
[1747702123] 0.931263
[1747713396] 0.930663
[1747717878] 0.929420
[1747726620] 0.928783
[1747735503] 0.927724
[1747742253] 0.927004
[1747748395] 0.926453
[1747756495] 0.925786
[1747764910] 0.924331
[1747773337] 0.922779
[1747779318] 0.922099
[1747788509] 0.921266
[1747796455] 0.921074
[1747802562] 0.920920
[1747809755] 0.920654
[1747818127] 0.919601
[1747831436] 0.918125
[1747836795] 0.917623
[1747843048] 0.916870
[1747848611] 0.916233
[1747856605] 0.915311
[1747865897] 0.913630
[1747872971] 0.912593
[1747879220] 0.912593
[1747887017] 0.912035
[1747894646] 0.910890
[1747902651] 0.909087
[1747910577] 0.908208
[1747921211] 0.906980
[1747927174] 0.906527
[1747936241] 0.905511
[1747943087] 0.904151
[1747951332] 0.903141
[1747956571] 0.902198
[1747965976] 0.900820
[1747972451] 0.900251
[1747981433] 0.899200
[1747988914] 0.897673
[1747995804] 0.896892
[1748002431] 0.895823
[1748012639] 0.894890
[1748019315] 0.894198
[1748026973] 0.893444
[1748034416] 0.891828
[1748042833] 0.890897
[1748048894] 0.890573
[1748056460] 0.890162
[1748065915] 0.888558
[1748073320] 0.886657
[1748078811] 0.885879
[1748092097] 0.884917
[1748096805] 0.884587
[1748102971] 0.883252
[1748110035] 0.882388
[1748117654] 0.881112
[1748126254] 0.880530
[1748136675] 0.879703
[1748142673] 0.878408
[1748150461] 0.877376
[1748156707] 0.876317
[1748165389] 0.874979
[1748173639] 0.874284
[1748179505] 0.873926
[1748190203] 0.872750
[1748194767] 0.871825
[1748202050] 0.869523
[1748210099] 0.868589
[1748220985] 0.867346
[1748226592] 0.866985
[1748234866] 0.865858
[1748243387] 0.864199
[1748250638] 0.863381
[1748256544] 0.862717
[1748267049] 0.861945
[1748272180] 0.861544
[1748281988] 0.860077
[1748291858] 0.858743
[1748296046] 0.858311
[1748302014] 0.858017
[1748311811] 0.857870
[1748317881] 0.857010
[1748326721] 0.856339
[1748335476] 0.855167
[1748343556] 0.854716
[1748348882] 0.854419
[1748356658] 0.854419
[1748369821] 0.851835
[1748374104] 0.851223
[1748379710] 0.850895
[1748391396] 0.850733
[1748396300] 0.850663
[1748402533] 0.849949
[1748411671] 0.849211
[1748418242] 0.847708
[1748432778] 0.846468
[1748438880] 0.846009
[1748445137] 0.845329
[1748449574] 0.844429
[1748456232] 0.843198
[1748465366] 0.841055
[1748472828] 0.839625
[1748478824] 0.839196
[1748486860] 0.838927
[1748494618] 0.837926
[1748501965] 0.837167
[1748510354] 0.835813
[1748520891] 0.835014
[1748527266] 0.834641
[1748535229] 0.833434
[1748543171] 0.832332
[1748551654] 0.831864
[1748555998] 0.831413
[1748566265] 0.830259
[1748572778] 0.828291
[1748581068] 0.827360
[1748587717] 0.825988
[1748595600] 0.825526
[1748602202] 0.824405
[1748612605] 0.822807
[1748618923] 0.822029
[1748625668] 0.821426
[1748635441] 0.820676
[1748644393] 0.819586
[1748648672] 0.818888
[1748656365] 0.818321
[1748669415] 0.817483
[1748673772] 0.817167
[1748679398] 0.816699
[1748688801] 0.815315
[1748696478] 0.814758
[1748702174] 0.813955
[1748710260] 0.813805
[1748719062] 0.813404
[1748725580] 0.812982
[1748735325] 0.811430
[1748743465] 0.809871
[1748749612] 0.809372
[1748756662] 0.809084
[1748763863] 0.808686
[1748772361] 0.807657
[1748779144] 0.806849
[1748792872] 0.805181
[1748797094] 0.805181
[1748802765] 0.804302
[1748811513] 0.803683
[1748823313] 0.801693
[1748829912] 0.801350
[1748834627] 0.801350
[1748843768] 0.800077
[1748850691] 0.799513
[1748856847] 0.798925
[1748868299] 0.797566
[1748872671] 0.797195
[1748880995] 0.796752
[1748888632] 0.795778
[1748894994] 0.795291
[1748902841] 0.794207
[1748912141] 0.793776
[1748918035] 0.792976
[1748926946] 0.792468
[1748935625] 0.791381
[1748941630] 0.790821
[1748948250] 0.789798
[1748956124] 0.789532
[1748966056] 0.789116
[1748972711] 0.788065
[1748980174] 0.787181
[1748988361] 0.786192
[1748995915] 0.784884
[1749001908] 0.784284
[1749010027] 0.784070
[1749018465] 0.783063
[1749026292] 0.782181
[1749033962] 0.780628
[1749043920] 0.779789
[1749049379] 0.779560
[1749059065] 0.778638
[1749064784] 0.778001
[1749071365] 0.777346
[1749079261] 0.776207
[1749093809] 0.774992
[1749098265] 0.774992
[1749102645] 0.773847
[1749110644] 0.773017
[1749121943] 0.771161
[1749127989] 0.769869
[1749135222] 0.769508
[1749144071] 0.768939
[1749150404] 0.768342
[1749156841] 0.767705
[1749168239] 0.765160
[1749172776] 0.764631
[1749181518] 0.764208
[1749190243] 0.763908
[1749195633] 0.763966
[1749202134] 0.763807
[1749213344] 0.762950
[1749217643] 0.762359
[1749227962] 0.761382
[1749234503] 0.761235
[1749245140] 0.761058
[1749249460] 0.761058
[1749256354] 0.760228
[1749266688] 0.758936
[1749272957] 0.758324
[1749279108] 0.758314
[1749288251] 0.758272
[1749294968] 0.758063
[1749303375] 0.757041
[1749310135] 0.756490
[1749319097] 0.755638
[1749331176] 0.755323
[1749337465] 0.754640
[1749343379] 0.754092
[1749349259] 0.753520
[1749359100] 0.752509
[1749364742] 0.752139
[1749371089] 0.751814
[1749379082] 0.750835
[1749391444] 0.749806
[1749397223] 0.749080
[1749403107] 0.748710
[1749411026] 0.748385
[1749420494] 0.747439
[1749426392] 0.746707
[1749433990] 0.745819
[1749443361] 0.745017
[1749450682] 0.744751
[1749456926] 0.744549
[1749465494] 0.743643
[1749471921] 0.743024
[1749481352] 0.741922
[1749489189] 0.741441
[1749495042] 0.741411
[1749502618] 0.740988
[1749512721] 0.739754
[1749517911] 0.739111
[1749526712] 0.738557
[1749535147] 0.738003
[1749541670] 0.737966
[1749548266] 0.737568
[1749556215] 0.737051
[1749568941] 0.735348
[1749573519] 0.734910
[1749579552] 0.734460
[1749592572] 0.733542
[1749598360] 0.733003
[1749602505] 0.732507
[1749610845] 0.732057
[1749617911] 0.731604
[1749629354] 0.731301
[1749641016] 0.729715
[1749646018] 0.729252
[1749650457] 0.728870
[1749659530] 0.728554
[1749664185] 0.727942
[1749671269] 0.727458
[1749679537] 0.726319
[1749693330] 0.725012
[1749697569] 0.724635
[1749702302] 0.724424
[1749710757] 0.724265
[1749720046] 0.723380
[1749726395] 0.722826
[1749737262] 0.721822
[1749744294] 0.721500
[1749750793] 0.721488
[1749756229] 0.721304
[1749766138] 0.720297
[1749772974] 0.719219
[1749781113] 0.718913
[1749789639] 0.718741
[1749794840] 0.718628
[1749803027] 0.717801
[1749815085] 0.716748
[1749820542] 0.716390
[1749827861] 0.715977
[1749834443] 0.715839
[1749844681] 0.715015
[1749849133] 0.714479
[1749857204] 0.713292
[1749865541] 0.712820
[1749873753] 0.712471
[1749879472] 0.711816
[1749892655] 0.710447
[1749899004] 0.710015
[1749903395] 0.709593
[1749911904] 0.709253
[1749918850] 0.708604
[1749930418] 0.707575
[1749935512] 0.707067
[1749942752] 0.706161
[1749949055] 0.705809
[1749957676] 0.705245
[1749965282] 0.704823
[1749972585] 0.703353
[1749979236] 0.702781
[1749988798] 0.701837
[1749995019] 0.701498
[1750002944] 0.701207
[1750010194] 0.700980
[1750020898] 0.700037
[1750026328] 0.699538
[1750034958] 0.698568
[1750042463] 0.697882
[1750051078] 0.697762
[1750057012] 0.697468
[1750065337] 0.696314
[1750072266] 0.695264
[1750081380] 0.694949
[1750089371] 0.694743
[1750095081] 0.694630
[1750101842] 0.694330
[1750112565] 0.692692
[1750118686] 0.692316
[1750125613] 0.692074
[1750134519] 0.692022
[1750142239] 0.691728
[1750148683] 0.691244
[1750156353] 0.690647
[1750165701] 0.689710
[1750172457] 0.688926
[1750179619] 0.688648
[1750192498] 0.688179
[1750199206] 0.686997
[1750203459] 0.686477
[1750210069] 0.686094
[1750218463] 0.685194
[1750230010] 0.684340
[1750236120] 0.684340
[1750242741] 0.683146
[1750249038] 0.682619
[1750257818] 0.681602
[1750266413] 0.681241
[1750272539] 0.680148
[1750279290] 0.679625
[1750288686] 0.678737
[1750294648] 0.678397
[1750302150] 0.677298
[1750310117] 0.676826
[1750320096] 0.675482
[1750327244] 0.674891
[1750335731] 0.674012
[1750342974] 0.673807
[1750350867] 0.673740
[1750356921] 0.673477
[1750365624] 0.672442
[1750372459] 0.671095
[1750381068] 0.670669
[1750392133] 0.670400
[1750396421] 0.670234
[1750402991] 0.669294
[1750411289] 0.668517
[1750419630] 0.667172
[1750428470] 0.666640
[1750434052] 0.666462
[1750442316] 0.665580
[1750448346] 0.664965
[1750456147] 0.664350
[1750468645] 0.663468
[1750473071] 0.663290
[1750479006] 0.662855
[1750490211] 0.661814
[1750494551] 0.661248
[1750502529] 0.660449
[1750510908] 0.659993
[1750517987] 0.659353
[1750530991] 0.658771
[1750537066] 0.658379
[1750542892] 0.657240
[1750548381] 0.656533
[1750558136] 0.655526
[1750565866] 0.655526
[1750572264] 0.654482
[1750580256] 0.654022
[1750588702] 0.653110
[1750594504] 0.652886
[1750602113] 0.652908
[1750610067] 0.652883
[1750620031] 0.652436
[1750625574] 0.651983
[1750634949] 0.650982
[1750643295] 0.650259
[1750651059] 0.649779
[1750656805] 0.649402
[1750665366] 0.648882
[1750672399] 0.648086
[1750681604] 0.647559
[1750691000] 0.646637
[1750695353] 0.646120
[1750702270] 0.645159
[1750712695] 0.644681
[1750719047] 0.644372
[1750725726] 0.643848
[1750734990] 0.642758
[1750741556] 0.642173
[1750749400] 0.641077
[1750756658] 0.640783
[1750768673] 0.639954
[1750773207] 0.639320
[1750779118] 0.638508
[1750786685] 0.637526
[1750795424] 0.635885
[1750802280] 0.634960
[1750810521] 0.634770
[1750819590] 0.634461
[1750831542] 0.633383
[1750838138] 0.632057
[1750843859] 0.631647
[1750848559] 0.631347
[1750858899] 0.630937
[1750864077] 0.629899
[1750872104] 0.628717
[1750880121] 0.628242
[1750892950] 0.627648
[1750897408] 0.627211
[1750902575] 0.626531
[1750910452] 0.625790
[1750921468] 0.624700
[1750927103] 0.624434
[1750934517] 0.624213
[1750943004] 0.623337
[1750950207] 0.622857
[1750957091] 0.622315
[1750965921] 0.621651
[1750971847] 0.621246
[1750981938] 0.619795
[1750988450] 0.619201
[1750994555] 0.618690
[1751002699] 0.618117
[1751011075] 0.617765
[1751017788] 0.616755
[1751029260] 0.615607
[1751033751] 0.615086
[1751042854] 0.614556
[1751049159] 0.614256
[1751056731] 0.613779
[1751068510] 0.612095
[1751072915] 0.611458
[1751079110] 0.610950
[1751091506] 0.610396
[1751097296] 0.609615
[1751102397] 0.608920
[1751111431] 0.608920
[1751118021] 0.607622
[1751132561] 0.607031
[1751138313] 0.606777
[1751144167] 0.606360
[1751148854] 0.605785
[1751158541] 0.604045
[1751164971] 0.603243
[1751172617] 0.602123
[1751179405] 0.601829
[1751188981] 0.600971
[1751195062] 0.600475
[1751202707] 0.599401
[1751209924] 0.598920
[1751219434] 0.598348
[1751225579] 0.598020
[1751236176] 0.596844
[1751241686] 0.596388
[1751250999] 0.595460
[1751256272] 0.595010
[1751266394] 0.594309
[1751273028] 0.593562
[1751280847] 0.593158
[1751288116] 0.592356
[1751295162] 0.592092
[1751303498] 0.591422
[1751316674] 0.590660
[1751321494] 0.590258
[1751327757] 0.589438
[1751333709] 0.588804
[1751341788] 0.588247
[1751348290] 0.587576
[1751357137] 0.587295
[1751365413] 0.586927
[1751371964] 0.586456
[1751380333] 0.585008
[1751388379] 0.583988
[1751396907] 0.583731
[1751401819] 0.583636
[1751410256] 0.583581
[1751418936] 0.582965
[1751429943] 0.581989
[1751436555] 0.581603
[1751442876] 0.581386
[1751448654] 0.581205
[1751458692] 0.580341
[1751464840] 0.579766
[1751472816] 0.579092
[1751479382] 0.579059
[1751488450] 0.579003
[1751495324] 0.578789
[1751502402] 0.577718
[1751510413] 0.577222
[1751521050] 0.576655
[1751528147] 0.576141
[1751533613] 0.575798
[1751542319] 0.574990
[1751549514] 0.574530
[1751556601] 0.574151
[1751565506] 0.573391
[1751572451] 0.572715
[1751580441] 0.572292
[1751589788] 0.571487
[1751594686] 0.570865
[1751602543] 0.569481
[1751614298] 0.568618
[1751619588] 0.568505
[1751627684] 0.568217
[1751635343] 0.567871
[1751643271] 0.566453
[1751649680] 0.565660
[1751656280] 0.565024
[1751668578] 0.563992
[1751672889] 0.563569
[1751679109] 0.563251
[1751689751] 0.562293
[1751694639] 0.561790
[1751701952] 0.561304
[1751710530] 0.561086
[1751717904] 0.560345
[1751732116] 0.559442
[1751742081] 0.558432
[1751746581] 0.558147
[1751750731] 0.557887
[1751757346] 0.556934
[1751766720] 0.556934
[1751772109] 0.555609
[1751780529] 0.555171
[1751789232] 0.554571
[1751795372] 0.554436
[1751802986] 0.553695
[1751811328] 0.553303
[1751819920] 0.552124
[1751825475] 0.551616
[1751835355] 0.551059
[1751843349] 0.550982
[1751851564] 0.550535
[1751856196] 0.550021
[1751864767] 0.548738
[1751871258] 0.548297
[1751880785] 0.548016
[1751888848] 0.547795
[1751895493] 0.547415
[1751903032] 0.546038
[1751911520] 0.545425
[1751919524] 0.544733
[1751927740] 0.544691
[1751933429] 0.544669
[1751942001] 0.544103
[1751948342] 0.543573
[1751956397] 0.543034
[1751967422] 0.542348
[1751971719] 0.541953
[1751979675] 0.541179
[1751989806] 0.540144
[1751996477] 0.539639
[1752001830] 0.539287
[1752014157] 0.538907
[1752019431] 0.538108
[1752030456] 0.536993
[1752035616] 0.536482
[1752042553] 0.536001
[1752048454] 0.535867
[1752058068] 0.535052
[1752066452] 0.534538
[1752072583] 0.533745
[1752080033] 0.533586
[1752088122] 0.533365
[1752094398] 0.533038
[1752102182] 0.531712
[1752110258] 0.531185
[1752120407] 0.530567
[1752126649] 0.530536
[1752135471] 0.530766
[1752142334] 0.530533
[1752150526] 0.530144
[1752156565] 0.529673
[1752165174] 0.528959
[1752171495] 0.528895
[1752180789] 0.528849
[1752188902] 0.527799
[1752195513] 0.527395
[1752202521] 0.526908
[1752210586] 0.526929
[1752218486] 0.526770
[1752226726] 0.526770
[1752233421] 0.525460
[1752241352] 0.525013
[1752248827] 0.524541
[1752256111] 0.524569
[1752267825] 0.524587
[1752272410] 0.524256
[1752279343] 0.523822
[1752290547] 0.522955
[1752296693] 0.522833
[1752303705] 0.522658
[1752310704] 0.522245
[1752318107] 0.521290
[1752329478] 0.520815
[1752334805] 0.520738
[1752343220] 0.520386
[1752349218] 0.519955
[1752358701] 0.518999
[1752364454] 0.518739
[1752371705] 0.518549
[1752379805] 0.518203
[1752389622] 0.517668
[1752395635] 0.517266
[1752402085] 0.516599
[1752410256] 0.516366
[1752420278] 0.515987
[1752429541] 0.515433
[1752436040] 0.514940
[1752442113] 0.514395
[1752450113] 0.513776
[1752456433] 0.513448
[1752465143] 0.512564
[1752471221] 0.512233
[1752481326] 0.511810
[1752490262] 0.511223
[1752494914] 0.510806
[1752502898] 0.509897
[1752511055] 0.509643
[1752517972] 0.509300
[1752528542] 0.508596
[1752534251] 0.508204
[1752540742] 0.507858
[1752548624] 0.507150
[1752556353] 0.506838
[1752568549] 0.506189
[1752572864] 0.505926
[1752578824] 0.505442
[1752589120] 0.504459
[1752596957] 0.504156
[1752602157] 0.503789
[1752610861] 0.503504
[1752617889] 0.503146
[1752631028] 0.502512
[1752637007] 0.502135
[1752642965] 0.501391
[1752648760] 0.500954
[1752658291] 0.500510
[1752667001] 0.500329
[1752672102] 0.499968
[1752679358] 0.499533
[1752689891] 0.498712
[1752694631] 0.498382
[1752702939] 0.498207
[1752710091] 0.497981
[1752720222] 0.497148
[1752726712] 0.496768
[1752735605] 0.496238
[1752742175] 0.496021
[1752751401] 0.495850
[1752756378] 0.495724
[1752765295] 0.494983
[1752771772] 0.494680
[1752779569] 0.494224
[1752788615] 0.493740
[1752795087] 0.493324
[1752802053] 0.492745
[1752810583] 0.492623
[1752817871] 0.492019
[1752827414] 0.491165
[1752833703] 0.490657
[1752841402] 0.490345
[1752848785] 0.489564
[1752856082] 0.489108
[1752869243] 0.488407
[1752874008] 0.488051
[1752879764] 0.487512
[1752888636] 0.486015
[1752897040] 0.485118
[1752902925] 0.485008
[1752910956] 0.485002
[1752917903] 0.484656
[1752932324] 0.483489
[1752939024] 0.482458
[1752943908] 0.482219
[1752948134] 0.482161
[1752957879] 0.481539
[1752967094] 0.480394
[1752971899] 0.480394
[1752978885] 0.479185
[1752989120] 0.478664
[1752995106] 0.478471
[1753002236] 0.478474
[1753010913] 0.478606
[1753019981] 0.478575
[1753028789] 0.477709
[1753034610] 0.477320
[1753043026] 0.476913
[1753050405] 0.476925
[1753056516] 0.476922
[1753065528] 0.476855
[1753071120] 0.476101
[1753079999] 0.475073
[1753090425] 0.474650
[1753094462] 0.474724
[1753102165] 0.474920
[1753110935] 0.474920
[1753117826] 0.474133
[1753127823] 0.473242
[1753133456] 0.473076
[1753140933] 0.473079
[1753148216] 0.473043
[1753156079] 0.472841
[1753168589] 0.471775
[1753172805] 0.471053
[1753178811] 0.470958
[1753189232] 0.470970
[1753197776] 0.470550
[1753202539] 0.469987
[1753211418] 0.469274
[1753218025] 0.468364
[1753229680] 0.468168
[1753235299] 0.468126
[1753243143] 0.467513
[1753249021] 0.466812
[1753258983] 0.465364
[1753265441] 0.465364
[1753272048] 0.464580
[1753279554] 0.464583
[1753289818] 0.464304
[1753294272] 0.463900
[1753302397] 0.462850
[1753310159] 0.462467
[1753323510] 0.461598
[1753329480] 0.461598
[1753334675] 0.461001
[1753342847] 0.460499
[1753351638] 0.460238
[1753356898] 0.460006
[1753365699] 0.458989
[1753371606] 0.458383
[1753379857] 0.457814
[1753388530] 0.457820
[1753395058] 0.457807
[1753403298] 0.457229
[1753410454] 0.456705
[1753419711] 0.455839
[1753428156] 0.455627
[1753433126] 0.455471
[1753440806] 0.455122
[1753448869] 0.454112
[1753456748] 0.453729
[1753468540] 0.453536
[1753472999] 0.453328
[1753478940] 0.452955
[1753489674] 0.451923
[1753497954] 0.451470
[1753502119] 0.451176
[1753510437] 0.451240
[1753518730] 0.451102
[1753529398] 0.450386
[1753534941] 0.449801
[1753543168] 0.448809
[1753549337] 0.448576
[1753558148] 0.448500
[1753566372] 0.448328
[1753571712] 0.447946
[1753579645] 0.447076
[1753589242] 0.446727
[1753594939] 0.446519
[1753602877] 0.446357
[1753609953] 0.446164
[1753621374] 0.445389
[1753627740] 0.444823
[1753635295] 0.444572
[1753642747] 0.444418
[1753650441] 0.444376
[1753656412] 0.444152
[1753666380] 0.443298
[1753672793] 0.442863
[1753679382] 0.442823
[1753688813] 0.442744
[1753694648] 0.442689
[1753703187] 0.442039
[1753710024] 0.441690
[1753718859] 0.441280
[1753726203] 0.441234
[1753736749] 0.441096
[1753741155] 0.441096
[1753749800] 0.439890
[1753756305] 0.439538
[1753767943] 0.439299
[1753772491] 0.439299
[1753779575] 0.439262
[1753789603] 0.438641
[1753797339] 0.437845
[1753803599] 0.437670
[1753810134] 0.437670
[1753818038] 0.437631
[1753830083] 0.437021
[1753836856] 0.436583
[1753842051] 0.436081
[1753848388] 0.436051
[1753859695] 0.435680
[1753865990] 0.435252
[1753872832] 0.434452
[1753879207] 0.434183
[1753888910] 0.433865
[1753894923] 0.433084
[1753902482] 0.431685
[1753911342] 0.431011
[1753920277] 0.430169
[1753927627] 0.429808
[1753933840] 0.429327
[1753942232] 0.428259
[1753950489] 0.428259
[1753959605] 0.427821
[1753965598] 0.427677
[1753972079] 0.427340
[1753979957] 0.425968
[1753989215] 0.424903
[1753995481] 0.424903
[1754002019] 0.424686
[1754010952] 0.424655
[1754018053] 0.424085
[1754028484] 0.423136
[1754033871] 0.422717
[1754042822] 0.422530
[1754048751] 0.422469
[1754058560] 0.421826
[1754068157] 0.420665
[1754072693] 0.420310
[1754079331] 0.420173
[1754088525] 0.419759
[1754096640] 0.419380
[1754102648] 0.418522
[1754110891] 0.418164
[1754118201] 0.418002
[1754127897] 0.417888
[1754134735] 0.417671
[1754142497] 0.416746
[1754148627] 0.416465
[1754159354] 0.416306
[1754164155] 0.416299
[1754172541] 0.415892
[1754178993] 0.415439
[1754192485] 0.414867
[1754196902] 0.414851
[1754202557] 0.414787
[1754211284] 0.414539
[1754220949] 0.413642
[1754227485] 0.413121
[1754235497] 0.413103
[1754242059] 0.413045
[1754249828] 0.412879
[1754256476] 0.412540
[1754265032] 0.411688
[1754271744] 0.411465
[1754279470] 0.411098
[1754288917] 0.410972
[1754295632] 0.410813
[1754302464] 0.410072
[1754310919] 0.409689
[1754319367] 0.409285
[1754327954] 0.408957
[1754337945] 0.408685
[1754344150] 0.408394
[1754348562] 0.407922
[1754357282] 0.407515
[1754368108] 0.406664
[1754372903] 0.406352
[1754378903] 0.406113
[1754389336] 0.405938
[1754397324] 0.405694
[1754403086] 0.404800
[1754411731] 0.404398
[1754419903] 0.404132
[1754429829] 0.404193
[1754435579] 0.404074
[1754441849] 0.403746
[1754448468] 0.402583
[1754458789] 0.401915
[1754465839] 0.401915
[1754471749] 0.401879
[1754479416] 0.401729
[1754489545] 0.400764
[1754494552] 0.400124
[1754502515] 0.399037
[1754511051] 0.398826
[1754518879] 0.398746
[1754526959] 0.398621
[1754535303] 0.397690
[1754542651] 0.396423
[1754549045] 0.396064
[1754557482] 0.395862
[1754565426] 0.395896
[1754571442] 0.395862
[1754579348] 0.395235
[1754588560] 0.394267
[1754594782] 0.394019
[1754602779] 0.393976
[1754610611] 0.393943
[1754619262] 0.393361
[1754627959] 0.392289
[1754635774] 0.392289
[1754644231] 0.391952
[1754648600] 0.391903
[1754657154] 0.391643
[1754667769] 0.390578
[1754672051] 0.390183
[1754679616] 0.389889
[1754688634] 0.389711
[1754696562] 0.389580
[1754702034] 0.388820
[1754710520] 0.388471
[1754718841] 0.388131
[1754731082] 0.388009
[1754737051] 0.387865
[1754742809] 0.387112
[1754748708] 0.386637
[1754758283] 0.386025
[1754766226] 0.385970
[1754773018] 0.385973
[1754779268] 0.385973
[1754788899] 0.384913
[1754795128] 0.384543
[1754802665] 0.384277
[1754811275] 0.384417
[1754821504] 0.384500
[1754827690] 0.384010
[1754835396] 0.383395
[1754841616] 0.382783
[1754849779] 0.382256
[1754856713] 0.382238
[1754864979] 0.382280
[1754871367] 0.382130
[1754879586] 0.381117
[1754888951] 0.380443
[1754895194] 0.379626
[1754902961] 0.379510
[1754910816] 0.379500
[1754918439] 0.378931
[1754927388] 0.378012
[1754939856] 0.377792
[1754944509] 0.377608
[1754948575] 0.377345
[1754956733] 0.376913
[1754968090] 0.375618
[1754972510] 0.375542
[1754979435] 0.375575
[1754988457] 0.375407
[1754996884] 0.375122
[1755002871] 0.374360
[1755011056] 0.374222
[1755017852] 0.374102
[1755028942] 0.373426
[1755035780] 0.372823
[1755042380] 0.372005
[1755049392] 0.371916
[1755059151] 0.371935
[1755063860] 0.371720
[1755071685] 0.371289
[1755079716] 0.370664
[1755091671] 0.370591
[1755096279] 0.370591
[1755102458] 0.370211
[1755109949] 0.369758
[1755124269] 0.369198
[1755129040] 0.369195
[1755134957] 0.369106
[1755142238] 0.368447
[1755148538] 0.367906
[1755156887] 0.367397
[1755165655] 0.366975
[1755171780] 0.366981
[1755179911] 0.366754
[1755188352] 0.366304
[1755194656] 0.365499
[1755202095] 0.365239
[1755211335] 0.365334
[1755218678] 0.365196
[1755227163] 0.364400
[1755236345] 0.364005
[1755243013] 0.363812
[1755249602] 0.363812
[1755256891] 0.363858
[1755267391] 0.362881
[1755271737] 0.362881
[1755280151] 0.362333
[1755289910] 0.362425
[1755296857] 0.362410
[1755302772] 0.361886
[1755310327] 0.361399
[1755320263] 0.360808
[1755330892] 0.360769
[1755336258] 0.360827
[1755342326] 0.360386
[1755348864] 0.359936
[1755358692] 0.359397
[1755364631] 0.359079
[1755371861] 0.358191
[1755379424] 0.357817
[1755391411] 0.357468
[1755395860] 0.357444
[1755402444] 0.357122
[1755410624] 0.356696
[1755422809] 0.355815
[1755427537] 0.355689
[1755434842] 0.355444
[1755442319] 0.354881
[1755448351] 0.354737
[1755456804] 0.354737
[1755465366] 0.354226
[1755472105] 0.353769
[1755479366] 0.353350
[1755489617] 0.353503
[1755494701] 0.353506
[1755502362] 0.353007
[1755510899] 0.352533
[1755518471] 0.352052
[1755527791] 0.352141
[1755537476] 0.352009
[1755543695] 0.351684
[1755548354] 0.351265
[1755556071] 0.350925
[1755567783] 0.350588
[1755571974] 0.350313
[1755579610] 0.350313
[1755588199] 0.349826
[1755596278] 0.349621
[1755602153] 0.349113
[1755610727] 0.348984
[1755619446] 0.348473
[1755629095] 0.347974
[1755634865] 0.347805
[1755642329] 0.347747
[1755648381] 0.347674
[1755658188] 0.347073
[1755666121] 0.346734
[1755672155] 0.346440
[1755678691] 0.346421
[1755688607] 0.346351
[1755694458] 0.346124
[1755702604] 0.345181
[1755710566] 0.344838
[1755721655] 0.344575
[1755728217] 0.344713
[1755734481] 0.344655
[1755742264] 0.344030
[1755748792] 0.343464
[1755757606] 0.342793
[1755765533] 0.342793
[1755771389] 0.342683
[1755779267] 0.342113
[1755788726] 0.341320
[1755794731] 0.341137
[1755802141] 0.341271
[1755810327] 0.341271
[1755819049] 0.340815
[1755826402] 0.340344
[1755835201] 0.339912
[1755841797] 0.339897
[1755848240] 0.339894
[1755856447] 0.339713
[1755866954] 0.338602
[1755871174] 0.338602
[1755879034] 0.338522
[1755889196] 0.338586
[1755896962] 0.338063
[1755902876] 0.337671
[1755910001] 0.337392
[1755918982] 0.336991
[1755930471] 0.335993
[1755936900] 0.335463
[1755941984] 0.334857
[1755948301] 0.334814
[1755957976] 0.334428
[1755965773] 0.333929
[1755971831] 0.333421
[1755979305] 0.333008
[1755989590] 0.333106
[1755995231] 0.333081
[1756002972] 0.332496
[1756010269] 0.331985
[1756019448] 0.331590
[1756027610] 0.331394
[1756034946] 0.331373
[1756042409] 0.330843
[1756048558] 0.330332
[1756056720] 0.329937
[1756065190] 0.329686
[1756071407] 0.329686
[1756078889] 0.328838
[1756089417] 0.328430
[1756094509] 0.328415
[1756102384] 0.328492
[1756110546] 0.328375
[1756118893] 0.327671
[1756126334] 0.327350
[1756136059] 0.327224
[1756140982] 0.327209
[1756148870] 0.327065
[1756157588] 0.326443
[1756168039] 0.326186
[1756172652] 0.326061
[1756179485] 0.325898
[1756188272] 0.325534
[1756196695] 0.325363
[1756202455] 0.325090
[1756210514] 0.324909
[1756219571] 0.324123
[1756229170] 0.323602
[1756234626] 0.323568
[1756242913] 0.323725
[1756248128] 0.323673
[1756258591] 0.322932
[1756265285] 0.322350
[1756272137] 0.321857
[1756279435] 0.321532
[1756289431] 0.321554
[1756296158] 0.321468
[1756302521] 0.320595
[1756310946] 0.320014
[1756321190] 0.319383
[1756327841] 0.319221
[1756334521] 0.318899
[1756342042] 0.317803
[1756348517] 0.317197
[1756358823] 0.316765
[1756364715] 0.316725
[1756371236] 0.316661
[1756379729] 0.315942
[1756388263] 0.314757
[1756394955] 0.314248
[1756404340] 0.313927
[1756411157] 0.313915
[1756418470] 0.313645
[1756427194] 0.312788
[1756435063] 0.312470
[1756441458] 0.312274
[1756449386] 0.312362
[1756456663] 0.312353
[1756468641] 0.311447
[1756473363] 0.311083
[1756479677] 0.310930
[1756488517] 0.310752
[1756496243] 0.310421
[1756502054] 0.309203
[1756510509] 0.308633
[1756518179] 0.308091
[1756528958] 0.307990
[1756535415] 0.307721
[1756541583] 0.307255
[1756548281] 0.306071
[1756558621] 0.305516
[1756564425] 0.305501
[1756571696] 0.305605
[1756579561] 0.305477
[1756591378] 0.304708
[1756595467] 0.304331
[1756601950] 0.304074
[1756611091] 0.304267
[1756621872] 0.304448
[1756627941] 0.304035
[1756636320] 0.303563
[1756641407] 0.303235
[1756648803] 0.302865
[1756658041] 0.302145
[1756666129] 0.301784
[1756672334] 0.301533
[1756679179] 0.301539
[1756688646] 0.301209
[1756694730] 0.300670
[1756703845] 0.300161
[1756710302] 0.299791
[1756719141] 0.299886
[1756727802] 0.299754
[1756736193] 0.299414
[1756740701] 0.298970
[1756749177] 0.298318
[1756756689] 0.298318
[1756767469] 0.297865
[1756771961] 0.297865
[1756780421] 0.297397
[1756788807] 0.297195
[1756796255] 0.297051
[1756802036] 0.296735
[1756810849] 0.296319
[1756818308] 0.295293
[1756829246] 0.294816
[1756834804] 0.294858
[1756841942] 0.294901
[1756848148] 0.294773
[1756858619] 0.293931
[1756865429] 0.293524
[1756872276] 0.293239
[1756879372] 0.293257
[1756887423] 0.293049
[1756895296] 0.292727
[1756902585] 0.291935
[1756910953] 0.291638
[1756921261] 0.291540
[1756927151] 0.291573
[1756934832] 0.291399
[1756942306] 0.290661
[1756948620] 0.290367
[1756957487] 0.290247
[1756965795] 0.290266
[1756971821] 0.290217
[1756979883] 0.289614
[1756988586] 0.289176
[1756994443] 0.289167
[1757003781] 0.289197
[1757010077] 0.289130
[1757018921] 0.288518
[1757027129] 0.288172
[1757035375] 0.288138
[1757041332] 0.288113
[1757048201] 0.288022
[1757056808] 0.287767
[1757067392] 0.287369
[1757071735] 0.287369
[1757079951] 0.287152
[1757088474] 0.286858
[1757096588] 0.286723
[1757102187] 0.286589
[1757110515] 0.286463
[1757121258] 0.285851
[1757128289] 0.285710
[1757134250] 0.285710
[1757141121] 0.285667
[1757148370] 0.285119
[1757158637] 0.284730
[1757164600] 0.284693
[1757171258] 0.284675
[1757179490] 0.284617
[1757190394] 0.284081
[1757194552] 0.283916
[1757203247] 0.283839
[1757210134] 0.283827
[1757219107] 0.283781
[1757227872] 0.283193
[1757236428] 0.283010
[1757242115] 0.282918
[1757248658] 0.282896
[1757257248] 0.282572
[1757265197] 0.282572
[1757271770] 0.282097
[1757280065] 0.281996
[1757288621] 0.281819
[1757294674] 0.281776
[1757303706] 0.281733
[1757310723] 0.281264
[1757319960] 0.280992
[1757327753] 0.280928
[1757335456] 0.280915
[1757341297] 0.280885
[1757348776] 0.280664
[1757358104] 0.280153
[1757368128] 0.280101
[1757372260] 0.280061
[1757379638] 0.279902
[1757388440] 0.279565
[1757396830] 0.279409
[1757402518] 0.279293
[1757410697] 0.279066
[1757419262] 0.278607
[1757427883] 0.278399
[1757437593] 0.278224
[1757442177] 0.278144
[1757448407] 0.277890
[1757458465] 0.277529
[1757465538] 0.277238
[1757471748] 0.277195
[1757479780] 0.277149
[1757487890] 0.276828
[1757494216] 0.276488
[1757501945] 0.276277
[1757510239] 0.276252
[1757518235] 0.276200
[1757529361] 0.275799
[1757536571] 0.275499
[1757541358] 0.275499
[1757550005] 0.275340
[1757557258] 0.274822
[1757565146] 0.274562
[1757571547] 0.274458
[1757579505] 0.274378
[1757589307] 0.273837
[1757594417] 0.273463
[1757603888] 0.272814
[1757611123] 0.272734
[1757618652] 0.272704
[1757626605] 0.272523
[1757635193] 0.271926
[1757641063] 0.271718
[1757648856] 0.271617
[1757658644] 0.271586
[1757666539] 0.271375
[1757672364] 0.270799
[1757680322] 0.270594
[1757688313] 0.270478
[1757696507] 0.270475
[1757702093] 0.270202
[1757710277] 0.269850
[1757719670] 0.269581
[1757729750] 0.269538
[1757736568] 0.269510
[1757741417] 0.269299
[1757747965] 0.268638
[1757758976] 0.268512
[1757765375] 0.268497
[1757771430] 0.268411
[1757779453] 0.268050
[1757787118] 0.267373
[1757795548] 0.267306
[1757803044] 0.267306
[1757809943] 0.267199
[1757820741] 0.266684
[1757826007] 0.266455
[1757835609] 0.266363
[1757844148] 0.266280
[1757848356] 0.266207
[1757857871] 0.265662
[1757865149] 0.265548
[1757871464] 0.265548
[1757879623] 0.265457
[1757888743] 0.265349
[1757894590] 0.265104
[1757904841] 0.264930
[1757911343] 0.264838
[1757917996] 0.264777
[1757926894] 0.264618
[1757935897] 0.264220
[1757940698] 0.264146
[1757948467] 0.264073
[1757957549] 0.263858
[1757967406] 0.263393
[1757972034] 0.263335
[1757980221] 0.263289
[1757988927] 0.263258
[1757995857] 0.262909
[1758001895] 0.262196
[1758011122] 0.262083
[1758019615] 0.262294
[1758028367] 0.262324
[1758034389] 0.262144
[1758041391] 0.261773
[1758048420] 0.261075
[1758058414] 0.261087
[1758066575] 0.261283
[1758071919] 0.261332
[1758080123] 0.261029
[1758087930] 0.260343
[1758094407] 0.260264
[1758102938] 0.260432
[1758111226] 0.260438
[1758119235] 0.260298
[1758127156] 0.259370
[1758136469] 0.259306
[1758141382] 0.259358
[1758149104] 0.259391
[1758159221] 0.258901
[1758164795] 0.258558
[1758171367] 0.258356
[1758179375] 0.258219
[1758188135] 0.257392
[1758194246] 0.256868
[1758204162] 0.256290
[1758210810] 0.256247
[1758218216] 0.256085
[1758227061] 0.255732
[1758235135] 0.254609
[1758241007] 0.254238
[1758248556] 0.254088
[1758258177] 0.254171
[1758267963] 0.253690
[1758272816] 0.253234
[1758279463] 0.252906
[1758287870] 0.252701
[1758296925] 0.252515
[1758302058] 0.252092
[1758311753] 0.251624
[1758319704] 0.251094
[1758329377] 0.251060
[1758334628] 0.250913
[1758341741] 0.250396
[1758348754] 0.250136
[1758357072] 0.250019
[1758365344] 0.249964
[1758371993] 0.249330
[1758379252] 0.249049
[1758387572] 0.248874
[1758394584] 0.249177
[1758402132] 0.248981
[1758410977] 0.248981
[1758419237] 0.248047
[1758426884] 0.247946
[1758436082] 0.247931
[1758441059] 0.247894
[1758448803] 0.247873
[1758457196] 0.247160
[1758465022] 0.247089
[1758473312] 0.247040
[1758479726] 0.247034
[1758488648] 0.246893
[1758494561] 0.246578
[1758503974] 0.246290
[1758510514] 0.246266
[1758517808] 0.246094
[1758528192] 0.245840
[1758535187] 0.245558
[1758541468] 0.245558
[1758549199] 0.245283
[1758558794] 0.244928
[1758568539] 0.244334
[1758573546] 0.244223
[1758579821] 0.244208
[1758588268] 0.243991
[1758596173] 0.243709
[1758601986] 0.243311
[1758610284] 0.243247
[1758624398] 0.242950
[1758628969] 0.242552
[1758634929] 0.242132
[1758642355] 0.241425
[1758648229] 0.241229
[1758660527] 0.241287
[1758666445] 0.241257
[1758672880] 0.240822
[1758679149] 0.240500
[1758687315] 0.240320
[1758695239] 0.240320
[1758703205] 0.239980
[1758711125] 0.239980
[1758717943] 0.239269
[1758727534] 0.239064
[1758735980] 0.238770
[1758742950] 0.238357
[1758748861] 0.238357
[1758757196] 0.238250
[1758764764] 0.238014
[1758774451] 0.237564
[1758781235] 0.237530
[1758789253] 0.237573
[1758794915] 0.237374
[1758804386] 0.236777
[1758810686] 0.236670
[1758818712] 0.236762
[1758826652] 0.236747
[1758835119] 0.236260
[1758841084] 0.235779
[1758848448] 0.235210
[1758857765] 0.235167
[1758868043] 0.234809
[1758872370] 0.234561
[1758880047] 0.234282
[1758889033] 0.234117
[1758896135] 0.234012
[1758902043] 0.233477
[1758910452] 0.233164
[1758920313] 0.232576
[1758927090] 0.232506
[1758936164] 0.232482
[1758940967] 0.232328
[1758949161] 0.231673
[1758959620] 0.231539
[1758965659] 0.231539
[1758971588] 0.231520
[1758979422] 0.231030
[1758987754] 0.230706
[1758995488] 0.230694
[1759001873] 0.230678
[1759010858] 0.230678
[1759019625] 0.229778
[1759026191] 0.229561
[1759035218] 0.229594
[1759043751] 0.229769
[1759048134] 0.229695
[1759057634] 0.228979
[1759065009] 0.228688
[1759073353] 0.228633
[1759080153] 0.228667
[1759088779] 0.228602
[1759094578] 0.227990
[1759104108] 0.227442
[1759110785] 0.227411
[1759120180] 0.227577
[1759128233] 0.227292
[1759135877] 0.226897
[1759140887] 0.226897
[1759149070] 0.226649
[1759157968] 0.227084
[1759166611] 0.227111
[1759172939] 0.226784
[1759179601] 0.226429
[1759188339] 0.226101
[1759196292] 0.226150
[1759202115] 0.226275
[1759211929] 0.225807
[1759220936] 0.225406
[1759227763] 0.225060
[1759235470] 0.225136
[1759240778] 0.225354
[1759248937] 0.225348
[1759257052] 0.224763
[1759263581] 0.224539
[1759272167] 0.224561
[1759280632] 0.224754
[1759291342] 0.224778
[1759295434] 0.224546
[1759302487] 0.223900
[1759309963] 0.223832
[1759320631] 0.223771
[1759325819] 0.223560
[1759335293] 0.223152
[1759343097] 0.223085
[1759349414] 0.222993
[1759357734] 0.222384
[1759365118] 0.221931
[1759372871] 0.221346
[1759379874] 0.221346
[1759387780] 0.221208
[1759394360] 0.220997
[1759405074] 0.220054
[1759411443] 0.219549
[1759418580] 0.219022
[1759426561] 0.218985
[1759435192] 0.218817
[1759441250] 0.218456
[1759448823] 0.217461
[1759457505] 0.217060
[1759467830] 0.217252
[1759472403] 0.217259
[1759479497] 0.217136
[1759487954] 0.216374
[1759496386] 0.215774
[1759502599] 0.214944
[1759510720] 0.214834
[1759520091] 0.214818
[1759527592] 0.214301
[1759536396] 0.214301
[1759540723] 0.213698
[1759548330] 0.213649
[1759556589] 0.213624
[1759565180] 0.213560
[1759571757] 0.213529
[1759580675] 0.213082
[1759589923] 0.212899
[1759594649] 0.212859
[1759602084] 0.212828
[1759613634] 0.212746
[1759620245] 0.212504
[1759626971] 0.212283
[1759635219] 0.212262
[1759643960] 0.212204
[1759648177] 0.212011
[1759658409] 0.211490
[1759664215] 0.211417
[1759674762] 0.211447
[1759680130] 0.211371
[1759688503] 0.211000
[1759694683] 0.210823
[1759705387] 0.210774
[1759710250] 0.210734
[1759719152] 0.210054
[1759725523] 0.209638
[1759739275] 0.209280
[1759743820] 0.209261
[1759748641] 0.209084
[1759759290] 0.208079
[1759766853] 0.207626
[1759772097] 0.207372
[1759779239] 0.207314
[1759788507] 0.207078
[1759796480] 0.206683
[1759802762] 0.205679
[1759810403] 0.205361
[1759819101] 0.205315
[1759827242] 0.205425
[1759835626] 0.205293
[1759840652] 0.205006
[1759848199] 0.203836
[1759857121] 0.203315
[1759865221] 0.202859
[1759871688] 0.202838
[1759879531] 0.202574
[1759887168] 0.201849
[1759894675] 0.201399
[1759902430] 0.200961
[1759913662] 0.200949
[1759919247] 0.200814
[1759927286] 0.200009
[1759934879] 0.199565
[1759943515] 0.199148
[1759949691] 0.199151
[1759960481] 0.198977
[1759965181] 0.198711
[1759973789] 0.198159
[1759980879] 0.197979
[1759988491] 0.198034
[1759994674] 0.198016
[1760006495] 0.197495
[1760011027] 0.197005
[1760019939] 0.196433
[1760027105] 0.196482
[1760037783] 0.196405
[1760042477] 0.196105
[1760048330] 0.195670
[1760057758] 0.195281
[1760067177] 0.195398
[1760071378] 0.195398
[1760079603] 0.195254
[1760088141] 0.194409
[1760096362] 0.194038
[1760102439] 0.193827
[1760111220] 0.193989
[1760119059] 0.194305
[1760127553] 0.194100
[1760136162] 0.193695
[1760140765] 0.193227
[1760148669] 0.192706
[1760157085] 0.192706
[1760165333] 0.192716
[1760171725] 0.192535
[1760179483] 0.192002
[1760187119] 0.191904
[1760194900] 0.192002
[1760202572] 0.191837
[1760213012] 0.191295
[1760219283] 0.191127
[1760225583] 0.191084
[1760236070] 0.191084
[1760242428] 0.190677
[1760248836] 0.190370
[1760261233] 0.189911
[1760265891] 0.189887
[1760274300] 0.189936
[1760280228] 0.189807
[1760288384] 0.188959
[1760294458] 0.188634
[1760304800] 0.188435
[1760311165] 0.188527
[1760317977] 0.188402
[1760328255] 0.187658
[1760335669] 0.187370
[1760340520] 0.187257
[1760348765] 0.187453
[1760357724] 0.187474
[1760366574] 0.187232
[1760372830] 0.186580
[1760379985] 0.186497
[1760388229] 0.186457
[1760396244] 0.186234
[1760402688] 0.185830
[1760410938] 0.185640
[1760419618] 0.185600
[1760427124] 0.185386
[1760435191] 0.184945
[1760441708] 0.184477
[1760448133] 0.184109
[1760456651] 0.184170
[1760464939] 0.184415
[1760472151] 0.184155
[1760479989] 0.183690
[1760487186] 0.183139
[1760494905] 0.182542
[1760502830] 0.182615
[1760510381] 0.182682
[1760519272] 0.182434
[1760527960] 0.181727
[1760535032] 0.181461
[1760543743] 0.181522
[1760548590] 0.181559
[1760559296] 0.181308
[1760564537] 0.180873
[1760575017] 0.180435
[1760580478] 0.180126
[1760588563] 0.180371
[1760594908] 0.180420
[1760607824] 0.179737
[1760612858] 0.179366
[1760622109] 0.179171
[1760626555] 0.179122
[1760639152] 0.178099
[1760643593] 0.177465
[1760648235] 0.177058
[1760657402] 0.176831
[1760666481] 0.176844
[1760671933] 0.176559
[1760680407] 0.176201
[1760688476] 0.175901
[1760695391] 0.175992
[1760702462] 0.176084
[1760711565] 0.175931
[1760718097] 0.175255
[1760728516] 0.174997
[1760734658] 0.175120
[1760742863] 0.175506
[1760748796] 0.175493
[1760756711] 0.175297
[1760765302] 0.174707
[1760771998] 0.174664
[1760782357] 0.175068
[1760786765] 0.175068
[1760795155] 0.174997
[1760803108] 0.174345
[1760811746] 0.174109
[1760818418] 0.174097
[1760828497] 0.174275
[1760834745] 0.174168
[1760844834] 0.173528
[1760848813] 0.173313
[1760859250] 0.173335
[1760864254] 0.173326
[1760873810] 0.172955
[1760881189] 0.172768
[1760888732] 0.172670
[1760894696] 0.172667
[1760904832] 0.172303
[1760911379] 0.172012
[1760918538] 0.171636
[1760927732] 0.171746
[1760935066] 0.171734
[1760940655] 0.171636
[1760949306] 0.170879
[1760958901] 0.169985
[1760966807] 0.169762
[1760972047] 0.169716
[1760981134] 0.169860
[1760988867] 0.169639
[1760996929] 0.168822
[1761003024] 0.168513
[1761010837] 0.168363
[1761019164] 0.168473
[1761025666] 0.168473
[1761035171] 0.168044
[1761041966] 0.167325
[1761048136] 0.167147
[1761056570] 0.167147
[1761064671] 0.167294
[1761071740] 0.167227
[1761079643] 0.166550
[1761087526] 0.166201
[1761095060] 0.166247
[1761102285] 0.166519
[1761112128] 0.166311
[1761118904] 0.165925
[1761127743] 0.164866
[1761136765] 0.164514
[1761143174] 0.164376
[1761149201] 0.164486
[1761157866] 0.164343
[1761165533] 0.164064
[1761173853] 0.163531
[1761180763] 0.163445
[1761188878] 0.163516
[1761194781] 0.163488
[1761207240] 0.162799
[1761212121] 0.162692
[1761220757] 0.162668
[1761226615] 0.162747
[1761236978] 0.162836
[1761241518] 0.162698
[1761248940] 0.162159
[1761257588] 0.162199
[1761267401] 0.162199
[1761271870] 0.162199
[1761281182] 0.161814
[1761288613] 0.161657
[1761295935] 0.161648
[1761302043] 0.161501
[1761310907] 0.161158
[1761319076] 0.160255
[1761327441] 0.159976
[1761335699] 0.160078
[1761340583] 0.160319
[1761348391] 0.160414
[1761356926] 0.160203
[1761364607] 0.159744
[1761372355] 0.159842
[1761381769] 0.160114
[1761388614] 0.160032
[1761394916] 0.159836
[1761402266] 0.159416
[1761412942] 0.159334
[1761419341] 0.159275
[1761426723] 0.159070
[1761435305] 0.158847
[1761444468] 0.158770
[1761449215] 0.158782
[1761458581] 0.158519
[1761465012] 0.158152
[1761474107] 0.157806
[1761480170] 0.157827
[1761487777] 0.157971
[1761494278] 0.157901
[1761504134] 0.157163
[1761510527] 0.156789
[1761519438] 0.156425
[1761527632] 0.156703
[1761535178] 0.156746
[1761541542] 0.156691
[1761549099] 0.156045
[1761557335] 0.154998
[1761567202] 0.154572
[1761571523] 0.154572
[1761581408] 0.154750
[1761588485] 0.154661
[1761596509] 0.154407
[1761602569] 0.153302
[1761610857] 0.152855
[1761620422] 0.152512
[1761627714] 0.152521
[1761635002] 0.152411
[1761641442] 0.152227
[1761649365] 0.151820
[1761658490] 0.151848
[1761666512] 0.151829
[1761671874] 0.151572
[1761681154] 0.151315
[1761687531] 0.151202
[1761694353] 0.151247
[1761702084] 0.151205
[1761712327] 0.150464
[1761719239] 0.150396
[1761728856] 0.150644
[1761735067] 0.150681
[1761743648] 0.150338
[1761748497] 0.150029
[1761758567] 0.149848
[1761764470] 0.149698
[1761773484] 0.149086
[1761780518] 0.148789
[1761788185] 0.148673
[1761794527] 0.148813
[1761805174] 0.148755
[1761810381] 0.148418
[1761819425] 0.147941
[1761826891] 0.147564
[1761838380] 0.147717
[1761842832] 0.147632
[1761848730] 0.147417
[1761858904] 0.146829
[1761865972] 0.146829
[1761872098] 0.146863
[1761882046] 0.146762
[1761887703] 0.146566
[1761895520] 0.146364
[1761902542] 0.146346
[1761911361] 0.146336
[1761919803] 0.145975
[1761926751] 0.145779
[1761935339] 0.145709
[1761941954] 0.145718
[1761948133] 0.145687
[1761956729] 0.145473
[1761964344] 0.145142
[1761971538] 0.145142
[1761981696] 0.145136
[1761988486] 0.145066
[1761994457] 0.145020
[1762003153] 0.144855
[1762012134] 0.144769
[1762019935] 0.144741
[1762026268] 0.144720
[1762035082] 0.144625
[1762043718] 0.144386
[1762048166] 0.144386
[1762058706] 0.144343
[1762064278] 0.144343
[1762074516] 0.144147
[1762080463] 0.144101
[1762088450] 0.144043
[1762094533] 0.144043
[1762106636] 0.143912
[1762111106] 0.143810
[1762119628] 0.143749
[1762126832] 0.143719
[1762137352] 0.143615
[1762141645] 0.143615
[1762148631] 0.143452
[1762158865] 0.143397
[1762166139] 0.143360
[1762171960] 0.143305
[1762179531] 0.143272
[1762188907] 0.143079
[1762195556] 0.143048
[1762203504] 0.142996
[1762211008] 0.142978
[1762223851] 0.142864
[1762230267] 0.142828
[1762235789] 0.142803
[1762240767] 0.142773
[1762248708] 0.142684
[1762258522] 0.142610
[1762264310] 0.142583
[1762272415] 0.142509
[1762281100] 0.142451
[1762286747] 0.142387
[1762294429] 0.142359
[1762302509] 0.142307
[1762312535] 0.142234
[1762320082] 0.142188
[1762326545] 0.142157
[1762335141] 0.142093
[1762343453] 0.142010
[1762348715] 0.141980
[1762359594] 0.141937
[1762364443] 0.141937
[1762373250] 0.141759
[1762380518] 0.141732
[1762387574] 0.141695
[1762394647] 0.141676
[1762405487] 0.141624
[1762410876] 0.141514
[1762418831] 0.141441
[1762426071] 0.141416
[1762434485] 0.141361
[1762440970] 0.141337
[1762449192] 0.141309
[1762457650] 0.141211
[1762466726] 0.141187
[1762471994] 0.141128
[1762480273] 0.141101
[1762488452] 0.140966
[1762494908] 0.140923
[1762502346] 0.140865
[1762511385] 0.140831
[1762518953] 0.140773
[1762528631] 0.140709
[1762535082] 0.140681
[1762541830] 0.140620
[1762551631] 0.140590
[1762556207] 0.140550
[1762564574] 0.140470
[1762571576] 0.140430
[1762581892] 0.140375
[1762587514] 0.140311
[1762595253] 0.140283
[1762603147] 0.140228
[1762613050] 0.140167
[1762617948] 0.140127
[1762629365] 0.140063
[1762635154] 0.140011
[1762644062] 0.139916
[1762648224] 0.139882
[1762659749] 0.139818
[1762664211] 0.139797
[1762673832] 0.139653
[1762680711] 0.139622
[1762687640] 0.139539
[1762694708] 0.139506
[1762705559] 0.139441
[1762709979] 0.139411
[1762718441] 0.139310
[1762727438] 0.139218
[1762735588] 0.139175
[1762741871] 0.139117
[1762748138] 0.139092
[1762758862] 0.138991
[1762765509] 0.138961
[1762771945] 0.138896
[1762781769] 0.138863
[1762787628] 0.138811
[1762795789] 0.138786
[1762802726] 0.138728
[1762810651] 0.138697
[1762821259] 0.138636
[1762825611] 0.138599
[1762835193] 0.138541
[1762841843] 0.138480
[1762850660] 0.138440
[1762859387] 0.138379
[1762864295] 0.138339
[1762872467] 0.138275
[1762880844] 0.138244
[1762886797] 0.138177
[1762894675] 0.138149
[1762903136] 0.138079
[1762912232] 0.137990
[1762920727] 0.137895
[1762925437] 0.137858
[1762934715] 0.137813
[1762943203] 0.137699
[1762949233] 0.137659
[1762957847] 0.137598
[1762964595] 0.137577
[1762974631] 0.137519
[1762982756] 0.137485
[1762987640] 0.137427
[1762994679] 0.137427
[1763003716] 0.137347
[1763010161] 0.137320
[1763018661] 0.137206
[1763027150] 0.137160
[1763035061] 0.137127
[1763040866] 0.137096
[1763048504] 0.137026
[1763057645] 0.136964
[1763066036] 0.136931
[1763071959] 0.136866
[1763081890] 0.136866
[1763087401] 0.136762
[1763095670] 0.136735
[1763102839] 0.136683
[1763110192] 0.136661
[1763123694] 0.136502
[1763129236] 0.136502
[1763135352] 0.136450
[1763141544] 0.136426
[1763148237] 0.136367
[1763157941] 0.136285
[1763164676] 0.136236
[1763171409] 0.136208
[1763180854] 0.136135
[1763187204] 0.136064
[1763195228] 0.136037
[1763202963] 0.135975
[1763211517] 0.135939
[1763219469] 0.135877
[1763226121] 0.135850
[1763234737] 0.135792
[1763243103] 0.135740
[1763249181] 0.135709
[1763257985] 0.135629
[1763264022] 0.135596
[1763273290] 0.135532
[1763280706] 0.135504
[1763288377] 0.135403
[1763294501] 0.135360
[1763304679] 0.135296
[1763310768] 0.135250
[1763319373] 0.135094
[1763327361] 0.135045
[1763336152] 0.135023
[1763340603] 0.134999
[1763348556] 0.134763
[1763358704] 0.134690
[1763365135] 0.134668
[1763371684] 0.134656
[1763381254] 0.134601
[1763387377] 0.134466
[1763395079] 0.134442
[1763403747] 0.134380
[1763410701] 0.134353
[1763421793] 0.134295
[1763426504] 0.134267
[1763434841] 0.134175
[1763440975] 0.134148
[1763450686] 0.134047
[1763456652] 0.134047
[1763463875] 0.133970
[1763471501] 0.133946
[1763485821] 0.133792
[1763490272] 0.133768
[1763494272] 0.133734
[1763502557] 0.133691
[1763512950] 0.133551
[1763518876] 0.133514
[1763526670] 0.133492
[1763535051] 0.133443
[1763543082] 0.133391
[1763547943] 0.133391
[1763557972] 0.133312
[1763564536] 0.133287
[1763573203] 0.133223
[1763580616] 0.133192
[1763587903] 0.133143
[1763594549] 0.133113
[1763604763] 0.133048
[1763610217] 0.133024
[1763619433] 0.132960
[1763626688] 0.132929
[1763634547] 0.132865
[1763640800] 0.132837
[1763648788] 0.132727
[1763656597] 0.132653
[1763664578] 0.132647
[1763671805] 0.132574
[1763681140] 0.132497
[1763688117] 0.132430
[1763694379] 0.132402
[1763702448] 0.132347
[1763710885] 0.132298
[1763719171] 0.132225
[1763729201] 0.132179
[1763735160] 0.132161
[1763741679] 0.132139
[1763750245] 0.132087
[1763758843] 0.132038
[1763764254] 0.132007
[1763771259] 0.131980
[1763781484] 0.131952
[1763787013] 0.131876
[1763795755] 0.131851
[1763802349] 0.131796
[1763812313] 0.131741
[1763818816] 0.131674
[1763828242] 0.131616
[1763835142] 0.131585
[1763843572] 0.131530
[1763848312] 0.131502
[1763858697] 0.131453
[1763864701] 0.131420
[1763874628] 0.131364
[1763880727] 0.131331
[1763887704] 0.131276
[1763894736] 0.131251
[1763903583] 0.131199
[1763910403] 0.131169
[1763921675] 0.131104
[1763926049] 0.131071
[1763933787] 0.131015
[1763940499] 0.130985
[1763948248] 0.130930
[1763958410] 0.130862
[1763965466] 0.130832
[1763971900] 0.130780
[1763981480] 0.130752
[1763987694] 0.130688
[1763995293] 0.130657
[1764002852] 0.130596
[1764011180] 0.130596
[1764021931] 0.130510
[1764028270] 0.130452
[1764034541] 0.130428
[1764040821] 0.130403
[1764050335] 0.130302
[1764058328] 0.130235
[1764065223] 0.130201
[1764071850] 0.130161
[1764082159] 0.130094
[1764086633] 0.130094
[1764095043] 0.130036
[1764105101] 0.129974
[1764113167] 0.129922
[1764119732] 0.129886
[1764126367] 0.129849
[1764134728] 0.129782
[1764142778] 0.129723
[1764148452] 0.129696
[1764158795] 0.129647
[1764164713] 0.129616
[1764173643] 0.129558
[1764181394] 0.129527
[1764188548] 0.129466
[1764194511] 0.129436
[1764204152] 0.129380
[1764210658] 0.129347
[1764219613] 0.129267
[1764225711] 0.129237
[1764233306] 0.129175
[1764241465] 0.129151
[1764248478] 0.129068
[1764261240] 0.128982
[1764265571] 0.128949
[1764271456] 0.128921
[1764280867] 0.128872
[1764289776] 0.128768
[1764294415] 0.128734
[1764303241] 0.128676
[1764310501] 0.128652
[1764321376] 0.128517
[1764325988] 0.128517
[1764334364] 0.128407
[1764340867] 0.128388
[1764350111] 0.128333
[1764358134] 0.128248
[1764363877] 0.128137
[1764371661] 0.128104
[1764381363] 0.128042
[1764386949] 0.128018
[1764394623] 0.127892
[1764401902] 0.127764
[1764413714] 0.127715
[1764420371] 0.127703
[1764425889] 0.127687
[1764434695] 0.127632
[1764442449] 0.127445
[1764448369] 0.127424
[1764457753] 0.127390
[1764463897] 0.127378
[1764473831] 0.127194
[1764482846] 0.127115
[1764489751] 0.127090
[1764495311] 0.127072
[1764503209] 0.126937
[1764510859] 0.126729
[1764519941] 0.126683
[1764526123] 0.126662
[1764533619] 0.126380
[1764540682] 0.126248
[1764549360] 0.126190
[1764557875] 0.126037
[1764564324] 0.125795
[1764571711] 0.125608
[1764580772] 0.125611
[1764587764] 0.125458
[1764595189] 0.125220
[1764603300] 0.125014
[1764611698] 0.125045
[1764623202] 0.124969
[1764628568] 0.124739
[1764634388] 0.124525
[1764640708] 0.124466
[1764650424] 0.124595
[1764659221] 0.124368
[1764664097] 0.124096
[1764671543] 0.123976
[1764681621] 0.123912
[1764687331] 0.123487
[1764695661] 0.123294
[1764702595] 0.123300
[1764711965] 0.123330
[1764718755] 0.123138
[1764727535] 0.122531
[1764735498] 0.122452
[1764743544] 0.122666
[1764748625] 0.122691
[1764757659] 0.122256
[1764763986] 0.121824
[1764773222] 0.121374
[1764780551] 0.121374
[1764787618] 0.121362
[1764795551] 0.121193
[1764806033] 0.120955
[1764810851] 0.120593
[1764818895] 0.120737
[1764826088] 0.120795
[1764836158] 0.120606
[1764840787] 0.120324
[1764848374] 0.120027
[1764860570] 0.120054
[1764864903] 0.120054
[1764871536] 0.119966
[1764881738] 0.119347
[1764887174] 0.119170
[1764894924] 0.119350
[1764903291] 0.119405
[1764910456] 0.119225
[1764921464] 0.118321
[1764927247] 0.117914
[1764935096] 0.117611
[1764940943] 0.117700
[1764950601] 0.117975
[1764958221] 0.117755
[1764963864] 0.117329
[1764972087] 0.116549
[1764981649] 0.116414
[1764987573] 0.116460
[1764994712] 0.116515
[1765003087] 0.116001
[1765011918] 0.115140
[1765020555] 0.114954
[1765025956] 0.114917
[1765034319] 0.115006
[1765042443] 0.114871
[1765048517] 0.114445
[1765057345] 0.114323
[1765063540] 0.114424
[1765072457] 0.114311
[1765080793] 0.114096
[1765087991] 0.113839
[1765094567] 0.113842
[1765104394] 0.113686
[1765110903] 0.113493
[1765119644] 0.113325
[1765127038] 0.113285
[1765136000] 0.113288
[1765140956] 0.113178
[1765149337] 0.112691
[1765157953] 0.112578
[1765165097] 0.112679
[1765171811] 0.112767
[1765180832] 0.112608
[1765187501] 0.112180
[1765195337] 0.112149
[1765203239] 0.112275
[1765211086] 0.112210
[1765221342] 0.111791
[1765225942] 0.111708
[1765234250] 0.111834
[1765240641] 0.111843
[1765251338] 0.111488
[1765258165] 0.111276
[1765264148] 0.111420
[1765272334] 0.111638
[1765281069] 0.111558
[1765287057] 0.110964
[1765295057] 0.110765
[1765303193] 0.110839
[1765312140] 0.110909
[1765320842] 0.110682
[1765326089] 0.110682
[1765334194] 0.110272
[1765342308] 0.110349
[1765348193] 0.110205
[1765357903] 0.109761
[1765363987] 0.109690
[1765372809] 0.109721
[1765381897] 0.109681
[1765387291] 0.108998
[1765394191] 0.108478
[1765403988] 0.107973
[1765410439] 0.107961
[1765419957] 0.107970
[1765425717] 0.107807
[1765433459] 0.107314
[1765440514] 0.106978
[1765448361] 0.106782
[1765461055] 0.106849
[1765465226] 0.106733
[1765471442] 0.106503
[1765481426] 0.106298
[1765489568] 0.106427
[1765495678] 0.106433
[1765502524] 0.106047
[1765512445] 0.105572
[1765521867] 0.105563
[1765527256] 0.105634
[1765535305] 0.105481
[1765541216] 0.105196
[1765550753] 0.104978
[1765558585] 0.105217
[1765564773] 0.105242
[1765571834] 0.104911
[1765581339] 0.104507
[1765587220] 0.104130
[1765594493] 0.104176
[1765602454] 0.104213
[1765612528] 0.103671
[1765620946] 0.103671
[1765626264] 0.103448
[1765634434] 0.103708
[1765642294] 0.103613
[1765648567] 0.103346
[1765658145] 0.102878
[1765664148] 0.102875
[1765673247] 0.102958
[1765681975] 0.102860
[1765687228] 0.102238
[1765695192] 0.101996
[1765703120] 0.102002
[1765711319] 0.102204
[1765719388] 0.102238
[1765726115] 0.101953
[1765732897] 0.101317
[1765740991] 0.101228
[1765748839] 0.101439
[1765759772] 0.101402
[1765763901] 0.101130
[1765772337] 0.100462
[1765780865] 0.100367
[1765789384] 0.100517
[1765795655] 0.100517
[1765802915] 0.100083
[1765811328] 0.099908
[1765824847] 0.100028
[1765833153] 0.100018
[1765839651] 0.099590
[1765843956] 0.099409
[1765850047] 0.099385
[1765855996] 0.099443
[1765863891] 0.099590
[1765871246] 0.099590
[1765883594] 0.099066
[1765888250] 0.099091
[1765894566] 0.099088
[1765902784] 0.099094
[1765912872] 0.098928
[1765919388] 0.098772
[1765925877] 0.098745
[1765934223] 0.098739
[1765942407] 0.098726
[1765949427] 0.098417
[1765957800] 0.098325
[1765963555] 0.098362
[1765973018] 0.098172
[1765981105] 0.097820
[1765987883] 0.097489
[1765994656] 0.097336
[1766002221] 0.097667
[1766010250] 0.097667
[1766018737] 0.097205
[1766025227] 0.096776
[1766035656] 0.096433
[1766040665] 0.096286
[1766049191] 0.096549
[1766059988] 0.096363
[1766064512] 0.095946
[1766072299] 0.095135
[1766080707] 0.095135
[1766088938] 0.095334
[1766094797] 0.095389
[1766102588] 0.095156
[1766111116] 0.094875
[1766120340] 0.094771
[1766127266] 0.094887
[1766135110] 0.094801
[1766141101] 0.094516
[1766149990] 0.094103
[1766155984] 0.094118
[1766163635] 0.094290
[1766172069] 0.094048
[1766183238] 0.093307
[1766188033] 0.093102
[1766194561] 0.093065
[1766202967] 0.093466
[1766214040] 0.093730
[1766219609] 0.093445
[1766225699] 0.093445
[1766235162] 0.093203
[1766241665] 0.093313
[1766249723] 0.093439
[1766257397] 0.093286
[1766263692] 0.092924
[1766273280] 0.092545
[1766281748] 0.092508
[1766287223] 0.092698
[1766294531] 0.092661
[1766302642] 0.092171
[1766311539] 0.091831
[1766318750] 0.091617
[1766325107] 0.091718
[1766336108] 0.091635
[1766340626] 0.091635
[1766349003] 0.090852
[1766359984] 0.090723
[1766364362] 0.090910
[1766371665] 0.090910
[1766381662] 0.091078
[1766390482] 0.090432
[1766394674] 0.090049
[1766402803] 0.089783
[1766410857] 0.089783
[1766421612] 0.089789
[1766426555] 0.089639
[1766434659] 0.089305
[1766441283] 0.089293
[1766451537] 0.089406
[1766456840] 0.089244
[1766464728] 0.088990
[1766472290] 0.088763
[1766481072] 0.088828
[1766487023] 0.088675
[1766494918] 0.088528
[1766502564] 0.088368
[1766514544] 0.088359
[1766520940] 0.088329
[1766525614] 0.088323
[1766534298] 0.088289
[1766542420] 0.088274
[1766548684] 0.088258
[1766557420] 0.088206
[1766564181] 0.088185
[1766571996] 0.088160
[1766581604] 0.088148
[1766588572] 0.088127
[1766594692] 0.088120
[1766602906] 0.088093
[1766611372] 0.088068
[1766620560] 0.088047
[1766626063] 0.088032
[1766633336] 0.087992
[1766640931] 0.087980
[1766648372] 0.087937
[1766661078] 0.087885
[1766665256] 0.087885
[1766671670] 0.087845
[1766682145] 0.087802
[1766689060] 0.087762
[1766695857] 0.087750
[1766703210] 0.087722
[1766710544] 0.087707
[1766722552] 0.087680
[1766728489] 0.087640
[1766734595] 0.087624
[1766740773] 0.087606
[1766750212] 0.087566
[1766757389] 0.087520
[1766764716] 0.087496
[1766771658] 0.087456
[1766781255] 0.087432
[1766787643] 0.087386
[1766795368] 0.087361
[1766803764] 0.087324
[1766810910] 0.087324
[1766820269] 0.087269
[1766827781] 0.087229
[1766835408] 0.087202
[1766843781] 0.087159
[1766848547] 0.087159
[1766858672] 0.087086
[1766864463] 0.087070
[1766872384] 0.087024
[1766881875] 0.086997
[1766887502] 0.086966
[1766894983] 0.086951
[1766903400] 0.086911
[1766910612] 0.086887
[1766919655] 0.086868
[1766925553] 0.086835
[1766933013] 0.086801
[1766941017] 0.086786
[1766948607] 0.086746
[1766960560] 0.086709
[1766964833] 0.086709
[1766971813] 0.086651
[1766982282] 0.086611
[1766990468] 0.086593
[1766994751] 0.086571
[1767003775] 0.086534
[1767010396] 0.086534
[1767021961] 0.086479
[1767027202] 0.086443
[1767035547] 0.086421
[1767041514] 0.086397
[1767051828] 0.086345
[1767056208] 0.086345
[1767064280] 0.086308
[1767072089] 0.086265
[1767085007] 0.086234
[1767089516] 0.086201
[1767095511] 0.086182
[1767102483] 0.086146
[1767114301] 0.086103
[1767120530] 0.086081
[1767126258] 0.086060
[1767135115] 0.086048
[1767141916] 0.085989
[1767148322] 0.085974
[1767158518] 0.085934
[1767164621] 0.085919
[1767173174] 0.085852
[1767181107] 0.085827
[1767187942] 0.085790
[1767195507] 0.085772
[1767204029] 0.085754
[1767211698] 0.085720
[1767219631] 0.085689
[1767225395] 0.085671
[1767233357] 0.085637
[1767240891] 0.085625
[1767249698] 0.085591
[1767260053] 0.085558
[1767264307] 0.085539
[1767271924] 0.085506
[1767281795] 0.085490
[1767288951] 0.085457
[1767295953] 0.085438
[1767302978] 0.085402
[1767310625] 0.085383
[1767321653] 0.085346
[1767326559] 0.085325
[1767335036] 0.085294
[1767340968] 0.085279
[1767350129] 0.085245
[1767358413] 0.085209
[1767364910] 0.085193
[1767371682] 0.085178
[1767382077] 0.085123
[1767386743] 0.085098
[1767394378] 0.085083
[1767403538] 0.085053
[1767414671] 0.085004
[1767419767] 0.084982
[1767426997] 0.084961
[1767434820] 0.084927
[1767443075] 0.084881
[1767448929] 0.084860
[1767457738] 0.084832
[1767463697] 0.084811
[1767471809] 0.084786
[1767481054] 0.084749
[1767487852] 0.084710
[1767495253] 0.084694
[1767503129] 0.084664
[1767510787] 0.084642
[1767519014] 0.084609
[1767525117] 0.084593
[1767533190] 0.084550
[1767540732] 0.084529
[1767548433] 0.084514
[1767560633] 0.084462
[1767564673] 0.084446
[1767571657] 0.084428
[1767582104] 0.084361
[1767588811] 0.084333
[1767594847] 0.084333
[1767602558] 0.084278
[1767611406] 0.084260
[1767623096] 0.084195
[1767629818] 0.084174
[1767634929] 0.084146
[1767640929] 0.084125
[1767650970] 0.084091
[1767658007] 0.084048
[1767664279] 0.084030
[1767672436] 0.083996
[1767680997] 0.083978
[1767686565] 0.083938
[1767694560] 0.083920
[1767702858] 0.083880
[1767713797] 0.083862
[1767720343] 0.083831
[1767727113] 0.083813
[1767734905] 0.083767
[1767742569] 0.083724
[1767748516] 0.083699
[1767757482] 0.083669
[1767764322] 0.083638
[1767771757] 0.083595
[1767782706] 0.083558
[1767787542] 0.083537
[1767795869] 0.083522
[1767802644] 0.083482
[1767810472] 0.083482
[1767818752] 0.083427
[1767825413] 0.083415
[1767833083] 0.083372
[1767840298] 0.083353
[1767848331] 0.083320
[1767860156] 0.083286
[1767864734] 0.083268
[1767871846] 0.083228
[1767882684] 0.083206
[1767889635] 0.083176
[1767895492] 0.083163
[1767903758] 0.083127
[1767910401] 0.083108
[1767921465] 0.083075
[1767927108] 0.083035
[1767935236] 0.083020
[1767941215] 0.083004
[1767951636] 0.082971
[1767957916] 0.082934
[1767964468] 0.082912
[1767972472] 0.082894
[1767981531] 0.082857
[1767987348] 0.082824
[1767995636] 0.082805
[1768002614] 0.082768
[1768015825] 0.082729
[1768020192] 0.082716
[1768026602] 0.082698
[1768034825] 0.082661
[1768042979] 0.082631
[1768048953] 0.082612
[1768057724] 0.082579
[1768063757] 0.082557
[1768071834] 0.082517
[1768081293] 0.082502
[1768087693] 0.082459
[1768095275] 0.082441
[1768103727] 0.082407
[1768110379] 0.082389
[1768119489] 0.082343
[1768125466] 0.082321
[1768133121] 0.082282
[1768141666] 0.082266
[1768148398] 0.082230
[1768160623] 0.082193
[1768164933] 0.082168
[1768171596] 0.082147
[1768181946] 0.082092
[1768189990] 0.082067
[1768194300] 0.082052
[1768202972] 0.082015
[1768210637] 0.082000
[1768221367] 0.081963
[1768226745] 0.081945
[1768234478] 0.081908
[1768240971] 0.081890
[1768250705] 0.081856
[1768256455] 0.081838
[1768264145] 0.081807
[1768272133] 0.081770
[1768284733] 0.081728
[1768289170] 0.081706
[1768295645] 0.081703
[1768302874] 0.081651
[1768316697] 0.081614
[1768321316] 0.081596
[1768327043] 0.081568
[1768334220] 0.081556
[1768342050] 0.081532
[1768348233] 0.081522
[1768358425] 0.081507
[1768364296] 0.081501
[1768419264] 0.081446
[1768423986] 0.081443
[1768432067] 0.081437
[1768482728] 0.081415
[1768489636] 0.081415
[1768495279] 0.081412
[1768504131] 0.081412
[1768513549] 0.081409
[1768520456] 0.081406
[1768525429] 0.081406
[1768533587] 0.081406
[1768540991] 0.081403
[1768550609] 0.081403
[1768556117] 0.081400
[1768564419] 0.081400
[1768571772] 0.081397
[1768581812] 0.081397
[1768587447] 0.081397
[1768595410] 0.081397
[1768602920] 0.081394
[1768612030] 0.081394
[1768618381] 0.081394
[1768625544] 0.081394
[1768633681] 0.081394
[1768641139] 0.081391
[1768649101] 0.081391
[1768656171] 0.081391
[1768664051] 0.081391
[1768672177] 0.081391
[1768679790] 0.081388
[1768687102] 0.081388
[1768694416] 0.081388
[1768702912] 0.081388
[1768711561] 0.081388
[1768719656] 0.081388
[1768725296] 0.081388
[1768732968] 0.081388
[1768740872] 0.081388
[1768793187] 0.081385
[1768798054] 0.081385
[1768806386] 0.081385
[1768815003] 0.081385
[1768822280] 0.081385
[1768828830] 0.081385
[1768836956] 0.081385
[1768843449] 0.081385
[1768851433] 0.081385
[1768858963] 0.081201
[1768867247] 0.081382
[1768875070] 0.081378
[1768883778] 0.081198
[1768889990] 0.081375
[1768897689] 0.081186
[1768905261] 0.081183
[1768914813] 0.081339
[1768920671] 0.081155
[1768930535] 0.081323
[1768938368] 0.081124
[1768944128] 0.081121
[1768952048] 0.081293
[1768959457] 0.081094
[1768969199] 0.081268
[1768975316] 0.081256
[1768983379] 0.081069
[1768989963] 0.081244
[1768999296] 0.081051
[1769005135] 0.081048
[1769014472] 0.081219
[1769021125] 0.081036
[1769033580] 0.081204
[1769037837] 0.081023
[1769043607] 0.081023
[1769052370] 0.081198
[1769061629] 0.081014
[1769067455] 0.081189
[1769075438] 0.081189
[1769083032] 0.081005
[1769090713] 0.081186
[1769097636] 0.080999
[1769105560] 0.080999
[1769113908] 0.081176
[1769121837] 0.080993
[1769129972] 0.081170
[1769136298] 0.081170
[1769143688] 0.080916
[1769151769] 0.081091
[1769159704] 0.080913
[1769167595] 0.081045
[1769175624] 0.080959
[1769183881] 0.080864
[1769189679] 0.080846
[1769198638] 0.080867
[1769205252] 0.080938
[1769215221] 0.080699
[1769221112] 0.080610
[1769229822] 0.080662
[1769238647] 0.080690
[1769244151] 0.080797
[1769252756] 0.080561
[1769260214] 0.080445
[1769268624] 0.080622
[1769275903] 0.080622
[1769283524] 0.080644
[1769289881] 0.080414
[1769299382] 0.080543
[1769305157] 0.080555
[1769313999] 0.080435
[1769321069] 0.080503
[1769334224] 0.080411
[1769338855] 0.080337
[1769343993] 0.080527
[1769352773] 0.080350
[1769362117] 0.080533
[1769367043] 0.080536
[1769376246] 0.080255
[1769384098] 0.080292
[1769390416] 0.080374
[1769397429] 0.080264
[1769405437] 0.080175
[1769415154] 0.080347
[1769422298] 0.080062
[1769429933] 0.080252
[1769436069] 0.080267
[1769443822] 0.080080
[1769451994] 0.080145
[1769459363] 0.079964
[1769467349] 0.080206
[1769477867] 0.079964
[1769483803] 0.080132
[1769489982] 0.080126
[1769498565] 0.079814
[1769507297] 0.080004
[1769514972] 0.079985
[1769522629] 0.080013
[1769531051] 0.079744
[1769539115] 0.079737
[1769543766] 0.079719
[1769552843] 0.079835
[1769560071] 0.079820
[1769569075] 0.079792
[1769575517] 0.079786
[1769583745] 0.079483
[1769590067] 0.079664
[1769600187] 0.079658
[1769606560] 0.079658
[1769618281] 0.079131
[1769622863] 0.078966
[1769630397] 0.078963
[1769635934] 0.078963
[1769644692] 0.078960
[1769654702] 0.078228
[1769661904] 0.077928
[1769667726] 0.077861
[1769675928] 0.077992
[1769683641] 0.077913
[1769692232] 0.077159
[1769697281] 0.077159
[1769705877] 0.076927
[1769715150] 0.077196
[1769724679] 0.077184
[1769730066] 0.076967
[1769736878] 0.076676
[1769743850] 0.076691
[1769752436] 0.076771
[1769760968] 0.076651
[1769767157] 0.076030
[1769774973] 0.075757
[1769782475] 0.075696
[1769790131] 0.075907
[1769798113] 0.076125
[1769808415] 0.075809
[1769813534] 0.075485
[1769822592] 0.075234
[1769831661] 0.075301
[1769838379] 0.075494
[1769843843] 0.075405
[1769854202] 0.075044
[1769859980] 0.075028
[1769868918] 0.075105
[1769876293] 0.075065
[1769883591] 0.074872
[1769890022] 0.074839
[1769899784] 0.074933
[1769906055] 0.074930
[1769914222] 0.074829
[1769922516] 0.074649
[1769930176] 0.074661
[1769936444] 0.074637
[1769944414] 0.074508
[1769954209] 0.074493
[1769962301] 0.074535
[1769967193] 0.074447
[1769977628] 0.074330
[1769982877] 0.074382
[1769990488] 0.074367
[1769998509] 0.074361
[1770005719] 0.074214
[1770014251] 0.074049
[1770023438] 0.074064
[1770030443] 0.074064
[1770036600] 0.074039
[1770044031] 0.073755
[1770052441] 0.073611
[1770058832] 0.073718
[1770066802] 0.073721
[1770077112] 0.073678
[1770085812] 0.073400
[1770089955] 0.073390
[1770102139] 0.073348
[1770110755] 0.073161
[1770116923] 0.073078
[1770121506] 0.073100
[1770130711] 0.073100
[1770138735] 0.072937
[1770144590] 0.072848
[1770154967] 0.072848
[1770159394] 0.072781
[1770168909] 0.072453
[1770175715] 0.072365
[1770183748] 0.072502
[1770189800] 0.072512
[1770198789] 0.072202
[1770205337] 0.072068
[1770215185] 0.072120
[1770221763] 0.072117
[1770230861] 0.072111
[1770237058] 0.071811
[1770243563] 0.071789
[1770254278] 0.071792
[1770261316] 0.071792
[1770267614] 0.071645
[1770277873] 0.071593
[1770282955] 0.071590
[1770290961] 0.071587
[1770297678] 0.071575
[1770305736] 0.071486
[1770318948] 0.071452
[1770324732] 0.071452
[1770331265] 0.071449
[1770336419] 0.071437
[1770344068] 0.071425
[1770353221] 0.071413
[1770360600] 0.071413
[1770366617] 0.071391
[1770374649] 0.071379
[1770382324] 0.071354
[1770389894] 0.071342
[1770398403] 0.071321
[1770408320] 0.071296
[1770414459] 0.071284
[1770421999] 0.071253
[1770430686] 0.071241
[1770438444] 0.071210
[1770444237] 0.071195
[1770454474] 0.071168
[1770459512] 0.071146
[1770469770] 0.071131
[1770478411] 0.071094
[1770483108] 0.071079
[1770490504] 0.071063
[1770503940] 0.071018
[1770509114] 0.070999
[1770515534] 0.070984
[1770521509] 0.070984
[1770532248] 0.070935
[1770537222] 0.070904
[1770543891] 0.070886
[1770553069] 0.070849
[1770562166] 0.070809
[1770566612] 0.070809
[1770576323] 0.070782
[1770583540] 0.070754
[1770591177] 0.070739
[1770597666] 0.070711
[1770605528] 0.070696
[1770614474] 0.070669
[1770626787] 0.070650
[1770632732] 0.070604
[1770637554] 0.070589
[1770643344] 0.070574
[1770651632] 0.070555
[1770659529] 0.070528
[1770666772] 0.070509
[1770677260] 0.070460
[1770683942] 0.070445
[1770690228] 0.070433
[1770698036] 0.070402
[1770708858] 0.070381
[1770714580] 0.070353
[1770723446] 0.070319
[1770730615] 0.070304
[1770738861] 0.070277
[1770744413] 0.070258
[1770754997] 0.070228
[1770759961] 0.070215
[1770770396] 0.070182
[1770775830] 0.070166
[1770783851] 0.070139
[1770789812] 0.070120
[1770800269] 0.070093
[1770806999] 0.070059
[1770815767] 0.070047
[1770820653] 0.070035
[1770833818] 0.069992
[1770838379] 0.069977
[1770844241] 0.069961
[1770852882] 0.069937
[1770860564] 0.069924
[1770866818] 0.069909
[1770877225] 0.069882
[1770882836] 0.069854
[1770890449] 0.069839
[1770897341] 0.069811
[1770906158] 0.069799
[1770914482] 0.069771
[1770921866] 0.069759
[1770930236] 0.069725
[1770936350] 0.069707
[1770944271] 0.069692
[1770954561] 0.069652
[1770959401] 0.069640
[1770967281] 0.069606
[1770977479] 0.069594
[1770982854] 0.069566
[1770989925] 0.069551
[1770997629] 0.069520
[1771008051] 0.069493
[1771018550] 0.069456
[1771023678] 0.069441
[1771030173] 0.069425
[1771038171] 0.069395
[1771043893] 0.069373
[1771053172] 0.069343
[1771059964] 0.069327
[1771069233] 0.069297
[1771074340] 0.069282
[1771083567] 0.069254
[1771089954] 0.069239
[1771099891] 0.069211
[1771106152] 0.069196
[1771114410] 0.069165
[1771122010] 0.069128
[1771130167] 0.069116
[1771136228] 0.069104
[1771143776] 0.069073
[1771154467] 0.069043
[1771161465] 0.069027
[1771167596] 0.068997
[1771176143] 0.068985
[1771183065] 0.068954
[1771191626] 0.068939
[1771198131] 0.068902
[1771206694] 0.068883
[1771218452] 0.068844
[1771224463] 0.068828
[1771230736] 0.068813
[1771236707] 0.068798
[1771243641] 0.068764
[1771253051] 0.068733
[1771260370] 0.068715
[1771266632] 0.068715
[1771276975] 0.068669
[1771282602] 0.068639
[1771290049] 0.068620
[1771298932] 0.068599
[1771308966] 0.068565
[1771314832] 0.068553
[1771321717] 0.068538
[1771330501] 0.068507
[1771338652] 0.068476
[1771344686] 0.068464
[1771353709] 0.068436
[1771360080] 0.068421
[1771368932] 0.068384
[1771376633] 0.068363
[1771383712] 0.068342
[1771389885] 0.068329
[1771401751] 0.068302
[1771406452] 0.068286
[1771413750] 0.068253
[1771422060] 0.068237
[1771429866] 0.068213
[1771436050] 0.068198
[1771443565] 0.068170
[1771453134] 0.068143
[1771460982] 0.068124
[1771467145] 0.068097
[1771476051] 0.068081
[1771483261] 0.068054
[1771490619] 0.068038
[1771497985] 0.068008
[1771506805] 0.067993
[1771518343] 0.067947
[1771523265] 0.067934
[1771529984] 0.067925
[1771536669] 0.067910
[1771546750] 0.067879
[1771551381] 0.067864
[1771559262] 0.067836
[1771566498] 0.067821
[1771577407] 0.067778
[1771584307] 0.067763
[1771590564] 0.067748
[1771603194] 0.067708
[1771610560] 0.067692
[1771617617] 0.067665
[1771622520] 0.067647
[1771631012] 0.067631
[1771638409] 0.067604
[1771644719] 0.067588
[1771653438] 0.067561
[1771660045] 0.067546
[1771668934] 0.067515
[1771674966] 0.067500
[1771682429] 0.067466
[1771691115] 0.067454
[1771699549] 0.067423
[1771705865] 0.067408
[1771715465] 0.067374
[1771721855] 0.067359
[1771729388] 0.067331
[1771735851] 0.067316
[1771743721] 0.067288
[1771756660] 0.067255
[1771761178] 0.067245
[1771767070] 0.067215
[1771774218] 0.067200
[1771783274] 0.067169
[1771790211] 0.067154
[1771799055] 0.067120
[1771806252] 0.067108
[1771817803] 0.067071
[1771824669] 0.067037
[1771830995] 0.067022
[1771837749] 0.066994
[1771843588] 0.066976
[1771853197] 0.066936
[1771860130] 0.066918
[1771866969] 0.066884
[1771876187] 0.066869
[1771882193] 0.066838
[1771889804] 0.066820
[1771897911] 0.066786
[1771908109] 0.066756
[1771914436] 0.066740
[1771922675] 0.066728
[1771931026] 0.066691
[1771938628] 0.066658
[1771944685] 0.066642
[1771953576] 0.066612
[1771959167] 0.066596
[1771967907] 0.066563
[1771979324] 0.066529
[1771984342] 0.066514
[1771990549] 0.066514
[1771999908] 0.066468
[1772006669] 0.066456
[1772015537] 0.066422
[1772021819] 0.066407
[1772029388] 0.066364
[1772036162] 0.066364
[1772044178] 0.066315
[1772053051] 0.066287
[1772059934] 0.066275
[1772066823] 0.066266
[1772076748] 0.066241
[1772083191] 0.066214
[1772089887] 0.066198
[1772097989] 0.066171
[1772106350] 0.066155
[1772118837] 0.066106
[1772125418] 0.066094
[1772131137] 0.066094
[1772136426] 0.066064
[1772143763] 0.066036
[1772153354] 0.066009
[1772159677] 0.065993
[1772167845] 0.065966
[1772176280] 0.065950
[1772182755] 0.065920
[1772189860] 0.065901
[1772198835] 0.065886
[1772209099] 0.065846
[1772215448] 0.065834
[1772221964] 0.065822
[1772230213] 0.065788
[1772238531] 0.065761
[1772243982] 0.065748
[1772254321] 0.065718
[1772259087] 0.065702
[1772269248] 0.065669
[1772276630] 0.065650
[1772283596] 0.065623
[1772290006] 0.065610
[1772300022] 0.065583
[1772307099] 0.065555
[1772316247] 0.065537
[1772320921] 0.065522
[1772329133] 0.065506
[1772336919] 0.065464
[1772343805] 0.065451
[1772357592] 0.065405
[1772362240] 0.065405
[1772367160] 0.065405
[1772379545] 0.065347
[1772386320] 0.065335
[1772390666] 0.065320
[1772398935] 0.065295
[1772405680] 0.065283
[1772417814] 0.065240
[1772423759] 0.065228
[1772430178] 0.065212
[1772436439] 0.065197
[1772446327] 0.065167
[1772453886] 0.065139
[1772459786] 0.065124
[1772468172] 0.065093
[1772476180] 0.065075
[1772482695] 0.065044
[1772490623] 0.065035
[1772497622] 0.065007
[1772507385] 0.064977
[1772514198] 0.064964
[1772523331] 0.064934
[1772530051] 0.064922
[1772538242] 0.064894
[1772544384] 0.064879
[1772553256] 0.064851
[1772560168] 0.064839
[1772568997] 0.064808
[1772576458] 0.064793
[1772582935] 0.064769
[1772591051] 0.064756
[1772599198] 0.064729
[1772606119] 0.064716
[1772614872] 0.064686
[1772621420] 0.064671
[1772629559] 0.064640
[1772635902] 0.064625
[1772644220] 0.064603
[1772657506] 0.064560
[1772661915] 0.064548
[1772667018] 0.064536
[1772679296] 0.064505
[1772685619] 0.064490
[1772689933] 0.064472
[1772697974] 0.064456
[1772706571] 0.064432
[1772717247] 0.064407
[1772721903] 0.064377
[1772728259] 0.064377
[1772736125] 0.064352
[1772745236] 0.064328
[1772754716] 0.064303
[1772759175] 0.064291
[1772766662] 0.064279
[1772776744] 0.064245
[1772782010] 0.064217
[1772790286] 0.064205
[1772797836] 0.064181
[1772808565] 0.064153
[1772816345] 0.064135
[1772821303] 0.064119
[1772830182] 0.064089
[1772838013] 0.064064
[1772844047] 0.064052
[1772853462] 0.064025
[1772859705] 0.064012
[1772869576] 0.063985
[1772876369] 0.063972
[1772882273] 0.063942
[1772890312] 0.063923
[1772901026] 0.063896
[1772905614] 0.063884
[1772915747] 0.063856
[1772922215] 0.063844
[1772929950] 0.063810
[1772935947] 0.063792
[1772943451] 0.063780
[1772956431] 0.063740
[1772961118] 0.063728
[1772967152] 0.063697
[1772976557] 0.063682
[1772983572] 0.063654
[1772990253] 0.063642
[1772998492] 0.063611
[1773005957] 0.063596
[1773018385] 0.063550
[1773024462] 0.063538
[1773030190] 0.063522
[1773036429] 0.063507
[1773045449] 0.063467
[1773055597] 0.063434
[1773059916] 0.063418
[1773067062] 0.063391
[1773077686] 0.063363
[1773082162] 0.063348
[1773089776] 0.063330
[1773097894] 0.063302
[1773108271] 0.063271
[1773114371] 0.063259
[1773122763] 0.063228
[1773130637] 0.063210
[1773138098] 0.063179
[1773144284] 0.063164
[1773153387] 0.063137
[1773159995] 0.063121
[1773169566] 0.063088
[1773175843] 0.063075
[1773183482] 0.063045
[1773189988] 0.063033
[1773198084] 0.062999
[1773206043] 0.062987
[1773215249] 0.062953
[1773221420] 0.062938
[1773229569] 0.062910
[1773235966] 0.062898
[1773243937] 0.062870
[1773256648] 0.062843
[1773260955] 0.062827
[1773267107] 0.062803
[1773275977] 0.062788
[1773282726] 0.062763
[1773290415] 0.062751
[1773298729] 0.062717
[1773305591] 0.062702
[1773317068] 0.062671
[1773321816] 0.062659
[1773329987] 0.062631
[1773336128] 0.062619
[1773345562] 0.062592
[1773355072] 0.062567
[1773359819] 0.062555
[1773367215] 0.062524
[1773377661] 0.062494
[1773382242] 0.062475
[1773389855] 0.062460
[1773397788] 0.062442
[1773408164] 0.062405
[1773414388] 0.062390
[1773422156] 0.062374
[1773430082] 0.062347
[1773437912] 0.062307
[1773443854] 0.062289
[1773454110] 0.062261
[1773460156] 0.062246
[1773467769] 0.062212
[1773474283] 0.062194
[1773483987] 0.062166
[1773490743] 0.062154
[1773502608] 0.062102
[1773508183] 0.062089
[1773514558] 0.062077
[1773520625] 0.062062
[1773531042] 0.062031
[1773536847] 0.062004
[1773544167] 0.061992
[1773552985] 0.061964
[1773559406] 0.061949
[1773567345] 0.061915
[1773577562] 0.061884
[1773582769] 0.061872
[1773590676] 0.061860
[1773597623] 0.061832
[1773606457] 0.061817
[1773616787] 0.061789
[1773621358] 0.061777
[1773629757] 0.061744
[1773636151] 0.061728
[1773646738] 0.061704
[1773651304] 0.061688
[1773659055] 0.061655
[1773666695] 0.061636
[1773680153] 0.061606
[1773684446] 0.061578
[1773690607] 0.061563
[1773699436] 0.061520
[1773707064] 0.061496
[1773716153] 0.061483
[1773721893] 0.061471
[1773730154] 0.061443
[1773737066] 0.061416
[1773743709] 0.061404
[1773753935] 0.061376
[1773759952] 0.061358
[1773767662] 0.061330
[1773775711] 0.061315
[1773782737] 0.061287
[1773790439] 0.061272
[1773798301] 0.061244
[1773805563] 0.061232
[1773814825] 0.061205
[1773821145] 0.061189
[1773829008] 0.061162
[1773835641] 0.061150
[1773843614] 0.061125
[1773855833] 0.061101
[1773860176] 0.061088
[1773866983] 0.061064
[1773876634] 0.061052
[1773885721] 0.061021
[1773890080] 0.061006
[1773897954] 0.060978
[1773906983] 0.060966
[1773917394] 0.060917
[1773922509] 0.060905
[1773930612] 0.060892
[1773936400] 0.060877
[1773946217] 0.060837
[1773953026] 0.060813
[1773959963] 0.060791
[1773967056] 0.060767
[1773976788] 0.060739
[1773982769] 0.060724
[1773990467] 0.060706
[1773997557] 0.060678
[1774007902] 0.060654
[1774015935] 0.060638
[1774021931] 0.060626
[1774030283] 0.060595
[1774038610] 0.060568
[1774043365] 0.060552
[1774052795] 0.060528
[1774059355] 0.060513
[1774070414] 0.060482
[1774076410] 0.060467
[1774083094] 0.060439
[1774089903] 0.060427
[1774099273] 0.060402
[1774106159] 0.060390
[1774114866] 0.060360
[1774121561] 0.060350
[1774131471] 0.060323
[1774136372] 0.060308
[1774144868] 0.060274
[1774156605] 0.060246
[1774160855] 0.060246
[1774166733] 0.060222
[1774179473] 0.060182
[1774186029] 0.060170
[1774190444] 0.060158
[1774199176] 0.060133
[1774205400] 0.060118
[1774217125] 0.060090
[1774223519] 0.060066
[1774229812] 0.060056
[1774236191] 0.060044
[1774245931] 0.060020
[1774254338] 0.059995
[1774259880] 0.059980
[1774266827] 0.059980
[1774277622] 0.059934
[1774283362] 0.059922
[1774290075] 0.059910
[1774298608] 0.059885
[1774308571] 0.059861
[1774315839] 0.059842
[1774321842] 0.059833
[1774329969] 0.059808
[1774338604] 0.059784
[1774344310] 0.059769
[1774353103] 0.059753
[1774359689] 0.059729
[1774369470] 0.059707
[1774375545] 0.059695
[1774382371] 0.059671
[1774390350] 0.059658
[1774398225] 0.059634
[1774405602] 0.059622
[1774414873] 0.059597
[1774421083] 0.059585
[1774428781] 0.059557
[1774436307] 0.059548
[1774443751] 0.059527
[1774452799] 0.059502
[1774459020] 0.059490
[1774466659] 0.059478
[1774477538] 0.059438
[1774484690] 0.059429
[1774489892] 0.059417
[1774497879] 0.059395
[1774506471] 0.059383
[1774516412] 0.059361
[1774521085] 0.059349
[1774529448] 0.059322
[1774535966] 0.059322
[1774545872] 0.059288
[1774553939] 0.059267
[1774560233] 0.059254
[1774567543] 0.059233
[1774577154] 0.059211
[1774582995] 0.059199
[1774590879] 0.059184
[1774598284] 0.059159
[1774607334] 0.059132
[1774616105] 0.059117
[1774621580] 0.059104
[1774629780] 0.059092
[1774637874] 0.059052
[1774643668] 0.059040
[1774651337] 0.059028
[1774659295] 0.059003
[1774667121] 0.058979
[1774679250] 0.058954
[1774683599] 0.058942
[1774690033] 0.058924
[1774697667] 0.058908
[1774705951] 0.058884
[1774715890] 0.058862
[1774720682] 0.058847
[1774728399] 0.058820
[1774735970] 0.058810
[1774743586] 0.058789
[1774756146] 0.058764
[1774760232] 0.058752
[1774766732] 0.058740
[1774776105] 0.058712
[1774784244] 0.058688
[1774790258] 0.058676
[1774798730] 0.058651
[1774805826] 0.058639
[1774816639] 0.058608
[1774821402] 0.058590
[1774829718] 0.058568
[1774835916] 0.058553
[1774845599] 0.058529
[1774853947] 0.058501
[1774860131] 0.058486
[1774866811] 0.058471
[1774876388] 0.058446
[1774882389] 0.058422
[1774890108] 0.058406
[1774898407] 0.058376
[1774908802] 0.058354
[1774915606] 0.058342
[1774922762] 0.058314
[1774929533] 0.058302
[1774937914] 0.058275
[1774943853] 0.058259
[1774954111] 0.058232
[1774959930] 0.058219
[1774967830] 0.058192
[1774976802] 0.058177
[1774982666] 0.058152
[1774990475] 0.058140
[1775001557] 0.058112
[1775006794] 0.058097
[1775014889] 0.058082
[1775021053] 0.058057
[1775031080] 0.058033
[1775037235] 0.058008
[1775043933] 0.057993
[1775055283] 0.057968
[1775059561] 0.057956
[1775067774] 0.057929
[1775076975] 0.057916
[1775085454] 0.057889
[1775089931] 0.057877
[1775097831] 0.057852
[1775106136] 0.057840
[1775116993] 0.057809
[1775122238] 0.057782
[1775130295] 0.057769
[1775135785] 0.057760
[1775145671] 0.057733
[1775151461] 0.057717
[1775159194] 0.057684
[1775167233] 0.057662
[1775179084] 0.057638
[1775183253] 0.057622
[1775189740] 0.057604
[1775197711] 0.057586
[1775207561] 0.057549
[1775214773] 0.057537
[1775222799] 0.057512
[1775230990] 0.057500
[1775237934] 0.057475
[1775244776] 0.057460
[1775252807] 0.057436
[1775259180] 0.057423
[1775266971] 0.057396
[1775275984] 0.057381
[1775282473] 0.057356
[1775289743] 0.057344
[1775301344] 0.057316
[1775307370] 0.057289
[1775313464] 0.057276
[1775320620] 0.057264
[1775331639] 0.057240
[1775335881] 0.057227
[1775343789] 0.057200
[1775355089] 0.057188
[1775359577] 0.057163
[1775367195] 0.057142
[1775374695] 0.057129
[1775383804] 0.057102
[1775389856] 0.057090
[1775398206] 0.057065
[1775406465] 0.057053
[1775416935] 0.057028
[1775422013] 0.057016
[1775430268] 0.056992
[1775436811] 0.056979
[1775445542] 0.056955
[1775453796] 0.056930
[1775459698] 0.056912
[1775467613] 0.056897
[1775476288] 0.056875
[1775482413] 0.056851
[1775490096] 0.056836
[1775498800] 0.056811
[1775509588] 0.056783
[1775515145] 0.056771
[1775521372] 0.056762
[1775529819] 0.056735
[1775537780] 0.056701
[1775543997] 0.056686
[1775553334] 0.056661
[1775559360] 0.056646
[1775567297] 0.056630
[1775576490] 0.056606
[1775582694] 0.056572
[1775589767] 0.056557
[1775598187] 0.056532
[1775607656] 0.056517
[1775613881] 0.056493
[1775621485] 0.056477
[1775629019] 0.056450
[1775636817] 0.056425
[1775645127] 0.056413
[1775655966] 0.056385
[1775660354] 0.056370
[1775666806] 0.056340
[1775677536] 0.056315
[1775684188] 0.056303
[1775690399] 0.056291
[1775698558] 0.056266
[1775705820] 0.056254
[1775718827] 0.056217
[1775724673] 0.056202
[1775730076] 0.056190
[1775736000] 0.056177
[1775745500] 0.056153
[1775751391] 0.056141
[1775759185] 0.056113
[1775766919] 0.056088
[1775776595] 0.056073
[1775782303] 0.056043
[1775790038] 0.056043
[1775798645] 0.056006
[1775809402] 0.055984
[1775815692] 0.055966
[1775821917] 0.055951
[1775830013] 0.055926
[1775838238] 0.055902
[1775843871] 0.055889
[1775852558] 0.055862
[1775858946] 0.055850
[1775866622] 0.055840
[1775876794] 0.055816
[1775883270] 0.055791
[1775889883] 0.055776
[1775898427] 0.055755
[1775905955] 0.055743
[1775914835] 0.055718
[1775920656] 0.055706
[1775928407] 0.055678
[1775935785] 0.055666
[1775943650] 0.055641
[1775955519] 0.055614
[1775959981] 0.055599
[1775967276] 0.055580
[1775977093] 0.055550
[1775985147] 0.055537
[1775990823] 0.055525
[1775998933] 0.055501
[1776006039] 0.055488
[1776017753] 0.055452
[1776023630] 0.055452
[1776029687] 0.055427
[1776035751] 0.055415
[1776045637] 0.055390
[1776053999] 0.055369
[1776059824] 0.055357
[1776067123] 0.055332
[1776090601] 0.055320
[1776095792] 0.055271
[1776105549] 0.055243
[1776111459] 0.055228
[1776118811] 0.055210
[1776127117] 0.055198
[1776135281] 0.055188
[1776140995] 0.055185
[1776197200] 0.055167
