[1742486706] -1.321108
[1742495913] -1.321108
[1742502242] -1.321108
[1742509791] -1.321108
[1742518049] -1.321108
[1742528564] -1.321108
[1742533480] -1.321111
[1742540848] -1.321111
[1742548252] -1.321111
[1742555993] -1.321111
[1742563826] -1.321111
[1742571571] -1.321111
[1742579060] -1.321111
[1742586728] -1.321111
[1742594557] -1.321111
[1742602123] -1.321111
[1742609746] -1.321111
[1742618064] -1.321114
[1742626136] -1.321114
[1742634815] -1.321114
[1742642585] -1.321114
[1742648433] -1.321114
[1742655931] -1.321114
[1742663794] -1.321114
[1742673202] -1.321114
[1742679063] -1.321114
[1742686707] -1.321114
[1742694333] -1.321114
[1742703877] -1.321114
[1742709902] -1.321114
[1742718218] -1.321114
[1742727422] -1.321117
[1742736499] -1.321117
[1742740551] -1.321117
[1742748392] -1.321117
[1742755880] -1.321117
[1742765125] -1.321117
[1742771425] -1.321117
[1742779371] -1.321117
[1742787066] -1.321117
[1742794466] -1.321117
[1742802131] -1.321117
[1742810336] -1.321117
[1742817909] -1.321117
[1742827878] -1.321117
[1742834960] -1.321117
[1742840739] -1.321117
[1742848337] -1.321117
[1742855902] -1.321117
[1742863733] -1.321121
[1742871335] -1.321121
[1742879189] -1.321121
[1742887183] -1.321121
[1742894506] -1.321121
[1742947322] -1.321121
[1742952326] -1.321121
[1743003774] -1.320762
[1743008272] -1.320300
[1743016647] -1.319663
[1743024475] -1.317906
[1743033486] -1.316506
[1743040429] -1.316038
[1743047371] -1.315671
[1743054704] -1.315594
[1743064176] -1.315502
[1743071678] -1.315478
[1743077748] -1.315465
[1743085098] -1.315468
[1743094202] -1.315465
[1743100485] -1.315459
[1743108029] -1.315419
[1743126247] -1.315364
[1743136307] -1.315346
[1743143984] -1.315346
[1743149578] -1.315346
[1743156115] -1.315343
[1743164160] -1.315318
[1743172437] -1.315273
[1743179028] -1.315251
[1743186697] -1.315230
[1743196766] -1.315199
[1743202327] -1.315199
[1743211918] -1.315199
[1743218565] -1.315196
[1743225829] -1.315196
[1743234662] -1.315181
[1743242963] -1.315171
[1743248641] -1.315168
[1743256446] -1.315165
[1743264444] -1.315162
[1743274491] -1.315156
[1743280084] -1.315153
[1743286717] -1.315150
[1743294234] -1.315138
[1743303939] -1.314972
[1743309885] -1.314645
[1743318185] -1.313374
[1743329104] -1.311605
[1743336178] -1.310808
[1743342063] -1.310181
[1743348739] -1.309532
[1743356170] -1.309446
[1743364953] -1.309348
[1743372855] -1.309333
[1743378982] -1.309336
[1743386747] -1.309345
[1743394277] -1.309357
[1743402020] -1.309354
[1743410459] -1.309342
[1743417693] -1.309327
[1743427165] -1.309314
[1743435051] -1.309308
[1743443172] -1.309311
[1743448649] -1.309314
[1743456585] -1.309317
[1743465739] -1.309314
[1743473041] -1.309293
[1743478920] -1.309281
[1743486811] -1.309256
[1743496857] -1.308999
[1743502574] -1.308157
[1743512137] -1.307444
[1743518243] -1.305680
[1743525700] -1.304844
[1743534837] -1.303601
[1743542799] -1.303148
[1743548448] -1.303194
[1743556038] -1.303258
[1743564349] -1.303237
[1743574766] -1.303243
[1743578947] -1.303249
[1743586793] -1.303255
[1743595615] -1.303264
[1743604161] -1.303255
[1743610269] -1.303243
[1743618601] -1.303038
[1743625842] -1.302676
[1743636415] -1.301375
[1743641937] -1.300472
[1743649215] -1.298672
[1743656140] -1.297958
[1743665570] -1.297052
[1743671992] -1.296884
[1743679989] -1.297043
[1743687278] -1.297147
[1743696929] -1.297070
[1743703586] -1.296565
[1743709992] -1.296085
[1743718607] -1.294520
[1743728824] -1.292732
[1743733495] -1.291945
[1743741848] -1.291287
[1743748956] -1.290601
[1743757074] -1.290463
[1743764830] -1.289744
[1743772588] -1.288357
[1743778934] -1.287432
[1743787052] -1.286532
[1743796119] -1.284863
[1743802560] -1.283063
[1743812715] -1.281076
[1743817807] -1.280096
[1743825661] -1.278963
[1743834672] -1.277083
[1743843336] -1.274463
[1743849470] -1.273131
[1743856163] -1.271894
[1743864863] -1.270133
[1743874974] -1.267877
[1743879048] -1.266643
[1743887145] -1.265492
[1743895646] -1.263517
[1743904388] -1.261765
[1743910750] -1.260810
[1743918294] -1.259139
[1743927005] -1.258186
[1743935581] -1.256276
[1743943990] -1.254405
[1743948648] -1.253633
[1743956367] -1.252764
[1743964718] -1.250860
[1743972728] -1.248459
[1743979191] -1.247149
[1743986611] -1.245890
[1743994507] -1.243716
[1744001931] -1.242761
[1744009820] -1.240453
[1744018077] -1.238404
[1744027381] -1.237624
[1744034445] -1.236243
[1744041997] -1.235652
[1744048911] -1.234274
[1744056580] -1.233441
[1744065391] -1.231151
[1744072635] -1.229048
[1744081357] -1.228215
[1744087475] -1.226791
[1744095806] -1.225772
[1744102145] -1.224654
[1744111602] -1.222921
[1744117799] -1.221494
[1744126317] -1.220809
[1744134593] -1.219112
[1744142748] -1.217343
[1744148357] -1.216467
[1744156110] -1.215772
[1744164718] -1.213889
[1744174770] -1.211755
[1744178760] -1.210934
[1744186951] -1.210178
[1744195781] -1.209018
[1744203996] -1.207753
[1744210029] -1.206973
[1744218554] -1.205077
[1744226498] -1.204251
[1744236158] -1.202769
[1744241754] -1.202107
[1744248764] -1.199897
[1744256594] -1.199897
[1744264778] -1.196572
[1744272635] -1.195072
[1744279315] -1.194468
[1744287043] -1.193939
[1744294673] -1.193403
[1744302775] -1.192588
[1744311268] -1.192022
[1744317857] -1.190225
[1744326731] -1.189325
[1744334807] -1.187818
[1744342383] -1.186437
[1744351332] -1.185384
[1744356340] -1.184276
[1744365841] -1.182326
[1744372640] -1.180687
[1744380709] -1.179726
[1744387643] -1.178290
[1744395718] -1.177675
[1744401949] -1.176961
[1744411422] -1.175357
[1744417758] -1.173180
[1744426487] -1.172038
[1744434448] -1.170247
[1744442862] -1.168823
[1744448538] -1.167718
[1744456133] -1.166573
[1744465828] -1.164632
[1744474860] -1.163055
[1744479023] -1.162109
[1744486833] -1.161255
[1744496661] -1.159595
[1744504201] -1.157838
[1744510712] -1.156858
[1744517693] -1.155174
[1744527463] -1.153438
[1744537084] -1.152507
[1744543198] -1.150744
[1744548816] -1.150156
[1744556714] -1.149706
[1744564610] -1.148597
[1744572667] -1.146610
[1744578951] -1.145373
[1744587067] -1.144247
[1744594881] -1.142523
[1744602375] -1.140928
[1744609884] -1.139899
[1744618842] -1.138065
[1744626882] -1.137217
[1744633259] -1.135551
[1744643411] -1.133748
[1744650533] -1.132949
[1744656476] -1.132141
[1744664809] -1.130573
[1744672583] -1.127980
[1744680620] -1.126623
[1744686859] -1.125377
[1744695772] -1.123580
[1744702323] -1.121611
[1744712188] -1.120454
[1744718398] -1.118519
[1744726648] -1.117818
[1744734195] -1.115849
[1744743272] -1.113733
[1744749206] -1.112858
[1744756052] -1.112150
[1744764956] -1.110151
[1744774804] -1.107965
[1744779104] -1.107053
[1744787580] -1.105494
[1744795805] -1.104668
[1744803492] -1.102873
[1744810544] -1.101943
[1744817882] -1.100387
[1744827545] -1.099028
[1744836368] -1.097978
[1744842982] -1.095853
[1744849275] -1.094992
[1744856058] -1.094291
[1744864121] -1.092635
[1744871283] -1.091836
[1744879076] -1.090412
[1744887328] -1.089754
[1744898347] -1.086671
[1744902846] -1.085648
[1744909662] -1.084723
[1744918303] -1.083171
[1744928183] -1.080694
[1744933665] -1.079674
[1744942635] -1.078067
[1744950839] -1.077283
[1744956311] -1.076432
[1744965483] -1.074558
[1744972393] -1.072972
[1744981510] -1.072400
[1744987412] -1.071760
[1744995909] -1.070407
[1745002356] -1.068964
[1745012196] -1.068214
[1745018708] -1.066726
[1745026377] -1.065649
[1745034469] -1.063668
[1745043533] -1.062082
[1745048335] -1.061050
[1745056498] -1.060085
[1745064641] -1.059219
[1745075123] -1.056537
[1745079748] -1.055805
[1745087968] -1.054437
[1745096330] -1.053732
[1745103988] -1.052358
[1745110196] -1.051656
[1745118440] -1.049593
[1745127101] -1.048527
[1745136463] -1.046853
[1745143204] -1.045579
[1745148515] -1.044599
[1745156890] -1.043583
[1745166054] -1.041862
[1745173972] -1.040331
[1745179424] -1.039465
[1745187038] -1.038699
[1745194945] -1.037153
[1745203221] -1.035506
[1745210221] -1.034615
[1745218387] -1.033794
[1745226607] -1.032374
[1745233557] -1.030910
[1745242042] -1.030243
[1745248356] -1.028715
[1745256224] -1.028121
[1745265513] -1.026795
[1745272584] -1.025356
[1745280334] -1.024692
[1745287536] -1.023504
[1745295744] -1.022766
[1745302331] -1.021174
[1745312141] -1.020264
[1745318589] -1.018859
[1745326286] -1.018210
[1745333852] -1.016682
[1745342853] -1.014867
[1745348988] -1.014150
[1745356728] -1.013535
[1745364766] -1.012019
[1745374238] -1.010791
[1745379933] -1.008532
[1745386896] -1.007546
[1745396682] -1.006217
[1745403381] -1.004962
[1745410052] -1.004212
[1745418787] -1.002874
[1745426084] -1.002133
[1745435852] -1.000176
[1745442729] -0.998388
[1745449010] -0.997699
[1745456317] -0.997188
[1745464241] -0.995642
[1745472789] -0.993826
[1745479286] -0.993085
[1745487652] -0.991867
[1745495232] -0.990991
[1745502434] -0.989243
[1745510050] -0.988453
[1745521451] -0.986937
[1745527601] -0.986040
[1745534249] -0.984638
[1745542771] -0.983934
[1745551349] -0.982541
[1745556970] -0.981745
[1745565817] -0.980055
[1745571709] -0.979341
[1745582032] -0.978175
[1745588679] -0.976818
[1745595886] -0.976142
[1745602412] -0.974886
[1745612139] -0.974099
[1745618627] -0.972562
[1745626994] -0.971721
[1745633875] -0.970373
[1745643928] -0.969002
[1745648282] -0.967909
[1745655889] -0.966809
[1745666343] -0.964972
[1745674074] -0.963613
[1745680141] -0.962753
[1745689548] -0.961323
[1745696465] -0.960756
[1745704591] -0.959538
[1745709714] -0.958818
[1745718219] -0.957278
[1745733112] -0.955597
[1745738138] -0.954939
[1745743831] -0.954207
[1745748531] -0.953540
[1745757000] -0.952888
[1745764750] -0.951335
[1745771731] -0.950674
[1745779150] -0.949122
[1745787222] -0.947772
[1745796690] -0.947126
[1745802691] -0.945757
[1745809766] -0.944630
[1745818237] -0.942414
[1745825856] -0.942414
[1745834425] -0.940240
[1745842444] -0.939150
[1745850345] -0.938773
[1745856592] -0.938305
[1745866382] -0.937536
[1745872144] -0.936921
[1745882106] -0.935007
[1745887685] -0.933406
[1745895477] -0.932861
[1745902138] -0.931906
[1745911609] -0.931113
[1745917940] -0.929367
[1745927245] -0.928577
[1745934383] -0.927203
[1745942578] -0.925801
[1745948217] -0.925200
[1745955810] -0.924521
[1745967509] -0.921483
[1745974365] -0.920259
[1745979049] -0.919279
[1745987071] -0.919279
[1745995432] -0.916775
[1746003225] -0.915133
[1746010010] -0.914576
[1746018290] -0.914083
[1746026301] -0.913875
[1746035242] -0.912822
[1746042848] -0.911080
[1746049035] -0.910299
[1746055850] -0.909699
[1746063980] -0.908150
[1746071917] -0.907347
[1746080138] -0.906055
[1746087965] -0.904794
[1746096511] -0.903851
[1746102687] -0.902847
[1746111445] -0.901206
[1746117817] -0.900033
[1746126766] -0.899512
[1746133310] -0.898180
[1746141892] -0.897568
[1746150102] -0.896080
[1746156439] -0.895483
[1746166115] -0.893695
[1746172079] -0.892697
[1746181617] -0.891142
[1746187893] -0.889941
[1746195910] -0.889008
[1746202226] -0.887161
[1746211663] -0.886405
[1746218016] -0.885055
[1746225747] -0.884274
[1746234661] -0.882967
[1746242793] -0.882217
[1746248597] -0.880820
[1746256112] -0.879923
[1746265649] -0.878558
[1746273594] -0.877400
[1746280090] -0.876709
[1746287556] -0.876063
[1746295733] -0.875012
[1746303289] -0.873861
[1746310169] -0.873289
[1746318699] -0.871846
[1746326203] -0.871158
[1746335955] -0.869982
[1746343151] -0.868754
[1746348614] -0.867722
[1746356875] -0.866740
[1746364425] -0.864875
[1746372523] -0.863849
[1746379192] -0.863350
[1746387526] -0.861936
[1746396596] -0.860898
[1746402775] -0.858185
[1746411127] -0.856985
[1746421078] -0.855209
[1746426920] -0.854584
[1746433949] -0.853485
[1746443199] -0.852055
[1746451837] -0.850913
[1746456195] -0.849722
[1746466775] -0.847643
[1746471976] -0.847643
[1746481517] -0.845874
[1746488265] -0.844285
[1746496416] -0.843559
[1746502447] -0.842457
[1746512550] -0.841719
[1746518699] -0.841205
[1746527148] -0.840476
[1746534119] -0.838893
[1746543078] -0.838232
[1746548723] -0.837295
[1746556115] -0.836863
[1746567319] -0.835877
[1746574055] -0.834346
[1746580208] -0.833373
[1746587728] -0.831784
[1746595694] -0.831254
[1746603209] -0.829695
[1746610277] -0.829031
[1746618943] -0.827020
[1746626879] -0.825957
[1746635400] -0.824472
[1746642475] -0.823802
[1746648563] -0.822751
[1746656525] -0.822139
[1746665380] -0.820222
[1746673118] -0.818297
[1746679318] -0.817531
[1746686594] -0.816903
[1746694616] -0.816104
[1746702422] -0.814561
[1746709989] -0.813578
[1746721174] -0.811971
[1746727132] -0.811386
[1746735076] -0.810131
[1746742535] -0.808459
[1746750632] -0.807590
[1746756835] -0.806867
[1746765860] -0.805795
[1746772401] -0.804479
[1746780961] -0.803698
[1746787381] -0.802624
[1746795515] -0.802235
[1746803214] -0.801374
[1746811768] -0.800750
[1746817930] -0.799430
[1746826914] -0.798760
[1746835101] -0.797480
[1746843142] -0.796690
[1746848204] -0.795563
[1746856412] -0.795083
[1746866537] -0.794204
[1746873926] -0.792731
[1746879627] -0.791583
[1746887966] -0.789905
[1746896055] -0.789274
[1746903546] -0.788334
[1746909870] -0.787750
[1746918334] -0.785759
[1746931155] -0.784547
[1746935657] -0.782673
[1746942662] -0.781565
[1746948607] -0.781142
[1746955868] -0.780634
[1746964787] -0.778849
[1746971474] -0.777854
[1746978978] -0.775864
[1746992642] -0.774324
[1746997232] -0.773892
[1747002104] -0.773892
[1747010182] -0.772251
[1747021494] -0.770151
[1747026985] -0.770151
[1747034255] -0.768675
[1747043098] -0.767772
[1747051040] -0.766951
[1747057286] -0.765237
[1747065846] -0.764502
[1747072317] -0.763403
[1747081675] -0.762830
[1747088378] -0.761250
[1747096546] -0.760402
[1747102900] -0.759306
[1747112454] -0.758188
[1747118530] -0.757570
[1747127768] -0.756140
[1747134704] -0.755206
[1747143998] -0.754315
[1747148160] -0.753112
[1747156303] -0.752714
[1747166509] -0.751661
[1747174233] -0.750173
[1747179168] -0.749135
[1747187909] -0.747393
[1747195653] -0.746731
[1747203894] -0.745635
[1747210219] -0.744907
[1747217757] -0.743223
[1747231540] -0.742059
[1747237112] -0.741594
[1747243305] -0.740479
[1747249747] -0.739634
[1747256960] -0.738465
[1747267067] -0.736119
[1747272501] -0.734417
[1747279880] -0.733851
[1747286570] -0.733462
[1747295262] -0.732115
[1747302450] -0.730467
[1747310290] -0.729509
[1747321368] -0.728046
[1747328582] -0.727002
[1747333781] -0.726126
[1747343295] -0.724344
[1747351312] -0.723704
[1747356394] -0.723018
[1747368321] -0.721212
[1747372821] -0.721212
[1747381578] -0.719999
[1747389212] -0.718597
[1747396679] -0.718000
[1747402263] -0.717173
[1747412085] -0.716690
[1747417776] -0.715376
[1747427585] -0.713833
[1747435939] -0.713144
[1747443301] -0.712324
[1747449363] -0.711971
[1747457393] -0.710462
[1747465762] -0.709482
[1747474231] -0.707804
[1747480459] -0.707217
[1747487631] -0.706169
[1747495939] -0.705572
[1747504431] -0.704005
[1747510548] -0.703261
[1747518697] -0.702253
[1747527575] -0.701806
[1747537610] -0.699819
[1747543288] -0.698987
[1747548563] -0.698270
[1747556351] -0.697710
[1747564773] -0.696730
[1747573236] -0.695423
[1747579450] -0.694618
[1747587066] -0.693390
[1747594644] -0.693019
[1747602050] -0.692438
[1747610020] -0.692438
[1747620895] -0.690447
[1747626725] -0.689771
[1747635833] -0.688534
[1747643381] -0.687618
[1747651290] -0.687159
[1747655933] -0.686501
[1747666937] -0.685255
[1747671525] -0.684648
[1747681390] -0.683558
[1747688166] -0.682533
[1747696149] -0.682214
[1747702136] -0.681587
[1747713412] -0.680987
[1747717892] -0.679744
[1747726634] -0.679107
[1747735519] -0.678047
[1747742270] -0.677328
[1747748412] -0.676777
[1747756511] -0.676109
[1747764927] -0.674655
[1747773354] -0.673103
[1747779331] -0.672423
[1747788524] -0.671590
[1747796469] -0.671397
[1747802578] -0.671244
[1747809768] -0.670978
[1747818143] -0.669925
[1747831452] -0.668449
[1747836812] -0.667947
[1747843064] -0.667193
[1747848627] -0.666557
[1747856620] -0.665635
[1747865912] -0.663954
[1747872987] -0.662916
[1747879233] -0.662916
[1747887033] -0.662359
[1747894659] -0.661214
[1747902664] -0.659411
[1747910590] -0.658532
[1747921227] -0.657304
[1747927189] -0.656851
[1747936257] -0.655834
[1747943101] -0.654475
[1747951349] -0.653465
[1747956587] -0.652522
[1747965992] -0.651144
[1747972468] -0.650574
[1747981449] -0.649524
[1747988929] -0.647996
[1747995818] -0.647216
[1748002447] -0.646147
[1748012654] -0.645213
[1748019330] -0.644521
[1748026989] -0.643768
[1748034445] -0.642151
[1748042849] -0.641221
[1748048910] -0.640896
[1748056473] -0.640486
[1748065931] -0.638882
[1748073337] -0.636980
[1748078824] -0.636203
[1748092112] -0.635241
[1748096821] -0.634910
[1748102987] -0.633576
[1748110049] -0.632712
[1748117670] -0.631435
[1748126267] -0.630854
[1748136689] -0.630027
[1748142685] -0.628732
[1748150477] -0.627700
[1748156724] -0.626641
[1748165406] -0.625303
[1748173652] -0.624608
[1748179521] -0.624249
[1748190220] -0.623074
[1748194781] -0.622149
[1748202064] -0.619847
[1748210112] -0.618913
[1748220998] -0.617670
[1748226606] -0.617308
[1748234883] -0.616182
[1748243403] -0.614522
[1748250655] -0.613705
[1748256560] -0.613040
[1748267066] -0.612269
[1748272196] -0.611868
[1748282004] -0.610401
[1748291871] -0.609066
[1748296059] -0.608635
[1748302027] -0.608341
[1748311827] -0.608194
[1748317896] -0.607333
[1748326735] -0.606663
[1748335492] -0.605490
[1748343572] -0.605040
[1748348899] -0.604743
[1748356673] -0.604743
[1748369834] -0.602159
[1748374117] -0.601547
[1748379723] -0.601219
[1748391412] -0.601057
[1748396316] -0.600986
[1748402550] -0.600273
[1748411687] -0.599535
[1748418258] -0.598032
[1748432794] -0.596792
[1748438897] -0.596332
[1748445153] -0.595653
[1748449589] -0.594753
[1748456245] -0.593522
[1748465380] -0.591379
[1748472841] -0.589949
[1748478838] -0.589520
[1748486873] -0.589251
[1748494631] -0.588250
[1748501978] -0.587490
[1748510370] -0.586137
[1748520907] -0.585338
[1748527281] -0.584964
[1748535245] -0.583758
[1748543187] -0.582656
[1748551671] -0.582187
[1748556036] -0.581737
[1748566279] -0.580583
[1748572790] -0.578614
[1748581081] -0.577683
[1748587730] -0.576312
[1748595616] -0.575849
[1748602215] -0.574729
[1748612622] -0.573131
[1748618939] -0.572353
[1748625682] -0.571750
[1748635458] -0.571000
[1748644409] -0.569910
[1748648686] -0.569212
[1748656378] -0.568645
[1748669428] -0.567806
[1748673785] -0.567491
[1748679411] -0.567022
[1748688817] -0.565639
[1748696509] -0.565081
[1748702188] -0.564279
[1748710276] -0.564129
[1748719078] -0.563728
[1748725593] -0.563305
[1748735340] -0.561753
[1748743481] -0.560195
[1748749628] -0.559696
[1748756678] -0.559408
[1748763879] -0.559010
[1748772377] -0.557981
[1748779157] -0.557173
[1748792887] -0.555504
[1748797108] -0.555504
[1748802778] -0.554625
[1748811527] -0.554007
[1748823329] -0.552017
[1748829928] -0.551674
[1748834644] -0.551674
[1748843783] -0.550400
[1748850707] -0.549837
[1748856862] -0.549249
[1748868312] -0.547890
[1748872684] -0.547519
[1748881008] -0.547075
[1748888648] -0.546102
[1748895011] -0.545615
[1748902854] -0.544531
[1748912157] -0.544099
[1748918050] -0.543300
[1748926962] -0.542792
[1748935641] -0.541705
[1748941647] -0.541145
[1748948263] -0.540122
[1748956138] -0.539856
[1748966069] -0.539439
[1748972724] -0.538389
[1748980190] -0.537504
[1748988378] -0.536515
[1748995930] -0.535208
[1749001921] -0.534608
[1749010040] -0.534393
[1749018478] -0.533386
[1749026306] -0.532504
[1749033978] -0.530952
[1749043936] -0.530113
[1749049395] -0.529884
[1749059081] -0.528962
[1749064801] -0.528325
[1749071378] -0.527670
[1749079275] -0.526531
[1749093822] -0.525315
[1749098281] -0.525315
[1749102661] -0.524170
[1749110660] -0.523341
[1749121959] -0.521485
[1749128039] -0.520193
[1749135238] -0.519832
[1749144087] -0.519262
[1749150419] -0.518665
[1749156857] -0.518028
[1749168255] -0.515484
[1749172793] -0.514954
[1749181534] -0.514532
[1749190260] -0.514232
[1749195649] -0.514290
[1749202148] -0.514131
[1749213360] -0.513274
[1749217656] -0.512683
[1749227975] -0.511706
[1749234519] -0.511559
[1749245156] -0.511381
[1749249476] -0.511381
[1749256367] -0.510552
[1749266704] -0.509260
[1749272973] -0.508647
[1749279123] -0.508638
[1749288267] -0.508595
[1749294981] -0.508387
[1749303391] -0.507364
[1749310150] -0.506813
[1749319113] -0.505962
[1749331190] -0.505647
[1749337478] -0.504964
[1749343395] -0.504416
[1749349294] -0.503843
[1749359116] -0.502833
[1749364758] -0.502463
[1749371103] -0.502138
[1749379095] -0.501158
[1749391457] -0.500130
[1749397239] -0.499404
[1749403122] -0.499033
[1749411040] -0.498709
[1749420507] -0.497763
[1749426407] -0.497031
[1749434006] -0.496143
[1749443377] -0.495341
[1749450699] -0.495075
[1749456941] -0.494872
[1749465507] -0.493966
[1749471936] -0.493348
[1749481366] -0.492246
[1749489203] -0.491765
[1749495055] -0.491734
[1749502631] -0.491312
[1749512737] -0.490078
[1749517927] -0.489435
[1749526729] -0.488881
[1749535163] -0.488326
[1749541686] -0.488290
[1749548282] -0.487892
[1749556228] -0.487374
[1749568955] -0.485672
[1749573535] -0.485234
[1749579565] -0.484784
[1749592586] -0.483865
[1749598374] -0.483327
[1749602520] -0.482831
[1749610858] -0.482381
[1749617927] -0.481927
[1749629370] -0.481624
[1749641032] -0.480038
[1749646034] -0.479576
[1749650473] -0.479193
[1749659546] -0.478878
[1749664201] -0.478266
[1749671283] -0.477782
[1749679553] -0.476643
[1749693343] -0.475336
[1749697585] -0.474959
[1749702315] -0.474748
[1749710770] -0.474588
[1749720063] -0.473704
[1749726411] -0.473149
[1749737277] -0.472145
[1749744310] -0.471824
[1749750809] -0.471811
[1749756245] -0.471628
[1749766154] -0.470620
[1749772990] -0.469543
[1749781127] -0.469237
[1749789652] -0.469065
[1749794853] -0.468952
[1749803042] -0.468125
[1749815101] -0.467072
[1749820555] -0.466714
[1749827877] -0.466300
[1749834459] -0.466163
[1749844694] -0.465339
[1749849149] -0.464803
[1749857221] -0.463615
[1749865557] -0.463144
[1749873769] -0.462795
[1749879485] -0.462139
[1749892669] -0.460771
[1749899017] -0.460339
[1749903411] -0.459917
[1749911920] -0.459577
[1749918866] -0.458928
[1749930435] -0.457899
[1749935527] -0.457391
[1749942766] -0.456484
[1749949072] -0.456132
[1749957691] -0.455569
[1749965297] -0.455146
[1749972601] -0.453677
[1749979250] -0.453104
[1749988811] -0.452161
[1749995035] -0.451821
[1750002960] -0.451530
[1750010208] -0.451304
[1750020914] -0.450361
[1750026344] -0.449862
[1750034972] -0.448891
[1750042477] -0.448205
[1750051094] -0.448086
[1750057028] -0.447792
[1750065353] -0.446638
[1750072282] -0.445588
[1750081397] -0.445272
[1750089388] -0.445067
[1750095097] -0.444954
[1750101855] -0.444654
[1750112581] -0.443016
[1750118702] -0.442639
[1750125626] -0.442397
[1750134536] -0.442345
[1750142255] -0.442051
[1750148699] -0.441568
[1750156366] -0.440971
[1750165717] -0.440034
[1750172473] -0.439250
[1750179635] -0.438971
[1750192515] -0.438503
[1750199223] -0.437321
[1750203474] -0.436800
[1750210084] -0.436418
[1750218478] -0.435518
[1750230027] -0.434663
[1750236136] -0.434663
[1750242754] -0.433469
[1750249054] -0.432943
[1750257832] -0.431926
[1750266429] -0.431565
[1750272555] -0.430472
[1750279306] -0.429948
[1750288699] -0.429060
[1750294661] -0.428720
[1750302162] -0.427621
[1750310131] -0.427150
[1750320112] -0.425806
[1750327260] -0.425215
[1750335747] -0.424336
[1750342987] -0.424131
[1750350883] -0.424064
[1750356937] -0.423800
[1750365640] -0.422765
[1750372475] -0.421418
[1750381084] -0.420993
[1750392149] -0.420723
[1750396437] -0.420558
[1750403007] -0.419618
[1750411304] -0.418840
[1750419645] -0.417496
[1750428486] -0.416963
[1750434068] -0.416786
[1750442332] -0.415904
[1750448362] -0.415289
[1750456410] -0.414673
[1750468662] -0.413791
[1750473089] -0.413614
[1750479023] -0.413179
[1750490228] -0.412138
[1750494566] -0.411572
[1750502545] -0.410773
[1750510921] -0.410316
[1750518004] -0.409676
[1750531008] -0.409095
[1750537084] -0.408703
[1750542909] -0.407564
[1750548399] -0.406857
[1750558149] -0.405849
[1750565883] -0.405849
[1750572281] -0.404805
[1750580273] -0.404346
[1750588716] -0.403434
[1750594517] -0.403210
[1750602128] -0.403231
[1750610083] -0.403207
[1750620049] -0.402760
[1750625588] -0.402307
[1750634966] -0.401306
[1750643311] -0.400583
[1750651073] -0.400102
[1750656836] -0.399726
[1750665383] -0.399205
[1750672415] -0.398409
[1750681617] -0.397883
[1750691013] -0.396961
[1750695366] -0.396444
[1750702283] -0.395482
[1750712708] -0.395005
[1750719064] -0.394695
[1750725742] -0.394172
[1750735007] -0.393082
[1750741572] -0.392497
[1750749417] -0.391401
[1750756675] -0.391107
[1750768690] -0.390277
[1750773223] -0.389643
[1750779131] -0.388832
[1750786699] -0.387849
[1750795438] -0.386208
[1750802294] -0.385284
[1750810537] -0.385094
[1750819603] -0.384784
[1750831555] -0.383707
[1750838152] -0.382381
[1750843873] -0.381971
[1750848572] -0.381671
[1750858916] -0.381260
[1750864094] -0.380222
[1750872121] -0.379041
[1750880134] -0.378566
[1750892963] -0.377972
[1750897421] -0.377534
[1750902591] -0.376855
[1750910467] -0.376114
[1750921484] -0.375024
[1750927117] -0.374757
[1750934534] -0.374537
[1750943021] -0.373661
[1750950224] -0.373180
[1750957107] -0.372639
[1750965938] -0.371974
[1750971862] -0.371570
[1750981952] -0.370119
[1750988463] -0.369525
[1750994569] -0.369013
[1751002715] -0.368441
[1751011090] -0.368089
[1751017801] -0.367078
[1751029276] -0.365930
[1751033768] -0.365410
[1751042871] -0.364880
[1751049176] -0.364580
[1751056745] -0.364102
[1751068527] -0.362418
[1751072932] -0.361782
[1751079127] -0.361273
[1751091523] -0.360719
[1751097312] -0.359938
[1751102413] -0.359243
[1751111448] -0.359243
[1751118038] -0.357945
[1751132578] -0.357354
[1751138330] -0.357100
[1751144184] -0.356684
[1751148871] -0.356108
[1751158557] -0.354369
[1751164988] -0.353567
[1751172633] -0.352446
[1751179421] -0.352152
[1751188998] -0.351295
[1751195078] -0.350799
[1751202720] -0.349724
[1751209940] -0.349244
[1751219448] -0.348671
[1751225593] -0.348344
[1751236190] -0.347168
[1751241703] -0.346712
[1751251015] -0.345784
[1751256289] -0.345334
[1751266410] -0.344633
[1751273045] -0.343886
[1751280861] -0.343482
[1751288130] -0.342679
[1751295175] -0.342416
[1751303515] -0.341746
[1751316690] -0.340983
[1751321526] -0.340582
[1751327771] -0.339762
[1751333725] -0.339128
[1751341805] -0.338571
[1751348306] -0.337900
[1751357154] -0.337618
[1751365427] -0.337251
[1751371978] -0.336779
[1751380349] -0.335331
[1751388392] -0.334312
[1751396921] -0.334054
[1751401833] -0.333960
[1751410272] -0.333904
[1751418952] -0.333289
[1751429959] -0.332312
[1751436571] -0.331927
[1751442892] -0.331709
[1751448669] -0.331529
[1751458709] -0.330665
[1751464857] -0.330090
[1751472833] -0.329416
[1751479398] -0.329382
[1751488466] -0.329327
[1751495341] -0.329113
[1751502419] -0.328041
[1751510426] -0.327545
[1751521067] -0.326979
[1751528160] -0.326464
[1751533630] -0.326121
[1751542336] -0.325313
[1751549531] -0.324854
[1751556618] -0.324474
[1751565522] -0.323715
[1751572468] -0.323038
[1751580458] -0.322616
[1751589804] -0.321811
[1751594702] -0.321189
[1751602560] -0.319805
[1751614314] -0.318942
[1751619605] -0.318828
[1751627701] -0.318541
[1751635360] -0.318195
[1751643287] -0.316777
[1751649696] -0.315984
[1751656297] -0.315347
[1751668594] -0.314315
[1751672906] -0.313893
[1751679122] -0.313574
[1751689765] -0.312616
[1751694653] -0.312114
[1751701965] -0.311627
[1751710547] -0.311410
[1751717920] -0.310669
[1751732133] -0.309766
[1751742098] -0.308755
[1751746597] -0.308471
[1751750744] -0.308210
[1751757360] -0.307258
[1751766737] -0.307258
[1751772126] -0.305932
[1751780546] -0.305495
[1751789248] -0.304894
[1751795388] -0.304760
[1751803000] -0.304019
[1751811344] -0.303627
[1751819937] -0.302448
[1751825489] -0.301940
[1751835371] -0.301383
[1751843366] -0.301306
[1751851580] -0.300859
[1751856210] -0.300345
[1751864781] -0.299062
[1751871272] -0.298621
[1751880798] -0.298339
[1751888861] -0.298119
[1751895507] -0.297739
[1751903045] -0.296361
[1751911533] -0.295749
[1751919538] -0.295057
[1751927756] -0.295014
[1751933446] -0.294993
[1751942017] -0.294426
[1751948355] -0.293897
[1751956411] -0.293358
[1751967435] -0.292672
[1751971752] -0.292277
[1751979689] -0.291502
[1751989820] -0.290468
[1751996491] -0.289962
[1752001844] -0.289610
[1752014173] -0.289231
[1752019444] -0.288431
[1752030473] -0.287317
[1752035631] -0.286806
[1752042570] -0.286325
[1752048471] -0.286190
[1752058082] -0.285376
[1752066465] -0.284861
[1752072596] -0.284068
[1752080046] -0.283909
[1752088136] -0.283689
[1752094411] -0.283361
[1752102198] -0.282035
[1752110271] -0.281509
[1752120424] -0.280890
[1752126663] -0.280860
[1752135487] -0.281089
[1752142350] -0.280857
[1752150542] -0.280468
[1752156579] -0.279996
[1752165188] -0.279283
[1752171508] -0.279219
[1752180806] -0.279173
[1752188916] -0.278123
[1752195527] -0.277718
[1752202538] -0.277232
[1752210602] -0.277253
[1752218502] -0.277094
[1752226742] -0.277094
[1752233437] -0.275783
[1752241367] -0.275336
[1752248841] -0.274865
[1752256128] -0.274892
[1752267842] -0.274911
[1752272427] -0.274580
[1752279360] -0.274145
[1752290564] -0.273279
[1752296709] -0.273156
[1752303721] -0.272982
[1752310721] -0.272569
[1752318120] -0.271613
[1752329494] -0.271139
[1752334821] -0.271062
[1752343237] -0.270710
[1752349234] -0.270278
[1752358715] -0.269323
[1752364468] -0.269063
[1752371719] -0.268873
[1752379821] -0.268527
[1752389638] -0.267991
[1752395651] -0.267590
[1752402098] -0.266923
[1752410272] -0.266690
[1752420294] -0.266310
[1752429555] -0.265756
[1752436057] -0.265263
[1752442129] -0.264718
[1752450130] -0.264100
[1752456449] -0.263772
[1752465160] -0.262887
[1752471235] -0.262557
[1752481342] -0.262134
[1752490275] -0.261546
[1752494927] -0.261130
[1752502915] -0.260221
[1752511072] -0.259966
[1752517988] -0.259623
[1752528559] -0.258919
[1752534268] -0.258527
[1752540759] -0.258181
[1752548637] -0.257474
[1752556370] -0.257162
[1752568562] -0.256513
[1752572877] -0.256249
[1752578838] -0.255766
[1752589133] -0.254783
[1752596973] -0.254480
[1752602173] -0.254112
[1752610877] -0.253828
[1752617904] -0.253469
[1752631055] -0.252836
[1752637023] -0.252459
[1752642982] -0.251715
[1752648776] -0.251277
[1752658304] -0.250833
[1752667014] -0.250653
[1752672115] -0.250291
[1752679371] -0.249857
[1752689908] -0.249036
[1752694644] -0.248705
[1752702956] -0.248531
[1752710104] -0.248304
[1752720238] -0.247471
[1752726728] -0.247092
[1752735621] -0.246562
[1752742192] -0.246345
[1752751417] -0.246173
[1752756392] -0.246048
[1752765311] -0.245307
[1752771788] -0.245004
[1752779586] -0.244548
[1752788632] -0.244064
[1752795100] -0.243647
[1752802070] -0.243069
[1752810599] -0.242946
[1752817888] -0.242343
[1752827431] -0.241489
[1752833720] -0.240981
[1752841417] -0.240668
[1752848802] -0.239888
[1752856099] -0.239431
[1752869260] -0.238730
[1752874023] -0.238375
[1752879778] -0.237836
[1752888652] -0.236339
[1752897056] -0.235442
[1752902939] -0.235332
[1752910969] -0.235326
[1752917917] -0.234980
[1752932341] -0.233813
[1752939041] -0.232781
[1752943924] -0.232542
[1752948147] -0.232484
[1752957893] -0.231863
[1752967107] -0.230718
[1752971913] -0.230718
[1752978902] -0.229508
[1752989136] -0.228988
[1752995119] -0.228795
[1753002253] -0.228798
[1753010930] -0.228930
[1753019997] -0.228899
[1753028802] -0.228032
[1753034625] -0.227644
[1753043042] -0.227236
[1753050422] -0.227249
[1753056530] -0.227246
[1753065541] -0.227178
[1753071134] -0.226425
[1753080039] -0.225396
[1753090438] -0.224974
[1753094476] -0.225047
[1753102180] -0.225243
[1753110948] -0.225243
[1753117839] -0.224456
[1753127839] -0.223565
[1753133472] -0.223400
[1753140950] -0.223403
[1753148229] -0.223366
[1753156093] -0.223164
[1753168603] -0.222099
[1753172819] -0.221376
[1753178824] -0.221281
[1753189249] -0.221294
[1753197791] -0.220874
[1753202556] -0.220311
[1753211434] -0.219597
[1753218041] -0.218688
[1753229696] -0.218492
[1753235315] -0.218449
[1753243159] -0.217837
[1753249035] -0.217136
[1753258996] -0.215687
[1753265455] -0.215687
[1753272062] -0.214904
[1753279568] -0.214907
[1753289843] -0.214628
[1753294286] -0.214224
[1753302410] -0.213174
[1753310173] -0.212791
[1753323526] -0.211922
[1753329497] -0.211922
[1753334692] -0.211325
[1753342864] -0.210822
[1753351654] -0.210562
[1753356915] -0.210329
[1753365715] -0.209313
[1753371623] -0.208707
[1753379870] -0.208137
[1753388543] -0.208143
[1753395073] -0.208131
[1753403315] -0.207552
[1753410470] -0.207029
[1753419727] -0.206162
[1753428173] -0.205951
[1753433143] -0.205795
[1753440819] -0.205446
[1753448883] -0.204436
[1753456764] -0.204053
[1753468558] -0.203860
[1753473016] -0.203652
[1753478953] -0.203278
[1753489690] -0.202246
[1753497970] -0.201793
[1753502133] -0.201499
[1753510451] -0.201564
[1753518743] -0.201426
[1753529415] -0.200709
[1753534957] -0.200125
[1753543185] -0.199133
[1753549353] -0.198900
[1753558161] -0.198823
[1753566385] -0.198652
[1753571726] -0.198269
[1753579661] -0.197400
[1753589255] -0.197051
[1753594952] -0.196842
[1753602894] -0.196680
[1753609966] -0.196487
[1753621380] -0.195713
[1753627747] -0.195146
[1753635303] -0.194895
[1753642756] -0.194742
[1753650451] -0.194699
[1753656423] -0.194476
[1753666397] -0.193622
[1753672809] -0.193187
[1753679399] -0.193147
[1753688829] -0.193067
[1753694665] -0.193012
[1753703203] -0.192363
[1753710037] -0.192014
[1753718876] -0.191604
[1753726221] -0.191558
[1753736765] -0.191420
[1753741171] -0.191420
[1753749817] -0.190214
[1753756322] -0.189862
[1753767959] -0.189623
[1753772508] -0.189623
[1753779592] -0.189586
[1753789620] -0.188965
[1753797355] -0.188169
[1753803616] -0.187994
[1753810147] -0.187994
[1753818053] -0.187954
[1753830097] -0.187345
[1753836872] -0.186907
[1753842067] -0.186405
[1753848406] -0.186374
[1753859711] -0.186004
[1753866006] -0.185575
[1753872847] -0.184776
[1753879221] -0.184507
[1753888924] -0.184188
[1753894940] -0.183408
[1753902496] -0.182008
[1753911359] -0.181335
[1753920293] -0.180493
[1753927643] -0.180131
[1753933856] -0.179651
[1753942268] -0.178582
[1753950505] -0.178582
[1753959622] -0.178144
[1753965614] -0.178001
[1753972096] -0.177664
[1753979973] -0.176292
[1753989232] -0.175227
[1753995498] -0.175227
[1754002033] -0.175009
[1754010969] -0.174979
[1754018069] -0.174409
[1754028498] -0.173460
[1754033885] -0.173040
[1754042839] -0.172854
[1754048768] -0.172792
[1754058576] -0.172150
[1754068174] -0.170989
[1754072709] -0.170634
[1754079347] -0.170496
[1754088541] -0.170083
[1754096656] -0.169703
[1754102662] -0.168846
[1754110908] -0.168488
[1754118217] -0.168325
[1754127914] -0.168212
[1754134751] -0.167995
[1754142514] -0.167070
[1754148644] -0.166788
[1754159372] -0.166629
[1754164172] -0.166623
[1754172557] -0.166216
[1754179006] -0.165763
[1754192502] -0.165190
[1754196918] -0.165175
[1754202571] -0.165111
[1754211298] -0.164863
[1754220966] -0.163965
[1754227498] -0.163445
[1754235514] -0.163427
[1754242075] -0.163368
[1754249845] -0.163203
[1754256492] -0.162863
[1754265048] -0.162012
[1754271761] -0.161789
[1754279487] -0.161421
[1754288933] -0.161296
[1754295649] -0.161136
[1754302480] -0.160396
[1754310933] -0.160013
[1754319383] -0.159609
[1754327971] -0.159281
[1754337961] -0.159009
[1754344166] -0.158718
[1754348575] -0.158246
[1754357300] -0.157839
[1754368125] -0.156988
[1754372920] -0.156675
[1754378916] -0.156437
[1754389349] -0.156262
[1754397337] -0.156017
[1754403100] -0.155123
[1754411747] -0.154722
[1754419919] -0.154456
[1754429842] -0.154517
[1754435594] -0.154398
[1754441866] -0.154070
[1754448485] -0.152906
[1754458805] -0.152239
[1754465855] -0.152239
[1754471765] -0.152202
[1754479430] -0.152052
[1754489561] -0.151088
[1754494566] -0.150448
[1754502528] -0.149361
[1754511065] -0.149150
[1754518896] -0.149070
[1754526973] -0.148945
[1754535320] -0.148014
[1754542668] -0.146746
[1754549060] -0.146388
[1754557499] -0.146186
[1754565443] -0.146220
[1754571459] -0.146186
[1754579361] -0.145558
[1754588574] -0.144591
[1754594810] -0.144343
[1754602793] -0.144300
[1754610624] -0.144266
[1754619278] -0.143685
[1754627973] -0.142613
[1754635791] -0.142613
[1754644247] -0.142276
[1754648613] -0.142227
[1754657170] -0.141967
[1754667786] -0.140901
[1754672068] -0.140506
[1754679630] -0.140213
[1754688648] -0.140035
[1754696576] -0.139903
[1754702047] -0.139144
[1754710534] -0.138795
[1754718854] -0.138455
[1754731099] -0.138333
[1754737068] -0.138189
[1754742826] -0.137435
[1754748724] -0.136961
[1754758300] -0.136349
[1754766242] -0.136293
[1754773035] -0.136297
[1754779281] -0.136297
[1754788913] -0.135237
[1754795141] -0.134867
[1754802679] -0.134600
[1754811288] -0.134741
[1754821521] -0.134824
[1754827703] -0.134334
[1754835410] -0.133719
[1754841630] -0.133106
[1754849793] -0.132580
[1754856730] -0.132561
[1754864995] -0.132604
[1754871381] -0.132454
[1754879600] -0.131441
[1754888968] -0.130767
[1754895209] -0.129950
[1754902977] -0.129833
[1754910833] -0.129824
[1754918455] -0.129255
[1754927404] -0.128336
[1754939874] -0.128116
[1754944526] -0.127932
[1754948589] -0.127669
[1754956750] -0.127237
[1754968107] -0.125942
[1754972527] -0.125865
[1754979451] -0.125899
[1754988474] -0.125730
[1754996901] -0.125446
[1755002885] -0.124683
[1755011070] -0.124546
[1755017868] -0.124426
[1755028958] -0.123750
[1755035797] -0.123146
[1755042396] -0.122329
[1755049409] -0.122240
[1755059168] -0.122258
[1755063876] -0.122044
[1755071702] -0.121612
[1755079733] -0.120988
[1755091688] -0.120914
[1755096296] -0.120914
[1755102476] -0.120535
[1755109964] -0.120082
[1755124285] -0.119521
[1755129057] -0.119518
[1755134970] -0.119429
[1755142256] -0.118771
[1755148555] -0.118229
[1755156901] -0.117721
[1755165668] -0.117298
[1755171795] -0.117305
[1755179924] -0.117078
[1755188367] -0.116628
[1755194669] -0.115823
[1755202109] -0.115562
[1755211348] -0.115657
[1755218694] -0.115520
[1755227178] -0.114723
[1755236360] -0.114329
[1755243030] -0.114136
[1755249619] -0.114136
[1755256923] -0.114182
[1755267408] -0.113205
[1755271752] -0.113205
[1755280167] -0.112657
[1755289926] -0.112749
[1755296874] -0.112733
[1755302788] -0.112210
[1755310345] -0.111723
[1755320280] -0.111132
[1755330909] -0.111092
[1755336275] -0.111150
[1755342344] -0.110710
[1755348881] -0.110259
[1755358707] -0.109721
[1755364645] -0.109402
[1755371876] -0.108514
[1755379441] -0.108141
[1755391429] -0.107792
[1755395873] -0.107767
[1755402461] -0.107446
[1755410641] -0.107020
[1755422826] -0.106138
[1755427551] -0.106013
[1755434857] -0.105768
[1755442333] -0.105205
[1755448368] -0.105061
[1755456821] -0.105061
[1755465383] -0.104549
[1755472121] -0.104093
[1755479383] -0.103674
[1755489633] -0.103827
[1755494719] -0.103830
[1755502378] -0.103331
[1755510914] -0.102856
[1755518485] -0.102375
[1755527808] -0.102464
[1755537493] -0.102333
[1755543712] -0.102008
[1755548367] -0.101589
[1755556085] -0.101249
[1755567799] -0.100912
[1755571990] -0.100636
[1755579623] -0.100636
[1755588213] -0.100150
[1755596292] -0.099944
[1755602167] -0.099436
[1755610744] -0.099308
[1755619461] -0.098796
[1755629111] -0.098297
[1755634879] -0.098129
[1755642342] -0.098071
[1755648395] -0.097997
[1755658202] -0.097397
[1755666135] -0.097057
[1755672168] -0.096763
[1755678706] -0.096745
[1755688624] -0.096675
[1755694472] -0.096448
[1755702620] -0.095505
[1755710583] -0.095162
[1755721672] -0.094899
[1755728234] -0.095036
[1755734495] -0.094978
[1755742281] -0.094354
[1755748808] -0.093787
[1755757621] -0.093117
[1755765547] -0.093117
[1755771404] -0.093007
[1755779284] -0.092437
[1755788744] -0.091644
[1755794748] -0.091460
[1755802159] -0.091595
[1755810341] -0.091595
[1755819066] -0.091139
[1755826418] -0.090667
[1755835218] -0.090236
[1755841814] -0.090220
[1755848257] -0.090217
[1755856461] -0.090037
[1755866968] -0.088925
[1755871188] -0.088925
[1755879048] -0.088846
[1755889210] -0.088910
[1755896976] -0.088386
[1755902893] -0.087994
[1755910035] -0.087716
[1755918996] -0.087315
[1755930488] -0.086317
[1755936917] -0.085787
[1755942002] -0.085181
[1755948315] -0.085138
[1755957991] -0.084752
[1755965787] -0.084253
[1755971845] -0.083745
[1755979319] -0.083331
[1755989607] -0.083429
[1755995244] -0.083405
[1756002986] -0.082820
[1756010283] -0.082309
[1756019464] -0.081914
[1756027626] -0.081718
[1756034960] -0.081696
[1756042427] -0.081167
[1756048575] -0.080655
[1756056736] -0.080261
[1756065207] -0.080009
[1756071424] -0.080009
[1756078903] -0.079161
[1756089434] -0.078754
[1756094527] -0.078739
[1756102400] -0.078815
[1756110560] -0.078699
[1756118910] -0.077995
[1756126347] -0.077673
[1756136076] -0.077548
[1756141000] -0.077533
[1756148886] -0.077389
[1756157604] -0.076767
[1756168055] -0.076510
[1756172669] -0.076384
[1756179502] -0.076222
[1756188290] -0.075858
[1756196712] -0.075686
[1756202469] -0.075414
[1756210527] -0.075233
[1756219589] -0.074446
[1756229186] -0.073926
[1756234640] -0.073892
[1756242930] -0.074048
[1756248146] -0.073996
[1756258607] -0.073255
[1756265302] -0.072674
[1756272154] -0.072181
[1756279452] -0.071856
[1756289448] -0.071877
[1756296176] -0.071792
[1756302538] -0.070919
[1756310960] -0.070337
[1756321207] -0.069707
[1756327857] -0.069544
[1756334539] -0.069223
[1756342060] -0.068127
[1756348534] -0.067521
[1756358840] -0.067089
[1756364731] -0.067049
[1756371252] -0.066985
[1756379745] -0.066265
[1756388280] -0.065080
[1756394972] -0.064572
[1756404357] -0.064251
[1756411173] -0.064238
[1756418488] -0.063969
[1756427210] -0.063112
[1756435078] -0.062793
[1756441475] -0.062597
[1756449403] -0.062686
[1756456677] -0.062677
[1756468658] -0.061771
[1756473380] -0.061406
[1756479694] -0.061253
[1756488531] -0.061076
[1756496257] -0.060745
[1756502067] -0.059526
[1756510526] -0.058957
[1756518194] -0.058415
[1756528975] -0.058314
[1756535432] -0.058045
[1756541600] -0.057579
[1756548297] -0.056394
[1756558638] -0.055840
[1756564453] -0.055825
[1756571713] -0.055929
[1756579578] -0.055800
[1756591395] -0.055032
[1756595482] -0.054655
[1756601965] -0.054398
[1756611105] -0.054591
[1756621890] -0.054772
[1756627957] -0.054358
[1756636335] -0.053887
[1756641421] -0.053559
[1756648818] -0.053189
[1756658058] -0.052469
[1756666146] -0.052108
[1756672351] -0.051857
[1756679197] -0.051863
[1756688663] -0.051532
[1756694747] -0.050993
[1756703862] -0.050485
[1756710320] -0.050115
[1756719158] -0.050210
[1756727820] -0.050078
[1756736210] -0.049738
[1756740718] -0.049294
[1756749193] -0.048642
[1756756703] -0.048642
[1756767486] -0.048189
[1756771978] -0.048189
[1756780438] -0.047720
[1756788821] -0.047518
[1756796269] -0.047374
[1756802050] -0.047059
[1756810865] -0.046643
[1756818326] -0.045617
[1756829262] -0.045139
[1756834819] -0.045182
[1756841959] -0.045225
[1756848162] -0.045096
[1756858635] -0.044254
[1756865447] -0.043847
[1756872293] -0.043562
[1756879390] -0.043581
[1756887437] -0.043373
[1756895310] -0.043051
[1756902599] -0.042258
[1756910967] -0.041961
[1756921278] -0.041863
[1756927169] -0.041897
[1756934849] -0.041722
[1756942324] -0.040984
[1756948636] -0.040691
[1756957501] -0.040571
[1756965811] -0.040590
[1756971838] -0.040541
[1756979899] -0.039937
[1756988600] -0.039500
[1756994456] -0.039490
[1757003795] -0.039521
[1757010091] -0.039454
[1757018935] -0.038841
[1757027145] -0.038495
[1757035391] -0.038462
[1757041346] -0.038437
[1757048215] -0.038345
[1757056823] -0.038091
[1757067409] -0.037693
[1757071752] -0.037693
[1757079968] -0.037476
[1757088491] -0.037182
[1757096605] -0.037047
[1757102200] -0.036912
[1757110530] -0.036787
[1757121272] -0.036174
[1757128303] -0.036034
[1757134267] -0.036034
[1757141138] -0.035991
[1757148384] -0.035443
[1757158654] -0.035054
[1757164617] -0.035017
[1757171272] -0.034999
[1757179505] -0.034941
[1757190411] -0.034405
[1757194566] -0.034239
[1757203264] -0.034163
[1757210150] -0.034151
[1757219124] -0.034105
[1757227901] -0.033517
[1757236444] -0.033333
[1757242129] -0.033241
[1757248675] -0.033220
[1757257261] -0.032895
[1757265214] -0.032895
[1757271787] -0.032421
[1757280083] -0.032320
[1757288638] -0.032142
[1757294691] -0.032099
[1757303720] -0.032056
[1757310738] -0.031588
[1757319974] -0.031316
[1757327767] -0.031251
[1757335470] -0.031239
[1757341311] -0.031208
[1757348793] -0.030988
[1757358118] -0.030477
[1757368144] -0.030425
[1757372275] -0.030385
[1757379654] -0.030226
[1757388454] -0.029889
[1757396844] -0.029733
[1757402532] -0.029616
[1757410711] -0.029390
[1757419279] -0.028930
[1757427899] -0.028722
[1757437609] -0.028548
[1757442194] -0.028468
[1757448424] -0.028214
[1757458479] -0.027853
[1757465555] -0.027562
[1757471766] -0.027519
[1757479797] -0.027473
[1757487907] -0.027152
[1757494230] -0.026812
[1757501959] -0.026600
[1757510253] -0.026576
[1757518249] -0.026524
[1757529376] -0.026123
[1757536588] -0.025823
[1757541375] -0.025823
[1757550022] -0.025664
[1757557274] -0.025146
[1757565163] -0.024886
[1757571561] -0.024782
[1757579519] -0.024702
[1757589321] -0.024160
[1757594430] -0.023787
[1757603902] -0.023138
[1757611140] -0.023058
[1757618669] -0.023027
[1757626623] -0.022847
[1757635209] -0.022250
[1757641077] -0.022041
[1757648869] -0.021940
[1757658658] -0.021910
[1757666553] -0.021699
[1757672378] -0.021123
[1757680336] -0.020918
[1757688327] -0.020801
[1757696521] -0.020798
[1757702106] -0.020526
[1757710294] -0.020174
[1757719686] -0.019904
[1757729766] -0.019862
[1757736585] -0.019834
[1757741433] -0.019623
[1757747978] -0.018961
[1757758989] -0.018836
[1757765389] -0.018821
[1757771444] -0.018735
[1757779467] -0.018374
[1757787132] -0.017697
[1757795561] -0.017630
[1757803058] -0.017630
[1757809957] -0.017522
[1757820755] -0.017008
[1757826024] -0.016778
[1757835625] -0.016686
[1757844162] -0.016604
[1757848372] -0.016530
[1757857885] -0.015985
[1757865165] -0.015872
[1757871480] -0.015872
[1757879638] -0.015780
[1757888759] -0.015673
[1757894605] -0.015428
[1757904857] -0.015254
[1757911357] -0.015162
[1757918010] -0.015101
[1757926910] -0.014941
[1757935913] -0.014543
[1757940712] -0.014470
[1757948480] -0.014396
[1757957563] -0.014182
[1757967419] -0.013717
[1757972052] -0.013658
[1757980237] -0.013613
[1757988944] -0.013582
[1757995873] -0.013233
[1758001908] -0.012519
[1758011136] -0.012406
[1758019629] -0.012617
[1758028382] -0.012648
[1758034405] -0.012467
[1758041405] -0.012097
[1758048433] -0.011399
[1758058430] -0.011411
[1758066592] -0.011607
[1758071935] -0.011656
[1758080140] -0.011353
[1758087944] -0.010667
[1758094421] -0.010588
[1758102954] -0.010756
[1758111243] -0.010762
[1758119252] -0.010621
[1758127173] -0.009693
[1758136486] -0.009629
[1758141397] -0.009681
[1758149118] -0.009715
[1758159238] -0.009225
[1758164811] -0.008882
[1758171380] -0.008680
[1758179392] -0.008542
[1758188152] -0.007716
[1758194260] -0.007192
[1758204179] -0.006613
[1758210824] -0.006570
[1758218230] -0.006408
[1758227078] -0.006056
[1758235152] -0.004932
[1758241021] -0.004562
[1758248570] -0.004412
[1758258193] -0.004495
[1758267980] -0.004014
[1758272833] -0.003558
[1758279479] -0.003230
[1758287884] -0.003025
[1758296942] -0.002838
[1758302075] -0.002416
[1758311770] -0.001947
[1758319721] -0.001418
[1758329394] -0.001384
[1758335092] -0.001237
[1758341755] -0.000720
[1758348771] -0.000459
[1758357089] -0.000343
[1758365358] -0.000288
[1758372037] 0.000346
[1758379269] 0.000628
[1758387588] 0.000802
[1758394602] 0.000499
[1758402149] 0.000695
[1758410995] 0.000695
[1758419255] 0.001629
[1758426901] 0.001730
[1758436098] 0.001745
[1758441074] 0.001782
[1758448817] 0.001803
[1758457210] 0.002517
[1758465036] 0.002587
[1758473325] 0.002636
[1758479740] 0.002642
[1758488662] 0.002783
[1758494575] 0.003098
[1758503992] 0.003386
[1758510531] 0.003411
[1758517822] 0.003582
[1758528206] 0.003836
[1758535204] 0.004118
[1758541485] 0.004118
[1758549214] 0.004394
[1758558811] 0.004749
[1758568557] 0.005343
[1758573564] 0.005453
[1758579839] 0.005468
[1758588285] 0.005686
[1758596190] 0.005967
[1758602000] 0.006365
[1758610299] 0.006430
[1758624415] 0.006727
[1758628986] 0.007125
[1758634945] 0.007544
[1758642370] 0.008251
[1758648244] 0.008447
[1758660543] 0.008389
[1758666463] 0.008420
[1758672897] 0.008855
[1758679162] 0.009176
[1758687329] 0.009357
[1758695253] 0.009357
[1758703222] 0.009697
[1758711143] 0.009697
[1758717960] 0.010407
[1758727551] 0.010612
[1758735998] 0.010906
[1758742968] 0.011319
[1758748877] 0.011319
[1758757213] 0.011426
[1758764780] 0.011662
[1758774467] 0.012112
[1758781252] 0.012146
[1758789267] 0.012103
[1758794929] 0.012302
[1758804404] 0.012899
[1758810702] 0.013006
[1758818725] 0.012914
[1758826669] 0.012930
[1758835136] 0.013417
[1758841099] 0.013897
[1758848462] 0.014467
[1758857781] 0.014510
[1758868061] 0.014868
[1758872387] 0.015116
[1758880064] 0.015394
[1758889050] 0.015560
[1758896149] 0.015664
[1758902057] 0.016200
[1758910469] 0.016512
[1758920331] 0.017100
[1758927107] 0.017170
[1758936180] 0.017195
[1758940981] 0.017348
[1758949177] 0.018003
[1758959637] 0.018138
[1758965673] 0.018138
[1758971605] 0.018156
[1758979439] 0.018646
[1758987788] 0.018971
[1758995502] 0.018983
[1759001886] 0.018998
[1759010875] 0.018998
[1759019642] 0.019898
[1759026208] 0.020116
[1759035235] 0.020082
[1759043766] 0.019907
[1759048148] 0.019981
[1759057651] 0.020697
[1759065027] 0.020988
[1759073369] 0.021043
[1759080170] 0.021010
[1759088793] 0.021074
[1759094591] 0.021686
[1759104125] 0.022234
[1759110802] 0.022265
[1759120198] 0.022100
[1759128250] 0.022384
[1759135894] 0.022779
[1759140903] 0.022779
[1759149087] 0.023027
[1759157985] 0.022593
[1759166626] 0.022565
[1759172956] 0.022893
[1759179618] 0.023248
[1759188356] 0.023575
[1759196309] 0.023526
[1759202128] 0.023401
[1759211946] 0.023869
[1759220953] 0.024270
[1759227780] 0.024616
[1759235486] 0.024540
[1759240794] 0.024322
[1759248952] 0.024329
[1759257069] 0.024913
[1759263595] 0.025137
[1759272183] 0.025115
[1759280646] 0.024923
[1759291356] 0.024898
[1759295448] 0.025131
[1759302501] 0.025777
[1759309980] 0.025844
[1759320648] 0.025905
[1759325835] 0.026117
[1759335310] 0.026524
[1759343114] 0.026591
[1759349430] 0.026683
[1759357749] 0.027292
[1759365135] 0.027746
[1759372884] 0.028330
[1759379888] 0.028330
[1759387794] 0.028468
[1759394374] 0.028679
[1759405092] 0.029622
[1759411460] 0.030128
[1759418596] 0.030654
[1759426579] 0.030691
[1759435210] 0.030859
[1759441266] 0.031221
[1759448838] 0.032216
[1759457522] 0.032617
[1759467847] 0.032424
[1759472421] 0.032418
[1759479514] 0.032540
[1759487971] 0.033303
[1759496403] 0.033903
[1759502615] 0.034732
[1759510736] 0.034843
[1759520108] 0.034858
[1759527608] 0.035375
[1759536413] 0.035375
[1759540739] 0.035979
[1759548346] 0.036028
[1759556603] 0.036052
[1759565196] 0.036116
[1759571774] 0.036147
[1759580692] 0.036594
[1759589940] 0.036778
[1759594663] 0.036817
[1759602098] 0.036848
[1759613651] 0.036931
[1759620261] 0.037173
[1759626988] 0.037393
[1759635237] 0.037414
[1759643976] 0.037473
[1759648191] 0.037666
[1759658426] 0.038186
[1759664232] 0.038260
[1759674779] 0.038229
[1759680148] 0.038305
[1759688521] 0.038676
[1759694700] 0.038854
[1759705404] 0.038902
[1759710265] 0.038942
[1759719168] 0.039622
[1759725541] 0.040038
[1759739292] 0.040397
[1759743836] 0.040415
[1759748658] 0.040593
[1759759307] 0.041597
[1759766870] 0.042050
[1759772114] 0.042304
[1759779256] 0.042362
[1759788524] 0.042598
[1759796497] 0.042993
[1759802779] 0.043997
[1759810419] 0.044316
[1759819119] 0.044362
[1759827259] 0.044251
[1759835643] 0.044383
[1759840667] 0.044671
[1759848213] 0.045840
[1759857139] 0.046361
[1759865238] 0.046817
[1759871706] 0.046839
[1759879547] 0.047102
[1759887182] 0.047827
[1759894689] 0.048278
[1759902443] 0.048715
[1759913679] 0.048728
[1759919264] 0.048862
[1759927303] 0.049668
[1759934897] 0.050112
[1759943532] 0.050528
[1759949708] 0.050525
[1759960498] 0.050699
[1759965196] 0.050966
[1759973806] 0.051517
[1759980896] 0.051698
[1759988509] 0.051642
[1759994690] 0.051661
[1760006512] 0.052181
[1760011043] 0.052671
[1760019955] 0.053244
[1760027122] 0.053195
[1760037800] 0.053271
[1760042491] 0.053571
[1760048344] 0.054006
[1760057775] 0.054395
[1760067194] 0.054279
[1760071392] 0.054279
[1760079617] 0.054422
[1760088155] 0.055268
[1760096380] 0.055638
[1760102453] 0.055849
[1760111234] 0.055687
[1760119076] 0.055372
[1760127570] 0.055577
[1760136179] 0.055981
[1760140780] 0.056449
[1760148686] 0.056970
[1760157102] 0.056970
[1760165350] 0.056961
[1760171742] 0.057141
[1760179499] 0.057674
[1760187136] 0.057772
[1760194916] 0.057674
[1760202589] 0.057839
[1760213030] 0.058381
[1760219297] 0.058550
[1760225596] 0.058593
[1760236087] 0.058593
[1760242444] 0.059000
[1760248851] 0.059306
[1760261250] 0.059765
[1760265908] 0.059790
[1760274314] 0.059741
[1760280243] 0.059869
[1760288398] 0.060717
[1760294472] 0.061042
[1760304833] 0.061241
[1760311182] 0.061149
[1760317991] 0.061275
[1760328269] 0.062019
[1760335685] 0.062306
[1760340534] 0.062420
[1760348783] 0.062224
[1760357742] 0.062202
[1760366591] 0.062444
[1760372847] 0.063096
[1760380033] 0.063179
[1760388246] 0.063219
[1760396261] 0.063442
[1760402701] 0.063847
[1760410955] 0.064036
[1760419635] 0.064076
[1760427141] 0.064290
[1760435208] 0.064731
[1760441726] 0.065200
[1760448147] 0.065567
[1760456668] 0.065506
[1760464956] 0.065261
[1760472168] 0.065521
[1760480033] 0.065987
[1760487204] 0.066538
[1760494919] 0.067135
[1760502844] 0.067061
[1760510399] 0.066994
[1760519289] 0.067242
[1760527977] 0.067949
[1760535048] 0.068216
[1760543760] 0.068154
[1760548607] 0.068118
[1760559312] 0.068369
[1760564551] 0.068803
[1760575033] 0.069241
[1760580495] 0.069551
[1760588580] 0.069306
[1760594922] 0.069257
[1760607841] 0.069939
[1760612874] 0.070310
[1760622127] 0.070506
[1760626571] 0.070555
[1760639168] 0.071577
[1760643608] 0.072211
[1760648249] 0.072618
[1760657419] 0.072845
[1760666498] 0.072833
[1760671950] 0.073117
[1760680424] 0.073476
[1760688493] 0.073776
[1760695408] 0.073684
[1760702479] 0.073592
[1760711581] 0.073745
[1760718114] 0.074422
[1760728533] 0.074679
[1760734674] 0.074556
[1760742880] 0.074171
[1760748812] 0.074183
[1760756725] 0.074379
[1760765317] 0.074970
[1760772044] 0.075013
[1760782373] 0.074609
[1760786780] 0.074609
[1760795171] 0.074679
[1760803122] 0.075331
[1760811763] 0.075567
[1760818433] 0.075579
[1760828511] 0.075402
[1760834763] 0.075509
[1760844850] 0.076149
[1760848828] 0.076363
[1760859265] 0.076341
[1760864270] 0.076351
[1760873827] 0.076721
[1760881206] 0.076908
[1760888749] 0.077006
[1760894710] 0.077009
[1760904849] 0.077373
[1760911395] 0.077664
[1760918555] 0.078041
[1760927749] 0.077931
[1760935080] 0.077943
[1760940672] 0.078041
[1760949322] 0.078797
[1760958937] 0.079691
[1760966824] 0.079915
[1760972064] 0.079960
[1760981151] 0.079817
[1760988884] 0.080037
[1760996943] 0.080854
[1761003038] 0.081164
[1761010854] 0.081314
[1761019181] 0.081204
[1761025683] 0.081204
[1761035188] 0.081632
[1761041983] 0.082352
[1761048153] 0.082529
[1761056583] 0.082529
[1761064689] 0.082382
[1761071756] 0.082450
[1761079659] 0.083126
[1761087543] 0.083475
[1761095076] 0.083429
[1761102301] 0.083157
[1761112142] 0.083365
[1761118922] 0.083751
[1761127760] 0.084810
[1761136782] 0.085162
[1761143191] 0.085300
[1761149218] 0.085190
[1761157883] 0.085334
[1761165550] 0.085612
[1761173869] 0.086145
[1761180780] 0.086231
[1761188894] 0.086160
[1761194797] 0.086188
[1761207258] 0.086877
[1761212138] 0.086984
[1761220774] 0.087009
[1761226633] 0.086929
[1761236995] 0.086840
[1761241534] 0.086978
[1761248957] 0.087517
[1761257606] 0.087477
[1761267419] 0.087477
[1761271887] 0.087477
[1761281199] 0.087863
[1761288629] 0.088019
[1761295949] 0.088028
[1761302057] 0.088175
[1761310920] 0.088518
[1761319094] 0.089421
[1761327459] 0.089700
[1761335716] 0.089599
[1761340600] 0.089357
[1761348405] 0.089262
[1761356943] 0.089473
[1761364624] 0.089933
[1761372372] 0.089835
[1761381786] 0.089562
[1761388631] 0.089645
[1761394930] 0.089841
[1761402279] 0.090260
[1761412959] 0.090343
[1761419358] 0.090401
[1761426739] 0.090606
[1761435322] 0.090830
[1761444485] 0.090906
[1761449230] 0.090894
[1761458595] 0.091157
[1761465026] 0.091525
[1761474124] 0.091871
[1761480187] 0.091849
[1761487795] 0.091705
[1761494292] 0.091776
[1761504149] 0.092514
[1761510541] 0.092887
[1761519451] 0.093251
[1761527646] 0.092973
[1761535192] 0.092930
[1761541559] 0.092985
[1761549114] 0.093631
[1761557352] 0.094678
[1761567218] 0.095104
[1761571540] 0.095104
[1761581424] 0.094926
[1761588502] 0.095015
[1761596526] 0.095269
[1761602583] 0.096374
[1761610871] 0.096821
[1761620439] 0.097164
[1761627730] 0.097155
[1761635018] 0.097265
[1761641459] 0.097449
[1761649381] 0.097856
[1761658507] 0.097829
[1761666529] 0.097847
[1761671888] 0.098104
[1761681168] 0.098362
[1761687545] 0.098475
[1761694367] 0.098429
[1761702098] 0.098472
[1761712341] 0.099213
[1761719256] 0.099280
[1761728872] 0.099032
[1761735084] 0.098995
[1761743665] 0.099338
[1761748511] 0.099647
[1761758584] 0.099828
[1761764487] 0.099978
[1761773497] 0.100590
[1761780532] 0.100887
[1761788198] 0.101004
[1761794544] 0.100863
[1761805188] 0.100921
[1761810395] 0.101258
[1761819439] 0.101736
[1761826905] 0.102112
[1761838397] 0.101959
[1761842849] 0.102045
[1761848747] 0.102259
[1761858918] 0.102847
[1761865989] 0.102847
[1761872112] 0.102813
[1761882060] 0.102914
[1761887717] 0.103110
[1761895537] 0.103312
[1761902559] 0.103331
[1761911374] 0.103340
[1761919821] 0.103701
[1761926768] 0.103897
[1761935355] 0.103968
[1761941971] 0.103958
[1761948147] 0.103989
[1761956746] 0.104203
[1761964358] 0.104534
[1761971555] 0.104534
[1761981711] 0.104540
[1761988499] 0.104611
[1761994470] 0.104656
[1762003170] 0.104822
[1762012152] 0.104908
[1762019952] 0.104935
[1762026284] 0.104957
[1762035100] 0.105051
[1762043735] 0.105290
[1762048182] 0.105290
[1762058723] 0.105333
[1762064295] 0.105333
[1762074533] 0.105529
[1762080480] 0.105575
[1762088466] 0.105633
[1762094546] 0.105633
[1762106650] 0.105765
[1762111120] 0.105866
[1762119644] 0.105927
[1762126849] 0.105958
[1762137369] 0.106062
[1762141662] 0.106062
[1762148648] 0.106224
[1762158878] 0.106279
[1762166153] 0.106316
[1762171974] 0.106371
[1762179544] 0.106405
[1762188922] 0.106598
[1762195572] 0.106628
[1762203521] 0.106680
[1762211024] 0.106699
[1762223868] 0.106812
[1762230282] 0.106849
[1762235803] 0.106873
[1762240784] 0.106904
[1762248724] 0.106993
[1762258539] 0.107066
[1762264327] 0.107094
[1762272446] 0.107167
[1762281117] 0.107225
[1762286762] 0.107290
[1762294442] 0.107317
[1762302522] 0.107369
[1762312549] 0.107443
[1762320099] 0.107489
[1762326561] 0.107519
[1762335159] 0.107584
[1762343469] 0.107666
[1762348733] 0.107697
[1762359611] 0.107740
[1762364460] 0.107740
[1762373264] 0.107917
[1762380532] 0.107945
[1762387587] 0.107982
[1762394661] 0.108000
[1762405504] 0.108052
[1762410892] 0.108162
[1762418847] 0.108236
[1762426088] 0.108260
[1762434502] 0.108315
[1762440987] 0.108340
[1762449209] 0.108367
[1762457667] 0.108465
[1762466743] 0.108490
[1762472048] 0.108548
[1762480290] 0.108576
[1762488469] 0.108710
[1762494925] 0.108753
[1762502363] 0.108811
[1762511401] 0.108845
[1762518971] 0.108903
[1762528648] 0.108967
[1762535098] 0.108995
[1762541846] 0.109056
[1762551646] 0.109087
[1762556223] 0.109127
[1762564591] 0.109206
[1762571593] 0.109246
[1762581909] 0.109301
[1762587530] 0.109365
[1762595267] 0.109393
[1762603160] 0.109448
[1762613064] 0.109509
[1762617965] 0.109549
[1762629382] 0.109613
[1762635171] 0.109665
[1762644079] 0.109760
[1762648240] 0.109794
[1762659765] 0.109858
[1762664228] 0.109880
[1762673846] 0.110024
[1762680728] 0.110054
[1762687657] 0.110137
[1762694721] 0.110171
[1762705577] 0.110235
[1762709994] 0.110266
[1762718458] 0.110367
[1762727455] 0.110458
[1762735605] 0.110501
[1762741888] 0.110560
[1762748152] 0.110584
[1762758878] 0.110685
[1762765525] 0.110716
[1762771962] 0.110780
[1762781782] 0.110814
[1762787641] 0.110866
[1762795803] 0.110890
[1762802742] 0.110948
[1762810668] 0.110979
[1762821276] 0.111040
[1762825628] 0.111077
[1762835209] 0.111135
[1762841859] 0.111196
[1762850676] 0.111236
[1762859404] 0.111297
[1762864312] 0.111337
[1762872483] 0.111401
[1762880859] 0.111432
[1762886813] 0.111499
[1762894691] 0.111527
[1762903152] 0.111597
[1762912249] 0.111686
[1762920743] 0.111781
[1762925473] 0.111818
[1762934733] 0.111864
[1762943220] 0.111977
[1762949250] 0.112017
[1762957864] 0.112078
[1762964612] 0.112100
[1762974648] 0.112158
[1762982773] 0.112191
[1762987657] 0.112250
[1762994696] 0.112250
[1763003732] 0.112329
[1763010175] 0.112357
[1763018677] 0.112470
[1763027167] 0.112516
[1763035079] 0.112550
[1763040883] 0.112580
[1763048518] 0.112651
[1763057661] 0.112712
[1763066052] 0.112746
[1763071973] 0.112810
[1763081907] 0.112810
[1763087418] 0.112914
[1763095687] 0.112942
[1763102856] 0.112994
[1763110206] 0.113015
[1763123711] 0.113174
[1763129252] 0.113174
[1763135369] 0.113226
[1763141561] 0.113251
[1763148251] 0.113309
[1763157957] 0.113392
[1763164693] 0.113441
[1763171422] 0.113468
[1763180867] 0.113542
[1763187217] 0.113612
[1763195241] 0.113640
[1763202976] 0.113701
[1763211532] 0.113738
[1763219486] 0.113799
[1763226138] 0.113826
[1763234754] 0.113885
[1763243121] 0.113937
[1763249197] 0.113967
[1763258002] 0.114047
[1763264036] 0.114081
[1763273306] 0.114145
[1763280723] 0.114172
[1763288393] 0.114273
[1763294518] 0.114316
[1763304696] 0.114381
[1763310785] 0.114427
[1763319390] 0.114583
[1763327378] 0.114632
[1763336169] 0.114653
[1763340619] 0.114678
[1763348570] 0.114913
[1763358720] 0.114987
[1763365151] 0.115008
[1763371698] 0.115020
[1763381268] 0.115076
[1763387390] 0.115210
[1763395093] 0.115235
[1763403761] 0.115296
[1763410718] 0.115324
[1763421810] 0.115382
[1763426520] 0.115409
[1763434857] 0.115501
[1763440992] 0.115529
[1763450700] 0.115630
[1763456668] 0.115630
[1763463889] 0.115706
[1763471518] 0.115731
[1763485835] 0.115884
[1763490289] 0.115908
[1763494285] 0.115942
[1763502571] 0.115985
[1763512964] 0.116126
[1763518894] 0.116163
[1763526686] 0.116184
[1763535068] 0.116233
[1763543098] 0.116285
[1763547957] 0.116285
[1763557989] 0.116365
[1763564553] 0.116389
[1763573219] 0.116453
[1763580633] 0.116484
[1763587920] 0.116533
[1763594565] 0.116564
[1763604779] 0.116628
[1763610234] 0.116652
[1763619449] 0.116717
[1763626705] 0.116747
[1763634564] 0.116812
[1763640817] 0.116839
[1763648803] 0.116949
[1763656613] 0.117023
[1763664595] 0.117029
[1763671822] 0.117102
[1763681157] 0.117179
[1763688133] 0.117246
[1763694395] 0.117274
[1763702464] 0.117329
[1763710901] 0.117378
[1763719188] 0.117452
[1763729217] 0.117497
[1763735176] 0.117516
[1763741695] 0.117537
[1763750261] 0.117589
[1763758860] 0.117638
[1763764271] 0.117669
[1763771273] 0.117696
[1763781501] 0.117724
[1763787027] 0.117801
[1763795772] 0.117825
[1763802363] 0.117880
[1763812331] 0.117935
[1763818833] 0.118003
[1763828259] 0.118061
[1763835159] 0.118091
[1763843589] 0.118147
[1763848325] 0.118174
[1763858713] 0.118223
[1763864715] 0.118257
[1763874645] 0.118312
[1763880744] 0.118346
[1763887721] 0.118401
[1763894752] 0.118425
[1763903599] 0.118477
[1763910421] 0.118508
[1763921692] 0.118572
[1763926064] 0.118606
[1763933804] 0.118661
[1763940513] 0.118692
[1763948262] 0.118747
[1763958427] 0.118814
[1763965482] 0.118845
[1763971918] 0.118897
[1763981496] 0.118924
[1763987711] 0.118988
[1763995308] 0.119019
[1764002866] 0.119080
[1764011197] 0.119080
[1764021945] 0.119166
[1764028283] 0.119224
[1764034554] 0.119249
[1764040838] 0.119273
[1764050348] 0.119374
[1764058344] 0.119442
[1764065240] 0.119475
[1764071867] 0.119515
[1764082176] 0.119582
[1764086650] 0.119582
[1764095059] 0.119641
[1764105117] 0.119702
[1764113184] 0.119754
[1764119749] 0.119791
[1764126385] 0.119827
[1764134745] 0.119895
[1764142791] 0.119953
[1764148466] 0.119980
[1764158810] 0.120029
[1764164730] 0.120060
[1764173660] 0.120118
[1764181411] 0.120149
[1764188565] 0.120210
[1764194525] 0.120241
[1764204166] 0.120296
[1764210674] 0.120330
[1764219630] 0.120409
[1764225729] 0.120440
[1764233320] 0.120501
[1764241499] 0.120525
[1764248495] 0.120608
[1764261256] 0.120694
[1764265587] 0.120728
[1764271470] 0.120755
[1764280884] 0.120804
[1764289792] 0.120908
[1764294429] 0.120942
[1764303257] 0.121000
[1764310517] 0.121025
[1764321393] 0.121159
[1764326004] 0.121159
[1764334377] 0.121269
[1764340884] 0.121288
[1764350128] 0.121343
[1764358150] 0.121429
[1764363895] 0.121539
[1764371677] 0.121573
[1764381380] 0.121634
[1764386963] 0.121658
[1764394637] 0.121784
[1764401915] 0.121912
[1764413731] 0.121961
[1764420388] 0.121974
[1764425904] 0.121989
[1764434709] 0.122044
[1764442466] 0.122231
[1764448382] 0.122252
[1764457770] 0.122286
[1764463913] 0.122298
[1764473848] 0.122482
[1764482863] 0.122562
[1764489768] 0.122586
[1764495327] 0.122604
[1764503223] 0.122739
[1764510876] 0.122947
[1764519958] 0.122993
[1764526139] 0.123015
[1764533632] 0.123296
[1764540699] 0.123428
[1764549377] 0.123486
[1764557889] 0.123639
[1764564338] 0.123881
[1764571728] 0.124068
[1764580789] 0.124065
[1764587779] 0.124218
[1764595203] 0.124457
[1764603317] 0.124662
[1764611715] 0.124631
[1764623219] 0.124708
[1764628584] 0.124937
[1764634403] 0.125152
[1764640721] 0.125210
[1764650440] 0.125081
[1764659237] 0.125308
[1764664112] 0.125580
[1764671557] 0.125700
[1764681637] 0.125764
[1764687347] 0.126190
[1764695678] 0.126383
[1764702611] 0.126376
[1764711983] 0.126346
[1764718771] 0.126539
[1764727551] 0.127145
[1764735515] 0.127225
[1764743560] 0.127010
[1764748642] 0.126986
[1764757676] 0.127421
[1764764030] 0.127852
[1764773236] 0.128302
[1764780567] 0.128302
[1764787635] 0.128315
[1764795568] 0.128483
[1764806050] 0.128722
[1764810868] 0.129083
[1764818916] 0.128939
[1764826105] 0.128881
[1764836175] 0.129071
[1764840801] 0.129352
[1764848388] 0.129649
[1764860587] 0.129622
[1764864918] 0.129622
[1764871549] 0.129711
[1764881754] 0.130329
[1764887191] 0.130507
[1764894959] 0.130326
[1764903308] 0.130271
[1764910473] 0.130452
[1764921477] 0.131355
[1764927264] 0.131762
[1764935111] 0.132065
[1764940960] 0.131976
[1764950615] 0.131701
[1764958235] 0.131921
[1764963878] 0.132347
[1764972104] 0.133128
[1764981664] 0.133262
[1764987590] 0.133216
[1764994728] 0.133161
[1765003102] 0.133676
[1765011935] 0.134536
[1765020572] 0.134723
[1765025973] 0.134760
[1765034335] 0.134671
[1765042456] 0.134805
[1765048533] 0.135231
[1765057359] 0.135354
[1765063556] 0.135252
[1765072474] 0.135366
[1765080810] 0.135580
[1765088039] 0.135837
[1765094582] 0.135834
[1765104410] 0.135990
[1765110919] 0.136183
[1765119660] 0.136352
[1765127054] 0.136391
[1765136047] 0.136388
[1765140972] 0.136499
[1765149354] 0.136985
[1765157967] 0.137099
[1765165113] 0.136998
[1765171828] 0.136909
[1765180849] 0.137068
[1765187517] 0.137497
[1765195354] 0.137527
[1765203255] 0.137402
[1765211102] 0.137466
[1765221359] 0.137886
[1765225955] 0.137968
[1765234263] 0.137843
[1765240655] 0.137834
[1765251354] 0.138189
[1765258182] 0.138400
[1765264164] 0.138256
[1765272351] 0.138039
[1765281085] 0.138118
[1765287075] 0.138712
[1765295073] 0.138911
[1765303209] 0.138838
[1765312156] 0.138767
[1765320859] 0.138994
[1765326106] 0.138994
[1765334211] 0.139404
[1765342325] 0.139328
[1765348206] 0.139472
[1765357920] 0.139916
[1765364031] 0.139986
[1765372826] 0.139955
[1765381914] 0.139995
[1765387308] 0.140678
[1765394204] 0.141198
[1765404030] 0.141704
[1765410456] 0.141716
[1765419973] 0.141707
[1765425731] 0.141869
[1765433473] 0.142362
[1765440528] 0.142699
[1765448377] 0.142895
[1765461070] 0.142827
[1765465242] 0.142944
[1765471460] 0.143173
[1765481442] 0.143378
[1765489584] 0.143250
[1765495694] 0.143244
[1765502537] 0.143629
[1765512461] 0.144104
[1765521884] 0.144113
[1765527272] 0.144043
[1765535321] 0.144196
[1765541231] 0.144481
[1765550766] 0.144698
[1765558598] 0.144459
[1765564787] 0.144435
[1765571852] 0.144765
[1765581355] 0.145169
[1765587233] 0.145546
[1765594507] 0.145500
[1765602467] 0.145463
[1765612545] 0.146005
[1765620963] 0.146005
[1765626281] 0.146229
[1765634451] 0.145969
[1765642310] 0.146063
[1765648584] 0.146330
[1765658161] 0.146798
[1765664163] 0.146801
[1765673262] 0.146719
[1765681991] 0.146817
[1765687245] 0.147438
[1765695208] 0.147680
[1765703133] 0.147674
[1765711335] 0.147472
[1765719405] 0.147438
[1765726130] 0.147723
[1765732914] 0.148360
[1765741004] 0.148449
[1765748856] 0.148237
[1765759786] 0.148274
[1765763914] 0.148547
[1765772353] 0.149214
[1765780881] 0.149309
[1765789400] 0.149159
[1765795672] 0.149159
[1765802931] 0.149594
[1765811344] 0.149768
[1765824864] 0.149649
[1765833170] 0.149658
[1765839668] 0.150087
[1765843972] 0.150267
[1765850061] 0.150292
[1765856032] 0.150234
[1765863907] 0.150087
[1765871260] 0.150087
[1765883611] 0.150610
[1765888264] 0.150586
[1765894583] 0.150589
[1765902800] 0.150583
[1765912888] 0.150748
[1765919401] 0.150904
[1765925890] 0.150932
[1765934240] 0.150938
[1765942421] 0.150950
[1765949444] 0.151259
[1765957814] 0.151351
[1765963569] 0.151314
[1765973034] 0.151504
[1765981122] 0.151856
[1765987899] 0.152187
[1765994669] 0.152340
[1766002234] 0.152009
[1766010264] 0.152009
[1766018751] 0.152472
[1766025240] 0.152900
[1766035673] 0.153243
[1766040678] 0.153390
[1766049207] 0.153127
[1766060029] 0.153314
[1766064528] 0.153730
[1766072314] 0.154541
[1766080723] 0.154541
[1766088954] 0.154342
[1766094811] 0.154287
[1766102601] 0.154520
[1766111130] 0.154802
[1766120353] 0.154906
[1766127279] 0.154789
[1766135126] 0.154875
[1766141114] 0.155160
[1766150005] 0.155573
[1766155998] 0.155558
[1766163649] 0.155386
[1766172086] 0.155628
[1766183254] 0.156369
[1766188051] 0.156574
[1766194578] 0.156611
[1766202983] 0.156210
[1766214065] 0.155947
[1766219622] 0.156232
[1766225712] 0.156232
[1766235178] 0.156473
[1766241682] 0.156363
[1766249739] 0.156238
[1766257411] 0.156391
[1766263707] 0.156752
[1766273295] 0.157132
[1766281764] 0.157168
[1766287240] 0.156979
[1766294547] 0.157015
[1766302658] 0.157505
[1766311552] 0.157845
[1766318764] 0.158059
[1766325123] 0.157958
[1766336125] 0.158041
[1766340639] 0.158041
[1766349019] 0.158825
[1766360039] 0.158953
[1766364379] 0.158767
[1766371682] 0.158767
[1766381679] 0.158598
[1766390498] 0.159244
[1766394689] 0.159627
[1766402817] 0.159893
[1766410870] 0.159893
[1766421625] 0.159887
[1766426569] 0.160037
[1766434675] 0.160371
[1766441299] 0.160383
[1766451554] 0.160270
[1766456853] 0.160432
[1766464744] 0.160686
[1766472304] 0.160913
[1766481088] 0.160849
[1766487039] 0.161002
[1766494934] 0.161149
[1766502581] 0.161308
[1766514561] 0.161317
[1766520956] 0.161348
[1766525631] 0.161354
[1766534315] 0.161388
[1766542437] 0.161403
[1766548700] 0.161418
[1766557433] 0.161470
[1766564198] 0.161492
[1766572041] 0.161516
[1766581620] 0.161528
[1766588589] 0.161550
[1766594708] 0.161556
[1766602922] 0.161583
[1766611388] 0.161608
[1766620577] 0.161629
[1766626079] 0.161645
[1766633350] 0.161684
[1766640945] 0.161697
[1766648389] 0.161740
[1766661094] 0.161792
[1766665271] 0.161792
[1766671686] 0.161831
[1766682162] 0.161874
[1766689076] 0.161914
[1766695874] 0.161926
[1766703227] 0.161954
[1766710560] 0.161969
[1766722569] 0.161997
[1766728505] 0.162037
[1766734612] 0.162052
[1766740789] 0.162070
[1766750225] 0.162110
[1766757403] 0.162156
[1766764732] 0.162180
[1766771674] 0.162220
[1766781272] 0.162245
[1766787659] 0.162291
[1766795381] 0.162315
[1766803780] 0.162352
[1766810927] 0.162352
[1766820286] 0.162407
[1766827797] 0.162447
[1766835425] 0.162474
[1766843797] 0.162517
[1766848560] 0.162517
[1766858686] 0.162591
[1766864496] 0.162606
[1766872400] 0.162652
[1766881891] 0.162680
[1766887517] 0.162710
[1766894996] 0.162725
[1766903414] 0.162765
[1766910629] 0.162790
[1766919671] 0.162808
[1766925568] 0.162842
[1766933027] 0.162876
[1766941030] 0.162891
[1766948623] 0.162931
[1766960573] 0.162967
[1766964846] 0.162967
[1766971829] 0.163026
[1766982299] 0.163065
[1766990485] 0.163084
[1766994766] 0.163105
[1767003792] 0.163142
[1767010412] 0.163142
[1767021978] 0.163197
[1767027218] 0.163234
[1767035560] 0.163255
[1767041528] 0.163280
[1767051844] 0.163332
[1767056221] 0.163332
[1767064296] 0.163368
[1767072106] 0.163411
[1767085023] 0.163442
[1767089531] 0.163476
[1767095525] 0.163494
[1767102499] 0.163531
[1767114317] 0.163574
[1767120546] 0.163595
[1767126274] 0.163616
[1767135132] 0.163629
[1767141932] 0.163687
[1767148335] 0.163702
[1767158535] 0.163742
[1767164638] 0.163757
[1767173190] 0.163825
[1767181121] 0.163849
[1767187956] 0.163886
[1767195521] 0.163904
[1767204047] 0.163923
[1767211713] 0.163956
[1767219645] 0.163987
[1767225409] 0.164005
[1767233370] 0.164039
[1767240904] 0.164051
[1767249715] 0.164085
[1767260070] 0.164119
[1767264323] 0.164137
[1767271939] 0.164171
[1767281812] 0.164186
[1767288967] 0.164220
[1767295970] 0.164238
[1767302994] 0.164275
[1767310641] 0.164293
[1767321669] 0.164330
[1767326574] 0.164351
[1767335050] 0.164382
[1767340981] 0.164397
[1767350146] 0.164431
[1767358429] 0.164468
[1767364926] 0.164483
[1767371699] 0.164498
[1767382094] 0.164553
[1767386757] 0.164578
[1767394391] 0.164593
[1767403554] 0.164624
[1767414686] 0.164673
[1767419780] 0.164694
[1767427014] 0.164716
[1767434836] 0.164749
[1767443090] 0.164795
[1767448945] 0.164817
[1767457753] 0.164844
[1767463712] 0.164866
[1767471824] 0.164890
[1767481071] 0.164927
[1767487867] 0.164967
[1767495270] 0.164982
[1767503143] 0.165013
[1767510802] 0.165034
[1767519031] 0.165068
[1767525131] 0.165083
[1767533204] 0.165126
[1767540747] 0.165147
[1767548447] 0.165163
[1767560649] 0.165215
[1767564690] 0.165230
[1767571671] 0.165248
[1767582120] 0.165316
[1767588824] 0.165343
[1767594861] 0.165343
[1767602572] 0.165398
[1767611422] 0.165417
[1767623110] 0.165481
[1767629831] 0.165502
[1767634942] 0.165530
[1767640942] 0.165551
[1767650986] 0.165585
[1767658023] 0.165628
[1767664294] 0.165646
[1767672452] 0.165680
[1767681011] 0.165698
[1767686578] 0.165738
[1767694575] 0.165757
[1767702872] 0.165796
[1767713810] 0.165815
[1767720356] 0.165845
[1767727130] 0.165864
[1767734920] 0.165910
[1767742582] 0.165953
[1767748532] 0.165977
[1767757495] 0.166008
[1767764336] 0.166038
[1767771770] 0.166081
[1767782723] 0.166118
[1767787558] 0.166139
[1767795885] 0.166155
[1767802660] 0.166194
[1767810489] 0.166194
[1767818768] 0.166250
[1767825427] 0.166262
[1767833100] 0.166305
[1767840315] 0.166323
[1767848344] 0.166357
[1767860173] 0.166390
[1767864751] 0.166409
[1767871863] 0.166449
[1767882701] 0.166470
[1767889648] 0.166501
[1767895505] 0.166513
[1767903774] 0.166550
[1767910418] 0.166568
[1767921480] 0.166602
[1767927122] 0.166641
[1767935253] 0.166657
[1767941228] 0.166672
[1767951652] 0.166706
[1767957932] 0.166743
[1767964485] 0.166764
[1767972536] 0.166782
[1767981545] 0.166819
[1767987364] 0.166853
[1767995652] 0.166871
[1768002628] 0.166908
[1768015839] 0.166948
[1768020206] 0.166960
[1768026616] 0.166978
[1768034840] 0.167015
[1768042994] 0.167046
[1768048968] 0.167064
[1768057739] 0.167098
[1768063772] 0.167119
[1768071850] 0.167159
[1768081309] 0.167174
[1768087708] 0.167217
[1768095288] 0.167235
[1768103741] 0.167269
[1768110393] 0.167287
[1768119503] 0.167333
[1768125481] 0.167355
[1768133137] 0.167395
[1768141683] 0.167410
[1768148414] 0.167447
[1768160640] 0.167483
[1768164949] 0.167508
[1768171610] 0.167529
[1768181973] 0.167584
[1768190005] 0.167609
[1768194313] 0.167624
[1768202988] 0.167661
[1768210653] 0.167676
[1768221383] 0.167713
[1768226759] 0.167731
[1768234493] 0.167768
[1768240986] 0.167787
[1768250720] 0.167820
[1768256468] 0.167839
[1768264161] 0.167869
[1768272147] 0.167906
[1768284750] 0.167949
[1768289184] 0.167970
[1768295661] 0.167973
[1768302890] 0.168025
[1768316713] 0.168062
[1768321332] 0.168080
[1768327056] 0.168108
[1768334233] 0.168120
[1768342063] 0.168145
[1768348250] 0.168154
[1768358441] 0.168169
[1768364313] 0.168175
[1768419281] 0.168231
[1768424033] 0.168234
[1768432083] 0.168240
[1768482744] 0.168261
[1768489652] 0.168261
[1768495294] 0.168264
[1768504145] 0.168264
[1768513566] 0.168267
[1768520472] 0.168270
[1768525442] 0.168270
[1768533603] 0.168270
[1768541008] 0.168273
[1768550626] 0.168273
[1768556129] 0.168276
[1768564435] 0.168276
[1768571786] 0.168279
[1768581828] 0.168279
[1768587460] 0.168279
[1768595427] 0.168279
[1768602936] 0.168283
[1768612048] 0.168283
[1768618396] 0.168283
[1768625560] 0.168283
[1768633697] 0.168283
[1768641155] 0.168286
[1768649117] 0.168286
[1768656187] 0.168286
[1768664068] 0.168286
[1768672193] 0.168286
[1768679807] 0.168289
[1768687115] 0.168289
[1768694429] 0.168289
[1768702926] 0.168289
[1768711574] 0.168289
[1768719670] 0.168289
[1768725310] 0.168289
[1768732981] 0.168289
[1768740889] 0.168289
[1768793205] 0.168292
[1768798068] 0.168292
[1768806403] 0.168292
[1768815020] 0.168292
[1768822296] 0.168292
[1768828846] 0.168292
[1768836972] 0.168292
[1768843463] 0.168292
[1768851446] 0.168292
[1768858976] 0.168475
[1768867262] 0.168295
[1768875084] 0.168298
[1768883794] 0.168478
[1768890004] 0.168301
[1768897702] 0.168491
[1768905277] 0.168494
[1768914829] 0.168338
[1768920684] 0.168521
[1768930551] 0.168353
[1768938384] 0.168552
[1768944144] 0.168555
[1768952061] 0.168384
[1768959489] 0.168583
[1768969215] 0.168408
[1768975330] 0.168420
[1768983392] 0.168607
[1768989977] 0.168433
[1768999309] 0.168625
[1769005148] 0.168629
[1769014485] 0.168457
[1769021138] 0.168641
[1769033593] 0.168472
[1769037850] 0.168653
[1769043636] 0.168653
[1769052383] 0.168478
[1769061642] 0.168662
[1769067471] 0.168488
[1769075456] 0.168488
[1769083048] 0.168671
[1769090729] 0.168491
[1769097653] 0.168678
[1769105577] 0.168678
[1769113924] 0.168500
[1769121853] 0.168684
[1769129989] 0.168506
[1769136315] 0.168506
[1769143704] 0.168760
[1769151786] 0.168586
[1769159721] 0.168763
[1769167610] 0.168632
[1769175637] 0.168717
[1769183894] 0.168812
[1769189692] 0.168831
[1769198655] 0.168809
[1769205265] 0.168739
[1769215237] 0.168978
[1769221125] 0.169066
[1769229838] 0.169014
[1769238712] 0.168987
[1769244166] 0.168880
[1769252773] 0.169115
[1769260231] 0.169232
[1769268637] 0.169054
[1769275919] 0.169054
[1769283540] 0.169033
[1769289894] 0.169262
[1769299396] 0.169134
[1769305170] 0.169121
[1769314013] 0.169241
[1769321082] 0.169174
[1769334241] 0.169265
[1769338871] 0.169339
[1769344033] 0.169149
[1769352787] 0.169327
[1769362134] 0.169143
[1769367060] 0.169140
[1769376262] 0.169422
[1769384114] 0.169385
[1769390432] 0.169302
[1769397442] 0.169412
[1769405451] 0.169501
[1769415167] 0.169330
[1769422311] 0.169614
[1769429946] 0.169425
[1769436082] 0.169409
[1769443835] 0.169596
[1769452039] 0.169532
[1769459376] 0.169712
[1769467363] 0.169471
[1769477883] 0.169712
[1769483819] 0.169544
[1769489998] 0.169550
[1769498581] 0.169862
[1769507314] 0.169673
[1769514987] 0.169691
[1769522642] 0.169663
[1769531064] 0.169933
[1769539129] 0.169939
[1769543779] 0.169957
[1769552860] 0.169841
[1769560088] 0.169856
[1769569091] 0.169884
[1769575533] 0.169890
[1769583761] 0.170193
[1769590084] 0.170012
[1769600204] 0.170019
[1769606577] 0.170019
[1769618294] 0.170545
[1769622876] 0.170711
[1769630410] 0.170714
[1769635948] 0.170714
[1769644707] 0.170717
[1769654718] 0.171448
[1769661919] 0.171748
[1769667740] 0.171816
[1769675945] 0.171684
[1769683657] 0.171764
[1769692246] 0.172517
[1769697295] 0.172517
[1769705890] 0.172750
[1769715163] 0.172480
[1769724692] 0.172492
[1769730082] 0.172710
[1769736894] 0.173001
[1769743866] 0.172985
[1769752453] 0.172906
[1769760984] 0.173025
[1769767173] 0.173647
[1769774986] 0.173919
[1769782489] 0.173980
[1769790147] 0.173769
[1769798128] 0.173552
[1769808431] 0.173867
[1769813551] 0.174192
[1769822607] 0.174443
[1769831674] 0.174375
[1769838393] 0.174183
[1769843856] 0.174271
[1769854218] 0.174633
[1769859997] 0.174648
[1769868932] 0.174571
[1769876309] 0.174611
[1769883607] 0.174804
[1769890038] 0.174838
[1769899800] 0.174743
[1769906070] 0.174746
[1769914239] 0.174847
[1769922533] 0.175028
[1769930192] 0.175015
[1769936461] 0.175040
[1769944431] 0.175168
[1769954223] 0.175184
[1769962314] 0.175141
[1769967207] 0.175230
[1769977644] 0.175346
[1769982890] 0.175294
[1769990501] 0.175309
[1769998522] 0.175315
[1770005732] 0.175462
[1770014268] 0.175628
[1770023455] 0.175612
[1770030460] 0.175612
[1770036615] 0.175637
[1770044049] 0.175922
[1770052457] 0.176065
[1770058845] 0.175958
[1770066816] 0.175955
[1770077129] 0.175998
[1770085828] 0.176277
[1770089968] 0.176286
[1770102156] 0.176329
[1770110772] 0.176516
[1770116939] 0.176598
[1770121522] 0.176577
[1770130728] 0.176577
[1770138750] 0.176739
[1770144603] 0.176828
[1770154984] 0.176828
[1770159408] 0.176895
[1770168922] 0.177223
[1770175729] 0.177312
[1770183761] 0.177174
[1770189813] 0.177165
[1770198805] 0.177474
[1770205350] 0.177609
[1770215202] 0.177557
[1770221778] 0.177560
[1770230877] 0.177566
[1770237075] 0.177866
[1770243579] 0.177887
[1770254295] 0.177884
[1770261332] 0.177884
[1770267628] 0.178031
[1770277904] 0.178083
[1770282971] 0.178086
[1770290976] 0.178089
[1770297691] 0.178102
[1770305749] 0.178190
[1770318964] 0.178224
[1770324749] 0.178224
[1770331281] 0.178227
[1770336435] 0.178239
[1770344082] 0.178252
[1770353234] 0.178264
[1770360616] 0.178264
[1770366631] 0.178285
[1770374663] 0.178298
[1770382337] 0.178322
[1770389907] 0.178334
[1770398416] 0.178356
[1770408333] 0.178380
[1770414472] 0.178392
[1770422012] 0.178423
[1770430699] 0.178435
[1770438458] 0.178466
[1770444251] 0.178481
[1770454488] 0.178509
[1770459525] 0.178530
[1770469786] 0.178546
[1770478427] 0.178582
[1770483124] 0.178598
[1770490519] 0.178613
[1770503957] 0.178659
[1770509130] 0.178677
[1770515551] 0.178692
[1770521525] 0.178692
[1770532264] 0.178741
[1770537238] 0.178772
[1770543907] 0.178790
[1770553085] 0.178827
[1770562183] 0.178867
[1770566626] 0.178867
[1770576337] 0.178895
[1770583553] 0.178922
[1770591190] 0.178937
[1770597680] 0.178965
[1770605541] 0.178980
[1770614487] 0.179008
[1770626802] 0.179026
[1770632748] 0.179072
[1770637569] 0.179087
[1770643358] 0.179103
[1770651645] 0.179121
[1770659542] 0.179149
[1770666785] 0.179167
[1770677274] 0.179216
[1770683958] 0.179231
[1770690243] 0.179244
[1770698049] 0.179274
[1770708871] 0.179296
[1770714593] 0.179323
[1770723462] 0.179357
[1770730630] 0.179372
[1770738875] 0.179400
[1770744426] 0.179418
[1770755014] 0.179449
[1770759978] 0.179461
[1770770413] 0.179495
[1770775844] 0.179510
[1770783865] 0.179538
[1770789826] 0.179556
[1770800285] 0.179583
[1770807016] 0.179617
[1770815781] 0.179629
[1770820667] 0.179642
[1770833835] 0.179684
[1770838392] 0.179700
[1770844254] 0.179715
[1770852899] 0.179740
[1770860580] 0.179752
[1770866832] 0.179767
[1770877240] 0.179795
[1770882851] 0.179822
[1770890464] 0.179838
[1770897356] 0.179865
[1770906175] 0.179877
[1770914499] 0.179905
[1770921883] 0.179917
[1770930272] 0.179951
[1770936363] 0.179969
[1770944285] 0.179985
[1770954578] 0.180024
[1770959418] 0.180037
[1770967294] 0.180070
[1770977492] 0.180082
[1770982867] 0.180110
[1770989938] 0.180125
[1770997643] 0.180156
[1771008070] 0.180184
[1771018566] 0.180220
[1771023693] 0.180236
[1771030186] 0.180251
[1771038184] 0.180282
[1771043907] 0.180303
[1771053188] 0.180334
[1771059980] 0.180349
[1771069247] 0.180379
[1771074354] 0.180395
[1771083584] 0.180422
[1771089970] 0.180438
[1771099904] 0.180465
[1771106165] 0.180481
[1771114423] 0.180511
[1771122023] 0.180548
[1771130181] 0.180560
[1771136242] 0.180572
[1771143790] 0.180603
[1771154484] 0.180634
[1771161482] 0.180649
[1771167610] 0.180680
[1771176157] 0.180692
[1771183078] 0.180722
[1771191642] 0.180738
[1771198148] 0.180774
[1771206710] 0.180793
[1771218465] 0.180833
[1771224477] 0.180848
[1771230749] 0.180863
[1771236721] 0.180879
[1771243655] 0.180912
[1771253066] 0.180943
[1771260386] 0.180961
[1771266645] 0.180961
[1771276988] 0.181007
[1771282616] 0.181038
[1771290065] 0.181056
[1771298948] 0.181078
[1771308982] 0.181111
[1771314848] 0.181123
[1771321734] 0.181139
[1771330518] 0.181169
[1771338668] 0.181200
[1771344702] 0.181212
[1771353725] 0.181240
[1771360096] 0.181255
[1771368949] 0.181292
[1771376650] 0.181313
[1771383729] 0.181335
[1771389898] 0.181347
[1771401765] 0.181375
[1771406468] 0.181390
[1771413766] 0.181424
[1771422073] 0.181439
[1771429880] 0.181463
[1771436064] 0.181479
[1771443578] 0.181506
[1771453150] 0.181534
[1771460997] 0.181552
[1771467161] 0.181580
[1771476068] 0.181595
[1771483278] 0.181623
[1771490634] 0.181638
[1771497998] 0.181668
[1771506821] 0.181684
[1771518359] 0.181730
[1771523281] 0.181742
[1771530000] 0.181751
[1771536685] 0.181766
[1771546763] 0.181797
[1771551397] 0.181812
[1771559278] 0.181840
[1771566511] 0.181855
[1771577423] 0.181898
[1771584324] 0.181913
[1771590580] 0.181929
[1771603210] 0.181969
[1771610576] 0.181984
[1771617634] 0.182011
[1771622537] 0.182030
[1771631029] 0.182045
[1771638425] 0.182073
[1771644732] 0.182088
[1771653455] 0.182115
[1771660062] 0.182131
[1771668950] 0.182161
[1771674982] 0.182177
[1771682443] 0.182210
[1771691131] 0.182223
[1771699563] 0.182253
[1771705879] 0.182269
[1771715478] 0.182302
[1771721868] 0.182318
[1771729401] 0.182345
[1771735864] 0.182360
[1771743738] 0.182388
[1771756674] 0.182422
[1771761191] 0.182431
[1771767084] 0.182461
[1771774232] 0.182477
[1771783291] 0.182507
[1771790228] 0.182523
[1771799071] 0.182556
[1771806268] 0.182569
[1771817816] 0.182605
[1771824686] 0.182639
[1771831011] 0.182654
[1771837766] 0.182682
[1771843602] 0.182700
[1771853214] 0.182740
[1771860146] 0.182758
[1771866985] 0.182792
[1771876201] 0.182807
[1771882209] 0.182838
[1771889821] 0.182856
[1771897925] 0.182890
[1771908126] 0.182921
[1771914451] 0.182936
[1771922691] 0.182948
[1771931042] 0.182985
[1771938645] 0.183019
[1771944702] 0.183034
[1771953593] 0.183065
[1771959183] 0.183080
[1771967923] 0.183114
[1771979341] 0.183147
[1771984359] 0.183163
[1771990565] 0.183163
[1771999925] 0.183209
[1772006686] 0.183221
[1772015554] 0.183254
[1772021836] 0.183270
[1772029402] 0.183313
[1772036179] 0.183313
[1772044191] 0.183362
[1772053067] 0.183389
[1772059950] 0.183401
[1772066839] 0.183411
[1772076764] 0.183435
[1772083207] 0.183463
[1772089903] 0.183478
[1772098003] 0.183506
[1772106364] 0.183521
[1772118853] 0.183570
[1772125435] 0.183582
[1772131153] 0.183582
[1772136443] 0.183613
[1772143780] 0.183640
[1772153371] 0.183668
[1772159692] 0.183683
[1772167862] 0.183711
[1772176296] 0.183726
[1772182772] 0.183757
[1772189878] 0.183775
[1772198852] 0.183790
[1772209116] 0.183830
[1772215465] 0.183842
[1772221980] 0.183855
[1772230226] 0.183888
[1772238548] 0.183916
[1772244041] 0.183928
[1772254338] 0.183959
[1772259103] 0.183974
[1772269264] 0.184008
[1772276647] 0.184026
[1772283612] 0.184054
[1772290022] 0.184066
[1772300039] 0.184093
[1772307115] 0.184121
[1772316263] 0.184139
[1772320937] 0.184155
[1772329150] 0.184170
[1772336936] 0.184213
[1772343821] 0.184225
[1772357609] 0.184271
[1772362256] 0.184271
[1772367177] 0.184271
[1772379561] 0.184329
[1772386336] 0.184341
[1772390683] 0.184357
[1772398951] 0.184381
[1772405696] 0.184393
[1772417830] 0.184436
[1772423775] 0.184449
[1772430194] 0.184464
[1772436453] 0.184479
[1772446344] 0.184510
[1772453902] 0.184537
[1772459802] 0.184553
[1772468189] 0.184583
[1772476197] 0.184602
[1772482711] 0.184632
[1772490639] 0.184641
[1772497637] 0.184669
[1772507398] 0.184700
[1772514215] 0.184712
[1772523347] 0.184742
[1772530067] 0.184755
[1772538258] 0.184782
[1772544401] 0.184798
[1772553272] 0.184825
[1772560184] 0.184837
[1772569013] 0.184868
[1772576474] 0.184883
[1772582952] 0.184908
[1772591065] 0.184920
[1772599214] 0.184948
[1772606132] 0.184960
[1772614885] 0.184990
[1772621434] 0.185006
[1772629573] 0.185036
[1772635915] 0.185052
[1772644237] 0.185073
[1772657522] 0.185116
[1772661930] 0.185128
[1772667035] 0.185140
[1772679312] 0.185171
[1772685633] 0.185186
[1772689947] 0.185205
[1772697990] 0.185220
[1772706586] 0.185245
[1772717264] 0.185269
[1772721920] 0.185300
[1772728272] 0.185300
[1772736138] 0.185324
[1772745253] 0.185349
[1772754732] 0.185373
[1772759189] 0.185385
[1772766675] 0.185398
[1772776761] 0.185431
[1772782023] 0.185459
[1772790302] 0.185471
[1772797850] 0.185496
[1772808582] 0.185523
[1772816359] 0.185542
[1772821316] 0.185557
[1772830196] 0.185588
[1772838027] 0.185612
[1772844064] 0.185624
[1772853479] 0.185652
[1772859722] 0.185664
[1772869589] 0.185692
[1772876383] 0.185704
[1772882287] 0.185734
[1772890326] 0.185753
[1772901061] 0.185780
[1772905629] 0.185793
[1772915764] 0.185820
[1772922232] 0.185832
[1772929963] 0.185866
[1772935960] 0.185885
[1772943468] 0.185897
[1772956447] 0.185937
[1772961134] 0.185949
[1772967168] 0.185979
[1772976574] 0.185995
[1772983589] 0.186022
[1772990270] 0.186035
[1772998506] 0.186065
[1773005974] 0.186080
[1773018402] 0.186126
[1773024478] 0.186139
[1773030206] 0.186154
[1773036445] 0.186169
[1773045466] 0.186209
[1773055614] 0.186243
[1773059931] 0.186258
[1773067078] 0.186286
[1773077703] 0.186313
[1773082176] 0.186328
[1773089790] 0.186347
[1773097910] 0.186374
[1773108287] 0.186405
[1773114387] 0.186417
[1773122779] 0.186448
[1773130652] 0.186466
[1773138112] 0.186497
[1773144300] 0.186512
[1773153403] 0.186540
[1773160040] 0.186555
[1773169582] 0.186589
[1773175856] 0.186601
[1773183499] 0.186632
[1773190004] 0.186644
[1773198100] 0.186677
[1773206059] 0.186690
[1773215265] 0.186723
[1773221437] 0.186739
[1773229585] 0.186766
[1773235980] 0.186779
[1773243950] 0.186806
[1773256665] 0.186834
[1773260972] 0.186849
[1773267123] 0.186873
[1773275991] 0.186889
[1773282742] 0.186913
[1773290431] 0.186926
[1773298744] 0.186959
[1773305605] 0.186974
[1773317084] 0.187005
[1773321832] 0.187017
[1773330003] 0.187045
[1773336145] 0.187057
[1773345578] 0.187085
[1773355089] 0.187109
[1773359834] 0.187121
[1773367231] 0.187152
[1773377674] 0.187183
[1773382255] 0.187201
[1773389868] 0.187216
[1773397805] 0.187235
[1773408181] 0.187271
[1773414402] 0.187287
[1773422169] 0.187302
[1773430095] 0.187330
[1773437925] 0.187369
[1773443871] 0.187388
[1773454126] 0.187415
[1773460172] 0.187431
[1773467783] 0.187464
[1773474296] 0.187483
[1773484033] 0.187510
[1773490759] 0.187523
[1773502625] 0.187575
[1773508197] 0.187587
[1773514571] 0.187599
[1773520638] 0.187614
[1773531056] 0.187645
[1773536860] 0.187673
[1773544184] 0.187685
[1773553001] 0.187712
[1773559422] 0.187728
[1773567362] 0.187761
[1773577579] 0.187792
[1773582785] 0.187804
[1773590693] 0.187816
[1773597637] 0.187844
[1773606474] 0.187859
[1773616804] 0.187887
[1773621375] 0.187899
[1773629774] 0.187933
[1773636168] 0.187948
[1773646754] 0.187973
[1773651318] 0.187988
[1773659070] 0.188022
[1773666709] 0.188040
[1773680170] 0.188071
[1773684460] 0.188098
[1773690623] 0.188113
[1773699452] 0.188156
[1773707082] 0.188181
[1773716169] 0.188193
[1773721910] 0.188205
[1773730172] 0.188233
[1773737082] 0.188260
[1773743726] 0.188273
[1773753951] 0.188300
[1773759969] 0.188319
[1773767678] 0.188346
[1773775725] 0.188361
[1773782754] 0.188389
[1773790453] 0.188404
[1773798318] 0.188432
[1773805579] 0.188444
[1773814842] 0.188472
[1773821161] 0.188487
[1773829022] 0.188515
[1773835654] 0.188527
[1773843629] 0.188551
[1773855850] 0.188576
[1773860192] 0.188588
[1773866999] 0.188613
[1773876651] 0.188625
[1773885738] 0.188655
[1773890096] 0.188671
[1773897969] 0.188698
[1773906998] 0.188710
[1773917411] 0.188759
[1773922527] 0.188772
[1773930627] 0.188784
[1773936414] 0.188799
[1773946230] 0.188839
[1773953039] 0.188864
[1773959980] 0.188885
[1773967073] 0.188910
[1773976802] 0.188937
[1773982785] 0.188952
[1773990483] 0.188971
[1773997570] 0.188998
[1774007916] 0.189023
[1774015949] 0.189038
[1774021944] 0.189050
[1774030296] 0.189081
[1774038623] 0.189109
[1774043378] 0.189124
[1774052809] 0.189148
[1774059372] 0.189164
[1774070430] 0.189194
[1774076428] 0.189210
[1774083111] 0.189237
[1774089920] 0.189249
[1774099290] 0.189274
[1774106175] 0.189286
[1774114882] 0.189317
[1774121578] 0.189326
[1774131484] 0.189353
[1774136389] 0.189369
[1774144884] 0.189402
[1774156622] 0.189430
[1774160871] 0.189430
[1774166750] 0.189454
[1774179490] 0.189494
[1774186046] 0.189507
[1774190461] 0.189519
[1774199190] 0.189543
[1774205413] 0.189559
[1774217942] 0.189586
[1774223533] 0.189611
[1774229825] 0.189620
[1774236206] 0.189632
[1774245948] 0.189657
[1774254354] 0.189681
[1774259897] 0.189696
[1774266843] 0.189696
[1774277639] 0.189742
[1774283378] 0.189755
[1774290089] 0.189767
[1774298625] 0.189791
[1774308587] 0.189816
[1774315855] 0.189834
[1774321858] 0.189843
[1774329987] 0.189868
[1774338621] 0.189892
[1774344326] 0.189908
[1774353120] 0.189923
[1774359705] 0.189947
[1774369487] 0.189969
[1774375561] 0.189981
[1774382387] 0.190006
[1774390365] 0.190018
[1774398242] 0.190042
[1774405619] 0.190055
[1774414890] 0.190079
[1774421100] 0.190091
[1774428795] 0.190119
[1774436320] 0.190128
[1774443765] 0.190150
[1774452813] 0.190174
[1774459033] 0.190186
[1774466676] 0.190199
[1774477554] 0.190238
[1774484706] 0.190247
[1774489909] 0.190260
[1774497895] 0.190281
[1774506487] 0.190293
[1774516427] 0.190315
[1774521099] 0.190327
[1774529462] 0.190355
[1774535983] 0.190355
[1774545887] 0.190388
[1774553961] 0.190410
[1774560250] 0.190422
[1774567558] 0.190443
[1774577169] 0.190465
[1774583011] 0.190477
[1774590895] 0.190492
[1774598300] 0.190517
[1774607349] 0.190544
[1774616120] 0.190560
[1774621595] 0.190572
[1774629795] 0.190584
[1774637891] 0.190624
[1774643681] 0.190636
[1774651353] 0.190649
[1774659309] 0.190673
[1774667137] 0.190698
[1774679267] 0.190722
[1774683615] 0.190734
[1774690049] 0.190753
[1774697681] 0.190768
[1774705967] 0.190792
[1774715904] 0.190814
[1774720697] 0.190829
[1774728414] 0.190857
[1774735985] 0.190866
[1774743602] 0.190887
[1774756163] 0.190912
[1774760248] 0.190924
[1774766749] 0.190936
[1774776122] 0.190964
[1774784261] 0.190988
[1774790275] 0.191001
[1774798747] 0.191025
[1774805843] 0.191037
[1774816656] 0.191068
[1774821417] 0.191086
[1774829731] 0.191108
[1774835930] 0.191123
[1774845615] 0.191148
[1774853960] 0.191175
[1774860148] 0.191190
[1774866850] 0.191206
[1774876404] 0.191230
[1774882405] 0.191255
[1774890122] 0.191270
[1774898424] 0.191301
[1774908818] 0.191322
[1774915619] 0.191334
[1774922775] 0.191362
[1774929546] 0.191374
[1774937930] 0.191402
[1774943870] 0.191417
[1774954125] 0.191445
[1774959947] 0.191457
[1774967846] 0.191484
[1774976816] 0.191500
[1774982683] 0.191524
[1774990488] 0.191536
[1775001570] 0.191564
[1775006808] 0.191579
[1775014903] 0.191595
[1775021067] 0.191619
[1775031094] 0.191644
[1775037250] 0.191668
[1775043950] 0.191683
[1775055300] 0.191708
[1775059576] 0.191720
[1775067791] 0.191748
[1775076989] 0.191760
[1775085470] 0.191788
[1775089945] 0.191800
[1775097845] 0.191824
[1775106151] 0.191837
[1775117007] 0.191867
[1775122251] 0.191895
[1775130309] 0.191907
[1775135799] 0.191916
[1775145684] 0.191944
[1775151474] 0.191959
[1775159211] 0.191993
[1775167247] 0.192014
[1775179098] 0.192039
[1775183267] 0.192054
[1775189754] 0.192072
[1775197725] 0.192091
[1775207575] 0.192127
[1775214787] 0.192140
[1775222812] 0.192164
[1775231004] 0.192176
[1775237951] 0.192201
[1775244792] 0.192216
[1775252824] 0.192241
[1775259196] 0.192253
[1775266985] 0.192280
[1775276028] 0.192296
[1775282490] 0.192320
[1775289757] 0.192333
[1775301357] 0.192360
[1775307386] 0.192388
[1775313478] 0.192400
[1775320634] 0.192412
[1775331656] 0.192437
[1775335896] 0.192449
[1775343805] 0.192476
[1775355106] 0.192489
[1775359593] 0.192513
[1775367212] 0.192535
[1775374711] 0.192547
[1775383820] 0.192574
[1775389873] 0.192587
[1775398220] 0.192611
[1775406479] 0.192623
[1775416953] 0.192648
[1775422030] 0.192660
[1775430284] 0.192685
[1775436827] 0.192697
[1775445559] 0.192721
[1775453813] 0.192746
[1775459715] 0.192764
[1775467627] 0.192780
[1775476305] 0.192801
[1775482430] 0.192825
[1775490112] 0.192841
[1775498813] 0.192865
[1775509604] 0.192893
[1775515159] 0.192905
[1775521390] 0.192914
[1775529836] 0.192942
[1775537796] 0.192976
[1775544040] 0.192991
[1775553351] 0.193015
[1775559377] 0.193031
[1775567314] 0.193046
[1775576507] 0.193070
[1775582711] 0.193104
[1775589783] 0.193119
[1775598201] 0.193144
[1775607669] 0.193159
[1775613894] 0.193184
[1775621499] 0.193199
[1775629032] 0.193227
[1775636830] 0.193251
[1775645145] 0.193263
[1775655983] 0.193291
[1775660370] 0.193306
[1775666819] 0.193337
[1775677553] 0.193361
[1775684205] 0.193374
[1775690416] 0.193386
[1775698572] 0.193410
[1775705836] 0.193423
[1775718844] 0.193459
[1775724690] 0.193475
[1775730092] 0.193487
[1775736059] 0.193499
[1775745514] 0.193524
[1775751407] 0.193536
[1775759202] 0.193563
[1775766932] 0.193588
[1775776612] 0.193603
[1775782319] 0.193634
[1775790052] 0.193634
[1775798661] 0.193671
[1775809419] 0.193692
[1775815706] 0.193710
[1775821930] 0.193726
[1775830026] 0.193750
[1775838252] 0.193775
[1775843884] 0.193787
[1775852572] 0.193814
[1775858959] 0.193827
[1775866635] 0.193836
[1775876811] 0.193860
[1775883286] 0.193885
[1775889899] 0.193900
[1775898441] 0.193922
[1775905972] 0.193934
[1775914850] 0.193958
[1775920670] 0.193971
[1775928421] 0.193998
[1775935799] 0.194010
[1775943664] 0.194035
[1775955536] 0.194062
[1775959998] 0.194078
[1775967291] 0.194096
[1775977109] 0.194127
[1775985164] 0.194139
[1775990839] 0.194151
[1775998949] 0.194176
[1776006056] 0.194188
[1776017769] 0.194225
[1776023646] 0.194225
[1776029701] 0.194249
[1776035765] 0.194261
[1776045653] 0.194286
[1776054016] 0.194307
[1776059841] 0.194320
[1776067140] 0.194344
[1776090620] 0.194356
[1776095808] 0.194405
[1776105564] 0.194433
[1776111476] 0.194448
[1776118827] 0.194467
[1776127131] 0.194479
[1776135295] 0.194488
[1776141008] 0.194491
[1776197218] 0.194509
